[0.064s] Invoking command in '/home/azraa/ros2_ws/src/build/my_cpp_pkg': AMENT_PREFIX_PATH=/home/azraa/ros2_ws/src/install/my_robot_interfaces:${AMENT_PREFIX_PATH} CMAKE_PREFIX_PATH=/home/azraa/ros2_ws/src/install/my_robot_interfaces:/home/azraa/ros2_ws/install/audio_common:/home/azraa/ros2_ws/install/sound_play:/home/azraa/ros2_ws/install/my_robot_bringup:/home/azraa/ros2_ws/install/my_cpp_pkg:/home/azraa/ros2_ws/install/my_robot_interfaces:/home/azraa/ros2_ws/install/bme280:/home/azraa/ros2_ws/install/m2s2_custom_interfaces:/home/azraa/ros2_ws/install/m2s2_bringup:/home/azraa/ros2_ws/install/audio_play:/home/azraa/ros2_ws/install/audio_capture:/home/azraa/ros2_ws/install/audio_common_msgs:/opt/ros/foxy LD_LIBRARY_PATH=/home/azraa/ros2_ws/src/install/my_robot_interfaces/lib:${LD_LIBRARY_PATH} PYTHONPATH=/home/azraa/ros2_ws/src/install/my_robot_interfaces/lib/python3.8/site-packages:${PYTHONPATH} /usr/bin/cmake --build /home/azraa/ros2_ws/src/build/my_cpp_pkg -- -j4 -l4
[0.189s] [ 14%] Built target cpp_node
[0.219s] [ 28%] Built target add_two_ints_client_no_oop
[0.244s] [ 42%] Built target smartphone
[0.250s] [ 57%] Built target add_two_ints_server
[0.277s] [ 71%] Built target add_two_ints_client
[0.303s] [ 85%] Built target robot_news_station
[0.360s] [100%] Built target hw_status_publisher
[0.375s] Invoked command in '/home/azraa/ros2_ws/src/build/my_cpp_pkg' returned '0': AMENT_PREFIX_PATH=/home/azraa/ros2_ws/src/install/my_robot_interfaces:${AMENT_PREFIX_PATH} CMAKE_PREFIX_PATH=/home/azraa/ros2_ws/src/install/my_robot_interfaces:/home/azraa/ros2_ws/install/audio_common:/home/azraa/ros2_ws/install/sound_play:/home/azraa/ros2_ws/install/my_robot_bringup:/home/azraa/ros2_ws/install/my_cpp_pkg:/home/azraa/ros2_ws/install/my_robot_interfaces:/home/azraa/ros2_ws/install/bme280:/home/azraa/ros2_ws/install/m2s2_custom_interfaces:/home/azraa/ros2_ws/install/m2s2_bringup:/home/azraa/ros2_ws/install/audio_play:/home/azraa/ros2_ws/install/audio_capture:/home/azraa/ros2_ws/install/audio_common_msgs:/opt/ros/foxy LD_LIBRARY_PATH=/home/azraa/ros2_ws/src/install/my_robot_interfaces/lib:${LD_LIBRARY_PATH} PYTHONPATH=/home/azraa/ros2_ws/src/install/my_robot_interfaces/lib/python3.8/site-packages:${PYTHONPATH} /usr/bin/cmake --build /home/azraa/ros2_ws/src/build/my_cpp_pkg -- -j4 -l4
[0.456s] Invoking command in '/home/azraa/ros2_ws/src/build/my_cpp_pkg': AMENT_PREFIX_PATH=/home/azraa/ros2_ws/src/install/my_robot_interfaces:${AMENT_PREFIX_PATH} CMAKE_PREFIX_PATH=/home/azraa/ros2_ws/src/install/my_robot_interfaces:/home/azraa/ros2_ws/install/audio_common:/home/azraa/ros2_ws/install/sound_play:/home/azraa/ros2_ws/install/my_robot_bringup:/home/azraa/ros2_ws/install/my_cpp_pkg:/home/azraa/ros2_ws/install/my_robot_interfaces:/home/azraa/ros2_ws/install/bme280:/home/azraa/ros2_ws/install/m2s2_custom_interfaces:/home/azraa/ros2_ws/install/m2s2_bringup:/home/azraa/ros2_ws/install/audio_play:/home/azraa/ros2_ws/install/audio_capture:/home/azraa/ros2_ws/install/audio_common_msgs:/opt/ros/foxy LD_LIBRARY_PATH=/home/azraa/ros2_ws/src/install/my_robot_interfaces/lib:${LD_LIBRARY_PATH} PYTHONPATH=/home/azraa/ros2_ws/src/install/my_robot_interfaces/lib/python3.8/site-packages:${PYTHONPATH} /usr/bin/cmake --install /home/azraa/ros2_ws/src/build/my_cpp_pkg
[0.460s] -- Install configuration: ""
[0.461s] -- Up-to-date: /home/azraa/ros2_ws/src/install/my_cpp_pkg/lib/my_cpp_pkg/cpp_node
[0.462s] -- Up-to-date: /home/azraa/ros2_ws/src/install/my_cpp_pkg/lib/my_cpp_pkg/robot_news_station
[0.464s] -- Up-to-date: /home/azraa/ros2_ws/src/install/my_cpp_pkg/lib/my_cpp_pkg/smartphone
[0.465s] -- Up-to-date: /home/azraa/ros2_ws/src/install/my_cpp_pkg/lib/my_cpp_pkg/add_two_ints_server
[0.467s] -- Up-to-date: /home/azraa/ros2_ws/src/install/my_cpp_pkg/lib/my_cpp_pkg/add_two_ints_client_no_oop
[0.468s] -- Up-to-date: /home/azraa/ros2_ws/src/install/my_cpp_pkg/lib/my_cpp_pkg/add_two_ints_client
[0.469s] -- Up-to-date: /home/azraa/ros2_ws/src/install/my_cpp_pkg/lib/my_cpp_pkg/hw_status_publisher
[0.470s] -- Up-to-date: /home/azraa/ros2_ws/src/install/my_cpp_pkg/share/ament_index/resource_index/package_run_dependencies/my_cpp_pkg
[0.471s] -- Up-to-date: /home/azraa/ros2_ws/src/install/my_cpp_pkg/share/ament_index/resource_index/parent_prefix_path/my_cpp_pkg
[0.471s] -- Up-to-date: /home/azraa/ros2_ws/src/install/my_cpp_pkg/share/my_cpp_pkg/environment/ament_prefix_path.sh
[0.471s] -- Up-to-date: /home/azraa/ros2_ws/src/install/my_cpp_pkg/share/my_cpp_pkg/environment/ament_prefix_path.dsv
[0.472s] -- Up-to-date: /home/azraa/ros2_ws/src/install/my_cpp_pkg/share/my_cpp_pkg/environment/path.sh
[0.472s] -- Up-to-date: /home/azraa/ros2_ws/src/install/my_cpp_pkg/share/my_cpp_pkg/environment/path.dsv
[0.472s] -- Up-to-date: /home/azraa/ros2_ws/src/install/my_cpp_pkg/share/my_cpp_pkg/local_setup.bash
[0.472s] -- Up-to-date: /home/azraa/ros2_ws/src/install/my_cpp_pkg/share/my_cpp_pkg/local_setup.sh
[0.472s] -- Up-to-date: /home/azraa/ros2_ws/src/install/my_cpp_pkg/share/my_cpp_pkg/local_setup.zsh
[0.472s] -- Up-to-date: /home/azraa/ros2_ws/src/install/my_cpp_pkg/share/my_cpp_pkg/local_setup.dsv
[0.472s] -- Installing: /home/azraa/ros2_ws/src/install/my_cpp_pkg/share/my_cpp_pkg/package.dsv
[0.473s] -- Up-to-date: /home/azraa/ros2_ws/src/install/my_cpp_pkg/share/ament_index/resource_index/packages/my_cpp_pkg
[0.473s] -- Up-to-date: /home/azraa/ros2_ws/src/install/my_cpp_pkg/share/my_cpp_pkg/cmake/my_cpp_pkgConfig.cmake
[0.473s] -- Up-to-date: /home/azraa/ros2_ws/src/install/my_cpp_pkg/share/my_cpp_pkg/cmake/my_cpp_pkgConfig-version.cmake
[0.473s] -- Up-to-date: /home/azraa/ros2_ws/src/install/my_cpp_pkg/share/my_cpp_pkg/package.xml
[0.488s] Invoked command in '/home/azraa/ros2_ws/src/build/my_cpp_pkg' returned '0': AMENT_PREFIX_PATH=/home/azraa/ros2_ws/src/install/my_robot_interfaces:${AMENT_PREFIX_PATH} CMAKE_PREFIX_PATH=/home/azraa/ros2_ws/src/install/my_robot_interfaces:/home/azraa/ros2_ws/install/audio_common:/home/azraa/ros2_ws/install/sound_play:/home/azraa/ros2_ws/install/my_robot_bringup:/home/azraa/ros2_ws/install/my_cpp_pkg:/home/azraa/ros2_ws/install/my_robot_interfaces:/home/azraa/ros2_ws/install/bme280:/home/azraa/ros2_ws/install/m2s2_custom_interfaces:/home/azraa/ros2_ws/install/m2s2_bringup:/home/azraa/ros2_ws/install/audio_play:/home/azraa/ros2_ws/install/audio_capture:/home/azraa/ros2_ws/install/audio_common_msgs:/opt/ros/foxy LD_LIBRARY_PATH=/home/azraa/ros2_ws/src/install/my_robot_interfaces/lib:${LD_LIBRARY_PATH} PYTHONPATH=/home/azraa/ros2_ws/src/install/my_robot_interfaces/lib/python3.8/site-packages:${PYTHONPATH} /usr/bin/cmake --install /home/azraa/ros2_ws/src/build/my_cpp_pkg
