[0.127s] Invoking command in '/home/azraa/ros2_ws/build/my_robot_interfaces': CMAKE_PREFIX_PATH=/home/azraa/ros2_ws/install/v4l2_camera:/home/azraa/ros2_ws/install/audio_common:/home/azraa/ros2_ws/install/sound_play:/home/azraa/ros2_ws/install/my_robot_bringup:/home/azraa/ros2_ws/install/my_cpp_pkg:/home/azraa/ros2_ws/install/my_robot_interfaces:/home/azraa/ros2_ws/install/bme280:/home/azraa/ros2_ws/install/m2s2_custom_interfaces:/home/azraa/ros2_ws/install/m2s2_bringup:/home/azraa/ros2_ws/install/audio_play:/home/azraa/ros2_ws/install/audio_capture:/home/azraa/ros2_ws/install/audio_common_msgs:/home/azraa/ros2_ws/install/m2s2_test_python:/opt/ros/foxy:/opt/ros/noetic /usr/bin/cmake --build /home/azraa/ros2_ws/build/my_robot_interfaces -- -j4 -l4
[0.589s] [ 10%] Built target my_robot_interfaces__rosidl_generator_c
[0.849s] [ 12%] Built target my_robot_interfaces__cpp
[2.910s] [ 23%] Built target my_robot_interfaces__rosidl_typesupport_c
[3.249s] [ 34%] Built target my_robot_interfaces__rosidl_typesupport_introspection_c
[3.490s] [ 45%] Built target my_robot_interfaces__rosidl_typesupport_fastrtps_cpp
[3.609s] [ 56%] Built target my_robot_interfaces__rosidl_typesupport_introspection_cpp
[3.668s] [ 67%] Built target my_robot_interfaces__rosidl_typesupport_cpp
[3.726s] [ 78%] Built target my_robot_interfaces__rosidl_typesupport_fastrtps_c
[3.788s] [ 78%] Built target my_robot_interfaces
[3.888s] [ 80%] Built target my_robot_interfaces__py
[4.000s] [ 89%] Built target my_robot_interfaces__python
[4.198s] [ 92%] Built target my_robot_interfaces__rosidl_typesupport_c__pyext
[4.214s] [ 96%] Built target my_robot_interfaces__rosidl_typesupport_fastrtps_c__pyext
[4.275s] [100%] Built target my_robot_interfaces__rosidl_typesupport_introspection_c__pyext
[5.012s] Invoked command in '/home/azraa/ros2_ws/build/my_robot_interfaces' returned '0': CMAKE_PREFIX_PATH=/home/azraa/ros2_ws/install/v4l2_camera:/home/azraa/ros2_ws/install/audio_common:/home/azraa/ros2_ws/install/sound_play:/home/azraa/ros2_ws/install/my_robot_bringup:/home/azraa/ros2_ws/install/my_cpp_pkg:/home/azraa/ros2_ws/install/my_robot_interfaces:/home/azraa/ros2_ws/install/bme280:/home/azraa/ros2_ws/install/m2s2_custom_interfaces:/home/azraa/ros2_ws/install/m2s2_bringup:/home/azraa/ros2_ws/install/audio_play:/home/azraa/ros2_ws/install/audio_capture:/home/azraa/ros2_ws/install/audio_common_msgs:/home/azraa/ros2_ws/install/m2s2_test_python:/opt/ros/foxy:/opt/ros/noetic /usr/bin/cmake --build /home/azraa/ros2_ws/build/my_robot_interfaces -- -j4 -l4
[5.723s] Invoking command in '/home/azraa/ros2_ws/build/my_robot_interfaces': CMAKE_PREFIX_PATH=/home/azraa/ros2_ws/install/v4l2_camera:/home/azraa/ros2_ws/install/audio_common:/home/azraa/ros2_ws/install/sound_play:/home/azraa/ros2_ws/install/my_robot_bringup:/home/azraa/ros2_ws/install/my_cpp_pkg:/home/azraa/ros2_ws/install/my_robot_interfaces:/home/azraa/ros2_ws/install/bme280:/home/azraa/ros2_ws/install/m2s2_custom_interfaces:/home/azraa/ros2_ws/install/m2s2_bringup:/home/azraa/ros2_ws/install/audio_play:/home/azraa/ros2_ws/install/audio_capture:/home/azraa/ros2_ws/install/audio_common_msgs:/home/azraa/ros2_ws/install/m2s2_test_python:/opt/ros/foxy:/opt/ros/noetic /usr/bin/cmake --install /home/azraa/ros2_ws/build/my_robot_interfaces
[5.749s] -- Install configuration: ""
[5.752s] -- Execute custom install script
[5.752s] -- Up-to-date symlink: /home/azraa/ros2_ws/install/my_robot_interfaces/share/ament_index/resource_index/rosidl_interfaces/my_robot_interfaces
[5.756s] -- Up-to-date symlink: /home/azraa/ros2_ws/install/my_robot_interfaces/include/my_robot_interfaces/msg/detail/hardware_status__functions.h
[5.759s] -- Up-to-date symlink: /home/azraa/ros2_ws/install/my_robot_interfaces/include/my_robot_interfaces/msg/detail/hardware_status__struct.h
[5.765s] -- Up-to-date symlink: /home/azraa/ros2_ws/install/my_robot_interfaces/include/my_robot_interfaces/msg/detail/hardware_status__type_support.h
[5.771s] -- Up-to-date symlink: /home/azraa/ros2_ws/install/my_robot_interfaces/include/my_robot_interfaces/msg/detail/led_states__functions.h
[5.772s] -- Up-to-date symlink: /home/azraa/ros2_ws/install/my_robot_interfaces/include/my_robot_interfaces/msg/detail/led_states__struct.h
[5.776s] -- Up-to-date symlink: /home/azraa/ros2_ws/install/my_robot_interfaces/include/my_robot_interfaces/msg/detail/led_states__type_support.h
[5.778s] -- Up-to-date symlink: /home/azraa/ros2_ws/install/my_robot_interfaces/include/my_robot_interfaces/msg/hardware_status.h
[5.781s] -- Up-to-date symlink: /home/azraa/ros2_ws/install/my_robot_interfaces/include/my_robot_interfaces/msg/led_states.h
[5.782s] -- Up-to-date symlink: /home/azraa/ros2_ws/install/my_robot_interfaces/include/my_robot_interfaces/msg/rosidl_generator_c__visibility_control.h
[5.784s] -- Up-to-date symlink: /home/azraa/ros2_ws/install/my_robot_interfaces/include/my_robot_interfaces/srv/compute_rectangle_area.h
[5.784s] -- Up-to-date symlink: /home/azraa/ros2_ws/install/my_robot_interfaces/include/my_robot_interfaces/srv/detail/compute_rectangle_area__functions.h
[5.785s] -- Up-to-date symlink: /home/azraa/ros2_ws/install/my_robot_interfaces/include/my_robot_interfaces/srv/detail/compute_rectangle_area__struct.h
[5.786s] -- Up-to-date symlink: /home/azraa/ros2_ws/install/my_robot_interfaces/include/my_robot_interfaces/srv/detail/compute_rectangle_area__type_support.h
[5.787s] -- Up-to-date symlink: /home/azraa/ros2_ws/install/my_robot_interfaces/include/my_robot_interfaces/srv/detail/set_led__functions.h
[5.788s] -- Up-to-date symlink: /home/azraa/ros2_ws/install/my_robot_interfaces/include/my_robot_interfaces/srv/detail/set_led__struct.h
[5.788s] -- Up-to-date symlink: /home/azraa/ros2_ws/install/my_robot_interfaces/include/my_robot_interfaces/srv/detail/set_led__type_support.h
[5.789s] -- Up-to-date symlink: /home/azraa/ros2_ws/install/my_robot_interfaces/include/my_robot_interfaces/srv/set_led.h
[5.791s] -- Up-to-date symlink: /home/azraa/ros2_ws/install/my_robot_interfaces/share/my_robot_interfaces/environment/library_path.sh
[5.792s] -- Up-to-date symlink: /home/azraa/ros2_ws/install/my_robot_interfaces/share/my_robot_interfaces/environment/library_path.dsv
[5.794s] -- Up-to-date symlink: /home/azraa/ros2_ws/install/my_robot_interfaces/include/my_robot_interfaces/msg/detail/hardware_status__rosidl_typesupport_fastrtps_c.h
[5.795s] -- Up-to-date symlink: /home/azraa/ros2_ws/install/my_robot_interfaces/include/my_robot_interfaces/msg/detail/led_states__rosidl_typesupport_fastrtps_c.h
[5.796s] -- Up-to-date symlink: /home/azraa/ros2_ws/install/my_robot_interfaces/include/my_robot_interfaces/msg/rosidl_typesupport_fastrtps_c__visibility_control.h
[5.796s] -- Up-to-date symlink: /home/azraa/ros2_ws/install/my_robot_interfaces/include/my_robot_interfaces/srv/detail/compute_rectangle_area__rosidl_typesupport_fastrtps_c.h
[5.797s] -- Up-to-date symlink: /home/azraa/ros2_ws/install/my_robot_interfaces/include/my_robot_interfaces/srv/detail/set_led__rosidl_typesupport_fastrtps_c.h
[5.798s] -- Up-to-date symlink: /home/azraa/ros2_ws/install/my_robot_interfaces/lib/libmy_robot_interfaces__rosidl_typesupport_fastrtps_c.so
[5.801s] -- Up-to-date symlink: /home/azraa/ros2_ws/install/my_robot_interfaces/include/my_robot_interfaces/msg/detail/hardware_status__rosidl_typesupport_fastrtps_cpp.hpp
[5.802s] -- Up-to-date symlink: /home/azraa/ros2_ws/install/my_robot_interfaces/include/my_robot_interfaces/msg/detail/led_states__rosidl_typesupport_fastrtps_cpp.hpp
[5.803s] -- Up-to-date symlink: /home/azraa/ros2_ws/install/my_robot_interfaces/include/my_robot_interfaces/msg/rosidl_typesupport_fastrtps_cpp__visibility_control.h
[5.804s] -- Up-to-date symlink: /home/azraa/ros2_ws/install/my_robot_interfaces/include/my_robot_interfaces/srv/detail/compute_rectangle_area__rosidl_typesupport_fastrtps_cpp.hpp
[5.805s] -- Up-to-date symlink: /home/azraa/ros2_ws/install/my_robot_interfaces/include/my_robot_interfaces/srv/detail/set_led__rosidl_typesupport_fastrtps_cpp.hpp
[5.806s] -- Up-to-date symlink: /home/azraa/ros2_ws/install/my_robot_interfaces/lib/libmy_robot_interfaces__rosidl_typesupport_fastrtps_cpp.so
[5.808s] -- Up-to-date symlink: /home/azraa/ros2_ws/install/my_robot_interfaces/include/my_robot_interfaces/msg/detail/hardware_status__rosidl_typesupport_introspection_c.h
[5.808s] -- Up-to-date symlink: /home/azraa/ros2_ws/install/my_robot_interfaces/include/my_robot_interfaces/msg/detail/led_states__rosidl_typesupport_introspection_c.h
[5.809s] -- Up-to-date symlink: /home/azraa/ros2_ws/install/my_robot_interfaces/include/my_robot_interfaces/msg/rosidl_typesupport_introspection_c__visibility_control.h
[5.810s] -- Up-to-date symlink: /home/azraa/ros2_ws/install/my_robot_interfaces/include/my_robot_interfaces/srv/detail/compute_rectangle_area__rosidl_typesupport_introspection_c.h
[5.810s] -- Up-to-date symlink: /home/azraa/ros2_ws/install/my_robot_interfaces/include/my_robot_interfaces/srv/detail/set_led__rosidl_typesupport_introspection_c.h
[5.812s] -- Up-to-date symlink: /home/azraa/ros2_ws/install/my_robot_interfaces/include/my_robot_interfaces/msg/detail/hardware_status__builder.hpp
[5.813s] -- Up-to-date symlink: /home/azraa/ros2_ws/install/my_robot_interfaces/include/my_robot_interfaces/msg/detail/hardware_status__struct.hpp
[5.814s] -- Up-to-date symlink: /home/azraa/ros2_ws/install/my_robot_interfaces/include/my_robot_interfaces/msg/detail/hardware_status__traits.hpp
[5.814s] -- Up-to-date symlink: /home/azraa/ros2_ws/install/my_robot_interfaces/include/my_robot_interfaces/msg/detail/led_states__builder.hpp
[5.816s] -- Up-to-date symlink: /home/azraa/ros2_ws/install/my_robot_interfaces/include/my_robot_interfaces/msg/detail/led_states__struct.hpp
[5.816s] -- Up-to-date symlink: /home/azraa/ros2_ws/install/my_robot_interfaces/include/my_robot_interfaces/msg/detail/led_states__traits.hpp
[5.817s] -- Up-to-date symlink: /home/azraa/ros2_ws/install/my_robot_interfaces/include/my_robot_interfaces/msg/hardware_status.hpp
[5.817s] -- Up-to-date symlink: /home/azraa/ros2_ws/install/my_robot_interfaces/include/my_robot_interfaces/msg/led_states.hpp
[5.817s] -- Up-to-date symlink: /home/azraa/ros2_ws/install/my_robot_interfaces/include/my_robot_interfaces/srv/compute_rectangle_area.hpp
[5.818s] -- Up-to-date symlink: /home/azraa/ros2_ws/install/my_robot_interfaces/include/my_robot_interfaces/srv/detail/compute_rectangle_area__builder.hpp
[5.819s] -- Up-to-date symlink: /home/azraa/ros2_ws/install/my_robot_interfaces/include/my_robot_interfaces/srv/detail/compute_rectangle_area__struct.hpp
[5.819s] -- Up-to-date symlink: /home/azraa/ros2_ws/install/my_robot_interfaces/include/my_robot_interfaces/srv/detail/compute_rectangle_area__traits.hpp
[5.820s] -- Up-to-date symlink: /home/azraa/ros2_ws/install/my_robot_interfaces/include/my_robot_interfaces/srv/detail/set_led__builder.hpp
[5.820s] -- Up-to-date symlink: /home/azraa/ros2_ws/install/my_robot_interfaces/include/my_robot_interfaces/srv/detail/set_led__struct.hpp
[5.821s] -- Up-to-date symlink: /home/azraa/ros2_ws/install/my_robot_interfaces/include/my_robot_interfaces/srv/detail/set_led__traits.hpp
[5.822s] -- Up-to-date symlink: /home/azraa/ros2_ws/install/my_robot_interfaces/include/my_robot_interfaces/srv/set_led.hpp
[5.824s] -- Up-to-date symlink: /home/azraa/ros2_ws/install/my_robot_interfaces/include/my_robot_interfaces/msg/detail/hardware_status__rosidl_typesupport_introspection_cpp.hpp
[5.824s] -- Up-to-date symlink: /home/azraa/ros2_ws/install/my_robot_interfaces/include/my_robot_interfaces/msg/detail/led_states__rosidl_typesupport_introspection_cpp.hpp
[5.825s] -- Up-to-date symlink: /home/azraa/ros2_ws/install/my_robot_interfaces/include/my_robot_interfaces/srv/detail/compute_rectangle_area__rosidl_typesupport_introspection_cpp.hpp
[5.826s] -- Up-to-date symlink: /home/azraa/ros2_ws/install/my_robot_interfaces/include/my_robot_interfaces/srv/detail/set_led__rosidl_typesupport_introspection_cpp.hpp
[5.827s] -- Up-to-date symlink: /home/azraa/ros2_ws/install/my_robot_interfaces/share/my_robot_interfaces/environment/pythonpath.sh
[5.827s] -- Up-to-date symlink: /home/azraa/ros2_ws/install/my_robot_interfaces/share/my_robot_interfaces/environment/pythonpath.dsv
[5.828s] -- Up-to-date symlink: /home/azraa/ros2_ws/install/my_robot_interfaces/lib/python3.8/site-packages/my_robot_interfaces/__init__.py
[5.830s] -- Up-to-date symlink: /home/azraa/ros2_ws/install/my_robot_interfaces/lib/python3.8/site-packages/my_robot_interfaces/msg/__init__.py
[5.832s] -- Up-to-date symlink: /home/azraa/ros2_ws/install/my_robot_interfaces/lib/python3.8/site-packages/my_robot_interfaces/msg/_hardware_status.py
[5.833s] -- Up-to-date symlink: /home/azraa/ros2_ws/install/my_robot_interfaces/lib/python3.8/site-packages/my_robot_interfaces/msg/_led_states.py
[5.836s] -- Up-to-date symlink: /home/azraa/ros2_ws/install/my_robot_interfaces/lib/python3.8/site-packages/my_robot_interfaces/srv/__init__.py
[5.840s] -- Up-to-date symlink: /home/azraa/ros2_ws/install/my_robot_interfaces/lib/python3.8/site-packages/my_robot_interfaces/srv/_compute_rectangle_area.py
[5.841s] -- Up-to-date symlink: /home/azraa/ros2_ws/install/my_robot_interfaces/lib/python3.8/site-packages/my_robot_interfaces/srv/_set_led.py
[5.842s] -- Up-to-date symlink: /home/azraa/ros2_ws/install/my_robot_interfaces/lib/python3.8/site-packages/my_robot_interfaces/my_robot_interfaces_s__rosidl_typesupport_fastrtps_c.cpython-38-x86_64-linux-gnu.so
[5.843s] -- Up-to-date symlink: /home/azraa/ros2_ws/install/my_robot_interfaces/lib/python3.8/site-packages/my_robot_interfaces/my_robot_interfaces_s__rosidl_typesupport_introspection_c.cpython-38-x86_64-linux-gnu.so
[5.845s] -- Up-to-date symlink: /home/azraa/ros2_ws/install/my_robot_interfaces/lib/python3.8/site-packages/my_robot_interfaces/my_robot_interfaces_s__rosidl_typesupport_c.cpython-38-x86_64-linux-gnu.so
[5.846s] -- Up-to-date symlink: /home/azraa/ros2_ws/install/my_robot_interfaces/lib/libmy_robot_interfaces__python.so
[5.847s] -- Up-to-date symlink: /home/azraa/ros2_ws/install/my_robot_interfaces/share/my_robot_interfaces/msg/HardwareStatus.idl
[5.848s] -- Up-to-date symlink: /home/azraa/ros2_ws/install/my_robot_interfaces/share/my_robot_interfaces/msg/LedStates.idl
[5.849s] -- Up-to-date symlink: /home/azraa/ros2_ws/install/my_robot_interfaces/share/my_robot_interfaces/srv/ComputeRectangleArea.idl
[5.850s] -- Up-to-date symlink: /home/azraa/ros2_ws/install/my_robot_interfaces/share/my_robot_interfaces/srv/SetLed.idl
[5.851s] -- Up-to-date symlink: /home/azraa/ros2_ws/install/my_robot_interfaces/share/my_robot_interfaces/msg/HardwareStatus.msg
[5.852s] -- Up-to-date symlink: /home/azraa/ros2_ws/install/my_robot_interfaces/share/my_robot_interfaces/msg/LedStates.msg
[5.853s] -- Up-to-date symlink: /home/azraa/ros2_ws/install/my_robot_interfaces/share/my_robot_interfaces/srv/ComputeRectangleArea.srv
[5.854s] -- Up-to-date symlink: /home/azraa/ros2_ws/install/my_robot_interfaces/share/my_robot_interfaces/srv/ComputeRectangleArea_Request.msg
[5.855s] -- Up-to-date symlink: /home/azraa/ros2_ws/install/my_robot_interfaces/share/my_robot_interfaces/srv/ComputeRectangleArea_Response.msg
[5.856s] -- Up-to-date symlink: /home/azraa/ros2_ws/install/my_robot_interfaces/share/my_robot_interfaces/srv/SetLed.srv
[5.857s] -- Up-to-date symlink: /home/azraa/ros2_ws/install/my_robot_interfaces/share/my_robot_interfaces/srv/SetLed_Request.msg
[5.858s] -- Up-to-date symlink: /home/azraa/ros2_ws/install/my_robot_interfaces/share/my_robot_interfaces/srv/SetLed_Response.msg
[5.859s] -- Up-to-date symlink: /home/azraa/ros2_ws/install/my_robot_interfaces/share/ament_index/resource_index/package_run_dependencies/my_robot_interfaces
[5.860s] -- Up-to-date symlink: /home/azraa/ros2_ws/install/my_robot_interfaces/share/ament_index/resource_index/parent_prefix_path/my_robot_interfaces
[5.861s] -- Up-to-date symlink: /home/azraa/ros2_ws/install/my_robot_interfaces/share/my_robot_interfaces/environment/ament_prefix_path.sh
[5.862s] -- Up-to-date symlink: /home/azraa/ros2_ws/install/my_robot_interfaces/share/my_robot_interfaces/environment/ament_prefix_path.dsv
[5.863s] -- Up-to-date symlink: /home/azraa/ros2_ws/install/my_robot_interfaces/share/my_robot_interfaces/environment/path.sh
[5.864s] -- Up-to-date symlink: /home/azraa/ros2_ws/install/my_robot_interfaces/share/my_robot_interfaces/environment/path.dsv
[5.865s] -- Up-to-date symlink: /home/azraa/ros2_ws/install/my_robot_interfaces/share/my_robot_interfaces/local_setup.bash
[5.866s] -- Up-to-date symlink: /home/azraa/ros2_ws/install/my_robot_interfaces/share/my_robot_interfaces/local_setup.sh
[5.866s] -- Up-to-date symlink: /home/azraa/ros2_ws/install/my_robot_interfaces/share/my_robot_interfaces/local_setup.zsh
[5.867s] -- Up-to-date symlink: /home/azraa/ros2_ws/install/my_robot_interfaces/share/my_robot_interfaces/local_setup.dsv
[5.868s] -- Symlinking: /home/azraa/ros2_ws/install/my_robot_interfaces/share/my_robot_interfaces/package.dsv
[5.904s] -- Up-to-date symlink: /home/azraa/ros2_ws/install/my_robot_interfaces/share/ament_index/resource_index/packages/my_robot_interfaces
[5.905s] -- Up-to-date symlink: /home/azraa/ros2_ws/install/my_robot_interfaces/share/my_robot_interfaces/cmake/rosidl_cmake-extras.cmake
[5.906s] -- Up-to-date symlink: /home/azraa/ros2_ws/install/my_robot_interfaces/share/my_robot_interfaces/cmake/ament_cmake_export_dependencies-extras.cmake
[5.906s] -- Up-to-date symlink: /home/azraa/ros2_ws/install/my_robot_interfaces/share/my_robot_interfaces/cmake/ament_cmake_export_libraries-extras.cmake
[5.907s] -- Up-to-date symlink: /home/azraa/ros2_ws/install/my_robot_interfaces/share/my_robot_interfaces/cmake/ament_cmake_export_targets-extras.cmake
[5.907s] -- Up-to-date symlink: /home/azraa/ros2_ws/install/my_robot_interfaces/share/my_robot_interfaces/cmake/ament_cmake_export_include_directories-extras.cmake
[5.907s] -- Up-to-date symlink: /home/azraa/ros2_ws/install/my_robot_interfaces/share/my_robot_interfaces/cmake/rosidl_cmake_export_typesupport_libraries-extras.cmake
[5.908s] -- Up-to-date symlink: /home/azraa/ros2_ws/install/my_robot_interfaces/share/my_robot_interfaces/cmake/rosidl_cmake_export_typesupport_targets-extras.cmake
[5.909s] -- Up-to-date symlink: /home/azraa/ros2_ws/install/my_robot_interfaces/share/my_robot_interfaces/cmake/my_robot_interfacesConfig.cmake
[5.909s] -- Up-to-date symlink: /home/azraa/ros2_ws/install/my_robot_interfaces/share/my_robot_interfaces/cmake/my_robot_interfacesConfig-version.cmake
[5.909s] -- Up-to-date symlink: /home/azraa/ros2_ws/install/my_robot_interfaces/share/my_robot_interfaces/package.xml
[5.909s] -- Up-to-date: /home/azraa/ros2_ws/install/my_robot_interfaces/lib/libmy_robot_interfaces__rosidl_generator_c.so
[5.910s] -- Up-to-date: /home/azraa/ros2_ws/install/my_robot_interfaces/lib/libmy_robot_interfaces__rosidl_typesupport_introspection_c.so
[5.910s] -- Up-to-date: /home/azraa/ros2_ws/install/my_robot_interfaces/lib/libmy_robot_interfaces__rosidl_typesupport_c.so
[5.910s] -- Up-to-date: /home/azraa/ros2_ws/install/my_robot_interfaces/lib/libmy_robot_interfaces__rosidl_typesupport_introspection_cpp.so
[5.911s] -- Up-to-date: /home/azraa/ros2_ws/install/my_robot_interfaces/lib/libmy_robot_interfaces__rosidl_typesupport_cpp.so
[6.069s] -- Up-to-date: /home/azraa/ros2_ws/install/my_robot_interfaces/share/my_robot_interfaces/cmake/my_robot_interfaces__rosidl_generator_cExport.cmake
[6.070s] -- Up-to-date: /home/azraa/ros2_ws/install/my_robot_interfaces/share/my_robot_interfaces/cmake/my_robot_interfaces__rosidl_generator_cExport-noconfig.cmake
[6.078s] -- Up-to-date: /home/azraa/ros2_ws/install/my_robot_interfaces/share/my_robot_interfaces/cmake/my_robot_interfaces__rosidl_typesupport_introspection_cExport.cmake
[6.087s] -- Up-to-date: /home/azraa/ros2_ws/install/my_robot_interfaces/share/my_robot_interfaces/cmake/my_robot_interfaces__rosidl_typesupport_introspection_cExport-noconfig.cmake
[6.087s] -- Up-to-date: /home/azraa/ros2_ws/install/my_robot_interfaces/share/my_robot_interfaces/cmake/my_robot_interfaces__rosidl_typesupport_cExport.cmake
[6.087s] -- Up-to-date: /home/azraa/ros2_ws/install/my_robot_interfaces/share/my_robot_interfaces/cmake/my_robot_interfaces__rosidl_typesupport_cExport-noconfig.cmake
[6.088s] -- Up-to-date: /home/azraa/ros2_ws/install/my_robot_interfaces/share/my_robot_interfaces/cmake/my_robot_interfaces__rosidl_generator_cppExport.cmake
[6.088s] -- Up-to-date: /home/azraa/ros2_ws/install/my_robot_interfaces/share/my_robot_interfaces/cmake/my_robot_interfaces__rosidl_typesupport_introspection_cppExport.cmake
[6.088s] -- Up-to-date: /home/azraa/ros2_ws/install/my_robot_interfaces/share/my_robot_interfaces/cmake/my_robot_interfaces__rosidl_typesupport_introspection_cppExport-noconfig.cmake
[6.089s] -- Up-to-date: /home/azraa/ros2_ws/install/my_robot_interfaces/share/my_robot_interfaces/cmake/my_robot_interfaces__rosidl_typesupport_cppExport.cmake
[6.089s] -- Up-to-date: /home/azraa/ros2_ws/install/my_robot_interfaces/share/my_robot_interfaces/cmake/my_robot_interfaces__rosidl_typesupport_cppExport-noconfig.cmake
[6.225s] Invoked command in '/home/azraa/ros2_ws/build/my_robot_interfaces' returned '0': CMAKE_PREFIX_PATH=/home/azraa/ros2_ws/install/v4l2_camera:/home/azraa/ros2_ws/install/audio_common:/home/azraa/ros2_ws/install/sound_play:/home/azraa/ros2_ws/install/my_robot_bringup:/home/azraa/ros2_ws/install/my_cpp_pkg:/home/azraa/ros2_ws/install/my_robot_interfaces:/home/azraa/ros2_ws/install/bme280:/home/azraa/ros2_ws/install/m2s2_custom_interfaces:/home/azraa/ros2_ws/install/m2s2_bringup:/home/azraa/ros2_ws/install/audio_play:/home/azraa/ros2_ws/install/audio_capture:/home/azraa/ros2_ws/install/audio_common_msgs:/home/azraa/ros2_ws/install/m2s2_test_python:/opt/ros/foxy:/opt/ros/noetic /usr/bin/cmake --install /home/azraa/ros2_ws/build/my_robot_interfaces
