[35m[1mScanning dependencies of target audio_play[0m
[ 50%] [32mBuilding CXX object CMakeFiles/audio_play.dir/src/audio_play.cpp.o[0m
[100%] [32m[1mLinking CXX executable audio_play[0m
[100%] Built target audio_play
-- Install configuration: ""
-- Installing: /home/azraa/ros2_ws/install/audio_play/lib/audio_play/audio_play
-- Set runtime path of "/home/azraa/ros2_ws/install/audio_play/lib/audio_play/audio_play" to ""
-- Up-to-date: /home/azraa/ros2_ws/install/audio_play/share/audio_play/launch
-- Up-to-date: /home/azraa/ros2_ws/install/audio_play/share/audio_play/launch/play.launch.xml
-- Up-to-date: /home/azraa/ros2_ws/install/audio_play/share/ament_index/resource_index/package_run_dependencies/audio_play
-- Up-to-date: /home/azraa/ros2_ws/install/audio_play/share/ament_index/resource_index/parent_prefix_path/audio_play
-- Up-to-date: /home/azraa/ros2_ws/install/audio_play/share/audio_play/environment/ament_prefix_path.sh
-- Up-to-date: /home/azraa/ros2_ws/install/audio_play/share/audio_play/environment/ament_prefix_path.dsv
-- Up-to-date: /home/azraa/ros2_ws/install/audio_play/share/audio_play/environment/path.sh
-- Up-to-date: /home/azraa/ros2_ws/install/audio_play/share/audio_play/environment/path.dsv
-- Up-to-date: /home/azraa/ros2_ws/install/audio_play/share/audio_play/local_setup.bash
-- Up-to-date: /home/azraa/ros2_ws/install/audio_play/share/audio_play/local_setup.sh
-- Up-to-date: /home/azraa/ros2_ws/install/audio_play/share/audio_play/local_setup.zsh
-- Up-to-date: /home/azraa/ros2_ws/install/audio_play/share/audio_play/local_setup.dsv
-- Installing: /home/azraa/ros2_ws/install/audio_play/share/audio_play/package.dsv
-- Up-to-date: /home/azraa/ros2_ws/install/audio_play/share/ament_index/resource_index/packages/audio_play
-- Up-to-date: /home/azraa/ros2_ws/install/audio_play/share/audio_play/cmake/audio_playConfig.cmake
-- Up-to-date: /home/azraa/ros2_ws/install/audio_play/share/audio_play/cmake/audio_playConfig-version.cmake
-- Up-to-date: /home/azraa/ros2_ws/install/audio_play/share/audio_play/package.xml
