[0.138s] Invoking command in '/home/azraa/ros2_ws/build/audio_common_msgs': CMAKE_PREFIX_PATH=/home/azraa/ros2_ws/install/v4l2_camera:/home/azraa/ros2_ws/install/audio_common:/home/azraa/ros2_ws/install/sound_play:/home/azraa/ros2_ws/install/my_robot_bringup:/home/azraa/ros2_ws/install/my_cpp_pkg:/home/azraa/ros2_ws/install/my_robot_interfaces:/home/azraa/ros2_ws/install/bme280:/home/azraa/ros2_ws/install/m2s2_custom_interfaces:/home/azraa/ros2_ws/install/m2s2_bringup:/home/azraa/ros2_ws/install/audio_play:/home/azraa/ros2_ws/install/audio_capture:/home/azraa/ros2_ws/install/audio_common_msgs:/home/azraa/ros2_ws/install/m2s2_test_python:/opt/ros/foxy:/opt/ros/noetic /usr/bin/cmake --build /home/azraa/ros2_ws/build/audio_common_msgs -- -j4 -l4
[0.303s] [  2%] Built target audio_common_msgs__cpp
[0.333s] [ 12%] Built target audio_common_msgs__rosidl_generator_c
[0.384s] [ 23%] Built target audio_common_msgs__rosidl_typesupport_introspection_cpp
[0.415s] [ 33%] Built target audio_common_msgs__rosidl_typesupport_fastrtps_cpp
[0.429s] [ 43%] Built target audio_common_msgs__rosidl_typesupport_cpp
[0.456s] [ 53%] Built target audio_common_msgs__rosidl_typesupport_c
[0.532s] [ 64%] Built target audio_common_msgs__rosidl_typesupport_fastrtps_c
[0.539s] [ 74%] Built target audio_common_msgs__rosidl_typesupport_introspection_c
[0.590s] [ 74%] Built target audio_common_msgs
[0.625s] [ 76%] Built target audio_common_msgs__py
[0.672s] [ 84%] Built target audio_common_msgs__python
[0.760s] [ 89%] Built target audio_common_msgs__rosidl_typesupport_c__pyext
[0.775s] [ 94%] Built target audio_common_msgs__rosidl_typesupport_introspection_c__pyext
[0.789s] [100%] Built target audio_common_msgs__rosidl_typesupport_fastrtps_c__pyext
[1.212s] Invoked command in '/home/azraa/ros2_ws/build/audio_common_msgs' returned '0': CMAKE_PREFIX_PATH=/home/azraa/ros2_ws/install/v4l2_camera:/home/azraa/ros2_ws/install/audio_common:/home/azraa/ros2_ws/install/sound_play:/home/azraa/ros2_ws/install/my_robot_bringup:/home/azraa/ros2_ws/install/my_cpp_pkg:/home/azraa/ros2_ws/install/my_robot_interfaces:/home/azraa/ros2_ws/install/bme280:/home/azraa/ros2_ws/install/m2s2_custom_interfaces:/home/azraa/ros2_ws/install/m2s2_bringup:/home/azraa/ros2_ws/install/audio_play:/home/azraa/ros2_ws/install/audio_capture:/home/azraa/ros2_ws/install/audio_common_msgs:/home/azraa/ros2_ws/install/m2s2_test_python:/opt/ros/foxy:/opt/ros/noetic /usr/bin/cmake --build /home/azraa/ros2_ws/build/audio_common_msgs -- -j4 -l4
[1.383s] Invoking command in '/home/azraa/ros2_ws/build/audio_common_msgs': CMAKE_PREFIX_PATH=/home/azraa/ros2_ws/install/v4l2_camera:/home/azraa/ros2_ws/install/audio_common:/home/azraa/ros2_ws/install/sound_play:/home/azraa/ros2_ws/install/my_robot_bringup:/home/azraa/ros2_ws/install/my_cpp_pkg:/home/azraa/ros2_ws/install/my_robot_interfaces:/home/azraa/ros2_ws/install/bme280:/home/azraa/ros2_ws/install/m2s2_custom_interfaces:/home/azraa/ros2_ws/install/m2s2_bringup:/home/azraa/ros2_ws/install/audio_play:/home/azraa/ros2_ws/install/audio_capture:/home/azraa/ros2_ws/install/audio_common_msgs:/home/azraa/ros2_ws/install/m2s2_test_python:/opt/ros/foxy:/opt/ros/noetic /usr/bin/cmake --install /home/azraa/ros2_ws/build/audio_common_msgs
[1.411s] -- Install configuration: ""
[1.412s] -- Up-to-date: /home/azraa/ros2_ws/install/audio_common_msgs/share/ament_index/resource_index/rosidl_interfaces/audio_common_msgs
[1.412s] -- Up-to-date: /home/azraa/ros2_ws/install/audio_common_msgs/include/audio_common_msgs
[1.412s] -- Up-to-date: /home/azraa/ros2_ws/install/audio_common_msgs/include/audio_common_msgs/msg
[1.412s] -- Up-to-date: /home/azraa/ros2_ws/install/audio_common_msgs/include/audio_common_msgs/msg/audio_data.h
[1.413s] -- Up-to-date: /home/azraa/ros2_ws/install/audio_common_msgs/include/audio_common_msgs/msg/detail
[1.413s] -- Up-to-date: /home/azraa/ros2_ws/install/audio_common_msgs/include/audio_common_msgs/msg/detail/audio_info__type_support.h
[1.413s] -- Up-to-date: /home/azraa/ros2_ws/install/audio_common_msgs/include/audio_common_msgs/msg/detail/audio_data__functions.h
[1.413s] -- Up-to-date: /home/azraa/ros2_ws/install/audio_common_msgs/include/audio_common_msgs/msg/detail/audio_info__struct.h
[1.413s] -- Up-to-date: /home/azraa/ros2_ws/install/audio_common_msgs/include/audio_common_msgs/msg/detail/audio_data__type_support.h
[1.413s] -- Up-to-date: /home/azraa/ros2_ws/install/audio_common_msgs/include/audio_common_msgs/msg/detail/audio_info__functions.c
[1.414s] -- Up-to-date: /home/azraa/ros2_ws/install/audio_common_msgs/include/audio_common_msgs/msg/detail/audio_info__functions.h
[1.414s] -- Up-to-date: /home/azraa/ros2_ws/install/audio_common_msgs/include/audio_common_msgs/msg/detail/audio_data__functions.c
[1.415s] -- Up-to-date: /home/azraa/ros2_ws/install/audio_common_msgs/include/audio_common_msgs/msg/detail/audio_data__struct.h
[1.415s] -- Up-to-date: /home/azraa/ros2_ws/install/audio_common_msgs/include/audio_common_msgs/msg/rosidl_generator_c__visibility_control.h
[1.415s] -- Up-to-date: /home/azraa/ros2_ws/install/audio_common_msgs/include/audio_common_msgs/msg/audio_info.h
[1.415s] -- Up-to-date: /home/azraa/ros2_ws/install/audio_common_msgs/share/audio_common_msgs/environment/library_path.sh
[1.416s] -- Up-to-date: /home/azraa/ros2_ws/install/audio_common_msgs/share/audio_common_msgs/environment/library_path.dsv
[1.416s] -- Up-to-date: /home/azraa/ros2_ws/install/audio_common_msgs/lib/libaudio_common_msgs__rosidl_generator_c.so
[1.417s] -- Up-to-date: /home/azraa/ros2_ws/install/audio_common_msgs/include/audio_common_msgs
[1.417s] -- Up-to-date: /home/azraa/ros2_ws/install/audio_common_msgs/include/audio_common_msgs/msg
[1.418s] -- Up-to-date: /home/azraa/ros2_ws/install/audio_common_msgs/include/audio_common_msgs/msg/rosidl_typesupport_fastrtps_c__visibility_control.h
[1.418s] -- Up-to-date: /home/azraa/ros2_ws/install/audio_common_msgs/include/audio_common_msgs/msg/detail
[1.418s] -- Up-to-date: /home/azraa/ros2_ws/install/audio_common_msgs/include/audio_common_msgs/msg/detail/audio_info__rosidl_typesupport_fastrtps_c.h
[1.418s] -- Up-to-date: /home/azraa/ros2_ws/install/audio_common_msgs/include/audio_common_msgs/msg/detail/audio_data__rosidl_typesupport_fastrtps_c.h
[1.420s] -- Up-to-date: /home/azraa/ros2_ws/install/audio_common_msgs/lib/libaudio_common_msgs__rosidl_typesupport_fastrtps_c.so
[1.420s] -- Up-to-date: /home/azraa/ros2_ws/install/audio_common_msgs/include/audio_common_msgs
[1.420s] -- Up-to-date: /home/azraa/ros2_ws/install/audio_common_msgs/include/audio_common_msgs/msg
[1.420s] -- Up-to-date: /home/azraa/ros2_ws/install/audio_common_msgs/include/audio_common_msgs/msg/detail
[1.420s] -- Up-to-date: /home/azraa/ros2_ws/install/audio_common_msgs/include/audio_common_msgs/msg/detail/audio_info__rosidl_typesupport_fastrtps_cpp.hpp
[1.420s] -- Up-to-date: /home/azraa/ros2_ws/install/audio_common_msgs/include/audio_common_msgs/msg/detail/audio_data__rosidl_typesupport_fastrtps_cpp.hpp
[1.421s] -- Up-to-date: /home/azraa/ros2_ws/install/audio_common_msgs/include/audio_common_msgs/msg/detail/dds_fastrtps
[1.421s] -- Up-to-date: /home/azraa/ros2_ws/install/audio_common_msgs/include/audio_common_msgs/msg/rosidl_typesupport_fastrtps_cpp__visibility_control.h
[1.422s] -- Up-to-date: /home/azraa/ros2_ws/install/audio_common_msgs/lib/libaudio_common_msgs__rosidl_typesupport_fastrtps_cpp.so
[1.422s] -- Up-to-date: /home/azraa/ros2_ws/install/audio_common_msgs/include/audio_common_msgs
[1.423s] -- Up-to-date: /home/azraa/ros2_ws/install/audio_common_msgs/include/audio_common_msgs/msg
[1.423s] -- Up-to-date: /home/azraa/ros2_ws/install/audio_common_msgs/include/audio_common_msgs/msg/detail
[1.423s] -- Up-to-date: /home/azraa/ros2_ws/install/audio_common_msgs/include/audio_common_msgs/msg/detail/audio_info__rosidl_typesupport_introspection_c.h
[1.423s] -- Up-to-date: /home/azraa/ros2_ws/install/audio_common_msgs/include/audio_common_msgs/msg/detail/audio_info__type_support.c
[1.424s] -- Up-to-date: /home/azraa/ros2_ws/install/audio_common_msgs/include/audio_common_msgs/msg/detail/audio_data__type_support.c
[1.424s] -- Up-to-date: /home/azraa/ros2_ws/install/audio_common_msgs/include/audio_common_msgs/msg/detail/audio_data__rosidl_typesupport_introspection_c.h
[1.424s] -- Up-to-date: /home/azraa/ros2_ws/install/audio_common_msgs/include/audio_common_msgs/msg/rosidl_typesupport_introspection_c__visibility_control.h
[1.425s] -- Up-to-date: /home/azraa/ros2_ws/install/audio_common_msgs/lib/libaudio_common_msgs__rosidl_typesupport_introspection_c.so
[1.425s] -- Up-to-date: /home/azraa/ros2_ws/install/audio_common_msgs/lib/libaudio_common_msgs__rosidl_typesupport_c.so
[1.426s] -- Up-to-date: /home/azraa/ros2_ws/install/audio_common_msgs/include/audio_common_msgs
[1.426s] -- Up-to-date: /home/azraa/ros2_ws/install/audio_common_msgs/include/audio_common_msgs/msg
[1.427s] -- Up-to-date: /home/azraa/ros2_ws/install/audio_common_msgs/include/audio_common_msgs/msg/detail
[1.427s] -- Up-to-date: /home/azraa/ros2_ws/install/audio_common_msgs/include/audio_common_msgs/msg/detail/audio_info__struct.hpp
[1.427s] -- Up-to-date: /home/azraa/ros2_ws/install/audio_common_msgs/include/audio_common_msgs/msg/detail/audio_data__struct.hpp
[1.427s] -- Up-to-date: /home/azraa/ros2_ws/install/audio_common_msgs/include/audio_common_msgs/msg/detail/audio_data__builder.hpp
[1.427s] -- Up-to-date: /home/azraa/ros2_ws/install/audio_common_msgs/include/audio_common_msgs/msg/detail/audio_info__builder.hpp
[1.428s] -- Up-to-date: /home/azraa/ros2_ws/install/audio_common_msgs/include/audio_common_msgs/msg/detail/audio_info__traits.hpp
[1.428s] -- Up-to-date: /home/azraa/ros2_ws/install/audio_common_msgs/include/audio_common_msgs/msg/detail/audio_data__traits.hpp
[1.428s] -- Up-to-date: /home/azraa/ros2_ws/install/audio_common_msgs/include/audio_common_msgs/msg/audio_data.hpp
[1.428s] -- Up-to-date: /home/azraa/ros2_ws/install/audio_common_msgs/include/audio_common_msgs/msg/audio_info.hpp
[1.429s] -- Up-to-date: /home/azraa/ros2_ws/install/audio_common_msgs/include/audio_common_msgs
[1.429s] -- Up-to-date: /home/azraa/ros2_ws/install/audio_common_msgs/include/audio_common_msgs/msg
[1.429s] -- Up-to-date: /home/azraa/ros2_ws/install/audio_common_msgs/include/audio_common_msgs/msg/detail
[1.429s] -- Up-to-date: /home/azraa/ros2_ws/install/audio_common_msgs/include/audio_common_msgs/msg/detail/audio_info__type_support.cpp
[1.430s] -- Up-to-date: /home/azraa/ros2_ws/install/audio_common_msgs/include/audio_common_msgs/msg/detail/audio_data__rosidl_typesupport_introspection_cpp.hpp
[1.430s] -- Up-to-date: /home/azraa/ros2_ws/install/audio_common_msgs/include/audio_common_msgs/msg/detail/audio_data__type_support.cpp
[1.430s] -- Up-to-date: /home/azraa/ros2_ws/install/audio_common_msgs/include/audio_common_msgs/msg/detail/audio_info__rosidl_typesupport_introspection_cpp.hpp
[1.431s] -- Up-to-date: /home/azraa/ros2_ws/install/audio_common_msgs/lib/libaudio_common_msgs__rosidl_typesupport_introspection_cpp.so
[1.433s] -- Up-to-date: /home/azraa/ros2_ws/install/audio_common_msgs/lib/libaudio_common_msgs__rosidl_typesupport_cpp.so
[1.433s] -- Up-to-date: /home/azraa/ros2_ws/install/audio_common_msgs/share/audio_common_msgs/environment/pythonpath.sh
[1.433s] -- Up-to-date: /home/azraa/ros2_ws/install/audio_common_msgs/share/audio_common_msgs/environment/pythonpath.dsv
[1.433s] -- Up-to-date: /home/azraa/ros2_ws/install/audio_common_msgs/lib/python3.8/site-packages/audio_common_msgs/__init__.py
[1.518s] -- Up-to-date: /home/azraa/ros2_ws/install/audio_common_msgs/lib/python3.8/site-packages/audio_common_msgs/msg
[1.526s] -- Up-to-date: /home/azraa/ros2_ws/install/audio_common_msgs/lib/python3.8/site-packages/audio_common_msgs/msg/_audio_info_s.c
[1.527s] -- Up-to-date: /home/azraa/ros2_ws/install/audio_common_msgs/lib/python3.8/site-packages/audio_common_msgs/msg/_audio_info.py
[1.527s] -- Up-to-date: /home/azraa/ros2_ws/install/audio_common_msgs/lib/python3.8/site-packages/audio_common_msgs/msg/_audio_data.py
[1.527s] -- Up-to-date: /home/azraa/ros2_ws/install/audio_common_msgs/lib/python3.8/site-packages/audio_common_msgs/msg/__init__.py
[1.527s] -- Up-to-date: /home/azraa/ros2_ws/install/audio_common_msgs/lib/python3.8/site-packages/audio_common_msgs/msg/_audio_data_s.c
[1.527s] -- Up-to-date: /home/azraa/ros2_ws/install/audio_common_msgs/lib/python3.8/site-packages/audio_common_msgs/audio_common_msgs_s__rosidl_typesupport_fastrtps_c.cpython-38-x86_64-linux-gnu.so
[1.531s] -- Up-to-date: /home/azraa/ros2_ws/install/audio_common_msgs/lib/python3.8/site-packages/audio_common_msgs/audio_common_msgs_s__rosidl_typesupport_introspection_c.cpython-38-x86_64-linux-gnu.so
[1.531s] -- Up-to-date: /home/azraa/ros2_ws/install/audio_common_msgs/lib/python3.8/site-packages/audio_common_msgs/audio_common_msgs_s__rosidl_typesupport_c.cpython-38-x86_64-linux-gnu.so
[1.531s] -- Up-to-date: /home/azraa/ros2_ws/install/audio_common_msgs/lib/libaudio_common_msgs__python.so
[1.531s] -- Up-to-date: /home/azraa/ros2_ws/install/audio_common_msgs/share/audio_common_msgs/msg/AudioData.idl
[1.532s] -- Up-to-date: /home/azraa/ros2_ws/install/audio_common_msgs/share/audio_common_msgs/msg/AudioInfo.idl
[1.532s] -- Up-to-date: /home/azraa/ros2_ws/install/audio_common_msgs/share/audio_common_msgs/msg/AudioData.msg
[1.532s] -- Up-to-date: /home/azraa/ros2_ws/install/audio_common_msgs/share/audio_common_msgs/msg/AudioInfo.msg
[1.532s] -- Up-to-date: /home/azraa/ros2_ws/install/audio_common_msgs/share/ament_index/resource_index/package_run_dependencies/audio_common_msgs
[1.532s] -- Up-to-date: /home/azraa/ros2_ws/install/audio_common_msgs/share/ament_index/resource_index/parent_prefix_path/audio_common_msgs
[1.532s] -- Up-to-date: /home/azraa/ros2_ws/install/audio_common_msgs/share/audio_common_msgs/environment/ament_prefix_path.sh
[1.533s] -- Up-to-date: /home/azraa/ros2_ws/install/audio_common_msgs/share/audio_common_msgs/environment/ament_prefix_path.dsv
[1.533s] -- Up-to-date: /home/azraa/ros2_ws/install/audio_common_msgs/share/audio_common_msgs/environment/path.sh
[1.533s] -- Up-to-date: /home/azraa/ros2_ws/install/audio_common_msgs/share/audio_common_msgs/environment/path.dsv
[1.533s] -- Up-to-date: /home/azraa/ros2_ws/install/audio_common_msgs/share/audio_common_msgs/local_setup.bash
[1.533s] -- Up-to-date: /home/azraa/ros2_ws/install/audio_common_msgs/share/audio_common_msgs/local_setup.sh
[1.533s] -- Up-to-date: /home/azraa/ros2_ws/install/audio_common_msgs/share/audio_common_msgs/local_setup.zsh
[1.534s] -- Up-to-date: /home/azraa/ros2_ws/install/audio_common_msgs/share/audio_common_msgs/local_setup.dsv
[1.534s] -- Installing: /home/azraa/ros2_ws/install/audio_common_msgs/share/audio_common_msgs/package.dsv
[1.534s] -- Up-to-date: /home/azraa/ros2_ws/install/audio_common_msgs/share/ament_index/resource_index/packages/audio_common_msgs
[1.534s] -- Up-to-date: /home/azraa/ros2_ws/install/audio_common_msgs/share/audio_common_msgs/cmake/audio_common_msgs__rosidl_generator_cExport.cmake
[1.534s] -- Up-to-date: /home/azraa/ros2_ws/install/audio_common_msgs/share/audio_common_msgs/cmake/audio_common_msgs__rosidl_generator_cExport-noconfig.cmake
[1.534s] -- Up-to-date: /home/azraa/ros2_ws/install/audio_common_msgs/share/audio_common_msgs/cmake/audio_common_msgs__rosidl_typesupport_introspection_cExport.cmake
[1.535s] -- Up-to-date: /home/azraa/ros2_ws/install/audio_common_msgs/share/audio_common_msgs/cmake/audio_common_msgs__rosidl_typesupport_introspection_cExport-noconfig.cmake
[1.535s] -- Up-to-date: /home/azraa/ros2_ws/install/audio_common_msgs/share/audio_common_msgs/cmake/audio_common_msgs__rosidl_typesupport_cExport.cmake
[1.535s] -- Up-to-date: /home/azraa/ros2_ws/install/audio_common_msgs/share/audio_common_msgs/cmake/audio_common_msgs__rosidl_typesupport_cExport-noconfig.cmake
[1.535s] -- Up-to-date: /home/azraa/ros2_ws/install/audio_common_msgs/share/audio_common_msgs/cmake/audio_common_msgs__rosidl_generator_cppExport.cmake
[1.535s] -- Up-to-date: /home/azraa/ros2_ws/install/audio_common_msgs/share/audio_common_msgs/cmake/audio_common_msgs__rosidl_typesupport_introspection_cppExport.cmake
[1.535s] -- Up-to-date: /home/azraa/ros2_ws/install/audio_common_msgs/share/audio_common_msgs/cmake/audio_common_msgs__rosidl_typesupport_introspection_cppExport-noconfig.cmake
[1.536s] -- Up-to-date: /home/azraa/ros2_ws/install/audio_common_msgs/share/audio_common_msgs/cmake/audio_common_msgs__rosidl_typesupport_cppExport.cmake
[1.536s] -- Up-to-date: /home/azraa/ros2_ws/install/audio_common_msgs/share/audio_common_msgs/cmake/audio_common_msgs__rosidl_typesupport_cppExport-noconfig.cmake
[1.536s] -- Up-to-date: /home/azraa/ros2_ws/install/audio_common_msgs/share/audio_common_msgs/cmake/rosidl_cmake-extras.cmake
[1.536s] -- Up-to-date: /home/azraa/ros2_ws/install/audio_common_msgs/share/audio_common_msgs/cmake/ament_cmake_export_dependencies-extras.cmake
[1.536s] -- Up-to-date: /home/azraa/ros2_ws/install/audio_common_msgs/share/audio_common_msgs/cmake/ament_cmake_export_libraries-extras.cmake
[1.542s] -- Up-to-date: /home/azraa/ros2_ws/install/audio_common_msgs/share/audio_common_msgs/cmake/ament_cmake_export_targets-extras.cmake
[1.549s] -- Up-to-date: /home/azraa/ros2_ws/install/audio_common_msgs/share/audio_common_msgs/cmake/ament_cmake_export_include_directories-extras.cmake
[1.549s] -- Up-to-date: /home/azraa/ros2_ws/install/audio_common_msgs/share/audio_common_msgs/cmake/rosidl_cmake_export_typesupport_libraries-extras.cmake
[1.549s] -- Up-to-date: /home/azraa/ros2_ws/install/audio_common_msgs/share/audio_common_msgs/cmake/rosidl_cmake_export_typesupport_targets-extras.cmake
[1.549s] -- Up-to-date: /home/azraa/ros2_ws/install/audio_common_msgs/share/audio_common_msgs/cmake/audio_common_msgsConfig.cmake
[1.550s] -- Up-to-date: /home/azraa/ros2_ws/install/audio_common_msgs/share/audio_common_msgs/cmake/audio_common_msgsConfig-version.cmake
[1.550s] -- Up-to-date: /home/azraa/ros2_ws/install/audio_common_msgs/share/audio_common_msgs/package.xml
[1.558s] Invoked command in '/home/azraa/ros2_ws/build/audio_common_msgs' returned '0': CMAKE_PREFIX_PATH=/home/azraa/ros2_ws/install/v4l2_camera:/home/azraa/ros2_ws/install/audio_common:/home/azraa/ros2_ws/install/sound_play:/home/azraa/ros2_ws/install/my_robot_bringup:/home/azraa/ros2_ws/install/my_cpp_pkg:/home/azraa/ros2_ws/install/my_robot_interfaces:/home/azraa/ros2_ws/install/bme280:/home/azraa/ros2_ws/install/m2s2_custom_interfaces:/home/azraa/ros2_ws/install/m2s2_bringup:/home/azraa/ros2_ws/install/audio_play:/home/azraa/ros2_ws/install/audio_capture:/home/azraa/ros2_ws/install/audio_common_msgs:/home/azraa/ros2_ws/install/m2s2_test_python:/opt/ros/foxy:/opt/ros/noetic /usr/bin/cmake --install /home/azraa/ros2_ws/build/audio_common_msgs
