[1.653s] Invoking command in '/home/azraa/ros2_ws/build/my_py_pkg': PYTHONPATH=/home/azraa/ros2_ws/install/my_py_pkg/lib/python3.8/site-packages:${PYTHONPATH} /usr/bin/python3 setup.py develop --prefix /home/azraa/ros2_ws/install/my_py_pkg --editable --build-directory /home/azraa/ros2_ws/build/my_py_pkg/build --no-deps install_data --install-dir /home/azraa/ros2_ws/install/my_py_pkg
[2.139s] running develop
[2.387s] running egg_info
[2.389s] writing my_py_pkg.egg-info/PKG-INFO
[2.390s] writing dependency_links to my_py_pkg.egg-info/dependency_links.txt
[2.390s] writing entry points to my_py_pkg.egg-info/entry_points.txt
[2.391s] writing requirements to my_py_pkg.egg-info/requires.txt
[2.391s] writing top-level names to my_py_pkg.egg-info/top_level.txt
[2.470s] reading manifest file 'my_py_pkg.egg-info/SOURCES.txt'
[2.473s] writing manifest file 'my_py_pkg.egg-info/SOURCES.txt'
[2.558s] running build_ext
[2.568s] Creating /home/azraa/ros2_ws/install/my_py_pkg/lib/python3.8/site-packages/my-py-pkg.egg-link (link to .)
[2.570s] Installing add_two_ints_server script to /home/azraa/ros2_ws/install/my_py_pkg/lib/my_py_pkg
[2.571s] Installing number_counter script to /home/azraa/ros2_ws/install/my_py_pkg/lib/my_py_pkg
[2.571s] Installing number_publisher script to /home/azraa/ros2_ws/install/my_py_pkg/lib/my_py_pkg
[2.572s] Installing py_node script to /home/azraa/ros2_ws/install/my_py_pkg/lib/my_py_pkg
[2.572s] Installing robot_news_station script to /home/azraa/ros2_ws/install/my_py_pkg/lib/my_py_pkg
[2.572s] Installing smartphone script to /home/azraa/ros2_ws/install/my_py_pkg/lib/my_py_pkg
[2.573s] 
[2.573s] Installed /home/azraa/ros2_ws/build/my_py_pkg
[2.574s] running install_data
[2.643s] Invoked command in '/home/azraa/ros2_ws/build/my_py_pkg' returned '0': PYTHONPATH=/home/azraa/ros2_ws/install/my_py_pkg/lib/python3.8/site-packages:${PYTHONPATH} /usr/bin/python3 setup.py develop --prefix /home/azraa/ros2_ws/install/my_py_pkg --editable --build-directory /home/azraa/ros2_ws/build/my_py_pkg/build --no-deps install_data --install-dir /home/azraa/ros2_ws/install/my_py_pkg
