[0.545s] DEBUG:colcon:Command line arguments: ['/usr/bin/colcon', 'build', '--packages-select', 'gscam']
[0.545s] DEBUG:colcon:Parsed command line arguments: Namespace(allow_overriding=[], ament_cmake_args=None, base_paths=['.'], build_base='build', catkin_cmake_args=None, catkin_skip_building_tests=False, cmake_args=None, cmake_clean_cache=False, cmake_clean_first=False, cmake_force_configure=False, cmake_target=None, cmake_target_skip_unavailable=False, continue_on_error=False, event_handlers=None, executor='parallel', ignore_user_meta=False, install_base='install', log_base=None, log_level=None, main=<bound method BuildVerb.main of <colcon_core.verb.build.BuildVerb object at 0x7f97f1fc01f0>>, merge_install=False, metas=['./colcon.meta'], packages_above=None, packages_above_and_dependencies=None, packages_above_depth=None, packages_end=None, packages_ignore=None, packages_ignore_regex=None, packages_select=['gscam'], packages_select_build_failed=False, packages_select_by_dep=None, packages_select_regex=None, packages_select_test_failures=False, packages_skip=None, packages_skip_build_finished=False, packages_skip_by_dep=None, packages_skip_regex=None, packages_skip_test_passed=False, packages_skip_up_to=None, packages_start=None, packages_up_to=None, packages_up_to_regex=None, parallel_workers=4, paths=None, symlink_install=False, test_result_base=None, verb_extension=<colcon_core.verb.build.BuildVerb object at 0x7f97f1fc01f0>, verb_name='build', verb_parser=<colcon_defaults.argument_parser.defaults.DefaultArgumentsDecorator object at 0x7f97f1f92af0>)
[0.620s] Level 1:colcon.colcon_core.package_discovery:discover_packages(colcon_meta) check parameters
[0.620s] Level 1:colcon.colcon_core.package_discovery:discover_packages(recursive) check parameters
[0.620s] Level 1:colcon.colcon_core.package_discovery:discover_packages(ignore) check parameters
[0.620s] Level 1:colcon.colcon_core.package_discovery:discover_packages(path) check parameters
[0.620s] Level 1:colcon.colcon_core.package_discovery:discover_packages(colcon_meta) discover
[0.620s] Level 1:colcon.colcon_core.package_discovery:discover_packages(recursive) discover
[0.620s] INFO:colcon.colcon_core.package_discovery:Crawling recursively for packages in '/home/azraa/ros2_ws'
[0.620s] Level 1:colcon.colcon_core.package_identification:_identify(.) by extensions ['ignore', 'ignore_ament_install']
[0.620s] Level 1:colcon.colcon_core.package_identification:_identify(.) by extension 'ignore'
[0.620s] Level 1:colcon.colcon_core.package_identification:_identify(.) by extension 'ignore_ament_install'
[0.620s] Level 1:colcon.colcon_core.package_identification:_identify(.) by extensions ['colcon_pkg']
[0.620s] Level 1:colcon.colcon_core.package_identification:_identify(.) by extension 'colcon_pkg'
[0.620s] Level 1:colcon.colcon_core.package_identification:_identify(.) by extensions ['colcon_meta']
[0.620s] Level 1:colcon.colcon_core.package_identification:_identify(.) by extension 'colcon_meta'
[0.620s] Level 1:colcon.colcon_core.package_identification:_identify(.) by extensions ['ros']
[0.621s] Level 1:colcon.colcon_core.package_identification:_identify(.) by extension 'ros'
[0.639s] Level 1:colcon.colcon_core.package_identification:_identify(.) by extensions ['cmake', 'python']
[0.640s] Level 1:colcon.colcon_core.package_identification:_identify(.) by extension 'cmake'
[0.640s] Level 1:colcon.colcon_core.package_identification:_identify(.) by extension 'python'
[0.640s] Level 1:colcon.colcon_core.package_identification:_identify(.) by extensions ['python_setup_py']
[0.640s] Level 1:colcon.colcon_core.package_identification:_identify(.) by extension 'python_setup_py'
[0.640s] Level 1:colcon.colcon_core.package_identification:_identify(bags) by extensions ['ignore', 'ignore_ament_install']
[0.640s] Level 1:colcon.colcon_core.package_identification:_identify(bags) by extension 'ignore'
[0.640s] Level 1:colcon.colcon_core.package_identification:_identify(bags) by extension 'ignore_ament_install'
[0.640s] Level 1:colcon.colcon_core.package_identification:_identify(bags) by extensions ['colcon_pkg']
[0.640s] Level 1:colcon.colcon_core.package_identification:_identify(bags) by extension 'colcon_pkg'
[0.640s] Level 1:colcon.colcon_core.package_identification:_identify(bags) by extensions ['colcon_meta']
[0.640s] Level 1:colcon.colcon_core.package_identification:_identify(bags) by extension 'colcon_meta'
[0.640s] Level 1:colcon.colcon_core.package_identification:_identify(bags) by extensions ['ros']
[0.640s] Level 1:colcon.colcon_core.package_identification:_identify(bags) by extension 'ros'
[0.640s] Level 1:colcon.colcon_core.package_identification:_identify(bags) by extensions ['cmake', 'python']
[0.640s] Level 1:colcon.colcon_core.package_identification:_identify(bags) by extension 'cmake'
[0.640s] Level 1:colcon.colcon_core.package_identification:_identify(bags) by extension 'python'
[0.641s] Level 1:colcon.colcon_core.package_identification:_identify(bags) by extensions ['python_setup_py']
[0.641s] Level 1:colcon.colcon_core.package_identification:_identify(bags) by extension 'python_setup_py'
[0.641s] Level 1:colcon.colcon_core.package_identification:_identify(bags/test2) by extensions ['ignore', 'ignore_ament_install']
[0.641s] Level 1:colcon.colcon_core.package_identification:_identify(bags/test2) by extension 'ignore'
[0.641s] Level 1:colcon.colcon_core.package_identification:_identify(bags/test2) by extension 'ignore_ament_install'
[0.641s] Level 1:colcon.colcon_core.package_identification:_identify(bags/test2) by extensions ['colcon_pkg']
[0.641s] Level 1:colcon.colcon_core.package_identification:_identify(bags/test2) by extension 'colcon_pkg'
[0.641s] Level 1:colcon.colcon_core.package_identification:_identify(bags/test2) by extensions ['colcon_meta']
[0.641s] Level 1:colcon.colcon_core.package_identification:_identify(bags/test2) by extension 'colcon_meta'
[0.641s] Level 1:colcon.colcon_core.package_identification:_identify(bags/test2) by extensions ['ros']
[0.641s] Level 1:colcon.colcon_core.package_identification:_identify(bags/test2) by extension 'ros'
[0.641s] Level 1:colcon.colcon_core.package_identification:_identify(bags/test2) by extensions ['cmake', 'python']
[0.641s] Level 1:colcon.colcon_core.package_identification:_identify(bags/test2) by extension 'cmake'
[0.641s] Level 1:colcon.colcon_core.package_identification:_identify(bags/test2) by extension 'python'
[0.641s] Level 1:colcon.colcon_core.package_identification:_identify(bags/test2) by extensions ['python_setup_py']
[0.641s] Level 1:colcon.colcon_core.package_identification:_identify(bags/test2) by extension 'python_setup_py'
[0.641s] Level 1:colcon.colcon_core.package_identification:_identify(build) by extensions ['ignore', 'ignore_ament_install']
[0.642s] Level 1:colcon.colcon_core.package_identification:_identify(build) by extension 'ignore'
[0.642s] Level 1:colcon.colcon_core.package_identification:_identify(build) ignored
[0.642s] Level 1:colcon.colcon_core.package_identification:_identify(install) by extensions ['ignore', 'ignore_ament_install']
[0.642s] Level 1:colcon.colcon_core.package_identification:_identify(install) by extension 'ignore'
[0.642s] Level 1:colcon.colcon_core.package_identification:_identify(install) ignored
[0.642s] Level 1:colcon.colcon_core.package_identification:_identify(log) by extensions ['ignore', 'ignore_ament_install']
[0.643s] Level 1:colcon.colcon_core.package_identification:_identify(log) by extension 'ignore'
[0.643s] Level 1:colcon.colcon_core.package_identification:_identify(log) ignored
[0.643s] Level 1:colcon.colcon_core.package_identification:_identify(rosbag2video) by extensions ['ignore', 'ignore_ament_install']
[0.643s] Level 1:colcon.colcon_core.package_identification:_identify(rosbag2video) by extension 'ignore'
[0.643s] Level 1:colcon.colcon_core.package_identification:_identify(rosbag2video) by extension 'ignore_ament_install'
[0.643s] Level 1:colcon.colcon_core.package_identification:_identify(rosbag2video) by extensions ['colcon_pkg']
[0.643s] Level 1:colcon.colcon_core.package_identification:_identify(rosbag2video) by extension 'colcon_pkg'
[0.643s] Level 1:colcon.colcon_core.package_identification:_identify(rosbag2video) by extensions ['colcon_meta']
[0.643s] Level 1:colcon.colcon_core.package_identification:_identify(rosbag2video) by extension 'colcon_meta'
[0.643s] Level 1:colcon.colcon_core.package_identification:_identify(rosbag2video) by extensions ['ros']
[0.643s] Level 1:colcon.colcon_core.package_identification:_identify(rosbag2video) by extension 'ros'
[0.643s] Level 1:colcon.colcon_core.package_identification:_identify(rosbag2video) by extensions ['cmake', 'python']
[0.643s] Level 1:colcon.colcon_core.package_identification:_identify(rosbag2video) by extension 'cmake'
[0.643s] Level 1:colcon.colcon_core.package_identification:_identify(rosbag2video) by extension 'python'
[0.643s] Level 1:colcon.colcon_core.package_identification:_identify(rosbag2video) by extensions ['python_setup_py']
[0.643s] Level 1:colcon.colcon_core.package_identification:_identify(rosbag2video) by extension 'python_setup_py'
[0.644s] Level 1:colcon.colcon_core.package_identification:_identify(src) by extensions ['ignore', 'ignore_ament_install']
[0.644s] Level 1:colcon.colcon_core.package_identification:_identify(src) by extension 'ignore'
[0.644s] Level 1:colcon.colcon_core.package_identification:_identify(src) by extension 'ignore_ament_install'
[0.644s] Level 1:colcon.colcon_core.package_identification:_identify(src) by extensions ['colcon_pkg']
[0.644s] Level 1:colcon.colcon_core.package_identification:_identify(src) by extension 'colcon_pkg'
[0.644s] Level 1:colcon.colcon_core.package_identification:_identify(src) by extensions ['colcon_meta']
[0.644s] Level 1:colcon.colcon_core.package_identification:_identify(src) by extension 'colcon_meta'
[0.644s] Level 1:colcon.colcon_core.package_identification:_identify(src) by extensions ['ros']
[0.644s] Level 1:colcon.colcon_core.package_identification:_identify(src) by extension 'ros'
[0.644s] Level 1:colcon.colcon_core.package_identification:_identify(src) by extensions ['cmake', 'python']
[0.644s] Level 1:colcon.colcon_core.package_identification:_identify(src) by extension 'cmake'
[0.644s] Level 1:colcon.colcon_core.package_identification:_identify(src) by extension 'python'
[0.644s] Level 1:colcon.colcon_core.package_identification:_identify(src) by extensions ['python_setup_py']
[0.644s] Level 1:colcon.colcon_core.package_identification:_identify(src) by extension 'python_setup_py'
[0.644s] Level 1:colcon.colcon_core.package_identification:_identify(src/M2S2) by extensions ['ignore', 'ignore_ament_install']
[0.644s] Level 1:colcon.colcon_core.package_identification:_identify(src/M2S2) by extension 'ignore'
[0.645s] Level 1:colcon.colcon_core.package_identification:_identify(src/M2S2) by extension 'ignore_ament_install'
[0.645s] Level 1:colcon.colcon_core.package_identification:_identify(src/M2S2) by extensions ['colcon_pkg']
[0.645s] Level 1:colcon.colcon_core.package_identification:_identify(src/M2S2) by extension 'colcon_pkg'
[0.645s] Level 1:colcon.colcon_core.package_identification:_identify(src/M2S2) by extensions ['colcon_meta']
[0.645s] Level 1:colcon.colcon_core.package_identification:_identify(src/M2S2) by extension 'colcon_meta'
[0.645s] Level 1:colcon.colcon_core.package_identification:_identify(src/M2S2) by extensions ['ros']
[0.645s] Level 1:colcon.colcon_core.package_identification:_identify(src/M2S2) by extension 'ros'
[0.645s] Level 1:colcon.colcon_core.package_identification:_identify(src/M2S2) by extensions ['cmake', 'python']
[0.645s] Level 1:colcon.colcon_core.package_identification:_identify(src/M2S2) by extension 'cmake'
[0.645s] Level 1:colcon.colcon_core.package_identification:_identify(src/M2S2) by extension 'python'
[0.645s] Level 1:colcon.colcon_core.package_identification:_identify(src/M2S2) by extensions ['python_setup_py']
[0.645s] Level 1:colcon.colcon_core.package_identification:_identify(src/M2S2) by extension 'python_setup_py'
[0.645s] Level 1:colcon.colcon_core.package_identification:_identify(src/M2S2/audio_common) by extensions ['ignore', 'ignore_ament_install']
[0.645s] Level 1:colcon.colcon_core.package_identification:_identify(src/M2S2/audio_common) by extension 'ignore'
[0.645s] Level 1:colcon.colcon_core.package_identification:_identify(src/M2S2/audio_common) by extension 'ignore_ament_install'
[0.645s] Level 1:colcon.colcon_core.package_identification:_identify(src/M2S2/audio_common) by extensions ['colcon_pkg']
[0.646s] Level 1:colcon.colcon_core.package_identification:_identify(src/M2S2/audio_common) by extension 'colcon_pkg'
[0.646s] Level 1:colcon.colcon_core.package_identification:_identify(src/M2S2/audio_common) by extensions ['colcon_meta']
[0.646s] Level 1:colcon.colcon_core.package_identification:_identify(src/M2S2/audio_common) by extension 'colcon_meta'
[0.646s] Level 1:colcon.colcon_core.package_identification:_identify(src/M2S2/audio_common) by extensions ['ros']
[0.646s] Level 1:colcon.colcon_core.package_identification:_identify(src/M2S2/audio_common) by extension 'ros'
[0.646s] Level 1:colcon.colcon_core.package_identification:_identify(src/M2S2/audio_common) by extensions ['cmake', 'python']
[0.646s] Level 1:colcon.colcon_core.package_identification:_identify(src/M2S2/audio_common) by extension 'cmake'
[0.646s] Level 1:colcon.colcon_core.package_identification:_identify(src/M2S2/audio_common) by extension 'python'
[0.646s] Level 1:colcon.colcon_core.package_identification:_identify(src/M2S2/audio_common) by extensions ['python_setup_py']
[0.646s] Level 1:colcon.colcon_core.package_identification:_identify(src/M2S2/audio_common) by extension 'python_setup_py'
[0.646s] Level 1:colcon.colcon_core.package_identification:_identify(src/M2S2/audio_common/audio_capture) by extensions ['ignore', 'ignore_ament_install']
[0.646s] Level 1:colcon.colcon_core.package_identification:_identify(src/M2S2/audio_common/audio_capture) by extension 'ignore'
[0.646s] Level 1:colcon.colcon_core.package_identification:_identify(src/M2S2/audio_common/audio_capture) by extension 'ignore_ament_install'
[0.646s] Level 1:colcon.colcon_core.package_identification:_identify(src/M2S2/audio_common/audio_capture) by extensions ['colcon_pkg']
[0.646s] Level 1:colcon.colcon_core.package_identification:_identify(src/M2S2/audio_common/audio_capture) by extension 'colcon_pkg'
[0.646s] Level 1:colcon.colcon_core.package_identification:_identify(src/M2S2/audio_common/audio_capture) by extensions ['colcon_meta']
[0.646s] Level 1:colcon.colcon_core.package_identification:_identify(src/M2S2/audio_common/audio_capture) by extension 'colcon_meta'
[0.647s] Level 1:colcon.colcon_core.package_identification:_identify(src/M2S2/audio_common/audio_capture) by extensions ['ros']
[0.647s] Level 1:colcon.colcon_core.package_identification:_identify(src/M2S2/audio_common/audio_capture) by extension 'ros'
[0.650s] DEBUG:colcon.colcon_core.package_identification:Package 'src/M2S2/audio_common/audio_capture' with type 'ros.ament_cmake' and name 'audio_capture'
[0.650s] Level 1:colcon.colcon_core.package_identification:_identify(src/M2S2/audio_common/audio_common) by extensions ['ignore', 'ignore_ament_install']
[0.650s] Level 1:colcon.colcon_core.package_identification:_identify(src/M2S2/audio_common/audio_common) by extension 'ignore'
[0.650s] Level 1:colcon.colcon_core.package_identification:_identify(src/M2S2/audio_common/audio_common) by extension 'ignore_ament_install'
[0.651s] Level 1:colcon.colcon_core.package_identification:_identify(src/M2S2/audio_common/audio_common) by extensions ['colcon_pkg']
[0.651s] Level 1:colcon.colcon_core.package_identification:_identify(src/M2S2/audio_common/audio_common) by extension 'colcon_pkg'
[0.651s] Level 1:colcon.colcon_core.package_identification:_identify(src/M2S2/audio_common/audio_common) by extensions ['colcon_meta']
[0.651s] Level 1:colcon.colcon_core.package_identification:_identify(src/M2S2/audio_common/audio_common) by extension 'colcon_meta'
[0.651s] Level 1:colcon.colcon_core.package_identification:_identify(src/M2S2/audio_common/audio_common) by extensions ['ros']
[0.651s] Level 1:colcon.colcon_core.package_identification:_identify(src/M2S2/audio_common/audio_common) by extension 'ros'
[0.651s] DEBUG:colcon.colcon_core.package_identification:Package 'src/M2S2/audio_common/audio_common' with type 'ros.ament_cmake' and name 'audio_common'
[0.652s] Level 1:colcon.colcon_core.package_identification:_identify(src/M2S2/audio_common/audio_common_msgs) by extensions ['ignore', 'ignore_ament_install']
[0.652s] Level 1:colcon.colcon_core.package_identification:_identify(src/M2S2/audio_common/audio_common_msgs) by extension 'ignore'
[0.652s] Level 1:colcon.colcon_core.package_identification:_identify(src/M2S2/audio_common/audio_common_msgs) by extension 'ignore_ament_install'
[0.652s] Level 1:colcon.colcon_core.package_identification:_identify(src/M2S2/audio_common/audio_common_msgs) by extensions ['colcon_pkg']
[0.652s] Level 1:colcon.colcon_core.package_identification:_identify(src/M2S2/audio_common/audio_common_msgs) by extension 'colcon_pkg'
[0.652s] Level 1:colcon.colcon_core.package_identification:_identify(src/M2S2/audio_common/audio_common_msgs) by extensions ['colcon_meta']
[0.652s] Level 1:colcon.colcon_core.package_identification:_identify(src/M2S2/audio_common/audio_common_msgs) by extension 'colcon_meta'
[0.652s] Level 1:colcon.colcon_core.package_identification:_identify(src/M2S2/audio_common/audio_common_msgs) by extensions ['ros']
[0.652s] Level 1:colcon.colcon_core.package_identification:_identify(src/M2S2/audio_common/audio_common_msgs) by extension 'ros'
[0.653s] DEBUG:colcon.colcon_core.package_identification:Package 'src/M2S2/audio_common/audio_common_msgs' with type 'ros.ament_cmake' and name 'audio_common_msgs'
[0.653s] Level 1:colcon.colcon_core.package_identification:_identify(src/M2S2/audio_common/audio_play) by extensions ['ignore', 'ignore_ament_install']
[0.653s] Level 1:colcon.colcon_core.package_identification:_identify(src/M2S2/audio_common/audio_play) by extension 'ignore'
[0.653s] Level 1:colcon.colcon_core.package_identification:_identify(src/M2S2/audio_common/audio_play) by extension 'ignore_ament_install'
[0.653s] Level 1:colcon.colcon_core.package_identification:_identify(src/M2S2/audio_common/audio_play) by extensions ['colcon_pkg']
[0.653s] Level 1:colcon.colcon_core.package_identification:_identify(src/M2S2/audio_common/audio_play) by extension 'colcon_pkg'
[0.653s] Level 1:colcon.colcon_core.package_identification:_identify(src/M2S2/audio_common/audio_play) by extensions ['colcon_meta']
[0.653s] Level 1:colcon.colcon_core.package_identification:_identify(src/M2S2/audio_common/audio_play) by extension 'colcon_meta'
[0.653s] Level 1:colcon.colcon_core.package_identification:_identify(src/M2S2/audio_common/audio_play) by extensions ['ros']
[0.653s] Level 1:colcon.colcon_core.package_identification:_identify(src/M2S2/audio_common/audio_play) by extension 'ros'
[0.654s] DEBUG:colcon.colcon_core.package_identification:Package 'src/M2S2/audio_common/audio_play' with type 'ros.ament_cmake' and name 'audio_play'
[0.655s] Level 1:colcon.colcon_core.package_identification:_identify(src/M2S2/audio_common/sound_play) by extensions ['ignore', 'ignore_ament_install']
[0.655s] Level 1:colcon.colcon_core.package_identification:_identify(src/M2S2/audio_common/sound_play) by extension 'ignore'
[0.655s] Level 1:colcon.colcon_core.package_identification:_identify(src/M2S2/audio_common/sound_play) by extension 'ignore_ament_install'
[0.655s] Level 1:colcon.colcon_core.package_identification:_identify(src/M2S2/audio_common/sound_play) by extensions ['colcon_pkg']
[0.655s] Level 1:colcon.colcon_core.package_identification:_identify(src/M2S2/audio_common/sound_play) by extension 'colcon_pkg'
[0.655s] Level 1:colcon.colcon_core.package_identification:_identify(src/M2S2/audio_common/sound_play) by extensions ['colcon_meta']
[0.655s] Level 1:colcon.colcon_core.package_identification:_identify(src/M2S2/audio_common/sound_play) by extension 'colcon_meta'
[0.655s] Level 1:colcon.colcon_core.package_identification:_identify(src/M2S2/audio_common/sound_play) by extensions ['ros']
[0.655s] Level 1:colcon.colcon_core.package_identification:_identify(src/M2S2/audio_common/sound_play) by extension 'ros'
[0.656s] DEBUG:colcon.colcon_core.package_identification:Package 'src/M2S2/audio_common/sound_play' with type 'ros.ament_cmake' and name 'sound_play'
[0.657s] Level 1:colcon.colcon_core.package_identification:_identify(src/M2S2/bags) by extensions ['ignore', 'ignore_ament_install']
[0.657s] Level 1:colcon.colcon_core.package_identification:_identify(src/M2S2/bags) by extension 'ignore'
[0.657s] Level 1:colcon.colcon_core.package_identification:_identify(src/M2S2/bags) by extension 'ignore_ament_install'
[0.657s] Level 1:colcon.colcon_core.package_identification:_identify(src/M2S2/bags) by extensions ['colcon_pkg']
[0.657s] Level 1:colcon.colcon_core.package_identification:_identify(src/M2S2/bags) by extension 'colcon_pkg'
[0.657s] Level 1:colcon.colcon_core.package_identification:_identify(src/M2S2/bags) by extensions ['colcon_meta']
[0.657s] Level 1:colcon.colcon_core.package_identification:_identify(src/M2S2/bags) by extension 'colcon_meta'
[0.657s] Level 1:colcon.colcon_core.package_identification:_identify(src/M2S2/bags) by extensions ['ros']
[0.657s] Level 1:colcon.colcon_core.package_identification:_identify(src/M2S2/bags) by extension 'ros'
[0.657s] Level 1:colcon.colcon_core.package_identification:_identify(src/M2S2/bags) by extensions ['cmake', 'python']
[0.657s] Level 1:colcon.colcon_core.package_identification:_identify(src/M2S2/bags) by extension 'cmake'
[0.657s] Level 1:colcon.colcon_core.package_identification:_identify(src/M2S2/bags) by extension 'python'
[0.657s] Level 1:colcon.colcon_core.package_identification:_identify(src/M2S2/bags) by extensions ['python_setup_py']
[0.657s] Level 1:colcon.colcon_core.package_identification:_identify(src/M2S2/bags) by extension 'python_setup_py'
[0.657s] Level 1:colcon.colcon_core.package_identification:_identify(src/M2S2/bags/test_enviro) by extensions ['ignore', 'ignore_ament_install']
[0.658s] Level 1:colcon.colcon_core.package_identification:_identify(src/M2S2/bags/test_enviro) by extension 'ignore'
[0.658s] Level 1:colcon.colcon_core.package_identification:_identify(src/M2S2/bags/test_enviro) by extension 'ignore_ament_install'
[0.658s] Level 1:colcon.colcon_core.package_identification:_identify(src/M2S2/bags/test_enviro) by extensions ['colcon_pkg']
[0.658s] Level 1:colcon.colcon_core.package_identification:_identify(src/M2S2/bags/test_enviro) by extension 'colcon_pkg'
[0.658s] Level 1:colcon.colcon_core.package_identification:_identify(src/M2S2/bags/test_enviro) by extensions ['colcon_meta']
[0.658s] Level 1:colcon.colcon_core.package_identification:_identify(src/M2S2/bags/test_enviro) by extension 'colcon_meta'
[0.658s] Level 1:colcon.colcon_core.package_identification:_identify(src/M2S2/bags/test_enviro) by extensions ['ros']
[0.658s] Level 1:colcon.colcon_core.package_identification:_identify(src/M2S2/bags/test_enviro) by extension 'ros'
[0.658s] Level 1:colcon.colcon_core.package_identification:_identify(src/M2S2/bags/test_enviro) by extensions ['cmake', 'python']
[0.658s] Level 1:colcon.colcon_core.package_identification:_identify(src/M2S2/bags/test_enviro) by extension 'cmake'
[0.658s] Level 1:colcon.colcon_core.package_identification:_identify(src/M2S2/bags/test_enviro) by extension 'python'
[0.658s] Level 1:colcon.colcon_core.package_identification:_identify(src/M2S2/bags/test_enviro) by extensions ['python_setup_py']
[0.658s] Level 1:colcon.colcon_core.package_identification:_identify(src/M2S2/bags/test_enviro) by extension 'python_setup_py'
[0.658s] Level 1:colcon.colcon_core.package_identification:_identify(src/M2S2/bme280) by extensions ['ignore', 'ignore_ament_install']
[0.658s] Level 1:colcon.colcon_core.package_identification:_identify(src/M2S2/bme280) by extension 'ignore'
[0.658s] Level 1:colcon.colcon_core.package_identification:_identify(src/M2S2/bme280) by extension 'ignore_ament_install'
[0.659s] Level 1:colcon.colcon_core.package_identification:_identify(src/M2S2/bme280) by extensions ['colcon_pkg']
[0.659s] Level 1:colcon.colcon_core.package_identification:_identify(src/M2S2/bme280) by extension 'colcon_pkg'
[0.659s] Level 1:colcon.colcon_core.package_identification:_identify(src/M2S2/bme280) by extensions ['colcon_meta']
[0.659s] Level 1:colcon.colcon_core.package_identification:_identify(src/M2S2/bme280) by extension 'colcon_meta'
[0.659s] Level 1:colcon.colcon_core.package_identification:_identify(src/M2S2/bme280) by extensions ['ros']
[0.659s] Level 1:colcon.colcon_core.package_identification:_identify(src/M2S2/bme280) by extension 'ros'
[0.659s] DEBUG:colcon.colcon_core.package_identification:Package 'src/M2S2/bme280' with type 'ros.ament_cmake' and name 'bme280'
[0.660s] Level 1:colcon.colcon_core.package_identification:_identify(src/M2S2/flir_lepton_ros2) by extensions ['ignore', 'ignore_ament_install']
[0.660s] Level 1:colcon.colcon_core.package_identification:_identify(src/M2S2/flir_lepton_ros2) by extension 'ignore'
[0.660s] Level 1:colcon.colcon_core.package_identification:_identify(src/M2S2/flir_lepton_ros2) by extension 'ignore_ament_install'
[0.660s] Level 1:colcon.colcon_core.package_identification:_identify(src/M2S2/flir_lepton_ros2) by extensions ['colcon_pkg']
[0.660s] Level 1:colcon.colcon_core.package_identification:_identify(src/M2S2/flir_lepton_ros2) by extension 'colcon_pkg'
[0.660s] Level 1:colcon.colcon_core.package_identification:_identify(src/M2S2/flir_lepton_ros2) by extensions ['colcon_meta']
[0.660s] Level 1:colcon.colcon_core.package_identification:_identify(src/M2S2/flir_lepton_ros2) by extension 'colcon_meta'
[0.660s] Level 1:colcon.colcon_core.package_identification:_identify(src/M2S2/flir_lepton_ros2) by extensions ['ros']
[0.660s] Level 1:colcon.colcon_core.package_identification:_identify(src/M2S2/flir_lepton_ros2) by extension 'ros'
[0.661s] DEBUG:colcon.colcon_core.package_identification:Package 'src/M2S2/flir_lepton_ros2' with type 'ros.ament_cmake' and name 'flir_lepton_ros2'
[0.661s] Level 1:colcon.colcon_core.package_identification:_identify(src/M2S2/m2s2_bringup) by extensions ['ignore', 'ignore_ament_install']
[0.661s] Level 1:colcon.colcon_core.package_identification:_identify(src/M2S2/m2s2_bringup) by extension 'ignore'
[0.661s] Level 1:colcon.colcon_core.package_identification:_identify(src/M2S2/m2s2_bringup) by extension 'ignore_ament_install'
[0.661s] Level 1:colcon.colcon_core.package_identification:_identify(src/M2S2/m2s2_bringup) by extensions ['colcon_pkg']
[0.661s] Level 1:colcon.colcon_core.package_identification:_identify(src/M2S2/m2s2_bringup) by extension 'colcon_pkg'
[0.662s] Level 1:colcon.colcon_core.package_identification:_identify(src/M2S2/m2s2_bringup) by extensions ['colcon_meta']
[0.662s] Level 1:colcon.colcon_core.package_identification:_identify(src/M2S2/m2s2_bringup) by extension 'colcon_meta'
[0.662s] Level 1:colcon.colcon_core.package_identification:_identify(src/M2S2/m2s2_bringup) by extensions ['ros']
[0.662s] Level 1:colcon.colcon_core.package_identification:_identify(src/M2S2/m2s2_bringup) by extension 'ros'
[0.662s] DEBUG:colcon.colcon_core.package_identification:Package 'src/M2S2/m2s2_bringup' with type 'ros.ament_cmake' and name 'm2s2_bringup'
[0.662s] Level 1:colcon.colcon_core.package_identification:_identify(src/M2S2/m2s2_custom_interfaces) by extensions ['ignore', 'ignore_ament_install']
[0.662s] Level 1:colcon.colcon_core.package_identification:_identify(src/M2S2/m2s2_custom_interfaces) by extension 'ignore'
[0.663s] Level 1:colcon.colcon_core.package_identification:_identify(src/M2S2/m2s2_custom_interfaces) by extension 'ignore_ament_install'
[0.663s] Level 1:colcon.colcon_core.package_identification:_identify(src/M2S2/m2s2_custom_interfaces) by extensions ['colcon_pkg']
[0.663s] Level 1:colcon.colcon_core.package_identification:_identify(src/M2S2/m2s2_custom_interfaces) by extension 'colcon_pkg'
[0.663s] Level 1:colcon.colcon_core.package_identification:_identify(src/M2S2/m2s2_custom_interfaces) by extensions ['colcon_meta']
[0.663s] Level 1:colcon.colcon_core.package_identification:_identify(src/M2S2/m2s2_custom_interfaces) by extension 'colcon_meta'
[0.663s] Level 1:colcon.colcon_core.package_identification:_identify(src/M2S2/m2s2_custom_interfaces) by extensions ['ros']
[0.663s] Level 1:colcon.colcon_core.package_identification:_identify(src/M2S2/m2s2_custom_interfaces) by extension 'ros'
[0.665s] DEBUG:colcon.colcon_core.package_identification:Package 'src/M2S2/m2s2_custom_interfaces' with type 'ros.ament_cmake' and name 'm2s2_custom_interfaces'
[0.665s] Level 1:colcon.colcon_core.package_identification:_identify(src/M2S2/ximea_ros2_cam) by extensions ['ignore', 'ignore_ament_install']
[0.665s] Level 1:colcon.colcon_core.package_identification:_identify(src/M2S2/ximea_ros2_cam) by extension 'ignore'
[0.665s] Level 1:colcon.colcon_core.package_identification:_identify(src/M2S2/ximea_ros2_cam) by extension 'ignore_ament_install'
[0.665s] Level 1:colcon.colcon_core.package_identification:_identify(src/M2S2/ximea_ros2_cam) by extensions ['colcon_pkg']
[0.665s] Level 1:colcon.colcon_core.package_identification:_identify(src/M2S2/ximea_ros2_cam) by extension 'colcon_pkg'
[0.665s] Level 1:colcon.colcon_core.package_identification:_identify(src/M2S2/ximea_ros2_cam) by extensions ['colcon_meta']
[0.665s] Level 1:colcon.colcon_core.package_identification:_identify(src/M2S2/ximea_ros2_cam) by extension 'colcon_meta'
[0.665s] Level 1:colcon.colcon_core.package_identification:_identify(src/M2S2/ximea_ros2_cam) by extensions ['ros']
[0.665s] Level 1:colcon.colcon_core.package_identification:_identify(src/M2S2/ximea_ros2_cam) by extension 'ros'
[0.667s] DEBUG:colcon.colcon_core.package_identification:Package 'src/M2S2/ximea_ros2_cam' with type 'ros.ament_cmake' and name 'ximea_ros2_cam'
[0.667s] Level 1:colcon.colcon_core.package_identification:_identify(src/build) by extensions ['ignore', 'ignore_ament_install']
[0.667s] Level 1:colcon.colcon_core.package_identification:_identify(src/build) by extension 'ignore'
[0.667s] Level 1:colcon.colcon_core.package_identification:_identify(src/build) ignored
[0.667s] Level 1:colcon.colcon_core.package_identification:_identify(src/gscam) by extensions ['ignore', 'ignore_ament_install']
[0.667s] Level 1:colcon.colcon_core.package_identification:_identify(src/gscam) by extension 'ignore'
[0.667s] Level 1:colcon.colcon_core.package_identification:_identify(src/gscam) by extension 'ignore_ament_install'
[0.667s] Level 1:colcon.colcon_core.package_identification:_identify(src/gscam) by extensions ['colcon_pkg']
[0.667s] Level 1:colcon.colcon_core.package_identification:_identify(src/gscam) by extension 'colcon_pkg'
[0.667s] Level 1:colcon.colcon_core.package_identification:_identify(src/gscam) by extensions ['colcon_meta']
[0.667s] Level 1:colcon.colcon_core.package_identification:_identify(src/gscam) by extension 'colcon_meta'
[0.667s] Level 1:colcon.colcon_core.package_identification:_identify(src/gscam) by extensions ['ros']
[0.667s] Level 1:colcon.colcon_core.package_identification:_identify(src/gscam) by extension 'ros'
[0.670s] DEBUG:colcon.colcon_core.package_identification:Package 'src/gscam' with type 'ros.ament_cmake' and name 'gscam'
[0.670s] Level 1:colcon.colcon_core.package_identification:_identify(src/install) by extensions ['ignore', 'ignore_ament_install']
[0.670s] Level 1:colcon.colcon_core.package_identification:_identify(src/install) by extension 'ignore'
[0.670s] Level 1:colcon.colcon_core.package_identification:_identify(src/install) ignored
[0.670s] Level 1:colcon.colcon_core.package_identification:_identify(src/log) by extensions ['ignore', 'ignore_ament_install']
[0.670s] Level 1:colcon.colcon_core.package_identification:_identify(src/log) by extension 'ignore'
[0.670s] Level 1:colcon.colcon_core.package_identification:_identify(src/log) ignored
[0.670s] Level 1:colcon.colcon_core.package_identification:_identify(src/m2s2_test_python) by extensions ['ignore', 'ignore_ament_install']
[0.670s] Level 1:colcon.colcon_core.package_identification:_identify(src/m2s2_test_python) by extension 'ignore'
[0.670s] Level 1:colcon.colcon_core.package_identification:_identify(src/m2s2_test_python) by extension 'ignore_ament_install'
[0.670s] Level 1:colcon.colcon_core.package_identification:_identify(src/m2s2_test_python) by extensions ['colcon_pkg']
[0.671s] Level 1:colcon.colcon_core.package_identification:_identify(src/m2s2_test_python) by extension 'colcon_pkg'
[0.671s] Level 1:colcon.colcon_core.package_identification:_identify(src/m2s2_test_python) by extensions ['colcon_meta']
[0.671s] Level 1:colcon.colcon_core.package_identification:_identify(src/m2s2_test_python) by extension 'colcon_meta'
[0.671s] Level 1:colcon.colcon_core.package_identification:_identify(src/m2s2_test_python) by extensions ['ros']
[0.671s] Level 1:colcon.colcon_core.package_identification:_identify(src/m2s2_test_python) by extension 'ros'
[0.671s] DEBUG:colcon.colcon_core.package_identification:Package 'src/m2s2_test_python' with type 'ros.ament_python' and name 'm2s2_test_python'
[0.671s] Level 1:colcon.colcon_core.package_identification:_identify(src/my_cpp_pkg) by extensions ['ignore', 'ignore_ament_install']
[0.672s] Level 1:colcon.colcon_core.package_identification:_identify(src/my_cpp_pkg) by extension 'ignore'
[0.672s] Level 1:colcon.colcon_core.package_identification:_identify(src/my_cpp_pkg) by extension 'ignore_ament_install'
[0.672s] Level 1:colcon.colcon_core.package_identification:_identify(src/my_cpp_pkg) by extensions ['colcon_pkg']
[0.672s] Level 1:colcon.colcon_core.package_identification:_identify(src/my_cpp_pkg) by extension 'colcon_pkg'
[0.672s] Level 1:colcon.colcon_core.package_identification:_identify(src/my_cpp_pkg) by extensions ['colcon_meta']
[0.672s] Level 1:colcon.colcon_core.package_identification:_identify(src/my_cpp_pkg) by extension 'colcon_meta'
[0.672s] Level 1:colcon.colcon_core.package_identification:_identify(src/my_cpp_pkg) by extensions ['ros']
[0.672s] Level 1:colcon.colcon_core.package_identification:_identify(src/my_cpp_pkg) by extension 'ros'
[0.673s] DEBUG:colcon.colcon_core.package_identification:Package 'src/my_cpp_pkg' with type 'ros.ament_cmake' and name 'my_cpp_pkg'
[0.673s] Level 1:colcon.colcon_core.package_identification:_identify(src/my_python_pkg) by extensions ['ignore', 'ignore_ament_install']
[0.673s] Level 1:colcon.colcon_core.package_identification:_identify(src/my_python_pkg) by extension 'ignore'
[0.673s] Level 1:colcon.colcon_core.package_identification:_identify(src/my_python_pkg) by extension 'ignore_ament_install'
[0.673s] Level 1:colcon.colcon_core.package_identification:_identify(src/my_python_pkg) by extensions ['colcon_pkg']
[0.673s] Level 1:colcon.colcon_core.package_identification:_identify(src/my_python_pkg) by extension 'colcon_pkg'
[0.674s] Level 1:colcon.colcon_core.package_identification:_identify(src/my_python_pkg) by extensions ['colcon_meta']
[0.674s] Level 1:colcon.colcon_core.package_identification:_identify(src/my_python_pkg) by extension 'colcon_meta'
[0.674s] Level 1:colcon.colcon_core.package_identification:_identify(src/my_python_pkg) by extensions ['ros']
[0.674s] Level 1:colcon.colcon_core.package_identification:_identify(src/my_python_pkg) by extension 'ros'
[0.674s] DEBUG:colcon.colcon_core.package_identification:Failed to parse potential ROS package manifest in'src/my_python_pkg': Error(s) in package 'src/my_python_pkg/package.xml':
The manifest contains invalid XML:
mismatched tag: line 14, column 20
[0.674s] Level 1:colcon.colcon_core.package_identification:_identify(src/my_python_pkg) by extensions ['cmake', 'python']
[0.674s] Level 1:colcon.colcon_core.package_identification:_identify(src/my_python_pkg) by extension 'cmake'
[0.674s] Level 1:colcon.colcon_core.package_identification:_identify(src/my_python_pkg) by extension 'python'
[0.674s] DEBUG:colcon.colcon_core.package_identification:Python package in 'src/my_python_pkg' passes arguments to the setup() function which requires a different identification extension than 'python'
[0.675s] Level 1:colcon.colcon_core.package_identification:_identify(src/my_python_pkg) by extensions ['python_setup_py']
[0.675s] Level 1:colcon.colcon_core.package_identification:_identify(src/my_python_pkg) by extension 'python_setup_py'
[1.187s] DEBUG:colcon.colcon_core.package_identification:Package 'src/my_python_pkg' with type 'python' and name 'my_python_pkg'
[1.188s] Level 1:colcon.colcon_core.package_identification:_identify(src/my_robot_bringup) by extensions ['ignore', 'ignore_ament_install']
[1.188s] Level 1:colcon.colcon_core.package_identification:_identify(src/my_robot_bringup) by extension 'ignore'
[1.188s] Level 1:colcon.colcon_core.package_identification:_identify(src/my_robot_bringup) by extension 'ignore_ament_install'
[1.188s] Level 1:colcon.colcon_core.package_identification:_identify(src/my_robot_bringup) by extensions ['colcon_pkg']
[1.188s] Level 1:colcon.colcon_core.package_identification:_identify(src/my_robot_bringup) by extension 'colcon_pkg'
[1.188s] Level 1:colcon.colcon_core.package_identification:_identify(src/my_robot_bringup) by extensions ['colcon_meta']
[1.188s] Level 1:colcon.colcon_core.package_identification:_identify(src/my_robot_bringup) by extension 'colcon_meta'
[1.188s] Level 1:colcon.colcon_core.package_identification:_identify(src/my_robot_bringup) by extensions ['ros']
[1.188s] Level 1:colcon.colcon_core.package_identification:_identify(src/my_robot_bringup) by extension 'ros'
[1.189s] DEBUG:colcon.colcon_core.package_identification:Package 'src/my_robot_bringup' with type 'ros.ament_cmake' and name 'my_robot_bringup'
[1.189s] Level 1:colcon.colcon_core.package_identification:_identify(src/my_robot_interfaces) by extensions ['ignore', 'ignore_ament_install']
[1.189s] Level 1:colcon.colcon_core.package_identification:_identify(src/my_robot_interfaces) by extension 'ignore'
[1.190s] Level 1:colcon.colcon_core.package_identification:_identify(src/my_robot_interfaces) by extension 'ignore_ament_install'
[1.190s] Level 1:colcon.colcon_core.package_identification:_identify(src/my_robot_interfaces) by extensions ['colcon_pkg']
[1.190s] Level 1:colcon.colcon_core.package_identification:_identify(src/my_robot_interfaces) by extension 'colcon_pkg'
[1.190s] Level 1:colcon.colcon_core.package_identification:_identify(src/my_robot_interfaces) by extensions ['colcon_meta']
[1.190s] Level 1:colcon.colcon_core.package_identification:_identify(src/my_robot_interfaces) by extension 'colcon_meta'
[1.190s] Level 1:colcon.colcon_core.package_identification:_identify(src/my_robot_interfaces) by extensions ['ros']
[1.190s] Level 1:colcon.colcon_core.package_identification:_identify(src/my_robot_interfaces) by extension 'ros'
[1.191s] DEBUG:colcon.colcon_core.package_identification:Package 'src/my_robot_interfaces' with type 'ros.ament_cmake' and name 'my_robot_interfaces'
[1.191s] Level 1:colcon.colcon_core.package_identification:_identify(src/src) by extensions ['ignore', 'ignore_ament_install']
[1.191s] Level 1:colcon.colcon_core.package_identification:_identify(src/src) by extension 'ignore'
[1.191s] Level 1:colcon.colcon_core.package_identification:_identify(src/src) by extension 'ignore_ament_install'
[1.191s] Level 1:colcon.colcon_core.package_identification:_identify(src/src) by extensions ['colcon_pkg']
[1.191s] Level 1:colcon.colcon_core.package_identification:_identify(src/src) by extension 'colcon_pkg'
[1.191s] Level 1:colcon.colcon_core.package_identification:_identify(src/src) by extensions ['colcon_meta']
[1.191s] Level 1:colcon.colcon_core.package_identification:_identify(src/src) by extension 'colcon_meta'
[1.191s] Level 1:colcon.colcon_core.package_identification:_identify(src/src) by extensions ['ros']
[1.191s] Level 1:colcon.colcon_core.package_identification:_identify(src/src) by extension 'ros'
[1.191s] Level 1:colcon.colcon_core.package_identification:_identify(src/src) by extensions ['cmake', 'python']
[1.191s] Level 1:colcon.colcon_core.package_identification:_identify(src/src) by extension 'cmake'
[1.191s] Level 1:colcon.colcon_core.package_identification:_identify(src/src) by extension 'python'
[1.191s] Level 1:colcon.colcon_core.package_identification:_identify(src/src) by extensions ['python_setup_py']
[1.191s] Level 1:colcon.colcon_core.package_identification:_identify(src/src) by extension 'python_setup_py'
[1.191s] Level 1:colcon.colcon_core.package_identification:_identify(src/src/v4l2_camera) by extensions ['ignore', 'ignore_ament_install']
[1.192s] Level 1:colcon.colcon_core.package_identification:_identify(src/src/v4l2_camera) by extension 'ignore'
[1.192s] Level 1:colcon.colcon_core.package_identification:_identify(src/src/v4l2_camera) by extension 'ignore_ament_install'
[1.192s] Level 1:colcon.colcon_core.package_identification:_identify(src/src/v4l2_camera) by extensions ['colcon_pkg']
[1.192s] Level 1:colcon.colcon_core.package_identification:_identify(src/src/v4l2_camera) by extension 'colcon_pkg'
[1.192s] Level 1:colcon.colcon_core.package_identification:_identify(src/src/v4l2_camera) by extensions ['colcon_meta']
[1.192s] Level 1:colcon.colcon_core.package_identification:_identify(src/src/v4l2_camera) by extension 'colcon_meta'
[1.192s] Level 1:colcon.colcon_core.package_identification:_identify(src/src/v4l2_camera) by extensions ['ros']
[1.192s] Level 1:colcon.colcon_core.package_identification:_identify(src/src/v4l2_camera) by extension 'ros'
[1.193s] DEBUG:colcon.colcon_core.package_identification:Package 'src/src/v4l2_camera' with type 'ros.ament_cmake' and name 'v4l2_camera'
[1.193s] Level 1:colcon.colcon_core.package_discovery:discover_packages(recursive) using defaults
[1.193s] Level 1:colcon.colcon_core.package_discovery:discover_packages(ignore) discover
[1.193s] Level 1:colcon.colcon_core.package_discovery:discover_packages(ignore) using defaults
[1.193s] Level 1:colcon.colcon_core.package_discovery:discover_packages(path) discover
[1.193s] Level 1:colcon.colcon_core.package_discovery:discover_packages(path) using defaults
[1.228s] INFO:colcon.colcon_core.package_selection:Skipping not selected package 'audio_common_msgs' in 'src/M2S2/audio_common/audio_common_msgs'
[1.228s] INFO:colcon.colcon_core.package_selection:Skipping not selected package 'flir_lepton_ros2' in 'src/M2S2/flir_lepton_ros2'
[1.228s] INFO:colcon.colcon_core.package_selection:Skipping not selected package 'm2s2_bringup' in 'src/M2S2/m2s2_bringup'
[1.228s] INFO:colcon.colcon_core.package_selection:Skipping not selected package 'm2s2_custom_interfaces' in 'src/M2S2/m2s2_custom_interfaces'
[1.228s] INFO:colcon.colcon_core.package_selection:Skipping not selected package 'm2s2_test_python' in 'src/m2s2_test_python'
[1.228s] INFO:colcon.colcon_core.package_selection:Skipping not selected package 'my_python_pkg' in 'src/my_python_pkg'
[1.228s] INFO:colcon.colcon_core.package_selection:Skipping not selected package 'my_robot_interfaces' in 'src/my_robot_interfaces'
[1.228s] INFO:colcon.colcon_core.package_selection:Skipping not selected package 'v4l2_camera' in 'src/src/v4l2_camera'
[1.228s] INFO:colcon.colcon_core.package_selection:Skipping not selected package 'ximea_ros2_cam' in 'src/M2S2/ximea_ros2_cam'
[1.228s] INFO:colcon.colcon_core.package_selection:Skipping not selected package 'audio_capture' in 'src/M2S2/audio_common/audio_capture'
[1.228s] INFO:colcon.colcon_core.package_selection:Skipping not selected package 'audio_play' in 'src/M2S2/audio_common/audio_play'
[1.228s] INFO:colcon.colcon_core.package_selection:Skipping not selected package 'bme280' in 'src/M2S2/bme280'
[1.228s] INFO:colcon.colcon_core.package_selection:Skipping not selected package 'my_cpp_pkg' in 'src/my_cpp_pkg'
[1.228s] INFO:colcon.colcon_core.package_selection:Skipping not selected package 'sound_play' in 'src/M2S2/audio_common/sound_play'
[1.229s] INFO:colcon.colcon_core.package_selection:Skipping not selected package 'audio_common' in 'src/M2S2/audio_common/audio_common'
[1.229s] INFO:colcon.colcon_core.package_selection:Skipping not selected package 'my_robot_bringup' in 'src/my_robot_bringup'
[1.230s] Level 1:colcon.colcon_core.package_discovery:discover_packages(prefix_path) check parameters
[1.230s] Level 1:colcon.colcon_core.package_discovery:discover_packages(prefix_path) discover
[1.235s] DEBUG:colcon.colcon_installed_package_information.package_discovery:Found 21 installed packages in /home/azraa/ros2_ws/install
[1.238s] DEBUG:colcon.colcon_installed_package_information.package_discovery:Found 259 installed packages in /opt/ros/foxy
[1.242s] Level 1:colcon.colcon_core.package_discovery:discover_packages(prefix_path) using defaults
[1.342s] Level 5:colcon.colcon_core.verb:set package 'gscam' build argument 'cmake_args' from command line to 'None'
[1.342s] Level 5:colcon.colcon_core.verb:set package 'gscam' build argument 'cmake_target' from command line to 'None'
[1.342s] Level 5:colcon.colcon_core.verb:set package 'gscam' build argument 'cmake_target_skip_unavailable' from command line to 'False'
[1.342s] Level 5:colcon.colcon_core.verb:set package 'gscam' build argument 'cmake_clean_cache' from command line to 'False'
[1.342s] Level 5:colcon.colcon_core.verb:set package 'gscam' build argument 'cmake_clean_first' from command line to 'False'
[1.342s] Level 5:colcon.colcon_core.verb:set package 'gscam' build argument 'cmake_force_configure' from command line to 'False'
[1.342s] Level 5:colcon.colcon_core.verb:set package 'gscam' build argument 'ament_cmake_args' from command line to 'None'
[1.342s] Level 5:colcon.colcon_core.verb:set package 'gscam' build argument 'catkin_cmake_args' from command line to 'None'
[1.342s] Level 5:colcon.colcon_core.verb:set package 'gscam' build argument 'catkin_skip_building_tests' from command line to 'False'
[1.342s] DEBUG:colcon.colcon_core.verb:Building package 'gscam' with the following arguments: {'ament_cmake_args': None, 'build_base': '/home/azraa/ros2_ws/build/gscam', 'catkin_cmake_args': None, 'catkin_skip_building_tests': False, 'cmake_args': None, 'cmake_clean_cache': False, 'cmake_clean_first': False, 'cmake_force_configure': False, 'cmake_target': None, 'cmake_target_skip_unavailable': False, 'install_base': '/home/azraa/ros2_ws/install/gscam', 'merge_install': False, 'path': '/home/azraa/ros2_ws/src/gscam', 'symlink_install': False, 'test_result_base': None}
[1.344s] INFO:colcon.colcon_core.executor:Executing jobs using 'parallel' executor
[1.351s] DEBUG:colcon.colcon_parallel_executor.executor.parallel:run_until_complete
[1.352s] INFO:colcon.colcon_ros.task.ament_cmake.build:Building ROS package in '/home/azraa/ros2_ws/src/gscam' with build type 'ament_cmake'
[1.352s] INFO:colcon.colcon_cmake.task.cmake.build:Building CMake package in '/home/azraa/ros2_ws/src/gscam'
[1.358s] INFO:colcon.colcon_core.plugin_system:Skipping extension 'colcon_core.shell.bat': Not used on non-Windows systems
[1.358s] INFO:colcon.colcon_core.shell:Skip shell extension 'powershell' for command environment: Not usable outside of PowerShell
[1.358s] DEBUG:colcon.colcon_core.shell:Skip shell extension 'dsv' for command environment
[1.368s] DEBUG:colcon.colcon_core.shell:Ignoring prefix path '/opt/ros/noetic'
[1.377s] DEBUG:colcon.colcon_core.event_handler.log_command:Invoking command in '/home/azraa/ros2_ws/build/gscam': CMAKE_PREFIX_PATH=/home/azraa/ros2_ws/install/ximea_ros2_cam:/home/azraa/ros2_ws/install/v4l2_camera:/home/azraa/ros2_ws/install/audio_common:/home/azraa/ros2_ws/install/sound_play:/home/azraa/ros2_ws/install/my_robot_bringup:/home/azraa/ros2_ws/install/my_cpp_pkg:/home/azraa/ros2_ws/install/my_robot_interfaces:/home/azraa/ros2_ws/install/bme280:/home/azraa/ros2_ws/install/m2s2_custom_interfaces:/home/azraa/ros2_ws/install/m2s2_bringup:/home/azraa/ros2_ws/install/gscam:/home/azraa/ros2_ws/install/flir_lepton_ros2:/home/azraa/ros2_ws/install/flir_lepton_msgs:/home/azraa/ros2_ws/install/audio_play:/home/azraa/ros2_ws/install/audio_capture:/home/azraa/ros2_ws/install/audio_common_msgs:/home/azraa/ros2_ws/install/m2s2_test_python:/home/azraa/ros2_ws/install/flir_lepton_purethermal2:/opt/ros/foxy:/opt/ros/noetic /usr/bin/cmake --build /home/azraa/ros2_ws/build/gscam -- -j4 -l4
[6.808s] DEBUG:colcon.colcon_core.event_handler.log_command:Invoked command in '/home/azraa/ros2_ws/build/gscam' returned '0': CMAKE_PREFIX_PATH=/home/azraa/ros2_ws/install/ximea_ros2_cam:/home/azraa/ros2_ws/install/v4l2_camera:/home/azraa/ros2_ws/install/audio_common:/home/azraa/ros2_ws/install/sound_play:/home/azraa/ros2_ws/install/my_robot_bringup:/home/azraa/ros2_ws/install/my_cpp_pkg:/home/azraa/ros2_ws/install/my_robot_interfaces:/home/azraa/ros2_ws/install/bme280:/home/azraa/ros2_ws/install/m2s2_custom_interfaces:/home/azraa/ros2_ws/install/m2s2_bringup:/home/azraa/ros2_ws/install/gscam:/home/azraa/ros2_ws/install/flir_lepton_ros2:/home/azraa/ros2_ws/install/flir_lepton_msgs:/home/azraa/ros2_ws/install/audio_play:/home/azraa/ros2_ws/install/audio_capture:/home/azraa/ros2_ws/install/audio_common_msgs:/home/azraa/ros2_ws/install/m2s2_test_python:/home/azraa/ros2_ws/install/flir_lepton_purethermal2:/opt/ros/foxy:/opt/ros/noetic /usr/bin/cmake --build /home/azraa/ros2_ws/build/gscam -- -j4 -l4
[6.860s] DEBUG:colcon.colcon_core.event_handler.log_command:Invoking command in '/home/azraa/ros2_ws/build/gscam': CMAKE_PREFIX_PATH=/home/azraa/ros2_ws/install/ximea_ros2_cam:/home/azraa/ros2_ws/install/v4l2_camera:/home/azraa/ros2_ws/install/audio_common:/home/azraa/ros2_ws/install/sound_play:/home/azraa/ros2_ws/install/my_robot_bringup:/home/azraa/ros2_ws/install/my_cpp_pkg:/home/azraa/ros2_ws/install/my_robot_interfaces:/home/azraa/ros2_ws/install/bme280:/home/azraa/ros2_ws/install/m2s2_custom_interfaces:/home/azraa/ros2_ws/install/m2s2_bringup:/home/azraa/ros2_ws/install/gscam:/home/azraa/ros2_ws/install/flir_lepton_ros2:/home/azraa/ros2_ws/install/flir_lepton_msgs:/home/azraa/ros2_ws/install/audio_play:/home/azraa/ros2_ws/install/audio_capture:/home/azraa/ros2_ws/install/audio_common_msgs:/home/azraa/ros2_ws/install/m2s2_test_python:/home/azraa/ros2_ws/install/flir_lepton_purethermal2:/opt/ros/foxy:/opt/ros/noetic /usr/bin/cmake --install /home/azraa/ros2_ws/build/gscam
[6.880s] Level 1:colcon.colcon_core.environment:create_environment_scripts_only(gscam)
[6.882s] DEBUG:colcon.colcon_core.event_handler.log_command:Invoked command in '/home/azraa/ros2_ws/build/gscam' returned '0': CMAKE_PREFIX_PATH=/home/azraa/ros2_ws/install/ximea_ros2_cam:/home/azraa/ros2_ws/install/v4l2_camera:/home/azraa/ros2_ws/install/audio_common:/home/azraa/ros2_ws/install/sound_play:/home/azraa/ros2_ws/install/my_robot_bringup:/home/azraa/ros2_ws/install/my_cpp_pkg:/home/azraa/ros2_ws/install/my_robot_interfaces:/home/azraa/ros2_ws/install/bme280:/home/azraa/ros2_ws/install/m2s2_custom_interfaces:/home/azraa/ros2_ws/install/m2s2_bringup:/home/azraa/ros2_ws/install/gscam:/home/azraa/ros2_ws/install/flir_lepton_ros2:/home/azraa/ros2_ws/install/flir_lepton_msgs:/home/azraa/ros2_ws/install/audio_play:/home/azraa/ros2_ws/install/audio_capture:/home/azraa/ros2_ws/install/audio_common_msgs:/home/azraa/ros2_ws/install/m2s2_test_python:/home/azraa/ros2_ws/install/flir_lepton_purethermal2:/opt/ros/foxy:/opt/ros/noetic /usr/bin/cmake --install /home/azraa/ros2_ws/build/gscam
[6.888s] Level 1:colcon.colcon_core.environment:checking '/home/azraa/ros2_ws/install/gscam' for CMake module files
[6.889s] Level 1:colcon.colcon_core.environment:checking '/home/azraa/ros2_ws/install/gscam' for CMake config files
[6.890s] Level 1:colcon.colcon_core.shell:create_environment_hook('gscam', 'cmake_prefix_path')
[6.892s] INFO:colcon.colcon_core.shell:Creating environment hook '/home/azraa/ros2_ws/install/gscam/share/gscam/hook/cmake_prefix_path.ps1'
[6.893s] INFO:colcon.colcon_core.shell:Creating environment descriptor '/home/azraa/ros2_ws/install/gscam/share/gscam/hook/cmake_prefix_path.dsv'
[6.894s] INFO:colcon.colcon_core.shell:Creating environment hook '/home/azraa/ros2_ws/install/gscam/share/gscam/hook/cmake_prefix_path.sh'
[6.895s] Level 1:colcon.colcon_core.environment:checking '/home/azraa/ros2_ws/install/gscam/lib'
[6.895s] Level 1:colcon.colcon_core.shell:create_environment_hook('gscam', 'ld_library_path_lib')
[6.897s] INFO:colcon.colcon_core.shell:Creating environment hook '/home/azraa/ros2_ws/install/gscam/share/gscam/hook/ld_library_path_lib.ps1'
[6.898s] INFO:colcon.colcon_core.shell:Creating environment descriptor '/home/azraa/ros2_ws/install/gscam/share/gscam/hook/ld_library_path_lib.dsv'
[6.898s] INFO:colcon.colcon_core.shell:Creating environment hook '/home/azraa/ros2_ws/install/gscam/share/gscam/hook/ld_library_path_lib.sh'
[6.899s] Level 1:colcon.colcon_core.environment:checking '/home/azraa/ros2_ws/install/gscam/bin'
[6.899s] Level 1:colcon.colcon_core.environment:checking '/home/azraa/ros2_ws/install/gscam/lib/pkgconfig/gscam.pc'
[6.899s] Level 1:colcon.colcon_core.environment:checking '/home/azraa/ros2_ws/install/gscam/lib/python3.8/site-packages'
[6.899s] Level 1:colcon.colcon_core.environment:checking '/home/azraa/ros2_ws/install/gscam/bin'
[6.902s] INFO:colcon.colcon_core.shell:Creating package script '/home/azraa/ros2_ws/install/gscam/share/gscam/package.ps1'
[6.904s] INFO:colcon.colcon_core.shell:Creating package descriptor '/home/azraa/ros2_ws/install/gscam/share/gscam/package.dsv'
[6.905s] INFO:colcon.colcon_core.shell:Creating package script '/home/azraa/ros2_ws/install/gscam/share/gscam/package.sh'
[6.905s] INFO:colcon.colcon_core.shell:Creating package script '/home/azraa/ros2_ws/install/gscam/share/gscam/package.bash'
[6.907s] INFO:colcon.colcon_core.shell:Creating package script '/home/azraa/ros2_ws/install/gscam/share/gscam/package.zsh'
[6.908s] Level 1:colcon.colcon_core.environment:create_file_with_runtime_dependencies(/home/azraa/ros2_ws/install/gscam/share/colcon-core/packages/gscam)
[6.949s] Level 1:colcon.colcon_core.environment:create_environment_scripts_only(gscam)
[6.953s] Level 1:colcon.colcon_core.environment:checking '/home/azraa/ros2_ws/install/gscam' for CMake module files
[6.954s] Level 1:colcon.colcon_core.environment:checking '/home/azraa/ros2_ws/install/gscam' for CMake config files
[6.954s] Level 1:colcon.colcon_core.shell:create_environment_hook('gscam', 'cmake_prefix_path')
[6.957s] INFO:colcon.colcon_core.shell:Creating environment hook '/home/azraa/ros2_ws/install/gscam/share/gscam/hook/cmake_prefix_path.ps1'
[6.957s] INFO:colcon.colcon_core.shell:Creating environment descriptor '/home/azraa/ros2_ws/install/gscam/share/gscam/hook/cmake_prefix_path.dsv'
[6.958s] INFO:colcon.colcon_core.shell:Creating environment hook '/home/azraa/ros2_ws/install/gscam/share/gscam/hook/cmake_prefix_path.sh'
[6.958s] Level 1:colcon.colcon_core.environment:checking '/home/azraa/ros2_ws/install/gscam/lib'
[6.959s] Level 1:colcon.colcon_core.shell:create_environment_hook('gscam', 'ld_library_path_lib')
[6.961s] INFO:colcon.colcon_core.shell:Creating environment hook '/home/azraa/ros2_ws/install/gscam/share/gscam/hook/ld_library_path_lib.ps1'
[6.961s] INFO:colcon.colcon_core.shell:Creating environment descriptor '/home/azraa/ros2_ws/install/gscam/share/gscam/hook/ld_library_path_lib.dsv'
[6.962s] INFO:colcon.colcon_core.shell:Creating environment hook '/home/azraa/ros2_ws/install/gscam/share/gscam/hook/ld_library_path_lib.sh'
[6.962s] Level 1:colcon.colcon_core.environment:checking '/home/azraa/ros2_ws/install/gscam/bin'
[6.962s] Level 1:colcon.colcon_core.environment:checking '/home/azraa/ros2_ws/install/gscam/lib/pkgconfig/gscam.pc'
[6.963s] Level 1:colcon.colcon_core.environment:checking '/home/azraa/ros2_ws/install/gscam/lib/python3.8/site-packages'
[6.963s] Level 1:colcon.colcon_core.environment:checking '/home/azraa/ros2_ws/install/gscam/bin'
[6.966s] INFO:colcon.colcon_core.shell:Creating package script '/home/azraa/ros2_ws/install/gscam/share/gscam/package.ps1'
[6.967s] INFO:colcon.colcon_core.shell:Creating package descriptor '/home/azraa/ros2_ws/install/gscam/share/gscam/package.dsv'
[6.967s] INFO:colcon.colcon_core.shell:Creating package script '/home/azraa/ros2_ws/install/gscam/share/gscam/package.sh'
[6.968s] INFO:colcon.colcon_core.shell:Creating package script '/home/azraa/ros2_ws/install/gscam/share/gscam/package.bash'
[6.968s] INFO:colcon.colcon_core.shell:Creating package script '/home/azraa/ros2_ws/install/gscam/share/gscam/package.zsh'
[6.969s] Level 1:colcon.colcon_core.environment:create_file_with_runtime_dependencies(/home/azraa/ros2_ws/install/gscam/share/colcon-core/packages/gscam)
[6.969s] DEBUG:colcon.colcon_parallel_executor.executor.parallel:closing loop
[6.969s] DEBUG:colcon.colcon_parallel_executor.executor.parallel:loop closed
[6.969s] DEBUG:colcon.colcon_parallel_executor.executor.parallel:run_until_complete finished with '0'
[6.970s] DEBUG:colcon.colcon_core.event_reactor:joining thread
[6.981s] INFO:colcon.colcon_core.plugin_system:Skipping extension 'colcon_notification.desktop_notification.terminal_notifier': Not used on non-Darwin systems
[6.981s] INFO:colcon.colcon_core.plugin_system:Skipping extension 'colcon_notification.desktop_notification.win32': Not used on non-Windows systems
[6.981s] INFO:colcon.colcon_notification.desktop_notification:Sending desktop notification using 'notify2'
[7.000s] DEBUG:colcon.colcon_core.event_reactor:joined thread
[7.003s] INFO:colcon.colcon_core.shell:Creating prefix script '/home/azraa/ros2_ws/install/local_setup.ps1'
[7.006s] INFO:colcon.colcon_core.shell:Creating prefix util module '/home/azraa/ros2_ws/install/_local_setup_util_ps1.py'
[7.009s] INFO:colcon.colcon_core.shell:Creating prefix chain script '/home/azraa/ros2_ws/install/setup.ps1'
[7.013s] INFO:colcon.colcon_core.shell:Creating prefix script '/home/azraa/ros2_ws/install/local_setup.sh'
[7.014s] INFO:colcon.colcon_core.shell:Creating prefix util module '/home/azraa/ros2_ws/install/_local_setup_util_sh.py'
[7.015s] INFO:colcon.colcon_core.shell:Creating prefix chain script '/home/azraa/ros2_ws/install/setup.sh'
[7.019s] INFO:colcon.colcon_core.shell:Creating prefix script '/home/azraa/ros2_ws/install/local_setup.bash'
[7.020s] INFO:colcon.colcon_core.shell:Creating prefix chain script '/home/azraa/ros2_ws/install/setup.bash'
[7.024s] INFO:colcon.colcon_core.shell:Creating prefix script '/home/azraa/ros2_ws/install/local_setup.zsh'
[7.024s] INFO:colcon.colcon_core.shell:Creating prefix chain script '/home/azraa/ros2_ws/install/setup.zsh'
