[0.029s] Invoking command in '/home/azraa/ros2_ws/build/flir_lepton_msgs': CMAKE_PREFIX_PATH=/home/azraa/ros2_ws/install/v4l2_camera:/home/azraa/ros2_ws/install/audio_common:/home/azraa/ros2_ws/install/sound_play:/home/azraa/ros2_ws/install/my_robot_bringup:/home/azraa/ros2_ws/install/my_cpp_pkg:/home/azraa/ros2_ws/install/my_robot_interfaces:/home/azraa/ros2_ws/install/flir_lepton_capture:/home/azraa/ros2_ws/install/bme280:/home/azraa/ros2_ws/install/m2s2_custom_interfaces:/home/azraa/ros2_ws/install/m2s2_bringup:/home/azraa/ros2_ws/install/gscam:/home/azraa/ros2_ws/install/flir_lepton_msgs:/home/azraa/ros2_ws/install/audio_play:/home/azraa/ros2_ws/install/audio_capture:/home/azraa/ros2_ws/install/audio_common_msgs:/home/azraa/ros2_ws/install/m2s2_test_python:/opt/ros/foxy:/opt/ros/noetic /usr/bin/cmake --build /home/azraa/ros2_ws/build/flir_lepton_msgs -- -j4 -l4
[0.078s] -- Found ament_cmake: 0.9.9 (/opt/ros/foxy/share/ament_cmake/cmake)
[0.122s] -- Found PythonInterp: /usr/bin/python3 (found suitable version "3.8.10", minimum required is "3") 
[0.123s] -- Using PYTHON_EXECUTABLE: /usr/bin/python3
[0.502s] -- Found rosidl_default_generators: 1.0.1 (/opt/ros/foxy/share/rosidl_default_generators/cmake)
[0.511s] -- Using all available rosidl_typesupport_c: rosidl_typesupport_fastrtps_c;rosidl_typesupport_introspection_c
[0.522s] -- Found rosidl_adapter: 1.2.1 (/opt/ros/foxy/share/rosidl_adapter/cmake)
[0.752s] -- Using all available rosidl_typesupport_cpp: rosidl_typesupport_fastrtps_cpp;rosidl_typesupport_introspection_cpp
[0.790s] -- Found std_msgs: 2.0.5 (/opt/ros/foxy/share/std_msgs/cmake)
[0.893s] -- Found PythonInterp: /usr/bin/python3 (found version "3.8.10") 
[1.170s] -- Found ament_cmake_ros: 0.9.2 (/opt/ros/foxy/share/ament_cmake_ros/cmake)
[1.475s] -- Using all available rosidl_typesupport_c: rosidl_typesupport_fastrtps_c;rosidl_typesupport_introspection_c
[1.593s] -- Using all available rosidl_typesupport_cpp: rosidl_typesupport_fastrtps_cpp;rosidl_typesupport_introspection_cpp
[1.643s] -- Found PythonInterp: /usr/bin/python3 (found suitable version "3.8.10", minimum required is "3.5") 
[1.644s] -- Found python_cmake_module: 0.8.1 (/opt/ros/foxy/share/python_cmake_module/cmake)
[1.689s] -- Using PYTHON_EXECUTABLE: /usr/bin/python3
[1.689s] -- Using PYTHON_INCLUDE_DIRS: /usr/include/python3.8
[1.689s] -- Using PYTHON_LIBRARIES: /usr/lib/x86_64-linux-gnu/libpython3.8.so
[1.769s] -- Found ament_lint_auto: 0.9.6 (/opt/ros/foxy/share/ament_lint_auto/cmake)
[1.798s] -- Added test 'copyright' to check source files copyright and LICENSE
[1.800s] -- Added test 'lint_cmake' to check CMake code style
[1.801s] -- Added test 'xmllint' to check XML markup files
[1.810s] -- Configuring done
[1.920s] -- Generating done
[1.928s] -- Build files have been written to: /home/azraa/ros2_ws/build/flir_lepton_msgs
[1.968s] [  2%] [34m[1mGenerating C code for ROS interfaces[0m
[1.969s] [35m[1mScanning dependencies of target flir_lepton_msgs__cpp[0m
[1.982s] [  5%] [34m[1mGenerating C++ code for ROS interfaces[0m
[2.517s] [  5%] Built target flir_lepton_msgs__cpp
[2.532s] [  7%] [34m[1mGenerating C++ introspection for ROS interfaces[0m
[2.537s] [ 10%] [34m[1mGenerating C++ type support for eProsima Fast-RTPS[0m
[2.542s] [ 12%] [34m[1mGenerating C++ type support dispatch for ROS interfaces[0m
[2.544s] [35m[1mScanning dependencies of target flir_lepton_msgs__rosidl_generator_c[0m
[2.572s] [ 15%] [32mBuilding C object CMakeFiles/flir_lepton_msgs__rosidl_generator_c.dir/rosidl_generator_c/flir_lepton_msgs/msg/detail/temperature_msg__functions.c.o[0m
[2.645s] [ 17%] [32mBuilding C object CMakeFiles/flir_lepton_msgs__rosidl_generator_c.dir/rosidl_generator_c/flir_lepton_msgs/msg/detail/temperature_raw__functions.c.o[0m
[2.717s] [ 20%] [32m[1mLinking C shared library libflir_lepton_msgs__rosidl_generator_c.so[0m
[2.774s] [ 20%] Built target flir_lepton_msgs__rosidl_generator_c
[2.790s] [ 23%] [34m[1mGenerating C introspection for ROS interfaces[0m
[3.130s] [35m[1mScanning dependencies of target flir_lepton_msgs__rosidl_typesupport_cpp[0m
[3.139s] [35m[1mScanning dependencies of target flir_lepton_msgs__rosidl_typesupport_introspection_cpp[0m
[3.150s] [ 25%] [32mBuilding CXX object CMakeFiles/flir_lepton_msgs__rosidl_typesupport_cpp.dir/rosidl_typesupport_cpp/flir_lepton_msgs/msg/temperature_msg__type_support.cpp.o[0m
[3.157s] [ 28%] [32mBuilding CXX object CMakeFiles/flir_lepton_msgs__rosidl_typesupport_introspection_cpp.dir/rosidl_typesupport_introspection_cpp/flir_lepton_msgs/msg/detail/temperature_msg__type_support.cpp.o[0m
[3.227s] [35m[1mScanning dependencies of target flir_lepton_msgs__rosidl_typesupport_fastrtps_cpp[0m
[3.246s] [ 30%] [32mBuilding CXX object CMakeFiles/flir_lepton_msgs__rosidl_typesupport_fastrtps_cpp.dir/rosidl_typesupport_fastrtps_cpp/flir_lepton_msgs/msg/detail/dds_fastrtps/temperature_msg__type_support.cpp.o[0m
[3.411s] [35m[1mScanning dependencies of target flir_lepton_msgs__rosidl_typesupport_introspection_c[0m
[3.431s] [ 33%] [32mBuilding C object CMakeFiles/flir_lepton_msgs__rosidl_typesupport_introspection_c.dir/rosidl_typesupport_introspection_c/flir_lepton_msgs/msg/detail/temperature_msg__type_support.c.o[0m
[3.487s] [ 35%] [32mBuilding C object CMakeFiles/flir_lepton_msgs__rosidl_typesupport_introspection_c.dir/rosidl_typesupport_introspection_c/flir_lepton_msgs/msg/detail/temperature_raw__type_support.c.o[0m
[3.543s] [ 38%] [32m[1mLinking C shared library libflir_lepton_msgs__rosidl_typesupport_introspection_c.so[0m
[3.591s] [ 41%] [32mBuilding CXX object CMakeFiles/flir_lepton_msgs__rosidl_typesupport_cpp.dir/rosidl_typesupport_cpp/flir_lepton_msgs/msg/temperature_raw__type_support.cpp.o[0m
[3.591s] [ 41%] Built target flir_lepton_msgs__rosidl_typesupport_introspection_c
[3.606s] [ 43%] [34m[1mGenerating C type support dispatch for ROS interfaces[0m
[3.645s] [ 46%] [32mBuilding CXX object CMakeFiles/flir_lepton_msgs__rosidl_typesupport_introspection_cpp.dir/rosidl_typesupport_introspection_cpp/flir_lepton_msgs/msg/detail/temperature_raw__type_support.cpp.o[0m
[4.002s] [ 48%] [32mBuilding CXX object CMakeFiles/flir_lepton_msgs__rosidl_typesupport_fastrtps_cpp.dir/rosidl_typesupport_fastrtps_cpp/flir_lepton_msgs/msg/detail/dds_fastrtps/temperature_raw__type_support.cpp.o[0m
[4.097s] [ 51%] [32m[1mLinking CXX shared library libflir_lepton_msgs__rosidl_typesupport_cpp.so[0m
[4.159s] [ 53%] [32m[1mLinking CXX shared library libflir_lepton_msgs__rosidl_typesupport_introspection_cpp.so[0m
[4.159s] [ 53%] Built target flir_lepton_msgs__rosidl_typesupport_cpp
[4.170s] [35m[1mScanning dependencies of target flir_lepton_msgs__rosidl_typesupport_c[0m
[4.187s] [ 56%] [32mBuilding CXX object CMakeFiles/flir_lepton_msgs__rosidl_typesupport_c.dir/rosidl_typesupport_c/flir_lepton_msgs/msg/temperature_msg__type_support.cpp.o[0m
[4.188s] [ 58%] [32mBuilding CXX object CMakeFiles/flir_lepton_msgs__rosidl_typesupport_c.dir/rosidl_typesupport_c/flir_lepton_msgs/msg/temperature_raw__type_support.cpp.o[0m
[4.237s] [ 61%] [32m[1mLinking CXX shared library libflir_lepton_msgs__rosidl_typesupport_c.so[0m
[4.264s] [ 61%] Built target flir_lepton_msgs__rosidl_typesupport_introspection_cpp
[4.291s] [ 61%] Built target flir_lepton_msgs__rosidl_typesupport_c
[4.570s] [ 64%] [32m[1mLinking CXX shared library libflir_lepton_msgs__rosidl_typesupport_fastrtps_cpp.so[0m
[4.685s] [ 64%] Built target flir_lepton_msgs__rosidl_typesupport_fastrtps_cpp
[4.698s] [ 66%] [34m[1mGenerating C type support for eProsima Fast-RTPS[0m
[5.201s] [35m[1mScanning dependencies of target flir_lepton_msgs__rosidl_typesupport_fastrtps_c[0m
[5.224s] [ 71%] [32mBuilding CXX object CMakeFiles/flir_lepton_msgs__rosidl_typesupport_fastrtps_c.dir/rosidl_typesupport_fastrtps_c/flir_lepton_msgs/msg/detail/temperature_raw__type_support_c.cpp.o[0m
[5.224s] [ 71%] [32mBuilding CXX object CMakeFiles/flir_lepton_msgs__rosidl_typesupport_fastrtps_c.dir/rosidl_typesupport_fastrtps_c/flir_lepton_msgs/msg/detail/temperature_msg__type_support_c.cpp.o[0m
[5.661s] [ 74%] [32m[1mLinking CXX shared library libflir_lepton_msgs__rosidl_typesupport_fastrtps_c.so[0m
[5.773s] [ 74%] Built target flir_lepton_msgs__rosidl_typesupport_fastrtps_c
[5.801s] [ 74%] Built target flir_lepton_msgs
[5.817s] [35m[1mScanning dependencies of target flir_lepton_msgs__py[0m
[5.831s] [ 76%] [34m[1mGenerating Python code for ROS interfaces[0m
[6.805s] [ 76%] Built target flir_lepton_msgs__py
[6.821s] [35m[1mScanning dependencies of target flir_lepton_msgs__python[0m
[6.844s] [ 79%] [32mBuilding C object CMakeFiles/flir_lepton_msgs__python.dir/rosidl_generator_py/flir_lepton_msgs/msg/_temperature_raw_s.c.o[0m
[6.846s] [ 82%] [32mBuilding C object CMakeFiles/flir_lepton_msgs__python.dir/rosidl_generator_py/flir_lepton_msgs/msg/_temperature_msg_s.c.o[0m
[7.013s] [ 84%] [32m[1mLinking C shared library rosidl_generator_py/flir_lepton_msgs/libflir_lepton_msgs__python.so[0m
[7.065s] [ 84%] Built target flir_lepton_msgs__python
[7.081s] [35m[1mScanning dependencies of target flir_lepton_msgs__rosidl_typesupport_c__pyext[0m
[7.081s] [35m[1mScanning dependencies of target flir_lepton_msgs__rosidl_typesupport_fastrtps_c__pyext[0m
[7.081s] [35m[1mScanning dependencies of target flir_lepton_msgs__rosidl_typesupport_introspection_c__pyext[0m
[7.102s] [ 87%] [32mBuilding C object CMakeFiles/flir_lepton_msgs__rosidl_typesupport_c__pyext.dir/rosidl_generator_py/flir_lepton_msgs/_flir_lepton_msgs_s.ep.rosidl_typesupport_c.c.o[0m
[7.108s] [ 89%] [32mBuilding C object CMakeFiles/flir_lepton_msgs__rosidl_typesupport_introspection_c__pyext.dir/rosidl_generator_py/flir_lepton_msgs/_flir_lepton_msgs_s.ep.rosidl_typesupport_introspection_c.c.o[0m
[7.111s] [ 92%] [32mBuilding C object CMakeFiles/flir_lepton_msgs__rosidl_typesupport_fastrtps_c__pyext.dir/rosidl_generator_py/flir_lepton_msgs/_flir_lepton_msgs_s.ep.rosidl_typesupport_fastrtps_c.c.o[0m
[7.212s] [ 94%] [32m[1mLinking C shared library rosidl_generator_py/flir_lepton_msgs/flir_lepton_msgs_s__rosidl_typesupport_c.cpython-38-x86_64-linux-gnu.so[0m
[7.218s] [ 97%] [32m[1mLinking C shared library rosidl_generator_py/flir_lepton_msgs/flir_lepton_msgs_s__rosidl_typesupport_introspection_c.cpython-38-x86_64-linux-gnu.so[0m
[7.223s] [100%] [32m[1mLinking CXX shared library rosidl_generator_py/flir_lepton_msgs/flir_lepton_msgs_s__rosidl_typesupport_fastrtps_c.cpython-38-x86_64-linux-gnu.so[0m
[7.263s] [100%] Built target flir_lepton_msgs__rosidl_typesupport_c__pyext
[7.266s] [100%] Built target flir_lepton_msgs__rosidl_typesupport_introspection_c__pyext
[7.314s] [100%] Built target flir_lepton_msgs__rosidl_typesupport_fastrtps_c__pyext
[7.328s] Invoked command in '/home/azraa/ros2_ws/build/flir_lepton_msgs' returned '0': CMAKE_PREFIX_PATH=/home/azraa/ros2_ws/install/v4l2_camera:/home/azraa/ros2_ws/install/audio_common:/home/azraa/ros2_ws/install/sound_play:/home/azraa/ros2_ws/install/my_robot_bringup:/home/azraa/ros2_ws/install/my_cpp_pkg:/home/azraa/ros2_ws/install/my_robot_interfaces:/home/azraa/ros2_ws/install/flir_lepton_capture:/home/azraa/ros2_ws/install/bme280:/home/azraa/ros2_ws/install/m2s2_custom_interfaces:/home/azraa/ros2_ws/install/m2s2_bringup:/home/azraa/ros2_ws/install/gscam:/home/azraa/ros2_ws/install/flir_lepton_msgs:/home/azraa/ros2_ws/install/audio_play:/home/azraa/ros2_ws/install/audio_capture:/home/azraa/ros2_ws/install/audio_common_msgs:/home/azraa/ros2_ws/install/m2s2_test_python:/opt/ros/foxy:/opt/ros/noetic /usr/bin/cmake --build /home/azraa/ros2_ws/build/flir_lepton_msgs -- -j4 -l4
[7.431s] Invoking command in '/home/azraa/ros2_ws/build/flir_lepton_msgs': CMAKE_PREFIX_PATH=/home/azraa/ros2_ws/install/v4l2_camera:/home/azraa/ros2_ws/install/audio_common:/home/azraa/ros2_ws/install/sound_play:/home/azraa/ros2_ws/install/my_robot_bringup:/home/azraa/ros2_ws/install/my_cpp_pkg:/home/azraa/ros2_ws/install/my_robot_interfaces:/home/azraa/ros2_ws/install/flir_lepton_capture:/home/azraa/ros2_ws/install/bme280:/home/azraa/ros2_ws/install/m2s2_custom_interfaces:/home/azraa/ros2_ws/install/m2s2_bringup:/home/azraa/ros2_ws/install/gscam:/home/azraa/ros2_ws/install/flir_lepton_msgs:/home/azraa/ros2_ws/install/audio_play:/home/azraa/ros2_ws/install/audio_capture:/home/azraa/ros2_ws/install/audio_common_msgs:/home/azraa/ros2_ws/install/m2s2_test_python:/opt/ros/foxy:/opt/ros/noetic /usr/bin/cmake --install /home/azraa/ros2_ws/build/flir_lepton_msgs
[7.441s] -- Install configuration: ""
[7.441s] -- Installing: /home/azraa/ros2_ws/install/flir_lepton_msgs/share/ament_index/resource_index/rosidl_interfaces/flir_lepton_msgs
[7.443s] -- Up-to-date: /home/azraa/ros2_ws/install/flir_lepton_msgs/include/flir_lepton_msgs
[7.443s] -- Up-to-date: /home/azraa/ros2_ws/install/flir_lepton_msgs/include/flir_lepton_msgs/msg
[7.444s] -- Installing: /home/azraa/ros2_ws/install/flir_lepton_msgs/include/flir_lepton_msgs/msg/temperature_raw.h
[7.444s] -- Installing: /home/azraa/ros2_ws/install/flir_lepton_msgs/include/flir_lepton_msgs/msg/temperature_msg.h
[7.444s] -- Up-to-date: /home/azraa/ros2_ws/install/flir_lepton_msgs/include/flir_lepton_msgs/msg/detail
[7.445s] -- Up-to-date: /home/azraa/ros2_ws/install/flir_lepton_msgs/include/flir_lepton_msgs/msg/detail/raw_data__type_support.h
[7.445s] -- Up-to-date: /home/azraa/ros2_ws/install/flir_lepton_msgs/include/flir_lepton_msgs/msg/detail/raw_data__functions.c
[7.445s] -- Installing: /home/azraa/ros2_ws/install/flir_lepton_msgs/include/flir_lepton_msgs/msg/detail/temperature_msg__functions.h
[7.445s] -- Up-to-date: /home/azraa/ros2_ws/install/flir_lepton_msgs/include/flir_lepton_msgs/msg/detail/raw_data__functions.h
[7.445s] -- Installing: /home/azraa/ros2_ws/install/flir_lepton_msgs/include/flir_lepton_msgs/msg/detail/temperature_msg__struct.h
[7.446s] -- Installing: /home/azraa/ros2_ws/install/flir_lepton_msgs/include/flir_lepton_msgs/msg/detail/temperature_raw__functions.h
[7.446s] -- Installing: /home/azraa/ros2_ws/install/flir_lepton_msgs/include/flir_lepton_msgs/msg/detail/temperature_raw__type_support.h
[7.446s] -- Installing: /home/azraa/ros2_ws/install/flir_lepton_msgs/include/flir_lepton_msgs/msg/detail/temperature_msg__functions.c
[7.446s] -- Up-to-date: /home/azraa/ros2_ws/install/flir_lepton_msgs/include/flir_lepton_msgs/msg/detail/raw_data__struct.h
[7.446s] -- Installing: /home/azraa/ros2_ws/install/flir_lepton_msgs/include/flir_lepton_msgs/msg/detail/temperature_raw__functions.c
[7.446s] -- Installing: /home/azraa/ros2_ws/install/flir_lepton_msgs/include/flir_lepton_msgs/msg/detail/temperature_raw__struct.h
[7.446s] -- Installing: /home/azraa/ros2_ws/install/flir_lepton_msgs/include/flir_lepton_msgs/msg/detail/temperature_msg__type_support.h
[7.446s] -- Up-to-date: /home/azraa/ros2_ws/install/flir_lepton_msgs/include/flir_lepton_msgs/msg/raw_data.h
[7.446s] -- Up-to-date: /home/azraa/ros2_ws/install/flir_lepton_msgs/include/flir_lepton_msgs/msg/rosidl_generator_c__visibility_control.h
[7.447s] -- Up-to-date: /home/azraa/ros2_ws/install/flir_lepton_msgs/share/flir_lepton_msgs/environment/library_path.sh
[7.447s] -- Installing: /home/azraa/ros2_ws/install/flir_lepton_msgs/share/flir_lepton_msgs/environment/library_path.dsv
[7.447s] -- Installing: /home/azraa/ros2_ws/install/flir_lepton_msgs/lib/libflir_lepton_msgs__rosidl_generator_c.so
[7.448s] -- Set runtime path of "/home/azraa/ros2_ws/install/flir_lepton_msgs/lib/libflir_lepton_msgs__rosidl_generator_c.so" to ""
[7.448s] -- Up-to-date: /home/azraa/ros2_ws/install/flir_lepton_msgs/include/flir_lepton_msgs
[7.448s] -- Up-to-date: /home/azraa/ros2_ws/install/flir_lepton_msgs/include/flir_lepton_msgs/msg
[7.448s] -- Up-to-date: /home/azraa/ros2_ws/install/flir_lepton_msgs/include/flir_lepton_msgs/msg/rosidl_typesupport_fastrtps_c__visibility_control.h
[7.448s] -- Up-to-date: /home/azraa/ros2_ws/install/flir_lepton_msgs/include/flir_lepton_msgs/msg/detail
[7.448s] -- Installing: /home/azraa/ros2_ws/install/flir_lepton_msgs/include/flir_lepton_msgs/msg/detail/temperature_msg__rosidl_typesupport_fastrtps_c.h
[7.448s] -- Up-to-date: /home/azraa/ros2_ws/install/flir_lepton_msgs/include/flir_lepton_msgs/msg/detail/raw_data__rosidl_typesupport_fastrtps_c.h
[7.448s] -- Installing: /home/azraa/ros2_ws/install/flir_lepton_msgs/include/flir_lepton_msgs/msg/detail/temperature_raw__rosidl_typesupport_fastrtps_c.h
[7.450s] -- Installing: /home/azraa/ros2_ws/install/flir_lepton_msgs/lib/libflir_lepton_msgs__rosidl_typesupport_fastrtps_c.so
[7.450s] -- Set runtime path of "/home/azraa/ros2_ws/install/flir_lepton_msgs/lib/libflir_lepton_msgs__rosidl_typesupport_fastrtps_c.so" to ""
[7.451s] -- Up-to-date: /home/azraa/ros2_ws/install/flir_lepton_msgs/include/flir_lepton_msgs
[7.451s] -- Up-to-date: /home/azraa/ros2_ws/install/flir_lepton_msgs/include/flir_lepton_msgs/msg
[7.451s] -- Up-to-date: /home/azraa/ros2_ws/install/flir_lepton_msgs/include/flir_lepton_msgs/msg/detail
[7.451s] -- Up-to-date: /home/azraa/ros2_ws/install/flir_lepton_msgs/include/flir_lepton_msgs/msg/detail/dds_fastrtps
[7.451s] -- Installing: /home/azraa/ros2_ws/install/flir_lepton_msgs/include/flir_lepton_msgs/msg/detail/temperature_msg__rosidl_typesupport_fastrtps_cpp.hpp
[7.452s] -- Up-to-date: /home/azraa/ros2_ws/install/flir_lepton_msgs/include/flir_lepton_msgs/msg/detail/raw_data__rosidl_typesupport_fastrtps_cpp.hpp
[7.452s] -- Installing: /home/azraa/ros2_ws/install/flir_lepton_msgs/include/flir_lepton_msgs/msg/detail/temperature_raw__rosidl_typesupport_fastrtps_cpp.hpp
[7.452s] -- Up-to-date: /home/azraa/ros2_ws/install/flir_lepton_msgs/include/flir_lepton_msgs/msg/rosidl_typesupport_fastrtps_cpp__visibility_control.h
[7.453s] -- Installing: /home/azraa/ros2_ws/install/flir_lepton_msgs/lib/libflir_lepton_msgs__rosidl_typesupport_fastrtps_cpp.so
[7.454s] -- Set runtime path of "/home/azraa/ros2_ws/install/flir_lepton_msgs/lib/libflir_lepton_msgs__rosidl_typesupport_fastrtps_cpp.so" to ""
[7.454s] -- Up-to-date: /home/azraa/ros2_ws/install/flir_lepton_msgs/include/flir_lepton_msgs
[7.454s] -- Up-to-date: /home/azraa/ros2_ws/install/flir_lepton_msgs/include/flir_lepton_msgs/msg
[7.454s] -- Up-to-date: /home/azraa/ros2_ws/install/flir_lepton_msgs/include/flir_lepton_msgs/msg/detail
[7.455s] -- Up-to-date: /home/azraa/ros2_ws/install/flir_lepton_msgs/include/flir_lepton_msgs/msg/detail/raw_data__type_support.c
[7.455s] -- Installing: /home/azraa/ros2_ws/install/flir_lepton_msgs/include/flir_lepton_msgs/msg/detail/temperature_msg__rosidl_typesupport_introspection_c.h
[7.455s] -- Installing: /home/azraa/ros2_ws/install/flir_lepton_msgs/include/flir_lepton_msgs/msg/detail/temperature_msg__type_support.c
[7.455s] -- Up-to-date: /home/azraa/ros2_ws/install/flir_lepton_msgs/include/flir_lepton_msgs/msg/detail/raw_data__rosidl_typesupport_introspection_c.h
[7.455s] -- Installing: /home/azraa/ros2_ws/install/flir_lepton_msgs/include/flir_lepton_msgs/msg/detail/temperature_raw__rosidl_typesupport_introspection_c.h
[7.456s] -- Installing: /home/azraa/ros2_ws/install/flir_lepton_msgs/include/flir_lepton_msgs/msg/detail/temperature_raw__type_support.c
[7.456s] -- Up-to-date: /home/azraa/ros2_ws/install/flir_lepton_msgs/include/flir_lepton_msgs/msg/rosidl_typesupport_introspection_c__visibility_control.h
[7.458s] -- Installing: /home/azraa/ros2_ws/install/flir_lepton_msgs/lib/libflir_lepton_msgs__rosidl_typesupport_introspection_c.so
[7.458s] -- Set runtime path of "/home/azraa/ros2_ws/install/flir_lepton_msgs/lib/libflir_lepton_msgs__rosidl_typesupport_introspection_c.so" to ""
[7.459s] -- Installing: /home/azraa/ros2_ws/install/flir_lepton_msgs/lib/libflir_lepton_msgs__rosidl_typesupport_c.so
[7.460s] -- Set runtime path of "/home/azraa/ros2_ws/install/flir_lepton_msgs/lib/libflir_lepton_msgs__rosidl_typesupport_c.so" to ""
[7.460s] -- Up-to-date: /home/azraa/ros2_ws/install/flir_lepton_msgs/include/flir_lepton_msgs
[7.461s] -- Up-to-date: /home/azraa/ros2_ws/install/flir_lepton_msgs/include/flir_lepton_msgs/msg
[7.461s] -- Up-to-date: /home/azraa/ros2_ws/install/flir_lepton_msgs/include/flir_lepton_msgs/msg/detail
[7.461s] -- Installing: /home/azraa/ros2_ws/install/flir_lepton_msgs/include/flir_lepton_msgs/msg/detail/temperature_msg__traits.hpp
[7.462s] -- Installing: /home/azraa/ros2_ws/install/flir_lepton_msgs/include/flir_lepton_msgs/msg/detail/temperature_msg__struct.hpp
[7.462s] -- Up-to-date: /home/azraa/ros2_ws/install/flir_lepton_msgs/include/flir_lepton_msgs/msg/detail/raw_data__builder.hpp
[7.462s] -- Installing: /home/azraa/ros2_ws/install/flir_lepton_msgs/include/flir_lepton_msgs/msg/detail/temperature_raw__builder.hpp
[7.463s] -- Up-to-date: /home/azraa/ros2_ws/install/flir_lepton_msgs/include/flir_lepton_msgs/msg/detail/raw_data__struct.hpp
[7.463s] -- Up-to-date: /home/azraa/ros2_ws/install/flir_lepton_msgs/include/flir_lepton_msgs/msg/detail/raw_data__traits.hpp
[7.464s] -- Installing: /home/azraa/ros2_ws/install/flir_lepton_msgs/include/flir_lepton_msgs/msg/detail/temperature_raw__struct.hpp
[7.464s] -- Installing: /home/azraa/ros2_ws/install/flir_lepton_msgs/include/flir_lepton_msgs/msg/detail/temperature_msg__builder.hpp
[7.464s] -- Installing: /home/azraa/ros2_ws/install/flir_lepton_msgs/include/flir_lepton_msgs/msg/detail/temperature_raw__traits.hpp
[7.464s] -- Installing: /home/azraa/ros2_ws/install/flir_lepton_msgs/include/flir_lepton_msgs/msg/temperature_raw.hpp
[7.464s] -- Installing: /home/azraa/ros2_ws/install/flir_lepton_msgs/include/flir_lepton_msgs/msg/temperature_msg.hpp
[7.465s] -- Up-to-date: /home/azraa/ros2_ws/install/flir_lepton_msgs/include/flir_lepton_msgs/msg/raw_data.hpp
[7.465s] -- Up-to-date: /home/azraa/ros2_ws/install/flir_lepton_msgs/include/flir_lepton_msgs
[7.465s] -- Up-to-date: /home/azraa/ros2_ws/install/flir_lepton_msgs/include/flir_lepton_msgs/msg
[7.465s] -- Up-to-date: /home/azraa/ros2_ws/install/flir_lepton_msgs/include/flir_lepton_msgs/msg/detail
[7.465s] -- Installing: /home/azraa/ros2_ws/install/flir_lepton_msgs/include/flir_lepton_msgs/msg/detail/temperature_msg__type_support.cpp
[7.465s] -- Installing: /home/azraa/ros2_ws/install/flir_lepton_msgs/include/flir_lepton_msgs/msg/detail/temperature_raw__type_support.cpp
[7.465s] -- Installing: /home/azraa/ros2_ws/install/flir_lepton_msgs/include/flir_lepton_msgs/msg/detail/temperature_raw__rosidl_typesupport_introspection_cpp.hpp
[7.465s] -- Up-to-date: /home/azraa/ros2_ws/install/flir_lepton_msgs/include/flir_lepton_msgs/msg/detail/raw_data__rosidl_typesupport_introspection_cpp.hpp
[7.465s] -- Installing: /home/azraa/ros2_ws/install/flir_lepton_msgs/include/flir_lepton_msgs/msg/detail/temperature_msg__rosidl_typesupport_introspection_cpp.hpp
[7.466s] -- Up-to-date: /home/azraa/ros2_ws/install/flir_lepton_msgs/include/flir_lepton_msgs/msg/detail/raw_data__type_support.cpp
[7.466s] -- Installing: /home/azraa/ros2_ws/install/flir_lepton_msgs/lib/libflir_lepton_msgs__rosidl_typesupport_introspection_cpp.so
[7.466s] -- Set runtime path of "/home/azraa/ros2_ws/install/flir_lepton_msgs/lib/libflir_lepton_msgs__rosidl_typesupport_introspection_cpp.so" to ""
[7.467s] -- Installing: /home/azraa/ros2_ws/install/flir_lepton_msgs/lib/libflir_lepton_msgs__rosidl_typesupport_cpp.so
[7.468s] -- Set runtime path of "/home/azraa/ros2_ws/install/flir_lepton_msgs/lib/libflir_lepton_msgs__rosidl_typesupport_cpp.so" to ""
[7.468s] -- Up-to-date: /home/azraa/ros2_ws/install/flir_lepton_msgs/share/flir_lepton_msgs/environment/pythonpath.sh
[7.468s] -- Installing: /home/azraa/ros2_ws/install/flir_lepton_msgs/share/flir_lepton_msgs/environment/pythonpath.dsv
[7.468s] -- Installing: /home/azraa/ros2_ws/install/flir_lepton_msgs/lib/python3.8/site-packages/flir_lepton_msgs/__init__.py
[7.514s] Compiling '/home/azraa/ros2_ws/install/flir_lepton_msgs/lib/python3.8/site-packages/flir_lepton_msgs/__init__.py'...
[7.519s] -- Up-to-date: /home/azraa/ros2_ws/install/flir_lepton_msgs/lib/python3.8/site-packages/flir_lepton_msgs/msg
[7.520s] -- Installing: /home/azraa/ros2_ws/install/flir_lepton_msgs/lib/python3.8/site-packages/flir_lepton_msgs/msg/_temperature_msg.py
[7.520s] -- Installing: /home/azraa/ros2_ws/install/flir_lepton_msgs/lib/python3.8/site-packages/flir_lepton_msgs/msg/_temperature_raw_s.c
[7.520s] -- Installing: /home/azraa/ros2_ws/install/flir_lepton_msgs/lib/python3.8/site-packages/flir_lepton_msgs/msg/_temperature_raw.py
[7.520s] -- Up-to-date: /home/azraa/ros2_ws/install/flir_lepton_msgs/lib/python3.8/site-packages/flir_lepton_msgs/msg/_raw_data.py
[7.520s] -- Installing: /home/azraa/ros2_ws/install/flir_lepton_msgs/lib/python3.8/site-packages/flir_lepton_msgs/msg/_temperature_msg_s.c
[7.521s] -- Installing: /home/azraa/ros2_ws/install/flir_lepton_msgs/lib/python3.8/site-packages/flir_lepton_msgs/msg/__init__.py
[7.521s] -- Up-to-date: /home/azraa/ros2_ws/install/flir_lepton_msgs/lib/python3.8/site-packages/flir_lepton_msgs/msg/_raw_data_s.c
[7.522s] -- Installing: /home/azraa/ros2_ws/install/flir_lepton_msgs/lib/python3.8/site-packages/flir_lepton_msgs/flir_lepton_msgs_s__rosidl_typesupport_fastrtps_c.cpython-38-x86_64-linux-gnu.so
[7.523s] -- Set runtime path of "/home/azraa/ros2_ws/install/flir_lepton_msgs/lib/python3.8/site-packages/flir_lepton_msgs/flir_lepton_msgs_s__rosidl_typesupport_fastrtps_c.cpython-38-x86_64-linux-gnu.so" to ""
[7.525s] -- Installing: /home/azraa/ros2_ws/install/flir_lepton_msgs/lib/python3.8/site-packages/flir_lepton_msgs/flir_lepton_msgs_s__rosidl_typesupport_introspection_c.cpython-38-x86_64-linux-gnu.so
[7.525s] -- Set runtime path of "/home/azraa/ros2_ws/install/flir_lepton_msgs/lib/python3.8/site-packages/flir_lepton_msgs/flir_lepton_msgs_s__rosidl_typesupport_introspection_c.cpython-38-x86_64-linux-gnu.so" to ""
[7.527s] -- Installing: /home/azraa/ros2_ws/install/flir_lepton_msgs/lib/python3.8/site-packages/flir_lepton_msgs/flir_lepton_msgs_s__rosidl_typesupport_c.cpython-38-x86_64-linux-gnu.so
[7.527s] -- Set runtime path of "/home/azraa/ros2_ws/install/flir_lepton_msgs/lib/python3.8/site-packages/flir_lepton_msgs/flir_lepton_msgs_s__rosidl_typesupport_c.cpython-38-x86_64-linux-gnu.so" to ""
[7.529s] -- Installing: /home/azraa/ros2_ws/install/flir_lepton_msgs/lib/libflir_lepton_msgs__python.so
[7.529s] -- Set runtime path of "/home/azraa/ros2_ws/install/flir_lepton_msgs/lib/libflir_lepton_msgs__python.so" to ""
[7.530s] -- Installing: /home/azraa/ros2_ws/install/flir_lepton_msgs/share/flir_lepton_msgs/msg/TemperatureMsg.idl
[7.530s] -- Installing: /home/azraa/ros2_ws/install/flir_lepton_msgs/share/flir_lepton_msgs/msg/TemperatureRaw.idl
[7.530s] -- Installing: /home/azraa/ros2_ws/install/flir_lepton_msgs/share/flir_lepton_msgs/msg/TemperatureMsg.msg
[7.530s] -- Installing: /home/azraa/ros2_ws/install/flir_lepton_msgs/share/flir_lepton_msgs/msg/TemperatureRaw.msg
[7.531s] -- Installing: /home/azraa/ros2_ws/install/flir_lepton_msgs/share/ament_index/resource_index/package_run_dependencies/flir_lepton_msgs
[7.531s] -- Installing: /home/azraa/ros2_ws/install/flir_lepton_msgs/share/ament_index/resource_index/parent_prefix_path/flir_lepton_msgs
[7.531s] -- Up-to-date: /home/azraa/ros2_ws/install/flir_lepton_msgs/share/flir_lepton_msgs/environment/ament_prefix_path.sh
[7.532s] -- Installing: /home/azraa/ros2_ws/install/flir_lepton_msgs/share/flir_lepton_msgs/environment/ament_prefix_path.dsv
[7.532s] -- Up-to-date: /home/azraa/ros2_ws/install/flir_lepton_msgs/share/flir_lepton_msgs/environment/path.sh
[7.532s] -- Installing: /home/azraa/ros2_ws/install/flir_lepton_msgs/share/flir_lepton_msgs/environment/path.dsv
[7.532s] -- Up-to-date: /home/azraa/ros2_ws/install/flir_lepton_msgs/share/flir_lepton_msgs/local_setup.bash
[7.532s] -- Up-to-date: /home/azraa/ros2_ws/install/flir_lepton_msgs/share/flir_lepton_msgs/local_setup.sh
[7.532s] -- Up-to-date: /home/azraa/ros2_ws/install/flir_lepton_msgs/share/flir_lepton_msgs/local_setup.zsh
[7.532s] -- Installing: /home/azraa/ros2_ws/install/flir_lepton_msgs/share/flir_lepton_msgs/local_setup.dsv
[7.532s] -- Installing: /home/azraa/ros2_ws/install/flir_lepton_msgs/share/flir_lepton_msgs/package.dsv
[7.533s] -- Up-to-date: /home/azraa/ros2_ws/install/flir_lepton_msgs/share/ament_index/resource_index/packages/flir_lepton_msgs
[7.533s] -- Old export file "/home/azraa/ros2_ws/install/flir_lepton_msgs/share/flir_lepton_msgs/cmake/flir_lepton_msgs__rosidl_generator_cExport.cmake" will be replaced.  Removing files [/home/azraa/ros2_ws/install/flir_lepton_msgs/share/flir_lepton_msgs/cmake/flir_lepton_msgs__rosidl_generator_cExport-noconfig.cmake].
[7.533s] -- Installing: /home/azraa/ros2_ws/install/flir_lepton_msgs/share/flir_lepton_msgs/cmake/flir_lepton_msgs__rosidl_generator_cExport.cmake
[7.533s] -- Installing: /home/azraa/ros2_ws/install/flir_lepton_msgs/share/flir_lepton_msgs/cmake/flir_lepton_msgs__rosidl_generator_cExport-noconfig.cmake
[7.533s] -- Old export file "/home/azraa/ros2_ws/install/flir_lepton_msgs/share/flir_lepton_msgs/cmake/flir_lepton_msgs__rosidl_typesupport_introspection_cExport.cmake" will be replaced.  Removing files [/home/azraa/ros2_ws/install/flir_lepton_msgs/share/flir_lepton_msgs/cmake/flir_lepton_msgs__rosidl_typesupport_introspection_cExport-noconfig.cmake].
[7.534s] -- Installing: /home/azraa/ros2_ws/install/flir_lepton_msgs/share/flir_lepton_msgs/cmake/flir_lepton_msgs__rosidl_typesupport_introspection_cExport.cmake
[7.534s] -- Installing: /home/azraa/ros2_ws/install/flir_lepton_msgs/share/flir_lepton_msgs/cmake/flir_lepton_msgs__rosidl_typesupport_introspection_cExport-noconfig.cmake
[7.534s] -- Old export file "/home/azraa/ros2_ws/install/flir_lepton_msgs/share/flir_lepton_msgs/cmake/flir_lepton_msgs__rosidl_typesupport_cExport.cmake" will be replaced.  Removing files [/home/azraa/ros2_ws/install/flir_lepton_msgs/share/flir_lepton_msgs/cmake/flir_lepton_msgs__rosidl_typesupport_cExport-noconfig.cmake].
[7.534s] -- Installing: /home/azraa/ros2_ws/install/flir_lepton_msgs/share/flir_lepton_msgs/cmake/flir_lepton_msgs__rosidl_typesupport_cExport.cmake
[7.534s] -- Installing: /home/azraa/ros2_ws/install/flir_lepton_msgs/share/flir_lepton_msgs/cmake/flir_lepton_msgs__rosidl_typesupport_cExport-noconfig.cmake
[7.535s] -- Installing: /home/azraa/ros2_ws/install/flir_lepton_msgs/share/flir_lepton_msgs/cmake/flir_lepton_msgs__rosidl_generator_cppExport.cmake
[7.535s] -- Old export file "/home/azraa/ros2_ws/install/flir_lepton_msgs/share/flir_lepton_msgs/cmake/flir_lepton_msgs__rosidl_typesupport_introspection_cppExport.cmake" will be replaced.  Removing files [/home/azraa/ros2_ws/install/flir_lepton_msgs/share/flir_lepton_msgs/cmake/flir_lepton_msgs__rosidl_typesupport_introspection_cppExport-noconfig.cmake].
[7.535s] -- Installing: /home/azraa/ros2_ws/install/flir_lepton_msgs/share/flir_lepton_msgs/cmake/flir_lepton_msgs__rosidl_typesupport_introspection_cppExport.cmake
[7.536s] -- Installing: /home/azraa/ros2_ws/install/flir_lepton_msgs/share/flir_lepton_msgs/cmake/flir_lepton_msgs__rosidl_typesupport_introspection_cppExport-noconfig.cmake
[7.536s] -- Old export file "/home/azraa/ros2_ws/install/flir_lepton_msgs/share/flir_lepton_msgs/cmake/flir_lepton_msgs__rosidl_typesupport_cppExport.cmake" will be replaced.  Removing files [/home/azraa/ros2_ws/install/flir_lepton_msgs/share/flir_lepton_msgs/cmake/flir_lepton_msgs__rosidl_typesupport_cppExport-noconfig.cmake].
[7.536s] -- Installing: /home/azraa/ros2_ws/install/flir_lepton_msgs/share/flir_lepton_msgs/cmake/flir_lepton_msgs__rosidl_typesupport_cppExport.cmake
[7.536s] -- Installing: /home/azraa/ros2_ws/install/flir_lepton_msgs/share/flir_lepton_msgs/cmake/flir_lepton_msgs__rosidl_typesupport_cppExport-noconfig.cmake
[7.536s] -- Installing: /home/azraa/ros2_ws/install/flir_lepton_msgs/share/flir_lepton_msgs/cmake/rosidl_cmake-extras.cmake
[7.537s] -- Installing: /home/azraa/ros2_ws/install/flir_lepton_msgs/share/flir_lepton_msgs/cmake/ament_cmake_export_dependencies-extras.cmake
[7.537s] -- Up-to-date: /home/azraa/ros2_ws/install/flir_lepton_msgs/share/flir_lepton_msgs/cmake/ament_cmake_export_libraries-extras.cmake
[7.537s] -- Up-to-date: /home/azraa/ros2_ws/install/flir_lepton_msgs/share/flir_lepton_msgs/cmake/ament_cmake_export_targets-extras.cmake
[7.537s] -- Up-to-date: /home/azraa/ros2_ws/install/flir_lepton_msgs/share/flir_lepton_msgs/cmake/ament_cmake_export_include_directories-extras.cmake
[7.537s] -- Up-to-date: /home/azraa/ros2_ws/install/flir_lepton_msgs/share/flir_lepton_msgs/cmake/rosidl_cmake_export_typesupport_libraries-extras.cmake
[7.537s] -- Up-to-date: /home/azraa/ros2_ws/install/flir_lepton_msgs/share/flir_lepton_msgs/cmake/rosidl_cmake_export_typesupport_targets-extras.cmake
[7.538s] -- Up-to-date: /home/azraa/ros2_ws/install/flir_lepton_msgs/share/flir_lepton_msgs/cmake/flir_lepton_msgsConfig.cmake
[7.538s] -- Up-to-date: /home/azraa/ros2_ws/install/flir_lepton_msgs/share/flir_lepton_msgs/cmake/flir_lepton_msgsConfig-version.cmake
[7.538s] -- Installing: /home/azraa/ros2_ws/install/flir_lepton_msgs/share/flir_lepton_msgs/package.xml
[7.542s] Invoked command in '/home/azraa/ros2_ws/build/flir_lepton_msgs' returned '0': CMAKE_PREFIX_PATH=/home/azraa/ros2_ws/install/v4l2_camera:/home/azraa/ros2_ws/install/audio_common:/home/azraa/ros2_ws/install/sound_play:/home/azraa/ros2_ws/install/my_robot_bringup:/home/azraa/ros2_ws/install/my_cpp_pkg:/home/azraa/ros2_ws/install/my_robot_interfaces:/home/azraa/ros2_ws/install/flir_lepton_capture:/home/azraa/ros2_ws/install/bme280:/home/azraa/ros2_ws/install/m2s2_custom_interfaces:/home/azraa/ros2_ws/install/m2s2_bringup:/home/azraa/ros2_ws/install/gscam:/home/azraa/ros2_ws/install/flir_lepton_msgs:/home/azraa/ros2_ws/install/audio_play:/home/azraa/ros2_ws/install/audio_capture:/home/azraa/ros2_ws/install/audio_common_msgs:/home/azraa/ros2_ws/install/m2s2_test_python:/opt/ros/foxy:/opt/ros/noetic /usr/bin/cmake --install /home/azraa/ros2_ws/build/flir_lepton_msgs
