[0.044s] Invoking command in '/home/azraa/ros2_ws/build/audio_capture': CMAKE_PREFIX_PATH=/home/azraa/ros2_ws/install/audio_common_msgs:/home/azraa/ros2_ws/install/audio_common:/home/azraa/ros2_ws/install/sound_play:/home/azraa/ros2_ws/install/my_robot_bringup:/home/azraa/ros2_ws/install/my_cpp_pkg:/home/azraa/ros2_ws/install/my_robot_interfaces:/home/azraa/ros2_ws/install/bme280:/home/azraa/ros2_ws/install/m2s2_custom_interfaces:/home/azraa/ros2_ws/install/m2s2_bringup:/home/azraa/ros2_ws/install/audio_play:/home/azraa/ros2_ws/install/audio_capture:/opt/ros/foxy LD_LIBRARY_PATH=/home/azraa/ros2_ws/install/audio_common_msgs/lib:/home/azraa/ros2_ws/install/sound_play/lib:/home/azraa/ros2_ws/install/my_robot_interfaces/lib:/home/azraa/ros2_ws/install/m2s2_custom_interfaces/lib:/opt/ros/foxy/opt/yaml_cpp_vendor/lib:/opt/ros/foxy/opt/rviz_ogre_vendor/lib:/opt/ros/foxy/lib/x86_64-linux-gnu:/opt/ros/foxy/lib PYTHONPATH=/home/azraa/ros2_ws/install/audio_common_msgs/lib/python3.8/site-packages:/home/azraa/ros2_ws/install/sound_play/lib/python3.8/site-packages:/home/azraa/ros2_ws/install/my_robot_interfaces/lib/python3.8/site-packages:/home/azraa/ros2_ws/install/my_py_pkg/lib/python3.8/site-packages:/home/azraa/ros2_ws/install/m2s2_custom_interfaces/lib/python3.8/site-packages:/opt/ros/foxy/lib/python3.8/site-packages /usr/bin/cmake --build /home/azraa/ros2_ws/build/audio_capture -- -j4 -l4
[0.161s] [35m[1mScanning dependencies of target audio_capture[0m
[0.260s] [ 50%] [32mBuilding CXX object CMakeFiles/audio_capture.dir/src/audio_capture.cpp.o[0m
[5.914s] [01m[K/home/azraa/ros2_ws/src/M2S2/audio_common/audio_capture/src/audio_capture.cpp:13:44:[m[K [01;31m[Kerror: [m[Kexpected ‘[01m[K{[m[K’ before ‘[01m[K*[m[K’ token
[5.914s]    13 |   class RosGstCapture: public rclcpp::Node [01;31m[K*[m[K node_
[5.914s]       |                                            [01;31m[K^[m[K
[5.915s] [01m[K/home/azraa/ros2_ws/src/M2S2/audio_common/audio_capture/src/audio_capture.cpp:15:5:[m[K [01;31m[Kerror: [m[Kexpected primary-expression before ‘[01m[Kpublic[m[K’
[5.915s]    15 |     [01;31m[Kpublic[m[K:
[5.915s]       |     [01;31m[K^~~~~~[m[K
[5.916s] [01m[K/home/azraa/ros2_ws/src/M2S2/audio_common/audio_capture/src/audio_capture.cpp:15:5:[m[K [01;31m[Kerror: [m[Kexpected ‘[01m[K}[m[K’ before ‘[01m[Kpublic[m[K’
[5.917s] [01m[K/home/azraa/ros2_ws/src/M2S2/audio_common/audio_capture/src/audio_capture.cpp:14:3:[m[K [01;36m[Knote: [m[Kto match this ‘[01m[K{[m[K’
[5.917s]    14 |   [01;36m[K{[m[K
[5.917s]       |   [01;36m[K^[m[K
[5.918s] [01m[K/home/azraa/ros2_ws/src/M2S2/audio_common/audio_capture/src/audio_capture.cpp:169:22:[m[K [01;31m[Kerror: [m[Kdeclaration of ‘[01m[K~audio_transport::RosGstCapture[m[K’ as non-member
[5.918s]   169 |       ~RosGstCapture([01;31m[K)[m[K
[5.919s]       |                      [01;31m[K^[m[K
[5.919s] [01m[K/home/azraa/ros2_ws/src/M2S2/audio_common/audio_capture/src/audio_capture.cpp:[m[K In function ‘[01m[Kvoid audio_transport::publish(const AudioData&)[m[K’:
[5.920s] [01m[K/home/azraa/ros2_ws/src/M2S2/audio_common/audio_capture/src/audio_capture.cpp:185:35:[m[K [01;31m[Kerror: [m[Krequest for member ‘[01m[Know[m[K’ in ‘[01m[K* audio_transport::node_[m[K’, which is of non-class type ‘[01m[Kint[m[K’
[5.920s]   185 |         msg.header.stamp = node_->[01;31m[Know[m[K();
[5.921s]       |                                   [01;31m[K^~~[m[K
[5.923s] [01m[K/home/azraa/ros2_ws/src/M2S2/audio_common/audio_capture/src/audio_capture.cpp:186:9:[m[K [01;31m[Kerror: [m[K‘[01m[K_pub[m[K’ was not declared in this scope
[5.923s]   186 |         [01;31m[K_pub[m[K->publish(msg);
[5.924s]       |         [01;31m[K^~~~[m[K
[5.925s] [01m[K/home/azraa/ros2_ws/src/M2S2/audio_common/audio_capture/src/audio_capture.cpp:[m[K In function ‘[01m[KGstFlowReturn audio_transport::onNewBuffer(GstAppSink*, gpointer)[m[K’:
[5.925s] [01m[K/home/azraa/ros2_ws/src/M2S2/audio_common/audio_capture/src/audio_capture.cpp:210:15:[m[K [01;31m[Kerror: [m[Kinvalid use of incomplete type ‘[01m[Kclass audio_transport::RosGstCapture[m[K’
[5.926s]   210 |         server[01;31m[K->[m[Kpublish(msg);
[5.926s]       |               [01;31m[K^~[m[K
[5.926s] [01m[K/home/azraa/ros2_ws/src/M2S2/audio_common/audio_capture/src/audio_capture.cpp:13:9:[m[K [01;36m[Knote: [m[Kforward declaration of ‘[01m[Kclass audio_transport::RosGstCapture[m[K’
[5.926s]    13 |   class [01;36m[KRosGstCapture[m[K: public rclcpp::Node * node_
[5.927s]       |         [01;36m[K^~~~~~~~~~~~~[m[K
[5.927s] [01m[K/home/azraa/ros2_ws/src/M2S2/audio_common/audio_capture/src/audio_capture.cpp:[m[K In function ‘[01m[Kgboolean audio_transport::onMessage(GstBus*, GstMessage*, gpointer)[m[K’:
[5.927s] [01m[K/home/azraa/ros2_ws/src/M2S2/audio_common/audio_capture/src/audio_capture.cpp:225:32:[m[K [01;31m[Kerror: [m[Kinvalid use of incomplete type ‘[01m[Kclass audio_transport::RosGstCapture[m[K’
[5.927s]   225 |         g_main_loop_quit(server[01;31m[K->[m[K_loop);
[5.928s]       |                                [01;31m[K^~[m[K
[5.928s] [01m[K/home/azraa/ros2_ws/src/M2S2/audio_common/audio_capture/src/audio_capture.cpp:13:9:[m[K [01;36m[Knote: [m[Kforward declaration of ‘[01m[Kclass audio_transport::RosGstCapture[m[K’
[5.928s]    13 |   class [01;36m[KRosGstCapture[m[K: public rclcpp::Node * node_
[5.929s]       |         [01;36m[K^~~~~~~~~~~~~[m[K
[5.929s] [01m[K/home/azraa/ros2_ws/src/M2S2/audio_common/audio_capture/src/audio_capture.cpp:226:15:[m[K [01;31m[Kerror: [m[Kinvalid use of incomplete type ‘[01m[Kclass audio_transport::RosGstCapture[m[K’
[5.929s]   226 |         server[01;31m[K->[m[KexitOnMainThread(1);
[5.929s]       |               [01;31m[K^~[m[K
[5.930s] [01m[K/home/azraa/ros2_ws/src/M2S2/audio_common/audio_capture/src/audio_capture.cpp:13:9:[m[K [01;36m[Knote: [m[Kforward declaration of ‘[01m[Kclass audio_transport::RosGstCapture[m[K’
[5.930s]    13 |   class [01;36m[KRosGstCapture[m[K: public rclcpp::Node * node_
[5.930s]       |         [01;36m[K^~~~~~~~~~~~~[m[K
[5.930s] [01m[K/home/azraa/ros2_ws/src/M2S2/audio_common/audio_capture/src/audio_capture.cpp:215:42:[m[K [01;35m[Kwarning: [m[Kunused parameter ‘[01m[Kbus[m[K’ [[01;35m[K-Wunused-parameter[m[K]
[5.931s]   215 |       static gboolean onMessage ([01;35m[KGstBus *bus[m[K, GstMessage *message, gpointer userData)
[5.931s]       |                                  [01;35m[K~~~~~~~~^~~[m[K
[5.931s] [01m[K/home/azraa/ros2_ws/src/M2S2/audio_common/audio_capture/src/audio_capture.cpp:[m[K At global scope:
[5.932s] [01m[K/home/azraa/ros2_ws/src/M2S2/audio_common/audio_capture/src/audio_capture.cpp:230:5:[m[K [01;31m[Kerror: [m[Kexpected unqualified-id before ‘[01m[Kprivate[m[K’
[5.932s]   230 |     [01;31m[Kprivate[m[K:
[5.932s]       |     [01;31m[K^~~~~~~[m[K
[5.947s] [01m[K/home/azraa/ros2_ws/src/M2S2/audio_common/audio_capture/src/audio_capture.cpp:241:4:[m[K [01;35m[Kwarning: [m[Kextra ‘[01m[K;[m[K’ [[01;35m[K-Wpedantic[m[K]
[5.947s]   241 |   }[01;35m[K;[m[K
[5.947s]       |    [01;35m[K^[m[K
[5.947s] [01m[K/home/azraa/ros2_ws/src/M2S2/audio_common/audio_capture/src/audio_capture.cpp:242:1:[m[K [01;31m[Kerror: [m[Kexpected declaration before ‘[01m[K}[m[K’ token
[5.948s]   242 | [01;31m[K}[m[K
[5.948s]       | [01;31m[K^[m[K
[5.961s] [01m[K/home/azraa/ros2_ws/src/M2S2/audio_common/audio_capture/src/audio_capture.cpp:[m[K In function ‘[01m[Kint main(int, char**)[m[K’:
[5.961s] [01m[K/home/azraa/ros2_ws/src/M2S2/audio_common/audio_capture/src/audio_capture.cpp:248:66:[m[K [01;31m[Kerror: [m[Kno matching function for call to ‘[01m[Kspin(std::shared_ptr<audio_transport::RosGstCapture>)[m[K’
[5.962s]   248 |   rclcpp::spin(std::make_shared<audio_transport::RosGstCapture>()[01;31m[K)[m[K;
[5.962s]       |                                                                  [01;31m[K^[m[K
[5.962s] In file included from [01m[K/opt/ros/foxy/include/rclcpp/rclcpp.hpp:146[m[K,
[5.963s]                  from [01m[K/home/azraa/ros2_ws/src/M2S2/audio_common/audio_capture/src/audio_capture.cpp:6[m[K:
[5.963s] [01m[K/opt/ros/foxy/include/rclcpp/executors.hpp:45:1:[m[K [01;36m[Knote: [m[Kcandidate: ‘[01m[Kvoid rclcpp::spin(rclcpp::node_interfaces::NodeBaseInterface::SharedPtr)[m[K’
[5.963s]    45 | [01;36m[Kspin[m[K(rclcpp::node_interfaces::NodeBaseInterface::SharedPtr node_ptr);
[5.963s]       | [01;36m[K^~~~[m[K
[5.964s] [01m[K/opt/ros/foxy/include/rclcpp/executors.hpp:45:60:[m[K [01;36m[Knote: [m[K  no known conversion for argument 1 from ‘[01m[Kshared_ptr<[01;32m[Kaudio_transport::RosGstCapture[m[K>[m[K’ to ‘[01m[Kshared_ptr<[01;32m[Krclcpp::node_interfaces::NodeBaseInterface[m[K>[m[K’
[5.964s]    45 | spin([01;36m[Krclcpp::node_interfaces::NodeBaseInterface::SharedPtr node_ptr[m[K);
[5.964s]       |      [01;36m[K~~~~~~~~~~~~~~~~~~~~~~~~~~~~~~~~~~~~~~~~~~~~~~~~~~~~~~^~~~~~~~[m[K
[5.965s] [01m[K/opt/ros/foxy/include/rclcpp/executors.hpp:49:1:[m[K [01;36m[Knote: [m[Kcandidate: ‘[01m[Kvoid rclcpp::spin(rclcpp::Node::SharedPtr)[m[K’
[5.965s]    49 | [01;36m[Kspin[m[K(rclcpp::Node::SharedPtr node_ptr);
[5.965s]       | [01;36m[K^~~~[m[K
[5.966s] [01m[K/opt/ros/foxy/include/rclcpp/executors.hpp:49:30:[m[K [01;36m[Knote: [m[K  no known conversion for argument 1 from ‘[01m[Kshared_ptr<[01;32m[Kaudio_transport::RosGstCapture[m[K>[m[K’ to ‘[01m[Kshared_ptr<[01;32m[Krclcpp::Node[m[K>[m[K’
[5.966s]    49 | spin([01;36m[Krclcpp::Node::SharedPtr node_ptr[m[K);
[5.966s]       |      [01;36m[K~~~~~~~~~~~~~~~~~~~~~~~~^~~~~~~~[m[K
[7.340s] In file included from [01m[K/usr/include/c++/9/bits/stl_tree.h:69[m[K,
[7.340s]                  from [01m[K/usr/include/c++/9/map:60[m[K,
[7.340s]                  from [01m[K/usr/include/boost/system/detail/std_interoperability.hpp:11[m[K,
[7.340s]                  from [01m[K/usr/include/boost/system/error_code.hpp:959[m[K,
[7.340s]                  from [01m[K/usr/include/boost/system/system_error.hpp:11[m[K,
[7.340s]                  from [01m[K/usr/include/boost/thread/exceptions.hpp:22[m[K,
[7.341s]                  from [01m[K/usr/include/boost/thread/pthread/thread_data.hpp:10[m[K,
[7.341s]                  from [01m[K/usr/include/boost/thread/thread_only.hpp:17[m[K,
[7.341s]                  from [01m[K/usr/include/boost/thread/thread.hpp:12[m[K,
[7.341s]                  from [01m[K/usr/include/boost/thread.hpp:13[m[K,
[7.341s]                  from [01m[K/home/azraa/ros2_ws/src/M2S2/audio_common/audio_capture/src/audio_capture.cpp:4[m[K:
[7.341s] /usr/include/c++/9/ext/aligned_buffer.h: In instantiation of ‘[01m[Kstruct __gnu_cxx::__aligned_buffer<audio_transport::RosGstCapture>[m[K’:
[7.341s] [01m[K/usr/include/c++/9/bits/shared_ptr_base.h:535:35:[m[K   required from ‘[01m[Kclass std::_Sp_counted_ptr_inplace<audio_transport::RosGstCapture, std::allocator<audio_transport::RosGstCapture>, __gnu_cxx::_S_atomic>::_Impl[m[K’
[7.342s] [01m[K/usr/include/c++/9/bits/shared_ptr_base.h:596:13:[m[K   required from ‘[01m[Kclass std::_Sp_counted_ptr_inplace<audio_transport::RosGstCapture, std::allocator<audio_transport::RosGstCapture>, __gnu_cxx::_S_atomic>[m[K’
[7.342s] [01m[K/usr/include/c++/9/bits/shared_ptr_base.h:676:43:[m[K   required from ‘[01m[Kstd::__shared_count<_Lp>::__shared_count(_Tp*&, std::_Sp_alloc_shared_tag<_Alloc>, _Args&& ...) [with _Tp = audio_transport::RosGstCapture; _Alloc = std::allocator<audio_transport::RosGstCapture>; _Args = {}; __gnu_cxx::_Lock_policy _Lp = __gnu_cxx::_S_atomic][m[K’
[7.342s] [01m[K/usr/include/c++/9/bits/shared_ptr_base.h:1344:71:[m[K   required from ‘[01m[Kstd::__shared_ptr<_Tp, _Lp>::__shared_ptr(std::_Sp_alloc_shared_tag<_Tp>, _Args&& ...) [with _Alloc = std::allocator<audio_transport::RosGstCapture>; _Args = {}; _Tp = audio_transport::RosGstCapture; __gnu_cxx::_Lock_policy _Lp = __gnu_cxx::_S_atomic][m[K’
[7.342s] [01m[K/usr/include/c++/9/bits/shared_ptr.h:359:59:[m[K   required from ‘[01m[Kstd::shared_ptr<_Tp>::shared_ptr(std::_Sp_alloc_shared_tag<_Tp>, _Args&& ...) [with _Alloc = std::allocator<audio_transport::RosGstCapture>; _Args = {}; _Tp = audio_transport::RosGstCapture][m[K’
[7.342s] [01m[K/usr/include/c++/9/bits/shared_ptr.h:701:14:[m[K   required from ‘[01m[Kstd::shared_ptr<_Tp> std::allocate_shared(const _Alloc&, _Args&& ...) [with _Tp = audio_transport::RosGstCapture; _Alloc = std::allocator<audio_transport::RosGstCapture>; _Args = {}][m[K’
[7.342s] [01m[K/usr/include/c++/9/bits/shared_ptr.h:717:39:[m[K   required from ‘[01m[Kstd::shared_ptr<_Tp> std::make_shared(_Args&& ...) [with _Tp = audio_transport::RosGstCapture; _Args = {}][m[K’
[7.342s] [01m[K/home/azraa/ros2_ws/src/M2S2/audio_common/audio_capture/src/audio_capture.cpp:248:65:[m[K   required from here
[7.343s] [01m[K/usr/include/c++/9/ext/aligned_buffer.h:91:28:[m[K [01;31m[Kerror: [m[Kinvalid application of ‘[01m[Ksizeof[m[K’ to incomplete type ‘[01m[Kaudio_transport::RosGstCapture[m[K’
[7.343s]    91 |     : std::aligned_storage<[01;31m[Ksizeof(_Tp)[m[K, __alignof__(_Tp)>
[7.343s]       |                            [01;31m[K^~~~~~~~~~~[m[K
[7.343s] [01m[K/usr/include/c++/9/ext/aligned_buffer.h:91:28:[m[K [01;31m[Kerror: [m[Kinvalid application of ‘[01m[Ksizeof[m[K’ to incomplete type ‘[01m[Kaudio_transport::RosGstCapture[m[K’
[7.595s] [01m[K/home/azraa/ros2_ws/src/M2S2/audio_common/audio_capture/src/audio_capture.cpp:[m[K At global scope:
[7.595s] [01m[K/home/azraa/ros2_ws/src/M2S2/audio_common/audio_capture/src/audio_capture.cpp:215:23:[m[K [01;35m[Kwarning: [m[K‘[01m[Kgboolean audio_transport::onMessage(GstBus*, GstMessage*, gpointer)[m[K’ defined but not used [[01;35m[K-Wunused-function[m[K]
[7.595s]   215 |       static gboolean [01;35m[KonMessage[m[K (GstBus *bus, GstMessage *message, gpointer userData)
[7.595s]       |                       [01;35m[K^~~~~~~~~[m[K
[7.595s] [01m[K/home/azraa/ros2_ws/src/M2S2/audio_common/audio_capture/src/audio_capture.cpp:189:28:[m[K [01;35m[Kwarning: [m[K‘[01m[KGstFlowReturn audio_transport::onNewBuffer(GstAppSink*, gpointer)[m[K’ defined but not used [[01;35m[K-Wunused-function[m[K]
[7.596s]   189 |       static GstFlowReturn [01;35m[KonNewBuffer[m[K (GstAppSink *appsink, gpointer userData)
[7.596s]       |                            [01;35m[K^~~~~~~~~~~[m[K
[7.641s] make[2]: *** [CMakeFiles/audio_capture.dir/build.make:63: CMakeFiles/audio_capture.dir/src/audio_capture.cpp.o] Error 1
[7.641s] make[1]: *** [CMakeFiles/Makefile2:78: CMakeFiles/audio_capture.dir/all] Error 2
[7.641s] make: *** [Makefile:141: all] Error 2
[7.645s] Invoked command in '/home/azraa/ros2_ws/build/audio_capture' returned '2': CMAKE_PREFIX_PATH=/home/azraa/ros2_ws/install/audio_common_msgs:/home/azraa/ros2_ws/install/audio_common:/home/azraa/ros2_ws/install/sound_play:/home/azraa/ros2_ws/install/my_robot_bringup:/home/azraa/ros2_ws/install/my_cpp_pkg:/home/azraa/ros2_ws/install/my_robot_interfaces:/home/azraa/ros2_ws/install/bme280:/home/azraa/ros2_ws/install/m2s2_custom_interfaces:/home/azraa/ros2_ws/install/m2s2_bringup:/home/azraa/ros2_ws/install/audio_play:/home/azraa/ros2_ws/install/audio_capture:/opt/ros/foxy LD_LIBRARY_PATH=/home/azraa/ros2_ws/install/audio_common_msgs/lib:/home/azraa/ros2_ws/install/sound_play/lib:/home/azraa/ros2_ws/install/my_robot_interfaces/lib:/home/azraa/ros2_ws/install/m2s2_custom_interfaces/lib:/opt/ros/foxy/opt/yaml_cpp_vendor/lib:/opt/ros/foxy/opt/rviz_ogre_vendor/lib:/opt/ros/foxy/lib/x86_64-linux-gnu:/opt/ros/foxy/lib PYTHONPATH=/home/azraa/ros2_ws/install/audio_common_msgs/lib/python3.8/site-packages:/home/azraa/ros2_ws/install/sound_play/lib/python3.8/site-packages:/home/azraa/ros2_ws/install/my_robot_interfaces/lib/python3.8/site-packages:/home/azraa/ros2_ws/install/my_py_pkg/lib/python3.8/site-packages:/home/azraa/ros2_ws/install/m2s2_custom_interfaces/lib/python3.8/site-packages:/opt/ros/foxy/lib/python3.8/site-packages /usr/bin/cmake --build /home/azraa/ros2_ws/build/audio_capture -- -j4 -l4
