[0.064s] Invoking command in '/home/azraa/ros2_ws/build/sound_play': CMAKE_PREFIX_PATH=/home/azraa/ros2_ws/install/audio_common_msgs:/home/azraa/ros2_ws/install/v4l2_camera:/home/azraa/ros2_ws/install/audio_common:/home/azraa/ros2_ws/install/sound_play:/home/azraa/ros2_ws/install/my_robot_bringup:/home/azraa/ros2_ws/install/my_cpp_pkg:/home/azraa/ros2_ws/install/my_robot_interfaces:/home/azraa/ros2_ws/install/bme280:/home/azraa/ros2_ws/install/m2s2_custom_interfaces:/home/azraa/ros2_ws/install/m2s2_bringup:/home/azraa/ros2_ws/install/audio_play:/home/azraa/ros2_ws/install/audio_capture:/home/azraa/ros2_ws/install/m2s2_test_python:/opt/ros/foxy:/opt/ros/noetic LD_LIBRARY_PATH=/home/azraa/ros2_ws/install/audio_common_msgs/lib:/home/azraa/ros2_ws/install/v4l2_camera/lib:/home/azraa/ros2_ws/install/sound_play/lib:/home/azraa/ros2_ws/install/my_robot_interfaces/lib:/home/azraa/ros2_ws/install/m2s2_custom_interfaces/lib:/opt/ros/foxy/opt/yaml_cpp_vendor/lib:/opt/ros/foxy/opt/rviz_ogre_vendor/lib:/opt/ros/foxy/lib/x86_64-linux-gnu:/opt/ros/foxy/lib:/opt/ros/noetic/lib PYTHONPATH=/home/azraa/ros2_ws/install/audio_common_msgs/lib/python3.8/site-packages:/home/azraa/ros2_ws/install/sound_play/lib/python3.8/site-packages:/home/azraa/ros2_ws/install/my_robot_interfaces/lib/python3.8/site-packages:/home/azraa/ros2_ws/install/my_python_pkg/lib/python3.8/site-packages:/home/azraa/ros2_ws/install/my_py_pkg/lib/python3.8/site-packages:/home/azraa/ros2_ws/install/m2s2_test_python/lib/python3.8/site-packages:/home/azraa/ros2_ws/install/m2s2_custom_interfaces/lib/python3.8/site-packages:/opt/ros/foxy/lib/python3.8/site-packages:/opt/ros/noetic/lib/python3/dist-packages /usr/bin/cmake --build /home/azraa/ros2_ws/build/sound_play -- -j4 -l4
[0.200s] [ 10%] Built target sound_play__rosidl_generator_c
[0.206s] [ 12%] Built target sound_play__cpp
[0.287s] [ 23%] Built target sound_play__rosidl_typesupport_c
[0.293s] [ 33%] Built target sound_play__rosidl_typesupport_introspection_cpp
[0.312s] [ 43%] Built target sound_play__rosidl_typesupport_fastrtps_cpp
[0.336s] [ 53%] Built target sound_play__rosidl_typesupport_introspection_c
[0.390s] [ 64%] Built target sound_play__rosidl_typesupport_cpp
[0.426s] [ 74%] Built target sound_play__rosidl_typesupport_fastrtps_c
[0.504s] [ 74%] Built target sound_play
[0.592s] [ 76%] Built target sound_play__py
[0.650s] [ 84%] Built target sound_play__python
[0.746s] [ 89%] Built target sound_play__rosidl_typesupport_c__pyext
[0.755s] [ 94%] Built target sound_play__rosidl_typesupport_introspection_c__pyext
[0.775s] [100%] Built target sound_play__rosidl_typesupport_fastrtps_c__pyext
[0.825s] Invoked command in '/home/azraa/ros2_ws/build/sound_play' returned '0': CMAKE_PREFIX_PATH=/home/azraa/ros2_ws/install/audio_common_msgs:/home/azraa/ros2_ws/install/v4l2_camera:/home/azraa/ros2_ws/install/audio_common:/home/azraa/ros2_ws/install/sound_play:/home/azraa/ros2_ws/install/my_robot_bringup:/home/azraa/ros2_ws/install/my_cpp_pkg:/home/azraa/ros2_ws/install/my_robot_interfaces:/home/azraa/ros2_ws/install/bme280:/home/azraa/ros2_ws/install/m2s2_custom_interfaces:/home/azraa/ros2_ws/install/m2s2_bringup:/home/azraa/ros2_ws/install/audio_play:/home/azraa/ros2_ws/install/audio_capture:/home/azraa/ros2_ws/install/m2s2_test_python:/opt/ros/foxy:/opt/ros/noetic LD_LIBRARY_PATH=/home/azraa/ros2_ws/install/audio_common_msgs/lib:/home/azraa/ros2_ws/install/v4l2_camera/lib:/home/azraa/ros2_ws/install/sound_play/lib:/home/azraa/ros2_ws/install/my_robot_interfaces/lib:/home/azraa/ros2_ws/install/m2s2_custom_interfaces/lib:/opt/ros/foxy/opt/yaml_cpp_vendor/lib:/opt/ros/foxy/opt/rviz_ogre_vendor/lib:/opt/ros/foxy/lib/x86_64-linux-gnu:/opt/ros/foxy/lib:/opt/ros/noetic/lib PYTHONPATH=/home/azraa/ros2_ws/install/audio_common_msgs/lib/python3.8/site-packages:/home/azraa/ros2_ws/install/sound_play/lib/python3.8/site-packages:/home/azraa/ros2_ws/install/my_robot_interfaces/lib/python3.8/site-packages:/home/azraa/ros2_ws/install/my_python_pkg/lib/python3.8/site-packages:/home/azraa/ros2_ws/install/my_py_pkg/lib/python3.8/site-packages:/home/azraa/ros2_ws/install/m2s2_test_python/lib/python3.8/site-packages:/home/azraa/ros2_ws/install/m2s2_custom_interfaces/lib/python3.8/site-packages:/opt/ros/foxy/lib/python3.8/site-packages:/opt/ros/noetic/lib/python3/dist-packages /usr/bin/cmake --build /home/azraa/ros2_ws/build/sound_play -- -j4 -l4
[0.986s] Invoking command in '/home/azraa/ros2_ws/build/sound_play': CMAKE_PREFIX_PATH=/home/azraa/ros2_ws/install/audio_common_msgs:/home/azraa/ros2_ws/install/v4l2_camera:/home/azraa/ros2_ws/install/audio_common:/home/azraa/ros2_ws/install/sound_play:/home/azraa/ros2_ws/install/my_robot_bringup:/home/azraa/ros2_ws/install/my_cpp_pkg:/home/azraa/ros2_ws/install/my_robot_interfaces:/home/azraa/ros2_ws/install/bme280:/home/azraa/ros2_ws/install/m2s2_custom_interfaces:/home/azraa/ros2_ws/install/m2s2_bringup:/home/azraa/ros2_ws/install/audio_play:/home/azraa/ros2_ws/install/audio_capture:/home/azraa/ros2_ws/install/m2s2_test_python:/opt/ros/foxy:/opt/ros/noetic LD_LIBRARY_PATH=/home/azraa/ros2_ws/install/audio_common_msgs/lib:/home/azraa/ros2_ws/install/v4l2_camera/lib:/home/azraa/ros2_ws/install/sound_play/lib:/home/azraa/ros2_ws/install/my_robot_interfaces/lib:/home/azraa/ros2_ws/install/m2s2_custom_interfaces/lib:/opt/ros/foxy/opt/yaml_cpp_vendor/lib:/opt/ros/foxy/opt/rviz_ogre_vendor/lib:/opt/ros/foxy/lib/x86_64-linux-gnu:/opt/ros/foxy/lib:/opt/ros/noetic/lib PYTHONPATH=/home/azraa/ros2_ws/install/audio_common_msgs/lib/python3.8/site-packages:/home/azraa/ros2_ws/install/sound_play/lib/python3.8/site-packages:/home/azraa/ros2_ws/install/my_robot_interfaces/lib/python3.8/site-packages:/home/azraa/ros2_ws/install/my_python_pkg/lib/python3.8/site-packages:/home/azraa/ros2_ws/install/my_py_pkg/lib/python3.8/site-packages:/home/azraa/ros2_ws/install/m2s2_test_python/lib/python3.8/site-packages:/home/azraa/ros2_ws/install/m2s2_custom_interfaces/lib/python3.8/site-packages:/opt/ros/foxy/lib/python3.8/site-packages:/opt/ros/noetic/lib/python3/dist-packages /usr/bin/cmake --install /home/azraa/ros2_ws/build/sound_play
[1.010s] -- Install configuration: ""
[1.010s] -- Up-to-date: /home/azraa/ros2_ws/install/sound_play/share/ament_index/resource_index/rosidl_interfaces/sound_play
[1.010s] -- Up-to-date: /home/azraa/ros2_ws/install/sound_play/include/sound_play
[1.011s] -- Up-to-date: /home/azraa/ros2_ws/install/sound_play/include/sound_play/msg
[1.011s] -- Up-to-date: /home/azraa/ros2_ws/install/sound_play/include/sound_play/msg/sound_request.h
[1.011s] -- Up-to-date: /home/azraa/ros2_ws/install/sound_play/include/sound_play/msg/detail
[1.012s] -- Up-to-date: /home/azraa/ros2_ws/install/sound_play/include/sound_play/msg/detail/sound_request__functions.c
[1.012s] -- Up-to-date: /home/azraa/ros2_ws/install/sound_play/include/sound_play/msg/detail/sound_request__functions.h
[1.012s] -- Up-to-date: /home/azraa/ros2_ws/install/sound_play/include/sound_play/msg/detail/sound_request__struct.h
[1.012s] -- Up-to-date: /home/azraa/ros2_ws/install/sound_play/include/sound_play/msg/detail/sound_request__type_support.h
[1.013s] -- Up-to-date: /home/azraa/ros2_ws/install/sound_play/include/sound_play/msg/rosidl_generator_c__visibility_control.h
[1.014s] -- Up-to-date: /home/azraa/ros2_ws/install/sound_play/include/sound_play/action
[1.014s] -- Up-to-date: /home/azraa/ros2_ws/install/sound_play/include/sound_play/action/sound_request.h
[1.014s] -- Up-to-date: /home/azraa/ros2_ws/install/sound_play/include/sound_play/action/detail
[1.014s] -- Up-to-date: /home/azraa/ros2_ws/install/sound_play/include/sound_play/action/detail/sound_request__functions.c
[1.014s] -- Up-to-date: /home/azraa/ros2_ws/install/sound_play/include/sound_play/action/detail/sound_request__functions.h
[1.014s] -- Up-to-date: /home/azraa/ros2_ws/install/sound_play/include/sound_play/action/detail/sound_request__struct.h
[1.014s] -- Up-to-date: /home/azraa/ros2_ws/install/sound_play/include/sound_play/action/detail/sound_request__type_support.h
[1.015s] -- Up-to-date: /home/azraa/ros2_ws/install/sound_play/share/sound_play/environment/library_path.sh
[1.015s] -- Up-to-date: /home/azraa/ros2_ws/install/sound_play/share/sound_play/environment/library_path.dsv
[1.016s] -- Up-to-date: /home/azraa/ros2_ws/install/sound_play/lib/libsound_play__rosidl_generator_c.so
[1.017s] -- Up-to-date: /home/azraa/ros2_ws/install/sound_play/include/sound_play
[1.017s] -- Up-to-date: /home/azraa/ros2_ws/install/sound_play/include/sound_play/msg
[1.018s] -- Up-to-date: /home/azraa/ros2_ws/install/sound_play/include/sound_play/msg/rosidl_typesupport_fastrtps_c__visibility_control.h
[1.018s] -- Up-to-date: /home/azraa/ros2_ws/install/sound_play/include/sound_play/msg/detail
[1.018s] -- Up-to-date: /home/azraa/ros2_ws/install/sound_play/include/sound_play/msg/detail/sound_request__rosidl_typesupport_fastrtps_c.h
[1.019s] -- Up-to-date: /home/azraa/ros2_ws/install/sound_play/include/sound_play/action
[1.019s] -- Up-to-date: /home/azraa/ros2_ws/install/sound_play/include/sound_play/action/detail
[1.020s] -- Up-to-date: /home/azraa/ros2_ws/install/sound_play/include/sound_play/action/detail/sound_request__rosidl_typesupport_fastrtps_c.h
[1.020s] -- Up-to-date: /home/azraa/ros2_ws/install/sound_play/lib/libsound_play__rosidl_typesupport_fastrtps_c.so
[1.021s] -- Up-to-date: /home/azraa/ros2_ws/install/sound_play/include/sound_play
[1.021s] -- Up-to-date: /home/azraa/ros2_ws/install/sound_play/include/sound_play/msg
[1.022s] -- Up-to-date: /home/azraa/ros2_ws/install/sound_play/include/sound_play/msg/detail
[1.024s] -- Up-to-date: /home/azraa/ros2_ws/install/sound_play/include/sound_play/msg/detail/sound_request__rosidl_typesupport_fastrtps_cpp.hpp
[1.032s] -- Up-to-date: /home/azraa/ros2_ws/install/sound_play/include/sound_play/msg/detail/dds_fastrtps
[1.041s] -- Up-to-date: /home/azraa/ros2_ws/install/sound_play/include/sound_play/msg/rosidl_typesupport_fastrtps_cpp__visibility_control.h
[1.042s] -- Up-to-date: /home/azraa/ros2_ws/install/sound_play/include/sound_play/action
[1.043s] -- Up-to-date: /home/azraa/ros2_ws/install/sound_play/include/sound_play/action/detail
[1.045s] -- Up-to-date: /home/azraa/ros2_ws/install/sound_play/include/sound_play/action/detail/sound_request__rosidl_typesupport_fastrtps_cpp.hpp
[1.046s] -- Up-to-date: /home/azraa/ros2_ws/install/sound_play/include/sound_play/action/detail/dds_fastrtps
[1.046s] -- Up-to-date: /home/azraa/ros2_ws/install/sound_play/lib/libsound_play__rosidl_typesupport_fastrtps_cpp.so
[1.047s] -- Up-to-date: /home/azraa/ros2_ws/install/sound_play/include/sound_play
[1.047s] -- Up-to-date: /home/azraa/ros2_ws/install/sound_play/include/sound_play/msg
[1.047s] -- Up-to-date: /home/azraa/ros2_ws/install/sound_play/include/sound_play/msg/detail
[1.048s] -- Up-to-date: /home/azraa/ros2_ws/install/sound_play/include/sound_play/msg/detail/sound_request__type_support.c
[1.048s] -- Up-to-date: /home/azraa/ros2_ws/install/sound_play/include/sound_play/msg/detail/sound_request__rosidl_typesupport_introspection_c.h
[1.049s] -- Up-to-date: /home/azraa/ros2_ws/install/sound_play/include/sound_play/msg/rosidl_typesupport_introspection_c__visibility_control.h
[1.050s] -- Up-to-date: /home/azraa/ros2_ws/install/sound_play/include/sound_play/action
[1.050s] -- Up-to-date: /home/azraa/ros2_ws/install/sound_play/include/sound_play/action/detail
[1.051s] -- Up-to-date: /home/azraa/ros2_ws/install/sound_play/include/sound_play/action/detail/sound_request__type_support.c
[1.051s] -- Up-to-date: /home/azraa/ros2_ws/install/sound_play/include/sound_play/action/detail/sound_request__rosidl_typesupport_introspection_c.h
[1.051s] -- Up-to-date: /home/azraa/ros2_ws/install/sound_play/lib/libsound_play__rosidl_typesupport_introspection_c.so
[1.051s] -- Up-to-date: /home/azraa/ros2_ws/install/sound_play/lib/libsound_play__rosidl_typesupport_c.so
[1.052s] -- Up-to-date: /home/azraa/ros2_ws/install/sound_play/include/sound_play
[1.052s] -- Up-to-date: /home/azraa/ros2_ws/install/sound_play/include/sound_play/msg
[1.052s] -- Up-to-date: /home/azraa/ros2_ws/install/sound_play/include/sound_play/msg/detail
[1.053s] -- Up-to-date: /home/azraa/ros2_ws/install/sound_play/include/sound_play/msg/detail/sound_request__builder.hpp
[1.053s] -- Up-to-date: /home/azraa/ros2_ws/install/sound_play/include/sound_play/msg/detail/sound_request__traits.hpp
[1.053s] -- Up-to-date: /home/azraa/ros2_ws/install/sound_play/include/sound_play/msg/detail/sound_request__struct.hpp
[1.054s] -- Up-to-date: /home/azraa/ros2_ws/install/sound_play/include/sound_play/msg/sound_request.hpp
[1.054s] -- Up-to-date: /home/azraa/ros2_ws/install/sound_play/include/sound_play/action
[1.054s] -- Up-to-date: /home/azraa/ros2_ws/install/sound_play/include/sound_play/action/detail
[1.054s] -- Up-to-date: /home/azraa/ros2_ws/install/sound_play/include/sound_play/action/detail/sound_request__builder.hpp
[1.055s] -- Up-to-date: /home/azraa/ros2_ws/install/sound_play/include/sound_play/action/detail/sound_request__traits.hpp
[1.055s] -- Up-to-date: /home/azraa/ros2_ws/install/sound_play/include/sound_play/action/detail/sound_request__struct.hpp
[1.055s] -- Up-to-date: /home/azraa/ros2_ws/install/sound_play/include/sound_play/action/sound_request.hpp
[1.055s] -- Up-to-date: /home/azraa/ros2_ws/install/sound_play/include/sound_play
[1.055s] -- Up-to-date: /home/azraa/ros2_ws/install/sound_play/include/sound_play/msg
[1.056s] -- Up-to-date: /home/azraa/ros2_ws/install/sound_play/include/sound_play/msg/detail
[1.056s] -- Up-to-date: /home/azraa/ros2_ws/install/sound_play/include/sound_play/msg/detail/sound_request__type_support.cpp
[1.057s] -- Up-to-date: /home/azraa/ros2_ws/install/sound_play/include/sound_play/msg/detail/sound_request__rosidl_typesupport_introspection_cpp.hpp
[1.057s] -- Up-to-date: /home/azraa/ros2_ws/install/sound_play/include/sound_play/action
[1.057s] -- Up-to-date: /home/azraa/ros2_ws/install/sound_play/include/sound_play/action/detail
[1.058s] -- Up-to-date: /home/azraa/ros2_ws/install/sound_play/include/sound_play/action/detail/sound_request__type_support.cpp
[1.060s] -- Up-to-date: /home/azraa/ros2_ws/install/sound_play/include/sound_play/action/detail/sound_request__rosidl_typesupport_introspection_cpp.hpp
[1.060s] -- Up-to-date: /home/azraa/ros2_ws/install/sound_play/lib/libsound_play__rosidl_typesupport_introspection_cpp.so
[1.060s] -- Up-to-date: /home/azraa/ros2_ws/install/sound_play/lib/libsound_play__rosidl_typesupport_cpp.so
[1.061s] -- Up-to-date: /home/azraa/ros2_ws/install/sound_play/share/sound_play/environment/pythonpath.sh
[1.061s] -- Up-to-date: /home/azraa/ros2_ws/install/sound_play/share/sound_play/environment/pythonpath.dsv
[1.061s] -- Installing: /home/azraa/ros2_ws/install/sound_play/lib/python3.8/site-packages/sound_play/__init__.py
[1.206s] Compiling '/home/azraa/ros2_ws/install/sound_play/lib/python3.8/site-packages/sound_play/__init__.py'...
[1.215s] -- Up-to-date: /home/azraa/ros2_ws/install/sound_play/lib/python3.8/site-packages/sound_play/msg
[1.215s] -- Up-to-date: /home/azraa/ros2_ws/install/sound_play/lib/python3.8/site-packages/sound_play/msg/_sound_request_s.c
[1.215s] -- Up-to-date: /home/azraa/ros2_ws/install/sound_play/lib/python3.8/site-packages/sound_play/msg/_sound_request.py
[1.216s] -- Up-to-date: /home/azraa/ros2_ws/install/sound_play/lib/python3.8/site-packages/sound_play/msg/__init__.py
[1.216s] -- Up-to-date: /home/azraa/ros2_ws/install/sound_play/lib/python3.8/site-packages/sound_play/action
[1.216s] -- Up-to-date: /home/azraa/ros2_ws/install/sound_play/lib/python3.8/site-packages/sound_play/action/_sound_request_s.c
[1.216s] -- Up-to-date: /home/azraa/ros2_ws/install/sound_play/lib/python3.8/site-packages/sound_play/action/_sound_request.py
[1.216s] -- Up-to-date: /home/azraa/ros2_ws/install/sound_play/lib/python3.8/site-packages/sound_play/action/__init__.py
[1.217s] -- Up-to-date: /home/azraa/ros2_ws/install/sound_play/lib/python3.8/site-packages/sound_play/sound_play_s__rosidl_typesupport_fastrtps_c.cpython-38-x86_64-linux-gnu.so
[1.217s] -- Up-to-date: /home/azraa/ros2_ws/install/sound_play/lib/python3.8/site-packages/sound_play/sound_play_s__rosidl_typesupport_introspection_c.cpython-38-x86_64-linux-gnu.so
[1.217s] -- Up-to-date: /home/azraa/ros2_ws/install/sound_play/lib/python3.8/site-packages/sound_play/sound_play_s__rosidl_typesupport_c.cpython-38-x86_64-linux-gnu.so
[1.218s] -- Up-to-date: /home/azraa/ros2_ws/install/sound_play/lib/libsound_play__python.so
[1.218s] -- Up-to-date: /home/azraa/ros2_ws/install/sound_play/share/sound_play/msg/SoundRequest.idl
[1.219s] -- Up-to-date: /home/azraa/ros2_ws/install/sound_play/share/sound_play/action/SoundRequest.idl
[1.219s] -- Up-to-date: /home/azraa/ros2_ws/install/sound_play/share/sound_play/msg/SoundRequest.msg
[1.220s] -- Up-to-date: /home/azraa/ros2_ws/install/sound_play/share/sound_play/action/SoundRequest.action
[1.220s] -- Up-to-date: /home/azraa/ros2_ws/install/sound_play/lib/python3.8/site-packages/sound_play
[1.220s] -- Installing: /home/azraa/ros2_ws/install/sound_play/lib/python3.8/site-packages/sound_play/__init__.py
[1.220s] -- Up-to-date: /home/azraa/ros2_ws/install/sound_play/lib/python3.8/site-packages/sound_play/libsoundplay.py
[1.320s] Listing '/home/azraa/ros2_ws/install/sound_play/lib/python3.8/site-packages/sound_play'...
[1.320s] Compiling '/home/azraa/ros2_ws/install/sound_play/lib/python3.8/site-packages/sound_play/__init__.py'...
[1.321s] Listing '/home/azraa/ros2_ws/install/sound_play/lib/python3.8/site-packages/sound_play/action'...
[1.321s] Listing '/home/azraa/ros2_ws/install/sound_play/lib/python3.8/site-packages/sound_play/msg'...
[1.331s] -- Up-to-date: /home/azraa/ros2_ws/install/sound_play/lib/sound_play/is_speaking.py
[1.332s] -- Up-to-date: /home/azraa/ros2_ws/install/sound_play/lib/sound_play/playbuiltin.py
[1.332s] -- Up-to-date: /home/azraa/ros2_ws/install/sound_play/lib/sound_play/play.py
[1.332s] -- Up-to-date: /home/azraa/ros2_ws/install/sound_play/lib/sound_play/say.py
[1.333s] -- Up-to-date: /home/azraa/ros2_ws/install/sound_play/lib/sound_play/shutup.py
[1.336s] -- Up-to-date: /home/azraa/ros2_ws/install/sound_play/lib/sound_play/soundplay_node.py
[1.340s] -- Up-to-date: /home/azraa/ros2_ws/install/sound_play/include/sound_play
[1.349s] -- Up-to-date: /home/azraa/ros2_ws/install/sound_play/include/sound_play/sound_play.h
[1.351s] -- Up-to-date: /home/azraa/ros2_ws/install/sound_play/share/sound_play/launch
[1.351s] -- Up-to-date: /home/azraa/ros2_ws/install/sound_play/share/sound_play/launch/soundplay_node.launch.xml
[1.362s] -- Up-to-date: /home/azraa/ros2_ws/install/sound_play/share/sound_play/sounds
[1.363s] -- Up-to-date: /home/azraa/ros2_ws/install/sound_play/share/sound_play/sounds/NEEDS_PLUGGING_BADLY.ogg
[1.363s] -- Up-to-date: /home/azraa/ros2_ws/install/sound_play/share/sound_play/sounds/NEEDS_UNPLUGGING_BADLY.ogg
[1.363s] -- Up-to-date: /home/azraa/ros2_ws/install/sound_play/share/sound_play/sounds/NEEDS_UNPLUGGING.ogg
[1.364s] -- Up-to-date: /home/azraa/ros2_ws/install/sound_play/share/sound_play/sounds/say-beep.wav
[1.364s] -- Up-to-date: /home/azraa/ros2_ws/install/sound_play/share/sound_play/sounds/BACKINGUP.ogg
[1.365s] -- Up-to-date: /home/azraa/ros2_ws/install/sound_play/share/sound_play/sounds/NEEDS_PLUGGING.ogg
[1.365s] -- Up-to-date: /home/azraa/ros2_ws/install/sound_play/share/ament_index/resource_index/package_run_dependencies/sound_play
[1.365s] -- Up-to-date: /home/azraa/ros2_ws/install/sound_play/share/ament_index/resource_index/parent_prefix_path/sound_play
[1.366s] -- Up-to-date: /home/azraa/ros2_ws/install/sound_play/share/sound_play/environment/ament_prefix_path.sh
[1.366s] -- Up-to-date: /home/azraa/ros2_ws/install/sound_play/share/sound_play/environment/ament_prefix_path.dsv
[1.366s] -- Up-to-date: /home/azraa/ros2_ws/install/sound_play/share/sound_play/environment/path.sh
[1.367s] -- Up-to-date: /home/azraa/ros2_ws/install/sound_play/share/sound_play/environment/path.dsv
[1.367s] -- Up-to-date: /home/azraa/ros2_ws/install/sound_play/share/sound_play/local_setup.bash
[1.367s] -- Up-to-date: /home/azraa/ros2_ws/install/sound_play/share/sound_play/local_setup.sh
[1.368s] -- Up-to-date: /home/azraa/ros2_ws/install/sound_play/share/sound_play/local_setup.zsh
[1.368s] -- Up-to-date: /home/azraa/ros2_ws/install/sound_play/share/sound_play/local_setup.dsv
[1.368s] -- Installing: /home/azraa/ros2_ws/install/sound_play/share/sound_play/package.dsv
[1.369s] -- Up-to-date: /home/azraa/ros2_ws/install/sound_play/share/ament_index/resource_index/packages/sound_play
[1.369s] -- Up-to-date: /home/azraa/ros2_ws/install/sound_play/share/sound_play/cmake/sound_play__rosidl_generator_cExport.cmake
[1.372s] -- Up-to-date: /home/azraa/ros2_ws/install/sound_play/share/sound_play/cmake/sound_play__rosidl_generator_cExport-noconfig.cmake
[1.372s] -- Up-to-date: /home/azraa/ros2_ws/install/sound_play/share/sound_play/cmake/sound_play__rosidl_typesupport_introspection_cExport.cmake
[1.373s] -- Up-to-date: /home/azraa/ros2_ws/install/sound_play/share/sound_play/cmake/sound_play__rosidl_typesupport_introspection_cExport-noconfig.cmake
[1.375s] -- Up-to-date: /home/azraa/ros2_ws/install/sound_play/share/sound_play/cmake/sound_play__rosidl_typesupport_cExport.cmake
[1.375s] -- Up-to-date: /home/azraa/ros2_ws/install/sound_play/share/sound_play/cmake/sound_play__rosidl_typesupport_cExport-noconfig.cmake
[1.375s] -- Up-to-date: /home/azraa/ros2_ws/install/sound_play/share/sound_play/cmake/sound_play__rosidl_generator_cppExport.cmake
[1.376s] -- Up-to-date: /home/azraa/ros2_ws/install/sound_play/share/sound_play/cmake/sound_play__rosidl_typesupport_introspection_cppExport.cmake
[1.376s] -- Up-to-date: /home/azraa/ros2_ws/install/sound_play/share/sound_play/cmake/sound_play__rosidl_typesupport_introspection_cppExport-noconfig.cmake
[1.376s] -- Up-to-date: /home/azraa/ros2_ws/install/sound_play/share/sound_play/cmake/sound_play__rosidl_typesupport_cppExport.cmake
[1.377s] -- Up-to-date: /home/azraa/ros2_ws/install/sound_play/share/sound_play/cmake/sound_play__rosidl_typesupport_cppExport-noconfig.cmake
[1.377s] -- Up-to-date: /home/azraa/ros2_ws/install/sound_play/share/sound_play/cmake/rosidl_cmake-extras.cmake
[1.377s] -- Up-to-date: /home/azraa/ros2_ws/install/sound_play/share/sound_play/cmake/ament_cmake_export_dependencies-extras.cmake
[1.377s] -- Up-to-date: /home/azraa/ros2_ws/install/sound_play/share/sound_play/cmake/ament_cmake_export_libraries-extras.cmake
[1.378s] -- Up-to-date: /home/azraa/ros2_ws/install/sound_play/share/sound_play/cmake/ament_cmake_export_targets-extras.cmake
[1.378s] -- Up-to-date: /home/azraa/ros2_ws/install/sound_play/share/sound_play/cmake/ament_cmake_export_include_directories-extras.cmake
[1.378s] -- Up-to-date: /home/azraa/ros2_ws/install/sound_play/share/sound_play/cmake/rosidl_cmake_export_typesupport_libraries-extras.cmake
[1.378s] -- Up-to-date: /home/azraa/ros2_ws/install/sound_play/share/sound_play/cmake/rosidl_cmake_export_typesupport_targets-extras.cmake
[1.379s] -- Up-to-date: /home/azraa/ros2_ws/install/sound_play/share/sound_play/cmake/sound_playConfig.cmake
[1.379s] -- Up-to-date: /home/azraa/ros2_ws/install/sound_play/share/sound_play/cmake/sound_playConfig-version.cmake
[1.379s] -- Up-to-date: /home/azraa/ros2_ws/install/sound_play/share/sound_play/package.xml
[2.475s] Invoked command in '/home/azraa/ros2_ws/build/sound_play' returned '0': CMAKE_PREFIX_PATH=/home/azraa/ros2_ws/install/audio_common_msgs:/home/azraa/ros2_ws/install/v4l2_camera:/home/azraa/ros2_ws/install/audio_common:/home/azraa/ros2_ws/install/sound_play:/home/azraa/ros2_ws/install/my_robot_bringup:/home/azraa/ros2_ws/install/my_cpp_pkg:/home/azraa/ros2_ws/install/my_robot_interfaces:/home/azraa/ros2_ws/install/bme280:/home/azraa/ros2_ws/install/m2s2_custom_interfaces:/home/azraa/ros2_ws/install/m2s2_bringup:/home/azraa/ros2_ws/install/audio_play:/home/azraa/ros2_ws/install/audio_capture:/home/azraa/ros2_ws/install/m2s2_test_python:/opt/ros/foxy:/opt/ros/noetic LD_LIBRARY_PATH=/home/azraa/ros2_ws/install/audio_common_msgs/lib:/home/azraa/ros2_ws/install/v4l2_camera/lib:/home/azraa/ros2_ws/install/sound_play/lib:/home/azraa/ros2_ws/install/my_robot_interfaces/lib:/home/azraa/ros2_ws/install/m2s2_custom_interfaces/lib:/opt/ros/foxy/opt/yaml_cpp_vendor/lib:/opt/ros/foxy/opt/rviz_ogre_vendor/lib:/opt/ros/foxy/lib/x86_64-linux-gnu:/opt/ros/foxy/lib:/opt/ros/noetic/lib PYTHONPATH=/home/azraa/ros2_ws/install/audio_common_msgs/lib/python3.8/site-packages:/home/azraa/ros2_ws/install/sound_play/lib/python3.8/site-packages:/home/azraa/ros2_ws/install/my_robot_interfaces/lib/python3.8/site-packages:/home/azraa/ros2_ws/install/my_python_pkg/lib/python3.8/site-packages:/home/azraa/ros2_ws/install/my_py_pkg/lib/python3.8/site-packages:/home/azraa/ros2_ws/install/m2s2_test_python/lib/python3.8/site-packages:/home/azraa/ros2_ws/install/m2s2_custom_interfaces/lib/python3.8/site-packages:/opt/ros/foxy/lib/python3.8/site-packages:/opt/ros/noetic/lib/python3/dist-packages /usr/bin/cmake --install /home/azraa/ros2_ws/build/sound_play
