[0.736s] DEBUG:colcon:Command line arguments: ['/usr/bin/colcon', 'build', '--packages-select', 'm2s2_custom_interfaces', 'flir_lepton_ros2', 'flir_lepton']
[0.736s] DEBUG:colcon:Parsed command line arguments: Namespace(allow_overriding=[], ament_cmake_args=None, base_paths=['.'], build_base='build', catkin_cmake_args=None, catkin_skip_building_tests=False, cmake_args=None, cmake_clean_cache=False, cmake_clean_first=False, cmake_force_configure=False, cmake_target=None, cmake_target_skip_unavailable=False, continue_on_error=False, event_handlers=None, executor='parallel', ignore_user_meta=False, install_base='install', log_base=None, log_level=None, main=<bound method BuildVerb.main of <colcon_core.verb.build.BuildVerb object at 0x7fd59da122b0>>, merge_install=False, metas=['./colcon.meta'], packages_above=None, packages_above_and_dependencies=None, packages_above_depth=None, packages_end=None, packages_ignore=None, packages_ignore_regex=None, packages_select=['m2s2_custom_interfaces', 'flir_lepton_ros2', 'flir_lepton'], packages_select_build_failed=False, packages_select_by_dep=None, packages_select_regex=None, packages_select_test_failures=False, packages_skip=None, packages_skip_build_finished=False, packages_skip_by_dep=None, packages_skip_regex=None, packages_skip_test_passed=False, packages_skip_up_to=None, packages_start=None, packages_up_to=None, packages_up_to_regex=None, parallel_workers=4, paths=None, symlink_install=False, test_result_base=None, verb_extension=<colcon_core.verb.build.BuildVerb object at 0x7fd59da122b0>, verb_name='build', verb_parser=<colcon_defaults.argument_parser.defaults.DefaultArgumentsDecorator object at 0x7fd59d9e3c40>)
[0.831s] Level 1:colcon.colcon_core.package_discovery:discover_packages(colcon_meta) check parameters
[0.831s] Level 1:colcon.colcon_core.package_discovery:discover_packages(recursive) check parameters
[0.831s] Level 1:colcon.colcon_core.package_discovery:discover_packages(ignore) check parameters
[0.831s] Level 1:colcon.colcon_core.package_discovery:discover_packages(path) check parameters
[0.831s] Level 1:colcon.colcon_core.package_discovery:discover_packages(colcon_meta) discover
[0.831s] Level 1:colcon.colcon_core.package_discovery:discover_packages(recursive) discover
[0.831s] INFO:colcon.colcon_core.package_discovery:Crawling recursively for packages in '/home/azraa/ros2_ws'
[0.831s] Level 1:colcon.colcon_core.package_identification:_identify(.) by extensions ['ignore', 'ignore_ament_install']
[0.831s] Level 1:colcon.colcon_core.package_identification:_identify(.) by extension 'ignore'
[0.831s] Level 1:colcon.colcon_core.package_identification:_identify(.) by extension 'ignore_ament_install'
[0.831s] Level 1:colcon.colcon_core.package_identification:_identify(.) by extensions ['colcon_pkg']
[0.831s] Level 1:colcon.colcon_core.package_identification:_identify(.) by extension 'colcon_pkg'
[0.832s] Level 1:colcon.colcon_core.package_identification:_identify(.) by extensions ['colcon_meta']
[0.832s] Level 1:colcon.colcon_core.package_identification:_identify(.) by extension 'colcon_meta'
[0.832s] Level 1:colcon.colcon_core.package_identification:_identify(.) by extensions ['ros']
[0.832s] Level 1:colcon.colcon_core.package_identification:_identify(.) by extension 'ros'
[0.856s] Level 1:colcon.colcon_core.package_identification:_identify(.) by extensions ['cmake', 'python']
[0.856s] Level 1:colcon.colcon_core.package_identification:_identify(.) by extension 'cmake'
[0.856s] Level 1:colcon.colcon_core.package_identification:_identify(.) by extension 'python'
[0.856s] Level 1:colcon.colcon_core.package_identification:_identify(.) by extensions ['python_setup_py']
[0.856s] Level 1:colcon.colcon_core.package_identification:_identify(.) by extension 'python_setup_py'
[0.856s] Level 1:colcon.colcon_core.package_identification:_identify(bags) by extensions ['ignore', 'ignore_ament_install']
[0.857s] Level 1:colcon.colcon_core.package_identification:_identify(bags) by extension 'ignore'
[0.857s] Level 1:colcon.colcon_core.package_identification:_identify(bags) by extension 'ignore_ament_install'
[0.857s] Level 1:colcon.colcon_core.package_identification:_identify(bags) by extensions ['colcon_pkg']
[0.857s] Level 1:colcon.colcon_core.package_identification:_identify(bags) by extension 'colcon_pkg'
[0.857s] Level 1:colcon.colcon_core.package_identification:_identify(bags) by extensions ['colcon_meta']
[0.857s] Level 1:colcon.colcon_core.package_identification:_identify(bags) by extension 'colcon_meta'
[0.857s] Level 1:colcon.colcon_core.package_identification:_identify(bags) by extensions ['ros']
[0.857s] Level 1:colcon.colcon_core.package_identification:_identify(bags) by extension 'ros'
[0.857s] Level 1:colcon.colcon_core.package_identification:_identify(bags) by extensions ['cmake', 'python']
[0.857s] Level 1:colcon.colcon_core.package_identification:_identify(bags) by extension 'cmake'
[0.857s] Level 1:colcon.colcon_core.package_identification:_identify(bags) by extension 'python'
[0.857s] Level 1:colcon.colcon_core.package_identification:_identify(bags) by extensions ['python_setup_py']
[0.857s] Level 1:colcon.colcon_core.package_identification:_identify(bags) by extension 'python_setup_py'
[0.858s] Level 1:colcon.colcon_core.package_identification:_identify(bags/test2) by extensions ['ignore', 'ignore_ament_install']
[0.858s] Level 1:colcon.colcon_core.package_identification:_identify(bags/test2) by extension 'ignore'
[0.858s] Level 1:colcon.colcon_core.package_identification:_identify(bags/test2) by extension 'ignore_ament_install'
[0.858s] Level 1:colcon.colcon_core.package_identification:_identify(bags/test2) by extensions ['colcon_pkg']
[0.858s] Level 1:colcon.colcon_core.package_identification:_identify(bags/test2) by extension 'colcon_pkg'
[0.858s] Level 1:colcon.colcon_core.package_identification:_identify(bags/test2) by extensions ['colcon_meta']
[0.858s] Level 1:colcon.colcon_core.package_identification:_identify(bags/test2) by extension 'colcon_meta'
[0.858s] Level 1:colcon.colcon_core.package_identification:_identify(bags/test2) by extensions ['ros']
[0.858s] Level 1:colcon.colcon_core.package_identification:_identify(bags/test2) by extension 'ros'
[0.858s] Level 1:colcon.colcon_core.package_identification:_identify(bags/test2) by extensions ['cmake', 'python']
[0.858s] Level 1:colcon.colcon_core.package_identification:_identify(bags/test2) by extension 'cmake'
[0.858s] Level 1:colcon.colcon_core.package_identification:_identify(bags/test2) by extension 'python'
[0.859s] Level 1:colcon.colcon_core.package_identification:_identify(bags/test2) by extensions ['python_setup_py']
[0.859s] Level 1:colcon.colcon_core.package_identification:_identify(bags/test2) by extension 'python_setup_py'
[0.859s] Level 1:colcon.colcon_core.package_identification:_identify(build) by extensions ['ignore', 'ignore_ament_install']
[0.859s] Level 1:colcon.colcon_core.package_identification:_identify(build) by extension 'ignore'
[0.859s] Level 1:colcon.colcon_core.package_identification:_identify(build) ignored
[0.859s] Level 1:colcon.colcon_core.package_identification:_identify(install) by extensions ['ignore', 'ignore_ament_install']
[0.859s] Level 1:colcon.colcon_core.package_identification:_identify(install) by extension 'ignore'
[0.859s] Level 1:colcon.colcon_core.package_identification:_identify(install) ignored
[0.860s] Level 1:colcon.colcon_core.package_identification:_identify(log) by extensions ['ignore', 'ignore_ament_install']
[0.860s] Level 1:colcon.colcon_core.package_identification:_identify(log) by extension 'ignore'
[0.860s] Level 1:colcon.colcon_core.package_identification:_identify(log) ignored
[0.860s] Level 1:colcon.colcon_core.package_identification:_identify(rosbag2video) by extensions ['ignore', 'ignore_ament_install']
[0.860s] Level 1:colcon.colcon_core.package_identification:_identify(rosbag2video) by extension 'ignore'
[0.860s] Level 1:colcon.colcon_core.package_identification:_identify(rosbag2video) by extension 'ignore_ament_install'
[0.861s] Level 1:colcon.colcon_core.package_identification:_identify(rosbag2video) by extensions ['colcon_pkg']
[0.861s] Level 1:colcon.colcon_core.package_identification:_identify(rosbag2video) by extension 'colcon_pkg'
[0.861s] Level 1:colcon.colcon_core.package_identification:_identify(rosbag2video) by extensions ['colcon_meta']
[0.861s] Level 1:colcon.colcon_core.package_identification:_identify(rosbag2video) by extension 'colcon_meta'
[0.861s] Level 1:colcon.colcon_core.package_identification:_identify(rosbag2video) by extensions ['ros']
[0.861s] Level 1:colcon.colcon_core.package_identification:_identify(rosbag2video) by extension 'ros'
[0.861s] Level 1:colcon.colcon_core.package_identification:_identify(rosbag2video) by extensions ['cmake', 'python']
[0.861s] Level 1:colcon.colcon_core.package_identification:_identify(rosbag2video) by extension 'cmake'
[0.861s] Level 1:colcon.colcon_core.package_identification:_identify(rosbag2video) by extension 'python'
[0.861s] Level 1:colcon.colcon_core.package_identification:_identify(rosbag2video) by extensions ['python_setup_py']
[0.861s] Level 1:colcon.colcon_core.package_identification:_identify(rosbag2video) by extension 'python_setup_py'
[0.861s] Level 1:colcon.colcon_core.package_identification:_identify(src) by extensions ['ignore', 'ignore_ament_install']
[0.861s] Level 1:colcon.colcon_core.package_identification:_identify(src) by extension 'ignore'
[0.862s] Level 1:colcon.colcon_core.package_identification:_identify(src) by extension 'ignore_ament_install'
[0.862s] Level 1:colcon.colcon_core.package_identification:_identify(src) by extensions ['colcon_pkg']
[0.862s] Level 1:colcon.colcon_core.package_identification:_identify(src) by extension 'colcon_pkg'
[0.862s] Level 1:colcon.colcon_core.package_identification:_identify(src) by extensions ['colcon_meta']
[0.862s] Level 1:colcon.colcon_core.package_identification:_identify(src) by extension 'colcon_meta'
[0.862s] Level 1:colcon.colcon_core.package_identification:_identify(src) by extensions ['ros']
[0.862s] Level 1:colcon.colcon_core.package_identification:_identify(src) by extension 'ros'
[0.862s] Level 1:colcon.colcon_core.package_identification:_identify(src) by extensions ['cmake', 'python']
[0.862s] Level 1:colcon.colcon_core.package_identification:_identify(src) by extension 'cmake'
[0.862s] Level 1:colcon.colcon_core.package_identification:_identify(src) by extension 'python'
[0.862s] Level 1:colcon.colcon_core.package_identification:_identify(src) by extensions ['python_setup_py']
[0.862s] Level 1:colcon.colcon_core.package_identification:_identify(src) by extension 'python_setup_py'
[0.862s] Level 1:colcon.colcon_core.package_identification:_identify(src/M2S2) by extensions ['ignore', 'ignore_ament_install']
[0.863s] Level 1:colcon.colcon_core.package_identification:_identify(src/M2S2) by extension 'ignore'
[0.863s] Level 1:colcon.colcon_core.package_identification:_identify(src/M2S2) by extension 'ignore_ament_install'
[0.863s] Level 1:colcon.colcon_core.package_identification:_identify(src/M2S2) by extensions ['colcon_pkg']
[0.863s] Level 1:colcon.colcon_core.package_identification:_identify(src/M2S2) by extension 'colcon_pkg'
[0.863s] Level 1:colcon.colcon_core.package_identification:_identify(src/M2S2) by extensions ['colcon_meta']
[0.863s] Level 1:colcon.colcon_core.package_identification:_identify(src/M2S2) by extension 'colcon_meta'
[0.863s] Level 1:colcon.colcon_core.package_identification:_identify(src/M2S2) by extensions ['ros']
[0.863s] Level 1:colcon.colcon_core.package_identification:_identify(src/M2S2) by extension 'ros'
[0.863s] Level 1:colcon.colcon_core.package_identification:_identify(src/M2S2) by extensions ['cmake', 'python']
[0.863s] Level 1:colcon.colcon_core.package_identification:_identify(src/M2S2) by extension 'cmake'
[0.863s] Level 1:colcon.colcon_core.package_identification:_identify(src/M2S2) by extension 'python'
[0.863s] Level 1:colcon.colcon_core.package_identification:_identify(src/M2S2) by extensions ['python_setup_py']
[0.863s] Level 1:colcon.colcon_core.package_identification:_identify(src/M2S2) by extension 'python_setup_py'
[0.863s] Level 1:colcon.colcon_core.package_identification:_identify(src/M2S2/audio_common) by extensions ['ignore', 'ignore_ament_install']
[0.864s] Level 1:colcon.colcon_core.package_identification:_identify(src/M2S2/audio_common) by extension 'ignore'
[0.864s] Level 1:colcon.colcon_core.package_identification:_identify(src/M2S2/audio_common) by extension 'ignore_ament_install'
[0.864s] Level 1:colcon.colcon_core.package_identification:_identify(src/M2S2/audio_common) by extensions ['colcon_pkg']
[0.864s] Level 1:colcon.colcon_core.package_identification:_identify(src/M2S2/audio_common) by extension 'colcon_pkg'
[0.864s] Level 1:colcon.colcon_core.package_identification:_identify(src/M2S2/audio_common) by extensions ['colcon_meta']
[0.864s] Level 1:colcon.colcon_core.package_identification:_identify(src/M2S2/audio_common) by extension 'colcon_meta'
[0.864s] Level 1:colcon.colcon_core.package_identification:_identify(src/M2S2/audio_common) by extensions ['ros']
[0.864s] Level 1:colcon.colcon_core.package_identification:_identify(src/M2S2/audio_common) by extension 'ros'
[0.864s] Level 1:colcon.colcon_core.package_identification:_identify(src/M2S2/audio_common) by extensions ['cmake', 'python']
[0.864s] Level 1:colcon.colcon_core.package_identification:_identify(src/M2S2/audio_common) by extension 'cmake'
[0.864s] Level 1:colcon.colcon_core.package_identification:_identify(src/M2S2/audio_common) by extension 'python'
[0.864s] Level 1:colcon.colcon_core.package_identification:_identify(src/M2S2/audio_common) by extensions ['python_setup_py']
[0.864s] Level 1:colcon.colcon_core.package_identification:_identify(src/M2S2/audio_common) by extension 'python_setup_py'
[0.865s] Level 1:colcon.colcon_core.package_identification:_identify(src/M2S2/audio_common/audio_capture) by extensions ['ignore', 'ignore_ament_install']
[0.865s] Level 1:colcon.colcon_core.package_identification:_identify(src/M2S2/audio_common/audio_capture) by extension 'ignore'
[0.865s] Level 1:colcon.colcon_core.package_identification:_identify(src/M2S2/audio_common/audio_capture) by extension 'ignore_ament_install'
[0.865s] Level 1:colcon.colcon_core.package_identification:_identify(src/M2S2/audio_common/audio_capture) by extensions ['colcon_pkg']
[0.865s] Level 1:colcon.colcon_core.package_identification:_identify(src/M2S2/audio_common/audio_capture) by extension 'colcon_pkg'
[0.865s] Level 1:colcon.colcon_core.package_identification:_identify(src/M2S2/audio_common/audio_capture) by extensions ['colcon_meta']
[0.865s] Level 1:colcon.colcon_core.package_identification:_identify(src/M2S2/audio_common/audio_capture) by extension 'colcon_meta'
[0.865s] Level 1:colcon.colcon_core.package_identification:_identify(src/M2S2/audio_common/audio_capture) by extensions ['ros']
[0.865s] Level 1:colcon.colcon_core.package_identification:_identify(src/M2S2/audio_common/audio_capture) by extension 'ros'
[0.870s] DEBUG:colcon.colcon_core.package_identification:Package 'src/M2S2/audio_common/audio_capture' with type 'ros.ament_cmake' and name 'audio_capture'
[0.870s] Level 1:colcon.colcon_core.package_identification:_identify(src/M2S2/audio_common/audio_common) by extensions ['ignore', 'ignore_ament_install']
[0.870s] Level 1:colcon.colcon_core.package_identification:_identify(src/M2S2/audio_common/audio_common) by extension 'ignore'
[0.870s] Level 1:colcon.colcon_core.package_identification:_identify(src/M2S2/audio_common/audio_common) by extension 'ignore_ament_install'
[0.870s] Level 1:colcon.colcon_core.package_identification:_identify(src/M2S2/audio_common/audio_common) by extensions ['colcon_pkg']
[0.870s] Level 1:colcon.colcon_core.package_identification:_identify(src/M2S2/audio_common/audio_common) by extension 'colcon_pkg'
[0.870s] Level 1:colcon.colcon_core.package_identification:_identify(src/M2S2/audio_common/audio_common) by extensions ['colcon_meta']
[0.870s] Level 1:colcon.colcon_core.package_identification:_identify(src/M2S2/audio_common/audio_common) by extension 'colcon_meta'
[0.870s] Level 1:colcon.colcon_core.package_identification:_identify(src/M2S2/audio_common/audio_common) by extensions ['ros']
[0.870s] Level 1:colcon.colcon_core.package_identification:_identify(src/M2S2/audio_common/audio_common) by extension 'ros'
[0.871s] DEBUG:colcon.colcon_core.package_identification:Package 'src/M2S2/audio_common/audio_common' with type 'ros.ament_cmake' and name 'audio_common'
[0.871s] Level 1:colcon.colcon_core.package_identification:_identify(src/M2S2/audio_common/audio_common_msgs) by extensions ['ignore', 'ignore_ament_install']
[0.872s] Level 1:colcon.colcon_core.package_identification:_identify(src/M2S2/audio_common/audio_common_msgs) by extension 'ignore'
[0.872s] Level 1:colcon.colcon_core.package_identification:_identify(src/M2S2/audio_common/audio_common_msgs) by extension 'ignore_ament_install'
[0.872s] Level 1:colcon.colcon_core.package_identification:_identify(src/M2S2/audio_common/audio_common_msgs) by extensions ['colcon_pkg']
[0.872s] Level 1:colcon.colcon_core.package_identification:_identify(src/M2S2/audio_common/audio_common_msgs) by extension 'colcon_pkg'
[0.872s] Level 1:colcon.colcon_core.package_identification:_identify(src/M2S2/audio_common/audio_common_msgs) by extensions ['colcon_meta']
[0.872s] Level 1:colcon.colcon_core.package_identification:_identify(src/M2S2/audio_common/audio_common_msgs) by extension 'colcon_meta'
[0.872s] Level 1:colcon.colcon_core.package_identification:_identify(src/M2S2/audio_common/audio_common_msgs) by extensions ['ros']
[0.872s] Level 1:colcon.colcon_core.package_identification:_identify(src/M2S2/audio_common/audio_common_msgs) by extension 'ros'
[0.873s] DEBUG:colcon.colcon_core.package_identification:Package 'src/M2S2/audio_common/audio_common_msgs' with type 'ros.ament_cmake' and name 'audio_common_msgs'
[0.873s] Level 1:colcon.colcon_core.package_identification:_identify(src/M2S2/audio_common/audio_play) by extensions ['ignore', 'ignore_ament_install']
[0.873s] Level 1:colcon.colcon_core.package_identification:_identify(src/M2S2/audio_common/audio_play) by extension 'ignore'
[0.873s] Level 1:colcon.colcon_core.package_identification:_identify(src/M2S2/audio_common/audio_play) by extension 'ignore_ament_install'
[0.874s] Level 1:colcon.colcon_core.package_identification:_identify(src/M2S2/audio_common/audio_play) by extensions ['colcon_pkg']
[0.874s] Level 1:colcon.colcon_core.package_identification:_identify(src/M2S2/audio_common/audio_play) by extension 'colcon_pkg'
[0.874s] Level 1:colcon.colcon_core.package_identification:_identify(src/M2S2/audio_common/audio_play) by extensions ['colcon_meta']
[0.874s] Level 1:colcon.colcon_core.package_identification:_identify(src/M2S2/audio_common/audio_play) by extension 'colcon_meta'
[0.874s] Level 1:colcon.colcon_core.package_identification:_identify(src/M2S2/audio_common/audio_play) by extensions ['ros']
[0.874s] Level 1:colcon.colcon_core.package_identification:_identify(src/M2S2/audio_common/audio_play) by extension 'ros'
[0.875s] DEBUG:colcon.colcon_core.package_identification:Package 'src/M2S2/audio_common/audio_play' with type 'ros.ament_cmake' and name 'audio_play'
[0.875s] Level 1:colcon.colcon_core.package_identification:_identify(src/M2S2/audio_common/sound_play) by extensions ['ignore', 'ignore_ament_install']
[0.875s] Level 1:colcon.colcon_core.package_identification:_identify(src/M2S2/audio_common/sound_play) by extension 'ignore'
[0.876s] Level 1:colcon.colcon_core.package_identification:_identify(src/M2S2/audio_common/sound_play) by extension 'ignore_ament_install'
[0.876s] Level 1:colcon.colcon_core.package_identification:_identify(src/M2S2/audio_common/sound_play) by extensions ['colcon_pkg']
[0.876s] Level 1:colcon.colcon_core.package_identification:_identify(src/M2S2/audio_common/sound_play) by extension 'colcon_pkg'
[0.876s] Level 1:colcon.colcon_core.package_identification:_identify(src/M2S2/audio_common/sound_play) by extensions ['colcon_meta']
[0.876s] Level 1:colcon.colcon_core.package_identification:_identify(src/M2S2/audio_common/sound_play) by extension 'colcon_meta'
[0.876s] Level 1:colcon.colcon_core.package_identification:_identify(src/M2S2/audio_common/sound_play) by extensions ['ros']
[0.876s] Level 1:colcon.colcon_core.package_identification:_identify(src/M2S2/audio_common/sound_play) by extension 'ros'
[0.878s] DEBUG:colcon.colcon_core.package_identification:Package 'src/M2S2/audio_common/sound_play' with type 'ros.ament_cmake' and name 'sound_play'
[0.878s] Level 1:colcon.colcon_core.package_identification:_identify(src/M2S2/bags) by extensions ['ignore', 'ignore_ament_install']
[0.878s] Level 1:colcon.colcon_core.package_identification:_identify(src/M2S2/bags) by extension 'ignore'
[0.878s] Level 1:colcon.colcon_core.package_identification:_identify(src/M2S2/bags) by extension 'ignore_ament_install'
[0.878s] Level 1:colcon.colcon_core.package_identification:_identify(src/M2S2/bags) by extensions ['colcon_pkg']
[0.878s] Level 1:colcon.colcon_core.package_identification:_identify(src/M2S2/bags) by extension 'colcon_pkg'
[0.878s] Level 1:colcon.colcon_core.package_identification:_identify(src/M2S2/bags) by extensions ['colcon_meta']
[0.878s] Level 1:colcon.colcon_core.package_identification:_identify(src/M2S2/bags) by extension 'colcon_meta'
[0.879s] Level 1:colcon.colcon_core.package_identification:_identify(src/M2S2/bags) by extensions ['ros']
[0.879s] Level 1:colcon.colcon_core.package_identification:_identify(src/M2S2/bags) by extension 'ros'
[0.879s] Level 1:colcon.colcon_core.package_identification:_identify(src/M2S2/bags) by extensions ['cmake', 'python']
[0.879s] Level 1:colcon.colcon_core.package_identification:_identify(src/M2S2/bags) by extension 'cmake'
[0.879s] Level 1:colcon.colcon_core.package_identification:_identify(src/M2S2/bags) by extension 'python'
[0.879s] Level 1:colcon.colcon_core.package_identification:_identify(src/M2S2/bags) by extensions ['python_setup_py']
[0.879s] Level 1:colcon.colcon_core.package_identification:_identify(src/M2S2/bags) by extension 'python_setup_py'
[0.879s] Level 1:colcon.colcon_core.package_identification:_identify(src/M2S2/bags/test_enviro) by extensions ['ignore', 'ignore_ament_install']
[0.879s] Level 1:colcon.colcon_core.package_identification:_identify(src/M2S2/bags/test_enviro) by extension 'ignore'
[0.879s] Level 1:colcon.colcon_core.package_identification:_identify(src/M2S2/bags/test_enviro) by extension 'ignore_ament_install'
[0.879s] Level 1:colcon.colcon_core.package_identification:_identify(src/M2S2/bags/test_enviro) by extensions ['colcon_pkg']
[0.879s] Level 1:colcon.colcon_core.package_identification:_identify(src/M2S2/bags/test_enviro) by extension 'colcon_pkg'
[0.880s] Level 1:colcon.colcon_core.package_identification:_identify(src/M2S2/bags/test_enviro) by extensions ['colcon_meta']
[0.880s] Level 1:colcon.colcon_core.package_identification:_identify(src/M2S2/bags/test_enviro) by extension 'colcon_meta'
[0.880s] Level 1:colcon.colcon_core.package_identification:_identify(src/M2S2/bags/test_enviro) by extensions ['ros']
[0.880s] Level 1:colcon.colcon_core.package_identification:_identify(src/M2S2/bags/test_enviro) by extension 'ros'
[0.880s] Level 1:colcon.colcon_core.package_identification:_identify(src/M2S2/bags/test_enviro) by extensions ['cmake', 'python']
[0.880s] Level 1:colcon.colcon_core.package_identification:_identify(src/M2S2/bags/test_enviro) by extension 'cmake'
[0.880s] Level 1:colcon.colcon_core.package_identification:_identify(src/M2S2/bags/test_enviro) by extension 'python'
[0.880s] Level 1:colcon.colcon_core.package_identification:_identify(src/M2S2/bags/test_enviro) by extensions ['python_setup_py']
[0.880s] Level 1:colcon.colcon_core.package_identification:_identify(src/M2S2/bags/test_enviro) by extension 'python_setup_py'
[0.880s] Level 1:colcon.colcon_core.package_identification:_identify(src/M2S2/bme280) by extensions ['ignore', 'ignore_ament_install']
[0.880s] Level 1:colcon.colcon_core.package_identification:_identify(src/M2S2/bme280) by extension 'ignore'
[0.880s] Level 1:colcon.colcon_core.package_identification:_identify(src/M2S2/bme280) by extension 'ignore_ament_install'
[0.881s] Level 1:colcon.colcon_core.package_identification:_identify(src/M2S2/bme280) by extensions ['colcon_pkg']
[0.881s] Level 1:colcon.colcon_core.package_identification:_identify(src/M2S2/bme280) by extension 'colcon_pkg'
[0.881s] Level 1:colcon.colcon_core.package_identification:_identify(src/M2S2/bme280) by extensions ['colcon_meta']
[0.881s] Level 1:colcon.colcon_core.package_identification:_identify(src/M2S2/bme280) by extension 'colcon_meta'
[0.881s] Level 1:colcon.colcon_core.package_identification:_identify(src/M2S2/bme280) by extensions ['ros']
[0.881s] Level 1:colcon.colcon_core.package_identification:_identify(src/M2S2/bme280) by extension 'ros'
[0.882s] DEBUG:colcon.colcon_core.package_identification:Package 'src/M2S2/bme280' with type 'ros.ament_cmake' and name 'bme280'
[0.882s] Level 1:colcon.colcon_core.package_identification:_identify(src/M2S2/flir_lepton_ros2) by extensions ['ignore', 'ignore_ament_install']
[0.882s] Level 1:colcon.colcon_core.package_identification:_identify(src/M2S2/flir_lepton_ros2) by extension 'ignore'
[0.882s] Level 1:colcon.colcon_core.package_identification:_identify(src/M2S2/flir_lepton_ros2) by extension 'ignore_ament_install'
[0.882s] Level 1:colcon.colcon_core.package_identification:_identify(src/M2S2/flir_lepton_ros2) by extensions ['colcon_pkg']
[0.882s] Level 1:colcon.colcon_core.package_identification:_identify(src/M2S2/flir_lepton_ros2) by extension 'colcon_pkg'
[0.882s] Level 1:colcon.colcon_core.package_identification:_identify(src/M2S2/flir_lepton_ros2) by extensions ['colcon_meta']
[0.882s] Level 1:colcon.colcon_core.package_identification:_identify(src/M2S2/flir_lepton_ros2) by extension 'colcon_meta'
[0.882s] Level 1:colcon.colcon_core.package_identification:_identify(src/M2S2/flir_lepton_ros2) by extensions ['ros']
[0.883s] Level 1:colcon.colcon_core.package_identification:_identify(src/M2S2/flir_lepton_ros2) by extension 'ros'
[0.884s] DEBUG:colcon.colcon_core.package_identification:Package 'src/M2S2/flir_lepton_ros2' with type 'ros.ament_cmake' and name 'flir_lepton_ros2'
[0.884s] Level 1:colcon.colcon_core.package_identification:_identify(src/M2S2/m2s2_bringup) by extensions ['ignore', 'ignore_ament_install']
[0.884s] Level 1:colcon.colcon_core.package_identification:_identify(src/M2S2/m2s2_bringup) by extension 'ignore'
[0.884s] Level 1:colcon.colcon_core.package_identification:_identify(src/M2S2/m2s2_bringup) by extension 'ignore_ament_install'
[0.884s] Level 1:colcon.colcon_core.package_identification:_identify(src/M2S2/m2s2_bringup) by extensions ['colcon_pkg']
[0.884s] Level 1:colcon.colcon_core.package_identification:_identify(src/M2S2/m2s2_bringup) by extension 'colcon_pkg'
[0.884s] Level 1:colcon.colcon_core.package_identification:_identify(src/M2S2/m2s2_bringup) by extensions ['colcon_meta']
[0.884s] Level 1:colcon.colcon_core.package_identification:_identify(src/M2S2/m2s2_bringup) by extension 'colcon_meta'
[0.884s] Level 1:colcon.colcon_core.package_identification:_identify(src/M2S2/m2s2_bringup) by extensions ['ros']
[0.884s] Level 1:colcon.colcon_core.package_identification:_identify(src/M2S2/m2s2_bringup) by extension 'ros'
[0.885s] DEBUG:colcon.colcon_core.package_identification:Package 'src/M2S2/m2s2_bringup' with type 'ros.ament_cmake' and name 'm2s2_bringup'
[0.885s] Level 1:colcon.colcon_core.package_identification:_identify(src/M2S2/m2s2_custom_interfaces) by extensions ['ignore', 'ignore_ament_install']
[0.885s] Level 1:colcon.colcon_core.package_identification:_identify(src/M2S2/m2s2_custom_interfaces) by extension 'ignore'
[0.885s] Level 1:colcon.colcon_core.package_identification:_identify(src/M2S2/m2s2_custom_interfaces) by extension 'ignore_ament_install'
[0.885s] Level 1:colcon.colcon_core.package_identification:_identify(src/M2S2/m2s2_custom_interfaces) by extensions ['colcon_pkg']
[0.886s] Level 1:colcon.colcon_core.package_identification:_identify(src/M2S2/m2s2_custom_interfaces) by extension 'colcon_pkg'
[0.886s] Level 1:colcon.colcon_core.package_identification:_identify(src/M2S2/m2s2_custom_interfaces) by extensions ['colcon_meta']
[0.886s] Level 1:colcon.colcon_core.package_identification:_identify(src/M2S2/m2s2_custom_interfaces) by extension 'colcon_meta'
[0.886s] Level 1:colcon.colcon_core.package_identification:_identify(src/M2S2/m2s2_custom_interfaces) by extensions ['ros']
[0.886s] Level 1:colcon.colcon_core.package_identification:_identify(src/M2S2/m2s2_custom_interfaces) by extension 'ros'
[0.888s] DEBUG:colcon.colcon_core.package_identification:Package 'src/M2S2/m2s2_custom_interfaces' with type 'ros.ament_cmake' and name 'm2s2_custom_interfaces'
[0.888s] Level 1:colcon.colcon_core.package_identification:_identify(src/M2S2/ximea_ros2_cam) by extensions ['ignore', 'ignore_ament_install']
[0.888s] Level 1:colcon.colcon_core.package_identification:_identify(src/M2S2/ximea_ros2_cam) by extension 'ignore'
[0.889s] Level 1:colcon.colcon_core.package_identification:_identify(src/M2S2/ximea_ros2_cam) by extension 'ignore_ament_install'
[0.889s] Level 1:colcon.colcon_core.package_identification:_identify(src/M2S2/ximea_ros2_cam) by extensions ['colcon_pkg']
[0.889s] Level 1:colcon.colcon_core.package_identification:_identify(src/M2S2/ximea_ros2_cam) by extension 'colcon_pkg'
[0.889s] Level 1:colcon.colcon_core.package_identification:_identify(src/M2S2/ximea_ros2_cam) by extensions ['colcon_meta']
[0.889s] Level 1:colcon.colcon_core.package_identification:_identify(src/M2S2/ximea_ros2_cam) by extension 'colcon_meta'
[0.889s] Level 1:colcon.colcon_core.package_identification:_identify(src/M2S2/ximea_ros2_cam) by extensions ['ros']
[0.889s] Level 1:colcon.colcon_core.package_identification:_identify(src/M2S2/ximea_ros2_cam) by extension 'ros'
[0.891s] DEBUG:colcon.colcon_core.package_identification:Package 'src/M2S2/ximea_ros2_cam' with type 'ros.ament_cmake' and name 'ximea_ros2_cam'
[0.891s] Level 1:colcon.colcon_core.package_identification:_identify(src/build) by extensions ['ignore', 'ignore_ament_install']
[0.891s] Level 1:colcon.colcon_core.package_identification:_identify(src/build) by extension 'ignore'
[0.891s] Level 1:colcon.colcon_core.package_identification:_identify(src/build) ignored
[0.891s] Level 1:colcon.colcon_core.package_identification:_identify(src/flir_lepton) by extensions ['ignore', 'ignore_ament_install']
[0.891s] Level 1:colcon.colcon_core.package_identification:_identify(src/flir_lepton) by extension 'ignore'
[0.891s] Level 1:colcon.colcon_core.package_identification:_identify(src/flir_lepton) by extension 'ignore_ament_install'
[0.891s] Level 1:colcon.colcon_core.package_identification:_identify(src/flir_lepton) by extensions ['colcon_pkg']
[0.891s] Level 1:colcon.colcon_core.package_identification:_identify(src/flir_lepton) by extension 'colcon_pkg'
[0.891s] Level 1:colcon.colcon_core.package_identification:_identify(src/flir_lepton) by extensions ['colcon_meta']
[0.891s] Level 1:colcon.colcon_core.package_identification:_identify(src/flir_lepton) by extension 'colcon_meta'
[0.892s] Level 1:colcon.colcon_core.package_identification:_identify(src/flir_lepton) by extensions ['ros']
[0.892s] Level 1:colcon.colcon_core.package_identification:_identify(src/flir_lepton) by extension 'ros'
[0.892s] Level 1:colcon.colcon_core.package_identification:_identify(src/flir_lepton) by extensions ['cmake', 'python']
[0.892s] Level 1:colcon.colcon_core.package_identification:_identify(src/flir_lepton) by extension 'cmake'
[0.892s] Level 1:colcon.colcon_core.package_identification:_identify(src/flir_lepton) by extension 'python'
[0.892s] Level 1:colcon.colcon_core.package_identification:_identify(src/flir_lepton) by extensions ['python_setup_py']
[0.892s] Level 1:colcon.colcon_core.package_identification:_identify(src/flir_lepton) by extension 'python_setup_py'
[0.892s] Level 1:colcon.colcon_core.package_identification:_identify(src/flir_lepton/flir_lepton_capture) by extensions ['ignore', 'ignore_ament_install']
[0.892s] Level 1:colcon.colcon_core.package_identification:_identify(src/flir_lepton/flir_lepton_capture) by extension 'ignore'
[0.892s] Level 1:colcon.colcon_core.package_identification:_identify(src/flir_lepton/flir_lepton_capture) by extension 'ignore_ament_install'
[0.892s] Level 1:colcon.colcon_core.package_identification:_identify(src/flir_lepton/flir_lepton_capture) by extensions ['colcon_pkg']
[0.892s] Level 1:colcon.colcon_core.package_identification:_identify(src/flir_lepton/flir_lepton_capture) by extension 'colcon_pkg'
[0.892s] Level 1:colcon.colcon_core.package_identification:_identify(src/flir_lepton/flir_lepton_capture) by extensions ['colcon_meta']
[0.892s] Level 1:colcon.colcon_core.package_identification:_identify(src/flir_lepton/flir_lepton_capture) by extension 'colcon_meta'
[0.893s] Level 1:colcon.colcon_core.package_identification:_identify(src/flir_lepton/flir_lepton_capture) by extensions ['ros']
[0.893s] Level 1:colcon.colcon_core.package_identification:_identify(src/flir_lepton/flir_lepton_capture) by extension 'ros'
[0.896s] DEBUG:colcon.colcon_core.package_identification:Package 'src/flir_lepton/flir_lepton_capture' with type 'ros.ament_cmake' and name 'flir_lepton_capture'
[0.896s] Level 1:colcon.colcon_core.package_identification:_identify(src/gscam) by extensions ['ignore', 'ignore_ament_install']
[0.896s] Level 1:colcon.colcon_core.package_identification:_identify(src/gscam) by extension 'ignore'
[0.896s] Level 1:colcon.colcon_core.package_identification:_identify(src/gscam) by extension 'ignore_ament_install'
[0.896s] Level 1:colcon.colcon_core.package_identification:_identify(src/gscam) by extensions ['colcon_pkg']
[0.896s] Level 1:colcon.colcon_core.package_identification:_identify(src/gscam) by extension 'colcon_pkg'
[0.896s] Level 1:colcon.colcon_core.package_identification:_identify(src/gscam) by extensions ['colcon_meta']
[0.896s] Level 1:colcon.colcon_core.package_identification:_identify(src/gscam) by extension 'colcon_meta'
[0.896s] Level 1:colcon.colcon_core.package_identification:_identify(src/gscam) by extensions ['ros']
[0.896s] Level 1:colcon.colcon_core.package_identification:_identify(src/gscam) by extension 'ros'
[0.899s] DEBUG:colcon.colcon_core.package_identification:Package 'src/gscam' with type 'ros.ament_cmake' and name 'gscam'
[0.900s] Level 1:colcon.colcon_core.package_identification:_identify(src/install) by extensions ['ignore', 'ignore_ament_install']
[0.900s] Level 1:colcon.colcon_core.package_identification:_identify(src/install) by extension 'ignore'
[0.900s] Level 1:colcon.colcon_core.package_identification:_identify(src/install) ignored
[0.900s] Level 1:colcon.colcon_core.package_identification:_identify(src/log) by extensions ['ignore', 'ignore_ament_install']
[0.900s] Level 1:colcon.colcon_core.package_identification:_identify(src/log) by extension 'ignore'
[0.900s] Level 1:colcon.colcon_core.package_identification:_identify(src/log) ignored
[0.900s] Level 1:colcon.colcon_core.package_identification:_identify(src/m2s2_test_python) by extensions ['ignore', 'ignore_ament_install']
[0.900s] Level 1:colcon.colcon_core.package_identification:_identify(src/m2s2_test_python) by extension 'ignore'
[0.900s] Level 1:colcon.colcon_core.package_identification:_identify(src/m2s2_test_python) by extension 'ignore_ament_install'
[0.900s] Level 1:colcon.colcon_core.package_identification:_identify(src/m2s2_test_python) by extensions ['colcon_pkg']
[0.900s] Level 1:colcon.colcon_core.package_identification:_identify(src/m2s2_test_python) by extension 'colcon_pkg'
[0.901s] Level 1:colcon.colcon_core.package_identification:_identify(src/m2s2_test_python) by extensions ['colcon_meta']
[0.901s] Level 1:colcon.colcon_core.package_identification:_identify(src/m2s2_test_python) by extension 'colcon_meta'
[0.901s] Level 1:colcon.colcon_core.package_identification:_identify(src/m2s2_test_python) by extensions ['ros']
[0.901s] Level 1:colcon.colcon_core.package_identification:_identify(src/m2s2_test_python) by extension 'ros'
[0.902s] DEBUG:colcon.colcon_core.package_identification:Package 'src/m2s2_test_python' with type 'ros.ament_python' and name 'm2s2_test_python'
[0.902s] Level 1:colcon.colcon_core.package_identification:_identify(src/my_cpp_pkg) by extensions ['ignore', 'ignore_ament_install']
[0.902s] Level 1:colcon.colcon_core.package_identification:_identify(src/my_cpp_pkg) by extension 'ignore'
[0.902s] Level 1:colcon.colcon_core.package_identification:_identify(src/my_cpp_pkg) by extension 'ignore_ament_install'
[0.902s] Level 1:colcon.colcon_core.package_identification:_identify(src/my_cpp_pkg) by extensions ['colcon_pkg']
[0.902s] Level 1:colcon.colcon_core.package_identification:_identify(src/my_cpp_pkg) by extension 'colcon_pkg'
[0.902s] Level 1:colcon.colcon_core.package_identification:_identify(src/my_cpp_pkg) by extensions ['colcon_meta']
[0.902s] Level 1:colcon.colcon_core.package_identification:_identify(src/my_cpp_pkg) by extension 'colcon_meta'
[0.902s] Level 1:colcon.colcon_core.package_identification:_identify(src/my_cpp_pkg) by extensions ['ros']
[0.902s] Level 1:colcon.colcon_core.package_identification:_identify(src/my_cpp_pkg) by extension 'ros'
[0.904s] DEBUG:colcon.colcon_core.package_identification:Package 'src/my_cpp_pkg' with type 'ros.ament_cmake' and name 'my_cpp_pkg'
[0.904s] Level 1:colcon.colcon_core.package_identification:_identify(src/my_python_pkg) by extensions ['ignore', 'ignore_ament_install']
[0.904s] Level 1:colcon.colcon_core.package_identification:_identify(src/my_python_pkg) by extension 'ignore'
[0.904s] Level 1:colcon.colcon_core.package_identification:_identify(src/my_python_pkg) by extension 'ignore_ament_install'
[0.904s] Level 1:colcon.colcon_core.package_identification:_identify(src/my_python_pkg) by extensions ['colcon_pkg']
[0.904s] Level 1:colcon.colcon_core.package_identification:_identify(src/my_python_pkg) by extension 'colcon_pkg'
[0.904s] Level 1:colcon.colcon_core.package_identification:_identify(src/my_python_pkg) by extensions ['colcon_meta']
[0.904s] Level 1:colcon.colcon_core.package_identification:_identify(src/my_python_pkg) by extension 'colcon_meta'
[0.904s] Level 1:colcon.colcon_core.package_identification:_identify(src/my_python_pkg) by extensions ['ros']
[0.904s] Level 1:colcon.colcon_core.package_identification:_identify(src/my_python_pkg) by extension 'ros'
[0.905s] DEBUG:colcon.colcon_core.package_identification:Failed to parse potential ROS package manifest in'src/my_python_pkg': Error(s) in package 'src/my_python_pkg/package.xml':
The manifest contains invalid XML:
mismatched tag: line 14, column 20
[0.905s] Level 1:colcon.colcon_core.package_identification:_identify(src/my_python_pkg) by extensions ['cmake', 'python']
[0.905s] Level 1:colcon.colcon_core.package_identification:_identify(src/my_python_pkg) by extension 'cmake'
[0.905s] Level 1:colcon.colcon_core.package_identification:_identify(src/my_python_pkg) by extension 'python'
[0.905s] DEBUG:colcon.colcon_core.package_identification:Python package in 'src/my_python_pkg' passes arguments to the setup() function which requires a different identification extension than 'python'
[0.905s] Level 1:colcon.colcon_core.package_identification:_identify(src/my_python_pkg) by extensions ['python_setup_py']
[0.905s] Level 1:colcon.colcon_core.package_identification:_identify(src/my_python_pkg) by extension 'python_setup_py'
[1.611s] DEBUG:colcon.colcon_core.package_identification:Package 'src/my_python_pkg' with type 'python' and name 'my_python_pkg'
[1.612s] Level 1:colcon.colcon_core.package_identification:_identify(src/my_robot_bringup) by extensions ['ignore', 'ignore_ament_install']
[1.612s] Level 1:colcon.colcon_core.package_identification:_identify(src/my_robot_bringup) by extension 'ignore'
[1.612s] Level 1:colcon.colcon_core.package_identification:_identify(src/my_robot_bringup) by extension 'ignore_ament_install'
[1.612s] Level 1:colcon.colcon_core.package_identification:_identify(src/my_robot_bringup) by extensions ['colcon_pkg']
[1.612s] Level 1:colcon.colcon_core.package_identification:_identify(src/my_robot_bringup) by extension 'colcon_pkg'
[1.612s] Level 1:colcon.colcon_core.package_identification:_identify(src/my_robot_bringup) by extensions ['colcon_meta']
[1.613s] Level 1:colcon.colcon_core.package_identification:_identify(src/my_robot_bringup) by extension 'colcon_meta'
[1.613s] Level 1:colcon.colcon_core.package_identification:_identify(src/my_robot_bringup) by extensions ['ros']
[1.613s] Level 1:colcon.colcon_core.package_identification:_identify(src/my_robot_bringup) by extension 'ros'
[1.615s] DEBUG:colcon.colcon_core.package_identification:Package 'src/my_robot_bringup' with type 'ros.ament_cmake' and name 'my_robot_bringup'
[1.615s] Level 1:colcon.colcon_core.package_identification:_identify(src/my_robot_interfaces) by extensions ['ignore', 'ignore_ament_install']
[1.615s] Level 1:colcon.colcon_core.package_identification:_identify(src/my_robot_interfaces) by extension 'ignore'
[1.615s] Level 1:colcon.colcon_core.package_identification:_identify(src/my_robot_interfaces) by extension 'ignore_ament_install'
[1.616s] Level 1:colcon.colcon_core.package_identification:_identify(src/my_robot_interfaces) by extensions ['colcon_pkg']
[1.616s] Level 1:colcon.colcon_core.package_identification:_identify(src/my_robot_interfaces) by extension 'colcon_pkg'
[1.616s] Level 1:colcon.colcon_core.package_identification:_identify(src/my_robot_interfaces) by extensions ['colcon_meta']
[1.616s] Level 1:colcon.colcon_core.package_identification:_identify(src/my_robot_interfaces) by extension 'colcon_meta'
[1.616s] Level 1:colcon.colcon_core.package_identification:_identify(src/my_robot_interfaces) by extensions ['ros']
[1.616s] Level 1:colcon.colcon_core.package_identification:_identify(src/my_robot_interfaces) by extension 'ros'
[1.617s] DEBUG:colcon.colcon_core.package_identification:Package 'src/my_robot_interfaces' with type 'ros.ament_cmake' and name 'my_robot_interfaces'
[1.618s] Level 1:colcon.colcon_core.package_identification:_identify(src/src) by extensions ['ignore', 'ignore_ament_install']
[1.618s] Level 1:colcon.colcon_core.package_identification:_identify(src/src) by extension 'ignore'
[1.618s] Level 1:colcon.colcon_core.package_identification:_identify(src/src) by extension 'ignore_ament_install'
[1.619s] Level 1:colcon.colcon_core.package_identification:_identify(src/src) by extensions ['colcon_pkg']
[1.619s] Level 1:colcon.colcon_core.package_identification:_identify(src/src) by extension 'colcon_pkg'
[1.619s] Level 1:colcon.colcon_core.package_identification:_identify(src/src) by extensions ['colcon_meta']
[1.619s] Level 1:colcon.colcon_core.package_identification:_identify(src/src) by extension 'colcon_meta'
[1.619s] Level 1:colcon.colcon_core.package_identification:_identify(src/src) by extensions ['ros']
[1.619s] Level 1:colcon.colcon_core.package_identification:_identify(src/src) by extension 'ros'
[1.619s] Level 1:colcon.colcon_core.package_identification:_identify(src/src) by extensions ['cmake', 'python']
[1.619s] Level 1:colcon.colcon_core.package_identification:_identify(src/src) by extension 'cmake'
[1.619s] Level 1:colcon.colcon_core.package_identification:_identify(src/src) by extension 'python'
[1.619s] Level 1:colcon.colcon_core.package_identification:_identify(src/src) by extensions ['python_setup_py']
[1.619s] Level 1:colcon.colcon_core.package_identification:_identify(src/src) by extension 'python_setup_py'
[1.620s] Level 1:colcon.colcon_core.package_identification:_identify(src/src/v4l2_camera) by extensions ['ignore', 'ignore_ament_install']
[1.620s] Level 1:colcon.colcon_core.package_identification:_identify(src/src/v4l2_camera) by extension 'ignore'
[1.620s] Level 1:colcon.colcon_core.package_identification:_identify(src/src/v4l2_camera) by extension 'ignore_ament_install'
[1.620s] Level 1:colcon.colcon_core.package_identification:_identify(src/src/v4l2_camera) by extensions ['colcon_pkg']
[1.620s] Level 1:colcon.colcon_core.package_identification:_identify(src/src/v4l2_camera) by extension 'colcon_pkg'
[1.621s] Level 1:colcon.colcon_core.package_identification:_identify(src/src/v4l2_camera) by extensions ['colcon_meta']
[1.621s] Level 1:colcon.colcon_core.package_identification:_identify(src/src/v4l2_camera) by extension 'colcon_meta'
[1.621s] Level 1:colcon.colcon_core.package_identification:_identify(src/src/v4l2_camera) by extensions ['ros']
[1.621s] Level 1:colcon.colcon_core.package_identification:_identify(src/src/v4l2_camera) by extension 'ros'
[1.624s] DEBUG:colcon.colcon_core.package_identification:Package 'src/src/v4l2_camera' with type 'ros.ament_cmake' and name 'v4l2_camera'
[1.624s] Level 1:colcon.colcon_core.package_discovery:discover_packages(recursive) using defaults
[1.624s] Level 1:colcon.colcon_core.package_discovery:discover_packages(ignore) discover
[1.624s] Level 1:colcon.colcon_core.package_discovery:discover_packages(ignore) using defaults
[1.624s] Level 1:colcon.colcon_core.package_discovery:discover_packages(path) discover
[1.624s] Level 1:colcon.colcon_core.package_discovery:discover_packages(path) using defaults
[1.632s] WARNING:colcon.colcon_core.package_selection:ignoring unknown package 'flir_lepton' in --packages-select
[1.755s] INFO:colcon.colcon_core.package_selection:Skipping not selected package 'audio_common_msgs' in 'src/M2S2/audio_common/audio_common_msgs'
[1.756s] INFO:colcon.colcon_core.package_selection:Skipping not selected package 'gscam' in 'src/gscam'
[1.756s] INFO:colcon.colcon_core.package_selection:Skipping not selected package 'm2s2_bringup' in 'src/M2S2/m2s2_bringup'
[1.756s] INFO:colcon.colcon_core.package_selection:Skipping not selected package 'm2s2_test_python' in 'src/m2s2_test_python'
[1.756s] INFO:colcon.colcon_core.package_selection:Skipping not selected package 'my_python_pkg' in 'src/my_python_pkg'
[1.756s] INFO:colcon.colcon_core.package_selection:Skipping not selected package 'my_robot_interfaces' in 'src/my_robot_interfaces'
[1.756s] INFO:colcon.colcon_core.package_selection:Skipping not selected package 'v4l2_camera' in 'src/src/v4l2_camera'
[1.756s] INFO:colcon.colcon_core.package_selection:Skipping not selected package 'ximea_ros2_cam' in 'src/M2S2/ximea_ros2_cam'
[1.756s] INFO:colcon.colcon_core.package_selection:Skipping not selected package 'audio_capture' in 'src/M2S2/audio_common/audio_capture'
[1.756s] INFO:colcon.colcon_core.package_selection:Skipping not selected package 'audio_play' in 'src/M2S2/audio_common/audio_play'
[1.756s] INFO:colcon.colcon_core.package_selection:Skipping not selected package 'bme280' in 'src/M2S2/bme280'
[1.757s] INFO:colcon.colcon_core.package_selection:Skipping not selected package 'flir_lepton_capture' in 'src/flir_lepton/flir_lepton_capture'
[1.757s] INFO:colcon.colcon_core.package_selection:Skipping not selected package 'my_cpp_pkg' in 'src/my_cpp_pkg'
[1.757s] INFO:colcon.colcon_core.package_selection:Skipping not selected package 'sound_play' in 'src/M2S2/audio_common/sound_play'
[1.757s] INFO:colcon.colcon_core.package_selection:Skipping not selected package 'audio_common' in 'src/M2S2/audio_common/audio_common'
[1.757s] INFO:colcon.colcon_core.package_selection:Skipping not selected package 'my_robot_bringup' in 'src/my_robot_bringup'
[1.760s] Level 1:colcon.colcon_core.package_discovery:discover_packages(prefix_path) check parameters
[1.760s] Level 1:colcon.colcon_core.package_discovery:discover_packages(prefix_path) discover
[1.774s] DEBUG:colcon.colcon_installed_package_information.package_discovery:Found 20 installed packages in /home/azraa/ros2_ws/install
[1.781s] DEBUG:colcon.colcon_installed_package_information.package_discovery:Found 259 installed packages in /opt/ros/foxy
[1.789s] Level 1:colcon.colcon_core.package_discovery:discover_packages(prefix_path) using defaults
[1.910s] WARNING:colcon.colcon_core.package_selection:Some selected packages are already built in one or more underlay workspaces:
	'm2s2_custom_interfaces' is in: /home/azraa/ros2_ws/install/m2s2_custom_interfaces
If a package in a merged underlay workspace is overridden and it installs headers, then all packages in the overlay must sort their include directories by workspace order. Failure to do so may result in build failures or undefined behavior at run time.
If the overridden package is used by another package in any underlay, then the overriding package in the overlay must be API and ABI compatible or undefined behavior at run time may occur.

If you understand the risks and want to override a package anyways, add the following to the command line:
	--allow-overriding m2s2_custom_interfaces

This may be promoted to an error in a future release of colcon-override-check.
[1.912s] Level 5:colcon.colcon_core.verb:set package 'flir_lepton_ros2' build argument 'cmake_args' from command line to 'None'
[1.912s] Level 5:colcon.colcon_core.verb:set package 'flir_lepton_ros2' build argument 'cmake_target' from command line to 'None'
[1.913s] Level 5:colcon.colcon_core.verb:set package 'flir_lepton_ros2' build argument 'cmake_target_skip_unavailable' from command line to 'False'
[1.913s] Level 5:colcon.colcon_core.verb:set package 'flir_lepton_ros2' build argument 'cmake_clean_cache' from command line to 'False'
[1.913s] Level 5:colcon.colcon_core.verb:set package 'flir_lepton_ros2' build argument 'cmake_clean_first' from command line to 'False'
[1.913s] Level 5:colcon.colcon_core.verb:set package 'flir_lepton_ros2' build argument 'cmake_force_configure' from command line to 'False'
[1.913s] Level 5:colcon.colcon_core.verb:set package 'flir_lepton_ros2' build argument 'ament_cmake_args' from command line to 'None'
[1.913s] Level 5:colcon.colcon_core.verb:set package 'flir_lepton_ros2' build argument 'catkin_cmake_args' from command line to 'None'
[1.913s] Level 5:colcon.colcon_core.verb:set package 'flir_lepton_ros2' build argument 'catkin_skip_building_tests' from command line to 'False'
[1.913s] DEBUG:colcon.colcon_core.verb:Building package 'flir_lepton_ros2' with the following arguments: {'ament_cmake_args': None, 'build_base': '/home/azraa/ros2_ws/build/flir_lepton_ros2', 'catkin_cmake_args': None, 'catkin_skip_building_tests': False, 'cmake_args': None, 'cmake_clean_cache': False, 'cmake_clean_first': False, 'cmake_force_configure': False, 'cmake_target': None, 'cmake_target_skip_unavailable': False, 'install_base': '/home/azraa/ros2_ws/install/flir_lepton_ros2', 'merge_install': False, 'path': '/home/azraa/ros2_ws/src/M2S2/flir_lepton_ros2', 'symlink_install': False, 'test_result_base': None}
[1.915s] Level 5:colcon.colcon_core.verb:set package 'm2s2_custom_interfaces' build argument 'cmake_args' from command line to 'None'
[1.915s] Level 5:colcon.colcon_core.verb:set package 'm2s2_custom_interfaces' build argument 'cmake_target' from command line to 'None'
[1.915s] Level 5:colcon.colcon_core.verb:set package 'm2s2_custom_interfaces' build argument 'cmake_target_skip_unavailable' from command line to 'False'
[1.915s] Level 5:colcon.colcon_core.verb:set package 'm2s2_custom_interfaces' build argument 'cmake_clean_cache' from command line to 'False'
[1.915s] Level 5:colcon.colcon_core.verb:set package 'm2s2_custom_interfaces' build argument 'cmake_clean_first' from command line to 'False'
[1.915s] Level 5:colcon.colcon_core.verb:set package 'm2s2_custom_interfaces' build argument 'cmake_force_configure' from command line to 'False'
[1.915s] Level 5:colcon.colcon_core.verb:set package 'm2s2_custom_interfaces' build argument 'ament_cmake_args' from command line to 'None'
[1.915s] Level 5:colcon.colcon_core.verb:set package 'm2s2_custom_interfaces' build argument 'catkin_cmake_args' from command line to 'None'
[1.916s] Level 5:colcon.colcon_core.verb:set package 'm2s2_custom_interfaces' build argument 'catkin_skip_building_tests' from command line to 'False'
[1.916s] DEBUG:colcon.colcon_core.verb:Building package 'm2s2_custom_interfaces' with the following arguments: {'ament_cmake_args': None, 'build_base': '/home/azraa/ros2_ws/build/m2s2_custom_interfaces', 'catkin_cmake_args': None, 'catkin_skip_building_tests': False, 'cmake_args': None, 'cmake_clean_cache': False, 'cmake_clean_first': False, 'cmake_force_configure': False, 'cmake_target': None, 'cmake_target_skip_unavailable': False, 'install_base': '/home/azraa/ros2_ws/install/m2s2_custom_interfaces', 'merge_install': False, 'path': '/home/azraa/ros2_ws/src/M2S2/m2s2_custom_interfaces', 'symlink_install': False, 'test_result_base': None}
[1.917s] INFO:colcon.colcon_core.executor:Executing jobs using 'parallel' executor
[1.928s] DEBUG:colcon.colcon_parallel_executor.executor.parallel:run_until_complete
[1.929s] INFO:colcon.colcon_ros.task.ament_cmake.build:Building ROS package in '/home/azraa/ros2_ws/src/M2S2/flir_lepton_ros2' with build type 'ament_cmake'
[1.929s] INFO:colcon.colcon_cmake.task.cmake.build:Building CMake package in '/home/azraa/ros2_ws/src/M2S2/flir_lepton_ros2'
[1.940s] INFO:colcon.colcon_core.plugin_system:Skipping extension 'colcon_core.shell.bat': Not used on non-Windows systems
[1.941s] INFO:colcon.colcon_core.shell:Skip shell extension 'powershell' for command environment: Not usable outside of PowerShell
[1.941s] DEBUG:colcon.colcon_core.shell:Skip shell extension 'dsv' for command environment
[1.953s] DEBUG:colcon.colcon_core.shell:Ignoring prefix path '/opt/ros/noetic'
[1.958s] INFO:colcon.colcon_ros.task.ament_cmake.build:Building ROS package in '/home/azraa/ros2_ws/src/M2S2/m2s2_custom_interfaces' with build type 'ament_cmake'
[1.958s] INFO:colcon.colcon_cmake.task.cmake.build:Building CMake package in '/home/azraa/ros2_ws/src/M2S2/m2s2_custom_interfaces'
[1.963s] INFO:colcon.colcon_core.shell:Skip shell extension 'powershell' for command environment: Not usable outside of PowerShell
[1.963s] DEBUG:colcon.colcon_core.shell:Skip shell extension 'dsv' for command environment
[1.981s] DEBUG:colcon.colcon_core.shell:Ignoring prefix path '/opt/ros/noetic'
[2.001s] DEBUG:colcon.colcon_core.event_handler.log_command:Invoking command in '/home/azraa/ros2_ws/build/flir_lepton_ros2': CMAKE_PREFIX_PATH=/home/azraa/ros2_ws/install/v4l2_camera:/home/azraa/ros2_ws/install/audio_common:/home/azraa/ros2_ws/install/sound_play:/home/azraa/ros2_ws/install/my_robot_bringup:/home/azraa/ros2_ws/install/my_cpp_pkg:/home/azraa/ros2_ws/install/my_robot_interfaces:/home/azraa/ros2_ws/install/flir_lepton_capture:/home/azraa/ros2_ws/install/bme280:/home/azraa/ros2_ws/install/m2s2_custom_interfaces:/home/azraa/ros2_ws/install/m2s2_bringup:/home/azraa/ros2_ws/install/gscam:/home/azraa/ros2_ws/install/flir_lepton_msgs:/home/azraa/ros2_ws/install/audio_play:/home/azraa/ros2_ws/install/audio_capture:/home/azraa/ros2_ws/install/audio_common_msgs:/home/azraa/ros2_ws/install/m2s2_test_python:/home/azraa/ros2_ws/install/flir_lepton_purethermal2:/opt/ros/foxy:/opt/ros/noetic /usr/bin/cmake --build /home/azraa/ros2_ws/build/flir_lepton_ros2 -- -j4 -l4
[2.014s] DEBUG:colcon.colcon_core.event_handler.log_command:Invoking command in '/home/azraa/ros2_ws/build/m2s2_custom_interfaces': CMAKE_PREFIX_PATH=/home/azraa/ros2_ws/install/v4l2_camera:/home/azraa/ros2_ws/install/audio_common:/home/azraa/ros2_ws/install/sound_play:/home/azraa/ros2_ws/install/my_robot_bringup:/home/azraa/ros2_ws/install/my_cpp_pkg:/home/azraa/ros2_ws/install/my_robot_interfaces:/home/azraa/ros2_ws/install/flir_lepton_capture:/home/azraa/ros2_ws/install/bme280:/home/azraa/ros2_ws/install/m2s2_custom_interfaces:/home/azraa/ros2_ws/install/m2s2_bringup:/home/azraa/ros2_ws/install/gscam:/home/azraa/ros2_ws/install/flir_lepton_msgs:/home/azraa/ros2_ws/install/audio_play:/home/azraa/ros2_ws/install/audio_capture:/home/azraa/ros2_ws/install/audio_common_msgs:/home/azraa/ros2_ws/install/m2s2_test_python:/home/azraa/ros2_ws/install/flir_lepton_purethermal2:/opt/ros/foxy:/opt/ros/noetic /usr/bin/cmake --build /home/azraa/ros2_ws/build/m2s2_custom_interfaces -- -j4 -l4
[2.170s] DEBUG:colcon.colcon_core.event_handler.log_command:Invoked command in '/home/azraa/ros2_ws/build/flir_lepton_ros2' returned '0': CMAKE_PREFIX_PATH=/home/azraa/ros2_ws/install/v4l2_camera:/home/azraa/ros2_ws/install/audio_common:/home/azraa/ros2_ws/install/sound_play:/home/azraa/ros2_ws/install/my_robot_bringup:/home/azraa/ros2_ws/install/my_cpp_pkg:/home/azraa/ros2_ws/install/my_robot_interfaces:/home/azraa/ros2_ws/install/flir_lepton_capture:/home/azraa/ros2_ws/install/bme280:/home/azraa/ros2_ws/install/m2s2_custom_interfaces:/home/azraa/ros2_ws/install/m2s2_bringup:/home/azraa/ros2_ws/install/gscam:/home/azraa/ros2_ws/install/flir_lepton_msgs:/home/azraa/ros2_ws/install/audio_play:/home/azraa/ros2_ws/install/audio_capture:/home/azraa/ros2_ws/install/audio_common_msgs:/home/azraa/ros2_ws/install/m2s2_test_python:/home/azraa/ros2_ws/install/flir_lepton_purethermal2:/opt/ros/foxy:/opt/ros/noetic /usr/bin/cmake --build /home/azraa/ros2_ws/build/flir_lepton_ros2 -- -j4 -l4
[2.253s] DEBUG:colcon.colcon_core.event_handler.log_command:Invoking command in '/home/azraa/ros2_ws/build/flir_lepton_ros2': CMAKE_PREFIX_PATH=/home/azraa/ros2_ws/install/v4l2_camera:/home/azraa/ros2_ws/install/audio_common:/home/azraa/ros2_ws/install/sound_play:/home/azraa/ros2_ws/install/my_robot_bringup:/home/azraa/ros2_ws/install/my_cpp_pkg:/home/azraa/ros2_ws/install/my_robot_interfaces:/home/azraa/ros2_ws/install/flir_lepton_capture:/home/azraa/ros2_ws/install/bme280:/home/azraa/ros2_ws/install/m2s2_custom_interfaces:/home/azraa/ros2_ws/install/m2s2_bringup:/home/azraa/ros2_ws/install/gscam:/home/azraa/ros2_ws/install/flir_lepton_msgs:/home/azraa/ros2_ws/install/audio_play:/home/azraa/ros2_ws/install/audio_capture:/home/azraa/ros2_ws/install/audio_common_msgs:/home/azraa/ros2_ws/install/m2s2_test_python:/home/azraa/ros2_ws/install/flir_lepton_purethermal2:/opt/ros/foxy:/opt/ros/noetic /usr/bin/cmake --install /home/azraa/ros2_ws/build/flir_lepton_ros2
[2.272s] Level 1:colcon.colcon_core.environment:create_environment_scripts_only(flir_lepton_ros2)
[2.275s] DEBUG:colcon.colcon_core.event_handler.log_command:Invoked command in '/home/azraa/ros2_ws/build/flir_lepton_ros2' returned '0': CMAKE_PREFIX_PATH=/home/azraa/ros2_ws/install/v4l2_camera:/home/azraa/ros2_ws/install/audio_common:/home/azraa/ros2_ws/install/sound_play:/home/azraa/ros2_ws/install/my_robot_bringup:/home/azraa/ros2_ws/install/my_cpp_pkg:/home/azraa/ros2_ws/install/my_robot_interfaces:/home/azraa/ros2_ws/install/flir_lepton_capture:/home/azraa/ros2_ws/install/bme280:/home/azraa/ros2_ws/install/m2s2_custom_interfaces:/home/azraa/ros2_ws/install/m2s2_bringup:/home/azraa/ros2_ws/install/gscam:/home/azraa/ros2_ws/install/flir_lepton_msgs:/home/azraa/ros2_ws/install/audio_play:/home/azraa/ros2_ws/install/audio_capture:/home/azraa/ros2_ws/install/audio_common_msgs:/home/azraa/ros2_ws/install/m2s2_test_python:/home/azraa/ros2_ws/install/flir_lepton_purethermal2:/opt/ros/foxy:/opt/ros/noetic /usr/bin/cmake --install /home/azraa/ros2_ws/build/flir_lepton_ros2
[2.288s] Level 1:colcon.colcon_core.environment:checking '/home/azraa/ros2_ws/install/flir_lepton_ros2' for CMake module files
[2.290s] Level 1:colcon.colcon_core.environment:checking '/home/azraa/ros2_ws/install/flir_lepton_ros2' for CMake config files
[2.290s] Level 1:colcon.colcon_core.shell:create_environment_hook('flir_lepton_ros2', 'cmake_prefix_path')
[2.295s] INFO:colcon.colcon_core.shell:Creating environment hook '/home/azraa/ros2_ws/install/flir_lepton_ros2/share/flir_lepton_ros2/hook/cmake_prefix_path.ps1'
[2.296s] INFO:colcon.colcon_core.shell:Creating environment descriptor '/home/azraa/ros2_ws/install/flir_lepton_ros2/share/flir_lepton_ros2/hook/cmake_prefix_path.dsv'
[2.297s] INFO:colcon.colcon_core.shell:Creating environment hook '/home/azraa/ros2_ws/install/flir_lepton_ros2/share/flir_lepton_ros2/hook/cmake_prefix_path.sh'
[2.299s] Level 1:colcon.colcon_core.environment:checking '/home/azraa/ros2_ws/install/flir_lepton_ros2/lib'
[2.300s] Level 1:colcon.colcon_core.environment:checking '/home/azraa/ros2_ws/install/flir_lepton_ros2/bin'
[2.300s] Level 1:colcon.colcon_core.environment:checking '/home/azraa/ros2_ws/install/flir_lepton_ros2/lib/pkgconfig/flir_lepton_ros2.pc'
[2.300s] Level 1:colcon.colcon_core.environment:checking '/home/azraa/ros2_ws/install/flir_lepton_ros2/lib/python3.8/site-packages'
[2.301s] Level 1:colcon.colcon_core.environment:checking '/home/azraa/ros2_ws/install/flir_lepton_ros2/bin'
[2.306s] INFO:colcon.colcon_core.shell:Creating package script '/home/azraa/ros2_ws/install/flir_lepton_ros2/share/flir_lepton_ros2/package.ps1'
[2.308s] INFO:colcon.colcon_core.shell:Creating package descriptor '/home/azraa/ros2_ws/install/flir_lepton_ros2/share/flir_lepton_ros2/package.dsv'
[2.309s] INFO:colcon.colcon_core.shell:Creating package script '/home/azraa/ros2_ws/install/flir_lepton_ros2/share/flir_lepton_ros2/package.sh'
[2.311s] INFO:colcon.colcon_core.shell:Creating package script '/home/azraa/ros2_ws/install/flir_lepton_ros2/share/flir_lepton_ros2/package.bash'
[2.312s] INFO:colcon.colcon_core.shell:Creating package script '/home/azraa/ros2_ws/install/flir_lepton_ros2/share/flir_lepton_ros2/package.zsh'
[2.314s] Level 1:colcon.colcon_core.environment:create_file_with_runtime_dependencies(/home/azraa/ros2_ws/install/flir_lepton_ros2/share/colcon-core/packages/flir_lepton_ros2)
[2.391s] Level 1:colcon.colcon_core.environment:create_environment_scripts_only(flir_lepton_ros2)
[2.406s] Level 1:colcon.colcon_core.environment:checking '/home/azraa/ros2_ws/install/flir_lepton_ros2' for CMake module files
[2.408s] Level 1:colcon.colcon_core.environment:checking '/home/azraa/ros2_ws/install/flir_lepton_ros2' for CMake config files
[2.409s] Level 1:colcon.colcon_core.shell:create_environment_hook('flir_lepton_ros2', 'cmake_prefix_path')
[2.418s] INFO:colcon.colcon_core.shell:Creating environment hook '/home/azraa/ros2_ws/install/flir_lepton_ros2/share/flir_lepton_ros2/hook/cmake_prefix_path.ps1'
[2.420s] INFO:colcon.colcon_core.shell:Creating environment descriptor '/home/azraa/ros2_ws/install/flir_lepton_ros2/share/flir_lepton_ros2/hook/cmake_prefix_path.dsv'
[2.422s] INFO:colcon.colcon_core.shell:Creating environment hook '/home/azraa/ros2_ws/install/flir_lepton_ros2/share/flir_lepton_ros2/hook/cmake_prefix_path.sh'
[2.424s] Level 1:colcon.colcon_core.environment:checking '/home/azraa/ros2_ws/install/flir_lepton_ros2/lib'
[2.424s] Level 1:colcon.colcon_core.environment:checking '/home/azraa/ros2_ws/install/flir_lepton_ros2/bin'
[2.424s] Level 1:colcon.colcon_core.environment:checking '/home/azraa/ros2_ws/install/flir_lepton_ros2/lib/pkgconfig/flir_lepton_ros2.pc'
[2.425s] Level 1:colcon.colcon_core.environment:checking '/home/azraa/ros2_ws/install/flir_lepton_ros2/lib/python3.8/site-packages'
[2.427s] Level 1:colcon.colcon_core.environment:checking '/home/azraa/ros2_ws/install/flir_lepton_ros2/bin'
[2.436s] INFO:colcon.colcon_core.shell:Creating package script '/home/azraa/ros2_ws/install/flir_lepton_ros2/share/flir_lepton_ros2/package.ps1'
[2.437s] INFO:colcon.colcon_core.shell:Creating package descriptor '/home/azraa/ros2_ws/install/flir_lepton_ros2/share/flir_lepton_ros2/package.dsv'
[2.439s] INFO:colcon.colcon_core.shell:Creating package script '/home/azraa/ros2_ws/install/flir_lepton_ros2/share/flir_lepton_ros2/package.sh'
[2.441s] INFO:colcon.colcon_core.shell:Creating package script '/home/azraa/ros2_ws/install/flir_lepton_ros2/share/flir_lepton_ros2/package.bash'
[2.442s] INFO:colcon.colcon_core.shell:Creating package script '/home/azraa/ros2_ws/install/flir_lepton_ros2/share/flir_lepton_ros2/package.zsh'
[2.443s] Level 1:colcon.colcon_core.environment:create_file_with_runtime_dependencies(/home/azraa/ros2_ws/install/flir_lepton_ros2/share/colcon-core/packages/flir_lepton_ros2)
[2.609s] DEBUG:colcon.colcon_core.event_handler.log_command:Invoked command in '/home/azraa/ros2_ws/build/m2s2_custom_interfaces' returned '0': CMAKE_PREFIX_PATH=/home/azraa/ros2_ws/install/v4l2_camera:/home/azraa/ros2_ws/install/audio_common:/home/azraa/ros2_ws/install/sound_play:/home/azraa/ros2_ws/install/my_robot_bringup:/home/azraa/ros2_ws/install/my_cpp_pkg:/home/azraa/ros2_ws/install/my_robot_interfaces:/home/azraa/ros2_ws/install/flir_lepton_capture:/home/azraa/ros2_ws/install/bme280:/home/azraa/ros2_ws/install/m2s2_custom_interfaces:/home/azraa/ros2_ws/install/m2s2_bringup:/home/azraa/ros2_ws/install/gscam:/home/azraa/ros2_ws/install/flir_lepton_msgs:/home/azraa/ros2_ws/install/audio_play:/home/azraa/ros2_ws/install/audio_capture:/home/azraa/ros2_ws/install/audio_common_msgs:/home/azraa/ros2_ws/install/m2s2_test_python:/home/azraa/ros2_ws/install/flir_lepton_purethermal2:/opt/ros/foxy:/opt/ros/noetic /usr/bin/cmake --build /home/azraa/ros2_ws/build/m2s2_custom_interfaces -- -j4 -l4
[2.853s] DEBUG:colcon.colcon_core.event_handler.log_command:Invoking command in '/home/azraa/ros2_ws/build/m2s2_custom_interfaces': CMAKE_PREFIX_PATH=/home/azraa/ros2_ws/install/v4l2_camera:/home/azraa/ros2_ws/install/audio_common:/home/azraa/ros2_ws/install/sound_play:/home/azraa/ros2_ws/install/my_robot_bringup:/home/azraa/ros2_ws/install/my_cpp_pkg:/home/azraa/ros2_ws/install/my_robot_interfaces:/home/azraa/ros2_ws/install/flir_lepton_capture:/home/azraa/ros2_ws/install/bme280:/home/azraa/ros2_ws/install/m2s2_custom_interfaces:/home/azraa/ros2_ws/install/m2s2_bringup:/home/azraa/ros2_ws/install/gscam:/home/azraa/ros2_ws/install/flir_lepton_msgs:/home/azraa/ros2_ws/install/audio_play:/home/azraa/ros2_ws/install/audio_capture:/home/azraa/ros2_ws/install/audio_common_msgs:/home/azraa/ros2_ws/install/m2s2_test_python:/home/azraa/ros2_ws/install/flir_lepton_purethermal2:/opt/ros/foxy:/opt/ros/noetic /usr/bin/cmake --install /home/azraa/ros2_ws/build/m2s2_custom_interfaces
[3.088s] Level 1:colcon.colcon_core.environment:create_environment_scripts_only(m2s2_custom_interfaces)
[3.103s] Level 1:colcon.colcon_core.environment:checking '/home/azraa/ros2_ws/install/m2s2_custom_interfaces' for CMake module files
[3.105s] DEBUG:colcon.colcon_core.event_handler.log_command:Invoked command in '/home/azraa/ros2_ws/build/m2s2_custom_interfaces' returned '0': CMAKE_PREFIX_PATH=/home/azraa/ros2_ws/install/v4l2_camera:/home/azraa/ros2_ws/install/audio_common:/home/azraa/ros2_ws/install/sound_play:/home/azraa/ros2_ws/install/my_robot_bringup:/home/azraa/ros2_ws/install/my_cpp_pkg:/home/azraa/ros2_ws/install/my_robot_interfaces:/home/azraa/ros2_ws/install/flir_lepton_capture:/home/azraa/ros2_ws/install/bme280:/home/azraa/ros2_ws/install/m2s2_custom_interfaces:/home/azraa/ros2_ws/install/m2s2_bringup:/home/azraa/ros2_ws/install/gscam:/home/azraa/ros2_ws/install/flir_lepton_msgs:/home/azraa/ros2_ws/install/audio_play:/home/azraa/ros2_ws/install/audio_capture:/home/azraa/ros2_ws/install/audio_common_msgs:/home/azraa/ros2_ws/install/m2s2_test_python:/home/azraa/ros2_ws/install/flir_lepton_purethermal2:/opt/ros/foxy:/opt/ros/noetic /usr/bin/cmake --install /home/azraa/ros2_ws/build/m2s2_custom_interfaces
[3.107s] Level 1:colcon.colcon_core.environment:checking '/home/azraa/ros2_ws/install/m2s2_custom_interfaces' for CMake config files
[3.109s] Level 1:colcon.colcon_core.shell:create_environment_hook('m2s2_custom_interfaces', 'cmake_prefix_path')
[3.117s] INFO:colcon.colcon_core.shell:Creating environment hook '/home/azraa/ros2_ws/install/m2s2_custom_interfaces/share/m2s2_custom_interfaces/hook/cmake_prefix_path.ps1'
[3.118s] INFO:colcon.colcon_core.shell:Creating environment descriptor '/home/azraa/ros2_ws/install/m2s2_custom_interfaces/share/m2s2_custom_interfaces/hook/cmake_prefix_path.dsv'
[3.119s] INFO:colcon.colcon_core.shell:Creating environment hook '/home/azraa/ros2_ws/install/m2s2_custom_interfaces/share/m2s2_custom_interfaces/hook/cmake_prefix_path.sh'
[3.121s] Level 1:colcon.colcon_core.environment:checking '/home/azraa/ros2_ws/install/m2s2_custom_interfaces/lib'
[3.121s] Level 1:colcon.colcon_core.shell:create_environment_hook('m2s2_custom_interfaces', 'ld_library_path_lib')
[3.128s] INFO:colcon.colcon_core.shell:Creating environment hook '/home/azraa/ros2_ws/install/m2s2_custom_interfaces/share/m2s2_custom_interfaces/hook/ld_library_path_lib.ps1'
[3.129s] INFO:colcon.colcon_core.shell:Creating environment descriptor '/home/azraa/ros2_ws/install/m2s2_custom_interfaces/share/m2s2_custom_interfaces/hook/ld_library_path_lib.dsv'
[3.130s] INFO:colcon.colcon_core.shell:Creating environment hook '/home/azraa/ros2_ws/install/m2s2_custom_interfaces/share/m2s2_custom_interfaces/hook/ld_library_path_lib.sh'
[3.131s] Level 1:colcon.colcon_core.environment:checking '/home/azraa/ros2_ws/install/m2s2_custom_interfaces/bin'
[3.132s] Level 1:colcon.colcon_core.environment:checking '/home/azraa/ros2_ws/install/m2s2_custom_interfaces/lib/pkgconfig/m2s2_custom_interfaces.pc'
[3.133s] Level 1:colcon.colcon_core.environment:checking '/home/azraa/ros2_ws/install/m2s2_custom_interfaces/lib/python3.8/site-packages'
[3.133s] Level 1:colcon.colcon_core.shell:create_environment_hook('m2s2_custom_interfaces', 'pythonpath')
[3.140s] INFO:colcon.colcon_core.shell:Creating environment hook '/home/azraa/ros2_ws/install/m2s2_custom_interfaces/share/m2s2_custom_interfaces/hook/pythonpath.ps1'
[3.141s] INFO:colcon.colcon_core.shell:Creating environment descriptor '/home/azraa/ros2_ws/install/m2s2_custom_interfaces/share/m2s2_custom_interfaces/hook/pythonpath.dsv'
[3.142s] INFO:colcon.colcon_core.shell:Creating environment hook '/home/azraa/ros2_ws/install/m2s2_custom_interfaces/share/m2s2_custom_interfaces/hook/pythonpath.sh'
[3.144s] Level 1:colcon.colcon_core.environment:checking '/home/azraa/ros2_ws/install/m2s2_custom_interfaces/bin'
[3.152s] INFO:colcon.colcon_core.shell:Creating package script '/home/azraa/ros2_ws/install/m2s2_custom_interfaces/share/m2s2_custom_interfaces/package.ps1'
[3.153s] INFO:colcon.colcon_core.shell:Creating package descriptor '/home/azraa/ros2_ws/install/m2s2_custom_interfaces/share/m2s2_custom_interfaces/package.dsv'
[3.154s] INFO:colcon.colcon_core.shell:Creating package script '/home/azraa/ros2_ws/install/m2s2_custom_interfaces/share/m2s2_custom_interfaces/package.sh'
[3.156s] INFO:colcon.colcon_core.shell:Creating package script '/home/azraa/ros2_ws/install/m2s2_custom_interfaces/share/m2s2_custom_interfaces/package.bash'
[3.157s] INFO:colcon.colcon_core.shell:Creating package script '/home/azraa/ros2_ws/install/m2s2_custom_interfaces/share/m2s2_custom_interfaces/package.zsh'
[3.158s] Level 1:colcon.colcon_core.environment:create_file_with_runtime_dependencies(/home/azraa/ros2_ws/install/m2s2_custom_interfaces/share/colcon-core/packages/m2s2_custom_interfaces)
[3.371s] Level 1:colcon.colcon_core.environment:create_environment_scripts_only(m2s2_custom_interfaces)
[3.382s] Level 1:colcon.colcon_core.environment:checking '/home/azraa/ros2_ws/install/m2s2_custom_interfaces' for CMake module files
[3.384s] Level 1:colcon.colcon_core.environment:checking '/home/azraa/ros2_ws/install/m2s2_custom_interfaces' for CMake config files
[3.386s] Level 1:colcon.colcon_core.shell:create_environment_hook('m2s2_custom_interfaces', 'cmake_prefix_path')
[3.392s] INFO:colcon.colcon_core.shell:Creating environment hook '/home/azraa/ros2_ws/install/m2s2_custom_interfaces/share/m2s2_custom_interfaces/hook/cmake_prefix_path.ps1'
[3.394s] INFO:colcon.colcon_core.shell:Creating environment descriptor '/home/azraa/ros2_ws/install/m2s2_custom_interfaces/share/m2s2_custom_interfaces/hook/cmake_prefix_path.dsv'
[3.395s] INFO:colcon.colcon_core.shell:Creating environment hook '/home/azraa/ros2_ws/install/m2s2_custom_interfaces/share/m2s2_custom_interfaces/hook/cmake_prefix_path.sh'
[3.396s] Level 1:colcon.colcon_core.environment:checking '/home/azraa/ros2_ws/install/m2s2_custom_interfaces/lib'
[3.396s] Level 1:colcon.colcon_core.shell:create_environment_hook('m2s2_custom_interfaces', 'ld_library_path_lib')
[3.403s] INFO:colcon.colcon_core.shell:Creating environment hook '/home/azraa/ros2_ws/install/m2s2_custom_interfaces/share/m2s2_custom_interfaces/hook/ld_library_path_lib.ps1'
[3.404s] INFO:colcon.colcon_core.shell:Creating environment descriptor '/home/azraa/ros2_ws/install/m2s2_custom_interfaces/share/m2s2_custom_interfaces/hook/ld_library_path_lib.dsv'
[3.405s] INFO:colcon.colcon_core.shell:Creating environment hook '/home/azraa/ros2_ws/install/m2s2_custom_interfaces/share/m2s2_custom_interfaces/hook/ld_library_path_lib.sh'
[3.406s] Level 1:colcon.colcon_core.environment:checking '/home/azraa/ros2_ws/install/m2s2_custom_interfaces/bin'
[3.406s] Level 1:colcon.colcon_core.environment:checking '/home/azraa/ros2_ws/install/m2s2_custom_interfaces/lib/pkgconfig/m2s2_custom_interfaces.pc'
[3.407s] Level 1:colcon.colcon_core.environment:checking '/home/azraa/ros2_ws/install/m2s2_custom_interfaces/lib/python3.8/site-packages'
[3.408s] Level 1:colcon.colcon_core.shell:create_environment_hook('m2s2_custom_interfaces', 'pythonpath')
[3.414s] INFO:colcon.colcon_core.shell:Creating environment hook '/home/azraa/ros2_ws/install/m2s2_custom_interfaces/share/m2s2_custom_interfaces/hook/pythonpath.ps1'
[3.416s] INFO:colcon.colcon_core.shell:Creating environment descriptor '/home/azraa/ros2_ws/install/m2s2_custom_interfaces/share/m2s2_custom_interfaces/hook/pythonpath.dsv'
[3.416s] INFO:colcon.colcon_core.shell:Creating environment hook '/home/azraa/ros2_ws/install/m2s2_custom_interfaces/share/m2s2_custom_interfaces/hook/pythonpath.sh'
[3.418s] Level 1:colcon.colcon_core.environment:checking '/home/azraa/ros2_ws/install/m2s2_custom_interfaces/bin'
[3.425s] INFO:colcon.colcon_core.shell:Creating package script '/home/azraa/ros2_ws/install/m2s2_custom_interfaces/share/m2s2_custom_interfaces/package.ps1'
[3.426s] INFO:colcon.colcon_core.shell:Creating package descriptor '/home/azraa/ros2_ws/install/m2s2_custom_interfaces/share/m2s2_custom_interfaces/package.dsv'
[3.428s] INFO:colcon.colcon_core.shell:Creating package script '/home/azraa/ros2_ws/install/m2s2_custom_interfaces/share/m2s2_custom_interfaces/package.sh'
[3.429s] INFO:colcon.colcon_core.shell:Creating package script '/home/azraa/ros2_ws/install/m2s2_custom_interfaces/share/m2s2_custom_interfaces/package.bash'
[3.430s] INFO:colcon.colcon_core.shell:Creating package script '/home/azraa/ros2_ws/install/m2s2_custom_interfaces/share/m2s2_custom_interfaces/package.zsh'
[3.431s] Level 1:colcon.colcon_core.environment:create_file_with_runtime_dependencies(/home/azraa/ros2_ws/install/m2s2_custom_interfaces/share/colcon-core/packages/m2s2_custom_interfaces)
[3.432s] DEBUG:colcon.colcon_parallel_executor.executor.parallel:closing loop
[3.432s] DEBUG:colcon.colcon_parallel_executor.executor.parallel:loop closed
[3.433s] DEBUG:colcon.colcon_parallel_executor.executor.parallel:run_until_complete finished with '0'
[3.433s] DEBUG:colcon.colcon_core.event_reactor:joining thread
[3.448s] INFO:colcon.colcon_core.plugin_system:Skipping extension 'colcon_notification.desktop_notification.terminal_notifier': Not used on non-Darwin systems
[3.448s] INFO:colcon.colcon_core.plugin_system:Skipping extension 'colcon_notification.desktop_notification.win32': Not used on non-Windows systems
[3.448s] INFO:colcon.colcon_notification.desktop_notification:Sending desktop notification using 'notify2'
[3.482s] DEBUG:colcon.colcon_core.event_reactor:joined thread
[3.487s] INFO:colcon.colcon_core.shell:Creating prefix script '/home/azraa/ros2_ws/install/local_setup.ps1'
[3.490s] INFO:colcon.colcon_core.shell:Creating prefix util module '/home/azraa/ros2_ws/install/_local_setup_util_ps1.py'
[3.494s] INFO:colcon.colcon_core.shell:Creating prefix chain script '/home/azraa/ros2_ws/install/setup.ps1'
[3.499s] INFO:colcon.colcon_core.shell:Creating prefix script '/home/azraa/ros2_ws/install/local_setup.sh'
[3.500s] INFO:colcon.colcon_core.shell:Creating prefix util module '/home/azraa/ros2_ws/install/_local_setup_util_sh.py'
[3.501s] INFO:colcon.colcon_core.shell:Creating prefix chain script '/home/azraa/ros2_ws/install/setup.sh'
[3.506s] INFO:colcon.colcon_core.shell:Creating prefix script '/home/azraa/ros2_ws/install/local_setup.bash'
[3.507s] INFO:colcon.colcon_core.shell:Creating prefix chain script '/home/azraa/ros2_ws/install/setup.bash'
[3.513s] INFO:colcon.colcon_core.shell:Creating prefix script '/home/azraa/ros2_ws/install/local_setup.zsh'
[3.514s] INFO:colcon.colcon_core.shell:Creating prefix chain script '/home/azraa/ros2_ws/install/setup.zsh'
