[0.113s] Invoking command in '/home/azraa/ros2_ws/build/sound_play': CMAKE_PREFIX_PATH=/home/azraa/ros2_ws/install/audio_common_msgs:/home/azraa/ros2_ws/install/audio_common:/home/azraa/ros2_ws/install/sound_play:/home/azraa/ros2_ws/install/my_robot_bringup:/home/azraa/ros2_ws/install/my_cpp_pkg:/home/azraa/ros2_ws/install/my_robot_interfaces:/home/azraa/ros2_ws/install/bme280:/home/azraa/ros2_ws/install/m2s2_custom_interfaces:/home/azraa/ros2_ws/install/m2s2_bringup:/home/azraa/ros2_ws/install/audio_play:/home/azraa/ros2_ws/install/audio_capture:/opt/ros/foxy LD_LIBRARY_PATH=/home/azraa/ros2_ws/install/audio_common_msgs/lib:/home/azraa/ros2_ws/install/sound_play/lib:/home/azraa/ros2_ws/install/my_robot_interfaces/lib:/home/azraa/ros2_ws/install/m2s2_custom_interfaces/lib:/opt/ros/foxy/opt/yaml_cpp_vendor/lib:/opt/ros/foxy/opt/rviz_ogre_vendor/lib:/opt/ros/foxy/lib/x86_64-linux-gnu:/opt/ros/foxy/lib PYTHONPATH=/home/azraa/ros2_ws/install/audio_common_msgs/lib/python3.8/site-packages:/home/azraa/ros2_ws/install/sound_play/lib/python3.8/site-packages:/home/azraa/ros2_ws/install/my_robot_interfaces/lib/python3.8/site-packages:/home/azraa/ros2_ws/install/my_py_pkg/lib/python3.8/site-packages:/home/azraa/ros2_ws/install/m2s2_custom_interfaces/lib/python3.8/site-packages:/opt/ros/foxy/lib/python3.8/site-packages /usr/bin/cmake --build /home/azraa/ros2_ws/build/sound_play -- -j4 -l4
[0.244s] -- Found ament_cmake: 0.9.9 (/opt/ros/foxy/share/ament_cmake/cmake)
[0.341s] -- Found PythonInterp: /usr/bin/python3 (found suitable version "3.8.10", minimum required is "3") 
[0.341s] -- Using PYTHON_EXECUTABLE: /usr/bin/python3
[0.748s] -- Found rosidl_default_generators: 1.0.1 (/opt/ros/foxy/share/rosidl_default_generators/cmake)
[0.760s] -- Using all available rosidl_typesupport_c: rosidl_typesupport_fastrtps_c;rosidl_typesupport_introspection_c
[0.771s] -- Found rosidl_adapter: 1.2.1 (/opt/ros/foxy/share/rosidl_adapter/cmake)
[1.043s] -- Using all available rosidl_typesupport_cpp: rosidl_typesupport_fastrtps_cpp;rosidl_typesupport_introspection_cpp
[1.102s] -- Found audio_common_msgs: 0.3.12 (/home/azraa/ros2_ws/install/audio_common_msgs/share/audio_common_msgs/cmake)
[1.261s] -- Found action_msgs: 1.0.0 (/opt/ros/foxy/share/action_msgs/cmake)
[1.404s] -- Found PythonInterp: /usr/bin/python3 (found version "3.8.10") 
[1.793s] -- Found ament_cmake_ros: 0.9.2 (/opt/ros/foxy/share/ament_cmake_ros/cmake)
[2.292s] -- Using all available rosidl_typesupport_c: rosidl_typesupport_fastrtps_c;rosidl_typesupport_introspection_c
[2.504s] -- Using all available rosidl_typesupport_cpp: rosidl_typesupport_fastrtps_cpp;rosidl_typesupport_introspection_cpp
[2.575s] -- Found PythonInterp: /usr/bin/python3 (found suitable version "3.8.10", minimum required is "3.5") 
[2.576s] -- Found python_cmake_module: 0.8.1 (/opt/ros/foxy/share/python_cmake_module/cmake)
[2.638s] -- Using PYTHON_EXECUTABLE: /usr/bin/python3
[2.638s] -- Using PYTHON_INCLUDE_DIRS: /usr/include/python3.8
[2.638s] -- Using PYTHON_LIBRARIES: /usr/lib/x86_64-linux-gnu/libpython3.8.so
[2.813s] -- Configuring done
[3.003s] -- Generating done
[3.013s] -- Build files have been written to: /home/azraa/ros2_ws/build/sound_play
[3.065s] [  2%] [34m[1mGenerating C code for ROS interfaces[0m
[3.093s] [  5%] [34m[1mGenerating C++ code for ROS interfaces[0m
[4.661s] [35m[1mScanning dependencies of target sound_play__rosidl_generator_c[0m
[4.686s] [  7%] [32mBuilding C object CMakeFiles/sound_play__rosidl_generator_c.dir/rosidl_generator_c/sound_play/msg/detail/sound_request__functions.c.o[0m
[4.692s] [ 10%] [32mBuilding C object CMakeFiles/sound_play__rosidl_generator_c.dir/rosidl_generator_c/sound_play/action/detail/sound_request__functions.c.o[0m
[4.702s] [ 10%] Built target sound_play__cpp
[4.767s] [ 12%] [34m[1mGenerating C++ introspection for ROS interfaces[0m
[4.767s] [ 15%] [34m[1mGenerating C++ type support for eProsima Fast-RTPS[0m
[4.815s] [ 17%] [34m[1mGenerating C++ type support dispatch for ROS interfaces[0m
[4.924s] [ 20%] [32m[1mLinking C shared library libsound_play__rosidl_generator_c.so[0m
[5.034s] [ 20%] Built target sound_play__rosidl_generator_c
[5.100s] [ 23%] [34m[1mGenerating C type support dispatch for ROS interfaces[0m
[6.104s] [35m[1mScanning dependencies of target sound_play__rosidl_typesupport_cpp[0m
[6.176s] [ 25%] [32mBuilding CXX object CMakeFiles/sound_play__rosidl_typesupport_cpp.dir/rosidl_typesupport_cpp/sound_play/msg/sound_request__type_support.cpp.o[0m
[6.829s] [35m[1mScanning dependencies of target sound_play__rosidl_typesupport_fastrtps_cpp[0m
[6.879s] [ 28%] [32mBuilding CXX object CMakeFiles/sound_play__rosidl_typesupport_fastrtps_cpp.dir/rosidl_typesupport_fastrtps_cpp/sound_play/msg/detail/dds_fastrtps/sound_request__type_support.cpp.o[0m
[6.986s] [35m[1mScanning dependencies of target sound_play__rosidl_typesupport_c[0m
[7.005s] [35m[1mScanning dependencies of target sound_play__rosidl_typesupport_introspection_cpp[0m
[7.035s] [ 30%] [32mBuilding CXX object CMakeFiles/sound_play__rosidl_typesupport_c.dir/rosidl_typesupport_c/sound_play/msg/sound_request__type_support.cpp.o[0m
[7.069s] [ 33%] [32mBuilding CXX object CMakeFiles/sound_play__rosidl_typesupport_introspection_cpp.dir/rosidl_typesupport_introspection_cpp/sound_play/msg/detail/sound_request__type_support.cpp.o[0m
[7.121s] [ 35%] [32mBuilding CXX object CMakeFiles/sound_play__rosidl_typesupport_c.dir/rosidl_typesupport_c/sound_play/action/sound_request__type_support.cpp.o[0m
[7.368s] [ 38%] [32m[1mLinking CXX shared library libsound_play__rosidl_typesupport_c.so[0m
[7.399s] [ 41%] [32mBuilding CXX object CMakeFiles/sound_play__rosidl_typesupport_cpp.dir/rosidl_typesupport_cpp/sound_play/action/sound_request__type_support.cpp.o[0m
[7.573s] [ 41%] Built target sound_play__rosidl_typesupport_c
[7.640s] [ 43%] [34m[1mGenerating C introspection for ROS interfaces[0m
[7.920s] [ 46%] [32mBuilding CXX object CMakeFiles/sound_play__rosidl_typesupport_introspection_cpp.dir/rosidl_typesupport_introspection_cpp/sound_play/action/detail/sound_request__type_support.cpp.o[0m
[8.067s] [ 48%] [32mBuilding CXX object CMakeFiles/sound_play__rosidl_typesupport_fastrtps_cpp.dir/rosidl_typesupport_fastrtps_cpp/sound_play/action/detail/dds_fastrtps/sound_request__type_support.cpp.o[0m
[8.278s] [ 51%] [32m[1mLinking CXX shared library libsound_play__rosidl_typesupport_cpp.so[0m
[8.478s] [ 51%] Built target sound_play__rosidl_typesupport_cpp
[9.105s] [ 53%] [32m[1mLinking CXX shared library libsound_play__rosidl_typesupport_introspection_cpp.so[0m
[9.387s] [ 56%] [32m[1mLinking CXX shared library libsound_play__rosidl_typesupport_fastrtps_cpp.so[0m
[9.420s] [ 56%] Built target sound_play__rosidl_typesupport_introspection_cpp
[9.531s] [35m[1mScanning dependencies of target sound_play__rosidl_typesupport_introspection_c[0m
[9.567s] [ 58%] [32mBuilding C object CMakeFiles/sound_play__rosidl_typesupport_introspection_c.dir/rosidl_typesupport_introspection_c/sound_play/msg/detail/sound_request__type_support.c.o[0m
[9.602s] [ 61%] [32mBuilding C object CMakeFiles/sound_play__rosidl_typesupport_introspection_c.dir/rosidl_typesupport_introspection_c/sound_play/action/detail/sound_request__type_support.c.o[0m
[9.643s] [ 61%] Built target sound_play__rosidl_typesupport_fastrtps_cpp
[9.671s] [ 64%] [34m[1mGenerating C type support for eProsima Fast-RTPS[0m
[9.713s] [ 66%] [32m[1mLinking C shared library libsound_play__rosidl_typesupport_introspection_c.so[0m
[9.791s] [ 66%] Built target sound_play__rosidl_typesupport_introspection_c
[11.250s] [35m[1mScanning dependencies of target sound_play__rosidl_typesupport_fastrtps_c[0m
[11.291s] [ 69%] [32mBuilding CXX object CMakeFiles/sound_play__rosidl_typesupport_fastrtps_c.dir/rosidl_typesupport_fastrtps_c/sound_play/msg/detail/sound_request__type_support_c.cpp.o[0m
[11.300s] [ 71%] [32mBuilding CXX object CMakeFiles/sound_play__rosidl_typesupport_fastrtps_c.dir/rosidl_typesupport_fastrtps_c/sound_play/action/detail/sound_request__type_support_c.cpp.o[0m
[12.147s] [ 74%] [32m[1mLinking CXX shared library libsound_play__rosidl_typesupport_fastrtps_c.so[0m
[12.407s] [ 74%] Built target sound_play__rosidl_typesupport_fastrtps_c
[12.466s] [ 74%] Built target sound_play
[12.520s] [ 76%] [34m[1mGenerating Python code for ROS interfaces[0m
[15.375s] [ 76%] Built target sound_play__py
[15.401s] [35m[1mScanning dependencies of target sound_play__python[0m
[15.450s] [ 79%] [32mBuilding C object CMakeFiles/sound_play__python.dir/rosidl_generator_py/sound_play/msg/_sound_request_s.c.o[0m
[15.452s] [ 82%] [32mBuilding C object CMakeFiles/sound_play__python.dir/rosidl_generator_py/sound_play/action/_sound_request_s.c.o[0m
[15.745s] [ 84%] [32m[1mLinking C shared library rosidl_generator_py/sound_play/libsound_play__python.so[0m
[15.876s] [ 84%] Built target sound_play__python
[15.914s] [35m[1mScanning dependencies of target sound_play__rosidl_typesupport_fastrtps_c__pyext[0m
[15.915s] [35m[1mScanning dependencies of target sound_play__rosidl_typesupport_c__pyext[0m
[15.917s] [35m[1mScanning dependencies of target sound_play__rosidl_typesupport_introspection_c__pyext[0m
[15.981s] [ 87%] [32mBuilding C object CMakeFiles/sound_play__rosidl_typesupport_c__pyext.dir/rosidl_generator_py/sound_play/_sound_play_s.ep.rosidl_typesupport_c.c.o[0m
[15.984s] [ 89%] [32mBuilding C object CMakeFiles/sound_play__rosidl_typesupport_fastrtps_c__pyext.dir/rosidl_generator_py/sound_play/_sound_play_s.ep.rosidl_typesupport_fastrtps_c.c.o[0m
[15.988s] [ 92%] [32mBuilding C object CMakeFiles/sound_play__rosidl_typesupport_introspection_c__pyext.dir/rosidl_generator_py/sound_play/_sound_play_s.ep.rosidl_typesupport_introspection_c.c.o[0m
[16.191s] [ 94%] [32m[1mLinking C shared library rosidl_generator_py/sound_play/sound_play_s__rosidl_typesupport_c.cpython-38-x86_64-linux-gnu.so[0m
[16.204s] [ 97%] [32m[1mLinking CXX shared library rosidl_generator_py/sound_play/sound_play_s__rosidl_typesupport_fastrtps_c.cpython-38-x86_64-linux-gnu.so[0m
[16.215s] [100%] [32m[1mLinking C shared library rosidl_generator_py/sound_play/sound_play_s__rosidl_typesupport_introspection_c.cpython-38-x86_64-linux-gnu.so[0m
[16.287s] [100%] Built target sound_play__rosidl_typesupport_c__pyext
[16.304s] [100%] Built target sound_play__rosidl_typesupport_introspection_c__pyext
[16.359s] [100%] Built target sound_play__rosidl_typesupport_fastrtps_c__pyext
