[1.432s] Invoking command in '/home/azraa/ros2_ws/build/my_py_pkg': CMAKE_PREFIX_PATH=/home/azraa/ros2_ws/install/my_robot_interfaces:/home/azraa/ros2_ws/install/my_cpp_pkg PYTHONPATH=/home/azraa/ros2_ws/install/my_py_pkg/lib/python3.8/site-packages:/home/azraa/ros2_ws/install/my_robot_interfaces/lib/python3.8/site-packages:/home/azraa/ros2_ws/build/my_py_pkg:/home/azraa/ros2_ws/install/my_py_pkg/lib/python3.8/site-packages:/opt/ros/foxy/lib/python3.8/site-packages /usr/bin/python3 setup.py develop --prefix /home/azraa/ros2_ws/install/my_py_pkg --editable --build-directory /home/azraa/ros2_ws/build/my_py_pkg/build --no-deps install_data --install-dir /home/azraa/ros2_ws/install/my_py_pkg
[1.944s] running develop
[2.161s] running egg_info
[2.162s] writing my_py_pkg.egg-info/PKG-INFO
[2.162s] writing dependency_links to my_py_pkg.egg-info/dependency_links.txt
[2.162s] writing entry points to my_py_pkg.egg-info/entry_points.txt
[2.162s] writing requirements to my_py_pkg.egg-info/requires.txt
[2.162s] writing top-level names to my_py_pkg.egg-info/top_level.txt
[2.227s] reading manifest file 'my_py_pkg.egg-info/SOURCES.txt'
[2.228s] writing manifest file 'my_py_pkg.egg-info/SOURCES.txt'
[2.294s] running build_ext
[2.295s] Creating /home/azraa/ros2_ws/install/my_py_pkg/lib/python3.8/site-packages/my-py-pkg.egg-link (link to .)
[2.296s] Installing add_two_ints_client script to /home/azraa/ros2_ws/install/my_py_pkg/lib/my_py_pkg
[2.296s] Installing add_two_ints_client_no_oop script to /home/azraa/ros2_ws/install/my_py_pkg/lib/my_py_pkg
[2.296s] Installing add_two_ints_server script to /home/azraa/ros2_ws/install/my_py_pkg/lib/my_py_pkg
[2.297s] Installing hw_status_publisher script to /home/azraa/ros2_ws/install/my_py_pkg/lib/my_py_pkg
[2.297s] Installing led_panels script to /home/azraa/ros2_ws/install/my_py_pkg/lib/my_py_pkg
[2.297s] Installing number_counter script to /home/azraa/ros2_ws/install/my_py_pkg/lib/my_py_pkg
[2.297s] Installing number_publisher script to /home/azraa/ros2_ws/install/my_py_pkg/lib/my_py_pkg
[2.297s] Installing py_node script to /home/azraa/ros2_ws/install/my_py_pkg/lib/my_py_pkg
[2.297s] Installing robot_news_station script to /home/azraa/ros2_ws/install/my_py_pkg/lib/my_py_pkg
[2.298s] Installing smartphone script to /home/azraa/ros2_ws/install/my_py_pkg/lib/my_py_pkg
[2.298s] 
[2.298s] Installed /home/azraa/ros2_ws/build/my_py_pkg
[2.298s] running install_data
[2.344s] Invoked command in '/home/azraa/ros2_ws/build/my_py_pkg' returned '0': CMAKE_PREFIX_PATH=/home/azraa/ros2_ws/install/my_robot_interfaces:/home/azraa/ros2_ws/install/my_cpp_pkg PYTHONPATH=/home/azraa/ros2_ws/install/my_py_pkg/lib/python3.8/site-packages:/home/azraa/ros2_ws/install/my_robot_interfaces/lib/python3.8/site-packages:/home/azraa/ros2_ws/build/my_py_pkg:/home/azraa/ros2_ws/install/my_py_pkg/lib/python3.8/site-packages:/opt/ros/foxy/lib/python3.8/site-packages /usr/bin/python3 setup.py develop --prefix /home/azraa/ros2_ws/install/my_py_pkg --editable --build-directory /home/azraa/ros2_ws/build/my_py_pkg/build --no-deps install_data --install-dir /home/azraa/ros2_ws/install/my_py_pkg
