[1.830s] Invoking command in '/home/azraa/ros2_ws/build/my_py_pkg': PYTHONPATH=/home/azraa/ros2_ws/install/my_py_pkg/lib/python3.8/site-packages:${PYTHONPATH} /usr/bin/python3 setup.py develop --prefix /home/azraa/ros2_ws/install/my_py_pkg --uninstall --editable --build-directory /home/azraa/ros2_ws/build/my_py_pkg/build
[2.546s] running develop
[2.990s] Invoked command in '/home/azraa/ros2_ws/build/my_py_pkg' returned '0': PYTHONPATH=/home/azraa/ros2_ws/install/my_py_pkg/lib/python3.8/site-packages:${PYTHONPATH} /usr/bin/python3 setup.py develop --prefix /home/azraa/ros2_ws/install/my_py_pkg --uninstall --editable --build-directory /home/azraa/ros2_ws/build/my_py_pkg/build
[2.991s] Invoking command in '/home/azraa/ros2_ws/src/my_py_pkg': PYTHONPATH=/home/azraa/ros2_ws/install/my_py_pkg/lib/python3.8/site-packages:${PYTHONPATH} /usr/bin/python3 setup.py egg_info --egg-base ../../build/my_py_pkg build --build-base /home/azraa/ros2_ws/build/my_py_pkg/build install --prefix /home/azraa/ros2_ws/install/my_py_pkg --record /home/azraa/ros2_ws/build/my_py_pkg/install.log --single-version-externally-managed
[3.598s] running egg_info
[3.604s] writing ../../build/my_py_pkg/my_py_pkg.egg-info/PKG-INFO
[3.605s] writing dependency_links to ../../build/my_py_pkg/my_py_pkg.egg-info/dependency_links.txt
[3.605s] writing entry points to ../../build/my_py_pkg/my_py_pkg.egg-info/entry_points.txt
[3.605s] writing requirements to ../../build/my_py_pkg/my_py_pkg.egg-info/requires.txt
[3.605s] writing top-level names to ../../build/my_py_pkg/my_py_pkg.egg-info/top_level.txt
[3.699s] reading manifest file '../../build/my_py_pkg/my_py_pkg.egg-info/SOURCES.txt'
[3.702s] writing manifest file '../../build/my_py_pkg/my_py_pkg.egg-info/SOURCES.txt'
[3.702s] running build
[3.702s] running build_py
[3.704s] running install
[3.706s] running install_lib
[3.710s] running install_data
[3.711s] running install_egg_info
[3.714s] removing '/home/azraa/ros2_ws/install/my_py_pkg/lib/python3.8/site-packages/my_py_pkg-0.0.0-py3.8.egg-info' (and everything under it)
[3.715s] Copying ../../build/my_py_pkg/my_py_pkg.egg-info to /home/azraa/ros2_ws/install/my_py_pkg/lib/python3.8/site-packages/my_py_pkg-0.0.0-py3.8.egg-info
[3.716s] running install_scripts
[3.769s] Installing add_two_ints_client script to /home/azraa/ros2_ws/install/my_py_pkg/lib/my_py_pkg
[3.769s] Installing add_two_ints_client_no_oop script to /home/azraa/ros2_ws/install/my_py_pkg/lib/my_py_pkg
[3.769s] Installing add_two_ints_server script to /home/azraa/ros2_ws/install/my_py_pkg/lib/my_py_pkg
[3.769s] Installing battery script to /home/azraa/ros2_ws/install/my_py_pkg/lib/my_py_pkg
[3.769s] Installing hw_status_publisher script to /home/azraa/ros2_ws/install/my_py_pkg/lib/my_py_pkg
[3.769s] Installing image_subscriber script to /home/azraa/ros2_ws/install/my_py_pkg/lib/my_py_pkg
[3.770s] Installing image_subscriber_rt script to /home/azraa/ros2_ws/install/my_py_pkg/lib/my_py_pkg
[3.770s] Installing led_panel script to /home/azraa/ros2_ws/install/my_py_pkg/lib/my_py_pkg
[3.770s] Installing number_counter script to /home/azraa/ros2_ws/install/my_py_pkg/lib/my_py_pkg
[3.770s] Installing number_publisher script to /home/azraa/ros2_ws/install/my_py_pkg/lib/my_py_pkg
[3.770s] Installing py_node script to /home/azraa/ros2_ws/install/my_py_pkg/lib/my_py_pkg
[3.770s] Installing robot_news_station script to /home/azraa/ros2_ws/install/my_py_pkg/lib/my_py_pkg
[3.771s] Installing smartphone script to /home/azraa/ros2_ws/install/my_py_pkg/lib/my_py_pkg
[3.771s] writing list of installed files to '/home/azraa/ros2_ws/build/my_py_pkg/install.log'
[3.822s] Invoked command in '/home/azraa/ros2_ws/src/my_py_pkg' returned '0': PYTHONPATH=/home/azraa/ros2_ws/install/my_py_pkg/lib/python3.8/site-packages:${PYTHONPATH} /usr/bin/python3 setup.py egg_info --egg-base ../../build/my_py_pkg build --build-base /home/azraa/ros2_ws/build/my_py_pkg/build install --prefix /home/azraa/ros2_ws/install/my_py_pkg --record /home/azraa/ros2_ws/build/my_py_pkg/install.log --single-version-externally-managed
