[0.104s] Invoking command in '/home/azraa/ros2_ws/src/build/my_robot_bringup': AMENT_PREFIX_PATH=/home/azraa/ros2_ws/src/install/my_cpp_pkg:/home/azraa/ros2_ws/src/install/my_robot_interfaces:${AMENT_PREFIX_PATH} CMAKE_PREFIX_PATH=/home/azraa/ros2_ws/src/install/my_cpp_pkg:/home/azraa/ros2_ws/src/install/my_robot_interfaces:/home/azraa/ros2_ws/install/audio_common:/home/azraa/ros2_ws/install/sound_play:/home/azraa/ros2_ws/install/my_robot_bringup:/home/azraa/ros2_ws/install/my_cpp_pkg:/home/azraa/ros2_ws/install/my_robot_interfaces:/home/azraa/ros2_ws/install/bme280:/home/azraa/ros2_ws/install/m2s2_custom_interfaces:/home/azraa/ros2_ws/install/m2s2_bringup:/home/azraa/ros2_ws/install/audio_play:/home/azraa/ros2_ws/install/audio_capture:/home/azraa/ros2_ws/install/audio_common_msgs:/opt/ros/foxy LD_LIBRARY_PATH=/home/azraa/ros2_ws/src/install/my_robot_interfaces/lib:${LD_LIBRARY_PATH} PYTHONPATH=/home/azraa/ros2_ws/src/install/my_robot_interfaces/lib/python3.8/site-packages:/home/azraa/ros2_ws/src/install/my_python_pkg/lib/python3.8/site-packages:${PYTHONPATH} /usr/bin/cmake --build /home/azraa/ros2_ws/src/build/my_robot_bringup -- -j4 -l4
[0.220s] -- Found ament_cmake: 0.9.9 (/opt/ros/foxy/share/ament_cmake/cmake)
[0.313s] -- Using PYTHON_EXECUTABLE: /usr/bin/python3
[0.890s] -- Configuring done
[0.897s] -- Generating done
[0.899s] -- Build files have been written to: /home/azraa/ros2_ws/src/build/my_robot_bringup
[0.950s] Invoked command in '/home/azraa/ros2_ws/src/build/my_robot_bringup' returned '0': AMENT_PREFIX_PATH=/home/azraa/ros2_ws/src/install/my_cpp_pkg:/home/azraa/ros2_ws/src/install/my_robot_interfaces:${AMENT_PREFIX_PATH} CMAKE_PREFIX_PATH=/home/azraa/ros2_ws/src/install/my_cpp_pkg:/home/azraa/ros2_ws/src/install/my_robot_interfaces:/home/azraa/ros2_ws/install/audio_common:/home/azraa/ros2_ws/install/sound_play:/home/azraa/ros2_ws/install/my_robot_bringup:/home/azraa/ros2_ws/install/my_cpp_pkg:/home/azraa/ros2_ws/install/my_robot_interfaces:/home/azraa/ros2_ws/install/bme280:/home/azraa/ros2_ws/install/m2s2_custom_interfaces:/home/azraa/ros2_ws/install/m2s2_bringup:/home/azraa/ros2_ws/install/audio_play:/home/azraa/ros2_ws/install/audio_capture:/home/azraa/ros2_ws/install/audio_common_msgs:/opt/ros/foxy LD_LIBRARY_PATH=/home/azraa/ros2_ws/src/install/my_robot_interfaces/lib:${LD_LIBRARY_PATH} PYTHONPATH=/home/azraa/ros2_ws/src/install/my_robot_interfaces/lib/python3.8/site-packages:/home/azraa/ros2_ws/src/install/my_python_pkg/lib/python3.8/site-packages:${PYTHONPATH} /usr/bin/cmake --build /home/azraa/ros2_ws/src/build/my_robot_bringup -- -j4 -l4
[1.072s] Invoking command in '/home/azraa/ros2_ws/src/build/my_robot_bringup': AMENT_PREFIX_PATH=/home/azraa/ros2_ws/src/install/my_cpp_pkg:/home/azraa/ros2_ws/src/install/my_robot_interfaces:${AMENT_PREFIX_PATH} CMAKE_PREFIX_PATH=/home/azraa/ros2_ws/src/install/my_cpp_pkg:/home/azraa/ros2_ws/src/install/my_robot_interfaces:/home/azraa/ros2_ws/install/audio_common:/home/azraa/ros2_ws/install/sound_play:/home/azraa/ros2_ws/install/my_robot_bringup:/home/azraa/ros2_ws/install/my_cpp_pkg:/home/azraa/ros2_ws/install/my_robot_interfaces:/home/azraa/ros2_ws/install/bme280:/home/azraa/ros2_ws/install/m2s2_custom_interfaces:/home/azraa/ros2_ws/install/m2s2_bringup:/home/azraa/ros2_ws/install/audio_play:/home/azraa/ros2_ws/install/audio_capture:/home/azraa/ros2_ws/install/audio_common_msgs:/opt/ros/foxy LD_LIBRARY_PATH=/home/azraa/ros2_ws/src/install/my_robot_interfaces/lib:${LD_LIBRARY_PATH} PYTHONPATH=/home/azraa/ros2_ws/src/install/my_robot_interfaces/lib/python3.8/site-packages:/home/azraa/ros2_ws/src/install/my_python_pkg/lib/python3.8/site-packages:${PYTHONPATH} /usr/bin/cmake --install /home/azraa/ros2_ws/src/build/my_robot_bringup
[1.086s] -- Install configuration: ""
[1.086s] -- Up-to-date: /home/azraa/ros2_ws/src/install/my_robot_bringup/share/my_robot_bringup/launch
[1.086s] -- Up-to-date: /home/azraa/ros2_ws/src/install/my_robot_bringup/share/my_robot_bringup/launch/install
[1.086s] -- Up-to-date: /home/azraa/ros2_ws/src/install/my_robot_bringup/share/my_robot_bringup/launch/install/setup.ps1
[1.087s] -- Up-to-date: /home/azraa/ros2_ws/src/install/my_robot_bringup/share/my_robot_bringup/launch/install/setup.zsh
[1.087s] -- Up-to-date: /home/azraa/ros2_ws/src/install/my_robot_bringup/share/my_robot_bringup/launch/install/setup.bash
[1.087s] -- Up-to-date: /home/azraa/ros2_ws/src/install/my_robot_bringup/share/my_robot_bringup/launch/install/COLCON_IGNORE
[1.087s] -- Up-to-date: /home/azraa/ros2_ws/src/install/my_robot_bringup/share/my_robot_bringup/launch/install/local_setup.sh
[1.087s] -- Up-to-date: /home/azraa/ros2_ws/src/install/my_robot_bringup/share/my_robot_bringup/launch/install/local_setup.bash
[1.087s] -- Up-to-date: /home/azraa/ros2_ws/src/install/my_robot_bringup/share/my_robot_bringup/launch/install/_local_setup_util_ps1.py
[1.087s] -- Up-to-date: /home/azraa/ros2_ws/src/install/my_robot_bringup/share/my_robot_bringup/launch/install/_local_setup_util_sh.py
[1.087s] -- Up-to-date: /home/azraa/ros2_ws/src/install/my_robot_bringup/share/my_robot_bringup/launch/install/setup.sh
[1.087s] -- Up-to-date: /home/azraa/ros2_ws/src/install/my_robot_bringup/share/my_robot_bringup/launch/install/local_setup.ps1
[1.088s] -- Up-to-date: /home/azraa/ros2_ws/src/install/my_robot_bringup/share/my_robot_bringup/launch/install/local_setup.zsh
[1.088s] -- Up-to-date: /home/azraa/ros2_ws/src/install/my_robot_bringup/share/my_robot_bringup/launch/install/.colcon_install_layout
[1.088s] -- Up-to-date: /home/azraa/ros2_ws/src/install/my_robot_bringup/share/my_robot_bringup/launch/log
[1.088s] -- Up-to-date: /home/azraa/ros2_ws/src/install/my_robot_bringup/share/my_robot_bringup/launch/log/build_2022-07-08_10-54-06
[1.088s] -- Up-to-date: /home/azraa/ros2_ws/src/install/my_robot_bringup/share/my_robot_bringup/launch/log/build_2022-07-08_10-54-06/events.log
[1.088s] -- Up-to-date: /home/azraa/ros2_ws/src/install/my_robot_bringup/share/my_robot_bringup/launch/log/build_2022-07-08_10-54-06/logger_all.log
[1.088s] -- Up-to-date: /home/azraa/ros2_ws/src/install/my_robot_bringup/share/my_robot_bringup/launch/log/latest
[1.089s] -- Up-to-date: /home/azraa/ros2_ws/src/install/my_robot_bringup/share/my_robot_bringup/launch/log/COLCON_IGNORE
[1.089s] -- Up-to-date: /home/azraa/ros2_ws/src/install/my_robot_bringup/share/my_robot_bringup/launch/log/latest_build
[1.089s] -- Up-to-date: /home/azraa/ros2_ws/src/install/my_robot_bringup/share/my_robot_bringup/launch/webcam.launch.xml
[1.089s] -- Installing: /home/azraa/ros2_ws/src/install/my_robot_bringup/share/my_robot_bringup/launch/robot_news_station.launch.py
[1.089s] -- Installing: /home/azraa/ros2_ws/src/install/my_robot_bringup/share/my_robot_bringup/launch/number_app.launch.py
[1.089s] -- Up-to-date: /home/azraa/ros2_ws/src/install/my_robot_bringup/share/my_robot_bringup/launch/build
[1.089s] -- Up-to-date: /home/azraa/ros2_ws/src/install/my_robot_bringup/share/my_robot_bringup/launch/build/COLCON_IGNORE
[1.089s] -- Up-to-date: /home/azraa/ros2_ws/src/install/my_robot_bringup/share/my_robot_bringup/launch/build/.built_by
[1.089s] -- Installing: /home/azraa/ros2_ws/src/install/my_robot_bringup/share/ament_index/resource_index/package_run_dependencies/my_robot_bringup
[1.090s] -- Installing: /home/azraa/ros2_ws/src/install/my_robot_bringup/share/ament_index/resource_index/parent_prefix_path/my_robot_bringup
[1.090s] -- Up-to-date: /home/azraa/ros2_ws/src/install/my_robot_bringup/share/my_robot_bringup/environment/ament_prefix_path.sh
[1.090s] -- Installing: /home/azraa/ros2_ws/src/install/my_robot_bringup/share/my_robot_bringup/environment/ament_prefix_path.dsv
[1.090s] -- Up-to-date: /home/azraa/ros2_ws/src/install/my_robot_bringup/share/my_robot_bringup/environment/path.sh
[1.093s] -- Installing: /home/azraa/ros2_ws/src/install/my_robot_bringup/share/my_robot_bringup/environment/path.dsv
[1.093s] -- Up-to-date: /home/azraa/ros2_ws/src/install/my_robot_bringup/share/my_robot_bringup/local_setup.bash
[1.093s] -- Up-to-date: /home/azraa/ros2_ws/src/install/my_robot_bringup/share/my_robot_bringup/local_setup.sh
[1.093s] -- Up-to-date: /home/azraa/ros2_ws/src/install/my_robot_bringup/share/my_robot_bringup/local_setup.zsh
[1.093s] -- Installing: /home/azraa/ros2_ws/src/install/my_robot_bringup/share/my_robot_bringup/local_setup.dsv
[1.094s] -- Installing: /home/azraa/ros2_ws/src/install/my_robot_bringup/share/my_robot_bringup/package.dsv
[1.094s] -- Up-to-date: /home/azraa/ros2_ws/src/install/my_robot_bringup/share/ament_index/resource_index/packages/my_robot_bringup
[1.094s] -- Up-to-date: /home/azraa/ros2_ws/src/install/my_robot_bringup/share/my_robot_bringup/cmake/my_robot_bringupConfig.cmake
[1.094s] -- Up-to-date: /home/azraa/ros2_ws/src/install/my_robot_bringup/share/my_robot_bringup/cmake/my_robot_bringupConfig-version.cmake
[1.094s] -- Installing: /home/azraa/ros2_ws/src/install/my_robot_bringup/share/my_robot_bringup/package.xml
[1.115s] Invoked command in '/home/azraa/ros2_ws/src/build/my_robot_bringup' returned '0': AMENT_PREFIX_PATH=/home/azraa/ros2_ws/src/install/my_cpp_pkg:/home/azraa/ros2_ws/src/install/my_robot_interfaces:${AMENT_PREFIX_PATH} CMAKE_PREFIX_PATH=/home/azraa/ros2_ws/src/install/my_cpp_pkg:/home/azraa/ros2_ws/src/install/my_robot_interfaces:/home/azraa/ros2_ws/install/audio_common:/home/azraa/ros2_ws/install/sound_play:/home/azraa/ros2_ws/install/my_robot_bringup:/home/azraa/ros2_ws/install/my_cpp_pkg:/home/azraa/ros2_ws/install/my_robot_interfaces:/home/azraa/ros2_ws/install/bme280:/home/azraa/ros2_ws/install/m2s2_custom_interfaces:/home/azraa/ros2_ws/install/m2s2_bringup:/home/azraa/ros2_ws/install/audio_play:/home/azraa/ros2_ws/install/audio_capture:/home/azraa/ros2_ws/install/audio_common_msgs:/opt/ros/foxy LD_LIBRARY_PATH=/home/azraa/ros2_ws/src/install/my_robot_interfaces/lib:${LD_LIBRARY_PATH} PYTHONPATH=/home/azraa/ros2_ws/src/install/my_robot_interfaces/lib/python3.8/site-packages:/home/azraa/ros2_ws/src/install/my_python_pkg/lib/python3.8/site-packages:${PYTHONPATH} /usr/bin/cmake --install /home/azraa/ros2_ws/src/build/my_robot_bringup
