[0.038s] Invoking command in '/home/azraa/ros2_ws/build/gscam': CMAKE_PREFIX_PATH=/home/azraa/ros2_ws/install/ximea_ros2_cam:/home/azraa/ros2_ws/install/v4l2_camera:/home/azraa/ros2_ws/install/audio_common:/home/azraa/ros2_ws/install/sound_play:/home/azraa/ros2_ws/install/my_robot_bringup:/home/azraa/ros2_ws/install/my_cpp_pkg:/home/azraa/ros2_ws/install/my_robot_interfaces:/home/azraa/ros2_ws/install/bme280:/home/azraa/ros2_ws/install/m2s2_custom_interfaces:/home/azraa/ros2_ws/install/m2s2_bringup:/home/azraa/ros2_ws/install/gscam:/home/azraa/ros2_ws/install/flir_lepton_ros2:/home/azraa/ros2_ws/install/flir_lepton_msgs:/home/azraa/ros2_ws/install/audio_play:/home/azraa/ros2_ws/install/audio_capture:/home/azraa/ros2_ws/install/audio_common_msgs:/home/azraa/ros2_ws/install/m2s2_test_python:/home/azraa/ros2_ws/install/flir_lepton_purethermal2:/opt/ros/foxy:/opt/ros/noetic /usr/bin/cmake --build /home/azraa/ros2_ws/build/gscam -- -j4 -l4
[0.090s] [35m[1mScanning dependencies of target gscam[0m
[0.101s] [ 40%] Built target gtest_main
[0.101s] [ 40%] Built target gtest
[0.113s] [ 60%] Built target gscam_node
[0.142s] [ 70%] [32mBuilding CXX object CMakeFiles/gscam.dir/src/gscam.cpp.o[0m
[4.505s] [ 80%] [32m[1mLinking CXX shared library libgscam.so[0m
[4.877s] [ 80%] Built target gscam
[4.917s] [ 90%] [32m[1mLinking CXX executable smoke_test[0m
[5.398s] [100%] Built target smoke_test
[5.413s] Invoked command in '/home/azraa/ros2_ws/build/gscam' returned '0': CMAKE_PREFIX_PATH=/home/azraa/ros2_ws/install/ximea_ros2_cam:/home/azraa/ros2_ws/install/v4l2_camera:/home/azraa/ros2_ws/install/audio_common:/home/azraa/ros2_ws/install/sound_play:/home/azraa/ros2_ws/install/my_robot_bringup:/home/azraa/ros2_ws/install/my_cpp_pkg:/home/azraa/ros2_ws/install/my_robot_interfaces:/home/azraa/ros2_ws/install/bme280:/home/azraa/ros2_ws/install/m2s2_custom_interfaces:/home/azraa/ros2_ws/install/m2s2_bringup:/home/azraa/ros2_ws/install/gscam:/home/azraa/ros2_ws/install/flir_lepton_ros2:/home/azraa/ros2_ws/install/flir_lepton_msgs:/home/azraa/ros2_ws/install/audio_play:/home/azraa/ros2_ws/install/audio_capture:/home/azraa/ros2_ws/install/audio_common_msgs:/home/azraa/ros2_ws/install/m2s2_test_python:/home/azraa/ros2_ws/install/flir_lepton_purethermal2:/opt/ros/foxy:/opt/ros/noetic /usr/bin/cmake --build /home/azraa/ros2_ws/build/gscam -- -j4 -l4
[5.463s] Invoking command in '/home/azraa/ros2_ws/build/gscam': CMAKE_PREFIX_PATH=/home/azraa/ros2_ws/install/ximea_ros2_cam:/home/azraa/ros2_ws/install/v4l2_camera:/home/azraa/ros2_ws/install/audio_common:/home/azraa/ros2_ws/install/sound_play:/home/azraa/ros2_ws/install/my_robot_bringup:/home/azraa/ros2_ws/install/my_cpp_pkg:/home/azraa/ros2_ws/install/my_robot_interfaces:/home/azraa/ros2_ws/install/bme280:/home/azraa/ros2_ws/install/m2s2_custom_interfaces:/home/azraa/ros2_ws/install/m2s2_bringup:/home/azraa/ros2_ws/install/gscam:/home/azraa/ros2_ws/install/flir_lepton_ros2:/home/azraa/ros2_ws/install/flir_lepton_msgs:/home/azraa/ros2_ws/install/audio_play:/home/azraa/ros2_ws/install/audio_capture:/home/azraa/ros2_ws/install/audio_common_msgs:/home/azraa/ros2_ws/install/m2s2_test_python:/home/azraa/ros2_ws/install/flir_lepton_purethermal2:/opt/ros/foxy:/opt/ros/noetic /usr/bin/cmake --install /home/azraa/ros2_ws/build/gscam
[5.472s] -- Install configuration: ""
[5.472s] -- Up-to-date: /home/azraa/ros2_ws/install/gscam/lib/gscam/gscam_node
[5.472s] -- Up-to-date: /home/azraa/ros2_ws/install/gscam/share/gscam/environment/library_path.sh
[5.473s] -- Up-to-date: /home/azraa/ros2_ws/install/gscam/share/gscam/environment/library_path.dsv
[5.473s] -- Up-to-date: /home/azraa/ros2_ws/install/gscam/share/ament_index/resource_index/package_run_dependencies/gscam
[5.473s] -- Up-to-date: /home/azraa/ros2_ws/install/gscam/share/ament_index/resource_index/parent_prefix_path/gscam
[5.473s] -- Up-to-date: /home/azraa/ros2_ws/install/gscam/share/gscam/environment/ament_prefix_path.sh
[5.473s] -- Up-to-date: /home/azraa/ros2_ws/install/gscam/share/gscam/environment/ament_prefix_path.dsv
[5.473s] -- Up-to-date: /home/azraa/ros2_ws/install/gscam/share/gscam/environment/path.sh
[5.474s] -- Up-to-date: /home/azraa/ros2_ws/install/gscam/share/gscam/environment/path.dsv
[5.474s] -- Up-to-date: /home/azraa/ros2_ws/install/gscam/share/gscam/local_setup.bash
[5.474s] -- Up-to-date: /home/azraa/ros2_ws/install/gscam/share/gscam/local_setup.sh
[5.474s] -- Up-to-date: /home/azraa/ros2_ws/install/gscam/share/gscam/local_setup.zsh
[5.474s] -- Up-to-date: /home/azraa/ros2_ws/install/gscam/share/gscam/local_setup.dsv
[5.474s] -- Installing: /home/azraa/ros2_ws/install/gscam/share/gscam/package.dsv
[5.475s] -- Up-to-date: /home/azraa/ros2_ws/install/gscam/share/ament_index/resource_index/packages/gscam
[5.475s] -- Up-to-date: /home/azraa/ros2_ws/install/gscam/share/ament_index/resource_index/rclcpp_components/gscam
[5.475s] -- Up-to-date: /home/azraa/ros2_ws/install/gscam/share/gscam/cmake/export_gscamExport.cmake
[5.475s] -- Up-to-date: /home/azraa/ros2_ws/install/gscam/share/gscam/cmake/export_gscamExport-noconfig.cmake
[5.475s] -- Up-to-date: /home/azraa/ros2_ws/install/gscam/share/gscam/cmake/ament_cmake_export_dependencies-extras.cmake
[5.475s] -- Up-to-date: /home/azraa/ros2_ws/install/gscam/share/gscam/cmake/ament_cmake_export_include_directories-extras.cmake
[5.475s] -- Up-to-date: /home/azraa/ros2_ws/install/gscam/share/gscam/cmake/ament_cmake_export_targets-extras.cmake
[5.475s] -- Up-to-date: /home/azraa/ros2_ws/install/gscam/share/gscam/cmake/ament_cmake_export_libraries-extras.cmake
[5.475s] -- Up-to-date: /home/azraa/ros2_ws/install/gscam/share/gscam/cmake/gscamConfig.cmake
[5.475s] -- Up-to-date: /home/azraa/ros2_ws/install/gscam/share/gscam/cmake/gscamConfig-version.cmake
[5.475s] -- Up-to-date: /home/azraa/ros2_ws/install/gscam/share/gscam/package.xml
[5.475s] -- Installing: /home/azraa/ros2_ws/install/gscam/lib/libgscam.so
[5.477s] -- Set runtime path of "/home/azraa/ros2_ws/install/gscam/lib/libgscam.so" to ""
[5.477s] -- Up-to-date: /home/azraa/ros2_ws/install/gscam/share/gscam/examples
[5.477s] -- Up-to-date: /home/azraa/ros2_ws/install/gscam/share/gscam/examples/videofile.launch.xml
[5.477s] -- Up-to-date: /home/azraa/ros2_ws/install/gscam/share/gscam/examples/minoru.launch.xml
[5.477s] -- Up-to-date: /home/azraa/ros2_ws/install/gscam/share/gscam/examples/decklink.launch.xml
[5.477s] -- Up-to-date: /home/azraa/ros2_ws/install/gscam/share/gscam/examples/v4l.launch.xml
[5.477s] -- Up-to-date: /home/azraa/ros2_ws/install/gscam/share/gscam/examples/osx.launch.xml
[5.477s] -- Up-to-date: /home/azraa/ros2_ws/install/gscam/share/gscam/examples/v4ljpeg.launch.xml
[5.477s] -- Up-to-date: /home/azraa/ros2_ws/install/gscam/share/gscam/examples/component_pipeline_launch.py
[5.478s] -- Up-to-date: /home/azraa/ros2_ws/install/gscam/share/gscam/examples/uncalibrated_parameters.ini
[5.482s] Invoked command in '/home/azraa/ros2_ws/build/gscam' returned '0': CMAKE_PREFIX_PATH=/home/azraa/ros2_ws/install/ximea_ros2_cam:/home/azraa/ros2_ws/install/v4l2_camera:/home/azraa/ros2_ws/install/audio_common:/home/azraa/ros2_ws/install/sound_play:/home/azraa/ros2_ws/install/my_robot_bringup:/home/azraa/ros2_ws/install/my_cpp_pkg:/home/azraa/ros2_ws/install/my_robot_interfaces:/home/azraa/ros2_ws/install/bme280:/home/azraa/ros2_ws/install/m2s2_custom_interfaces:/home/azraa/ros2_ws/install/m2s2_bringup:/home/azraa/ros2_ws/install/gscam:/home/azraa/ros2_ws/install/flir_lepton_ros2:/home/azraa/ros2_ws/install/flir_lepton_msgs:/home/azraa/ros2_ws/install/audio_play:/home/azraa/ros2_ws/install/audio_capture:/home/azraa/ros2_ws/install/audio_common_msgs:/home/azraa/ros2_ws/install/m2s2_test_python:/home/azraa/ros2_ws/install/flir_lepton_purethermal2:/opt/ros/foxy:/opt/ros/noetic /usr/bin/cmake --install /home/azraa/ros2_ws/build/gscam
