[0.059s] Invoking command in '/home/azraa/ros2_ws/build/my_robot_interfaces': CMAKE_PREFIX_PATH=${CMAKE_PREFIX_PATH}:/home/azraa/ros2_ws/install/m2s2_test_python:/opt/ros/foxy /usr/bin/cmake --build /home/azraa/ros2_ws/build/my_robot_interfaces -- -j4 -l4
[0.182s] [  1%] Built target my_robot_interfaces__cpp
[0.223s] [ 12%] Built target my_robot_interfaces__rosidl_generator_c
[0.275s] [ 23%] Built target my_robot_interfaces__rosidl_typesupport_cpp
[0.282s] [ 34%] Built target my_robot_interfaces__rosidl_typesupport_introspection_cpp
[0.338s] [ 45%] Built target my_robot_interfaces__rosidl_typesupport_fastrtps_cpp
[0.338s] [ 56%] Built target my_robot_interfaces__rosidl_typesupport_introspection_c
[0.344s] [ 67%] Built target my_robot_interfaces__rosidl_typesupport_c
[0.384s] [ 78%] Built target my_robot_interfaces__rosidl_typesupport_fastrtps_c
[0.410s] [ 78%] Built target my_robot_interfaces
[0.441s] [ 80%] Built target my_robot_interfaces__py
[0.489s] [ 89%] Built target my_robot_interfaces__python
[0.566s] [ 92%] Built target my_robot_interfaces__rosidl_typesupport_fastrtps_c__pyext
[0.578s] [ 96%] Built target my_robot_interfaces__rosidl_typesupport_c__pyext
[0.579s] [100%] Built target my_robot_interfaces__rosidl_typesupport_introspection_c__pyext
[0.736s] Invoked command in '/home/azraa/ros2_ws/build/my_robot_interfaces' returned '0': CMAKE_PREFIX_PATH=${CMAKE_PREFIX_PATH}:/home/azraa/ros2_ws/install/m2s2_test_python:/opt/ros/foxy /usr/bin/cmake --build /home/azraa/ros2_ws/build/my_robot_interfaces -- -j4 -l4
[0.898s] Invoking command in '/home/azraa/ros2_ws/build/my_robot_interfaces': CMAKE_PREFIX_PATH=${CMAKE_PREFIX_PATH}:/home/azraa/ros2_ws/install/m2s2_test_python:/opt/ros/foxy /usr/bin/cmake --install /home/azraa/ros2_ws/build/my_robot_interfaces
[0.912s] -- Install configuration: ""
[0.913s] -- Execute custom install script
[0.915s] -- Up-to-date symlink: /home/azraa/ros2_ws/install/my_robot_interfaces/share/ament_index/resource_index/rosidl_interfaces/my_robot_interfaces
[0.917s] -- Up-to-date symlink: /home/azraa/ros2_ws/install/my_robot_interfaces/include/my_robot_interfaces/msg/detail/hardware_status__functions.h
[0.919s] -- Up-to-date symlink: /home/azraa/ros2_ws/install/my_robot_interfaces/include/my_robot_interfaces/msg/detail/hardware_status__struct.h
[0.919s] -- Up-to-date symlink: /home/azraa/ros2_ws/install/my_robot_interfaces/include/my_robot_interfaces/msg/detail/hardware_status__type_support.h
[0.920s] -- Up-to-date symlink: /home/azraa/ros2_ws/install/my_robot_interfaces/include/my_robot_interfaces/msg/detail/led_states__functions.h
[0.921s] -- Up-to-date symlink: /home/azraa/ros2_ws/install/my_robot_interfaces/include/my_robot_interfaces/msg/detail/led_states__struct.h
[0.922s] -- Up-to-date symlink: /home/azraa/ros2_ws/install/my_robot_interfaces/include/my_robot_interfaces/msg/detail/led_states__type_support.h
[0.924s] -- Up-to-date symlink: /home/azraa/ros2_ws/install/my_robot_interfaces/include/my_robot_interfaces/msg/hardware_status.h
[0.926s] -- Up-to-date symlink: /home/azraa/ros2_ws/install/my_robot_interfaces/include/my_robot_interfaces/msg/led_states.h
[0.926s] -- Up-to-date symlink: /home/azraa/ros2_ws/install/my_robot_interfaces/include/my_robot_interfaces/msg/rosidl_generator_c__visibility_control.h
[0.927s] -- Up-to-date symlink: /home/azraa/ros2_ws/install/my_robot_interfaces/include/my_robot_interfaces/srv/compute_rectangle_area.h
[0.928s] -- Up-to-date symlink: /home/azraa/ros2_ws/install/my_robot_interfaces/include/my_robot_interfaces/srv/detail/compute_rectangle_area__functions.h
[0.928s] -- Up-to-date symlink: /home/azraa/ros2_ws/install/my_robot_interfaces/include/my_robot_interfaces/srv/detail/compute_rectangle_area__struct.h
[0.928s] -- Up-to-date symlink: /home/azraa/ros2_ws/install/my_robot_interfaces/include/my_robot_interfaces/srv/detail/compute_rectangle_area__type_support.h
[0.929s] -- Up-to-date symlink: /home/azraa/ros2_ws/install/my_robot_interfaces/include/my_robot_interfaces/srv/detail/set_led__functions.h
[0.930s] -- Up-to-date symlink: /home/azraa/ros2_ws/install/my_robot_interfaces/include/my_robot_interfaces/srv/detail/set_led__struct.h
[0.931s] -- Up-to-date symlink: /home/azraa/ros2_ws/install/my_robot_interfaces/include/my_robot_interfaces/srv/detail/set_led__type_support.h
[0.931s] -- Up-to-date symlink: /home/azraa/ros2_ws/install/my_robot_interfaces/include/my_robot_interfaces/srv/set_led.h
[0.932s] -- Up-to-date symlink: /home/azraa/ros2_ws/install/my_robot_interfaces/share/my_robot_interfaces/environment/library_path.sh
[0.932s] -- Up-to-date symlink: /home/azraa/ros2_ws/install/my_robot_interfaces/share/my_robot_interfaces/environment/library_path.dsv
[0.934s] -- Up-to-date symlink: /home/azraa/ros2_ws/install/my_robot_interfaces/include/my_robot_interfaces/msg/detail/hardware_status__rosidl_typesupport_fastrtps_c.h
[0.936s] -- Up-to-date symlink: /home/azraa/ros2_ws/install/my_robot_interfaces/include/my_robot_interfaces/msg/detail/led_states__rosidl_typesupport_fastrtps_c.h
[0.939s] -- Up-to-date symlink: /home/azraa/ros2_ws/install/my_robot_interfaces/include/my_robot_interfaces/msg/rosidl_typesupport_fastrtps_c__visibility_control.h
[0.944s] -- Up-to-date symlink: /home/azraa/ros2_ws/install/my_robot_interfaces/include/my_robot_interfaces/srv/detail/compute_rectangle_area__rosidl_typesupport_fastrtps_c.h
[0.944s] -- Up-to-date symlink: /home/azraa/ros2_ws/install/my_robot_interfaces/include/my_robot_interfaces/srv/detail/set_led__rosidl_typesupport_fastrtps_c.h
[0.945s] -- Up-to-date symlink: /home/azraa/ros2_ws/install/my_robot_interfaces/lib/libmy_robot_interfaces__rosidl_typesupport_fastrtps_c.so
[0.946s] -- Up-to-date symlink: /home/azraa/ros2_ws/install/my_robot_interfaces/include/my_robot_interfaces/msg/detail/hardware_status__rosidl_typesupport_fastrtps_cpp.hpp
[0.949s] -- Up-to-date symlink: /home/azraa/ros2_ws/install/my_robot_interfaces/include/my_robot_interfaces/msg/detail/led_states__rosidl_typesupport_fastrtps_cpp.hpp
[0.949s] -- Up-to-date symlink: /home/azraa/ros2_ws/install/my_robot_interfaces/include/my_robot_interfaces/msg/rosidl_typesupport_fastrtps_cpp__visibility_control.h
[0.950s] -- Up-to-date symlink: /home/azraa/ros2_ws/install/my_robot_interfaces/include/my_robot_interfaces/srv/detail/compute_rectangle_area__rosidl_typesupport_fastrtps_cpp.hpp
[0.951s] -- Up-to-date symlink: /home/azraa/ros2_ws/install/my_robot_interfaces/include/my_robot_interfaces/srv/detail/set_led__rosidl_typesupport_fastrtps_cpp.hpp
[0.951s] -- Up-to-date symlink: /home/azraa/ros2_ws/install/my_robot_interfaces/lib/libmy_robot_interfaces__rosidl_typesupport_fastrtps_cpp.so
[0.952s] -- Up-to-date symlink: /home/azraa/ros2_ws/install/my_robot_interfaces/include/my_robot_interfaces/msg/detail/hardware_status__rosidl_typesupport_introspection_c.h
[0.961s] -- Up-to-date symlink: /home/azraa/ros2_ws/install/my_robot_interfaces/include/my_robot_interfaces/msg/detail/led_states__rosidl_typesupport_introspection_c.h
[0.962s] -- Up-to-date symlink: /home/azraa/ros2_ws/install/my_robot_interfaces/include/my_robot_interfaces/msg/rosidl_typesupport_introspection_c__visibility_control.h
[0.962s] -- Up-to-date symlink: /home/azraa/ros2_ws/install/my_robot_interfaces/include/my_robot_interfaces/srv/detail/compute_rectangle_area__rosidl_typesupport_introspection_c.h
[0.962s] -- Up-to-date symlink: /home/azraa/ros2_ws/install/my_robot_interfaces/include/my_robot_interfaces/srv/detail/set_led__rosidl_typesupport_introspection_c.h
[0.962s] -- Up-to-date symlink: /home/azraa/ros2_ws/install/my_robot_interfaces/include/my_robot_interfaces/msg/detail/hardware_status__builder.hpp
[0.962s] -- Up-to-date symlink: /home/azraa/ros2_ws/install/my_robot_interfaces/include/my_robot_interfaces/msg/detail/hardware_status__struct.hpp
[0.963s] -- Up-to-date symlink: /home/azraa/ros2_ws/install/my_robot_interfaces/include/my_robot_interfaces/msg/detail/hardware_status__traits.hpp
[0.963s] -- Up-to-date symlink: /home/azraa/ros2_ws/install/my_robot_interfaces/include/my_robot_interfaces/msg/detail/led_states__builder.hpp
[0.963s] -- Up-to-date symlink: /home/azraa/ros2_ws/install/my_robot_interfaces/include/my_robot_interfaces/msg/detail/led_states__struct.hpp
[0.965s] -- Up-to-date symlink: /home/azraa/ros2_ws/install/my_robot_interfaces/include/my_robot_interfaces/msg/detail/led_states__traits.hpp
[0.965s] -- Up-to-date symlink: /home/azraa/ros2_ws/install/my_robot_interfaces/include/my_robot_interfaces/msg/hardware_status.hpp
[0.965s] -- Up-to-date symlink: /home/azraa/ros2_ws/install/my_robot_interfaces/include/my_robot_interfaces/msg/led_states.hpp
[0.965s] -- Up-to-date symlink: /home/azraa/ros2_ws/install/my_robot_interfaces/include/my_robot_interfaces/srv/compute_rectangle_area.hpp
[0.966s] -- Up-to-date symlink: /home/azraa/ros2_ws/install/my_robot_interfaces/include/my_robot_interfaces/srv/detail/compute_rectangle_area__builder.hpp
[0.966s] -- Up-to-date symlink: /home/azraa/ros2_ws/install/my_robot_interfaces/include/my_robot_interfaces/srv/detail/compute_rectangle_area__struct.hpp
[0.966s] -- Up-to-date symlink: /home/azraa/ros2_ws/install/my_robot_interfaces/include/my_robot_interfaces/srv/detail/compute_rectangle_area__traits.hpp
[0.966s] -- Up-to-date symlink: /home/azraa/ros2_ws/install/my_robot_interfaces/include/my_robot_interfaces/srv/detail/set_led__builder.hpp
[0.967s] -- Up-to-date symlink: /home/azraa/ros2_ws/install/my_robot_interfaces/include/my_robot_interfaces/srv/detail/set_led__struct.hpp
[0.967s] -- Up-to-date symlink: /home/azraa/ros2_ws/install/my_robot_interfaces/include/my_robot_interfaces/srv/detail/set_led__traits.hpp
[0.967s] -- Up-to-date symlink: /home/azraa/ros2_ws/install/my_robot_interfaces/include/my_robot_interfaces/srv/set_led.hpp
[0.967s] -- Up-to-date symlink: /home/azraa/ros2_ws/install/my_robot_interfaces/include/my_robot_interfaces/msg/detail/hardware_status__rosidl_typesupport_introspection_cpp.hpp
[0.967s] -- Up-to-date symlink: /home/azraa/ros2_ws/install/my_robot_interfaces/include/my_robot_interfaces/msg/detail/led_states__rosidl_typesupport_introspection_cpp.hpp
[0.967s] -- Up-to-date symlink: /home/azraa/ros2_ws/install/my_robot_interfaces/include/my_robot_interfaces/srv/detail/compute_rectangle_area__rosidl_typesupport_introspection_cpp.hpp
[0.967s] -- Up-to-date symlink: /home/azraa/ros2_ws/install/my_robot_interfaces/include/my_robot_interfaces/srv/detail/set_led__rosidl_typesupport_introspection_cpp.hpp
[0.967s] -- Up-to-date symlink: /home/azraa/ros2_ws/install/my_robot_interfaces/share/my_robot_interfaces/environment/pythonpath.sh
[0.967s] -- Up-to-date symlink: /home/azraa/ros2_ws/install/my_robot_interfaces/share/my_robot_interfaces/environment/pythonpath.dsv
[0.967s] -- Up-to-date symlink: /home/azraa/ros2_ws/install/my_robot_interfaces/lib/python3.8/site-packages/my_robot_interfaces/__init__.py
[0.969s] -- Up-to-date symlink: /home/azraa/ros2_ws/install/my_robot_interfaces/lib/python3.8/site-packages/my_robot_interfaces/msg/__init__.py
[0.969s] -- Up-to-date symlink: /home/azraa/ros2_ws/install/my_robot_interfaces/lib/python3.8/site-packages/my_robot_interfaces/msg/_hardware_status.py
[0.969s] -- Up-to-date symlink: /home/azraa/ros2_ws/install/my_robot_interfaces/lib/python3.8/site-packages/my_robot_interfaces/msg/_led_states.py
[0.969s] -- Up-to-date symlink: /home/azraa/ros2_ws/install/my_robot_interfaces/lib/python3.8/site-packages/my_robot_interfaces/srv/__init__.py
[0.970s] -- Up-to-date symlink: /home/azraa/ros2_ws/install/my_robot_interfaces/lib/python3.8/site-packages/my_robot_interfaces/srv/_compute_rectangle_area.py
[0.970s] -- Up-to-date symlink: /home/azraa/ros2_ws/install/my_robot_interfaces/lib/python3.8/site-packages/my_robot_interfaces/srv/_set_led.py
[0.970s] -- Up-to-date symlink: /home/azraa/ros2_ws/install/my_robot_interfaces/lib/python3.8/site-packages/my_robot_interfaces/my_robot_interfaces_s__rosidl_typesupport_fastrtps_c.cpython-38-x86_64-linux-gnu.so
[0.971s] -- Up-to-date symlink: /home/azraa/ros2_ws/install/my_robot_interfaces/lib/python3.8/site-packages/my_robot_interfaces/my_robot_interfaces_s__rosidl_typesupport_introspection_c.cpython-38-x86_64-linux-gnu.so
[0.971s] -- Up-to-date symlink: /home/azraa/ros2_ws/install/my_robot_interfaces/lib/python3.8/site-packages/my_robot_interfaces/my_robot_interfaces_s__rosidl_typesupport_c.cpython-38-x86_64-linux-gnu.so
[0.971s] -- Up-to-date symlink: /home/azraa/ros2_ws/install/my_robot_interfaces/lib/libmy_robot_interfaces__python.so
[0.972s] -- Up-to-date symlink: /home/azraa/ros2_ws/install/my_robot_interfaces/share/my_robot_interfaces/msg/HardwareStatus.idl
[0.973s] -- Up-to-date symlink: /home/azraa/ros2_ws/install/my_robot_interfaces/share/my_robot_interfaces/msg/LedStates.idl
[0.975s] -- Up-to-date symlink: /home/azraa/ros2_ws/install/my_robot_interfaces/share/my_robot_interfaces/srv/ComputeRectangleArea.idl
[0.975s] -- Up-to-date symlink: /home/azraa/ros2_ws/install/my_robot_interfaces/share/my_robot_interfaces/srv/SetLed.idl
[0.976s] -- Up-to-date symlink: /home/azraa/ros2_ws/install/my_robot_interfaces/share/my_robot_interfaces/msg/HardwareStatus.msg
[0.977s] -- Up-to-date symlink: /home/azraa/ros2_ws/install/my_robot_interfaces/share/my_robot_interfaces/msg/LedStates.msg
[0.977s] -- Up-to-date symlink: /home/azraa/ros2_ws/install/my_robot_interfaces/share/my_robot_interfaces/srv/ComputeRectangleArea.srv
[0.978s] -- Up-to-date symlink: /home/azraa/ros2_ws/install/my_robot_interfaces/share/my_robot_interfaces/srv/ComputeRectangleArea_Request.msg
[0.979s] -- Up-to-date symlink: /home/azraa/ros2_ws/install/my_robot_interfaces/share/my_robot_interfaces/srv/ComputeRectangleArea_Response.msg
[0.979s] -- Up-to-date symlink: /home/azraa/ros2_ws/install/my_robot_interfaces/share/my_robot_interfaces/srv/SetLed.srv
[0.980s] -- Up-to-date symlink: /home/azraa/ros2_ws/install/my_robot_interfaces/share/my_robot_interfaces/srv/SetLed_Request.msg
[0.984s] -- Up-to-date symlink: /home/azraa/ros2_ws/install/my_robot_interfaces/share/my_robot_interfaces/srv/SetLed_Response.msg
[0.984s] -- Up-to-date symlink: /home/azraa/ros2_ws/install/my_robot_interfaces/share/ament_index/resource_index/package_run_dependencies/my_robot_interfaces
[0.984s] -- Up-to-date symlink: /home/azraa/ros2_ws/install/my_robot_interfaces/share/ament_index/resource_index/parent_prefix_path/my_robot_interfaces
[0.984s] -- Up-to-date symlink: /home/azraa/ros2_ws/install/my_robot_interfaces/share/my_robot_interfaces/environment/ament_prefix_path.sh
[0.984s] -- Up-to-date symlink: /home/azraa/ros2_ws/install/my_robot_interfaces/share/my_robot_interfaces/environment/ament_prefix_path.dsv
[0.984s] -- Up-to-date symlink: /home/azraa/ros2_ws/install/my_robot_interfaces/share/my_robot_interfaces/environment/path.sh
[0.985s] -- Up-to-date symlink: /home/azraa/ros2_ws/install/my_robot_interfaces/share/my_robot_interfaces/environment/path.dsv
[0.985s] -- Up-to-date symlink: /home/azraa/ros2_ws/install/my_robot_interfaces/share/my_robot_interfaces/local_setup.bash
[0.986s] -- Up-to-date symlink: /home/azraa/ros2_ws/install/my_robot_interfaces/share/my_robot_interfaces/local_setup.sh
[0.988s] -- Up-to-date symlink: /home/azraa/ros2_ws/install/my_robot_interfaces/share/my_robot_interfaces/local_setup.zsh
[0.988s] -- Up-to-date symlink: /home/azraa/ros2_ws/install/my_robot_interfaces/share/my_robot_interfaces/local_setup.dsv
[0.992s] -- Symlinking: /home/azraa/ros2_ws/install/my_robot_interfaces/share/my_robot_interfaces/package.dsv
[1.000s] -- Up-to-date symlink: /home/azraa/ros2_ws/install/my_robot_interfaces/share/ament_index/resource_index/packages/my_robot_interfaces
[1.002s] -- Up-to-date symlink: /home/azraa/ros2_ws/install/my_robot_interfaces/share/my_robot_interfaces/cmake/rosidl_cmake-extras.cmake
[1.003s] -- Up-to-date symlink: /home/azraa/ros2_ws/install/my_robot_interfaces/share/my_robot_interfaces/cmake/ament_cmake_export_dependencies-extras.cmake
[1.004s] -- Up-to-date symlink: /home/azraa/ros2_ws/install/my_robot_interfaces/share/my_robot_interfaces/cmake/ament_cmake_export_libraries-extras.cmake
[1.005s] -- Up-to-date symlink: /home/azraa/ros2_ws/install/my_robot_interfaces/share/my_robot_interfaces/cmake/ament_cmake_export_targets-extras.cmake
[1.007s] -- Up-to-date symlink: /home/azraa/ros2_ws/install/my_robot_interfaces/share/my_robot_interfaces/cmake/ament_cmake_export_include_directories-extras.cmake
[1.007s] -- Up-to-date symlink: /home/azraa/ros2_ws/install/my_robot_interfaces/share/my_robot_interfaces/cmake/rosidl_cmake_export_typesupport_libraries-extras.cmake
[1.008s] -- Up-to-date symlink: /home/azraa/ros2_ws/install/my_robot_interfaces/share/my_robot_interfaces/cmake/rosidl_cmake_export_typesupport_targets-extras.cmake
[1.009s] -- Up-to-date symlink: /home/azraa/ros2_ws/install/my_robot_interfaces/share/my_robot_interfaces/cmake/my_robot_interfacesConfig.cmake
[1.009s] -- Up-to-date symlink: /home/azraa/ros2_ws/install/my_robot_interfaces/share/my_robot_interfaces/cmake/my_robot_interfacesConfig-version.cmake
[1.009s] -- Up-to-date symlink: /home/azraa/ros2_ws/install/my_robot_interfaces/share/my_robot_interfaces/package.xml
[1.010s] -- Up-to-date: /home/azraa/ros2_ws/install/my_robot_interfaces/lib/libmy_robot_interfaces__rosidl_generator_c.so
[1.013s] -- Up-to-date: /home/azraa/ros2_ws/install/my_robot_interfaces/lib/libmy_robot_interfaces__rosidl_typesupport_introspection_c.so
[1.013s] -- Up-to-date: /home/azraa/ros2_ws/install/my_robot_interfaces/lib/libmy_robot_interfaces__rosidl_typesupport_c.so
[1.014s] -- Up-to-date: /home/azraa/ros2_ws/install/my_robot_interfaces/lib/libmy_robot_interfaces__rosidl_typesupport_introspection_cpp.so
[1.020s] -- Up-to-date: /home/azraa/ros2_ws/install/my_robot_interfaces/lib/libmy_robot_interfaces__rosidl_typesupport_cpp.so
[1.074s] -- Up-to-date: /home/azraa/ros2_ws/install/my_robot_interfaces/share/my_robot_interfaces/cmake/my_robot_interfaces__rosidl_generator_cExport.cmake
[1.074s] -- Up-to-date: /home/azraa/ros2_ws/install/my_robot_interfaces/share/my_robot_interfaces/cmake/my_robot_interfaces__rosidl_generator_cExport-noconfig.cmake
[1.074s] -- Up-to-date: /home/azraa/ros2_ws/install/my_robot_interfaces/share/my_robot_interfaces/cmake/my_robot_interfaces__rosidl_typesupport_introspection_cExport.cmake
[1.075s] -- Up-to-date: /home/azraa/ros2_ws/install/my_robot_interfaces/share/my_robot_interfaces/cmake/my_robot_interfaces__rosidl_typesupport_introspection_cExport-noconfig.cmake
[1.075s] -- Up-to-date: /home/azraa/ros2_ws/install/my_robot_interfaces/share/my_robot_interfaces/cmake/my_robot_interfaces__rosidl_typesupport_cExport.cmake
[1.075s] -- Up-to-date: /home/azraa/ros2_ws/install/my_robot_interfaces/share/my_robot_interfaces/cmake/my_robot_interfaces__rosidl_typesupport_cExport-noconfig.cmake
[1.076s] -- Up-to-date: /home/azraa/ros2_ws/install/my_robot_interfaces/share/my_robot_interfaces/cmake/my_robot_interfaces__rosidl_generator_cppExport.cmake
[1.077s] -- Up-to-date: /home/azraa/ros2_ws/install/my_robot_interfaces/share/my_robot_interfaces/cmake/my_robot_interfaces__rosidl_typesupport_introspection_cppExport.cmake
[1.077s] -- Up-to-date: /home/azraa/ros2_ws/install/my_robot_interfaces/share/my_robot_interfaces/cmake/my_robot_interfaces__rosidl_typesupport_introspection_cppExport-noconfig.cmake
[1.078s] -- Up-to-date: /home/azraa/ros2_ws/install/my_robot_interfaces/share/my_robot_interfaces/cmake/my_robot_interfaces__rosidl_typesupport_cppExport.cmake
[1.079s] -- Up-to-date: /home/azraa/ros2_ws/install/my_robot_interfaces/share/my_robot_interfaces/cmake/my_robot_interfaces__rosidl_typesupport_cppExport-noconfig.cmake
[1.127s] Invoked command in '/home/azraa/ros2_ws/build/my_robot_interfaces' returned '0': CMAKE_PREFIX_PATH=${CMAKE_PREFIX_PATH}:/home/azraa/ros2_ws/install/m2s2_test_python:/opt/ros/foxy /usr/bin/cmake --install /home/azraa/ros2_ws/build/my_robot_interfaces
