[0.529s] Invoking command in '/home/azraa/ros2_ws/build/my_robot_bringup': CMAKE_PREFIX_PATH=/home/azraa/ros2_ws/install/my_cpp_pkg:/home/azraa/ros2_ws/install/my_robot_interfaces:/home/azraa/ros2_ws/install/audio_common:/home/azraa/ros2_ws/install/sound_play:/home/azraa/ros2_ws/install/my_robot_bringup:/home/azraa/ros2_ws/install/bme280:/home/azraa/ros2_ws/install/m2s2_custom_interfaces:/home/azraa/ros2_ws/install/m2s2_bringup:/home/azraa/ros2_ws/install/audio_play:/home/azraa/ros2_ws/install/audio_capture:/home/azraa/ros2_ws/install/audio_common_msgs:/opt/ros/foxy LD_LIBRARY_PATH=/home/azraa/ros2_ws/install/my_robot_interfaces/lib:/home/azraa/ros2_ws/install/sound_play/lib:/home/azraa/ros2_ws/install/m2s2_custom_interfaces/lib:/home/azraa/ros2_ws/install/audio_common_msgs/lib:/opt/ros/foxy/opt/yaml_cpp_vendor/lib:/opt/ros/foxy/opt/rviz_ogre_vendor/lib:/opt/ros/foxy/lib/x86_64-linux-gnu:/opt/ros/foxy/lib PYTHONPATH=/home/azraa/ros2_ws/install/my_robot_interfaces/lib/python3.8/site-packages:/home/azraa/ros2_ws/install/my_py_pkg/lib/python3.8/site-packages:/home/azraa/ros2_ws/install/sound_play/lib/python3.8/site-packages:/home/azraa/ros2_ws/install/m2s2_custom_interfaces/lib/python3.8/site-packages:/home/azraa/ros2_ws/install/audio_common_msgs/lib/python3.8/site-packages:/opt/ros/foxy/lib/python3.8/site-packages /usr/bin/cmake --build /home/azraa/ros2_ws/build/my_robot_bringup -- -j4 -l4
[1.168s] Invoked command in '/home/azraa/ros2_ws/build/my_robot_bringup' returned '0': CMAKE_PREFIX_PATH=/home/azraa/ros2_ws/install/my_cpp_pkg:/home/azraa/ros2_ws/install/my_robot_interfaces:/home/azraa/ros2_ws/install/audio_common:/home/azraa/ros2_ws/install/sound_play:/home/azraa/ros2_ws/install/my_robot_bringup:/home/azraa/ros2_ws/install/bme280:/home/azraa/ros2_ws/install/m2s2_custom_interfaces:/home/azraa/ros2_ws/install/m2s2_bringup:/home/azraa/ros2_ws/install/audio_play:/home/azraa/ros2_ws/install/audio_capture:/home/azraa/ros2_ws/install/audio_common_msgs:/opt/ros/foxy LD_LIBRARY_PATH=/home/azraa/ros2_ws/install/my_robot_interfaces/lib:/home/azraa/ros2_ws/install/sound_play/lib:/home/azraa/ros2_ws/install/m2s2_custom_interfaces/lib:/home/azraa/ros2_ws/install/audio_common_msgs/lib:/opt/ros/foxy/opt/yaml_cpp_vendor/lib:/opt/ros/foxy/opt/rviz_ogre_vendor/lib:/opt/ros/foxy/lib/x86_64-linux-gnu:/opt/ros/foxy/lib PYTHONPATH=/home/azraa/ros2_ws/install/my_robot_interfaces/lib/python3.8/site-packages:/home/azraa/ros2_ws/install/my_py_pkg/lib/python3.8/site-packages:/home/azraa/ros2_ws/install/sound_play/lib/python3.8/site-packages:/home/azraa/ros2_ws/install/m2s2_custom_interfaces/lib/python3.8/site-packages:/home/azraa/ros2_ws/install/audio_common_msgs/lib/python3.8/site-packages:/opt/ros/foxy/lib/python3.8/site-packages /usr/bin/cmake --build /home/azraa/ros2_ws/build/my_robot_bringup -- -j4 -l4
[1.790s] Invoking command in '/home/azraa/ros2_ws/build/my_robot_bringup': CMAKE_PREFIX_PATH=/home/azraa/ros2_ws/install/my_cpp_pkg:/home/azraa/ros2_ws/install/my_robot_interfaces:/home/azraa/ros2_ws/install/audio_common:/home/azraa/ros2_ws/install/sound_play:/home/azraa/ros2_ws/install/my_robot_bringup:/home/azraa/ros2_ws/install/bme280:/home/azraa/ros2_ws/install/m2s2_custom_interfaces:/home/azraa/ros2_ws/install/m2s2_bringup:/home/azraa/ros2_ws/install/audio_play:/home/azraa/ros2_ws/install/audio_capture:/home/azraa/ros2_ws/install/audio_common_msgs:/opt/ros/foxy LD_LIBRARY_PATH=/home/azraa/ros2_ws/install/my_robot_interfaces/lib:/home/azraa/ros2_ws/install/sound_play/lib:/home/azraa/ros2_ws/install/m2s2_custom_interfaces/lib:/home/azraa/ros2_ws/install/audio_common_msgs/lib:/opt/ros/foxy/opt/yaml_cpp_vendor/lib:/opt/ros/foxy/opt/rviz_ogre_vendor/lib:/opt/ros/foxy/lib/x86_64-linux-gnu:/opt/ros/foxy/lib PYTHONPATH=/home/azraa/ros2_ws/install/my_robot_interfaces/lib/python3.8/site-packages:/home/azraa/ros2_ws/install/my_py_pkg/lib/python3.8/site-packages:/home/azraa/ros2_ws/install/sound_play/lib/python3.8/site-packages:/home/azraa/ros2_ws/install/m2s2_custom_interfaces/lib/python3.8/site-packages:/home/azraa/ros2_ws/install/audio_common_msgs/lib/python3.8/site-packages:/opt/ros/foxy/lib/python3.8/site-packages /usr/bin/cmake --install /home/azraa/ros2_ws/build/my_robot_bringup
[2.042s] -- Install configuration: ""
[2.099s] CMake Warning (dev) at ament_cmake_symlink_install/ament_cmake_symlink_install.cmake:62 (file):
[2.100s]   Policy CMP0009 is not set: FILE GLOB_RECURSE calls should not follow
[2.100s]   symlinks by default.  Run "cmake --help-policy CMP0009" for policy details.
[2.100s]   Use the cmake_policy command to set the policy and suppress this warning.
[2.100s] Call Stack (most recent call first):
[2.100s]   ament_cmake_symlink_install/ament_cmake_symlink_install.cmake:314 (ament_cmake_symlink_install_directory)
[2.101s]   cmake_install.cmake:41 (include)
[2.101s] This warning is for project developers.  Use -Wno-dev to suppress it.
[2.101s] 
[2.113s] -- Execute custom install script
[2.125s] -- Up-to-date symlink: /home/azraa/ros2_ws/install/my_robot_bringup/share/my_robot_bringup/launch/build/.built_by
[2.128s] -- Up-to-date symlink: /home/azraa/ros2_ws/install/my_robot_bringup/share/my_robot_bringup/launch/build/COLCON_IGNORE
[2.163s] -- Up-to-date symlink: /home/azraa/ros2_ws/install/my_robot_bringup/share/my_robot_bringup/launch/install/.colcon_install_layout
[2.164s] -- Up-to-date symlink: /home/azraa/ros2_ws/install/my_robot_bringup/share/my_robot_bringup/launch/install/COLCON_IGNORE
[2.164s] -- Up-to-date symlink: /home/azraa/ros2_ws/install/my_robot_bringup/share/my_robot_bringup/launch/install/_local_setup_util_ps1.py
[2.164s] -- Up-to-date symlink: /home/azraa/ros2_ws/install/my_robot_bringup/share/my_robot_bringup/launch/install/_local_setup_util_sh.py
[2.165s] -- Up-to-date symlink: /home/azraa/ros2_ws/install/my_robot_bringup/share/my_robot_bringup/launch/install/local_setup.bash
[2.199s] -- Up-to-date symlink: /home/azraa/ros2_ws/install/my_robot_bringup/share/my_robot_bringup/launch/install/local_setup.ps1
[2.204s] -- Up-to-date symlink: /home/azraa/ros2_ws/install/my_robot_bringup/share/my_robot_bringup/launch/install/local_setup.sh
[2.207s] -- Up-to-date symlink: /home/azraa/ros2_ws/install/my_robot_bringup/share/my_robot_bringup/launch/install/local_setup.zsh
[2.212s] -- Up-to-date symlink: /home/azraa/ros2_ws/install/my_robot_bringup/share/my_robot_bringup/launch/install/setup.bash
[2.213s] -- Up-to-date symlink: /home/azraa/ros2_ws/install/my_robot_bringup/share/my_robot_bringup/launch/install/setup.ps1
[2.213s] -- Up-to-date symlink: /home/azraa/ros2_ws/install/my_robot_bringup/share/my_robot_bringup/launch/install/setup.sh
[2.214s] -- Up-to-date symlink: /home/azraa/ros2_ws/install/my_robot_bringup/share/my_robot_bringup/launch/install/setup.zsh
[2.214s] -- Up-to-date symlink: /home/azraa/ros2_ws/install/my_robot_bringup/share/my_robot_bringup/launch/log/COLCON_IGNORE
[2.241s] -- Up-to-date symlink: /home/azraa/ros2_ws/install/my_robot_bringup/share/my_robot_bringup/launch/log/build_2022-07-08_10-54-06/events.log
[2.242s] -- Up-to-date symlink: /home/azraa/ros2_ws/install/my_robot_bringup/share/my_robot_bringup/launch/log/build_2022-07-08_10-54-06/logger_all.log
[2.242s] -- Up-to-date symlink: /home/azraa/ros2_ws/install/my_robot_bringup/share/my_robot_bringup/launch/log/latest/events.log
[2.244s] -- Up-to-date symlink: /home/azraa/ros2_ws/install/my_robot_bringup/share/my_robot_bringup/launch/log/latest/logger_all.log
[2.245s] -- Up-to-date symlink: /home/azraa/ros2_ws/install/my_robot_bringup/share/my_robot_bringup/launch/log/latest_build/events.log
[2.245s] -- Up-to-date symlink: /home/azraa/ros2_ws/install/my_robot_bringup/share/my_robot_bringup/launch/log/latest_build/logger_all.log
[2.259s] -- Up-to-date symlink: /home/azraa/ros2_ws/install/my_robot_bringup/share/my_robot_bringup/launch/number_app.launch.py
[2.260s] -- Up-to-date symlink: /home/azraa/ros2_ws/install/my_robot_bringup/share/my_robot_bringup/launch/robot_news_station.launch.py
[2.260s] -- Up-to-date symlink: /home/azraa/ros2_ws/install/my_robot_bringup/share/my_robot_bringup/launch/webcam.launch.xml
[2.274s] -- Up-to-date symlink: /home/azraa/ros2_ws/install/my_robot_bringup/share/ament_index/resource_index/package_run_dependencies/my_robot_bringup
[2.274s] -- Up-to-date symlink: /home/azraa/ros2_ws/install/my_robot_bringup/share/ament_index/resource_index/parent_prefix_path/my_robot_bringup
[2.294s] -- Up-to-date symlink: /home/azraa/ros2_ws/install/my_robot_bringup/share/my_robot_bringup/environment/ament_prefix_path.sh
[2.297s] -- Up-to-date symlink: /home/azraa/ros2_ws/install/my_robot_bringup/share/my_robot_bringup/environment/ament_prefix_path.dsv
[2.306s] -- Up-to-date symlink: /home/azraa/ros2_ws/install/my_robot_bringup/share/my_robot_bringup/environment/path.sh
[2.309s] -- Up-to-date symlink: /home/azraa/ros2_ws/install/my_robot_bringup/share/my_robot_bringup/environment/path.dsv
[2.313s] -- Up-to-date symlink: /home/azraa/ros2_ws/install/my_robot_bringup/share/my_robot_bringup/local_setup.bash
[2.318s] -- Up-to-date symlink: /home/azraa/ros2_ws/install/my_robot_bringup/share/my_robot_bringup/local_setup.sh
[2.322s] -- Up-to-date symlink: /home/azraa/ros2_ws/install/my_robot_bringup/share/my_robot_bringup/local_setup.zsh
[2.346s] -- Up-to-date symlink: /home/azraa/ros2_ws/install/my_robot_bringup/share/my_robot_bringup/local_setup.dsv
[2.364s] -- Symlinking: /home/azraa/ros2_ws/install/my_robot_bringup/share/my_robot_bringup/package.dsv
[2.568s] -- Up-to-date symlink: /home/azraa/ros2_ws/install/my_robot_bringup/share/ament_index/resource_index/packages/my_robot_bringup
[2.574s] -- Up-to-date symlink: /home/azraa/ros2_ws/install/my_robot_bringup/share/my_robot_bringup/cmake/my_robot_bringupConfig.cmake
[2.585s] -- Up-to-date symlink: /home/azraa/ros2_ws/install/my_robot_bringup/share/my_robot_bringup/cmake/my_robot_bringupConfig-version.cmake
[2.608s] -- Up-to-date symlink: /home/azraa/ros2_ws/install/my_robot_bringup/share/my_robot_bringup/package.xml
[2.695s] Invoked command in '/home/azraa/ros2_ws/build/my_robot_bringup' returned '0': CMAKE_PREFIX_PATH=/home/azraa/ros2_ws/install/my_cpp_pkg:/home/azraa/ros2_ws/install/my_robot_interfaces:/home/azraa/ros2_ws/install/audio_common:/home/azraa/ros2_ws/install/sound_play:/home/azraa/ros2_ws/install/my_robot_bringup:/home/azraa/ros2_ws/install/bme280:/home/azraa/ros2_ws/install/m2s2_custom_interfaces:/home/azraa/ros2_ws/install/m2s2_bringup:/home/azraa/ros2_ws/install/audio_play:/home/azraa/ros2_ws/install/audio_capture:/home/azraa/ros2_ws/install/audio_common_msgs:/opt/ros/foxy LD_LIBRARY_PATH=/home/azraa/ros2_ws/install/my_robot_interfaces/lib:/home/azraa/ros2_ws/install/sound_play/lib:/home/azraa/ros2_ws/install/m2s2_custom_interfaces/lib:/home/azraa/ros2_ws/install/audio_common_msgs/lib:/opt/ros/foxy/opt/yaml_cpp_vendor/lib:/opt/ros/foxy/opt/rviz_ogre_vendor/lib:/opt/ros/foxy/lib/x86_64-linux-gnu:/opt/ros/foxy/lib PYTHONPATH=/home/azraa/ros2_ws/install/my_robot_interfaces/lib/python3.8/site-packages:/home/azraa/ros2_ws/install/my_py_pkg/lib/python3.8/site-packages:/home/azraa/ros2_ws/install/sound_play/lib/python3.8/site-packages:/home/azraa/ros2_ws/install/m2s2_custom_interfaces/lib/python3.8/site-packages:/home/azraa/ros2_ws/install/audio_common_msgs/lib/python3.8/site-packages:/opt/ros/foxy/lib/python3.8/site-packages /usr/bin/cmake --install /home/azraa/ros2_ws/build/my_robot_bringup
