[0.038s] Invoking command in '/home/azraa/ros2_ws/src/build/my_cpp_pkg': AMENT_PREFIX_PATH=/home/azraa/ros2_ws/src/install/my_robot_interfaces:${AMENT_PREFIX_PATH} CMAKE_PREFIX_PATH=/home/azraa/ros2_ws/src/install/my_robot_interfaces:/home/azraa/ros2_ws/install/my_robot_bringup:/home/azraa/ros2_ws/install/my_cpp_pkg:/home/azraa/ros2_ws/install/my_robot_interfaces:/home/azraa/ros2_ws/install/my_py_pkg:/opt/ros/foxy LD_LIBRARY_PATH=/home/azraa/ros2_ws/src/install/my_robot_interfaces/lib:${LD_LIBRARY_PATH} PYTHONPATH=/home/azraa/ros2_ws/src/install/my_robot_interfaces/lib/python3.8/site-packages:${PYTHONPATH} /usr/bin/cmake --build /home/azraa/ros2_ws/src/build/my_cpp_pkg -- -j4 -l4
[0.091s] [35m[1mScanning dependencies of target add_two_ints_server[0m
[0.091s] [35m[1mScanning dependencies of target cpp_node[0m
[0.092s] [35m[1mScanning dependencies of target smartphone[0m
[0.133s] [35m[1mScanning dependencies of target add_two_ints_client_no_oop[0m
[0.180s] [  7%] [32mBuilding CXX object CMakeFiles/add_two_ints_server.dir/src/add_two_ints_server.cpp.o[0m
[0.183s] [ 14%] [32mBuilding CXX object CMakeFiles/smartphone.dir/src/smartphone.cpp.o[0m
[0.187s] [ 21%] [32mBuilding CXX object CMakeFiles/cpp_node.dir/src/my_first_node.cpp.o[0m
[0.204s] [ 28%] [32mBuilding CXX object CMakeFiles/add_two_ints_client_no_oop.dir/src/add_two_ints_client_no_oop.cpp.o[0m
[4.042s] [ 35%] [32m[1mLinking CXX executable cpp_node[0m
[4.280s] [ 35%] Built target cpp_node
[4.331s] [35m[1mScanning dependencies of target add_two_ints_client[0m
[4.361s] [ 42%] [32m[1mLinking CXX executable add_two_ints_server[0m
[4.391s] [ 50%] [32mBuilding CXX object CMakeFiles/add_two_ints_client.dir/src/add_two_ints_client.cpp.o[0m
[4.703s] [ 50%] Built target add_two_ints_server
[4.765s] [35m[1mScanning dependencies of target robot_news_station[0m
[4.857s] [ 57%] [32mBuilding CXX object CMakeFiles/robot_news_station.dir/src/robot_news_station.cpp.o[0m
[4.954s] [ 64%] [32m[1mLinking CXX executable add_two_ints_client_no_oop[0m
[5.218s] [ 64%] Built target add_two_ints_client_no_oop
[5.233s] [35m[1mScanning dependencies of target hw_status_publisher[0m
[5.386s] [ 71%] [32mBuilding CXX object CMakeFiles/hw_status_publisher.dir/src/hw_status_publisher.cpp.o[0m
[10.916s] [ 78%] [32m[1mLinking CXX executable smartphone[0m
[12.053s] [ 85%] [32m[1mLinking CXX executable add_two_ints_client[0m
[12.315s] [ 85%] Built target smartphone
[12.492s] [ 85%] Built target add_two_ints_client
[14.456s] [ 92%] [32m[1mLinking CXX executable robot_news_station[0m
[14.877s] [ 92%] Built target robot_news_station
[15.047s] [100%] [32m[1mLinking CXX executable hw_status_publisher[0m
[15.363s] [100%] Built target hw_status_publisher
[15.382s] Invoked command in '/home/azraa/ros2_ws/src/build/my_cpp_pkg' returned '0': AMENT_PREFIX_PATH=/home/azraa/ros2_ws/src/install/my_robot_interfaces:${AMENT_PREFIX_PATH} CMAKE_PREFIX_PATH=/home/azraa/ros2_ws/src/install/my_robot_interfaces:/home/azraa/ros2_ws/install/my_robot_bringup:/home/azraa/ros2_ws/install/my_cpp_pkg:/home/azraa/ros2_ws/install/my_robot_interfaces:/home/azraa/ros2_ws/install/my_py_pkg:/opt/ros/foxy LD_LIBRARY_PATH=/home/azraa/ros2_ws/src/install/my_robot_interfaces/lib:${LD_LIBRARY_PATH} PYTHONPATH=/home/azraa/ros2_ws/src/install/my_robot_interfaces/lib/python3.8/site-packages:${PYTHONPATH} /usr/bin/cmake --build /home/azraa/ros2_ws/src/build/my_cpp_pkg -- -j4 -l4
[15.464s] Invoking command in '/home/azraa/ros2_ws/src/build/my_cpp_pkg': AMENT_PREFIX_PATH=/home/azraa/ros2_ws/src/install/my_robot_interfaces:${AMENT_PREFIX_PATH} CMAKE_PREFIX_PATH=/home/azraa/ros2_ws/src/install/my_robot_interfaces:/home/azraa/ros2_ws/install/my_robot_bringup:/home/azraa/ros2_ws/install/my_cpp_pkg:/home/azraa/ros2_ws/install/my_robot_interfaces:/home/azraa/ros2_ws/install/my_py_pkg:/opt/ros/foxy LD_LIBRARY_PATH=/home/azraa/ros2_ws/src/install/my_robot_interfaces/lib:${LD_LIBRARY_PATH} PYTHONPATH=/home/azraa/ros2_ws/src/install/my_robot_interfaces/lib/python3.8/site-packages:${PYTHONPATH} /usr/bin/cmake --install /home/azraa/ros2_ws/src/build/my_cpp_pkg
[15.477s] -- Install configuration: ""
[15.477s] -- Installing: /home/azraa/ros2_ws/src/install/my_cpp_pkg/lib/my_cpp_pkg/cpp_node
[15.478s] -- Set runtime path of "/home/azraa/ros2_ws/src/install/my_cpp_pkg/lib/my_cpp_pkg/cpp_node" to ""
[15.478s] -- Installing: /home/azraa/ros2_ws/src/install/my_cpp_pkg/lib/my_cpp_pkg/robot_news_station
[15.480s] -- Set runtime path of "/home/azraa/ros2_ws/src/install/my_cpp_pkg/lib/my_cpp_pkg/robot_news_station" to ""
[15.480s] -- Installing: /home/azraa/ros2_ws/src/install/my_cpp_pkg/lib/my_cpp_pkg/smartphone
[15.484s] -- Set runtime path of "/home/azraa/ros2_ws/src/install/my_cpp_pkg/lib/my_cpp_pkg/smartphone" to ""
[15.484s] -- Installing: /home/azraa/ros2_ws/src/install/my_cpp_pkg/lib/my_cpp_pkg/add_two_ints_server
[15.485s] -- Set runtime path of "/home/azraa/ros2_ws/src/install/my_cpp_pkg/lib/my_cpp_pkg/add_two_ints_server" to ""
[15.485s] -- Installing: /home/azraa/ros2_ws/src/install/my_cpp_pkg/lib/my_cpp_pkg/add_two_ints_client_no_oop
[15.486s] -- Set runtime path of "/home/azraa/ros2_ws/src/install/my_cpp_pkg/lib/my_cpp_pkg/add_two_ints_client_no_oop" to ""
[15.487s] -- Installing: /home/azraa/ros2_ws/src/install/my_cpp_pkg/lib/my_cpp_pkg/add_two_ints_client
[15.487s] -- Set runtime path of "/home/azraa/ros2_ws/src/install/my_cpp_pkg/lib/my_cpp_pkg/add_two_ints_client" to ""
[15.488s] -- Installing: /home/azraa/ros2_ws/src/install/my_cpp_pkg/lib/my_cpp_pkg/hw_status_publisher
[15.489s] -- Set runtime path of "/home/azraa/ros2_ws/src/install/my_cpp_pkg/lib/my_cpp_pkg/hw_status_publisher" to ""
[15.490s] -- Installing: /home/azraa/ros2_ws/src/install/my_cpp_pkg/share/ament_index/resource_index/package_run_dependencies/my_cpp_pkg
[15.490s] -- Installing: /home/azraa/ros2_ws/src/install/my_cpp_pkg/share/ament_index/resource_index/parent_prefix_path/my_cpp_pkg
[15.490s] -- Installing: /home/azraa/ros2_ws/src/install/my_cpp_pkg/share/my_cpp_pkg/environment/ament_prefix_path.sh
[15.491s] -- Installing: /home/azraa/ros2_ws/src/install/my_cpp_pkg/share/my_cpp_pkg/environment/ament_prefix_path.dsv
[15.491s] -- Installing: /home/azraa/ros2_ws/src/install/my_cpp_pkg/share/my_cpp_pkg/environment/path.sh
[15.491s] -- Installing: /home/azraa/ros2_ws/src/install/my_cpp_pkg/share/my_cpp_pkg/environment/path.dsv
[15.491s] -- Installing: /home/azraa/ros2_ws/src/install/my_cpp_pkg/share/my_cpp_pkg/local_setup.bash
[15.492s] -- Installing: /home/azraa/ros2_ws/src/install/my_cpp_pkg/share/my_cpp_pkg/local_setup.sh
[15.492s] -- Installing: /home/azraa/ros2_ws/src/install/my_cpp_pkg/share/my_cpp_pkg/local_setup.zsh
[15.492s] -- Installing: /home/azraa/ros2_ws/src/install/my_cpp_pkg/share/my_cpp_pkg/local_setup.dsv
[15.492s] -- Installing: /home/azraa/ros2_ws/src/install/my_cpp_pkg/share/my_cpp_pkg/package.dsv
[15.493s] -- Installing: /home/azraa/ros2_ws/src/install/my_cpp_pkg/share/ament_index/resource_index/packages/my_cpp_pkg
[15.493s] -- Installing: /home/azraa/ros2_ws/src/install/my_cpp_pkg/share/my_cpp_pkg/cmake/my_cpp_pkgConfig.cmake
[15.493s] -- Installing: /home/azraa/ros2_ws/src/install/my_cpp_pkg/share/my_cpp_pkg/cmake/my_cpp_pkgConfig-version.cmake
[15.493s] -- Installing: /home/azraa/ros2_ws/src/install/my_cpp_pkg/share/my_cpp_pkg/package.xml
[15.503s] Invoked command in '/home/azraa/ros2_ws/src/build/my_cpp_pkg' returned '0': AMENT_PREFIX_PATH=/home/azraa/ros2_ws/src/install/my_robot_interfaces:${AMENT_PREFIX_PATH} CMAKE_PREFIX_PATH=/home/azraa/ros2_ws/src/install/my_robot_interfaces:/home/azraa/ros2_ws/install/my_robot_bringup:/home/azraa/ros2_ws/install/my_cpp_pkg:/home/azraa/ros2_ws/install/my_robot_interfaces:/home/azraa/ros2_ws/install/my_py_pkg:/opt/ros/foxy LD_LIBRARY_PATH=/home/azraa/ros2_ws/src/install/my_robot_interfaces/lib:${LD_LIBRARY_PATH} PYTHONPATH=/home/azraa/ros2_ws/src/install/my_robot_interfaces/lib/python3.8/site-packages:${PYTHONPATH} /usr/bin/cmake --install /home/azraa/ros2_ws/src/build/my_cpp_pkg
