[0.203s] DEBUG:colcon:Command line arguments: ['/usr/bin/colcon', 'build']
[0.203s] DEBUG:colcon:Parsed command line arguments: Namespace(allow_overriding=[], ament_cmake_args=None, base_paths=['.'], build_base='build', catkin_cmake_args=None, catkin_skip_building_tests=False, cmake_args=None, cmake_clean_cache=False, cmake_clean_first=False, cmake_force_configure=False, cmake_target=None, cmake_target_skip_unavailable=False, continue_on_error=False, event_handlers=None, executor='parallel', ignore_user_meta=False, install_base='install', log_base=None, log_level=None, main=<bound method BuildVerb.main of <colcon_core.verb.build.BuildVerb object at 0x7f90c435c970>>, merge_install=False, metas=['./colcon.meta'], packages_above=None, packages_above_and_dependencies=None, packages_above_depth=None, packages_end=None, packages_ignore=None, packages_ignore_regex=None, packages_select=None, packages_select_build_failed=False, packages_select_by_dep=None, packages_select_regex=None, packages_select_test_failures=False, packages_skip=None, packages_skip_build_finished=False, packages_skip_by_dep=None, packages_skip_regex=None, packages_skip_test_passed=False, packages_skip_up_to=None, packages_start=None, packages_up_to=None, packages_up_to_regex=None, parallel_workers=4, paths=None, symlink_install=False, test_result_base=None, verb_extension=<colcon_core.verb.build.BuildVerb object at 0x7f90c435c970>, verb_name='build', verb_parser=<colcon_defaults.argument_parser.defaults.DefaultArgumentsDecorator object at 0x7f90c435cee0>)
[0.234s] Level 1:colcon.colcon_core.package_discovery:discover_packages(colcon_meta) check parameters
[0.234s] Level 1:colcon.colcon_core.package_discovery:discover_packages(recursive) check parameters
[0.234s] Level 1:colcon.colcon_core.package_discovery:discover_packages(ignore) check parameters
[0.234s] Level 1:colcon.colcon_core.package_discovery:discover_packages(path) check parameters
[0.234s] Level 1:colcon.colcon_core.package_discovery:discover_packages(colcon_meta) discover
[0.234s] Level 1:colcon.colcon_core.package_discovery:discover_packages(recursive) discover
[0.234s] INFO:colcon.colcon_core.package_discovery:Crawling recursively for packages in '/home/azraa/ros2_ws'
[0.234s] Level 1:colcon.colcon_core.package_identification:_identify(.) by extensions ['ignore', 'ignore_ament_install']
[0.235s] Level 1:colcon.colcon_core.package_identification:_identify(.) by extension 'ignore'
[0.235s] Level 1:colcon.colcon_core.package_identification:_identify(.) by extension 'ignore_ament_install'
[0.235s] Level 1:colcon.colcon_core.package_identification:_identify(.) by extensions ['colcon_pkg']
[0.235s] Level 1:colcon.colcon_core.package_identification:_identify(.) by extension 'colcon_pkg'
[0.235s] Level 1:colcon.colcon_core.package_identification:_identify(.) by extensions ['colcon_meta']
[0.235s] Level 1:colcon.colcon_core.package_identification:_identify(.) by extension 'colcon_meta'
[0.235s] Level 1:colcon.colcon_core.package_identification:_identify(.) by extensions ['ros']
[0.235s] Level 1:colcon.colcon_core.package_identification:_identify(.) by extension 'ros'
[0.249s] Level 1:colcon.colcon_core.package_identification:_identify(.) by extensions ['cmake', 'python']
[0.249s] Level 1:colcon.colcon_core.package_identification:_identify(.) by extension 'cmake'
[0.250s] Level 1:colcon.colcon_core.package_identification:_identify(.) by extension 'python'
[0.250s] Level 1:colcon.colcon_core.package_identification:_identify(.) by extensions ['python_setup_py']
[0.250s] Level 1:colcon.colcon_core.package_identification:_identify(.) by extension 'python_setup_py'
[0.250s] Level 1:colcon.colcon_core.package_identification:_identify(build) by extensions ['ignore', 'ignore_ament_install']
[0.250s] Level 1:colcon.colcon_core.package_identification:_identify(build) by extension 'ignore'
[0.250s] Level 1:colcon.colcon_core.package_identification:_identify(build) ignored
[0.250s] Level 1:colcon.colcon_core.package_identification:_identify(install) by extensions ['ignore', 'ignore_ament_install']
[0.250s] Level 1:colcon.colcon_core.package_identification:_identify(install) by extension 'ignore'
[0.250s] Level 1:colcon.colcon_core.package_identification:_identify(install) ignored
[0.251s] Level 1:colcon.colcon_core.package_identification:_identify(log) by extensions ['ignore', 'ignore_ament_install']
[0.251s] Level 1:colcon.colcon_core.package_identification:_identify(log) by extension 'ignore'
[0.251s] Level 1:colcon.colcon_core.package_identification:_identify(log) ignored
[0.251s] Level 1:colcon.colcon_core.package_identification:_identify(rosbag2video) by extensions ['ignore', 'ignore_ament_install']
[0.251s] Level 1:colcon.colcon_core.package_identification:_identify(rosbag2video) by extension 'ignore'
[0.251s] Level 1:colcon.colcon_core.package_identification:_identify(rosbag2video) by extension 'ignore_ament_install'
[0.251s] Level 1:colcon.colcon_core.package_identification:_identify(rosbag2video) by extensions ['colcon_pkg']
[0.251s] Level 1:colcon.colcon_core.package_identification:_identify(rosbag2video) by extension 'colcon_pkg'
[0.251s] Level 1:colcon.colcon_core.package_identification:_identify(rosbag2video) by extensions ['colcon_meta']
[0.251s] Level 1:colcon.colcon_core.package_identification:_identify(rosbag2video) by extension 'colcon_meta'
[0.251s] Level 1:colcon.colcon_core.package_identification:_identify(rosbag2video) by extensions ['ros']
[0.251s] Level 1:colcon.colcon_core.package_identification:_identify(rosbag2video) by extension 'ros'
[0.251s] Level 1:colcon.colcon_core.package_identification:_identify(rosbag2video) by extensions ['cmake', 'python']
[0.251s] Level 1:colcon.colcon_core.package_identification:_identify(rosbag2video) by extension 'cmake'
[0.252s] Level 1:colcon.colcon_core.package_identification:_identify(rosbag2video) by extension 'python'
[0.252s] Level 1:colcon.colcon_core.package_identification:_identify(rosbag2video) by extensions ['python_setup_py']
[0.252s] Level 1:colcon.colcon_core.package_identification:_identify(rosbag2video) by extension 'python_setup_py'
[0.252s] Level 1:colcon.colcon_core.package_identification:_identify(src) by extensions ['ignore', 'ignore_ament_install']
[0.252s] Level 1:colcon.colcon_core.package_identification:_identify(src) by extension 'ignore'
[0.252s] Level 1:colcon.colcon_core.package_identification:_identify(src) by extension 'ignore_ament_install'
[0.252s] Level 1:colcon.colcon_core.package_identification:_identify(src) by extensions ['colcon_pkg']
[0.252s] Level 1:colcon.colcon_core.package_identification:_identify(src) by extension 'colcon_pkg'
[0.252s] Level 1:colcon.colcon_core.package_identification:_identify(src) by extensions ['colcon_meta']
[0.252s] Level 1:colcon.colcon_core.package_identification:_identify(src) by extension 'colcon_meta'
[0.252s] Level 1:colcon.colcon_core.package_identification:_identify(src) by extensions ['ros']
[0.252s] Level 1:colcon.colcon_core.package_identification:_identify(src) by extension 'ros'
[0.252s] Level 1:colcon.colcon_core.package_identification:_identify(src) by extensions ['cmake', 'python']
[0.252s] Level 1:colcon.colcon_core.package_identification:_identify(src) by extension 'cmake'
[0.252s] Level 1:colcon.colcon_core.package_identification:_identify(src) by extension 'python'
[0.252s] Level 1:colcon.colcon_core.package_identification:_identify(src) by extensions ['python_setup_py']
[0.252s] Level 1:colcon.colcon_core.package_identification:_identify(src) by extension 'python_setup_py'
[0.253s] Level 1:colcon.colcon_core.package_identification:_identify(src/build) by extensions ['ignore', 'ignore_ament_install']
[0.253s] Level 1:colcon.colcon_core.package_identification:_identify(src/build) by extension 'ignore'
[0.253s] Level 1:colcon.colcon_core.package_identification:_identify(src/build) ignored
[0.253s] Level 1:colcon.colcon_core.package_identification:_identify(src/install) by extensions ['ignore', 'ignore_ament_install']
[0.253s] Level 1:colcon.colcon_core.package_identification:_identify(src/install) by extension 'ignore'
[0.253s] Level 1:colcon.colcon_core.package_identification:_identify(src/install) ignored
[0.253s] Level 1:colcon.colcon_core.package_identification:_identify(src/log) by extensions ['ignore', 'ignore_ament_install']
[0.253s] Level 1:colcon.colcon_core.package_identification:_identify(src/log) by extension 'ignore'
[0.253s] Level 1:colcon.colcon_core.package_identification:_identify(src/log) ignored
[0.253s] Level 1:colcon.colcon_core.package_identification:_identify(src/my_cpp_pkg) by extensions ['ignore', 'ignore_ament_install']
[0.253s] Level 1:colcon.colcon_core.package_identification:_identify(src/my_cpp_pkg) by extension 'ignore'
[0.253s] Level 1:colcon.colcon_core.package_identification:_identify(src/my_cpp_pkg) by extension 'ignore_ament_install'
[0.254s] Level 1:colcon.colcon_core.package_identification:_identify(src/my_cpp_pkg) by extensions ['colcon_pkg']
[0.254s] Level 1:colcon.colcon_core.package_identification:_identify(src/my_cpp_pkg) by extension 'colcon_pkg'
[0.254s] Level 1:colcon.colcon_core.package_identification:_identify(src/my_cpp_pkg) by extensions ['colcon_meta']
[0.254s] Level 1:colcon.colcon_core.package_identification:_identify(src/my_cpp_pkg) by extension 'colcon_meta'
[0.254s] Level 1:colcon.colcon_core.package_identification:_identify(src/my_cpp_pkg) by extensions ['ros']
[0.254s] Level 1:colcon.colcon_core.package_identification:_identify(src/my_cpp_pkg) by extension 'ros'
[0.257s] DEBUG:colcon.colcon_core.package_identification:Package 'src/my_cpp_pkg' with type 'ros.ament_cmake' and name 'my_cpp_pkg'
[0.257s] Level 1:colcon.colcon_core.package_identification:_identify(src/my_py_pkg) by extensions ['ignore', 'ignore_ament_install']
[0.257s] Level 1:colcon.colcon_core.package_identification:_identify(src/my_py_pkg) by extension 'ignore'
[0.257s] Level 1:colcon.colcon_core.package_identification:_identify(src/my_py_pkg) by extension 'ignore_ament_install'
[0.257s] Level 1:colcon.colcon_core.package_identification:_identify(src/my_py_pkg) by extensions ['colcon_pkg']
[0.258s] Level 1:colcon.colcon_core.package_identification:_identify(src/my_py_pkg) by extension 'colcon_pkg'
[0.258s] Level 1:colcon.colcon_core.package_identification:_identify(src/my_py_pkg) by extensions ['colcon_meta']
[0.258s] Level 1:colcon.colcon_core.package_identification:_identify(src/my_py_pkg) by extension 'colcon_meta'
[0.258s] Level 1:colcon.colcon_core.package_identification:_identify(src/my_py_pkg) by extensions ['ros']
[0.258s] Level 1:colcon.colcon_core.package_identification:_identify(src/my_py_pkg) by extension 'ros'
[0.258s] DEBUG:colcon.colcon_core.package_identification:Failed to parse potential ROS package manifest in'src/my_py_pkg': Error(s) in package 'src/my_py_pkg/package.xml':
The manifest contains invalid XML:
mismatched tag: line 14, column 20
[0.258s] Level 1:colcon.colcon_core.package_identification:_identify(src/my_py_pkg) by extensions ['cmake', 'python']
[0.258s] Level 1:colcon.colcon_core.package_identification:_identify(src/my_py_pkg) by extension 'cmake'
[0.258s] Level 1:colcon.colcon_core.package_identification:_identify(src/my_py_pkg) by extension 'python'
[0.258s] DEBUG:colcon.colcon_core.package_identification:Python package in 'src/my_py_pkg' passes arguments to the setup() function which requires a different identification extension than 'python'
[0.259s] Level 1:colcon.colcon_core.package_identification:_identify(src/my_py_pkg) by extensions ['python_setup_py']
[0.259s] Level 1:colcon.colcon_core.package_identification:_identify(src/my_py_pkg) by extension 'python_setup_py'
[0.553s] DEBUG:colcon.colcon_core.package_identification:Package 'src/my_py_pkg' with type 'python' and name 'my_py_pkg'
[0.554s] Level 1:colcon.colcon_core.package_identification:_identify(src/my_robot_bringup) by extensions ['ignore', 'ignore_ament_install']
[0.554s] Level 1:colcon.colcon_core.package_identification:_identify(src/my_robot_bringup) by extension 'ignore'
[0.554s] Level 1:colcon.colcon_core.package_identification:_identify(src/my_robot_bringup) by extension 'ignore_ament_install'
[0.554s] Level 1:colcon.colcon_core.package_identification:_identify(src/my_robot_bringup) by extensions ['colcon_pkg']
[0.554s] Level 1:colcon.colcon_core.package_identification:_identify(src/my_robot_bringup) by extension 'colcon_pkg'
[0.554s] Level 1:colcon.colcon_core.package_identification:_identify(src/my_robot_bringup) by extensions ['colcon_meta']
[0.554s] Level 1:colcon.colcon_core.package_identification:_identify(src/my_robot_bringup) by extension 'colcon_meta'
[0.554s] Level 1:colcon.colcon_core.package_identification:_identify(src/my_robot_bringup) by extensions ['ros']
[0.554s] Level 1:colcon.colcon_core.package_identification:_identify(src/my_robot_bringup) by extension 'ros'
[0.555s] DEBUG:colcon.colcon_core.package_identification:Package 'src/my_robot_bringup' with type 'ros.ament_cmake' and name 'my_robot_bringup'
[0.555s] Level 1:colcon.colcon_core.package_identification:_identify(src/my_robot_interfaces) by extensions ['ignore', 'ignore_ament_install']
[0.555s] Level 1:colcon.colcon_core.package_identification:_identify(src/my_robot_interfaces) by extension 'ignore'
[0.555s] Level 1:colcon.colcon_core.package_identification:_identify(src/my_robot_interfaces) by extension 'ignore_ament_install'
[0.556s] Level 1:colcon.colcon_core.package_identification:_identify(src/my_robot_interfaces) by extensions ['colcon_pkg']
[0.556s] Level 1:colcon.colcon_core.package_identification:_identify(src/my_robot_interfaces) by extension 'colcon_pkg'
[0.556s] Level 1:colcon.colcon_core.package_identification:_identify(src/my_robot_interfaces) by extensions ['colcon_meta']
[0.556s] Level 1:colcon.colcon_core.package_identification:_identify(src/my_robot_interfaces) by extension 'colcon_meta'
[0.556s] Level 1:colcon.colcon_core.package_identification:_identify(src/my_robot_interfaces) by extensions ['ros']
[0.556s] Level 1:colcon.colcon_core.package_identification:_identify(src/my_robot_interfaces) by extension 'ros'
[0.556s] DEBUG:colcon.colcon_core.package_identification:Package 'src/my_robot_interfaces' with type 'ros.ament_cmake' and name 'my_robot_interfaces'
[0.557s] Level 1:colcon.colcon_core.package_discovery:discover_packages(recursive) using defaults
[0.557s] Level 1:colcon.colcon_core.package_discovery:discover_packages(ignore) discover
[0.557s] Level 1:colcon.colcon_core.package_discovery:discover_packages(ignore) using defaults
[0.557s] Level 1:colcon.colcon_core.package_discovery:discover_packages(path) discover
[0.557s] Level 1:colcon.colcon_core.package_discovery:discover_packages(path) using defaults
[0.598s] Level 1:colcon.colcon_core.package_discovery:discover_packages(prefix_path) check parameters
[0.598s] Level 1:colcon.colcon_core.package_discovery:discover_packages(prefix_path) discover
[0.602s] DEBUG:colcon.colcon_installed_package_information.package_discovery:Found 5 installed packages in /home/azraa/ros2_ws/install
[0.604s] DEBUG:colcon.colcon_installed_package_information.package_discovery:Found 260 installed packages in /opt/ros/foxy
[0.607s] Level 1:colcon.colcon_core.package_discovery:discover_packages(prefix_path) using defaults
[0.702s] Level 5:colcon.colcon_core.verb:set package 'my_py_pkg' build argument 'cmake_args' from command line to 'None'
[0.702s] Level 5:colcon.colcon_core.verb:set package 'my_py_pkg' build argument 'cmake_target' from command line to 'None'
[0.702s] Level 5:colcon.colcon_core.verb:set package 'my_py_pkg' build argument 'cmake_target_skip_unavailable' from command line to 'False'
[0.702s] Level 5:colcon.colcon_core.verb:set package 'my_py_pkg' build argument 'cmake_clean_cache' from command line to 'False'
[0.702s] Level 5:colcon.colcon_core.verb:set package 'my_py_pkg' build argument 'cmake_clean_first' from command line to 'False'
[0.702s] Level 5:colcon.colcon_core.verb:set package 'my_py_pkg' build argument 'cmake_force_configure' from command line to 'False'
[0.702s] Level 5:colcon.colcon_core.verb:set package 'my_py_pkg' build argument 'ament_cmake_args' from command line to 'None'
[0.702s] Level 5:colcon.colcon_core.verb:set package 'my_py_pkg' build argument 'catkin_cmake_args' from command line to 'None'
[0.702s] Level 5:colcon.colcon_core.verb:set package 'my_py_pkg' build argument 'catkin_skip_building_tests' from command line to 'False'
[0.702s] DEBUG:colcon.colcon_core.verb:Building package 'my_py_pkg' with the following arguments: {'ament_cmake_args': None, 'build_base': '/home/azraa/ros2_ws/build/my_py_pkg', 'catkin_cmake_args': None, 'catkin_skip_building_tests': False, 'cmake_args': None, 'cmake_clean_cache': False, 'cmake_clean_first': False, 'cmake_force_configure': False, 'cmake_target': None, 'cmake_target_skip_unavailable': False, 'install_base': '/home/azraa/ros2_ws/install/my_py_pkg', 'merge_install': False, 'path': '/home/azraa/ros2_ws/src/my_py_pkg', 'symlink_install': False, 'test_result_base': None}
[0.704s] Level 5:colcon.colcon_core.verb:set package 'my_robot_interfaces' build argument 'cmake_args' from command line to 'None'
[0.704s] Level 5:colcon.colcon_core.verb:set package 'my_robot_interfaces' build argument 'cmake_target' from command line to 'None'
[0.704s] Level 5:colcon.colcon_core.verb:set package 'my_robot_interfaces' build argument 'cmake_target_skip_unavailable' from command line to 'False'
[0.704s] Level 5:colcon.colcon_core.verb:set package 'my_robot_interfaces' build argument 'cmake_clean_cache' from command line to 'False'
[0.704s] Level 5:colcon.colcon_core.verb:set package 'my_robot_interfaces' build argument 'cmake_clean_first' from command line to 'False'
[0.704s] Level 5:colcon.colcon_core.verb:set package 'my_robot_interfaces' build argument 'cmake_force_configure' from command line to 'False'
[0.704s] Level 5:colcon.colcon_core.verb:set package 'my_robot_interfaces' build argument 'ament_cmake_args' from command line to 'None'
[0.704s] Level 5:colcon.colcon_core.verb:set package 'my_robot_interfaces' build argument 'catkin_cmake_args' from command line to 'None'
[0.704s] Level 5:colcon.colcon_core.verb:set package 'my_robot_interfaces' build argument 'catkin_skip_building_tests' from command line to 'False'
[0.704s] DEBUG:colcon.colcon_core.verb:Building package 'my_robot_interfaces' with the following arguments: {'ament_cmake_args': None, 'build_base': '/home/azraa/ros2_ws/build/my_robot_interfaces', 'catkin_cmake_args': None, 'catkin_skip_building_tests': False, 'cmake_args': None, 'cmake_clean_cache': False, 'cmake_clean_first': False, 'cmake_force_configure': False, 'cmake_target': None, 'cmake_target_skip_unavailable': False, 'install_base': '/home/azraa/ros2_ws/install/my_robot_interfaces', 'merge_install': False, 'path': '/home/azraa/ros2_ws/src/my_robot_interfaces', 'symlink_install': False, 'test_result_base': None}
[0.706s] Level 5:colcon.colcon_core.verb:set package 'my_cpp_pkg' build argument 'cmake_args' from command line to 'None'
[0.706s] Level 5:colcon.colcon_core.verb:set package 'my_cpp_pkg' build argument 'cmake_target' from command line to 'None'
[0.706s] Level 5:colcon.colcon_core.verb:set package 'my_cpp_pkg' build argument 'cmake_target_skip_unavailable' from command line to 'False'
[0.706s] Level 5:colcon.colcon_core.verb:set package 'my_cpp_pkg' build argument 'cmake_clean_cache' from command line to 'False'
[0.706s] Level 5:colcon.colcon_core.verb:set package 'my_cpp_pkg' build argument 'cmake_clean_first' from command line to 'False'
[0.706s] Level 5:colcon.colcon_core.verb:set package 'my_cpp_pkg' build argument 'cmake_force_configure' from command line to 'False'
[0.706s] Level 5:colcon.colcon_core.verb:set package 'my_cpp_pkg' build argument 'ament_cmake_args' from command line to 'None'
[0.706s] Level 5:colcon.colcon_core.verb:set package 'my_cpp_pkg' build argument 'catkin_cmake_args' from command line to 'None'
[0.706s] Level 5:colcon.colcon_core.verb:set package 'my_cpp_pkg' build argument 'catkin_skip_building_tests' from command line to 'False'
[0.706s] DEBUG:colcon.colcon_core.verb:Building package 'my_cpp_pkg' with the following arguments: {'ament_cmake_args': None, 'build_base': '/home/azraa/ros2_ws/build/my_cpp_pkg', 'catkin_cmake_args': None, 'catkin_skip_building_tests': False, 'cmake_args': None, 'cmake_clean_cache': False, 'cmake_clean_first': False, 'cmake_force_configure': False, 'cmake_target': None, 'cmake_target_skip_unavailable': False, 'install_base': '/home/azraa/ros2_ws/install/my_cpp_pkg', 'merge_install': False, 'path': '/home/azraa/ros2_ws/src/my_cpp_pkg', 'symlink_install': False, 'test_result_base': None}
[0.707s] Level 5:colcon.colcon_core.verb:set package 'my_robot_bringup' build argument 'cmake_args' from command line to 'None'
[0.707s] Level 5:colcon.colcon_core.verb:set package 'my_robot_bringup' build argument 'cmake_target' from command line to 'None'
[0.707s] Level 5:colcon.colcon_core.verb:set package 'my_robot_bringup' build argument 'cmake_target_skip_unavailable' from command line to 'False'
[0.707s] Level 5:colcon.colcon_core.verb:set package 'my_robot_bringup' build argument 'cmake_clean_cache' from command line to 'False'
[0.707s] Level 5:colcon.colcon_core.verb:set package 'my_robot_bringup' build argument 'cmake_clean_first' from command line to 'False'
[0.707s] Level 5:colcon.colcon_core.verb:set package 'my_robot_bringup' build argument 'cmake_force_configure' from command line to 'False'
[0.707s] Level 5:colcon.colcon_core.verb:set package 'my_robot_bringup' build argument 'ament_cmake_args' from command line to 'None'
[0.707s] Level 5:colcon.colcon_core.verb:set package 'my_robot_bringup' build argument 'catkin_cmake_args' from command line to 'None'
[0.708s] Level 5:colcon.colcon_core.verb:set package 'my_robot_bringup' build argument 'catkin_skip_building_tests' from command line to 'False'
[0.708s] DEBUG:colcon.colcon_core.verb:Building package 'my_robot_bringup' with the following arguments: {'ament_cmake_args': None, 'build_base': '/home/azraa/ros2_ws/build/my_robot_bringup', 'catkin_cmake_args': None, 'catkin_skip_building_tests': False, 'cmake_args': None, 'cmake_clean_cache': False, 'cmake_clean_first': False, 'cmake_force_configure': False, 'cmake_target': None, 'cmake_target_skip_unavailable': False, 'install_base': '/home/azraa/ros2_ws/install/my_robot_bringup', 'merge_install': False, 'path': '/home/azraa/ros2_ws/src/my_robot_bringup', 'symlink_install': False, 'test_result_base': None}
[0.709s] INFO:colcon.colcon_core.executor:Executing jobs using 'parallel' executor
[0.715s] DEBUG:colcon.colcon_parallel_executor.executor.parallel:run_until_complete
[0.715s] INFO:colcon.colcon_ros.task.ament_cmake.build:Building ROS package in '/home/azraa/ros2_ws/src/my_robot_interfaces' with build type 'ament_cmake'
[0.715s] INFO:colcon.colcon_cmake.task.cmake.build:Building CMake package in '/home/azraa/ros2_ws/src/my_robot_interfaces'
[0.722s] INFO:colcon.colcon_core.plugin_system:Skipping extension 'colcon_core.shell.bat': Not used on non-Windows systems
[0.722s] INFO:colcon.colcon_core.shell:Skip shell extension 'powershell' for command environment: Not usable outside of PowerShell
[0.722s] DEBUG:colcon.colcon_core.shell:Skip shell extension 'dsv' for command environment
[0.731s] INFO:colcon.colcon_core.task.python.build:Building Python package in '/home/azraa/ros2_ws/src/my_py_pkg'
[0.733s] INFO:colcon.colcon_core.shell:Skip shell extension 'powershell' for command environment: Not usable outside of PowerShell
[0.733s] DEBUG:colcon.colcon_core.shell:Skip shell extension 'dsv' for command environment
[0.762s] DEBUG:colcon.colcon_core.event_handler.log_command:Invoking command in '/home/azraa/ros2_ws/build/my_robot_interfaces': CMAKE_PREFIX_PATH=${CMAKE_PREFIX_PATH}:/home/azraa/ros2_ws/install/my_py_pkg:/opt/ros/foxy /usr/bin/cmake --build /home/azraa/ros2_ws/build/my_robot_interfaces -- -j4 -l4
[1.101s] DEBUG:colcon.colcon_core.event_handler.log_command:Invoked command in '/home/azraa/ros2_ws/build/my_robot_interfaces' returned '0': CMAKE_PREFIX_PATH=${CMAKE_PREFIX_PATH}:/home/azraa/ros2_ws/install/my_py_pkg:/opt/ros/foxy /usr/bin/cmake --build /home/azraa/ros2_ws/build/my_robot_interfaces -- -j4 -l4
[1.226s] DEBUG:colcon.colcon_core.event_handler.log_command:Invoking command in '/home/azraa/ros2_ws/build/my_robot_interfaces': CMAKE_PREFIX_PATH=${CMAKE_PREFIX_PATH}:/home/azraa/ros2_ws/install/my_py_pkg:/opt/ros/foxy /usr/bin/cmake --install /home/azraa/ros2_ws/build/my_robot_interfaces
[1.345s] Level 1:colcon.colcon_core.environment:create_environment_scripts_only(my_robot_interfaces)
[1.346s] DEBUG:colcon.colcon_core.event_handler.log_command:Invoked command in '/home/azraa/ros2_ws/build/my_robot_interfaces' returned '0': CMAKE_PREFIX_PATH=${CMAKE_PREFIX_PATH}:/home/azraa/ros2_ws/install/my_py_pkg:/opt/ros/foxy /usr/bin/cmake --install /home/azraa/ros2_ws/build/my_robot_interfaces
[1.354s] Level 1:colcon.colcon_core.environment:checking '/home/azraa/ros2_ws/install/my_robot_interfaces' for CMake module files
[1.356s] Level 1:colcon.colcon_core.environment:checking '/home/azraa/ros2_ws/install/my_robot_interfaces' for CMake config files
[1.357s] Level 1:colcon.colcon_core.shell:create_environment_hook('my_robot_interfaces', 'cmake_prefix_path')
[1.360s] INFO:colcon.colcon_core.shell:Creating environment hook '/home/azraa/ros2_ws/install/my_robot_interfaces/share/my_robot_interfaces/hook/cmake_prefix_path.ps1'
[1.360s] INFO:colcon.colcon_core.shell:Creating environment descriptor '/home/azraa/ros2_ws/install/my_robot_interfaces/share/my_robot_interfaces/hook/cmake_prefix_path.dsv'
[1.361s] INFO:colcon.colcon_core.shell:Creating environment hook '/home/azraa/ros2_ws/install/my_robot_interfaces/share/my_robot_interfaces/hook/cmake_prefix_path.sh'
[1.362s] Level 1:colcon.colcon_core.environment:checking '/home/azraa/ros2_ws/install/my_robot_interfaces/lib'
[1.363s] Level 1:colcon.colcon_core.shell:create_environment_hook('my_robot_interfaces', 'ld_library_path_lib')
[1.365s] INFO:colcon.colcon_core.shell:Creating environment hook '/home/azraa/ros2_ws/install/my_robot_interfaces/share/my_robot_interfaces/hook/ld_library_path_lib.ps1'
[1.365s] INFO:colcon.colcon_core.shell:Creating environment descriptor '/home/azraa/ros2_ws/install/my_robot_interfaces/share/my_robot_interfaces/hook/ld_library_path_lib.dsv'
[1.366s] INFO:colcon.colcon_core.shell:Creating environment hook '/home/azraa/ros2_ws/install/my_robot_interfaces/share/my_robot_interfaces/hook/ld_library_path_lib.sh'
[1.366s] Level 1:colcon.colcon_core.environment:checking '/home/azraa/ros2_ws/install/my_robot_interfaces/bin'
[1.366s] Level 1:colcon.colcon_core.environment:checking '/home/azraa/ros2_ws/install/my_robot_interfaces/lib/pkgconfig/my_robot_interfaces.pc'
[1.367s] Level 1:colcon.colcon_core.environment:checking '/home/azraa/ros2_ws/install/my_robot_interfaces/lib/python3.8/site-packages'
[1.367s] Level 1:colcon.colcon_core.shell:create_environment_hook('my_robot_interfaces', 'pythonpath')
[1.369s] INFO:colcon.colcon_core.shell:Creating environment hook '/home/azraa/ros2_ws/install/my_robot_interfaces/share/my_robot_interfaces/hook/pythonpath.ps1'
[1.369s] INFO:colcon.colcon_core.shell:Creating environment descriptor '/home/azraa/ros2_ws/install/my_robot_interfaces/share/my_robot_interfaces/hook/pythonpath.dsv'
[1.370s] INFO:colcon.colcon_core.shell:Creating environment hook '/home/azraa/ros2_ws/install/my_robot_interfaces/share/my_robot_interfaces/hook/pythonpath.sh'
[1.370s] Level 1:colcon.colcon_core.environment:checking '/home/azraa/ros2_ws/install/my_robot_interfaces/bin'
[1.373s] INFO:colcon.colcon_core.shell:Creating package script '/home/azraa/ros2_ws/install/my_robot_interfaces/share/my_robot_interfaces/package.ps1'
[1.374s] INFO:colcon.colcon_core.shell:Creating package descriptor '/home/azraa/ros2_ws/install/my_robot_interfaces/share/my_robot_interfaces/package.dsv'
[1.375s] INFO:colcon.colcon_core.shell:Creating package script '/home/azraa/ros2_ws/install/my_robot_interfaces/share/my_robot_interfaces/package.sh'
[1.376s] INFO:colcon.colcon_core.shell:Creating package script '/home/azraa/ros2_ws/install/my_robot_interfaces/share/my_robot_interfaces/package.bash'
[1.378s] INFO:colcon.colcon_core.shell:Creating package script '/home/azraa/ros2_ws/install/my_robot_interfaces/share/my_robot_interfaces/package.zsh'
[1.379s] Level 1:colcon.colcon_core.environment:create_file_with_runtime_dependencies(/home/azraa/ros2_ws/install/my_robot_interfaces/share/colcon-core/packages/my_robot_interfaces)
[1.500s] Level 1:colcon.colcon_core.environment:create_environment_scripts_only(my_robot_interfaces)
[1.504s] Level 1:colcon.colcon_core.environment:checking '/home/azraa/ros2_ws/install/my_robot_interfaces' for CMake module files
[1.504s] Level 1:colcon.colcon_core.environment:checking '/home/azraa/ros2_ws/install/my_robot_interfaces' for CMake config files
[1.506s] Level 1:colcon.colcon_core.shell:create_environment_hook('my_robot_interfaces', 'cmake_prefix_path')
[1.508s] INFO:colcon.colcon_core.shell:Creating environment hook '/home/azraa/ros2_ws/install/my_robot_interfaces/share/my_robot_interfaces/hook/cmake_prefix_path.ps1'
[1.508s] INFO:colcon.colcon_core.shell:Creating environment descriptor '/home/azraa/ros2_ws/install/my_robot_interfaces/share/my_robot_interfaces/hook/cmake_prefix_path.dsv'
[1.509s] INFO:colcon.colcon_core.shell:Creating environment hook '/home/azraa/ros2_ws/install/my_robot_interfaces/share/my_robot_interfaces/hook/cmake_prefix_path.sh'
[1.509s] Level 1:colcon.colcon_core.environment:checking '/home/azraa/ros2_ws/install/my_robot_interfaces/lib'
[1.509s] Level 1:colcon.colcon_core.shell:create_environment_hook('my_robot_interfaces', 'ld_library_path_lib')
[1.512s] INFO:colcon.colcon_core.shell:Creating environment hook '/home/azraa/ros2_ws/install/my_robot_interfaces/share/my_robot_interfaces/hook/ld_library_path_lib.ps1'
[1.512s] INFO:colcon.colcon_core.shell:Creating environment descriptor '/home/azraa/ros2_ws/install/my_robot_interfaces/share/my_robot_interfaces/hook/ld_library_path_lib.dsv'
[1.512s] INFO:colcon.colcon_core.shell:Creating environment hook '/home/azraa/ros2_ws/install/my_robot_interfaces/share/my_robot_interfaces/hook/ld_library_path_lib.sh'
[1.513s] Level 1:colcon.colcon_core.environment:checking '/home/azraa/ros2_ws/install/my_robot_interfaces/bin'
[1.513s] Level 1:colcon.colcon_core.environment:checking '/home/azraa/ros2_ws/install/my_robot_interfaces/lib/pkgconfig/my_robot_interfaces.pc'
[1.513s] Level 1:colcon.colcon_core.environment:checking '/home/azraa/ros2_ws/install/my_robot_interfaces/lib/python3.8/site-packages'
[1.513s] Level 1:colcon.colcon_core.shell:create_environment_hook('my_robot_interfaces', 'pythonpath')
[1.515s] INFO:colcon.colcon_core.shell:Creating environment hook '/home/azraa/ros2_ws/install/my_robot_interfaces/share/my_robot_interfaces/hook/pythonpath.ps1'
[1.516s] INFO:colcon.colcon_core.shell:Creating environment descriptor '/home/azraa/ros2_ws/install/my_robot_interfaces/share/my_robot_interfaces/hook/pythonpath.dsv'
[1.516s] INFO:colcon.colcon_core.shell:Creating environment hook '/home/azraa/ros2_ws/install/my_robot_interfaces/share/my_robot_interfaces/hook/pythonpath.sh'
[1.517s] Level 1:colcon.colcon_core.environment:checking '/home/azraa/ros2_ws/install/my_robot_interfaces/bin'
[1.519s] INFO:colcon.colcon_core.shell:Creating package script '/home/azraa/ros2_ws/install/my_robot_interfaces/share/my_robot_interfaces/package.ps1'
[1.520s] INFO:colcon.colcon_core.shell:Creating package descriptor '/home/azraa/ros2_ws/install/my_robot_interfaces/share/my_robot_interfaces/package.dsv'
[1.521s] INFO:colcon.colcon_core.shell:Creating package script '/home/azraa/ros2_ws/install/my_robot_interfaces/share/my_robot_interfaces/package.sh'
[1.521s] INFO:colcon.colcon_core.shell:Creating package script '/home/azraa/ros2_ws/install/my_robot_interfaces/share/my_robot_interfaces/package.bash'
[1.522s] INFO:colcon.colcon_core.shell:Creating package script '/home/azraa/ros2_ws/install/my_robot_interfaces/share/my_robot_interfaces/package.zsh'
[1.522s] Level 1:colcon.colcon_core.environment:create_file_with_runtime_dependencies(/home/azraa/ros2_ws/install/my_robot_interfaces/share/colcon-core/packages/my_robot_interfaces)
[1.523s] INFO:colcon.colcon_ros.task.ament_cmake.build:Building ROS package in '/home/azraa/ros2_ws/src/my_cpp_pkg' with build type 'ament_cmake'
[1.523s] INFO:colcon.colcon_cmake.task.cmake.build:Building CMake package in '/home/azraa/ros2_ws/src/my_cpp_pkg'
[1.525s] INFO:colcon.colcon_core.shell:Skip shell extension 'powershell' for command environment: Not usable outside of PowerShell
[1.525s] DEBUG:colcon.colcon_core.shell:Skip shell extension 'dsv' for command environment
[1.554s] DEBUG:colcon.colcon_core.event_handler.log_command:Invoking command in '/home/azraa/ros2_ws/build/my_cpp_pkg': CMAKE_PREFIX_PATH=/home/azraa/ros2_ws/install/my_robot_interfaces:/home/azraa/ros2_ws/install/my_robot_bringup:/home/azraa/ros2_ws/install/my_cpp_pkg:/home/azraa/ros2_ws/install/my_py_pkg:/opt/ros/foxy PYTHONPATH=/home/azraa/ros2_ws/install/my_robot_interfaces/lib/python3.8/site-packages:/home/azraa/ros2_ws/install/my_py_pkg/lib/python3.8/site-packages:/opt/ros/foxy/lib/python3.8/site-packages /usr/bin/cmake --build /home/azraa/ros2_ws/build/my_cpp_pkg -- -j4 -l4
[1.681s] DEBUG:colcon.colcon_core.event_handler.log_command:Invoking command in '/home/azraa/ros2_ws/build/my_py_pkg': PYTHONPATH=/home/azraa/ros2_ws/install/my_py_pkg/lib/python3.8/site-packages:${PYTHONPATH} /usr/bin/python3 setup.py develop --prefix /home/azraa/ros2_ws/install/my_py_pkg --uninstall --editable --build-directory /home/azraa/ros2_ws/build/my_py_pkg/build
[1.720s] DEBUG:colcon.colcon_core.event_handler.log_command:Invoked command in '/home/azraa/ros2_ws/build/my_cpp_pkg' returned '0': CMAKE_PREFIX_PATH=/home/azraa/ros2_ws/install/my_robot_interfaces:/home/azraa/ros2_ws/install/my_robot_bringup:/home/azraa/ros2_ws/install/my_cpp_pkg:/home/azraa/ros2_ws/install/my_py_pkg:/opt/ros/foxy PYTHONPATH=/home/azraa/ros2_ws/install/my_robot_interfaces/lib/python3.8/site-packages:/home/azraa/ros2_ws/install/my_py_pkg/lib/python3.8/site-packages:/opt/ros/foxy/lib/python3.8/site-packages /usr/bin/cmake --build /home/azraa/ros2_ws/build/my_cpp_pkg -- -j4 -l4
[1.771s] DEBUG:colcon.colcon_core.event_handler.log_command:Invoking command in '/home/azraa/ros2_ws/build/my_cpp_pkg': CMAKE_PREFIX_PATH=/home/azraa/ros2_ws/install/my_robot_interfaces:/home/azraa/ros2_ws/install/my_robot_bringup:/home/azraa/ros2_ws/install/my_cpp_pkg:/home/azraa/ros2_ws/install/my_py_pkg:/opt/ros/foxy PYTHONPATH=/home/azraa/ros2_ws/install/my_robot_interfaces/lib/python3.8/site-packages:/home/azraa/ros2_ws/install/my_py_pkg/lib/python3.8/site-packages:/opt/ros/foxy/lib/python3.8/site-packages /usr/bin/cmake --install /home/azraa/ros2_ws/build/my_cpp_pkg
[1.802s] Level 1:colcon.colcon_core.environment:create_environment_scripts_only(my_cpp_pkg)
[1.806s] Level 1:colcon.colcon_core.environment:checking '/home/azraa/ros2_ws/install/my_cpp_pkg' for CMake module files
[1.807s] DEBUG:colcon.colcon_core.event_handler.log_command:Invoked command in '/home/azraa/ros2_ws/build/my_cpp_pkg' returned '0': CMAKE_PREFIX_PATH=/home/azraa/ros2_ws/install/my_robot_interfaces:/home/azraa/ros2_ws/install/my_robot_bringup:/home/azraa/ros2_ws/install/my_cpp_pkg:/home/azraa/ros2_ws/install/my_py_pkg:/opt/ros/foxy PYTHONPATH=/home/azraa/ros2_ws/install/my_robot_interfaces/lib/python3.8/site-packages:/home/azraa/ros2_ws/install/my_py_pkg/lib/python3.8/site-packages:/opt/ros/foxy/lib/python3.8/site-packages /usr/bin/cmake --install /home/azraa/ros2_ws/build/my_cpp_pkg
[1.807s] Level 1:colcon.colcon_core.environment:checking '/home/azraa/ros2_ws/install/my_cpp_pkg' for CMake config files
[1.808s] Level 1:colcon.colcon_core.shell:create_environment_hook('my_cpp_pkg', 'cmake_prefix_path')
[1.810s] INFO:colcon.colcon_core.shell:Creating environment hook '/home/azraa/ros2_ws/install/my_cpp_pkg/share/my_cpp_pkg/hook/cmake_prefix_path.ps1'
[1.811s] INFO:colcon.colcon_core.shell:Creating environment descriptor '/home/azraa/ros2_ws/install/my_cpp_pkg/share/my_cpp_pkg/hook/cmake_prefix_path.dsv'
[1.812s] INFO:colcon.colcon_core.shell:Creating environment hook '/home/azraa/ros2_ws/install/my_cpp_pkg/share/my_cpp_pkg/hook/cmake_prefix_path.sh'
[1.812s] Level 1:colcon.colcon_core.environment:checking '/home/azraa/ros2_ws/install/my_cpp_pkg/lib'
[1.812s] Level 1:colcon.colcon_core.environment:checking '/home/azraa/ros2_ws/install/my_cpp_pkg/bin'
[1.812s] Level 1:colcon.colcon_core.environment:checking '/home/azraa/ros2_ws/install/my_cpp_pkg/lib/pkgconfig/my_cpp_pkg.pc'
[1.813s] Level 1:colcon.colcon_core.environment:checking '/home/azraa/ros2_ws/install/my_cpp_pkg/lib/python3.8/site-packages'
[1.813s] Level 1:colcon.colcon_core.environment:checking '/home/azraa/ros2_ws/install/my_cpp_pkg/bin'
[1.816s] INFO:colcon.colcon_core.shell:Creating package script '/home/azraa/ros2_ws/install/my_cpp_pkg/share/my_cpp_pkg/package.ps1'
[1.816s] INFO:colcon.colcon_core.shell:Creating package descriptor '/home/azraa/ros2_ws/install/my_cpp_pkg/share/my_cpp_pkg/package.dsv'
[1.817s] INFO:colcon.colcon_core.shell:Creating package script '/home/azraa/ros2_ws/install/my_cpp_pkg/share/my_cpp_pkg/package.sh'
[1.818s] INFO:colcon.colcon_core.shell:Creating package script '/home/azraa/ros2_ws/install/my_cpp_pkg/share/my_cpp_pkg/package.bash'
[1.818s] INFO:colcon.colcon_core.shell:Creating package script '/home/azraa/ros2_ws/install/my_cpp_pkg/share/my_cpp_pkg/package.zsh'
[1.818s] Level 1:colcon.colcon_core.environment:create_file_with_runtime_dependencies(/home/azraa/ros2_ws/install/my_cpp_pkg/share/colcon-core/packages/my_cpp_pkg)
[1.869s] Level 1:colcon.colcon_core.environment:create_environment_scripts_only(my_cpp_pkg)
[1.873s] Level 1:colcon.colcon_core.environment:checking '/home/azraa/ros2_ws/install/my_cpp_pkg' for CMake module files
[1.874s] Level 1:colcon.colcon_core.environment:checking '/home/azraa/ros2_ws/install/my_cpp_pkg' for CMake config files
[1.874s] Level 1:colcon.colcon_core.shell:create_environment_hook('my_cpp_pkg', 'cmake_prefix_path')
[1.877s] INFO:colcon.colcon_core.shell:Creating environment hook '/home/azraa/ros2_ws/install/my_cpp_pkg/share/my_cpp_pkg/hook/cmake_prefix_path.ps1'
[1.877s] INFO:colcon.colcon_core.shell:Creating environment descriptor '/home/azraa/ros2_ws/install/my_cpp_pkg/share/my_cpp_pkg/hook/cmake_prefix_path.dsv'
[1.878s] INFO:colcon.colcon_core.shell:Creating environment hook '/home/azraa/ros2_ws/install/my_cpp_pkg/share/my_cpp_pkg/hook/cmake_prefix_path.sh'
[1.878s] Level 1:colcon.colcon_core.environment:checking '/home/azraa/ros2_ws/install/my_cpp_pkg/lib'
[1.879s] Level 1:colcon.colcon_core.environment:checking '/home/azraa/ros2_ws/install/my_cpp_pkg/bin'
[1.879s] Level 1:colcon.colcon_core.environment:checking '/home/azraa/ros2_ws/install/my_cpp_pkg/lib/pkgconfig/my_cpp_pkg.pc'
[1.879s] Level 1:colcon.colcon_core.environment:checking '/home/azraa/ros2_ws/install/my_cpp_pkg/lib/python3.8/site-packages'
[1.879s] Level 1:colcon.colcon_core.environment:checking '/home/azraa/ros2_ws/install/my_cpp_pkg/bin'
[1.882s] INFO:colcon.colcon_core.shell:Creating package script '/home/azraa/ros2_ws/install/my_cpp_pkg/share/my_cpp_pkg/package.ps1'
[1.883s] INFO:colcon.colcon_core.shell:Creating package descriptor '/home/azraa/ros2_ws/install/my_cpp_pkg/share/my_cpp_pkg/package.dsv'
[1.883s] INFO:colcon.colcon_core.shell:Creating package script '/home/azraa/ros2_ws/install/my_cpp_pkg/share/my_cpp_pkg/package.sh'
[1.884s] INFO:colcon.colcon_core.shell:Creating package script '/home/azraa/ros2_ws/install/my_cpp_pkg/share/my_cpp_pkg/package.bash'
[1.884s] INFO:colcon.colcon_core.shell:Creating package script '/home/azraa/ros2_ws/install/my_cpp_pkg/share/my_cpp_pkg/package.zsh'
[1.885s] Level 1:colcon.colcon_core.environment:create_file_with_runtime_dependencies(/home/azraa/ros2_ws/install/my_cpp_pkg/share/colcon-core/packages/my_cpp_pkg)
[2.209s] DEBUG:colcon.colcon_core.event_handler.log_command:Invoked command in '/home/azraa/ros2_ws/build/my_py_pkg' returned '0': PYTHONPATH=/home/azraa/ros2_ws/install/my_py_pkg/lib/python3.8/site-packages:${PYTHONPATH} /usr/bin/python3 setup.py develop --prefix /home/azraa/ros2_ws/install/my_py_pkg --uninstall --editable --build-directory /home/azraa/ros2_ws/build/my_py_pkg/build
[2.212s] DEBUG:colcon.colcon_core.event_handler.log_command:Invoking command in '/home/azraa/ros2_ws/src/my_py_pkg': PYTHONPATH=/home/azraa/ros2_ws/install/my_py_pkg/lib/python3.8/site-packages:${PYTHONPATH} /usr/bin/python3 setup.py egg_info --egg-base ../../build/my_py_pkg build --build-base /home/azraa/ros2_ws/build/my_py_pkg/build install --prefix /home/azraa/ros2_ws/install/my_py_pkg --record /home/azraa/ros2_ws/build/my_py_pkg/install.log --single-version-externally-managed
[2.626s] Level 1:colcon.colcon_core.environment:checking '/home/azraa/ros2_ws/install/my_py_pkg' for CMake module files
[2.627s] DEBUG:colcon.colcon_core.event_handler.log_command:Invoked command in '/home/azraa/ros2_ws/src/my_py_pkg' returned '0': PYTHONPATH=/home/azraa/ros2_ws/install/my_py_pkg/lib/python3.8/site-packages:${PYTHONPATH} /usr/bin/python3 setup.py egg_info --egg-base ../../build/my_py_pkg build --build-base /home/azraa/ros2_ws/build/my_py_pkg/build install --prefix /home/azraa/ros2_ws/install/my_py_pkg --record /home/azraa/ros2_ws/build/my_py_pkg/install.log --single-version-externally-managed
[2.628s] Level 1:colcon.colcon_core.environment:checking '/home/azraa/ros2_ws/install/my_py_pkg' for CMake config files
[2.628s] Level 1:colcon.colcon_core.environment:checking '/home/azraa/ros2_ws/install/my_py_pkg/lib'
[2.629s] Level 1:colcon.colcon_core.environment:checking '/home/azraa/ros2_ws/install/my_py_pkg/bin'
[2.629s] Level 1:colcon.colcon_core.environment:checking '/home/azraa/ros2_ws/install/my_py_pkg/lib/pkgconfig/my_py_pkg.pc'
[2.629s] Level 1:colcon.colcon_core.environment:checking '/home/azraa/ros2_ws/install/my_py_pkg/lib/python3.8/site-packages'
[2.629s] Level 1:colcon.colcon_core.shell:create_environment_hook('my_py_pkg', 'pythonpath')
[2.632s] INFO:colcon.colcon_core.shell:Creating environment hook '/home/azraa/ros2_ws/install/my_py_pkg/share/my_py_pkg/hook/pythonpath.ps1'
[2.632s] INFO:colcon.colcon_core.shell:Creating environment descriptor '/home/azraa/ros2_ws/install/my_py_pkg/share/my_py_pkg/hook/pythonpath.dsv'
[2.633s] INFO:colcon.colcon_core.shell:Creating environment hook '/home/azraa/ros2_ws/install/my_py_pkg/share/my_py_pkg/hook/pythonpath.sh'
[2.634s] Level 1:colcon.colcon_core.environment:checking '/home/azraa/ros2_ws/install/my_py_pkg/bin'
[2.634s] Level 1:colcon.colcon_core.environment:create_environment_scripts_only(my_py_pkg)
[2.636s] INFO:colcon.colcon_core.shell:Creating package script '/home/azraa/ros2_ws/install/my_py_pkg/share/my_py_pkg/package.ps1'
[2.636s] INFO:colcon.colcon_core.shell:Creating package descriptor '/home/azraa/ros2_ws/install/my_py_pkg/share/my_py_pkg/package.dsv'
[2.637s] INFO:colcon.colcon_core.shell:Creating package script '/home/azraa/ros2_ws/install/my_py_pkg/share/my_py_pkg/package.sh'
[2.637s] INFO:colcon.colcon_core.shell:Creating package script '/home/azraa/ros2_ws/install/my_py_pkg/share/my_py_pkg/package.bash'
[2.637s] INFO:colcon.colcon_core.shell:Creating package script '/home/azraa/ros2_ws/install/my_py_pkg/share/my_py_pkg/package.zsh'
[2.638s] Level 1:colcon.colcon_core.environment:create_file_with_runtime_dependencies(/home/azraa/ros2_ws/install/my_py_pkg/share/colcon-core/packages/my_py_pkg)
[2.638s] INFO:colcon.colcon_ros.task.ament_cmake.build:Building ROS package in '/home/azraa/ros2_ws/src/my_robot_bringup' with build type 'ament_cmake'
[2.639s] INFO:colcon.colcon_cmake.task.cmake.build:Building CMake package in '/home/azraa/ros2_ws/src/my_robot_bringup'
[2.641s] INFO:colcon.colcon_core.shell:Skip shell extension 'powershell' for command environment: Not usable outside of PowerShell
[2.641s] DEBUG:colcon.colcon_core.shell:Skip shell extension 'dsv' for command environment
[2.666s] DEBUG:colcon.colcon_core.event_handler.log_command:Invoking command in '/home/azraa/ros2_ws/build/my_robot_bringup': CMAKE_PREFIX_PATH=/home/azraa/ros2_ws/install/my_cpp_pkg:/home/azraa/ros2_ws/install/my_robot_interfaces:/home/azraa/ros2_ws/install/my_robot_bringup:/home/azraa/ros2_ws/install/my_py_pkg:/opt/ros/foxy PYTHONPATH=/home/azraa/ros2_ws/install/my_robot_interfaces/lib/python3.8/site-packages:/home/azraa/ros2_ws/install/my_py_pkg/lib/python3.8/site-packages:/opt/ros/foxy/lib/python3.8/site-packages /usr/bin/cmake --build /home/azraa/ros2_ws/build/my_robot_bringup -- -j4 -l4
[2.706s] DEBUG:colcon.colcon_core.event_handler.log_command:Invoked command in '/home/azraa/ros2_ws/build/my_robot_bringup' returned '0': CMAKE_PREFIX_PATH=/home/azraa/ros2_ws/install/my_cpp_pkg:/home/azraa/ros2_ws/install/my_robot_interfaces:/home/azraa/ros2_ws/install/my_robot_bringup:/home/azraa/ros2_ws/install/my_py_pkg:/opt/ros/foxy PYTHONPATH=/home/azraa/ros2_ws/install/my_robot_interfaces/lib/python3.8/site-packages:/home/azraa/ros2_ws/install/my_py_pkg/lib/python3.8/site-packages:/opt/ros/foxy/lib/python3.8/site-packages /usr/bin/cmake --build /home/azraa/ros2_ws/build/my_robot_bringup -- -j4 -l4
[2.731s] DEBUG:colcon.colcon_core.event_handler.log_command:Invoking command in '/home/azraa/ros2_ws/build/my_robot_bringup': CMAKE_PREFIX_PATH=/home/azraa/ros2_ws/install/my_cpp_pkg:/home/azraa/ros2_ws/install/my_robot_interfaces:/home/azraa/ros2_ws/install/my_robot_bringup:/home/azraa/ros2_ws/install/my_py_pkg:/opt/ros/foxy PYTHONPATH=/home/azraa/ros2_ws/install/my_robot_interfaces/lib/python3.8/site-packages:/home/azraa/ros2_ws/install/my_py_pkg/lib/python3.8/site-packages:/opt/ros/foxy/lib/python3.8/site-packages /usr/bin/cmake --install /home/azraa/ros2_ws/build/my_robot_bringup
[2.766s] Level 1:colcon.colcon_core.environment:create_environment_scripts_only(my_robot_bringup)
[2.770s] Level 1:colcon.colcon_core.environment:checking '/home/azraa/ros2_ws/install/my_robot_bringup' for CMake module files
[2.770s] DEBUG:colcon.colcon_core.event_handler.log_command:Invoked command in '/home/azraa/ros2_ws/build/my_robot_bringup' returned '0': CMAKE_PREFIX_PATH=/home/azraa/ros2_ws/install/my_cpp_pkg:/home/azraa/ros2_ws/install/my_robot_interfaces:/home/azraa/ros2_ws/install/my_robot_bringup:/home/azraa/ros2_ws/install/my_py_pkg:/opt/ros/foxy PYTHONPATH=/home/azraa/ros2_ws/install/my_robot_interfaces/lib/python3.8/site-packages:/home/azraa/ros2_ws/install/my_py_pkg/lib/python3.8/site-packages:/opt/ros/foxy/lib/python3.8/site-packages /usr/bin/cmake --install /home/azraa/ros2_ws/build/my_robot_bringup
[2.771s] Level 1:colcon.colcon_core.environment:checking '/home/azraa/ros2_ws/install/my_robot_bringup' for CMake config files
[2.771s] Level 1:colcon.colcon_core.shell:create_environment_hook('my_robot_bringup', 'cmake_prefix_path')
[2.773s] INFO:colcon.colcon_core.shell:Creating environment hook '/home/azraa/ros2_ws/install/my_robot_bringup/share/my_robot_bringup/hook/cmake_prefix_path.ps1'
[2.774s] INFO:colcon.colcon_core.shell:Creating environment descriptor '/home/azraa/ros2_ws/install/my_robot_bringup/share/my_robot_bringup/hook/cmake_prefix_path.dsv'
[2.774s] INFO:colcon.colcon_core.shell:Creating environment hook '/home/azraa/ros2_ws/install/my_robot_bringup/share/my_robot_bringup/hook/cmake_prefix_path.sh'
[2.775s] Level 1:colcon.colcon_core.environment:checking '/home/azraa/ros2_ws/install/my_robot_bringup/bin'
[2.775s] Level 1:colcon.colcon_core.environment:checking '/home/azraa/ros2_ws/install/my_robot_bringup/lib/pkgconfig/my_robot_bringup.pc'
[2.775s] Level 1:colcon.colcon_core.environment:checking '/home/azraa/ros2_ws/install/my_robot_bringup/lib/python3.8/site-packages'
[2.775s] Level 1:colcon.colcon_core.environment:checking '/home/azraa/ros2_ws/install/my_robot_bringup/bin'
[2.777s] INFO:colcon.colcon_core.shell:Creating package script '/home/azraa/ros2_ws/install/my_robot_bringup/share/my_robot_bringup/package.ps1'
[2.778s] INFO:colcon.colcon_core.shell:Creating package descriptor '/home/azraa/ros2_ws/install/my_robot_bringup/share/my_robot_bringup/package.dsv'
[2.779s] INFO:colcon.colcon_core.shell:Creating package script '/home/azraa/ros2_ws/install/my_robot_bringup/share/my_robot_bringup/package.sh'
[2.779s] INFO:colcon.colcon_core.shell:Creating package script '/home/azraa/ros2_ws/install/my_robot_bringup/share/my_robot_bringup/package.bash'
[2.779s] INFO:colcon.colcon_core.shell:Creating package script '/home/azraa/ros2_ws/install/my_robot_bringup/share/my_robot_bringup/package.zsh'
[2.780s] Level 1:colcon.colcon_core.environment:create_file_with_runtime_dependencies(/home/azraa/ros2_ws/install/my_robot_bringup/share/colcon-core/packages/my_robot_bringup)
[2.806s] Level 1:colcon.colcon_core.environment:create_environment_scripts_only(my_robot_bringup)
[2.809s] Level 1:colcon.colcon_core.environment:checking '/home/azraa/ros2_ws/install/my_robot_bringup' for CMake module files
[2.810s] Level 1:colcon.colcon_core.environment:checking '/home/azraa/ros2_ws/install/my_robot_bringup' for CMake config files
[2.811s] Level 1:colcon.colcon_core.shell:create_environment_hook('my_robot_bringup', 'cmake_prefix_path')
[2.812s] INFO:colcon.colcon_core.shell:Creating environment hook '/home/azraa/ros2_ws/install/my_robot_bringup/share/my_robot_bringup/hook/cmake_prefix_path.ps1'
[2.813s] INFO:colcon.colcon_core.shell:Creating environment descriptor '/home/azraa/ros2_ws/install/my_robot_bringup/share/my_robot_bringup/hook/cmake_prefix_path.dsv'
[2.813s] INFO:colcon.colcon_core.shell:Creating environment hook '/home/azraa/ros2_ws/install/my_robot_bringup/share/my_robot_bringup/hook/cmake_prefix_path.sh'
[2.814s] Level 1:colcon.colcon_core.environment:checking '/home/azraa/ros2_ws/install/my_robot_bringup/bin'
[2.814s] Level 1:colcon.colcon_core.environment:checking '/home/azraa/ros2_ws/install/my_robot_bringup/lib/pkgconfig/my_robot_bringup.pc'
[2.815s] Level 1:colcon.colcon_core.environment:checking '/home/azraa/ros2_ws/install/my_robot_bringup/lib/python3.8/site-packages'
[2.815s] Level 1:colcon.colcon_core.environment:checking '/home/azraa/ros2_ws/install/my_robot_bringup/bin'
[2.817s] INFO:colcon.colcon_core.shell:Creating package script '/home/azraa/ros2_ws/install/my_robot_bringup/share/my_robot_bringup/package.ps1'
[2.817s] INFO:colcon.colcon_core.shell:Creating package descriptor '/home/azraa/ros2_ws/install/my_robot_bringup/share/my_robot_bringup/package.dsv'
[2.818s] INFO:colcon.colcon_core.shell:Creating package script '/home/azraa/ros2_ws/install/my_robot_bringup/share/my_robot_bringup/package.sh'
[2.818s] INFO:colcon.colcon_core.shell:Creating package script '/home/azraa/ros2_ws/install/my_robot_bringup/share/my_robot_bringup/package.bash'
[2.819s] INFO:colcon.colcon_core.shell:Creating package script '/home/azraa/ros2_ws/install/my_robot_bringup/share/my_robot_bringup/package.zsh'
[2.819s] Level 1:colcon.colcon_core.environment:create_file_with_runtime_dependencies(/home/azraa/ros2_ws/install/my_robot_bringup/share/colcon-core/packages/my_robot_bringup)
[2.820s] DEBUG:colcon.colcon_parallel_executor.executor.parallel:closing loop
[2.820s] DEBUG:colcon.colcon_parallel_executor.executor.parallel:loop closed
[2.821s] DEBUG:colcon.colcon_parallel_executor.executor.parallel:run_until_complete finished with '0'
[2.821s] DEBUG:colcon.colcon_core.event_reactor:joining thread
[2.829s] INFO:colcon.colcon_core.plugin_system:Skipping extension 'colcon_notification.desktop_notification.terminal_notifier': Not used on non-Darwin systems
[2.829s] INFO:colcon.colcon_core.plugin_system:Skipping extension 'colcon_notification.desktop_notification.win32': Not used on non-Windows systems
[2.829s] INFO:colcon.colcon_notification.desktop_notification:Sending desktop notification using 'notify2'
[2.855s] DEBUG:colcon.colcon_core.event_reactor:joined thread
[2.857s] INFO:colcon.colcon_core.shell:Creating prefix script '/home/azraa/ros2_ws/install/local_setup.ps1'
[2.858s] INFO:colcon.colcon_core.shell:Creating prefix util module '/home/azraa/ros2_ws/install/_local_setup_util_ps1.py'
[2.861s] INFO:colcon.colcon_core.shell:Creating prefix chain script '/home/azraa/ros2_ws/install/setup.ps1'
[2.863s] INFO:colcon.colcon_core.shell:Creating prefix script '/home/azraa/ros2_ws/install/local_setup.sh'
[2.865s] INFO:colcon.colcon_core.shell:Creating prefix util module '/home/azraa/ros2_ws/install/_local_setup_util_sh.py'
[2.865s] INFO:colcon.colcon_core.shell:Creating prefix chain script '/home/azraa/ros2_ws/install/setup.sh'
[2.868s] INFO:colcon.colcon_core.shell:Creating prefix script '/home/azraa/ros2_ws/install/local_setup.bash'
[2.869s] INFO:colcon.colcon_core.shell:Creating prefix chain script '/home/azraa/ros2_ws/install/setup.bash'
[2.871s] INFO:colcon.colcon_core.shell:Creating prefix script '/home/azraa/ros2_ws/install/local_setup.zsh'
[2.872s] INFO:colcon.colcon_core.shell:Creating prefix chain script '/home/azraa/ros2_ws/install/setup.zsh'
