[0.038s] Invoking command in '/home/azraa/ros2_ws/src/build/my_robot_interfaces': CMAKE_PREFIX_PATH=${CMAKE_PREFIX_PATH}:/home/azraa/ros2_ws/install/my_py_pkg:/opt/ros/foxy /usr/bin/cmake --build /home/azraa/ros2_ws/src/build/my_robot_interfaces -- -j4 -l4
[0.097s] [  5%] Built target my_robot_interfaces__cpp
[0.098s] [ 12%] Built target my_robot_interfaces__rosidl_generator_c
[0.128s] [ 23%] Built target my_robot_interfaces__rosidl_typesupport_introspection_c
[0.142s] [ 34%] Built target my_robot_interfaces__rosidl_typesupport_cpp
[0.144s] [ 45%] Built target my_robot_interfaces__rosidl_typesupport_introspection_cpp
[0.155s] [ 56%] Built target my_robot_interfaces__rosidl_typesupport_fastrtps_cpp
[0.158s] [ 67%] Built target my_robot_interfaces__rosidl_typesupport_c
[0.186s] [ 78%] Built target my_robot_interfaces__rosidl_typesupport_fastrtps_c
[0.208s] [ 78%] Built target my_robot_interfaces
[0.231s] [ 80%] Built target my_robot_interfaces__py
[0.263s] [ 89%] Built target my_robot_interfaces__python
[0.294s] [ 96%] Built target my_robot_interfaces__rosidl_typesupport_fastrtps_c__pyext
[0.294s] [ 96%] Built target my_robot_interfaces__rosidl_typesupport_introspection_c__pyext
[0.297s] [100%] Built target my_robot_interfaces__rosidl_typesupport_c__pyext
[0.311s] Invoked command in '/home/azraa/ros2_ws/src/build/my_robot_interfaces' returned '0': CMAKE_PREFIX_PATH=${CMAKE_PREFIX_PATH}:/home/azraa/ros2_ws/install/my_py_pkg:/opt/ros/foxy /usr/bin/cmake --build /home/azraa/ros2_ws/src/build/my_robot_interfaces -- -j4 -l4
[0.429s] Invoking command in '/home/azraa/ros2_ws/src/build/my_robot_interfaces': CMAKE_PREFIX_PATH=${CMAKE_PREFIX_PATH}:/home/azraa/ros2_ws/install/my_py_pkg:/opt/ros/foxy /usr/bin/cmake --install /home/azraa/ros2_ws/src/build/my_robot_interfaces
[0.444s] -- Install configuration: ""
[0.444s] -- Up-to-date: /home/azraa/ros2_ws/src/install/my_robot_interfaces/share/ament_index/resource_index/rosidl_interfaces/my_robot_interfaces
[0.445s] -- Up-to-date: /home/azraa/ros2_ws/src/install/my_robot_interfaces/include/my_robot_interfaces
[0.445s] -- Up-to-date: /home/azraa/ros2_ws/src/install/my_robot_interfaces/include/my_robot_interfaces/msg
[0.445s] -- Up-to-date: /home/azraa/ros2_ws/src/install/my_robot_interfaces/include/my_robot_interfaces/msg/detail
[0.445s] -- Up-to-date: /home/azraa/ros2_ws/src/install/my_robot_interfaces/include/my_robot_interfaces/msg/detail/led_states__type_support.h
[0.445s] -- Up-to-date: /home/azraa/ros2_ws/src/install/my_robot_interfaces/include/my_robot_interfaces/msg/detail/led_states__functions.h
[0.446s] -- Up-to-date: /home/azraa/ros2_ws/src/install/my_robot_interfaces/include/my_robot_interfaces/msg/detail/led_states__struct.h
[0.446s] -- Up-to-date: /home/azraa/ros2_ws/src/install/my_robot_interfaces/include/my_robot_interfaces/msg/detail/hardware_status__functions.c
[0.446s] -- Up-to-date: /home/azraa/ros2_ws/src/install/my_robot_interfaces/include/my_robot_interfaces/msg/detail/hardware_status__type_support.h
[0.446s] -- Up-to-date: /home/azraa/ros2_ws/src/install/my_robot_interfaces/include/my_robot_interfaces/msg/detail/led_states__functions.c
[0.446s] -- Up-to-date: /home/azraa/ros2_ws/src/install/my_robot_interfaces/include/my_robot_interfaces/msg/detail/hardware_status__functions.h
[0.447s] -- Up-to-date: /home/azraa/ros2_ws/src/install/my_robot_interfaces/include/my_robot_interfaces/msg/detail/hardware_status__struct.h
[0.447s] -- Up-to-date: /home/azraa/ros2_ws/src/install/my_robot_interfaces/include/my_robot_interfaces/msg/hardware_status.h
[0.447s] -- Up-to-date: /home/azraa/ros2_ws/src/install/my_robot_interfaces/include/my_robot_interfaces/msg/led_states.h
[0.447s] -- Up-to-date: /home/azraa/ros2_ws/src/install/my_robot_interfaces/include/my_robot_interfaces/msg/rosidl_generator_c__visibility_control.h
[0.447s] -- Up-to-date: /home/azraa/ros2_ws/src/install/my_robot_interfaces/include/my_robot_interfaces/srv
[0.448s] -- Up-to-date: /home/azraa/ros2_ws/src/install/my_robot_interfaces/include/my_robot_interfaces/srv/set_led.h
[0.448s] -- Up-to-date: /home/azraa/ros2_ws/src/install/my_robot_interfaces/include/my_robot_interfaces/srv/detail
[0.448s] -- Up-to-date: /home/azraa/ros2_ws/src/install/my_robot_interfaces/include/my_robot_interfaces/srv/detail/compute_rectangle_area__functions.c
[0.448s] -- Up-to-date: /home/azraa/ros2_ws/src/install/my_robot_interfaces/include/my_robot_interfaces/srv/detail/set_led__functions.c
[0.448s] -- Up-to-date: /home/azraa/ros2_ws/src/install/my_robot_interfaces/include/my_robot_interfaces/srv/detail/set_led__type_support.h
[0.449s] -- Up-to-date: /home/azraa/ros2_ws/src/install/my_robot_interfaces/include/my_robot_interfaces/srv/detail/compute_rectangle_area__functions.h
[0.449s] -- Up-to-date: /home/azraa/ros2_ws/src/install/my_robot_interfaces/include/my_robot_interfaces/srv/detail/compute_rectangle_area__struct.h
[0.449s] -- Up-to-date: /home/azraa/ros2_ws/src/install/my_robot_interfaces/include/my_robot_interfaces/srv/detail/compute_rectangle_area__type_support.h
[0.449s] -- Up-to-date: /home/azraa/ros2_ws/src/install/my_robot_interfaces/include/my_robot_interfaces/srv/detail/set_led__functions.h
[0.449s] -- Up-to-date: /home/azraa/ros2_ws/src/install/my_robot_interfaces/include/my_robot_interfaces/srv/detail/set_led__struct.h
[0.449s] -- Up-to-date: /home/azraa/ros2_ws/src/install/my_robot_interfaces/include/my_robot_interfaces/srv/compute_rectangle_area.h
[0.450s] -- Up-to-date: /home/azraa/ros2_ws/src/install/my_robot_interfaces/share/my_robot_interfaces/environment/library_path.sh
[0.450s] -- Up-to-date: /home/azraa/ros2_ws/src/install/my_robot_interfaces/share/my_robot_interfaces/environment/library_path.dsv
[0.451s] -- Up-to-date: /home/azraa/ros2_ws/src/install/my_robot_interfaces/lib/libmy_robot_interfaces__rosidl_generator_c.so
[0.451s] -- Up-to-date: /home/azraa/ros2_ws/src/install/my_robot_interfaces/include/my_robot_interfaces
[0.451s] -- Up-to-date: /home/azraa/ros2_ws/src/install/my_robot_interfaces/include/my_robot_interfaces/msg
[0.452s] -- Up-to-date: /home/azraa/ros2_ws/src/install/my_robot_interfaces/include/my_robot_interfaces/msg/rosidl_typesupport_fastrtps_c__visibility_control.h
[0.452s] -- Up-to-date: /home/azraa/ros2_ws/src/install/my_robot_interfaces/include/my_robot_interfaces/msg/detail
[0.452s] -- Up-to-date: /home/azraa/ros2_ws/src/install/my_robot_interfaces/include/my_robot_interfaces/msg/detail/hardware_status__rosidl_typesupport_fastrtps_c.h
[0.452s] -- Up-to-date: /home/azraa/ros2_ws/src/install/my_robot_interfaces/include/my_robot_interfaces/msg/detail/led_states__rosidl_typesupport_fastrtps_c.h
[0.452s] -- Up-to-date: /home/azraa/ros2_ws/src/install/my_robot_interfaces/include/my_robot_interfaces/srv
[0.453s] -- Up-to-date: /home/azraa/ros2_ws/src/install/my_robot_interfaces/include/my_robot_interfaces/srv/detail
[0.453s] -- Up-to-date: /home/azraa/ros2_ws/src/install/my_robot_interfaces/include/my_robot_interfaces/srv/detail/set_led__rosidl_typesupport_fastrtps_c.h
[0.453s] -- Up-to-date: /home/azraa/ros2_ws/src/install/my_robot_interfaces/include/my_robot_interfaces/srv/detail/compute_rectangle_area__rosidl_typesupport_fastrtps_c.h
[0.453s] -- Up-to-date: /home/azraa/ros2_ws/src/install/my_robot_interfaces/lib/libmy_robot_interfaces__rosidl_typesupport_fastrtps_c.so
[0.454s] -- Up-to-date: /home/azraa/ros2_ws/src/install/my_robot_interfaces/include/my_robot_interfaces
[0.454s] -- Up-to-date: /home/azraa/ros2_ws/src/install/my_robot_interfaces/include/my_robot_interfaces/msg
[0.454s] -- Up-to-date: /home/azraa/ros2_ws/src/install/my_robot_interfaces/include/my_robot_interfaces/msg/detail
[0.455s] -- Up-to-date: /home/azraa/ros2_ws/src/install/my_robot_interfaces/include/my_robot_interfaces/msg/detail/led_states__rosidl_typesupport_fastrtps_cpp.hpp
[0.455s] -- Up-to-date: /home/azraa/ros2_ws/src/install/my_robot_interfaces/include/my_robot_interfaces/msg/detail/hardware_status__rosidl_typesupport_fastrtps_cpp.hpp
[0.455s] -- Up-to-date: /home/azraa/ros2_ws/src/install/my_robot_interfaces/include/my_robot_interfaces/msg/detail/dds_fastrtps
[0.455s] -- Up-to-date: /home/azraa/ros2_ws/src/install/my_robot_interfaces/include/my_robot_interfaces/msg/rosidl_typesupport_fastrtps_cpp__visibility_control.h
[0.455s] -- Up-to-date: /home/azraa/ros2_ws/src/install/my_robot_interfaces/include/my_robot_interfaces/srv
[0.456s] -- Up-to-date: /home/azraa/ros2_ws/src/install/my_robot_interfaces/include/my_robot_interfaces/srv/detail
[0.456s] -- Up-to-date: /home/azraa/ros2_ws/src/install/my_robot_interfaces/include/my_robot_interfaces/srv/detail/compute_rectangle_area__rosidl_typesupport_fastrtps_cpp.hpp
[0.456s] -- Up-to-date: /home/azraa/ros2_ws/src/install/my_robot_interfaces/include/my_robot_interfaces/srv/detail/set_led__rosidl_typesupport_fastrtps_cpp.hpp
[0.456s] -- Up-to-date: /home/azraa/ros2_ws/src/install/my_robot_interfaces/include/my_robot_interfaces/srv/detail/dds_fastrtps
[0.457s] -- Up-to-date: /home/azraa/ros2_ws/src/install/my_robot_interfaces/lib/libmy_robot_interfaces__rosidl_typesupport_fastrtps_cpp.so
[0.457s] -- Up-to-date: /home/azraa/ros2_ws/src/install/my_robot_interfaces/include/my_robot_interfaces
[0.457s] -- Up-to-date: /home/azraa/ros2_ws/src/install/my_robot_interfaces/include/my_robot_interfaces/msg
[0.457s] -- Up-to-date: /home/azraa/ros2_ws/src/install/my_robot_interfaces/include/my_robot_interfaces/msg/detail
[0.458s] -- Up-to-date: /home/azraa/ros2_ws/src/install/my_robot_interfaces/include/my_robot_interfaces/msg/detail/led_states__rosidl_typesupport_introspection_c.h
[0.458s] -- Up-to-date: /home/azraa/ros2_ws/src/install/my_robot_interfaces/include/my_robot_interfaces/msg/detail/led_states__type_support.c
[0.458s] -- Up-to-date: /home/azraa/ros2_ws/src/install/my_robot_interfaces/include/my_robot_interfaces/msg/detail/hardware_status__type_support.c
[0.458s] -- Up-to-date: /home/azraa/ros2_ws/src/install/my_robot_interfaces/include/my_robot_interfaces/msg/detail/hardware_status__rosidl_typesupport_introspection_c.h
[0.458s] -- Up-to-date: /home/azraa/ros2_ws/src/install/my_robot_interfaces/include/my_robot_interfaces/msg/rosidl_typesupport_introspection_c__visibility_control.h
[0.459s] -- Up-to-date: /home/azraa/ros2_ws/src/install/my_robot_interfaces/include/my_robot_interfaces/srv
[0.459s] -- Up-to-date: /home/azraa/ros2_ws/src/install/my_robot_interfaces/include/my_robot_interfaces/srv/detail
[0.459s] -- Up-to-date: /home/azraa/ros2_ws/src/install/my_robot_interfaces/include/my_robot_interfaces/srv/detail/set_led__rosidl_typesupport_introspection_c.h
[0.459s] -- Up-to-date: /home/azraa/ros2_ws/src/install/my_robot_interfaces/include/my_robot_interfaces/srv/detail/compute_rectangle_area__type_support.c
[0.459s] -- Up-to-date: /home/azraa/ros2_ws/src/install/my_robot_interfaces/include/my_robot_interfaces/srv/detail/compute_rectangle_area__rosidl_typesupport_introspection_c.h
[0.460s] -- Up-to-date: /home/azraa/ros2_ws/src/install/my_robot_interfaces/include/my_robot_interfaces/srv/detail/set_led__type_support.c
[0.460s] -- Up-to-date: /home/azraa/ros2_ws/src/install/my_robot_interfaces/lib/libmy_robot_interfaces__rosidl_typesupport_introspection_c.so
[0.461s] -- Up-to-date: /home/azraa/ros2_ws/src/install/my_robot_interfaces/lib/libmy_robot_interfaces__rosidl_typesupport_c.so
[0.461s] -- Up-to-date: /home/azraa/ros2_ws/src/install/my_robot_interfaces/include/my_robot_interfaces
[0.461s] -- Up-to-date: /home/azraa/ros2_ws/src/install/my_robot_interfaces/include/my_robot_interfaces/msg
[0.462s] -- Up-to-date: /home/azraa/ros2_ws/src/install/my_robot_interfaces/include/my_robot_interfaces/msg/detail
[0.462s] -- Up-to-date: /home/azraa/ros2_ws/src/install/my_robot_interfaces/include/my_robot_interfaces/msg/detail/led_states__builder.hpp
[0.462s] -- Up-to-date: /home/azraa/ros2_ws/src/install/my_robot_interfaces/include/my_robot_interfaces/msg/detail/hardware_status__struct.hpp
[0.462s] -- Up-to-date: /home/azraa/ros2_ws/src/install/my_robot_interfaces/include/my_robot_interfaces/msg/detail/hardware_status__traits.hpp
[0.462s] -- Up-to-date: /home/azraa/ros2_ws/src/install/my_robot_interfaces/include/my_robot_interfaces/msg/detail/hardware_status__builder.hpp
[0.463s] -- Up-to-date: /home/azraa/ros2_ws/src/install/my_robot_interfaces/include/my_robot_interfaces/msg/detail/led_states__struct.hpp
[0.463s] -- Up-to-date: /home/azraa/ros2_ws/src/install/my_robot_interfaces/include/my_robot_interfaces/msg/detail/led_states__traits.hpp
[0.463s] -- Up-to-date: /home/azraa/ros2_ws/src/install/my_robot_interfaces/include/my_robot_interfaces/msg/led_states.hpp
[0.463s] -- Up-to-date: /home/azraa/ros2_ws/src/install/my_robot_interfaces/include/my_robot_interfaces/msg/hardware_status.hpp
[0.463s] -- Up-to-date: /home/azraa/ros2_ws/src/install/my_robot_interfaces/include/my_robot_interfaces/srv
[0.464s] -- Up-to-date: /home/azraa/ros2_ws/src/install/my_robot_interfaces/include/my_robot_interfaces/srv/compute_rectangle_area.hpp
[0.464s] -- Up-to-date: /home/azraa/ros2_ws/src/install/my_robot_interfaces/include/my_robot_interfaces/srv/detail
[0.464s] -- Up-to-date: /home/azraa/ros2_ws/src/install/my_robot_interfaces/include/my_robot_interfaces/srv/detail/compute_rectangle_area__struct.hpp
[0.464s] -- Up-to-date: /home/azraa/ros2_ws/src/install/my_robot_interfaces/include/my_robot_interfaces/srv/detail/set_led__builder.hpp
[0.464s] -- Up-to-date: /home/azraa/ros2_ws/src/install/my_robot_interfaces/include/my_robot_interfaces/srv/detail/compute_rectangle_area__traits.hpp
[0.465s] -- Up-to-date: /home/azraa/ros2_ws/src/install/my_robot_interfaces/include/my_robot_interfaces/srv/detail/set_led__struct.hpp
[0.465s] -- Up-to-date: /home/azraa/ros2_ws/src/install/my_robot_interfaces/include/my_robot_interfaces/srv/detail/set_led__traits.hpp
[0.465s] -- Up-to-date: /home/azraa/ros2_ws/src/install/my_robot_interfaces/include/my_robot_interfaces/srv/detail/compute_rectangle_area__builder.hpp
[0.465s] -- Up-to-date: /home/azraa/ros2_ws/src/install/my_robot_interfaces/include/my_robot_interfaces/srv/set_led.hpp
[0.465s] -- Up-to-date: /home/azraa/ros2_ws/src/install/my_robot_interfaces/include/my_robot_interfaces
[0.466s] -- Up-to-date: /home/azraa/ros2_ws/src/install/my_robot_interfaces/include/my_robot_interfaces/msg
[0.466s] -- Up-to-date: /home/azraa/ros2_ws/src/install/my_robot_interfaces/include/my_robot_interfaces/msg/detail
[0.466s] -- Up-to-date: /home/azraa/ros2_ws/src/install/my_robot_interfaces/include/my_robot_interfaces/msg/detail/led_states__rosidl_typesupport_introspection_cpp.hpp
[0.466s] -- Up-to-date: /home/azraa/ros2_ws/src/install/my_robot_interfaces/include/my_robot_interfaces/msg/detail/hardware_status__type_support.cpp
[0.467s] -- Up-to-date: /home/azraa/ros2_ws/src/install/my_robot_interfaces/include/my_robot_interfaces/msg/detail/hardware_status__rosidl_typesupport_introspection_cpp.hpp
[0.467s] -- Up-to-date: /home/azraa/ros2_ws/src/install/my_robot_interfaces/include/my_robot_interfaces/msg/detail/led_states__type_support.cpp
[0.467s] -- Up-to-date: /home/azraa/ros2_ws/src/install/my_robot_interfaces/include/my_robot_interfaces/srv
[0.467s] -- Up-to-date: /home/azraa/ros2_ws/src/install/my_robot_interfaces/include/my_robot_interfaces/srv/detail
[0.467s] -- Up-to-date: /home/azraa/ros2_ws/src/install/my_robot_interfaces/include/my_robot_interfaces/srv/detail/compute_rectangle_area__type_support.cpp
[0.467s] -- Up-to-date: /home/azraa/ros2_ws/src/install/my_robot_interfaces/include/my_robot_interfaces/srv/detail/compute_rectangle_area__rosidl_typesupport_introspection_cpp.hpp
[0.468s] -- Up-to-date: /home/azraa/ros2_ws/src/install/my_robot_interfaces/include/my_robot_interfaces/srv/detail/set_led__rosidl_typesupport_introspection_cpp.hpp
[0.468s] -- Up-to-date: /home/azraa/ros2_ws/src/install/my_robot_interfaces/include/my_robot_interfaces/srv/detail/set_led__type_support.cpp
[0.468s] -- Up-to-date: /home/azraa/ros2_ws/src/install/my_robot_interfaces/lib/libmy_robot_interfaces__rosidl_typesupport_introspection_cpp.so
[0.469s] -- Up-to-date: /home/azraa/ros2_ws/src/install/my_robot_interfaces/lib/libmy_robot_interfaces__rosidl_typesupport_cpp.so
[0.469s] -- Up-to-date: /home/azraa/ros2_ws/src/install/my_robot_interfaces/share/my_robot_interfaces/environment/pythonpath.sh
[0.470s] -- Up-to-date: /home/azraa/ros2_ws/src/install/my_robot_interfaces/share/my_robot_interfaces/environment/pythonpath.dsv
[0.470s] -- Up-to-date: /home/azraa/ros2_ws/src/install/my_robot_interfaces/lib/python3.8/site-packages/my_robot_interfaces/__init__.py
[0.515s] -- Up-to-date: /home/azraa/ros2_ws/src/install/my_robot_interfaces/lib/python3.8/site-packages/my_robot_interfaces/msg
[0.515s] -- Up-to-date: /home/azraa/ros2_ws/src/install/my_robot_interfaces/lib/python3.8/site-packages/my_robot_interfaces/msg/_led_states.py
[0.515s] -- Up-to-date: /home/azraa/ros2_ws/src/install/my_robot_interfaces/lib/python3.8/site-packages/my_robot_interfaces/msg/_hardware_status_s.c
[0.516s] -- Up-to-date: /home/azraa/ros2_ws/src/install/my_robot_interfaces/lib/python3.8/site-packages/my_robot_interfaces/msg/_led_states_s.c
[0.516s] -- Up-to-date: /home/azraa/ros2_ws/src/install/my_robot_interfaces/lib/python3.8/site-packages/my_robot_interfaces/msg/__init__.py
[0.516s] -- Up-to-date: /home/azraa/ros2_ws/src/install/my_robot_interfaces/lib/python3.8/site-packages/my_robot_interfaces/msg/_hardware_status.py
[0.516s] -- Up-to-date: /home/azraa/ros2_ws/src/install/my_robot_interfaces/lib/python3.8/site-packages/my_robot_interfaces/srv
[0.516s] -- Up-to-date: /home/azraa/ros2_ws/src/install/my_robot_interfaces/lib/python3.8/site-packages/my_robot_interfaces/srv/_compute_rectangle_area.py
[0.516s] -- Up-to-date: /home/azraa/ros2_ws/src/install/my_robot_interfaces/lib/python3.8/site-packages/my_robot_interfaces/srv/_compute_rectangle_area_s.c
[0.516s] -- Up-to-date: /home/azraa/ros2_ws/src/install/my_robot_interfaces/lib/python3.8/site-packages/my_robot_interfaces/srv/_set_led_s.c
[0.516s] -- Up-to-date: /home/azraa/ros2_ws/src/install/my_robot_interfaces/lib/python3.8/site-packages/my_robot_interfaces/srv/__init__.py
[0.516s] -- Up-to-date: /home/azraa/ros2_ws/src/install/my_robot_interfaces/lib/python3.8/site-packages/my_robot_interfaces/srv/_set_led.py
[0.516s] -- Up-to-date: /home/azraa/ros2_ws/src/install/my_robot_interfaces/lib/python3.8/site-packages/my_robot_interfaces/my_robot_interfaces_s__rosidl_typesupport_fastrtps_c.cpython-38-x86_64-linux-gnu.so
[0.516s] -- Up-to-date: /home/azraa/ros2_ws/src/install/my_robot_interfaces/lib/python3.8/site-packages/my_robot_interfaces/my_robot_interfaces_s__rosidl_typesupport_introspection_c.cpython-38-x86_64-linux-gnu.so
[0.517s] -- Up-to-date: /home/azraa/ros2_ws/src/install/my_robot_interfaces/lib/python3.8/site-packages/my_robot_interfaces/my_robot_interfaces_s__rosidl_typesupport_c.cpython-38-x86_64-linux-gnu.so
[0.517s] -- Up-to-date: /home/azraa/ros2_ws/src/install/my_robot_interfaces/lib/libmy_robot_interfaces__python.so
[0.518s] -- Up-to-date: /home/azraa/ros2_ws/src/install/my_robot_interfaces/share/my_robot_interfaces/msg/HardwareStatus.idl
[0.518s] -- Up-to-date: /home/azraa/ros2_ws/src/install/my_robot_interfaces/share/my_robot_interfaces/msg/LedStates.idl
[0.518s] -- Up-to-date: /home/azraa/ros2_ws/src/install/my_robot_interfaces/share/my_robot_interfaces/srv/ComputeRectangleArea.idl
[0.519s] -- Up-to-date: /home/azraa/ros2_ws/src/install/my_robot_interfaces/share/my_robot_interfaces/srv/SetLed.idl
[0.519s] -- Up-to-date: /home/azraa/ros2_ws/src/install/my_robot_interfaces/share/my_robot_interfaces/msg/HardwareStatus.msg
[0.519s] -- Up-to-date: /home/azraa/ros2_ws/src/install/my_robot_interfaces/share/my_robot_interfaces/msg/LedStates.msg
[0.519s] -- Up-to-date: /home/azraa/ros2_ws/src/install/my_robot_interfaces/share/my_robot_interfaces/srv/ComputeRectangleArea.srv
[0.519s] -- Up-to-date: /home/azraa/ros2_ws/src/install/my_robot_interfaces/share/my_robot_interfaces/srv/ComputeRectangleArea_Request.msg
[0.520s] -- Up-to-date: /home/azraa/ros2_ws/src/install/my_robot_interfaces/share/my_robot_interfaces/srv/ComputeRectangleArea_Response.msg
[0.520s] -- Up-to-date: /home/azraa/ros2_ws/src/install/my_robot_interfaces/share/my_robot_interfaces/srv/SetLed.srv
[0.520s] -- Up-to-date: /home/azraa/ros2_ws/src/install/my_robot_interfaces/share/my_robot_interfaces/srv/SetLed_Request.msg
[0.520s] -- Up-to-date: /home/azraa/ros2_ws/src/install/my_robot_interfaces/share/my_robot_interfaces/srv/SetLed_Response.msg
[0.520s] -- Up-to-date: /home/azraa/ros2_ws/src/install/my_robot_interfaces/share/ament_index/resource_index/package_run_dependencies/my_robot_interfaces
[0.520s] -- Up-to-date: /home/azraa/ros2_ws/src/install/my_robot_interfaces/share/ament_index/resource_index/parent_prefix_path/my_robot_interfaces
[0.520s] -- Up-to-date: /home/azraa/ros2_ws/src/install/my_robot_interfaces/share/my_robot_interfaces/environment/ament_prefix_path.sh
[0.521s] -- Up-to-date: /home/azraa/ros2_ws/src/install/my_robot_interfaces/share/my_robot_interfaces/environment/ament_prefix_path.dsv
[0.521s] -- Up-to-date: /home/azraa/ros2_ws/src/install/my_robot_interfaces/share/my_robot_interfaces/environment/path.sh
[0.521s] -- Up-to-date: /home/azraa/ros2_ws/src/install/my_robot_interfaces/share/my_robot_interfaces/environment/path.dsv
[0.521s] -- Up-to-date: /home/azraa/ros2_ws/src/install/my_robot_interfaces/share/my_robot_interfaces/local_setup.bash
[0.521s] -- Up-to-date: /home/azraa/ros2_ws/src/install/my_robot_interfaces/share/my_robot_interfaces/local_setup.sh
[0.521s] -- Up-to-date: /home/azraa/ros2_ws/src/install/my_robot_interfaces/share/my_robot_interfaces/local_setup.zsh
[0.521s] -- Up-to-date: /home/azraa/ros2_ws/src/install/my_robot_interfaces/share/my_robot_interfaces/local_setup.dsv
[0.521s] -- Installing: /home/azraa/ros2_ws/src/install/my_robot_interfaces/share/my_robot_interfaces/package.dsv
[0.522s] -- Up-to-date: /home/azraa/ros2_ws/src/install/my_robot_interfaces/share/ament_index/resource_index/packages/my_robot_interfaces
[0.522s] -- Up-to-date: /home/azraa/ros2_ws/src/install/my_robot_interfaces/share/my_robot_interfaces/cmake/my_robot_interfaces__rosidl_generator_cExport.cmake
[0.522s] -- Up-to-date: /home/azraa/ros2_ws/src/install/my_robot_interfaces/share/my_robot_interfaces/cmake/my_robot_interfaces__rosidl_generator_cExport-noconfig.cmake
[0.522s] -- Up-to-date: /home/azraa/ros2_ws/src/install/my_robot_interfaces/share/my_robot_interfaces/cmake/my_robot_interfaces__rosidl_typesupport_introspection_cExport.cmake
[0.522s] -- Up-to-date: /home/azraa/ros2_ws/src/install/my_robot_interfaces/share/my_robot_interfaces/cmake/my_robot_interfaces__rosidl_typesupport_introspection_cExport-noconfig.cmake
[0.522s] -- Up-to-date: /home/azraa/ros2_ws/src/install/my_robot_interfaces/share/my_robot_interfaces/cmake/my_robot_interfaces__rosidl_typesupport_cExport.cmake
[0.522s] -- Up-to-date: /home/azraa/ros2_ws/src/install/my_robot_interfaces/share/my_robot_interfaces/cmake/my_robot_interfaces__rosidl_typesupport_cExport-noconfig.cmake
[0.522s] -- Up-to-date: /home/azraa/ros2_ws/src/install/my_robot_interfaces/share/my_robot_interfaces/cmake/my_robot_interfaces__rosidl_generator_cppExport.cmake
[0.522s] -- Up-to-date: /home/azraa/ros2_ws/src/install/my_robot_interfaces/share/my_robot_interfaces/cmake/my_robot_interfaces__rosidl_typesupport_introspection_cppExport.cmake
[0.523s] -- Up-to-date: /home/azraa/ros2_ws/src/install/my_robot_interfaces/share/my_robot_interfaces/cmake/my_robot_interfaces__rosidl_typesupport_introspection_cppExport-noconfig.cmake
[0.523s] -- Up-to-date: /home/azraa/ros2_ws/src/install/my_robot_interfaces/share/my_robot_interfaces/cmake/my_robot_interfaces__rosidl_typesupport_cppExport.cmake
[0.523s] -- Up-to-date: /home/azraa/ros2_ws/src/install/my_robot_interfaces/share/my_robot_interfaces/cmake/my_robot_interfaces__rosidl_typesupport_cppExport-noconfig.cmake
[0.523s] -- Up-to-date: /home/azraa/ros2_ws/src/install/my_robot_interfaces/share/my_robot_interfaces/cmake/rosidl_cmake-extras.cmake
[0.523s] -- Up-to-date: /home/azraa/ros2_ws/src/install/my_robot_interfaces/share/my_robot_interfaces/cmake/ament_cmake_export_dependencies-extras.cmake
[0.523s] -- Up-to-date: /home/azraa/ros2_ws/src/install/my_robot_interfaces/share/my_robot_interfaces/cmake/ament_cmake_export_libraries-extras.cmake
[0.523s] -- Up-to-date: /home/azraa/ros2_ws/src/install/my_robot_interfaces/share/my_robot_interfaces/cmake/ament_cmake_export_targets-extras.cmake
[0.523s] -- Up-to-date: /home/azraa/ros2_ws/src/install/my_robot_interfaces/share/my_robot_interfaces/cmake/ament_cmake_export_include_directories-extras.cmake
[0.523s] -- Up-to-date: /home/azraa/ros2_ws/src/install/my_robot_interfaces/share/my_robot_interfaces/cmake/rosidl_cmake_export_typesupport_libraries-extras.cmake
[0.524s] -- Up-to-date: /home/azraa/ros2_ws/src/install/my_robot_interfaces/share/my_robot_interfaces/cmake/rosidl_cmake_export_typesupport_targets-extras.cmake
[0.524s] -- Up-to-date: /home/azraa/ros2_ws/src/install/my_robot_interfaces/share/my_robot_interfaces/cmake/my_robot_interfacesConfig.cmake
[0.524s] -- Up-to-date: /home/azraa/ros2_ws/src/install/my_robot_interfaces/share/my_robot_interfaces/cmake/my_robot_interfacesConfig-version.cmake
[0.524s] -- Up-to-date: /home/azraa/ros2_ws/src/install/my_robot_interfaces/share/my_robot_interfaces/package.xml
[0.526s] Invoked command in '/home/azraa/ros2_ws/src/build/my_robot_interfaces' returned '0': CMAKE_PREFIX_PATH=${CMAKE_PREFIX_PATH}:/home/azraa/ros2_ws/install/my_py_pkg:/opt/ros/foxy /usr/bin/cmake --install /home/azraa/ros2_ws/src/build/my_robot_interfaces
