[0.219s] DEBUG:colcon:Command line arguments: ['/usr/bin/colcon', 'build']
[0.219s] DEBUG:colcon:Parsed command line arguments: Namespace(allow_overriding=[], ament_cmake_args=None, base_paths=['.'], build_base='build', catkin_cmake_args=None, catkin_skip_building_tests=False, cmake_args=None, cmake_clean_cache=False, cmake_clean_first=False, cmake_force_configure=False, cmake_target=None, cmake_target_skip_unavailable=False, continue_on_error=False, event_handlers=None, executor='parallel', ignore_user_meta=False, install_base='install', log_base=None, log_level=None, main=<bound method BuildVerb.main of <colcon_core.verb.build.BuildVerb object at 0x7fc98c7b6850>>, merge_install=False, metas=['./colcon.meta'], packages_above=None, packages_above_and_dependencies=None, packages_above_depth=None, packages_end=None, packages_ignore=None, packages_ignore_regex=None, packages_select=None, packages_select_build_failed=False, packages_select_by_dep=None, packages_select_regex=None, packages_select_test_failures=False, packages_skip=None, packages_skip_build_finished=False, packages_skip_by_dep=None, packages_skip_regex=None, packages_skip_test_passed=False, packages_skip_up_to=None, packages_start=None, packages_up_to=None, packages_up_to_regex=None, parallel_workers=4, paths=None, symlink_install=False, test_result_base=None, verb_extension=<colcon_core.verb.build.BuildVerb object at 0x7fc98c7b6850>, verb_name='build', verb_parser=<colcon_defaults.argument_parser.defaults.DefaultArgumentsDecorator object at 0x7fc98c7b6dc0>)
[0.252s] Level 1:colcon.colcon_core.package_discovery:discover_packages(colcon_meta) check parameters
[0.252s] Level 1:colcon.colcon_core.package_discovery:discover_packages(recursive) check parameters
[0.252s] Level 1:colcon.colcon_core.package_discovery:discover_packages(ignore) check parameters
[0.252s] Level 1:colcon.colcon_core.package_discovery:discover_packages(path) check parameters
[0.252s] Level 1:colcon.colcon_core.package_discovery:discover_packages(colcon_meta) discover
[0.252s] Level 1:colcon.colcon_core.package_discovery:discover_packages(recursive) discover
[0.253s] INFO:colcon.colcon_core.package_discovery:Crawling recursively for packages in '/home/azraa/ros2_ws'
[0.253s] Level 1:colcon.colcon_core.package_identification:_identify(.) by extensions ['ignore', 'ignore_ament_install']
[0.253s] Level 1:colcon.colcon_core.package_identification:_identify(.) by extension 'ignore'
[0.253s] Level 1:colcon.colcon_core.package_identification:_identify(.) by extension 'ignore_ament_install'
[0.253s] Level 1:colcon.colcon_core.package_identification:_identify(.) by extensions ['colcon_pkg']
[0.253s] Level 1:colcon.colcon_core.package_identification:_identify(.) by extension 'colcon_pkg'
[0.253s] Level 1:colcon.colcon_core.package_identification:_identify(.) by extensions ['colcon_meta']
[0.253s] Level 1:colcon.colcon_core.package_identification:_identify(.) by extension 'colcon_meta'
[0.253s] Level 1:colcon.colcon_core.package_identification:_identify(.) by extensions ['ros']
[0.253s] Level 1:colcon.colcon_core.package_identification:_identify(.) by extension 'ros'
[0.273s] Level 1:colcon.colcon_core.package_identification:_identify(.) by extensions ['cmake', 'python']
[0.273s] Level 1:colcon.colcon_core.package_identification:_identify(.) by extension 'cmake'
[0.274s] Level 1:colcon.colcon_core.package_identification:_identify(.) by extension 'python'
[0.274s] Level 1:colcon.colcon_core.package_identification:_identify(.) by extensions ['python_setup_py']
[0.274s] Level 1:colcon.colcon_core.package_identification:_identify(.) by extension 'python_setup_py'
[0.274s] Level 1:colcon.colcon_core.package_identification:_identify(build) by extensions ['ignore', 'ignore_ament_install']
[0.274s] Level 1:colcon.colcon_core.package_identification:_identify(build) by extension 'ignore'
[0.274s] Level 1:colcon.colcon_core.package_identification:_identify(build) ignored
[0.274s] Level 1:colcon.colcon_core.package_identification:_identify(install) by extensions ['ignore', 'ignore_ament_install']
[0.274s] Level 1:colcon.colcon_core.package_identification:_identify(install) by extension 'ignore'
[0.274s] Level 1:colcon.colcon_core.package_identification:_identify(install) ignored
[0.275s] Level 1:colcon.colcon_core.package_identification:_identify(log) by extensions ['ignore', 'ignore_ament_install']
[0.275s] Level 1:colcon.colcon_core.package_identification:_identify(log) by extension 'ignore'
[0.275s] Level 1:colcon.colcon_core.package_identification:_identify(log) ignored
[0.275s] Level 1:colcon.colcon_core.package_identification:_identify(rosbag2video) by extensions ['ignore', 'ignore_ament_install']
[0.275s] Level 1:colcon.colcon_core.package_identification:_identify(rosbag2video) by extension 'ignore'
[0.275s] Level 1:colcon.colcon_core.package_identification:_identify(rosbag2video) by extension 'ignore_ament_install'
[0.275s] Level 1:colcon.colcon_core.package_identification:_identify(rosbag2video) by extensions ['colcon_pkg']
[0.275s] Level 1:colcon.colcon_core.package_identification:_identify(rosbag2video) by extension 'colcon_pkg'
[0.275s] Level 1:colcon.colcon_core.package_identification:_identify(rosbag2video) by extensions ['colcon_meta']
[0.275s] Level 1:colcon.colcon_core.package_identification:_identify(rosbag2video) by extension 'colcon_meta'
[0.275s] Level 1:colcon.colcon_core.package_identification:_identify(rosbag2video) by extensions ['ros']
[0.275s] Level 1:colcon.colcon_core.package_identification:_identify(rosbag2video) by extension 'ros'
[0.275s] Level 1:colcon.colcon_core.package_identification:_identify(rosbag2video) by extensions ['cmake', 'python']
[0.275s] Level 1:colcon.colcon_core.package_identification:_identify(rosbag2video) by extension 'cmake'
[0.276s] Level 1:colcon.colcon_core.package_identification:_identify(rosbag2video) by extension 'python'
[0.276s] Level 1:colcon.colcon_core.package_identification:_identify(rosbag2video) by extensions ['python_setup_py']
[0.276s] Level 1:colcon.colcon_core.package_identification:_identify(rosbag2video) by extension 'python_setup_py'
[0.276s] Level 1:colcon.colcon_core.package_identification:_identify(src) by extensions ['ignore', 'ignore_ament_install']
[0.276s] Level 1:colcon.colcon_core.package_identification:_identify(src) by extension 'ignore'
[0.276s] Level 1:colcon.colcon_core.package_identification:_identify(src) by extension 'ignore_ament_install'
[0.276s] Level 1:colcon.colcon_core.package_identification:_identify(src) by extensions ['colcon_pkg']
[0.276s] Level 1:colcon.colcon_core.package_identification:_identify(src) by extension 'colcon_pkg'
[0.276s] Level 1:colcon.colcon_core.package_identification:_identify(src) by extensions ['colcon_meta']
[0.276s] Level 1:colcon.colcon_core.package_identification:_identify(src) by extension 'colcon_meta'
[0.276s] Level 1:colcon.colcon_core.package_identification:_identify(src) by extensions ['ros']
[0.276s] Level 1:colcon.colcon_core.package_identification:_identify(src) by extension 'ros'
[0.276s] Level 1:colcon.colcon_core.package_identification:_identify(src) by extensions ['cmake', 'python']
[0.276s] Level 1:colcon.colcon_core.package_identification:_identify(src) by extension 'cmake'
[0.276s] Level 1:colcon.colcon_core.package_identification:_identify(src) by extension 'python'
[0.276s] Level 1:colcon.colcon_core.package_identification:_identify(src) by extensions ['python_setup_py']
[0.276s] Level 1:colcon.colcon_core.package_identification:_identify(src) by extension 'python_setup_py'
[0.277s] Level 1:colcon.colcon_core.package_identification:_identify(src/build) by extensions ['ignore', 'ignore_ament_install']
[0.277s] Level 1:colcon.colcon_core.package_identification:_identify(src/build) by extension 'ignore'
[0.277s] Level 1:colcon.colcon_core.package_identification:_identify(src/build) ignored
[0.277s] Level 1:colcon.colcon_core.package_identification:_identify(src/install) by extensions ['ignore', 'ignore_ament_install']
[0.277s] Level 1:colcon.colcon_core.package_identification:_identify(src/install) by extension 'ignore'
[0.277s] Level 1:colcon.colcon_core.package_identification:_identify(src/install) ignored
[0.277s] Level 1:colcon.colcon_core.package_identification:_identify(src/log) by extensions ['ignore', 'ignore_ament_install']
[0.277s] Level 1:colcon.colcon_core.package_identification:_identify(src/log) by extension 'ignore'
[0.277s] Level 1:colcon.colcon_core.package_identification:_identify(src/log) ignored
[0.277s] Level 1:colcon.colcon_core.package_identification:_identify(src/my_cpp_pkg) by extensions ['ignore', 'ignore_ament_install']
[0.278s] Level 1:colcon.colcon_core.package_identification:_identify(src/my_cpp_pkg) by extension 'ignore'
[0.278s] Level 1:colcon.colcon_core.package_identification:_identify(src/my_cpp_pkg) by extension 'ignore_ament_install'
[0.278s] Level 1:colcon.colcon_core.package_identification:_identify(src/my_cpp_pkg) by extensions ['colcon_pkg']
[0.278s] Level 1:colcon.colcon_core.package_identification:_identify(src/my_cpp_pkg) by extension 'colcon_pkg'
[0.278s] Level 1:colcon.colcon_core.package_identification:_identify(src/my_cpp_pkg) by extensions ['colcon_meta']
[0.278s] Level 1:colcon.colcon_core.package_identification:_identify(src/my_cpp_pkg) by extension 'colcon_meta'
[0.278s] Level 1:colcon.colcon_core.package_identification:_identify(src/my_cpp_pkg) by extensions ['ros']
[0.278s] Level 1:colcon.colcon_core.package_identification:_identify(src/my_cpp_pkg) by extension 'ros'
[0.282s] DEBUG:colcon.colcon_core.package_identification:Package 'src/my_cpp_pkg' with type 'ros.ament_cmake' and name 'my_cpp_pkg'
[0.282s] Level 1:colcon.colcon_core.package_identification:_identify(src/my_py_pkg) by extensions ['ignore', 'ignore_ament_install']
[0.282s] Level 1:colcon.colcon_core.package_identification:_identify(src/my_py_pkg) by extension 'ignore'
[0.282s] Level 1:colcon.colcon_core.package_identification:_identify(src/my_py_pkg) by extension 'ignore_ament_install'
[0.282s] Level 1:colcon.colcon_core.package_identification:_identify(src/my_py_pkg) by extensions ['colcon_pkg']
[0.282s] Level 1:colcon.colcon_core.package_identification:_identify(src/my_py_pkg) by extension 'colcon_pkg'
[0.282s] Level 1:colcon.colcon_core.package_identification:_identify(src/my_py_pkg) by extensions ['colcon_meta']
[0.282s] Level 1:colcon.colcon_core.package_identification:_identify(src/my_py_pkg) by extension 'colcon_meta'
[0.282s] Level 1:colcon.colcon_core.package_identification:_identify(src/my_py_pkg) by extensions ['ros']
[0.282s] Level 1:colcon.colcon_core.package_identification:_identify(src/my_py_pkg) by extension 'ros'
[0.283s] DEBUG:colcon.colcon_core.package_identification:Failed to parse potential ROS package manifest in'src/my_py_pkg': Error(s) in package 'src/my_py_pkg/package.xml':
The manifest contains invalid XML:
mismatched tag: line 14, column 20
[0.283s] Level 1:colcon.colcon_core.package_identification:_identify(src/my_py_pkg) by extensions ['cmake', 'python']
[0.283s] Level 1:colcon.colcon_core.package_identification:_identify(src/my_py_pkg) by extension 'cmake'
[0.283s] Level 1:colcon.colcon_core.package_identification:_identify(src/my_py_pkg) by extension 'python'
[0.283s] DEBUG:colcon.colcon_core.package_identification:Python package in 'src/my_py_pkg' passes arguments to the setup() function which requires a different identification extension than 'python'
[0.283s] Level 1:colcon.colcon_core.package_identification:_identify(src/my_py_pkg) by extensions ['python_setup_py']
[0.283s] Level 1:colcon.colcon_core.package_identification:_identify(src/my_py_pkg) by extension 'python_setup_py'
[0.566s] DEBUG:colcon.colcon_core.package_identification:Package 'src/my_py_pkg' with type 'python' and name 'my_py_pkg'
[0.567s] Level 1:colcon.colcon_core.package_identification:_identify(src/my_robot_bringup) by extensions ['ignore', 'ignore_ament_install']
[0.567s] Level 1:colcon.colcon_core.package_identification:_identify(src/my_robot_bringup) by extension 'ignore'
[0.567s] Level 1:colcon.colcon_core.package_identification:_identify(src/my_robot_bringup) by extension 'ignore_ament_install'
[0.567s] Level 1:colcon.colcon_core.package_identification:_identify(src/my_robot_bringup) by extensions ['colcon_pkg']
[0.567s] Level 1:colcon.colcon_core.package_identification:_identify(src/my_robot_bringup) by extension 'colcon_pkg'
[0.567s] Level 1:colcon.colcon_core.package_identification:_identify(src/my_robot_bringup) by extensions ['colcon_meta']
[0.567s] Level 1:colcon.colcon_core.package_identification:_identify(src/my_robot_bringup) by extension 'colcon_meta'
[0.567s] Level 1:colcon.colcon_core.package_identification:_identify(src/my_robot_bringup) by extensions ['ros']
[0.568s] Level 1:colcon.colcon_core.package_identification:_identify(src/my_robot_bringup) by extension 'ros'
[0.568s] DEBUG:colcon.colcon_core.package_identification:Package 'src/my_robot_bringup' with type 'ros.ament_cmake' and name 'my_robot_bringup'
[0.569s] Level 1:colcon.colcon_core.package_identification:_identify(src/my_robot_interfaces) by extensions ['ignore', 'ignore_ament_install']
[0.569s] Level 1:colcon.colcon_core.package_identification:_identify(src/my_robot_interfaces) by extension 'ignore'
[0.569s] Level 1:colcon.colcon_core.package_identification:_identify(src/my_robot_interfaces) by extension 'ignore_ament_install'
[0.569s] Level 1:colcon.colcon_core.package_identification:_identify(src/my_robot_interfaces) by extensions ['colcon_pkg']
[0.569s] Level 1:colcon.colcon_core.package_identification:_identify(src/my_robot_interfaces) by extension 'colcon_pkg'
[0.569s] Level 1:colcon.colcon_core.package_identification:_identify(src/my_robot_interfaces) by extensions ['colcon_meta']
[0.569s] Level 1:colcon.colcon_core.package_identification:_identify(src/my_robot_interfaces) by extension 'colcon_meta'
[0.569s] Level 1:colcon.colcon_core.package_identification:_identify(src/my_robot_interfaces) by extensions ['ros']
[0.569s] Level 1:colcon.colcon_core.package_identification:_identify(src/my_robot_interfaces) by extension 'ros'
[0.570s] DEBUG:colcon.colcon_core.package_identification:Package 'src/my_robot_interfaces' with type 'ros.ament_cmake' and name 'my_robot_interfaces'
[0.570s] Level 1:colcon.colcon_core.package_discovery:discover_packages(recursive) using defaults
[0.570s] Level 1:colcon.colcon_core.package_discovery:discover_packages(ignore) discover
[0.570s] Level 1:colcon.colcon_core.package_discovery:discover_packages(ignore) using defaults
[0.570s] Level 1:colcon.colcon_core.package_discovery:discover_packages(path) discover
[0.570s] Level 1:colcon.colcon_core.package_discovery:discover_packages(path) using defaults
[0.611s] Level 1:colcon.colcon_core.package_discovery:discover_packages(prefix_path) check parameters
[0.611s] Level 1:colcon.colcon_core.package_discovery:discover_packages(prefix_path) discover
[0.615s] DEBUG:colcon.colcon_installed_package_information.package_discovery:Found 5 installed packages in /home/azraa/ros2_ws/install
[0.617s] DEBUG:colcon.colcon_installed_package_information.package_discovery:Found 260 installed packages in /opt/ros/foxy
[0.620s] Level 1:colcon.colcon_core.package_discovery:discover_packages(prefix_path) using defaults
[0.716s] Level 5:colcon.colcon_core.verb:set package 'my_py_pkg' build argument 'cmake_args' from command line to 'None'
[0.716s] Level 5:colcon.colcon_core.verb:set package 'my_py_pkg' build argument 'cmake_target' from command line to 'None'
[0.716s] Level 5:colcon.colcon_core.verb:set package 'my_py_pkg' build argument 'cmake_target_skip_unavailable' from command line to 'False'
[0.716s] Level 5:colcon.colcon_core.verb:set package 'my_py_pkg' build argument 'cmake_clean_cache' from command line to 'False'
[0.716s] Level 5:colcon.colcon_core.verb:set package 'my_py_pkg' build argument 'cmake_clean_first' from command line to 'False'
[0.716s] Level 5:colcon.colcon_core.verb:set package 'my_py_pkg' build argument 'cmake_force_configure' from command line to 'False'
[0.717s] Level 5:colcon.colcon_core.verb:set package 'my_py_pkg' build argument 'ament_cmake_args' from command line to 'None'
[0.717s] Level 5:colcon.colcon_core.verb:set package 'my_py_pkg' build argument 'catkin_cmake_args' from command line to 'None'
[0.717s] Level 5:colcon.colcon_core.verb:set package 'my_py_pkg' build argument 'catkin_skip_building_tests' from command line to 'False'
[0.717s] DEBUG:colcon.colcon_core.verb:Building package 'my_py_pkg' with the following arguments: {'ament_cmake_args': None, 'build_base': '/home/azraa/ros2_ws/build/my_py_pkg', 'catkin_cmake_args': None, 'catkin_skip_building_tests': False, 'cmake_args': None, 'cmake_clean_cache': False, 'cmake_clean_first': False, 'cmake_force_configure': False, 'cmake_target': None, 'cmake_target_skip_unavailable': False, 'install_base': '/home/azraa/ros2_ws/install/my_py_pkg', 'merge_install': False, 'path': '/home/azraa/ros2_ws/src/my_py_pkg', 'symlink_install': False, 'test_result_base': None}
[0.718s] Level 5:colcon.colcon_core.verb:set package 'my_robot_interfaces' build argument 'cmake_args' from command line to 'None'
[0.718s] Level 5:colcon.colcon_core.verb:set package 'my_robot_interfaces' build argument 'cmake_target' from command line to 'None'
[0.718s] Level 5:colcon.colcon_core.verb:set package 'my_robot_interfaces' build argument 'cmake_target_skip_unavailable' from command line to 'False'
[0.718s] Level 5:colcon.colcon_core.verb:set package 'my_robot_interfaces' build argument 'cmake_clean_cache' from command line to 'False'
[0.718s] Level 5:colcon.colcon_core.verb:set package 'my_robot_interfaces' build argument 'cmake_clean_first' from command line to 'False'
[0.718s] Level 5:colcon.colcon_core.verb:set package 'my_robot_interfaces' build argument 'cmake_force_configure' from command line to 'False'
[0.718s] Level 5:colcon.colcon_core.verb:set package 'my_robot_interfaces' build argument 'ament_cmake_args' from command line to 'None'
[0.719s] Level 5:colcon.colcon_core.verb:set package 'my_robot_interfaces' build argument 'catkin_cmake_args' from command line to 'None'
[0.719s] Level 5:colcon.colcon_core.verb:set package 'my_robot_interfaces' build argument 'catkin_skip_building_tests' from command line to 'False'
[0.719s] DEBUG:colcon.colcon_core.verb:Building package 'my_robot_interfaces' with the following arguments: {'ament_cmake_args': None, 'build_base': '/home/azraa/ros2_ws/build/my_robot_interfaces', 'catkin_cmake_args': None, 'catkin_skip_building_tests': False, 'cmake_args': None, 'cmake_clean_cache': False, 'cmake_clean_first': False, 'cmake_force_configure': False, 'cmake_target': None, 'cmake_target_skip_unavailable': False, 'install_base': '/home/azraa/ros2_ws/install/my_robot_interfaces', 'merge_install': False, 'path': '/home/azraa/ros2_ws/src/my_robot_interfaces', 'symlink_install': False, 'test_result_base': None}
[0.720s] Level 5:colcon.colcon_core.verb:set package 'my_cpp_pkg' build argument 'cmake_args' from command line to 'None'
[0.720s] Level 5:colcon.colcon_core.verb:set package 'my_cpp_pkg' build argument 'cmake_target' from command line to 'None'
[0.720s] Level 5:colcon.colcon_core.verb:set package 'my_cpp_pkg' build argument 'cmake_target_skip_unavailable' from command line to 'False'
[0.720s] Level 5:colcon.colcon_core.verb:set package 'my_cpp_pkg' build argument 'cmake_clean_cache' from command line to 'False'
[0.720s] Level 5:colcon.colcon_core.verb:set package 'my_cpp_pkg' build argument 'cmake_clean_first' from command line to 'False'
[0.720s] Level 5:colcon.colcon_core.verb:set package 'my_cpp_pkg' build argument 'cmake_force_configure' from command line to 'False'
[0.720s] Level 5:colcon.colcon_core.verb:set package 'my_cpp_pkg' build argument 'ament_cmake_args' from command line to 'None'
[0.720s] Level 5:colcon.colcon_core.verb:set package 'my_cpp_pkg' build argument 'catkin_cmake_args' from command line to 'None'
[0.720s] Level 5:colcon.colcon_core.verb:set package 'my_cpp_pkg' build argument 'catkin_skip_building_tests' from command line to 'False'
[0.720s] DEBUG:colcon.colcon_core.verb:Building package 'my_cpp_pkg' with the following arguments: {'ament_cmake_args': None, 'build_base': '/home/azraa/ros2_ws/build/my_cpp_pkg', 'catkin_cmake_args': None, 'catkin_skip_building_tests': False, 'cmake_args': None, 'cmake_clean_cache': False, 'cmake_clean_first': False, 'cmake_force_configure': False, 'cmake_target': None, 'cmake_target_skip_unavailable': False, 'install_base': '/home/azraa/ros2_ws/install/my_cpp_pkg', 'merge_install': False, 'path': '/home/azraa/ros2_ws/src/my_cpp_pkg', 'symlink_install': False, 'test_result_base': None}
[0.722s] Level 5:colcon.colcon_core.verb:set package 'my_robot_bringup' build argument 'cmake_args' from command line to 'None'
[0.722s] Level 5:colcon.colcon_core.verb:set package 'my_robot_bringup' build argument 'cmake_target' from command line to 'None'
[0.722s] Level 5:colcon.colcon_core.verb:set package 'my_robot_bringup' build argument 'cmake_target_skip_unavailable' from command line to 'False'
[0.722s] Level 5:colcon.colcon_core.verb:set package 'my_robot_bringup' build argument 'cmake_clean_cache' from command line to 'False'
[0.722s] Level 5:colcon.colcon_core.verb:set package 'my_robot_bringup' build argument 'cmake_clean_first' from command line to 'False'
[0.722s] Level 5:colcon.colcon_core.verb:set package 'my_robot_bringup' build argument 'cmake_force_configure' from command line to 'False'
[0.722s] Level 5:colcon.colcon_core.verb:set package 'my_robot_bringup' build argument 'ament_cmake_args' from command line to 'None'
[0.722s] Level 5:colcon.colcon_core.verb:set package 'my_robot_bringup' build argument 'catkin_cmake_args' from command line to 'None'
[0.722s] Level 5:colcon.colcon_core.verb:set package 'my_robot_bringup' build argument 'catkin_skip_building_tests' from command line to 'False'
[0.722s] DEBUG:colcon.colcon_core.verb:Building package 'my_robot_bringup' with the following arguments: {'ament_cmake_args': None, 'build_base': '/home/azraa/ros2_ws/build/my_robot_bringup', 'catkin_cmake_args': None, 'catkin_skip_building_tests': False, 'cmake_args': None, 'cmake_clean_cache': False, 'cmake_clean_first': False, 'cmake_force_configure': False, 'cmake_target': None, 'cmake_target_skip_unavailable': False, 'install_base': '/home/azraa/ros2_ws/install/my_robot_bringup', 'merge_install': False, 'path': '/home/azraa/ros2_ws/src/my_robot_bringup', 'symlink_install': False, 'test_result_base': None}
[0.723s] INFO:colcon.colcon_core.executor:Executing jobs using 'parallel' executor
[0.730s] DEBUG:colcon.colcon_parallel_executor.executor.parallel:run_until_complete
[0.730s] INFO:colcon.colcon_ros.task.ament_cmake.build:Building ROS package in '/home/azraa/ros2_ws/src/my_robot_interfaces' with build type 'ament_cmake'
[0.730s] INFO:colcon.colcon_cmake.task.cmake.build:Building CMake package in '/home/azraa/ros2_ws/src/my_robot_interfaces'
[0.737s] INFO:colcon.colcon_core.plugin_system:Skipping extension 'colcon_core.shell.bat': Not used on non-Windows systems
[0.737s] INFO:colcon.colcon_core.shell:Skip shell extension 'powershell' for command environment: Not usable outside of PowerShell
[0.737s] DEBUG:colcon.colcon_core.shell:Skip shell extension 'dsv' for command environment
[0.747s] INFO:colcon.colcon_core.task.python.build:Building Python package in '/home/azraa/ros2_ws/src/my_py_pkg'
[0.750s] INFO:colcon.colcon_core.shell:Skip shell extension 'powershell' for command environment: Not usable outside of PowerShell
[0.750s] DEBUG:colcon.colcon_core.shell:Skip shell extension 'dsv' for command environment
[0.770s] DEBUG:colcon.colcon_core.event_handler.log_command:Invoking command in '/home/azraa/ros2_ws/build/my_robot_interfaces': CMAKE_PREFIX_PATH=${CMAKE_PREFIX_PATH}:/home/azraa/ros2_ws/install/my_py_pkg:/opt/ros/foxy /usr/bin/cmake --build /home/azraa/ros2_ws/build/my_robot_interfaces -- -j4 -l4
[1.102s] DEBUG:colcon.colcon_core.event_handler.log_command:Invoked command in '/home/azraa/ros2_ws/build/my_robot_interfaces' returned '0': CMAKE_PREFIX_PATH=${CMAKE_PREFIX_PATH}:/home/azraa/ros2_ws/install/my_py_pkg:/opt/ros/foxy /usr/bin/cmake --build /home/azraa/ros2_ws/build/my_robot_interfaces -- -j4 -l4
[1.236s] DEBUG:colcon.colcon_core.event_handler.log_command:Invoking command in '/home/azraa/ros2_ws/build/my_robot_interfaces': CMAKE_PREFIX_PATH=${CMAKE_PREFIX_PATH}:/home/azraa/ros2_ws/install/my_py_pkg:/opt/ros/foxy /usr/bin/cmake --install /home/azraa/ros2_ws/build/my_robot_interfaces
[1.373s] Level 1:colcon.colcon_core.environment:create_environment_scripts_only(my_robot_interfaces)
[1.376s] DEBUG:colcon.colcon_core.event_handler.log_command:Invoked command in '/home/azraa/ros2_ws/build/my_robot_interfaces' returned '0': CMAKE_PREFIX_PATH=${CMAKE_PREFIX_PATH}:/home/azraa/ros2_ws/install/my_py_pkg:/opt/ros/foxy /usr/bin/cmake --install /home/azraa/ros2_ws/build/my_robot_interfaces
[1.381s] Level 1:colcon.colcon_core.environment:checking '/home/azraa/ros2_ws/install/my_robot_interfaces' for CMake module files
[1.382s] Level 1:colcon.colcon_core.environment:checking '/home/azraa/ros2_ws/install/my_robot_interfaces' for CMake config files
[1.383s] Level 1:colcon.colcon_core.shell:create_environment_hook('my_robot_interfaces', 'cmake_prefix_path')
[1.386s] INFO:colcon.colcon_core.shell:Creating environment hook '/home/azraa/ros2_ws/install/my_robot_interfaces/share/my_robot_interfaces/hook/cmake_prefix_path.ps1'
[1.387s] INFO:colcon.colcon_core.shell:Creating environment descriptor '/home/azraa/ros2_ws/install/my_robot_interfaces/share/my_robot_interfaces/hook/cmake_prefix_path.dsv'
[1.388s] INFO:colcon.colcon_core.shell:Creating environment hook '/home/azraa/ros2_ws/install/my_robot_interfaces/share/my_robot_interfaces/hook/cmake_prefix_path.sh'
[1.389s] Level 1:colcon.colcon_core.environment:checking '/home/azraa/ros2_ws/install/my_robot_interfaces/lib'
[1.389s] Level 1:colcon.colcon_core.shell:create_environment_hook('my_robot_interfaces', 'ld_library_path_lib')
[1.391s] INFO:colcon.colcon_core.shell:Creating environment hook '/home/azraa/ros2_ws/install/my_robot_interfaces/share/my_robot_interfaces/hook/ld_library_path_lib.ps1'
[1.392s] INFO:colcon.colcon_core.shell:Creating environment descriptor '/home/azraa/ros2_ws/install/my_robot_interfaces/share/my_robot_interfaces/hook/ld_library_path_lib.dsv'
[1.392s] INFO:colcon.colcon_core.shell:Creating environment hook '/home/azraa/ros2_ws/install/my_robot_interfaces/share/my_robot_interfaces/hook/ld_library_path_lib.sh'
[1.393s] Level 1:colcon.colcon_core.environment:checking '/home/azraa/ros2_ws/install/my_robot_interfaces/bin'
[1.393s] Level 1:colcon.colcon_core.environment:checking '/home/azraa/ros2_ws/install/my_robot_interfaces/lib/pkgconfig/my_robot_interfaces.pc'
[1.393s] Level 1:colcon.colcon_core.environment:checking '/home/azraa/ros2_ws/install/my_robot_interfaces/lib/python3.8/site-packages'
[1.393s] Level 1:colcon.colcon_core.shell:create_environment_hook('my_robot_interfaces', 'pythonpath')
[1.395s] INFO:colcon.colcon_core.shell:Creating environment hook '/home/azraa/ros2_ws/install/my_robot_interfaces/share/my_robot_interfaces/hook/pythonpath.ps1'
[1.396s] INFO:colcon.colcon_core.shell:Creating environment descriptor '/home/azraa/ros2_ws/install/my_robot_interfaces/share/my_robot_interfaces/hook/pythonpath.dsv'
[1.396s] INFO:colcon.colcon_core.shell:Creating environment hook '/home/azraa/ros2_ws/install/my_robot_interfaces/share/my_robot_interfaces/hook/pythonpath.sh'
[1.397s] Level 1:colcon.colcon_core.environment:checking '/home/azraa/ros2_ws/install/my_robot_interfaces/bin'
[1.399s] INFO:colcon.colcon_core.shell:Creating package script '/home/azraa/ros2_ws/install/my_robot_interfaces/share/my_robot_interfaces/package.ps1'
[1.401s] INFO:colcon.colcon_core.shell:Creating package descriptor '/home/azraa/ros2_ws/install/my_robot_interfaces/share/my_robot_interfaces/package.dsv'
[1.401s] INFO:colcon.colcon_core.shell:Creating package script '/home/azraa/ros2_ws/install/my_robot_interfaces/share/my_robot_interfaces/package.sh'
[1.403s] INFO:colcon.colcon_core.shell:Creating package script '/home/azraa/ros2_ws/install/my_robot_interfaces/share/my_robot_interfaces/package.bash'
[1.404s] INFO:colcon.colcon_core.shell:Creating package script '/home/azraa/ros2_ws/install/my_robot_interfaces/share/my_robot_interfaces/package.zsh'
[1.405s] Level 1:colcon.colcon_core.environment:create_file_with_runtime_dependencies(/home/azraa/ros2_ws/install/my_robot_interfaces/share/colcon-core/packages/my_robot_interfaces)
[1.551s] Level 1:colcon.colcon_core.environment:create_environment_scripts_only(my_robot_interfaces)
[1.554s] Level 1:colcon.colcon_core.environment:checking '/home/azraa/ros2_ws/install/my_robot_interfaces' for CMake module files
[1.555s] Level 1:colcon.colcon_core.environment:checking '/home/azraa/ros2_ws/install/my_robot_interfaces' for CMake config files
[1.556s] Level 1:colcon.colcon_core.shell:create_environment_hook('my_robot_interfaces', 'cmake_prefix_path')
[1.559s] INFO:colcon.colcon_core.shell:Creating environment hook '/home/azraa/ros2_ws/install/my_robot_interfaces/share/my_robot_interfaces/hook/cmake_prefix_path.ps1'
[1.561s] INFO:colcon.colcon_core.shell:Creating environment descriptor '/home/azraa/ros2_ws/install/my_robot_interfaces/share/my_robot_interfaces/hook/cmake_prefix_path.dsv'
[1.562s] INFO:colcon.colcon_core.shell:Creating environment hook '/home/azraa/ros2_ws/install/my_robot_interfaces/share/my_robot_interfaces/hook/cmake_prefix_path.sh'
[1.562s] Level 1:colcon.colcon_core.environment:checking '/home/azraa/ros2_ws/install/my_robot_interfaces/lib'
[1.562s] Level 1:colcon.colcon_core.shell:create_environment_hook('my_robot_interfaces', 'ld_library_path_lib')
[1.565s] INFO:colcon.colcon_core.shell:Creating environment hook '/home/azraa/ros2_ws/install/my_robot_interfaces/share/my_robot_interfaces/hook/ld_library_path_lib.ps1'
[1.565s] INFO:colcon.colcon_core.shell:Creating environment descriptor '/home/azraa/ros2_ws/install/my_robot_interfaces/share/my_robot_interfaces/hook/ld_library_path_lib.dsv'
[1.565s] INFO:colcon.colcon_core.shell:Creating environment hook '/home/azraa/ros2_ws/install/my_robot_interfaces/share/my_robot_interfaces/hook/ld_library_path_lib.sh'
[1.566s] Level 1:colcon.colcon_core.environment:checking '/home/azraa/ros2_ws/install/my_robot_interfaces/bin'
[1.566s] Level 1:colcon.colcon_core.environment:checking '/home/azraa/ros2_ws/install/my_robot_interfaces/lib/pkgconfig/my_robot_interfaces.pc'
[1.566s] Level 1:colcon.colcon_core.environment:checking '/home/azraa/ros2_ws/install/my_robot_interfaces/lib/python3.8/site-packages'
[1.566s] Level 1:colcon.colcon_core.shell:create_environment_hook('my_robot_interfaces', 'pythonpath')
[1.569s] INFO:colcon.colcon_core.shell:Creating environment hook '/home/azraa/ros2_ws/install/my_robot_interfaces/share/my_robot_interfaces/hook/pythonpath.ps1'
[1.569s] INFO:colcon.colcon_core.shell:Creating environment descriptor '/home/azraa/ros2_ws/install/my_robot_interfaces/share/my_robot_interfaces/hook/pythonpath.dsv'
[1.570s] INFO:colcon.colcon_core.shell:Creating environment hook '/home/azraa/ros2_ws/install/my_robot_interfaces/share/my_robot_interfaces/hook/pythonpath.sh'
[1.570s] Level 1:colcon.colcon_core.environment:checking '/home/azraa/ros2_ws/install/my_robot_interfaces/bin'
[1.573s] INFO:colcon.colcon_core.shell:Creating package script '/home/azraa/ros2_ws/install/my_robot_interfaces/share/my_robot_interfaces/package.ps1'
[1.573s] INFO:colcon.colcon_core.shell:Creating package descriptor '/home/azraa/ros2_ws/install/my_robot_interfaces/share/my_robot_interfaces/package.dsv'
[1.574s] INFO:colcon.colcon_core.shell:Creating package script '/home/azraa/ros2_ws/install/my_robot_interfaces/share/my_robot_interfaces/package.sh'
[1.575s] INFO:colcon.colcon_core.shell:Creating package script '/home/azraa/ros2_ws/install/my_robot_interfaces/share/my_robot_interfaces/package.bash'
[1.575s] INFO:colcon.colcon_core.shell:Creating package script '/home/azraa/ros2_ws/install/my_robot_interfaces/share/my_robot_interfaces/package.zsh'
[1.576s] Level 1:colcon.colcon_core.environment:create_file_with_runtime_dependencies(/home/azraa/ros2_ws/install/my_robot_interfaces/share/colcon-core/packages/my_robot_interfaces)
[1.576s] INFO:colcon.colcon_ros.task.ament_cmake.build:Building ROS package in '/home/azraa/ros2_ws/src/my_cpp_pkg' with build type 'ament_cmake'
[1.576s] INFO:colcon.colcon_cmake.task.cmake.build:Building CMake package in '/home/azraa/ros2_ws/src/my_cpp_pkg'
[1.579s] INFO:colcon.colcon_core.shell:Skip shell extension 'powershell' for command environment: Not usable outside of PowerShell
[1.579s] DEBUG:colcon.colcon_core.shell:Skip shell extension 'dsv' for command environment
[1.599s] DEBUG:colcon.colcon_core.event_handler.log_command:Invoking command in '/home/azraa/ros2_ws/build/my_cpp_pkg': CMAKE_PREFIX_PATH=/home/azraa/ros2_ws/install/my_robot_interfaces:/home/azraa/ros2_ws/install/my_robot_bringup:/home/azraa/ros2_ws/install/my_cpp_pkg:/home/azraa/ros2_ws/install/my_py_pkg:/opt/ros/foxy PYTHONPATH=/home/azraa/ros2_ws/install/my_robot_interfaces/lib/python3.8/site-packages:/home/azraa/ros2_ws/install/my_py_pkg/lib/python3.8/site-packages:/opt/ros/foxy/lib/python3.8/site-packages /usr/bin/cmake --build /home/azraa/ros2_ws/build/my_cpp_pkg -- -j4 -l4
[1.684s] DEBUG:colcon.colcon_core.event_handler.log_command:Invoking command in '/home/azraa/ros2_ws/build/my_py_pkg': PYTHONPATH=/home/azraa/ros2_ws/install/my_py_pkg/lib/python3.8/site-packages:${PYTHONPATH} /usr/bin/python3 setup.py develop --prefix /home/azraa/ros2_ws/install/my_py_pkg --uninstall --editable --build-directory /home/azraa/ros2_ws/build/my_py_pkg/build
[1.745s] DEBUG:colcon.colcon_core.event_handler.log_command:Invoked command in '/home/azraa/ros2_ws/build/my_cpp_pkg' returned '0': CMAKE_PREFIX_PATH=/home/azraa/ros2_ws/install/my_robot_interfaces:/home/azraa/ros2_ws/install/my_robot_bringup:/home/azraa/ros2_ws/install/my_cpp_pkg:/home/azraa/ros2_ws/install/my_py_pkg:/opt/ros/foxy PYTHONPATH=/home/azraa/ros2_ws/install/my_robot_interfaces/lib/python3.8/site-packages:/home/azraa/ros2_ws/install/my_py_pkg/lib/python3.8/site-packages:/opt/ros/foxy/lib/python3.8/site-packages /usr/bin/cmake --build /home/azraa/ros2_ws/build/my_cpp_pkg -- -j4 -l4
[1.794s] DEBUG:colcon.colcon_core.event_handler.log_command:Invoking command in '/home/azraa/ros2_ws/build/my_cpp_pkg': CMAKE_PREFIX_PATH=/home/azraa/ros2_ws/install/my_robot_interfaces:/home/azraa/ros2_ws/install/my_robot_bringup:/home/azraa/ros2_ws/install/my_cpp_pkg:/home/azraa/ros2_ws/install/my_py_pkg:/opt/ros/foxy PYTHONPATH=/home/azraa/ros2_ws/install/my_robot_interfaces/lib/python3.8/site-packages:/home/azraa/ros2_ws/install/my_py_pkg/lib/python3.8/site-packages:/opt/ros/foxy/lib/python3.8/site-packages /usr/bin/cmake --install /home/azraa/ros2_ws/build/my_cpp_pkg
[1.823s] Level 1:colcon.colcon_core.environment:create_environment_scripts_only(my_cpp_pkg)
[1.827s] Level 1:colcon.colcon_core.environment:checking '/home/azraa/ros2_ws/install/my_cpp_pkg' for CMake module files
[1.828s] DEBUG:colcon.colcon_core.event_handler.log_command:Invoked command in '/home/azraa/ros2_ws/build/my_cpp_pkg' returned '0': CMAKE_PREFIX_PATH=/home/azraa/ros2_ws/install/my_robot_interfaces:/home/azraa/ros2_ws/install/my_robot_bringup:/home/azraa/ros2_ws/install/my_cpp_pkg:/home/azraa/ros2_ws/install/my_py_pkg:/opt/ros/foxy PYTHONPATH=/home/azraa/ros2_ws/install/my_robot_interfaces/lib/python3.8/site-packages:/home/azraa/ros2_ws/install/my_py_pkg/lib/python3.8/site-packages:/opt/ros/foxy/lib/python3.8/site-packages /usr/bin/cmake --install /home/azraa/ros2_ws/build/my_cpp_pkg
[1.828s] Level 1:colcon.colcon_core.environment:checking '/home/azraa/ros2_ws/install/my_cpp_pkg' for CMake config files
[1.828s] Level 1:colcon.colcon_core.shell:create_environment_hook('my_cpp_pkg', 'cmake_prefix_path')
[1.831s] INFO:colcon.colcon_core.shell:Creating environment hook '/home/azraa/ros2_ws/install/my_cpp_pkg/share/my_cpp_pkg/hook/cmake_prefix_path.ps1'
[1.831s] INFO:colcon.colcon_core.shell:Creating environment descriptor '/home/azraa/ros2_ws/install/my_cpp_pkg/share/my_cpp_pkg/hook/cmake_prefix_path.dsv'
[1.832s] INFO:colcon.colcon_core.shell:Creating environment hook '/home/azraa/ros2_ws/install/my_cpp_pkg/share/my_cpp_pkg/hook/cmake_prefix_path.sh'
[1.833s] Level 1:colcon.colcon_core.environment:checking '/home/azraa/ros2_ws/install/my_cpp_pkg/lib'
[1.833s] Level 1:colcon.colcon_core.environment:checking '/home/azraa/ros2_ws/install/my_cpp_pkg/bin'
[1.833s] Level 1:colcon.colcon_core.environment:checking '/home/azraa/ros2_ws/install/my_cpp_pkg/lib/pkgconfig/my_cpp_pkg.pc'
[1.833s] Level 1:colcon.colcon_core.environment:checking '/home/azraa/ros2_ws/install/my_cpp_pkg/lib/python3.8/site-packages'
[1.833s] Level 1:colcon.colcon_core.environment:checking '/home/azraa/ros2_ws/install/my_cpp_pkg/bin'
[1.835s] INFO:colcon.colcon_core.shell:Creating package script '/home/azraa/ros2_ws/install/my_cpp_pkg/share/my_cpp_pkg/package.ps1'
[1.836s] INFO:colcon.colcon_core.shell:Creating package descriptor '/home/azraa/ros2_ws/install/my_cpp_pkg/share/my_cpp_pkg/package.dsv'
[1.836s] INFO:colcon.colcon_core.shell:Creating package script '/home/azraa/ros2_ws/install/my_cpp_pkg/share/my_cpp_pkg/package.sh'
[1.837s] INFO:colcon.colcon_core.shell:Creating package script '/home/azraa/ros2_ws/install/my_cpp_pkg/share/my_cpp_pkg/package.bash'
[1.837s] INFO:colcon.colcon_core.shell:Creating package script '/home/azraa/ros2_ws/install/my_cpp_pkg/share/my_cpp_pkg/package.zsh'
[1.838s] Level 1:colcon.colcon_core.environment:create_file_with_runtime_dependencies(/home/azraa/ros2_ws/install/my_cpp_pkg/share/colcon-core/packages/my_cpp_pkg)
[1.886s] Level 1:colcon.colcon_core.environment:create_environment_scripts_only(my_cpp_pkg)
[1.889s] Level 1:colcon.colcon_core.environment:checking '/home/azraa/ros2_ws/install/my_cpp_pkg' for CMake module files
[1.890s] Level 1:colcon.colcon_core.environment:checking '/home/azraa/ros2_ws/install/my_cpp_pkg' for CMake config files
[1.891s] Level 1:colcon.colcon_core.shell:create_environment_hook('my_cpp_pkg', 'cmake_prefix_path')
[1.893s] INFO:colcon.colcon_core.shell:Creating environment hook '/home/azraa/ros2_ws/install/my_cpp_pkg/share/my_cpp_pkg/hook/cmake_prefix_path.ps1'
[1.894s] INFO:colcon.colcon_core.shell:Creating environment descriptor '/home/azraa/ros2_ws/install/my_cpp_pkg/share/my_cpp_pkg/hook/cmake_prefix_path.dsv'
[1.894s] INFO:colcon.colcon_core.shell:Creating environment hook '/home/azraa/ros2_ws/install/my_cpp_pkg/share/my_cpp_pkg/hook/cmake_prefix_path.sh'
[1.895s] Level 1:colcon.colcon_core.environment:checking '/home/azraa/ros2_ws/install/my_cpp_pkg/lib'
[1.895s] Level 1:colcon.colcon_core.environment:checking '/home/azraa/ros2_ws/install/my_cpp_pkg/bin'
[1.895s] Level 1:colcon.colcon_core.environment:checking '/home/azraa/ros2_ws/install/my_cpp_pkg/lib/pkgconfig/my_cpp_pkg.pc'
[1.896s] Level 1:colcon.colcon_core.environment:checking '/home/azraa/ros2_ws/install/my_cpp_pkg/lib/python3.8/site-packages'
[1.896s] Level 1:colcon.colcon_core.environment:checking '/home/azraa/ros2_ws/install/my_cpp_pkg/bin'
[1.898s] INFO:colcon.colcon_core.shell:Creating package script '/home/azraa/ros2_ws/install/my_cpp_pkg/share/my_cpp_pkg/package.ps1'
[1.899s] INFO:colcon.colcon_core.shell:Creating package descriptor '/home/azraa/ros2_ws/install/my_cpp_pkg/share/my_cpp_pkg/package.dsv'
[1.899s] INFO:colcon.colcon_core.shell:Creating package script '/home/azraa/ros2_ws/install/my_cpp_pkg/share/my_cpp_pkg/package.sh'
[1.900s] INFO:colcon.colcon_core.shell:Creating package script '/home/azraa/ros2_ws/install/my_cpp_pkg/share/my_cpp_pkg/package.bash'
[1.900s] INFO:colcon.colcon_core.shell:Creating package script '/home/azraa/ros2_ws/install/my_cpp_pkg/share/my_cpp_pkg/package.zsh'
[1.901s] Level 1:colcon.colcon_core.environment:create_file_with_runtime_dependencies(/home/azraa/ros2_ws/install/my_cpp_pkg/share/colcon-core/packages/my_cpp_pkg)
[2.228s] DEBUG:colcon.colcon_core.event_handler.log_command:Invoked command in '/home/azraa/ros2_ws/build/my_py_pkg' returned '0': PYTHONPATH=/home/azraa/ros2_ws/install/my_py_pkg/lib/python3.8/site-packages:${PYTHONPATH} /usr/bin/python3 setup.py develop --prefix /home/azraa/ros2_ws/install/my_py_pkg --uninstall --editable --build-directory /home/azraa/ros2_ws/build/my_py_pkg/build
[2.231s] DEBUG:colcon.colcon_core.event_handler.log_command:Invoking command in '/home/azraa/ros2_ws/src/my_py_pkg': PYTHONPATH=/home/azraa/ros2_ws/install/my_py_pkg/lib/python3.8/site-packages:${PYTHONPATH} /usr/bin/python3 setup.py egg_info --egg-base ../../build/my_py_pkg build --build-base /home/azraa/ros2_ws/build/my_py_pkg/build install --prefix /home/azraa/ros2_ws/install/my_py_pkg --record /home/azraa/ros2_ws/build/my_py_pkg/install.log --single-version-externally-managed
[2.653s] Level 1:colcon.colcon_core.environment:checking '/home/azraa/ros2_ws/install/my_py_pkg' for CMake module files
[2.654s] Level 1:colcon.colcon_core.environment:checking '/home/azraa/ros2_ws/install/my_py_pkg' for CMake config files
[2.654s] Level 1:colcon.colcon_core.environment:checking '/home/azraa/ros2_ws/install/my_py_pkg/lib'
[2.654s] Level 1:colcon.colcon_core.environment:checking '/home/azraa/ros2_ws/install/my_py_pkg/bin'
[2.654s] Level 1:colcon.colcon_core.environment:checking '/home/azraa/ros2_ws/install/my_py_pkg/lib/pkgconfig/my_py_pkg.pc'
[2.655s] Level 1:colcon.colcon_core.environment:checking '/home/azraa/ros2_ws/install/my_py_pkg/lib/python3.8/site-packages'
[2.655s] Level 1:colcon.colcon_core.shell:create_environment_hook('my_py_pkg', 'pythonpath')
[2.657s] INFO:colcon.colcon_core.shell:Creating environment hook '/home/azraa/ros2_ws/install/my_py_pkg/share/my_py_pkg/hook/pythonpath.ps1'
[2.658s] DEBUG:colcon.colcon_core.event_handler.log_command:Invoked command in '/home/azraa/ros2_ws/src/my_py_pkg' returned '0': PYTHONPATH=/home/azraa/ros2_ws/install/my_py_pkg/lib/python3.8/site-packages:${PYTHONPATH} /usr/bin/python3 setup.py egg_info --egg-base ../../build/my_py_pkg build --build-base /home/azraa/ros2_ws/build/my_py_pkg/build install --prefix /home/azraa/ros2_ws/install/my_py_pkg --record /home/azraa/ros2_ws/build/my_py_pkg/install.log --single-version-externally-managed
[2.658s] INFO:colcon.colcon_core.shell:Creating environment descriptor '/home/azraa/ros2_ws/install/my_py_pkg/share/my_py_pkg/hook/pythonpath.dsv'
[2.658s] INFO:colcon.colcon_core.shell:Creating environment hook '/home/azraa/ros2_ws/install/my_py_pkg/share/my_py_pkg/hook/pythonpath.sh'
[2.659s] Level 1:colcon.colcon_core.environment:checking '/home/azraa/ros2_ws/install/my_py_pkg/bin'
[2.659s] Level 1:colcon.colcon_core.environment:create_environment_scripts_only(my_py_pkg)
[2.661s] INFO:colcon.colcon_core.shell:Creating package script '/home/azraa/ros2_ws/install/my_py_pkg/share/my_py_pkg/package.ps1'
[2.662s] INFO:colcon.colcon_core.shell:Creating package descriptor '/home/azraa/ros2_ws/install/my_py_pkg/share/my_py_pkg/package.dsv'
[2.663s] INFO:colcon.colcon_core.shell:Creating package script '/home/azraa/ros2_ws/install/my_py_pkg/share/my_py_pkg/package.sh'
[2.663s] INFO:colcon.colcon_core.shell:Creating package script '/home/azraa/ros2_ws/install/my_py_pkg/share/my_py_pkg/package.bash'
[2.664s] INFO:colcon.colcon_core.shell:Creating package script '/home/azraa/ros2_ws/install/my_py_pkg/share/my_py_pkg/package.zsh'
[2.664s] Level 1:colcon.colcon_core.environment:create_file_with_runtime_dependencies(/home/azraa/ros2_ws/install/my_py_pkg/share/colcon-core/packages/my_py_pkg)
[2.665s] INFO:colcon.colcon_ros.task.ament_cmake.build:Building ROS package in '/home/azraa/ros2_ws/src/my_robot_bringup' with build type 'ament_cmake'
[2.665s] INFO:colcon.colcon_cmake.task.cmake.build:Building CMake package in '/home/azraa/ros2_ws/src/my_robot_bringup'
[2.667s] INFO:colcon.colcon_core.shell:Skip shell extension 'powershell' for command environment: Not usable outside of PowerShell
[2.667s] DEBUG:colcon.colcon_core.shell:Skip shell extension 'dsv' for command environment
[2.688s] DEBUG:colcon.colcon_core.event_handler.log_command:Invoking command in '/home/azraa/ros2_ws/build/my_robot_bringup': CMAKE_PREFIX_PATH=/home/azraa/ros2_ws/install/my_cpp_pkg:/home/azraa/ros2_ws/install/my_robot_interfaces:/home/azraa/ros2_ws/install/my_robot_bringup:/home/azraa/ros2_ws/install/my_py_pkg:/opt/ros/foxy PYTHONPATH=/home/azraa/ros2_ws/install/my_robot_interfaces/lib/python3.8/site-packages:/home/azraa/ros2_ws/install/my_py_pkg/lib/python3.8/site-packages:/opt/ros/foxy/lib/python3.8/site-packages /usr/bin/cmake --build /home/azraa/ros2_ws/build/my_robot_bringup -- -j4 -l4
[2.733s] DEBUG:colcon.colcon_core.event_handler.log_command:Invoked command in '/home/azraa/ros2_ws/build/my_robot_bringup' returned '0': CMAKE_PREFIX_PATH=/home/azraa/ros2_ws/install/my_cpp_pkg:/home/azraa/ros2_ws/install/my_robot_interfaces:/home/azraa/ros2_ws/install/my_robot_bringup:/home/azraa/ros2_ws/install/my_py_pkg:/opt/ros/foxy PYTHONPATH=/home/azraa/ros2_ws/install/my_robot_interfaces/lib/python3.8/site-packages:/home/azraa/ros2_ws/install/my_py_pkg/lib/python3.8/site-packages:/opt/ros/foxy/lib/python3.8/site-packages /usr/bin/cmake --build /home/azraa/ros2_ws/build/my_robot_bringup -- -j4 -l4
[2.764s] DEBUG:colcon.colcon_core.event_handler.log_command:Invoking command in '/home/azraa/ros2_ws/build/my_robot_bringup': CMAKE_PREFIX_PATH=/home/azraa/ros2_ws/install/my_cpp_pkg:/home/azraa/ros2_ws/install/my_robot_interfaces:/home/azraa/ros2_ws/install/my_robot_bringup:/home/azraa/ros2_ws/install/my_py_pkg:/opt/ros/foxy PYTHONPATH=/home/azraa/ros2_ws/install/my_robot_interfaces/lib/python3.8/site-packages:/home/azraa/ros2_ws/install/my_py_pkg/lib/python3.8/site-packages:/opt/ros/foxy/lib/python3.8/site-packages /usr/bin/cmake --install /home/azraa/ros2_ws/build/my_robot_bringup
[2.800s] Level 1:colcon.colcon_core.environment:create_environment_scripts_only(my_robot_bringup)
[2.803s] Level 1:colcon.colcon_core.environment:checking '/home/azraa/ros2_ws/install/my_robot_bringup' for CMake module files
[2.804s] DEBUG:colcon.colcon_core.event_handler.log_command:Invoked command in '/home/azraa/ros2_ws/build/my_robot_bringup' returned '0': CMAKE_PREFIX_PATH=/home/azraa/ros2_ws/install/my_cpp_pkg:/home/azraa/ros2_ws/install/my_robot_interfaces:/home/azraa/ros2_ws/install/my_robot_bringup:/home/azraa/ros2_ws/install/my_py_pkg:/opt/ros/foxy PYTHONPATH=/home/azraa/ros2_ws/install/my_robot_interfaces/lib/python3.8/site-packages:/home/azraa/ros2_ws/install/my_py_pkg/lib/python3.8/site-packages:/opt/ros/foxy/lib/python3.8/site-packages /usr/bin/cmake --install /home/azraa/ros2_ws/build/my_robot_bringup
[2.804s] Level 1:colcon.colcon_core.environment:checking '/home/azraa/ros2_ws/install/my_robot_bringup' for CMake config files
[2.805s] Level 1:colcon.colcon_core.shell:create_environment_hook('my_robot_bringup', 'cmake_prefix_path')
[2.807s] INFO:colcon.colcon_core.shell:Creating environment hook '/home/azraa/ros2_ws/install/my_robot_bringup/share/my_robot_bringup/hook/cmake_prefix_path.ps1'
[2.807s] INFO:colcon.colcon_core.shell:Creating environment descriptor '/home/azraa/ros2_ws/install/my_robot_bringup/share/my_robot_bringup/hook/cmake_prefix_path.dsv'
[2.808s] INFO:colcon.colcon_core.shell:Creating environment hook '/home/azraa/ros2_ws/install/my_robot_bringup/share/my_robot_bringup/hook/cmake_prefix_path.sh'
[2.808s] Level 1:colcon.colcon_core.environment:checking '/home/azraa/ros2_ws/install/my_robot_bringup/bin'
[2.808s] Level 1:colcon.colcon_core.environment:checking '/home/azraa/ros2_ws/install/my_robot_bringup/lib/pkgconfig/my_robot_bringup.pc'
[2.809s] Level 1:colcon.colcon_core.environment:checking '/home/azraa/ros2_ws/install/my_robot_bringup/lib/python3.8/site-packages'
[2.809s] Level 1:colcon.colcon_core.environment:checking '/home/azraa/ros2_ws/install/my_robot_bringup/bin'
[2.811s] INFO:colcon.colcon_core.shell:Creating package script '/home/azraa/ros2_ws/install/my_robot_bringup/share/my_robot_bringup/package.ps1'
[2.811s] INFO:colcon.colcon_core.shell:Creating package descriptor '/home/azraa/ros2_ws/install/my_robot_bringup/share/my_robot_bringup/package.dsv'
[2.812s] INFO:colcon.colcon_core.shell:Creating package script '/home/azraa/ros2_ws/install/my_robot_bringup/share/my_robot_bringup/package.sh'
[2.812s] INFO:colcon.colcon_core.shell:Creating package script '/home/azraa/ros2_ws/install/my_robot_bringup/share/my_robot_bringup/package.bash'
[2.813s] INFO:colcon.colcon_core.shell:Creating package script '/home/azraa/ros2_ws/install/my_robot_bringup/share/my_robot_bringup/package.zsh'
[2.813s] Level 1:colcon.colcon_core.environment:create_file_with_runtime_dependencies(/home/azraa/ros2_ws/install/my_robot_bringup/share/colcon-core/packages/my_robot_bringup)
[2.839s] Level 1:colcon.colcon_core.environment:create_environment_scripts_only(my_robot_bringup)
[2.842s] Level 1:colcon.colcon_core.environment:checking '/home/azraa/ros2_ws/install/my_robot_bringup' for CMake module files
[2.843s] Level 1:colcon.colcon_core.environment:checking '/home/azraa/ros2_ws/install/my_robot_bringup' for CMake config files
[2.843s] Level 1:colcon.colcon_core.shell:create_environment_hook('my_robot_bringup', 'cmake_prefix_path')
[2.845s] INFO:colcon.colcon_core.shell:Creating environment hook '/home/azraa/ros2_ws/install/my_robot_bringup/share/my_robot_bringup/hook/cmake_prefix_path.ps1'
[2.846s] INFO:colcon.colcon_core.shell:Creating environment descriptor '/home/azraa/ros2_ws/install/my_robot_bringup/share/my_robot_bringup/hook/cmake_prefix_path.dsv'
[2.846s] INFO:colcon.colcon_core.shell:Creating environment hook '/home/azraa/ros2_ws/install/my_robot_bringup/share/my_robot_bringup/hook/cmake_prefix_path.sh'
[2.847s] Level 1:colcon.colcon_core.environment:checking '/home/azraa/ros2_ws/install/my_robot_bringup/bin'
[2.847s] Level 1:colcon.colcon_core.environment:checking '/home/azraa/ros2_ws/install/my_robot_bringup/lib/pkgconfig/my_robot_bringup.pc'
[2.848s] Level 1:colcon.colcon_core.environment:checking '/home/azraa/ros2_ws/install/my_robot_bringup/lib/python3.8/site-packages'
[2.848s] Level 1:colcon.colcon_core.environment:checking '/home/azraa/ros2_ws/install/my_robot_bringup/bin'
[2.850s] INFO:colcon.colcon_core.shell:Creating package script '/home/azraa/ros2_ws/install/my_robot_bringup/share/my_robot_bringup/package.ps1'
[2.850s] INFO:colcon.colcon_core.shell:Creating package descriptor '/home/azraa/ros2_ws/install/my_robot_bringup/share/my_robot_bringup/package.dsv'
[2.851s] INFO:colcon.colcon_core.shell:Creating package script '/home/azraa/ros2_ws/install/my_robot_bringup/share/my_robot_bringup/package.sh'
[2.852s] INFO:colcon.colcon_core.shell:Creating package script '/home/azraa/ros2_ws/install/my_robot_bringup/share/my_robot_bringup/package.bash'
[2.852s] INFO:colcon.colcon_core.shell:Creating package script '/home/azraa/ros2_ws/install/my_robot_bringup/share/my_robot_bringup/package.zsh'
[2.852s] Level 1:colcon.colcon_core.environment:create_file_with_runtime_dependencies(/home/azraa/ros2_ws/install/my_robot_bringup/share/colcon-core/packages/my_robot_bringup)
[2.853s] DEBUG:colcon.colcon_parallel_executor.executor.parallel:closing loop
[2.853s] DEBUG:colcon.colcon_parallel_executor.executor.parallel:loop closed
[2.853s] DEBUG:colcon.colcon_parallel_executor.executor.parallel:run_until_complete finished with '0'
[2.854s] DEBUG:colcon.colcon_core.event_reactor:joining thread
[2.874s] INFO:colcon.colcon_core.plugin_system:Skipping extension 'colcon_notification.desktop_notification.terminal_notifier': Not used on non-Darwin systems
[2.874s] INFO:colcon.colcon_core.plugin_system:Skipping extension 'colcon_notification.desktop_notification.win32': Not used on non-Windows systems
[2.874s] INFO:colcon.colcon_notification.desktop_notification:Sending desktop notification using 'notify2'
[2.895s] DEBUG:colcon.colcon_core.event_reactor:joined thread
[2.898s] INFO:colcon.colcon_core.shell:Creating prefix script '/home/azraa/ros2_ws/install/local_setup.ps1'
[2.899s] INFO:colcon.colcon_core.shell:Creating prefix util module '/home/azraa/ros2_ws/install/_local_setup_util_ps1.py'
[2.902s] INFO:colcon.colcon_core.shell:Creating prefix chain script '/home/azraa/ros2_ws/install/setup.ps1'
[2.904s] INFO:colcon.colcon_core.shell:Creating prefix script '/home/azraa/ros2_ws/install/local_setup.sh'
[2.905s] INFO:colcon.colcon_core.shell:Creating prefix util module '/home/azraa/ros2_ws/install/_local_setup_util_sh.py'
[2.905s] INFO:colcon.colcon_core.shell:Creating prefix chain script '/home/azraa/ros2_ws/install/setup.sh'
[2.908s] INFO:colcon.colcon_core.shell:Creating prefix script '/home/azraa/ros2_ws/install/local_setup.bash'
[2.908s] INFO:colcon.colcon_core.shell:Creating prefix chain script '/home/azraa/ros2_ws/install/setup.bash'
[2.911s] INFO:colcon.colcon_core.shell:Creating prefix script '/home/azraa/ros2_ws/install/local_setup.zsh'
[2.911s] INFO:colcon.colcon_core.shell:Creating prefix chain script '/home/azraa/ros2_ws/install/setup.zsh'
