[0.038s] Invoking command in '/home/azraa/ros2_ws/build/v4l2_camera': CMAKE_PREFIX_PATH=/home/azraa/ros2_ws/install/v4l2_camera:/home/azraa/ros2_ws/install/audio_common:/home/azraa/ros2_ws/install/sound_play:/home/azraa/ros2_ws/install/my_robot_bringup:/home/azraa/ros2_ws/install/my_cpp_pkg:/home/azraa/ros2_ws/install/my_robot_interfaces:/home/azraa/ros2_ws/install/bme280:/home/azraa/ros2_ws/install/m2s2_custom_interfaces:/home/azraa/ros2_ws/install/m2s2_bringup:/home/azraa/ros2_ws/install/gscam:/home/azraa/ros2_ws/install/audio_play:/home/azraa/ros2_ws/install/audio_capture:/home/azraa/ros2_ws/install/audio_common_msgs:/home/azraa/ros2_ws/install/m2s2_test_python:/opt/ros/foxy:/opt/ros/noetic /usr/bin/cmake --build /home/azraa/ros2_ws/build/v4l2_camera -- -j4 -l4
[0.176s] [ 42%] Built target v4l2_camera
[0.219s] [ 71%] Built target v4l2_camera_node
[0.232s] [100%] Built target v4l2_camera_compose_test
[0.262s] Invoked command in '/home/azraa/ros2_ws/build/v4l2_camera' returned '0': CMAKE_PREFIX_PATH=/home/azraa/ros2_ws/install/v4l2_camera:/home/azraa/ros2_ws/install/audio_common:/home/azraa/ros2_ws/install/sound_play:/home/azraa/ros2_ws/install/my_robot_bringup:/home/azraa/ros2_ws/install/my_cpp_pkg:/home/azraa/ros2_ws/install/my_robot_interfaces:/home/azraa/ros2_ws/install/bme280:/home/azraa/ros2_ws/install/m2s2_custom_interfaces:/home/azraa/ros2_ws/install/m2s2_bringup:/home/azraa/ros2_ws/install/gscam:/home/azraa/ros2_ws/install/audio_play:/home/azraa/ros2_ws/install/audio_capture:/home/azraa/ros2_ws/install/audio_common_msgs:/home/azraa/ros2_ws/install/m2s2_test_python:/opt/ros/foxy:/opt/ros/noetic /usr/bin/cmake --build /home/azraa/ros2_ws/build/v4l2_camera -- -j4 -l4
[0.382s] Invoking command in '/home/azraa/ros2_ws/build/v4l2_camera': CMAKE_PREFIX_PATH=/home/azraa/ros2_ws/install/v4l2_camera:/home/azraa/ros2_ws/install/audio_common:/home/azraa/ros2_ws/install/sound_play:/home/azraa/ros2_ws/install/my_robot_bringup:/home/azraa/ros2_ws/install/my_cpp_pkg:/home/azraa/ros2_ws/install/my_robot_interfaces:/home/azraa/ros2_ws/install/bme280:/home/azraa/ros2_ws/install/m2s2_custom_interfaces:/home/azraa/ros2_ws/install/m2s2_bringup:/home/azraa/ros2_ws/install/gscam:/home/azraa/ros2_ws/install/audio_play:/home/azraa/ros2_ws/install/audio_capture:/home/azraa/ros2_ws/install/audio_common_msgs:/home/azraa/ros2_ws/install/m2s2_test_python:/opt/ros/foxy:/opt/ros/noetic /usr/bin/cmake --install /home/azraa/ros2_ws/build/v4l2_camera
[0.395s] -- Install configuration: ""
[0.395s] -- Up-to-date: /home/azraa/ros2_ws/install/v4l2_camera/include
[0.395s] -- Up-to-date: /home/azraa/ros2_ws/install/v4l2_camera/include/v4l2_camera
[0.395s] -- Up-to-date: /home/azraa/ros2_ws/install/v4l2_camera/include/v4l2_camera/v4l2_camera_device.hpp
[0.395s] -- Up-to-date: /home/azraa/ros2_ws/install/v4l2_camera/include/v4l2_camera/pixel_format.hpp
[0.396s] -- Up-to-date: /home/azraa/ros2_ws/install/v4l2_camera/include/v4l2_camera/fourcc.hpp
[0.396s] -- Up-to-date: /home/azraa/ros2_ws/install/v4l2_camera/include/v4l2_camera/v4l2_camera.hpp
[0.396s] -- Up-to-date: /home/azraa/ros2_ws/install/v4l2_camera/include/v4l2_camera/visibility_control.h
[0.396s] -- Up-to-date: /home/azraa/ros2_ws/install/v4l2_camera/include/v4l2_camera/image_format.hpp
[0.396s] -- Up-to-date: /home/azraa/ros2_ws/install/v4l2_camera/include/v4l2_camera/control.hpp
[0.396s] -- Up-to-date: /home/azraa/ros2_ws/install/v4l2_camera/lib/libv4l2_camera.so
[0.396s] -- Up-to-date: /home/azraa/ros2_ws/install/v4l2_camera/lib/v4l2_camera/v4l2_camera_node
[0.397s] -- Up-to-date: /home/azraa/ros2_ws/install/v4l2_camera/lib/v4l2_camera/v4l2_camera_compose_test
[0.397s] -- Up-to-date: /home/azraa/ros2_ws/install/v4l2_camera/share/v4l2_camera/environment/library_path.sh
[0.397s] -- Up-to-date: /home/azraa/ros2_ws/install/v4l2_camera/share/v4l2_camera/environment/library_path.dsv
[0.397s] -- Up-to-date: /home/azraa/ros2_ws/install/v4l2_camera/share/ament_index/resource_index/package_run_dependencies/v4l2_camera
[0.398s] -- Up-to-date: /home/azraa/ros2_ws/install/v4l2_camera/share/ament_index/resource_index/parent_prefix_path/v4l2_camera
[0.398s] -- Up-to-date: /home/azraa/ros2_ws/install/v4l2_camera/share/v4l2_camera/environment/ament_prefix_path.sh
[0.398s] -- Up-to-date: /home/azraa/ros2_ws/install/v4l2_camera/share/v4l2_camera/environment/ament_prefix_path.dsv
[0.398s] -- Up-to-date: /home/azraa/ros2_ws/install/v4l2_camera/share/v4l2_camera/environment/path.sh
[0.399s] -- Up-to-date: /home/azraa/ros2_ws/install/v4l2_camera/share/v4l2_camera/environment/path.dsv
[0.399s] -- Up-to-date: /home/azraa/ros2_ws/install/v4l2_camera/share/v4l2_camera/local_setup.bash
[0.399s] -- Up-to-date: /home/azraa/ros2_ws/install/v4l2_camera/share/v4l2_camera/local_setup.sh
[0.399s] -- Up-to-date: /home/azraa/ros2_ws/install/v4l2_camera/share/v4l2_camera/local_setup.zsh
[0.399s] -- Up-to-date: /home/azraa/ros2_ws/install/v4l2_camera/share/v4l2_camera/local_setup.dsv
[0.399s] -- Installing: /home/azraa/ros2_ws/install/v4l2_camera/share/v4l2_camera/package.dsv
[0.399s] -- Up-to-date: /home/azraa/ros2_ws/install/v4l2_camera/share/ament_index/resource_index/packages/v4l2_camera
[0.399s] -- Up-to-date: /home/azraa/ros2_ws/install/v4l2_camera/share/ament_index/resource_index/rclcpp_components/v4l2_camera
[0.400s] -- Up-to-date: /home/azraa/ros2_ws/install/v4l2_camera/share/v4l2_camera/cmake/export_v4l2_cameraExport.cmake
[0.400s] -- Up-to-date: /home/azraa/ros2_ws/install/v4l2_camera/share/v4l2_camera/cmake/export_v4l2_cameraExport-noconfig.cmake
[0.400s] -- Up-to-date: /home/azraa/ros2_ws/install/v4l2_camera/share/v4l2_camera/cmake/ament_cmake_export_include_directories-extras.cmake
[0.400s] -- Up-to-date: /home/azraa/ros2_ws/install/v4l2_camera/share/v4l2_camera/cmake/ament_cmake_export_targets-extras.cmake
[0.400s] -- Up-to-date: /home/azraa/ros2_ws/install/v4l2_camera/share/v4l2_camera/cmake/ament_cmake_export_libraries-extras.cmake
[0.400s] -- Up-to-date: /home/azraa/ros2_ws/install/v4l2_camera/share/v4l2_camera/cmake/ament_cmake_export_dependencies-extras.cmake
[0.400s] -- Up-to-date: /home/azraa/ros2_ws/install/v4l2_camera/share/v4l2_camera/cmake/v4l2_cameraConfig.cmake
[0.407s] -- Up-to-date: /home/azraa/ros2_ws/install/v4l2_camera/share/v4l2_camera/cmake/v4l2_cameraConfig-version.cmake
[0.408s] -- Up-to-date: /home/azraa/ros2_ws/install/v4l2_camera/share/v4l2_camera/package.xml
[0.408s] Invoked command in '/home/azraa/ros2_ws/build/v4l2_camera' returned '0': CMAKE_PREFIX_PATH=/home/azraa/ros2_ws/install/v4l2_camera:/home/azraa/ros2_ws/install/audio_common:/home/azraa/ros2_ws/install/sound_play:/home/azraa/ros2_ws/install/my_robot_bringup:/home/azraa/ros2_ws/install/my_cpp_pkg:/home/azraa/ros2_ws/install/my_robot_interfaces:/home/azraa/ros2_ws/install/bme280:/home/azraa/ros2_ws/install/m2s2_custom_interfaces:/home/azraa/ros2_ws/install/m2s2_bringup:/home/azraa/ros2_ws/install/gscam:/home/azraa/ros2_ws/install/audio_play:/home/azraa/ros2_ws/install/audio_capture:/home/azraa/ros2_ws/install/audio_common_msgs:/home/azraa/ros2_ws/install/m2s2_test_python:/opt/ros/foxy:/opt/ros/noetic /usr/bin/cmake --install /home/azraa/ros2_ws/build/v4l2_camera
