[0.785s] Invoking command in '/home/azraa/ros2_ws/build/my_py_pkg': PYTHONPATH=/home/azraa/ros2_ws/install/my_py_pkg/lib/python3.8/site-packages:${PYTHONPATH} /usr/bin/python3 setup.py develop --prefix /home/azraa/ros2_ws/install/my_py_pkg --editable --build-directory /home/azraa/ros2_ws/build/my_py_pkg/build --no-deps install_data --install-dir /home/azraa/ros2_ws/install/my_py_pkg
[1.068s] running develop
[1.223s] running egg_info
[1.224s] writing my_py_pkg.egg-info/PKG-INFO
[1.224s] writing dependency_links to my_py_pkg.egg-info/dependency_links.txt
[1.224s] writing entry points to my_py_pkg.egg-info/entry_points.txt
[1.224s] writing requirements to my_py_pkg.egg-info/requires.txt
[1.225s] writing top-level names to my_py_pkg.egg-info/top_level.txt
[1.278s] reading manifest file 'my_py_pkg.egg-info/SOURCES.txt'
[1.279s] writing manifest file 'my_py_pkg.egg-info/SOURCES.txt'
[1.336s] running build_ext
[1.336s] Creating /home/azraa/ros2_ws/install/my_py_pkg/lib/python3.8/site-packages/my-py-pkg.egg-link (link to .)
[1.337s] Installing add_two_ints_client script to /home/azraa/ros2_ws/install/my_py_pkg/lib/my_py_pkg
[1.338s] Installing add_two_ints_client_no_oop script to /home/azraa/ros2_ws/install/my_py_pkg/lib/my_py_pkg
[1.338s] Installing add_two_ints_server script to /home/azraa/ros2_ws/install/my_py_pkg/lib/my_py_pkg
[1.338s] Installing hw_status_publisher script to /home/azraa/ros2_ws/install/my_py_pkg/lib/my_py_pkg
[1.339s] Installing number_counter script to /home/azraa/ros2_ws/install/my_py_pkg/lib/my_py_pkg
[1.339s] Installing number_publisher script to /home/azraa/ros2_ws/install/my_py_pkg/lib/my_py_pkg
[1.339s] Installing py_node script to /home/azraa/ros2_ws/install/my_py_pkg/lib/my_py_pkg
[1.339s] Installing robot_news_station script to /home/azraa/ros2_ws/install/my_py_pkg/lib/my_py_pkg
[1.339s] Installing smartphone script to /home/azraa/ros2_ws/install/my_py_pkg/lib/my_py_pkg
[1.339s] 
[1.339s] Installed /home/azraa/ros2_ws/build/my_py_pkg
[1.339s] running install_data
[1.369s] Invoked command in '/home/azraa/ros2_ws/build/my_py_pkg' returned '0': PYTHONPATH=/home/azraa/ros2_ws/install/my_py_pkg/lib/python3.8/site-packages:${PYTHONPATH} /usr/bin/python3 setup.py develop --prefix /home/azraa/ros2_ws/install/my_py_pkg --editable --build-directory /home/azraa/ros2_ws/build/my_py_pkg/build --no-deps install_data --install-dir /home/azraa/ros2_ws/install/my_py_pkg
