[1.217s] Invoking command in '/home/azraa/ros2_ws/build/my_py_pkg': CMAKE_PREFIX_PATH=/home/azraa/ros2_ws/install/my_robot_interfaces:/home/azraa/ros2_ws/install/my_cpp_pkg PYTHONPATH=/home/azraa/ros2_ws/install/my_py_pkg/lib/python3.8/site-packages:/home/azraa/ros2_ws/install/my_robot_interfaces/lib/python3.8/site-packages:/home/azraa/ros2_ws/build/my_py_pkg:/home/azraa/ros2_ws/install/my_py_pkg/lib/python3.8/site-packages:/opt/ros/foxy/lib/python3.8/site-packages /usr/bin/python3 setup.py develop --prefix /home/azraa/ros2_ws/install/my_py_pkg --editable --build-directory /home/azraa/ros2_ws/build/my_py_pkg/build --no-deps install_data --install-dir /home/azraa/ros2_ws/install/my_py_pkg
[1.604s] running develop
[1.800s] running egg_info
[1.800s] writing my_py_pkg.egg-info/PKG-INFO
[1.800s] writing dependency_links to my_py_pkg.egg-info/dependency_links.txt
[1.801s] writing entry points to my_py_pkg.egg-info/entry_points.txt
[1.801s] writing requirements to my_py_pkg.egg-info/requires.txt
[1.801s] writing top-level names to my_py_pkg.egg-info/top_level.txt
[1.868s] reading manifest file 'my_py_pkg.egg-info/SOURCES.txt'
[1.869s] writing manifest file 'my_py_pkg.egg-info/SOURCES.txt'
[1.935s] running build_ext
[1.935s] Creating /home/azraa/ros2_ws/install/my_py_pkg/lib/python3.8/site-packages/my-py-pkg.egg-link (link to .)
[1.937s] Installing add_two_ints_client script to /home/azraa/ros2_ws/install/my_py_pkg/lib/my_py_pkg
[1.938s] Installing add_two_ints_client_no_oop script to /home/azraa/ros2_ws/install/my_py_pkg/lib/my_py_pkg
[1.938s] Installing add_two_ints_server script to /home/azraa/ros2_ws/install/my_py_pkg/lib/my_py_pkg
[1.938s] Installing hw_status_publisher script to /home/azraa/ros2_ws/install/my_py_pkg/lib/my_py_pkg
[1.938s] Installing led_panel script to /home/azraa/ros2_ws/install/my_py_pkg/lib/my_py_pkg
[1.938s] Installing number_counter script to /home/azraa/ros2_ws/install/my_py_pkg/lib/my_py_pkg
[1.939s] Installing number_publisher script to /home/azraa/ros2_ws/install/my_py_pkg/lib/my_py_pkg
[1.939s] Installing py_node script to /home/azraa/ros2_ws/install/my_py_pkg/lib/my_py_pkg
[1.939s] Installing robot_news_station script to /home/azraa/ros2_ws/install/my_py_pkg/lib/my_py_pkg
[1.939s] Installing smartphone script to /home/azraa/ros2_ws/install/my_py_pkg/lib/my_py_pkg
[1.939s] 
[1.939s] Installed /home/azraa/ros2_ws/build/my_py_pkg
[1.940s] running install_data
[1.988s] Invoked command in '/home/azraa/ros2_ws/build/my_py_pkg' returned '0': CMAKE_PREFIX_PATH=/home/azraa/ros2_ws/install/my_robot_interfaces:/home/azraa/ros2_ws/install/my_cpp_pkg PYTHONPATH=/home/azraa/ros2_ws/install/my_py_pkg/lib/python3.8/site-packages:/home/azraa/ros2_ws/install/my_robot_interfaces/lib/python3.8/site-packages:/home/azraa/ros2_ws/build/my_py_pkg:/home/azraa/ros2_ws/install/my_py_pkg/lib/python3.8/site-packages:/opt/ros/foxy/lib/python3.8/site-packages /usr/bin/python3 setup.py develop --prefix /home/azraa/ros2_ws/install/my_py_pkg --editable --build-directory /home/azraa/ros2_ws/build/my_py_pkg/build --no-deps install_data --install-dir /home/azraa/ros2_ws/install/my_py_pkg
