[0.566s] DEBUG:colcon:Command line arguments: ['/usr/bin/colcon', 'build', '--packages-select', 'flir_lepton_msgs', 'flir_lepton_data_processor', 'flir_lepton_purethermal2']
[0.566s] DEBUG:colcon:Parsed command line arguments: Namespace(allow_overriding=[], ament_cmake_args=None, base_paths=['.'], build_base='build', catkin_cmake_args=None, catkin_skip_building_tests=False, cmake_args=None, cmake_clean_cache=False, cmake_clean_first=False, cmake_force_configure=False, cmake_target=None, cmake_target_skip_unavailable=False, continue_on_error=False, event_handlers=None, executor='parallel', ignore_user_meta=False, install_base='install', log_base=None, log_level=None, main=<bound method BuildVerb.main of <colcon_core.verb.build.BuildVerb object at 0x7f79ccbb2af0>>, merge_install=False, metas=['./colcon.meta'], packages_above=None, packages_above_and_dependencies=None, packages_above_depth=None, packages_end=None, packages_ignore=None, packages_ignore_regex=None, packages_select=['flir_lepton_msgs', 'flir_lepton_data_processor', 'flir_lepton_purethermal2'], packages_select_build_failed=False, packages_select_by_dep=None, packages_select_regex=None, packages_select_test_failures=False, packages_skip=None, packages_skip_build_finished=False, packages_skip_by_dep=None, packages_skip_regex=None, packages_skip_test_passed=False, packages_skip_up_to=None, packages_start=None, packages_up_to=None, packages_up_to_regex=None, parallel_workers=4, paths=None, symlink_install=False, test_result_base=None, verb_extension=<colcon_core.verb.build.BuildVerb object at 0x7f79ccbb2af0>, verb_name='build', verb_parser=<colcon_defaults.argument_parser.defaults.DefaultArgumentsDecorator object at 0x7f79ccb7e880>)
[0.639s] Level 1:colcon.colcon_core.package_discovery:discover_packages(colcon_meta) check parameters
[0.640s] Level 1:colcon.colcon_core.package_discovery:discover_packages(recursive) check parameters
[0.640s] Level 1:colcon.colcon_core.package_discovery:discover_packages(ignore) check parameters
[0.640s] Level 1:colcon.colcon_core.package_discovery:discover_packages(path) check parameters
[0.640s] Level 1:colcon.colcon_core.package_discovery:discover_packages(colcon_meta) discover
[0.640s] Level 1:colcon.colcon_core.package_discovery:discover_packages(recursive) discover
[0.640s] INFO:colcon.colcon_core.package_discovery:Crawling recursively for packages in '/home/azraa/ros2_ws'
[0.640s] Level 1:colcon.colcon_core.package_identification:_identify(.) by extensions ['ignore', 'ignore_ament_install']
[0.640s] Level 1:colcon.colcon_core.package_identification:_identify(.) by extension 'ignore'
[0.640s] Level 1:colcon.colcon_core.package_identification:_identify(.) by extension 'ignore_ament_install'
[0.640s] Level 1:colcon.colcon_core.package_identification:_identify(.) by extensions ['colcon_pkg']
[0.640s] Level 1:colcon.colcon_core.package_identification:_identify(.) by extension 'colcon_pkg'
[0.640s] Level 1:colcon.colcon_core.package_identification:_identify(.) by extensions ['colcon_meta']
[0.640s] Level 1:colcon.colcon_core.package_identification:_identify(.) by extension 'colcon_meta'
[0.640s] Level 1:colcon.colcon_core.package_identification:_identify(.) by extensions ['ros']
[0.640s] Level 1:colcon.colcon_core.package_identification:_identify(.) by extension 'ros'
[0.659s] Level 1:colcon.colcon_core.package_identification:_identify(.) by extensions ['cmake', 'python']
[0.659s] Level 1:colcon.colcon_core.package_identification:_identify(.) by extension 'cmake'
[0.659s] Level 1:colcon.colcon_core.package_identification:_identify(.) by extension 'python'
[0.659s] Level 1:colcon.colcon_core.package_identification:_identify(.) by extensions ['python_setup_py']
[0.659s] Level 1:colcon.colcon_core.package_identification:_identify(.) by extension 'python_setup_py'
[0.660s] Level 1:colcon.colcon_core.package_identification:_identify(bags) by extensions ['ignore', 'ignore_ament_install']
[0.660s] Level 1:colcon.colcon_core.package_identification:_identify(bags) by extension 'ignore'
[0.660s] Level 1:colcon.colcon_core.package_identification:_identify(bags) by extension 'ignore_ament_install'
[0.660s] Level 1:colcon.colcon_core.package_identification:_identify(bags) by extensions ['colcon_pkg']
[0.660s] Level 1:colcon.colcon_core.package_identification:_identify(bags) by extension 'colcon_pkg'
[0.660s] Level 1:colcon.colcon_core.package_identification:_identify(bags) by extensions ['colcon_meta']
[0.660s] Level 1:colcon.colcon_core.package_identification:_identify(bags) by extension 'colcon_meta'
[0.660s] Level 1:colcon.colcon_core.package_identification:_identify(bags) by extensions ['ros']
[0.660s] Level 1:colcon.colcon_core.package_identification:_identify(bags) by extension 'ros'
[0.660s] Level 1:colcon.colcon_core.package_identification:_identify(bags) by extensions ['cmake', 'python']
[0.660s] Level 1:colcon.colcon_core.package_identification:_identify(bags) by extension 'cmake'
[0.660s] Level 1:colcon.colcon_core.package_identification:_identify(bags) by extension 'python'
[0.660s] Level 1:colcon.colcon_core.package_identification:_identify(bags) by extensions ['python_setup_py']
[0.660s] Level 1:colcon.colcon_core.package_identification:_identify(bags) by extension 'python_setup_py'
[0.660s] Level 1:colcon.colcon_core.package_identification:_identify(bags/test2) by extensions ['ignore', 'ignore_ament_install']
[0.660s] Level 1:colcon.colcon_core.package_identification:_identify(bags/test2) by extension 'ignore'
[0.661s] Level 1:colcon.colcon_core.package_identification:_identify(bags/test2) by extension 'ignore_ament_install'
[0.661s] Level 1:colcon.colcon_core.package_identification:_identify(bags/test2) by extensions ['colcon_pkg']
[0.661s] Level 1:colcon.colcon_core.package_identification:_identify(bags/test2) by extension 'colcon_pkg'
[0.661s] Level 1:colcon.colcon_core.package_identification:_identify(bags/test2) by extensions ['colcon_meta']
[0.661s] Level 1:colcon.colcon_core.package_identification:_identify(bags/test2) by extension 'colcon_meta'
[0.661s] Level 1:colcon.colcon_core.package_identification:_identify(bags/test2) by extensions ['ros']
[0.661s] Level 1:colcon.colcon_core.package_identification:_identify(bags/test2) by extension 'ros'
[0.661s] Level 1:colcon.colcon_core.package_identification:_identify(bags/test2) by extensions ['cmake', 'python']
[0.661s] Level 1:colcon.colcon_core.package_identification:_identify(bags/test2) by extension 'cmake'
[0.661s] Level 1:colcon.colcon_core.package_identification:_identify(bags/test2) by extension 'python'
[0.661s] Level 1:colcon.colcon_core.package_identification:_identify(bags/test2) by extensions ['python_setup_py']
[0.661s] Level 1:colcon.colcon_core.package_identification:_identify(bags/test2) by extension 'python_setup_py'
[0.661s] Level 1:colcon.colcon_core.package_identification:_identify(build) by extensions ['ignore', 'ignore_ament_install']
[0.661s] Level 1:colcon.colcon_core.package_identification:_identify(build) by extension 'ignore'
[0.661s] Level 1:colcon.colcon_core.package_identification:_identify(build) ignored
[0.662s] Level 1:colcon.colcon_core.package_identification:_identify(install) by extensions ['ignore', 'ignore_ament_install']
[0.662s] Level 1:colcon.colcon_core.package_identification:_identify(install) by extension 'ignore'
[0.662s] Level 1:colcon.colcon_core.package_identification:_identify(install) ignored
[0.662s] Level 1:colcon.colcon_core.package_identification:_identify(log) by extensions ['ignore', 'ignore_ament_install']
[0.662s] Level 1:colcon.colcon_core.package_identification:_identify(log) by extension 'ignore'
[0.662s] Level 1:colcon.colcon_core.package_identification:_identify(log) ignored
[0.663s] Level 1:colcon.colcon_core.package_identification:_identify(rosbag2video) by extensions ['ignore', 'ignore_ament_install']
[0.663s] Level 1:colcon.colcon_core.package_identification:_identify(rosbag2video) by extension 'ignore'
[0.663s] Level 1:colcon.colcon_core.package_identification:_identify(rosbag2video) by extension 'ignore_ament_install'
[0.663s] Level 1:colcon.colcon_core.package_identification:_identify(rosbag2video) by extensions ['colcon_pkg']
[0.663s] Level 1:colcon.colcon_core.package_identification:_identify(rosbag2video) by extension 'colcon_pkg'
[0.663s] Level 1:colcon.colcon_core.package_identification:_identify(rosbag2video) by extensions ['colcon_meta']
[0.663s] Level 1:colcon.colcon_core.package_identification:_identify(rosbag2video) by extension 'colcon_meta'
[0.663s] Level 1:colcon.colcon_core.package_identification:_identify(rosbag2video) by extensions ['ros']
[0.663s] Level 1:colcon.colcon_core.package_identification:_identify(rosbag2video) by extension 'ros'
[0.663s] Level 1:colcon.colcon_core.package_identification:_identify(rosbag2video) by extensions ['cmake', 'python']
[0.663s] Level 1:colcon.colcon_core.package_identification:_identify(rosbag2video) by extension 'cmake'
[0.663s] Level 1:colcon.colcon_core.package_identification:_identify(rosbag2video) by extension 'python'
[0.663s] Level 1:colcon.colcon_core.package_identification:_identify(rosbag2video) by extensions ['python_setup_py']
[0.663s] Level 1:colcon.colcon_core.package_identification:_identify(rosbag2video) by extension 'python_setup_py'
[0.663s] Level 1:colcon.colcon_core.package_identification:_identify(src) by extensions ['ignore', 'ignore_ament_install']
[0.663s] Level 1:colcon.colcon_core.package_identification:_identify(src) by extension 'ignore'
[0.663s] Level 1:colcon.colcon_core.package_identification:_identify(src) by extension 'ignore_ament_install'
[0.664s] Level 1:colcon.colcon_core.package_identification:_identify(src) by extensions ['colcon_pkg']
[0.664s] Level 1:colcon.colcon_core.package_identification:_identify(src) by extension 'colcon_pkg'
[0.664s] Level 1:colcon.colcon_core.package_identification:_identify(src) by extensions ['colcon_meta']
[0.664s] Level 1:colcon.colcon_core.package_identification:_identify(src) by extension 'colcon_meta'
[0.664s] Level 1:colcon.colcon_core.package_identification:_identify(src) by extensions ['ros']
[0.664s] Level 1:colcon.colcon_core.package_identification:_identify(src) by extension 'ros'
[0.664s] Level 1:colcon.colcon_core.package_identification:_identify(src) by extensions ['cmake', 'python']
[0.664s] Level 1:colcon.colcon_core.package_identification:_identify(src) by extension 'cmake'
[0.664s] Level 1:colcon.colcon_core.package_identification:_identify(src) by extension 'python'
[0.664s] Level 1:colcon.colcon_core.package_identification:_identify(src) by extensions ['python_setup_py']
[0.664s] Level 1:colcon.colcon_core.package_identification:_identify(src) by extension 'python_setup_py'
[0.664s] Level 1:colcon.colcon_core.package_identification:_identify(src/M2S2) by extensions ['ignore', 'ignore_ament_install']
[0.664s] Level 1:colcon.colcon_core.package_identification:_identify(src/M2S2) by extension 'ignore'
[0.664s] Level 1:colcon.colcon_core.package_identification:_identify(src/M2S2) by extension 'ignore_ament_install'
[0.664s] Level 1:colcon.colcon_core.package_identification:_identify(src/M2S2) by extensions ['colcon_pkg']
[0.664s] Level 1:colcon.colcon_core.package_identification:_identify(src/M2S2) by extension 'colcon_pkg'
[0.664s] Level 1:colcon.colcon_core.package_identification:_identify(src/M2S2) by extensions ['colcon_meta']
[0.664s] Level 1:colcon.colcon_core.package_identification:_identify(src/M2S2) by extension 'colcon_meta'
[0.665s] Level 1:colcon.colcon_core.package_identification:_identify(src/M2S2) by extensions ['ros']
[0.665s] Level 1:colcon.colcon_core.package_identification:_identify(src/M2S2) by extension 'ros'
[0.665s] Level 1:colcon.colcon_core.package_identification:_identify(src/M2S2) by extensions ['cmake', 'python']
[0.665s] Level 1:colcon.colcon_core.package_identification:_identify(src/M2S2) by extension 'cmake'
[0.665s] Level 1:colcon.colcon_core.package_identification:_identify(src/M2S2) by extension 'python'
[0.665s] Level 1:colcon.colcon_core.package_identification:_identify(src/M2S2) by extensions ['python_setup_py']
[0.665s] Level 1:colcon.colcon_core.package_identification:_identify(src/M2S2) by extension 'python_setup_py'
[0.665s] Level 1:colcon.colcon_core.package_identification:_identify(src/M2S2/audio_common) by extensions ['ignore', 'ignore_ament_install']
[0.665s] Level 1:colcon.colcon_core.package_identification:_identify(src/M2S2/audio_common) by extension 'ignore'
[0.665s] Level 1:colcon.colcon_core.package_identification:_identify(src/M2S2/audio_common) by extension 'ignore_ament_install'
[0.665s] Level 1:colcon.colcon_core.package_identification:_identify(src/M2S2/audio_common) by extensions ['colcon_pkg']
[0.665s] Level 1:colcon.colcon_core.package_identification:_identify(src/M2S2/audio_common) by extension 'colcon_pkg'
[0.665s] Level 1:colcon.colcon_core.package_identification:_identify(src/M2S2/audio_common) by extensions ['colcon_meta']
[0.665s] Level 1:colcon.colcon_core.package_identification:_identify(src/M2S2/audio_common) by extension 'colcon_meta'
[0.665s] Level 1:colcon.colcon_core.package_identification:_identify(src/M2S2/audio_common) by extensions ['ros']
[0.665s] Level 1:colcon.colcon_core.package_identification:_identify(src/M2S2/audio_common) by extension 'ros'
[0.666s] Level 1:colcon.colcon_core.package_identification:_identify(src/M2S2/audio_common) by extensions ['cmake', 'python']
[0.666s] Level 1:colcon.colcon_core.package_identification:_identify(src/M2S2/audio_common) by extension 'cmake'
[0.666s] Level 1:colcon.colcon_core.package_identification:_identify(src/M2S2/audio_common) by extension 'python'
[0.666s] Level 1:colcon.colcon_core.package_identification:_identify(src/M2S2/audio_common) by extensions ['python_setup_py']
[0.666s] Level 1:colcon.colcon_core.package_identification:_identify(src/M2S2/audio_common) by extension 'python_setup_py'
[0.666s] Level 1:colcon.colcon_core.package_identification:_identify(src/M2S2/audio_common/audio_capture) by extensions ['ignore', 'ignore_ament_install']
[0.666s] Level 1:colcon.colcon_core.package_identification:_identify(src/M2S2/audio_common/audio_capture) by extension 'ignore'
[0.666s] Level 1:colcon.colcon_core.package_identification:_identify(src/M2S2/audio_common/audio_capture) by extension 'ignore_ament_install'
[0.666s] Level 1:colcon.colcon_core.package_identification:_identify(src/M2S2/audio_common/audio_capture) by extensions ['colcon_pkg']
[0.666s] Level 1:colcon.colcon_core.package_identification:_identify(src/M2S2/audio_common/audio_capture) by extension 'colcon_pkg'
[0.666s] Level 1:colcon.colcon_core.package_identification:_identify(src/M2S2/audio_common/audio_capture) by extensions ['colcon_meta']
[0.666s] Level 1:colcon.colcon_core.package_identification:_identify(src/M2S2/audio_common/audio_capture) by extension 'colcon_meta'
[0.666s] Level 1:colcon.colcon_core.package_identification:_identify(src/M2S2/audio_common/audio_capture) by extensions ['ros']
[0.666s] Level 1:colcon.colcon_core.package_identification:_identify(src/M2S2/audio_common/audio_capture) by extension 'ros'
[0.670s] DEBUG:colcon.colcon_core.package_identification:Package 'src/M2S2/audio_common/audio_capture' with type 'ros.ament_cmake' and name 'audio_capture'
[0.670s] Level 1:colcon.colcon_core.package_identification:_identify(src/M2S2/audio_common/audio_common) by extensions ['ignore', 'ignore_ament_install']
[0.670s] Level 1:colcon.colcon_core.package_identification:_identify(src/M2S2/audio_common/audio_common) by extension 'ignore'
[0.670s] Level 1:colcon.colcon_core.package_identification:_identify(src/M2S2/audio_common/audio_common) by extension 'ignore_ament_install'
[0.670s] Level 1:colcon.colcon_core.package_identification:_identify(src/M2S2/audio_common/audio_common) by extensions ['colcon_pkg']
[0.670s] Level 1:colcon.colcon_core.package_identification:_identify(src/M2S2/audio_common/audio_common) by extension 'colcon_pkg'
[0.670s] Level 1:colcon.colcon_core.package_identification:_identify(src/M2S2/audio_common/audio_common) by extensions ['colcon_meta']
[0.670s] Level 1:colcon.colcon_core.package_identification:_identify(src/M2S2/audio_common/audio_common) by extension 'colcon_meta'
[0.670s] Level 1:colcon.colcon_core.package_identification:_identify(src/M2S2/audio_common/audio_common) by extensions ['ros']
[0.670s] Level 1:colcon.colcon_core.package_identification:_identify(src/M2S2/audio_common/audio_common) by extension 'ros'
[0.671s] DEBUG:colcon.colcon_core.package_identification:Package 'src/M2S2/audio_common/audio_common' with type 'ros.ament_cmake' and name 'audio_common'
[0.671s] Level 1:colcon.colcon_core.package_identification:_identify(src/M2S2/audio_common/audio_common_msgs) by extensions ['ignore', 'ignore_ament_install']
[0.671s] Level 1:colcon.colcon_core.package_identification:_identify(src/M2S2/audio_common/audio_common_msgs) by extension 'ignore'
[0.671s] Level 1:colcon.colcon_core.package_identification:_identify(src/M2S2/audio_common/audio_common_msgs) by extension 'ignore_ament_install'
[0.671s] Level 1:colcon.colcon_core.package_identification:_identify(src/M2S2/audio_common/audio_common_msgs) by extensions ['colcon_pkg']
[0.671s] Level 1:colcon.colcon_core.package_identification:_identify(src/M2S2/audio_common/audio_common_msgs) by extension 'colcon_pkg'
[0.671s] Level 1:colcon.colcon_core.package_identification:_identify(src/M2S2/audio_common/audio_common_msgs) by extensions ['colcon_meta']
[0.671s] Level 1:colcon.colcon_core.package_identification:_identify(src/M2S2/audio_common/audio_common_msgs) by extension 'colcon_meta'
[0.672s] Level 1:colcon.colcon_core.package_identification:_identify(src/M2S2/audio_common/audio_common_msgs) by extensions ['ros']
[0.672s] Level 1:colcon.colcon_core.package_identification:_identify(src/M2S2/audio_common/audio_common_msgs) by extension 'ros'
[0.672s] DEBUG:colcon.colcon_core.package_identification:Package 'src/M2S2/audio_common/audio_common_msgs' with type 'ros.ament_cmake' and name 'audio_common_msgs'
[0.672s] Level 1:colcon.colcon_core.package_identification:_identify(src/M2S2/audio_common/audio_play) by extensions ['ignore', 'ignore_ament_install']
[0.673s] Level 1:colcon.colcon_core.package_identification:_identify(src/M2S2/audio_common/audio_play) by extension 'ignore'
[0.673s] Level 1:colcon.colcon_core.package_identification:_identify(src/M2S2/audio_common/audio_play) by extension 'ignore_ament_install'
[0.673s] Level 1:colcon.colcon_core.package_identification:_identify(src/M2S2/audio_common/audio_play) by extensions ['colcon_pkg']
[0.673s] Level 1:colcon.colcon_core.package_identification:_identify(src/M2S2/audio_common/audio_play) by extension 'colcon_pkg'
[0.673s] Level 1:colcon.colcon_core.package_identification:_identify(src/M2S2/audio_common/audio_play) by extensions ['colcon_meta']
[0.673s] Level 1:colcon.colcon_core.package_identification:_identify(src/M2S2/audio_common/audio_play) by extension 'colcon_meta'
[0.673s] Level 1:colcon.colcon_core.package_identification:_identify(src/M2S2/audio_common/audio_play) by extensions ['ros']
[0.673s] Level 1:colcon.colcon_core.package_identification:_identify(src/M2S2/audio_common/audio_play) by extension 'ros'
[0.674s] DEBUG:colcon.colcon_core.package_identification:Package 'src/M2S2/audio_common/audio_play' with type 'ros.ament_cmake' and name 'audio_play'
[0.674s] Level 1:colcon.colcon_core.package_identification:_identify(src/M2S2/audio_common/sound_play) by extensions ['ignore', 'ignore_ament_install']
[0.674s] Level 1:colcon.colcon_core.package_identification:_identify(src/M2S2/audio_common/sound_play) by extension 'ignore'
[0.674s] Level 1:colcon.colcon_core.package_identification:_identify(src/M2S2/audio_common/sound_play) by extension 'ignore_ament_install'
[0.674s] Level 1:colcon.colcon_core.package_identification:_identify(src/M2S2/audio_common/sound_play) by extensions ['colcon_pkg']
[0.674s] Level 1:colcon.colcon_core.package_identification:_identify(src/M2S2/audio_common/sound_play) by extension 'colcon_pkg'
[0.674s] Level 1:colcon.colcon_core.package_identification:_identify(src/M2S2/audio_common/sound_play) by extensions ['colcon_meta']
[0.674s] Level 1:colcon.colcon_core.package_identification:_identify(src/M2S2/audio_common/sound_play) by extension 'colcon_meta'
[0.675s] Level 1:colcon.colcon_core.package_identification:_identify(src/M2S2/audio_common/sound_play) by extensions ['ros']
[0.675s] Level 1:colcon.colcon_core.package_identification:_identify(src/M2S2/audio_common/sound_play) by extension 'ros'
[0.676s] DEBUG:colcon.colcon_core.package_identification:Package 'src/M2S2/audio_common/sound_play' with type 'ros.ament_cmake' and name 'sound_play'
[0.676s] Level 1:colcon.colcon_core.package_identification:_identify(src/M2S2/bags) by extensions ['ignore', 'ignore_ament_install']
[0.676s] Level 1:colcon.colcon_core.package_identification:_identify(src/M2S2/bags) by extension 'ignore'
[0.676s] Level 1:colcon.colcon_core.package_identification:_identify(src/M2S2/bags) by extension 'ignore_ament_install'
[0.676s] Level 1:colcon.colcon_core.package_identification:_identify(src/M2S2/bags) by extensions ['colcon_pkg']
[0.676s] Level 1:colcon.colcon_core.package_identification:_identify(src/M2S2/bags) by extension 'colcon_pkg'
[0.677s] Level 1:colcon.colcon_core.package_identification:_identify(src/M2S2/bags) by extensions ['colcon_meta']
[0.677s] Level 1:colcon.colcon_core.package_identification:_identify(src/M2S2/bags) by extension 'colcon_meta'
[0.677s] Level 1:colcon.colcon_core.package_identification:_identify(src/M2S2/bags) by extensions ['ros']
[0.677s] Level 1:colcon.colcon_core.package_identification:_identify(src/M2S2/bags) by extension 'ros'
[0.677s] Level 1:colcon.colcon_core.package_identification:_identify(src/M2S2/bags) by extensions ['cmake', 'python']
[0.677s] Level 1:colcon.colcon_core.package_identification:_identify(src/M2S2/bags) by extension 'cmake'
[0.677s] Level 1:colcon.colcon_core.package_identification:_identify(src/M2S2/bags) by extension 'python'
[0.677s] Level 1:colcon.colcon_core.package_identification:_identify(src/M2S2/bags) by extensions ['python_setup_py']
[0.677s] Level 1:colcon.colcon_core.package_identification:_identify(src/M2S2/bags) by extension 'python_setup_py'
[0.677s] Level 1:colcon.colcon_core.package_identification:_identify(src/M2S2/bags/test_enviro) by extensions ['ignore', 'ignore_ament_install']
[0.677s] Level 1:colcon.colcon_core.package_identification:_identify(src/M2S2/bags/test_enviro) by extension 'ignore'
[0.677s] Level 1:colcon.colcon_core.package_identification:_identify(src/M2S2/bags/test_enviro) by extension 'ignore_ament_install'
[0.677s] Level 1:colcon.colcon_core.package_identification:_identify(src/M2S2/bags/test_enviro) by extensions ['colcon_pkg']
[0.677s] Level 1:colcon.colcon_core.package_identification:_identify(src/M2S2/bags/test_enviro) by extension 'colcon_pkg'
[0.677s] Level 1:colcon.colcon_core.package_identification:_identify(src/M2S2/bags/test_enviro) by extensions ['colcon_meta']
[0.677s] Level 1:colcon.colcon_core.package_identification:_identify(src/M2S2/bags/test_enviro) by extension 'colcon_meta'
[0.678s] Level 1:colcon.colcon_core.package_identification:_identify(src/M2S2/bags/test_enviro) by extensions ['ros']
[0.678s] Level 1:colcon.colcon_core.package_identification:_identify(src/M2S2/bags/test_enviro) by extension 'ros'
[0.678s] Level 1:colcon.colcon_core.package_identification:_identify(src/M2S2/bags/test_enviro) by extensions ['cmake', 'python']
[0.678s] Level 1:colcon.colcon_core.package_identification:_identify(src/M2S2/bags/test_enviro) by extension 'cmake'
[0.678s] Level 1:colcon.colcon_core.package_identification:_identify(src/M2S2/bags/test_enviro) by extension 'python'
[0.678s] Level 1:colcon.colcon_core.package_identification:_identify(src/M2S2/bags/test_enviro) by extensions ['python_setup_py']
[0.678s] Level 1:colcon.colcon_core.package_identification:_identify(src/M2S2/bags/test_enviro) by extension 'python_setup_py'
[0.678s] Level 1:colcon.colcon_core.package_identification:_identify(src/M2S2/bme280) by extensions ['ignore', 'ignore_ament_install']
[0.678s] Level 1:colcon.colcon_core.package_identification:_identify(src/M2S2/bme280) by extension 'ignore'
[0.678s] Level 1:colcon.colcon_core.package_identification:_identify(src/M2S2/bme280) by extension 'ignore_ament_install'
[0.678s] Level 1:colcon.colcon_core.package_identification:_identify(src/M2S2/bme280) by extensions ['colcon_pkg']
[0.678s] Level 1:colcon.colcon_core.package_identification:_identify(src/M2S2/bme280) by extension 'colcon_pkg'
[0.678s] Level 1:colcon.colcon_core.package_identification:_identify(src/M2S2/bme280) by extensions ['colcon_meta']
[0.678s] Level 1:colcon.colcon_core.package_identification:_identify(src/M2S2/bme280) by extension 'colcon_meta'
[0.678s] Level 1:colcon.colcon_core.package_identification:_identify(src/M2S2/bme280) by extensions ['ros']
[0.678s] Level 1:colcon.colcon_core.package_identification:_identify(src/M2S2/bme280) by extension 'ros'
[0.679s] DEBUG:colcon.colcon_core.package_identification:Package 'src/M2S2/bme280' with type 'ros.ament_cmake' and name 'bme280'
[0.679s] Level 1:colcon.colcon_core.package_identification:_identify(src/M2S2/flir_lepton_ros2) by extensions ['ignore', 'ignore_ament_install']
[0.679s] Level 1:colcon.colcon_core.package_identification:_identify(src/M2S2/flir_lepton_ros2) by extension 'ignore'
[0.679s] Level 1:colcon.colcon_core.package_identification:_identify(src/M2S2/flir_lepton_ros2) by extension 'ignore_ament_install'
[0.679s] Level 1:colcon.colcon_core.package_identification:_identify(src/M2S2/flir_lepton_ros2) by extensions ['colcon_pkg']
[0.680s] Level 1:colcon.colcon_core.package_identification:_identify(src/M2S2/flir_lepton_ros2) by extension 'colcon_pkg'
[0.680s] Level 1:colcon.colcon_core.package_identification:_identify(src/M2S2/flir_lepton_ros2) by extensions ['colcon_meta']
[0.680s] Level 1:colcon.colcon_core.package_identification:_identify(src/M2S2/flir_lepton_ros2) by extension 'colcon_meta'
[0.680s] Level 1:colcon.colcon_core.package_identification:_identify(src/M2S2/flir_lepton_ros2) by extensions ['ros']
[0.680s] Level 1:colcon.colcon_core.package_identification:_identify(src/M2S2/flir_lepton_ros2) by extension 'ros'
[0.681s] DEBUG:colcon.colcon_core.package_identification:Package 'src/M2S2/flir_lepton_ros2' with type 'ros.ament_cmake' and name 'flir_lepton_ros2'
[0.681s] Level 1:colcon.colcon_core.package_identification:_identify(src/M2S2/m2s2_bringup) by extensions ['ignore', 'ignore_ament_install']
[0.681s] Level 1:colcon.colcon_core.package_identification:_identify(src/M2S2/m2s2_bringup) by extension 'ignore'
[0.681s] Level 1:colcon.colcon_core.package_identification:_identify(src/M2S2/m2s2_bringup) by extension 'ignore_ament_install'
[0.681s] Level 1:colcon.colcon_core.package_identification:_identify(src/M2S2/m2s2_bringup) by extensions ['colcon_pkg']
[0.681s] Level 1:colcon.colcon_core.package_identification:_identify(src/M2S2/m2s2_bringup) by extension 'colcon_pkg'
[0.681s] Level 1:colcon.colcon_core.package_identification:_identify(src/M2S2/m2s2_bringup) by extensions ['colcon_meta']
[0.681s] Level 1:colcon.colcon_core.package_identification:_identify(src/M2S2/m2s2_bringup) by extension 'colcon_meta'
[0.681s] Level 1:colcon.colcon_core.package_identification:_identify(src/M2S2/m2s2_bringup) by extensions ['ros']
[0.681s] Level 1:colcon.colcon_core.package_identification:_identify(src/M2S2/m2s2_bringup) by extension 'ros'
[0.682s] DEBUG:colcon.colcon_core.package_identification:Package 'src/M2S2/m2s2_bringup' with type 'ros.ament_cmake' and name 'm2s2_bringup'
[0.682s] Level 1:colcon.colcon_core.package_identification:_identify(src/M2S2/m2s2_custom_interfaces) by extensions ['ignore', 'ignore_ament_install']
[0.682s] Level 1:colcon.colcon_core.package_identification:_identify(src/M2S2/m2s2_custom_interfaces) by extension 'ignore'
[0.682s] Level 1:colcon.colcon_core.package_identification:_identify(src/M2S2/m2s2_custom_interfaces) by extension 'ignore_ament_install'
[0.682s] Level 1:colcon.colcon_core.package_identification:_identify(src/M2S2/m2s2_custom_interfaces) by extensions ['colcon_pkg']
[0.682s] Level 1:colcon.colcon_core.package_identification:_identify(src/M2S2/m2s2_custom_interfaces) by extension 'colcon_pkg'
[0.682s] Level 1:colcon.colcon_core.package_identification:_identify(src/M2S2/m2s2_custom_interfaces) by extensions ['colcon_meta']
[0.682s] Level 1:colcon.colcon_core.package_identification:_identify(src/M2S2/m2s2_custom_interfaces) by extension 'colcon_meta'
[0.682s] Level 1:colcon.colcon_core.package_identification:_identify(src/M2S2/m2s2_custom_interfaces) by extensions ['ros']
[0.683s] Level 1:colcon.colcon_core.package_identification:_identify(src/M2S2/m2s2_custom_interfaces) by extension 'ros'
[0.684s] DEBUG:colcon.colcon_core.package_identification:Package 'src/M2S2/m2s2_custom_interfaces' with type 'ros.ament_cmake' and name 'm2s2_custom_interfaces'
[0.684s] Level 1:colcon.colcon_core.package_identification:_identify(src/M2S2/ximea_ros2_cam) by extensions ['ignore', 'ignore_ament_install']
[0.685s] Level 1:colcon.colcon_core.package_identification:_identify(src/M2S2/ximea_ros2_cam) by extension 'ignore'
[0.685s] Level 1:colcon.colcon_core.package_identification:_identify(src/M2S2/ximea_ros2_cam) by extension 'ignore_ament_install'
[0.685s] Level 1:colcon.colcon_core.package_identification:_identify(src/M2S2/ximea_ros2_cam) by extensions ['colcon_pkg']
[0.685s] Level 1:colcon.colcon_core.package_identification:_identify(src/M2S2/ximea_ros2_cam) by extension 'colcon_pkg'
[0.685s] Level 1:colcon.colcon_core.package_identification:_identify(src/M2S2/ximea_ros2_cam) by extensions ['colcon_meta']
[0.685s] Level 1:colcon.colcon_core.package_identification:_identify(src/M2S2/ximea_ros2_cam) by extension 'colcon_meta'
[0.685s] Level 1:colcon.colcon_core.package_identification:_identify(src/M2S2/ximea_ros2_cam) by extensions ['ros']
[0.685s] Level 1:colcon.colcon_core.package_identification:_identify(src/M2S2/ximea_ros2_cam) by extension 'ros'
[0.686s] DEBUG:colcon.colcon_core.package_identification:Package 'src/M2S2/ximea_ros2_cam' with type 'ros.ament_cmake' and name 'ximea_ros2_cam'
[0.686s] Level 1:colcon.colcon_core.package_identification:_identify(src/build) by extensions ['ignore', 'ignore_ament_install']
[0.686s] Level 1:colcon.colcon_core.package_identification:_identify(src/build) by extension 'ignore'
[0.687s] Level 1:colcon.colcon_core.package_identification:_identify(src/build) ignored
[0.687s] Level 1:colcon.colcon_core.package_identification:_identify(src/flir_lepton) by extensions ['ignore', 'ignore_ament_install']
[0.687s] Level 1:colcon.colcon_core.package_identification:_identify(src/flir_lepton) by extension 'ignore'
[0.687s] Level 1:colcon.colcon_core.package_identification:_identify(src/flir_lepton) by extension 'ignore_ament_install'
[0.687s] Level 1:colcon.colcon_core.package_identification:_identify(src/flir_lepton) by extensions ['colcon_pkg']
[0.687s] Level 1:colcon.colcon_core.package_identification:_identify(src/flir_lepton) by extension 'colcon_pkg'
[0.687s] Level 1:colcon.colcon_core.package_identification:_identify(src/flir_lepton) by extensions ['colcon_meta']
[0.687s] Level 1:colcon.colcon_core.package_identification:_identify(src/flir_lepton) by extension 'colcon_meta'
[0.687s] Level 1:colcon.colcon_core.package_identification:_identify(src/flir_lepton) by extensions ['ros']
[0.687s] Level 1:colcon.colcon_core.package_identification:_identify(src/flir_lepton) by extension 'ros'
[0.687s] Level 1:colcon.colcon_core.package_identification:_identify(src/flir_lepton) by extensions ['cmake', 'python']
[0.687s] Level 1:colcon.colcon_core.package_identification:_identify(src/flir_lepton) by extension 'cmake'
[0.687s] Level 1:colcon.colcon_core.package_identification:_identify(src/flir_lepton) by extension 'python'
[0.687s] Level 1:colcon.colcon_core.package_identification:_identify(src/flir_lepton) by extensions ['python_setup_py']
[0.687s] Level 1:colcon.colcon_core.package_identification:_identify(src/flir_lepton) by extension 'python_setup_py'
[0.688s] Level 1:colcon.colcon_core.package_identification:_identify(src/flir_lepton/flir_lepton_data_processor) by extensions ['ignore', 'ignore_ament_install']
[0.688s] Level 1:colcon.colcon_core.package_identification:_identify(src/flir_lepton/flir_lepton_data_processor) by extension 'ignore'
[0.688s] Level 1:colcon.colcon_core.package_identification:_identify(src/flir_lepton/flir_lepton_data_processor) by extension 'ignore_ament_install'
[0.688s] Level 1:colcon.colcon_core.package_identification:_identify(src/flir_lepton/flir_lepton_data_processor) by extensions ['colcon_pkg']
[0.688s] Level 1:colcon.colcon_core.package_identification:_identify(src/flir_lepton/flir_lepton_data_processor) by extension 'colcon_pkg'
[0.688s] Level 1:colcon.colcon_core.package_identification:_identify(src/flir_lepton/flir_lepton_data_processor) by extensions ['colcon_meta']
[0.688s] Level 1:colcon.colcon_core.package_identification:_identify(src/flir_lepton/flir_lepton_data_processor) by extension 'colcon_meta'
[0.688s] Level 1:colcon.colcon_core.package_identification:_identify(src/flir_lepton/flir_lepton_data_processor) by extensions ['ros']
[0.688s] Level 1:colcon.colcon_core.package_identification:_identify(src/flir_lepton/flir_lepton_data_processor) by extension 'ros'
[0.689s] DEBUG:colcon.colcon_core.package_identification:Package 'src/flir_lepton/flir_lepton_data_processor' with type 'ros.ament_python' and name 'flir_lepton_data_processor'
[0.690s] Level 1:colcon.colcon_core.package_identification:_identify(src/flir_lepton/flir_lepton_msgs) by extensions ['ignore', 'ignore_ament_install']
[0.690s] Level 1:colcon.colcon_core.package_identification:_identify(src/flir_lepton/flir_lepton_msgs) by extension 'ignore'
[0.690s] Level 1:colcon.colcon_core.package_identification:_identify(src/flir_lepton/flir_lepton_msgs) by extension 'ignore_ament_install'
[0.690s] Level 1:colcon.colcon_core.package_identification:_identify(src/flir_lepton/flir_lepton_msgs) by extensions ['colcon_pkg']
[0.690s] Level 1:colcon.colcon_core.package_identification:_identify(src/flir_lepton/flir_lepton_msgs) by extension 'colcon_pkg'
[0.690s] Level 1:colcon.colcon_core.package_identification:_identify(src/flir_lepton/flir_lepton_msgs) by extensions ['colcon_meta']
[0.690s] Level 1:colcon.colcon_core.package_identification:_identify(src/flir_lepton/flir_lepton_msgs) by extension 'colcon_meta'
[0.690s] Level 1:colcon.colcon_core.package_identification:_identify(src/flir_lepton/flir_lepton_msgs) by extensions ['ros']
[0.690s] Level 1:colcon.colcon_core.package_identification:_identify(src/flir_lepton/flir_lepton_msgs) by extension 'ros'
[0.691s] DEBUG:colcon.colcon_core.package_identification:Package 'src/flir_lepton/flir_lepton_msgs' with type 'ros.ament_cmake' and name 'flir_lepton_msgs'
[0.691s] Level 1:colcon.colcon_core.package_identification:_identify(src/flir_lepton/flir_lepton_purethermal2) by extensions ['ignore', 'ignore_ament_install']
[0.691s] Level 1:colcon.colcon_core.package_identification:_identify(src/flir_lepton/flir_lepton_purethermal2) by extension 'ignore'
[0.691s] Level 1:colcon.colcon_core.package_identification:_identify(src/flir_lepton/flir_lepton_purethermal2) by extension 'ignore_ament_install'
[0.692s] Level 1:colcon.colcon_core.package_identification:_identify(src/flir_lepton/flir_lepton_purethermal2) by extensions ['colcon_pkg']
[0.692s] Level 1:colcon.colcon_core.package_identification:_identify(src/flir_lepton/flir_lepton_purethermal2) by extension 'colcon_pkg'
[0.692s] Level 1:colcon.colcon_core.package_identification:_identify(src/flir_lepton/flir_lepton_purethermal2) by extensions ['colcon_meta']
[0.692s] Level 1:colcon.colcon_core.package_identification:_identify(src/flir_lepton/flir_lepton_purethermal2) by extension 'colcon_meta'
[0.692s] Level 1:colcon.colcon_core.package_identification:_identify(src/flir_lepton/flir_lepton_purethermal2) by extensions ['ros']
[0.692s] Level 1:colcon.colcon_core.package_identification:_identify(src/flir_lepton/flir_lepton_purethermal2) by extension 'ros'
[0.692s] DEBUG:colcon.colcon_core.package_identification:Package 'src/flir_lepton/flir_lepton_purethermal2' with type 'ros.ament_python' and name 'flir_lepton_purethermal2'
[0.693s] Level 1:colcon.colcon_core.package_identification:_identify(src/gscam) by extensions ['ignore', 'ignore_ament_install']
[0.693s] Level 1:colcon.colcon_core.package_identification:_identify(src/gscam) by extension 'ignore'
[0.693s] Level 1:colcon.colcon_core.package_identification:_identify(src/gscam) by extension 'ignore_ament_install'
[0.693s] Level 1:colcon.colcon_core.package_identification:_identify(src/gscam) by extensions ['colcon_pkg']
[0.693s] Level 1:colcon.colcon_core.package_identification:_identify(src/gscam) by extension 'colcon_pkg'
[0.693s] Level 1:colcon.colcon_core.package_identification:_identify(src/gscam) by extensions ['colcon_meta']
[0.693s] Level 1:colcon.colcon_core.package_identification:_identify(src/gscam) by extension 'colcon_meta'
[0.693s] Level 1:colcon.colcon_core.package_identification:_identify(src/gscam) by extensions ['ros']
[0.693s] Level 1:colcon.colcon_core.package_identification:_identify(src/gscam) by extension 'ros'
[0.696s] DEBUG:colcon.colcon_core.package_identification:Package 'src/gscam' with type 'ros.ament_cmake' and name 'gscam'
[0.696s] Level 1:colcon.colcon_core.package_identification:_identify(src/install) by extensions ['ignore', 'ignore_ament_install']
[0.696s] Level 1:colcon.colcon_core.package_identification:_identify(src/install) by extension 'ignore'
[0.696s] Level 1:colcon.colcon_core.package_identification:_identify(src/install) ignored
[0.696s] Level 1:colcon.colcon_core.package_identification:_identify(src/log) by extensions ['ignore', 'ignore_ament_install']
[0.696s] Level 1:colcon.colcon_core.package_identification:_identify(src/log) by extension 'ignore'
[0.696s] Level 1:colcon.colcon_core.package_identification:_identify(src/log) ignored
[0.696s] Level 1:colcon.colcon_core.package_identification:_identify(src/m2s2_test_python) by extensions ['ignore', 'ignore_ament_install']
[0.696s] Level 1:colcon.colcon_core.package_identification:_identify(src/m2s2_test_python) by extension 'ignore'
[0.696s] Level 1:colcon.colcon_core.package_identification:_identify(src/m2s2_test_python) by extension 'ignore_ament_install'
[0.696s] Level 1:colcon.colcon_core.package_identification:_identify(src/m2s2_test_python) by extensions ['colcon_pkg']
[0.696s] Level 1:colcon.colcon_core.package_identification:_identify(src/m2s2_test_python) by extension 'colcon_pkg'
[0.696s] Level 1:colcon.colcon_core.package_identification:_identify(src/m2s2_test_python) by extensions ['colcon_meta']
[0.696s] Level 1:colcon.colcon_core.package_identification:_identify(src/m2s2_test_python) by extension 'colcon_meta'
[0.697s] Level 1:colcon.colcon_core.package_identification:_identify(src/m2s2_test_python) by extensions ['ros']
[0.697s] Level 1:colcon.colcon_core.package_identification:_identify(src/m2s2_test_python) by extension 'ros'
[0.697s] DEBUG:colcon.colcon_core.package_identification:Package 'src/m2s2_test_python' with type 'ros.ament_python' and name 'm2s2_test_python'
[0.697s] Level 1:colcon.colcon_core.package_identification:_identify(src/my_cpp_pkg) by extensions ['ignore', 'ignore_ament_install']
[0.697s] Level 1:colcon.colcon_core.package_identification:_identify(src/my_cpp_pkg) by extension 'ignore'
[0.698s] Level 1:colcon.colcon_core.package_identification:_identify(src/my_cpp_pkg) by extension 'ignore_ament_install'
[0.698s] Level 1:colcon.colcon_core.package_identification:_identify(src/my_cpp_pkg) by extensions ['colcon_pkg']
[0.698s] Level 1:colcon.colcon_core.package_identification:_identify(src/my_cpp_pkg) by extension 'colcon_pkg'
[0.698s] Level 1:colcon.colcon_core.package_identification:_identify(src/my_cpp_pkg) by extensions ['colcon_meta']
[0.698s] Level 1:colcon.colcon_core.package_identification:_identify(src/my_cpp_pkg) by extension 'colcon_meta'
[0.698s] Level 1:colcon.colcon_core.package_identification:_identify(src/my_cpp_pkg) by extensions ['ros']
[0.698s] Level 1:colcon.colcon_core.package_identification:_identify(src/my_cpp_pkg) by extension 'ros'
[0.699s] DEBUG:colcon.colcon_core.package_identification:Package 'src/my_cpp_pkg' with type 'ros.ament_cmake' and name 'my_cpp_pkg'
[0.699s] Level 1:colcon.colcon_core.package_identification:_identify(src/my_python_pkg) by extensions ['ignore', 'ignore_ament_install']
[0.699s] Level 1:colcon.colcon_core.package_identification:_identify(src/my_python_pkg) by extension 'ignore'
[0.699s] Level 1:colcon.colcon_core.package_identification:_identify(src/my_python_pkg) by extension 'ignore_ament_install'
[0.699s] Level 1:colcon.colcon_core.package_identification:_identify(src/my_python_pkg) by extensions ['colcon_pkg']
[0.699s] Level 1:colcon.colcon_core.package_identification:_identify(src/my_python_pkg) by extension 'colcon_pkg'
[0.699s] Level 1:colcon.colcon_core.package_identification:_identify(src/my_python_pkg) by extensions ['colcon_meta']
[0.699s] Level 1:colcon.colcon_core.package_identification:_identify(src/my_python_pkg) by extension 'colcon_meta'
[0.699s] Level 1:colcon.colcon_core.package_identification:_identify(src/my_python_pkg) by extensions ['ros']
[0.699s] Level 1:colcon.colcon_core.package_identification:_identify(src/my_python_pkg) by extension 'ros'
[0.700s] DEBUG:colcon.colcon_core.package_identification:Failed to parse potential ROS package manifest in'src/my_python_pkg': Error(s) in package 'src/my_python_pkg/package.xml':
The manifest contains invalid XML:
mismatched tag: line 14, column 20
[0.700s] Level 1:colcon.colcon_core.package_identification:_identify(src/my_python_pkg) by extensions ['cmake', 'python']
[0.700s] Level 1:colcon.colcon_core.package_identification:_identify(src/my_python_pkg) by extension 'cmake'
[0.700s] Level 1:colcon.colcon_core.package_identification:_identify(src/my_python_pkg) by extension 'python'
[0.700s] DEBUG:colcon.colcon_core.package_identification:Python package in 'src/my_python_pkg' passes arguments to the setup() function which requires a different identification extension than 'python'
[0.700s] Level 1:colcon.colcon_core.package_identification:_identify(src/my_python_pkg) by extensions ['python_setup_py']
[0.700s] Level 1:colcon.colcon_core.package_identification:_identify(src/my_python_pkg) by extension 'python_setup_py'
[1.271s] DEBUG:colcon.colcon_core.package_identification:Package 'src/my_python_pkg' with type 'python' and name 'my_python_pkg'
[1.271s] Level 1:colcon.colcon_core.package_identification:_identify(src/my_robot_bringup) by extensions ['ignore', 'ignore_ament_install']
[1.271s] Level 1:colcon.colcon_core.package_identification:_identify(src/my_robot_bringup) by extension 'ignore'
[1.271s] Level 1:colcon.colcon_core.package_identification:_identify(src/my_robot_bringup) by extension 'ignore_ament_install'
[1.272s] Level 1:colcon.colcon_core.package_identification:_identify(src/my_robot_bringup) by extensions ['colcon_pkg']
[1.272s] Level 1:colcon.colcon_core.package_identification:_identify(src/my_robot_bringup) by extension 'colcon_pkg'
[1.272s] Level 1:colcon.colcon_core.package_identification:_identify(src/my_robot_bringup) by extensions ['colcon_meta']
[1.272s] Level 1:colcon.colcon_core.package_identification:_identify(src/my_robot_bringup) by extension 'colcon_meta'
[1.272s] Level 1:colcon.colcon_core.package_identification:_identify(src/my_robot_bringup) by extensions ['ros']
[1.272s] Level 1:colcon.colcon_core.package_identification:_identify(src/my_robot_bringup) by extension 'ros'
[1.273s] DEBUG:colcon.colcon_core.package_identification:Package 'src/my_robot_bringup' with type 'ros.ament_cmake' and name 'my_robot_bringup'
[1.273s] Level 1:colcon.colcon_core.package_identification:_identify(src/my_robot_interfaces) by extensions ['ignore', 'ignore_ament_install']
[1.273s] Level 1:colcon.colcon_core.package_identification:_identify(src/my_robot_interfaces) by extension 'ignore'
[1.273s] Level 1:colcon.colcon_core.package_identification:_identify(src/my_robot_interfaces) by extension 'ignore_ament_install'
[1.273s] Level 1:colcon.colcon_core.package_identification:_identify(src/my_robot_interfaces) by extensions ['colcon_pkg']
[1.273s] Level 1:colcon.colcon_core.package_identification:_identify(src/my_robot_interfaces) by extension 'colcon_pkg'
[1.273s] Level 1:colcon.colcon_core.package_identification:_identify(src/my_robot_interfaces) by extensions ['colcon_meta']
[1.273s] Level 1:colcon.colcon_core.package_identification:_identify(src/my_robot_interfaces) by extension 'colcon_meta'
[1.274s] Level 1:colcon.colcon_core.package_identification:_identify(src/my_robot_interfaces) by extensions ['ros']
[1.274s] Level 1:colcon.colcon_core.package_identification:_identify(src/my_robot_interfaces) by extension 'ros'
[1.275s] DEBUG:colcon.colcon_core.package_identification:Package 'src/my_robot_interfaces' with type 'ros.ament_cmake' and name 'my_robot_interfaces'
[1.275s] Level 1:colcon.colcon_core.package_identification:_identify(src/src) by extensions ['ignore', 'ignore_ament_install']
[1.275s] Level 1:colcon.colcon_core.package_identification:_identify(src/src) by extension 'ignore'
[1.275s] Level 1:colcon.colcon_core.package_identification:_identify(src/src) by extension 'ignore_ament_install'
[1.275s] Level 1:colcon.colcon_core.package_identification:_identify(src/src) by extensions ['colcon_pkg']
[1.275s] Level 1:colcon.colcon_core.package_identification:_identify(src/src) by extension 'colcon_pkg'
[1.275s] Level 1:colcon.colcon_core.package_identification:_identify(src/src) by extensions ['colcon_meta']
[1.275s] Level 1:colcon.colcon_core.package_identification:_identify(src/src) by extension 'colcon_meta'
[1.275s] Level 1:colcon.colcon_core.package_identification:_identify(src/src) by extensions ['ros']
[1.275s] Level 1:colcon.colcon_core.package_identification:_identify(src/src) by extension 'ros'
[1.275s] Level 1:colcon.colcon_core.package_identification:_identify(src/src) by extensions ['cmake', 'python']
[1.275s] Level 1:colcon.colcon_core.package_identification:_identify(src/src) by extension 'cmake'
[1.275s] Level 1:colcon.colcon_core.package_identification:_identify(src/src) by extension 'python'
[1.275s] Level 1:colcon.colcon_core.package_identification:_identify(src/src) by extensions ['python_setup_py']
[1.275s] Level 1:colcon.colcon_core.package_identification:_identify(src/src) by extension 'python_setup_py'
[1.276s] Level 1:colcon.colcon_core.package_identification:_identify(src/src/v4l2_camera) by extensions ['ignore', 'ignore_ament_install']
[1.276s] Level 1:colcon.colcon_core.package_identification:_identify(src/src/v4l2_camera) by extension 'ignore'
[1.276s] Level 1:colcon.colcon_core.package_identification:_identify(src/src/v4l2_camera) by extension 'ignore_ament_install'
[1.276s] Level 1:colcon.colcon_core.package_identification:_identify(src/src/v4l2_camera) by extensions ['colcon_pkg']
[1.276s] Level 1:colcon.colcon_core.package_identification:_identify(src/src/v4l2_camera) by extension 'colcon_pkg'
[1.276s] Level 1:colcon.colcon_core.package_identification:_identify(src/src/v4l2_camera) by extensions ['colcon_meta']
[1.276s] Level 1:colcon.colcon_core.package_identification:_identify(src/src/v4l2_camera) by extension 'colcon_meta'
[1.276s] Level 1:colcon.colcon_core.package_identification:_identify(src/src/v4l2_camera) by extensions ['ros']
[1.276s] Level 1:colcon.colcon_core.package_identification:_identify(src/src/v4l2_camera) by extension 'ros'
[1.277s] DEBUG:colcon.colcon_core.package_identification:Package 'src/src/v4l2_camera' with type 'ros.ament_cmake' and name 'v4l2_camera'
[1.277s] Level 1:colcon.colcon_core.package_discovery:discover_packages(recursive) using defaults
[1.278s] Level 1:colcon.colcon_core.package_discovery:discover_packages(ignore) discover
[1.278s] Level 1:colcon.colcon_core.package_discovery:discover_packages(ignore) using defaults
[1.278s] Level 1:colcon.colcon_core.package_discovery:discover_packages(path) discover
[1.278s] Level 1:colcon.colcon_core.package_discovery:discover_packages(path) using defaults
[1.317s] INFO:colcon.colcon_core.package_selection:Skipping not selected package 'audio_common_msgs' in 'src/M2S2/audio_common/audio_common_msgs'
[1.317s] INFO:colcon.colcon_core.package_selection:Skipping not selected package 'flir_lepton_ros2' in 'src/M2S2/flir_lepton_ros2'
[1.317s] INFO:colcon.colcon_core.package_selection:Skipping not selected package 'm2s2_bringup' in 'src/M2S2/m2s2_bringup'
[1.317s] INFO:colcon.colcon_core.package_selection:Skipping not selected package 'm2s2_custom_interfaces' in 'src/M2S2/m2s2_custom_interfaces'
[1.317s] INFO:colcon.colcon_core.package_selection:Skipping not selected package 'm2s2_test_python' in 'src/m2s2_test_python'
[1.317s] INFO:colcon.colcon_core.package_selection:Skipping not selected package 'my_python_pkg' in 'src/my_python_pkg'
[1.317s] INFO:colcon.colcon_core.package_selection:Skipping not selected package 'my_robot_interfaces' in 'src/my_robot_interfaces'
[1.317s] INFO:colcon.colcon_core.package_selection:Skipping not selected package 'v4l2_camera' in 'src/src/v4l2_camera'
[1.317s] INFO:colcon.colcon_core.package_selection:Skipping not selected package 'ximea_ros2_cam' in 'src/M2S2/ximea_ros2_cam'
[1.317s] INFO:colcon.colcon_core.package_selection:Skipping not selected package 'audio_capture' in 'src/M2S2/audio_common/audio_capture'
[1.317s] INFO:colcon.colcon_core.package_selection:Skipping not selected package 'audio_play' in 'src/M2S2/audio_common/audio_play'
[1.317s] INFO:colcon.colcon_core.package_selection:Skipping not selected package 'bme280' in 'src/M2S2/bme280'
[1.318s] INFO:colcon.colcon_core.package_selection:Skipping not selected package 'gscam' in 'src/gscam'
[1.318s] INFO:colcon.colcon_core.package_selection:Skipping not selected package 'my_cpp_pkg' in 'src/my_cpp_pkg'
[1.318s] INFO:colcon.colcon_core.package_selection:Skipping not selected package 'sound_play' in 'src/M2S2/audio_common/sound_play'
[1.318s] INFO:colcon.colcon_core.package_selection:Skipping not selected package 'audio_common' in 'src/M2S2/audio_common/audio_common'
[1.318s] INFO:colcon.colcon_core.package_selection:Skipping not selected package 'my_robot_bringup' in 'src/my_robot_bringup'
[1.319s] Level 1:colcon.colcon_core.package_discovery:discover_packages(prefix_path) check parameters
[1.319s] Level 1:colcon.colcon_core.package_discovery:discover_packages(prefix_path) discover
[1.325s] DEBUG:colcon.colcon_installed_package_information.package_discovery:Found 22 installed packages in /home/azraa/ros2_ws/install
[1.328s] DEBUG:colcon.colcon_installed_package_information.package_discovery:Found 259 installed packages in /opt/ros/foxy
[1.334s] Level 1:colcon.colcon_core.package_discovery:discover_packages(prefix_path) using defaults
[1.448s] Level 5:colcon.colcon_core.verb:set package 'flir_lepton_msgs' build argument 'cmake_args' from command line to 'None'
[1.448s] Level 5:colcon.colcon_core.verb:set package 'flir_lepton_msgs' build argument 'cmake_target' from command line to 'None'
[1.448s] Level 5:colcon.colcon_core.verb:set package 'flir_lepton_msgs' build argument 'cmake_target_skip_unavailable' from command line to 'False'
[1.448s] Level 5:colcon.colcon_core.verb:set package 'flir_lepton_msgs' build argument 'cmake_clean_cache' from command line to 'False'
[1.448s] Level 5:colcon.colcon_core.verb:set package 'flir_lepton_msgs' build argument 'cmake_clean_first' from command line to 'False'
[1.448s] Level 5:colcon.colcon_core.verb:set package 'flir_lepton_msgs' build argument 'cmake_force_configure' from command line to 'False'
[1.448s] Level 5:colcon.colcon_core.verb:set package 'flir_lepton_msgs' build argument 'ament_cmake_args' from command line to 'None'
[1.448s] Level 5:colcon.colcon_core.verb:set package 'flir_lepton_msgs' build argument 'catkin_cmake_args' from command line to 'None'
[1.448s] Level 5:colcon.colcon_core.verb:set package 'flir_lepton_msgs' build argument 'catkin_skip_building_tests' from command line to 'False'
[1.449s] DEBUG:colcon.colcon_core.verb:Building package 'flir_lepton_msgs' with the following arguments: {'ament_cmake_args': None, 'build_base': '/home/azraa/ros2_ws/build/flir_lepton_msgs', 'catkin_cmake_args': None, 'catkin_skip_building_tests': False, 'cmake_args': None, 'cmake_clean_cache': False, 'cmake_clean_first': False, 'cmake_force_configure': False, 'cmake_target': None, 'cmake_target_skip_unavailable': False, 'install_base': '/home/azraa/ros2_ws/install/flir_lepton_msgs', 'merge_install': False, 'path': '/home/azraa/ros2_ws/src/flir_lepton/flir_lepton_msgs', 'symlink_install': False, 'test_result_base': None}
[1.451s] Level 5:colcon.colcon_core.verb:set package 'flir_lepton_data_processor' build argument 'cmake_args' from command line to 'None'
[1.451s] Level 5:colcon.colcon_core.verb:set package 'flir_lepton_data_processor' build argument 'cmake_target' from command line to 'None'
[1.451s] Level 5:colcon.colcon_core.verb:set package 'flir_lepton_data_processor' build argument 'cmake_target_skip_unavailable' from command line to 'False'
[1.452s] Level 5:colcon.colcon_core.verb:set package 'flir_lepton_data_processor' build argument 'cmake_clean_cache' from command line to 'False'
[1.452s] Level 5:colcon.colcon_core.verb:set package 'flir_lepton_data_processor' build argument 'cmake_clean_first' from command line to 'False'
[1.452s] Level 5:colcon.colcon_core.verb:set package 'flir_lepton_data_processor' build argument 'cmake_force_configure' from command line to 'False'
[1.452s] Level 5:colcon.colcon_core.verb:set package 'flir_lepton_data_processor' build argument 'ament_cmake_args' from command line to 'None'
[1.452s] Level 5:colcon.colcon_core.verb:set package 'flir_lepton_data_processor' build argument 'catkin_cmake_args' from command line to 'None'
[1.452s] Level 5:colcon.colcon_core.verb:set package 'flir_lepton_data_processor' build argument 'catkin_skip_building_tests' from command line to 'False'
[1.452s] DEBUG:colcon.colcon_core.verb:Building package 'flir_lepton_data_processor' with the following arguments: {'ament_cmake_args': None, 'build_base': '/home/azraa/ros2_ws/build/flir_lepton_data_processor', 'catkin_cmake_args': None, 'catkin_skip_building_tests': False, 'cmake_args': None, 'cmake_clean_cache': False, 'cmake_clean_first': False, 'cmake_force_configure': False, 'cmake_target': None, 'cmake_target_skip_unavailable': False, 'install_base': '/home/azraa/ros2_ws/install/flir_lepton_data_processor', 'merge_install': False, 'path': '/home/azraa/ros2_ws/src/flir_lepton/flir_lepton_data_processor', 'symlink_install': False, 'test_result_base': None}
[1.454s] Level 5:colcon.colcon_core.verb:set package 'flir_lepton_purethermal2' build argument 'cmake_args' from command line to 'None'
[1.454s] Level 5:colcon.colcon_core.verb:set package 'flir_lepton_purethermal2' build argument 'cmake_target' from command line to 'None'
[1.454s] Level 5:colcon.colcon_core.verb:set package 'flir_lepton_purethermal2' build argument 'cmake_target_skip_unavailable' from command line to 'False'
[1.454s] Level 5:colcon.colcon_core.verb:set package 'flir_lepton_purethermal2' build argument 'cmake_clean_cache' from command line to 'False'
[1.454s] Level 5:colcon.colcon_core.verb:set package 'flir_lepton_purethermal2' build argument 'cmake_clean_first' from command line to 'False'
[1.454s] Level 5:colcon.colcon_core.verb:set package 'flir_lepton_purethermal2' build argument 'cmake_force_configure' from command line to 'False'
[1.454s] Level 5:colcon.colcon_core.verb:set package 'flir_lepton_purethermal2' build argument 'ament_cmake_args' from command line to 'None'
[1.454s] Level 5:colcon.colcon_core.verb:set package 'flir_lepton_purethermal2' build argument 'catkin_cmake_args' from command line to 'None'
[1.454s] Level 5:colcon.colcon_core.verb:set package 'flir_lepton_purethermal2' build argument 'catkin_skip_building_tests' from command line to 'False'
[1.454s] DEBUG:colcon.colcon_core.verb:Building package 'flir_lepton_purethermal2' with the following arguments: {'ament_cmake_args': None, 'build_base': '/home/azraa/ros2_ws/build/flir_lepton_purethermal2', 'catkin_cmake_args': None, 'catkin_skip_building_tests': False, 'cmake_args': None, 'cmake_clean_cache': False, 'cmake_clean_first': False, 'cmake_force_configure': False, 'cmake_target': None, 'cmake_target_skip_unavailable': False, 'install_base': '/home/azraa/ros2_ws/install/flir_lepton_purethermal2', 'merge_install': False, 'path': '/home/azraa/ros2_ws/src/flir_lepton/flir_lepton_purethermal2', 'symlink_install': False, 'test_result_base': None}
[1.456s] INFO:colcon.colcon_core.executor:Executing jobs using 'parallel' executor
[1.465s] DEBUG:colcon.colcon_parallel_executor.executor.parallel:run_until_complete
[1.465s] INFO:colcon.colcon_ros.task.ament_cmake.build:Building ROS package in '/home/azraa/ros2_ws/src/flir_lepton/flir_lepton_msgs' with build type 'ament_cmake'
[1.465s] INFO:colcon.colcon_cmake.task.cmake.build:Building CMake package in '/home/azraa/ros2_ws/src/flir_lepton/flir_lepton_msgs'
[1.473s] INFO:colcon.colcon_core.plugin_system:Skipping extension 'colcon_core.shell.bat': Not used on non-Windows systems
[1.473s] INFO:colcon.colcon_core.shell:Skip shell extension 'powershell' for command environment: Not usable outside of PowerShell
[1.473s] DEBUG:colcon.colcon_core.shell:Skip shell extension 'dsv' for command environment
[1.484s] DEBUG:colcon.colcon_core.shell:Ignoring prefix path '/opt/ros/noetic'
[1.496s] DEBUG:colcon.colcon_core.event_handler.log_command:Invoking command in '/home/azraa/ros2_ws/build/flir_lepton_msgs': CMAKE_PREFIX_PATH=/home/azraa/ros2_ws/install/ximea_ros2_cam:/home/azraa/ros2_ws/install/v4l2_camera:/home/azraa/ros2_ws/install/audio_common:/home/azraa/ros2_ws/install/sound_play:/home/azraa/ros2_ws/install/my_robot_bringup:/home/azraa/ros2_ws/install/my_cpp_pkg:/home/azraa/ros2_ws/install/my_robot_interfaces:/home/azraa/ros2_ws/install/bme280:/home/azraa/ros2_ws/install/m2s2_custom_interfaces:/home/azraa/ros2_ws/install/m2s2_bringup:/home/azraa/ros2_ws/install/gscam:/home/azraa/ros2_ws/install/flir_lepton_ros2:/home/azraa/ros2_ws/install/flir_lepton_msgs:/home/azraa/ros2_ws/install/audio_play:/home/azraa/ros2_ws/install/audio_capture:/home/azraa/ros2_ws/install/audio_common_msgs:/home/azraa/ros2_ws/install/m2s2_test_python:/home/azraa/ros2_ws/install/flir_lepton_purethermal2:/opt/ros/foxy:/opt/ros/noetic /usr/bin/cmake --build /home/azraa/ros2_ws/build/flir_lepton_msgs -- -j4 -l4
[1.788s] DEBUG:colcon.colcon_core.event_handler.log_command:Invoked command in '/home/azraa/ros2_ws/build/flir_lepton_msgs' returned '0': CMAKE_PREFIX_PATH=/home/azraa/ros2_ws/install/ximea_ros2_cam:/home/azraa/ros2_ws/install/v4l2_camera:/home/azraa/ros2_ws/install/audio_common:/home/azraa/ros2_ws/install/sound_play:/home/azraa/ros2_ws/install/my_robot_bringup:/home/azraa/ros2_ws/install/my_cpp_pkg:/home/azraa/ros2_ws/install/my_robot_interfaces:/home/azraa/ros2_ws/install/bme280:/home/azraa/ros2_ws/install/m2s2_custom_interfaces:/home/azraa/ros2_ws/install/m2s2_bringup:/home/azraa/ros2_ws/install/gscam:/home/azraa/ros2_ws/install/flir_lepton_ros2:/home/azraa/ros2_ws/install/flir_lepton_msgs:/home/azraa/ros2_ws/install/audio_play:/home/azraa/ros2_ws/install/audio_capture:/home/azraa/ros2_ws/install/audio_common_msgs:/home/azraa/ros2_ws/install/m2s2_test_python:/home/azraa/ros2_ws/install/flir_lepton_purethermal2:/opt/ros/foxy:/opt/ros/noetic /usr/bin/cmake --build /home/azraa/ros2_ws/build/flir_lepton_msgs -- -j4 -l4
[1.890s] DEBUG:colcon.colcon_core.event_handler.log_command:Invoking command in '/home/azraa/ros2_ws/build/flir_lepton_msgs': CMAKE_PREFIX_PATH=/home/azraa/ros2_ws/install/ximea_ros2_cam:/home/azraa/ros2_ws/install/v4l2_camera:/home/azraa/ros2_ws/install/audio_common:/home/azraa/ros2_ws/install/sound_play:/home/azraa/ros2_ws/install/my_robot_bringup:/home/azraa/ros2_ws/install/my_cpp_pkg:/home/azraa/ros2_ws/install/my_robot_interfaces:/home/azraa/ros2_ws/install/bme280:/home/azraa/ros2_ws/install/m2s2_custom_interfaces:/home/azraa/ros2_ws/install/m2s2_bringup:/home/azraa/ros2_ws/install/gscam:/home/azraa/ros2_ws/install/flir_lepton_ros2:/home/azraa/ros2_ws/install/flir_lepton_msgs:/home/azraa/ros2_ws/install/audio_play:/home/azraa/ros2_ws/install/audio_capture:/home/azraa/ros2_ws/install/audio_common_msgs:/home/azraa/ros2_ws/install/m2s2_test_python:/home/azraa/ros2_ws/install/flir_lepton_purethermal2:/opt/ros/foxy:/opt/ros/noetic /usr/bin/cmake --install /home/azraa/ros2_ws/build/flir_lepton_msgs
[1.967s] Level 1:colcon.colcon_core.environment:create_environment_scripts_only(flir_lepton_msgs)
[1.969s] DEBUG:colcon.colcon_core.event_handler.log_command:Invoked command in '/home/azraa/ros2_ws/build/flir_lepton_msgs' returned '0': CMAKE_PREFIX_PATH=/home/azraa/ros2_ws/install/ximea_ros2_cam:/home/azraa/ros2_ws/install/v4l2_camera:/home/azraa/ros2_ws/install/audio_common:/home/azraa/ros2_ws/install/sound_play:/home/azraa/ros2_ws/install/my_robot_bringup:/home/azraa/ros2_ws/install/my_cpp_pkg:/home/azraa/ros2_ws/install/my_robot_interfaces:/home/azraa/ros2_ws/install/bme280:/home/azraa/ros2_ws/install/m2s2_custom_interfaces:/home/azraa/ros2_ws/install/m2s2_bringup:/home/azraa/ros2_ws/install/gscam:/home/azraa/ros2_ws/install/flir_lepton_ros2:/home/azraa/ros2_ws/install/flir_lepton_msgs:/home/azraa/ros2_ws/install/audio_play:/home/azraa/ros2_ws/install/audio_capture:/home/azraa/ros2_ws/install/audio_common_msgs:/home/azraa/ros2_ws/install/m2s2_test_python:/home/azraa/ros2_ws/install/flir_lepton_purethermal2:/opt/ros/foxy:/opt/ros/noetic /usr/bin/cmake --install /home/azraa/ros2_ws/build/flir_lepton_msgs
[1.976s] Level 1:colcon.colcon_core.environment:checking '/home/azraa/ros2_ws/install/flir_lepton_msgs' for CMake module files
[1.977s] Level 1:colcon.colcon_core.environment:checking '/home/azraa/ros2_ws/install/flir_lepton_msgs' for CMake config files
[1.978s] Level 1:colcon.colcon_core.shell:create_environment_hook('flir_lepton_msgs', 'cmake_prefix_path')
[1.980s] INFO:colcon.colcon_core.shell:Creating environment hook '/home/azraa/ros2_ws/install/flir_lepton_msgs/share/flir_lepton_msgs/hook/cmake_prefix_path.ps1'
[1.981s] INFO:colcon.colcon_core.shell:Creating environment descriptor '/home/azraa/ros2_ws/install/flir_lepton_msgs/share/flir_lepton_msgs/hook/cmake_prefix_path.dsv'
[1.982s] INFO:colcon.colcon_core.shell:Creating environment hook '/home/azraa/ros2_ws/install/flir_lepton_msgs/share/flir_lepton_msgs/hook/cmake_prefix_path.sh'
[1.983s] Level 1:colcon.colcon_core.environment:checking '/home/azraa/ros2_ws/install/flir_lepton_msgs/lib'
[1.983s] Level 1:colcon.colcon_core.shell:create_environment_hook('flir_lepton_msgs', 'ld_library_path_lib')
[1.986s] INFO:colcon.colcon_core.shell:Creating environment hook '/home/azraa/ros2_ws/install/flir_lepton_msgs/share/flir_lepton_msgs/hook/ld_library_path_lib.ps1'
[1.986s] INFO:colcon.colcon_core.shell:Creating environment descriptor '/home/azraa/ros2_ws/install/flir_lepton_msgs/share/flir_lepton_msgs/hook/ld_library_path_lib.dsv'
[1.987s] INFO:colcon.colcon_core.shell:Creating environment hook '/home/azraa/ros2_ws/install/flir_lepton_msgs/share/flir_lepton_msgs/hook/ld_library_path_lib.sh'
[1.987s] Level 1:colcon.colcon_core.environment:checking '/home/azraa/ros2_ws/install/flir_lepton_msgs/bin'
[1.987s] Level 1:colcon.colcon_core.environment:checking '/home/azraa/ros2_ws/install/flir_lepton_msgs/lib/pkgconfig/flir_lepton_msgs.pc'
[1.987s] Level 1:colcon.colcon_core.environment:checking '/home/azraa/ros2_ws/install/flir_lepton_msgs/lib/python3.8/site-packages'
[1.988s] Level 1:colcon.colcon_core.shell:create_environment_hook('flir_lepton_msgs', 'pythonpath')
[1.990s] INFO:colcon.colcon_core.shell:Creating environment hook '/home/azraa/ros2_ws/install/flir_lepton_msgs/share/flir_lepton_msgs/hook/pythonpath.ps1'
[1.990s] INFO:colcon.colcon_core.shell:Creating environment descriptor '/home/azraa/ros2_ws/install/flir_lepton_msgs/share/flir_lepton_msgs/hook/pythonpath.dsv'
[1.991s] INFO:colcon.colcon_core.shell:Creating environment hook '/home/azraa/ros2_ws/install/flir_lepton_msgs/share/flir_lepton_msgs/hook/pythonpath.sh'
[1.992s] Level 1:colcon.colcon_core.environment:checking '/home/azraa/ros2_ws/install/flir_lepton_msgs/bin'
[1.995s] INFO:colcon.colcon_core.shell:Creating package script '/home/azraa/ros2_ws/install/flir_lepton_msgs/share/flir_lepton_msgs/package.ps1'
[1.996s] INFO:colcon.colcon_core.shell:Creating package descriptor '/home/azraa/ros2_ws/install/flir_lepton_msgs/share/flir_lepton_msgs/package.dsv'
[1.997s] INFO:colcon.colcon_core.shell:Creating package script '/home/azraa/ros2_ws/install/flir_lepton_msgs/share/flir_lepton_msgs/package.sh'
[1.998s] INFO:colcon.colcon_core.shell:Creating package script '/home/azraa/ros2_ws/install/flir_lepton_msgs/share/flir_lepton_msgs/package.bash'
[1.999s] INFO:colcon.colcon_core.shell:Creating package script '/home/azraa/ros2_ws/install/flir_lepton_msgs/share/flir_lepton_msgs/package.zsh'
[2.000s] Level 1:colcon.colcon_core.environment:create_file_with_runtime_dependencies(/home/azraa/ros2_ws/install/flir_lepton_msgs/share/colcon-core/packages/flir_lepton_msgs)
[2.095s] Level 1:colcon.colcon_core.environment:create_environment_scripts_only(flir_lepton_msgs)
[2.099s] Level 1:colcon.colcon_core.environment:checking '/home/azraa/ros2_ws/install/flir_lepton_msgs' for CMake module files
[2.100s] Level 1:colcon.colcon_core.environment:checking '/home/azraa/ros2_ws/install/flir_lepton_msgs' for CMake config files
[2.101s] Level 1:colcon.colcon_core.shell:create_environment_hook('flir_lepton_msgs', 'cmake_prefix_path')
[2.103s] INFO:colcon.colcon_core.shell:Creating environment hook '/home/azraa/ros2_ws/install/flir_lepton_msgs/share/flir_lepton_msgs/hook/cmake_prefix_path.ps1'
[2.104s] INFO:colcon.colcon_core.shell:Creating environment descriptor '/home/azraa/ros2_ws/install/flir_lepton_msgs/share/flir_lepton_msgs/hook/cmake_prefix_path.dsv'
[2.104s] INFO:colcon.colcon_core.shell:Creating environment hook '/home/azraa/ros2_ws/install/flir_lepton_msgs/share/flir_lepton_msgs/hook/cmake_prefix_path.sh'
[2.105s] Level 1:colcon.colcon_core.environment:checking '/home/azraa/ros2_ws/install/flir_lepton_msgs/lib'
[2.105s] Level 1:colcon.colcon_core.shell:create_environment_hook('flir_lepton_msgs', 'ld_library_path_lib')
[2.108s] INFO:colcon.colcon_core.shell:Creating environment hook '/home/azraa/ros2_ws/install/flir_lepton_msgs/share/flir_lepton_msgs/hook/ld_library_path_lib.ps1'
[2.109s] INFO:colcon.colcon_core.shell:Creating environment descriptor '/home/azraa/ros2_ws/install/flir_lepton_msgs/share/flir_lepton_msgs/hook/ld_library_path_lib.dsv'
[2.109s] INFO:colcon.colcon_core.shell:Creating environment hook '/home/azraa/ros2_ws/install/flir_lepton_msgs/share/flir_lepton_msgs/hook/ld_library_path_lib.sh'
[2.109s] Level 1:colcon.colcon_core.environment:checking '/home/azraa/ros2_ws/install/flir_lepton_msgs/bin'
[2.110s] Level 1:colcon.colcon_core.environment:checking '/home/azraa/ros2_ws/install/flir_lepton_msgs/lib/pkgconfig/flir_lepton_msgs.pc'
[2.110s] Level 1:colcon.colcon_core.environment:checking '/home/azraa/ros2_ws/install/flir_lepton_msgs/lib/python3.8/site-packages'
[2.110s] Level 1:colcon.colcon_core.shell:create_environment_hook('flir_lepton_msgs', 'pythonpath')
[2.113s] INFO:colcon.colcon_core.shell:Creating environment hook '/home/azraa/ros2_ws/install/flir_lepton_msgs/share/flir_lepton_msgs/hook/pythonpath.ps1'
[2.113s] INFO:colcon.colcon_core.shell:Creating environment descriptor '/home/azraa/ros2_ws/install/flir_lepton_msgs/share/flir_lepton_msgs/hook/pythonpath.dsv'
[2.114s] INFO:colcon.colcon_core.shell:Creating environment hook '/home/azraa/ros2_ws/install/flir_lepton_msgs/share/flir_lepton_msgs/hook/pythonpath.sh'
[2.114s] Level 1:colcon.colcon_core.environment:checking '/home/azraa/ros2_ws/install/flir_lepton_msgs/bin'
[2.117s] INFO:colcon.colcon_core.shell:Creating package script '/home/azraa/ros2_ws/install/flir_lepton_msgs/share/flir_lepton_msgs/package.ps1'
[2.118s] INFO:colcon.colcon_core.shell:Creating package descriptor '/home/azraa/ros2_ws/install/flir_lepton_msgs/share/flir_lepton_msgs/package.dsv'
[2.119s] INFO:colcon.colcon_core.shell:Creating package script '/home/azraa/ros2_ws/install/flir_lepton_msgs/share/flir_lepton_msgs/package.sh'
[2.119s] INFO:colcon.colcon_core.shell:Creating package script '/home/azraa/ros2_ws/install/flir_lepton_msgs/share/flir_lepton_msgs/package.bash'
[2.120s] INFO:colcon.colcon_core.shell:Creating package script '/home/azraa/ros2_ws/install/flir_lepton_msgs/share/flir_lepton_msgs/package.zsh'
[2.120s] Level 1:colcon.colcon_core.environment:create_file_with_runtime_dependencies(/home/azraa/ros2_ws/install/flir_lepton_msgs/share/colcon-core/packages/flir_lepton_msgs)
[2.122s] INFO:colcon.colcon_ros.task.ament_python.build:Building ROS package in '/home/azraa/ros2_ws/src/flir_lepton/flir_lepton_data_processor' with build type 'ament_python'
[2.122s] Level 1:colcon.colcon_core.shell:create_environment_hook('flir_lepton_data_processor', 'ament_prefix_path')
[2.125s] INFO:colcon.colcon_core.shell:Creating environment hook '/home/azraa/ros2_ws/install/flir_lepton_data_processor/share/flir_lepton_data_processor/hook/ament_prefix_path.ps1'
[2.125s] INFO:colcon.colcon_core.shell:Creating environment descriptor '/home/azraa/ros2_ws/install/flir_lepton_data_processor/share/flir_lepton_data_processor/hook/ament_prefix_path.dsv'
[2.126s] INFO:colcon.colcon_core.shell:Creating environment hook '/home/azraa/ros2_ws/install/flir_lepton_data_processor/share/flir_lepton_data_processor/hook/ament_prefix_path.sh'
[2.131s] INFO:colcon.colcon_core.shell:Skip shell extension 'powershell' for command environment: Not usable outside of PowerShell
[2.131s] DEBUG:colcon.colcon_core.shell:Skip shell extension 'dsv' for command environment
[2.142s] DEBUG:colcon.colcon_core.shell:Ignoring prefix path '/opt/ros/noetic'
[2.145s] INFO:colcon.colcon_ros.task.ament_python.build:Building ROS package in '/home/azraa/ros2_ws/src/flir_lepton/flir_lepton_purethermal2' with build type 'ament_python'
[2.146s] Level 1:colcon.colcon_core.shell:create_environment_hook('flir_lepton_purethermal2', 'ament_prefix_path')
[2.149s] INFO:colcon.colcon_core.shell:Creating environment hook '/home/azraa/ros2_ws/install/flir_lepton_purethermal2/share/flir_lepton_purethermal2/hook/ament_prefix_path.ps1'
[2.150s] INFO:colcon.colcon_core.shell:Creating environment descriptor '/home/azraa/ros2_ws/install/flir_lepton_purethermal2/share/flir_lepton_purethermal2/hook/ament_prefix_path.dsv'
[2.151s] INFO:colcon.colcon_core.shell:Creating environment hook '/home/azraa/ros2_ws/install/flir_lepton_purethermal2/share/flir_lepton_purethermal2/hook/ament_prefix_path.sh'
[2.154s] INFO:colcon.colcon_core.shell:Skip shell extension 'powershell' for command environment: Not usable outside of PowerShell
[2.154s] DEBUG:colcon.colcon_core.shell:Skip shell extension 'dsv' for command environment
[2.170s] DEBUG:colcon.colcon_core.shell:Ignoring prefix path '/opt/ros/noetic'
[2.770s] INFO:colcon.colcon_core.task.python.build:Building Python package in '/home/azraa/ros2_ws/src/flir_lepton/flir_lepton_data_processor'
[2.773s] INFO:colcon.colcon_core.shell:Skip shell extension 'powershell' for command environment: Not usable outside of PowerShell
[2.773s] DEBUG:colcon.colcon_core.shell:Skip shell extension 'dsv' for command environment
[2.783s] DEBUG:colcon.colcon_core.shell:Ignoring prefix path '/opt/ros/noetic'
[3.414s] INFO:colcon.colcon_core.task.python.build:Building Python package in '/home/azraa/ros2_ws/src/flir_lepton/flir_lepton_purethermal2'
[3.418s] INFO:colcon.colcon_core.shell:Skip shell extension 'powershell' for command environment: Not usable outside of PowerShell
[3.418s] DEBUG:colcon.colcon_core.shell:Skip shell extension 'dsv' for command environment
[3.436s] DEBUG:colcon.colcon_core.shell:Ignoring prefix path '/opt/ros/noetic'
[4.593s] DEBUG:colcon.colcon_core.event_handler.log_command:Invoking command in '/home/azraa/ros2_ws/src/flir_lepton/flir_lepton_data_processor': CMAKE_PREFIX_PATH=/home/azraa/ros2_ws/install/flir_lepton_msgs:/home/azraa/ros2_ws/install/ximea_ros2_cam:/home/azraa/ros2_ws/install/v4l2_camera:/home/azraa/ros2_ws/install/audio_common:/home/azraa/ros2_ws/install/sound_play:/home/azraa/ros2_ws/install/my_robot_bringup:/home/azraa/ros2_ws/install/my_cpp_pkg:/home/azraa/ros2_ws/install/my_robot_interfaces:/home/azraa/ros2_ws/install/bme280:/home/azraa/ros2_ws/install/m2s2_custom_interfaces:/home/azraa/ros2_ws/install/m2s2_bringup:/home/azraa/ros2_ws/install/gscam:/home/azraa/ros2_ws/install/flir_lepton_ros2:/home/azraa/ros2_ws/install/audio_play:/home/azraa/ros2_ws/install/audio_capture:/home/azraa/ros2_ws/install/audio_common_msgs:/opt/ros/noetic LD_LIBRARY_PATH=/home/azraa/ros2_ws/install/flir_lepton_msgs/lib:/home/azraa/ros2_ws/install/v4l2_camera/lib:/home/azraa/ros2_ws/install/sound_play/lib:/home/azraa/ros2_ws/install/my_robot_interfaces/lib:/home/azraa/ros2_ws/install/m2s2_custom_interfaces/lib:/home/azraa/ros2_ws/install/gscam/lib:/home/azraa/ros2_ws/install/audio_common_msgs/lib:/opt/ros/foxy/opt/yaml_cpp_vendor/lib:/opt/ros/foxy/opt/rviz_ogre_vendor/lib:/opt/ros/foxy/lib/x86_64-linux-gnu:/opt/ros/foxy/lib:/opt/ros/noetic/lib PYTHONPATH=/home/azraa/ros2_ws/install/flir_lepton_data_processor/lib/python3.8/site-packages:/home/azraa/ros2_ws/install/flir_lepton_msgs/lib/python3.8/site-packages:/home/azraa/ros2_ws/install/sound_play/lib/python3.8/site-packages:/home/azraa/ros2_ws/install/my_robot_interfaces/lib/python3.8/site-packages:/home/azraa/ros2_ws/install/my_python_pkg/lib/python3.8/site-packages:/home/azraa/ros2_ws/install/my_py_pkg/lib/python3.8/site-packages:/home/azraa/ros2_ws/install/m2s2_test_python/lib/python3.8/site-packages:/home/azraa/ros2_ws/install/m2s2_custom_interfaces/lib/python3.8/site-packages:/home/azraa/ros2_ws/install/flir_lepton_purethermal2/lib/python3.8/site-packages:/home/azraa/ros2_ws/install/audio_common_msgs/lib/python3.8/site-packages:/opt/ros/foxy/lib/python3.8/site-packages:/opt/ros/noetic/lib/python3/dist-packages /usr/bin/python3 setup.py egg_info --egg-base ../../../build/flir_lepton_data_processor build --build-base /home/azraa/ros2_ws/build/flir_lepton_data_processor/build install --prefix /home/azraa/ros2_ws/install/flir_lepton_data_processor --record /home/azraa/ros2_ws/build/flir_lepton_data_processor/install.log --single-version-externally-managed
[4.645s] DEBUG:colcon.colcon_core.event_handler.log_command:Invoking command in '/home/azraa/ros2_ws/src/flir_lepton/flir_lepton_purethermal2': CMAKE_PREFIX_PATH=/home/azraa/ros2_ws/install/flir_lepton_msgs:/home/azraa/ros2_ws/install/ximea_ros2_cam:/home/azraa/ros2_ws/install/v4l2_camera:/home/azraa/ros2_ws/install/audio_common:/home/azraa/ros2_ws/install/sound_play:/home/azraa/ros2_ws/install/my_robot_bringup:/home/azraa/ros2_ws/install/my_cpp_pkg:/home/azraa/ros2_ws/install/my_robot_interfaces:/home/azraa/ros2_ws/install/bme280:/home/azraa/ros2_ws/install/m2s2_custom_interfaces:/home/azraa/ros2_ws/install/m2s2_bringup:/home/azraa/ros2_ws/install/gscam:/home/azraa/ros2_ws/install/flir_lepton_ros2:/home/azraa/ros2_ws/install/audio_play:/home/azraa/ros2_ws/install/audio_capture:/home/azraa/ros2_ws/install/audio_common_msgs:/opt/ros/noetic LD_LIBRARY_PATH=/home/azraa/ros2_ws/install/flir_lepton_msgs/lib:/home/azraa/ros2_ws/install/v4l2_camera/lib:/home/azraa/ros2_ws/install/sound_play/lib:/home/azraa/ros2_ws/install/my_robot_interfaces/lib:/home/azraa/ros2_ws/install/m2s2_custom_interfaces/lib:/home/azraa/ros2_ws/install/gscam/lib:/home/azraa/ros2_ws/install/audio_common_msgs/lib:/opt/ros/foxy/opt/yaml_cpp_vendor/lib:/opt/ros/foxy/opt/rviz_ogre_vendor/lib:/opt/ros/foxy/lib/x86_64-linux-gnu:/opt/ros/foxy/lib:/opt/ros/noetic/lib PYTHONPATH=/home/azraa/ros2_ws/install/flir_lepton_purethermal2/lib/python3.8/site-packages:/home/azraa/ros2_ws/install/flir_lepton_msgs/lib/python3.8/site-packages:/home/azraa/ros2_ws/install/sound_play/lib/python3.8/site-packages:/home/azraa/ros2_ws/install/my_robot_interfaces/lib/python3.8/site-packages:/home/azraa/ros2_ws/install/my_python_pkg/lib/python3.8/site-packages:/home/azraa/ros2_ws/install/my_py_pkg/lib/python3.8/site-packages:/home/azraa/ros2_ws/install/m2s2_test_python/lib/python3.8/site-packages:/home/azraa/ros2_ws/install/m2s2_custom_interfaces/lib/python3.8/site-packages:/home/azraa/ros2_ws/install/flir_lepton_purethermal2/lib/python3.8/site-packages:/home/azraa/ros2_ws/install/audio_common_msgs/lib/python3.8/site-packages:/opt/ros/foxy/lib/python3.8/site-packages:/opt/ros/noetic/lib/python3/dist-packages /usr/bin/python3 setup.py egg_info --egg-base ../../../build/flir_lepton_purethermal2 build --build-base /home/azraa/ros2_ws/build/flir_lepton_purethermal2/build install --prefix /home/azraa/ros2_ws/install/flir_lepton_purethermal2 --record /home/azraa/ros2_ws/build/flir_lepton_purethermal2/install.log --single-version-externally-managed
[5.549s] Level 1:colcon.colcon_core.environment:checking '/home/azraa/ros2_ws/install/flir_lepton_data_processor' for CMake module files
[5.550s] DEBUG:colcon.colcon_core.event_handler.log_command:Invoked command in '/home/azraa/ros2_ws/src/flir_lepton/flir_lepton_data_processor' returned '0': CMAKE_PREFIX_PATH=/home/azraa/ros2_ws/install/flir_lepton_msgs:/home/azraa/ros2_ws/install/ximea_ros2_cam:/home/azraa/ros2_ws/install/v4l2_camera:/home/azraa/ros2_ws/install/audio_common:/home/azraa/ros2_ws/install/sound_play:/home/azraa/ros2_ws/install/my_robot_bringup:/home/azraa/ros2_ws/install/my_cpp_pkg:/home/azraa/ros2_ws/install/my_robot_interfaces:/home/azraa/ros2_ws/install/bme280:/home/azraa/ros2_ws/install/m2s2_custom_interfaces:/home/azraa/ros2_ws/install/m2s2_bringup:/home/azraa/ros2_ws/install/gscam:/home/azraa/ros2_ws/install/flir_lepton_ros2:/home/azraa/ros2_ws/install/audio_play:/home/azraa/ros2_ws/install/audio_capture:/home/azraa/ros2_ws/install/audio_common_msgs:/opt/ros/noetic LD_LIBRARY_PATH=/home/azraa/ros2_ws/install/flir_lepton_msgs/lib:/home/azraa/ros2_ws/install/v4l2_camera/lib:/home/azraa/ros2_ws/install/sound_play/lib:/home/azraa/ros2_ws/install/my_robot_interfaces/lib:/home/azraa/ros2_ws/install/m2s2_custom_interfaces/lib:/home/azraa/ros2_ws/install/gscam/lib:/home/azraa/ros2_ws/install/audio_common_msgs/lib:/opt/ros/foxy/opt/yaml_cpp_vendor/lib:/opt/ros/foxy/opt/rviz_ogre_vendor/lib:/opt/ros/foxy/lib/x86_64-linux-gnu:/opt/ros/foxy/lib:/opt/ros/noetic/lib PYTHONPATH=/home/azraa/ros2_ws/install/flir_lepton_data_processor/lib/python3.8/site-packages:/home/azraa/ros2_ws/install/flir_lepton_msgs/lib/python3.8/site-packages:/home/azraa/ros2_ws/install/sound_play/lib/python3.8/site-packages:/home/azraa/ros2_ws/install/my_robot_interfaces/lib/python3.8/site-packages:/home/azraa/ros2_ws/install/my_python_pkg/lib/python3.8/site-packages:/home/azraa/ros2_ws/install/my_py_pkg/lib/python3.8/site-packages:/home/azraa/ros2_ws/install/m2s2_test_python/lib/python3.8/site-packages:/home/azraa/ros2_ws/install/m2s2_custom_interfaces/lib/python3.8/site-packages:/home/azraa/ros2_ws/install/flir_lepton_purethermal2/lib/python3.8/site-packages:/home/azraa/ros2_ws/install/audio_common_msgs/lib/python3.8/site-packages:/opt/ros/foxy/lib/python3.8/site-packages:/opt/ros/noetic/lib/python3/dist-packages /usr/bin/python3 setup.py egg_info --egg-base ../../../build/flir_lepton_data_processor build --build-base /home/azraa/ros2_ws/build/flir_lepton_data_processor/build install --prefix /home/azraa/ros2_ws/install/flir_lepton_data_processor --record /home/azraa/ros2_ws/build/flir_lepton_data_processor/install.log --single-version-externally-managed
[5.550s] Level 1:colcon.colcon_core.environment:checking '/home/azraa/ros2_ws/install/flir_lepton_data_processor' for CMake config files
[5.551s] Level 1:colcon.colcon_core.environment:checking '/home/azraa/ros2_ws/install/flir_lepton_data_processor/lib'
[5.551s] Level 1:colcon.colcon_core.environment:checking '/home/azraa/ros2_ws/install/flir_lepton_data_processor/bin'
[5.551s] Level 1:colcon.colcon_core.environment:checking '/home/azraa/ros2_ws/install/flir_lepton_data_processor/lib/pkgconfig/flir_lepton_data_processor.pc'
[5.552s] Level 1:colcon.colcon_core.environment:checking '/home/azraa/ros2_ws/install/flir_lepton_data_processor/lib/python3.8/site-packages'
[5.552s] Level 1:colcon.colcon_core.shell:create_environment_hook('flir_lepton_data_processor', 'pythonpath')
[5.555s] INFO:colcon.colcon_core.shell:Creating environment hook '/home/azraa/ros2_ws/install/flir_lepton_data_processor/share/flir_lepton_data_processor/hook/pythonpath.ps1'
[5.555s] INFO:colcon.colcon_core.shell:Creating environment descriptor '/home/azraa/ros2_ws/install/flir_lepton_data_processor/share/flir_lepton_data_processor/hook/pythonpath.dsv'
[5.556s] INFO:colcon.colcon_core.shell:Creating environment hook '/home/azraa/ros2_ws/install/flir_lepton_data_processor/share/flir_lepton_data_processor/hook/pythonpath.sh'
[5.558s] Level 1:colcon.colcon_core.environment:checking '/home/azraa/ros2_ws/install/flir_lepton_data_processor/bin'
[5.558s] Level 1:colcon.colcon_core.environment:create_environment_scripts_only(flir_lepton_data_processor)
[5.561s] INFO:colcon.colcon_core.shell:Creating package script '/home/azraa/ros2_ws/install/flir_lepton_data_processor/share/flir_lepton_data_processor/package.ps1'
[5.562s] INFO:colcon.colcon_core.shell:Creating package descriptor '/home/azraa/ros2_ws/install/flir_lepton_data_processor/share/flir_lepton_data_processor/package.dsv'
[5.562s] INFO:colcon.colcon_core.shell:Creating package script '/home/azraa/ros2_ws/install/flir_lepton_data_processor/share/flir_lepton_data_processor/package.sh'
[5.563s] INFO:colcon.colcon_core.shell:Creating package script '/home/azraa/ros2_ws/install/flir_lepton_data_processor/share/flir_lepton_data_processor/package.bash'
[5.563s] INFO:colcon.colcon_core.shell:Creating package script '/home/azraa/ros2_ws/install/flir_lepton_data_processor/share/flir_lepton_data_processor/package.zsh'
[5.564s] Level 1:colcon.colcon_core.environment:create_file_with_runtime_dependencies(/home/azraa/ros2_ws/install/flir_lepton_data_processor/share/colcon-core/packages/flir_lepton_data_processor)
[5.614s] Level 1:colcon.colcon_core.environment:checking '/home/azraa/ros2_ws/install/flir_lepton_purethermal2' for CMake module files
[5.615s] DEBUG:colcon.colcon_core.event_handler.log_command:Invoked command in '/home/azraa/ros2_ws/src/flir_lepton/flir_lepton_purethermal2' returned '0': CMAKE_PREFIX_PATH=/home/azraa/ros2_ws/install/flir_lepton_msgs:/home/azraa/ros2_ws/install/ximea_ros2_cam:/home/azraa/ros2_ws/install/v4l2_camera:/home/azraa/ros2_ws/install/audio_common:/home/azraa/ros2_ws/install/sound_play:/home/azraa/ros2_ws/install/my_robot_bringup:/home/azraa/ros2_ws/install/my_cpp_pkg:/home/azraa/ros2_ws/install/my_robot_interfaces:/home/azraa/ros2_ws/install/bme280:/home/azraa/ros2_ws/install/m2s2_custom_interfaces:/home/azraa/ros2_ws/install/m2s2_bringup:/home/azraa/ros2_ws/install/gscam:/home/azraa/ros2_ws/install/flir_lepton_ros2:/home/azraa/ros2_ws/install/audio_play:/home/azraa/ros2_ws/install/audio_capture:/home/azraa/ros2_ws/install/audio_common_msgs:/opt/ros/noetic LD_LIBRARY_PATH=/home/azraa/ros2_ws/install/flir_lepton_msgs/lib:/home/azraa/ros2_ws/install/v4l2_camera/lib:/home/azraa/ros2_ws/install/sound_play/lib:/home/azraa/ros2_ws/install/my_robot_interfaces/lib:/home/azraa/ros2_ws/install/m2s2_custom_interfaces/lib:/home/azraa/ros2_ws/install/gscam/lib:/home/azraa/ros2_ws/install/audio_common_msgs/lib:/opt/ros/foxy/opt/yaml_cpp_vendor/lib:/opt/ros/foxy/opt/rviz_ogre_vendor/lib:/opt/ros/foxy/lib/x86_64-linux-gnu:/opt/ros/foxy/lib:/opt/ros/noetic/lib PYTHONPATH=/home/azraa/ros2_ws/install/flir_lepton_purethermal2/lib/python3.8/site-packages:/home/azraa/ros2_ws/install/flir_lepton_msgs/lib/python3.8/site-packages:/home/azraa/ros2_ws/install/sound_play/lib/python3.8/site-packages:/home/azraa/ros2_ws/install/my_robot_interfaces/lib/python3.8/site-packages:/home/azraa/ros2_ws/install/my_python_pkg/lib/python3.8/site-packages:/home/azraa/ros2_ws/install/my_py_pkg/lib/python3.8/site-packages:/home/azraa/ros2_ws/install/m2s2_test_python/lib/python3.8/site-packages:/home/azraa/ros2_ws/install/m2s2_custom_interfaces/lib/python3.8/site-packages:/home/azraa/ros2_ws/install/flir_lepton_purethermal2/lib/python3.8/site-packages:/home/azraa/ros2_ws/install/audio_common_msgs/lib/python3.8/site-packages:/opt/ros/foxy/lib/python3.8/site-packages:/opt/ros/noetic/lib/python3/dist-packages /usr/bin/python3 setup.py egg_info --egg-base ../../../build/flir_lepton_purethermal2 build --build-base /home/azraa/ros2_ws/build/flir_lepton_purethermal2/build install --prefix /home/azraa/ros2_ws/install/flir_lepton_purethermal2 --record /home/azraa/ros2_ws/build/flir_lepton_purethermal2/install.log --single-version-externally-managed
[5.615s] Level 1:colcon.colcon_core.environment:checking '/home/azraa/ros2_ws/install/flir_lepton_purethermal2' for CMake config files
[5.616s] Level 1:colcon.colcon_core.environment:checking '/home/azraa/ros2_ws/install/flir_lepton_purethermal2/lib'
[5.616s] Level 1:colcon.colcon_core.environment:checking '/home/azraa/ros2_ws/install/flir_lepton_purethermal2/bin'
[5.616s] Level 1:colcon.colcon_core.environment:checking '/home/azraa/ros2_ws/install/flir_lepton_purethermal2/lib/pkgconfig/flir_lepton_purethermal2.pc'
[5.617s] Level 1:colcon.colcon_core.environment:checking '/home/azraa/ros2_ws/install/flir_lepton_purethermal2/lib/python3.8/site-packages'
[5.617s] Level 1:colcon.colcon_core.shell:create_environment_hook('flir_lepton_purethermal2', 'pythonpath')
[5.619s] INFO:colcon.colcon_core.shell:Creating environment hook '/home/azraa/ros2_ws/install/flir_lepton_purethermal2/share/flir_lepton_purethermal2/hook/pythonpath.ps1'
[5.620s] INFO:colcon.colcon_core.shell:Creating environment descriptor '/home/azraa/ros2_ws/install/flir_lepton_purethermal2/share/flir_lepton_purethermal2/hook/pythonpath.dsv'
[5.620s] INFO:colcon.colcon_core.shell:Creating environment hook '/home/azraa/ros2_ws/install/flir_lepton_purethermal2/share/flir_lepton_purethermal2/hook/pythonpath.sh'
[5.621s] Level 1:colcon.colcon_core.environment:checking '/home/azraa/ros2_ws/install/flir_lepton_purethermal2/bin'
[5.621s] Level 1:colcon.colcon_core.environment:create_environment_scripts_only(flir_lepton_purethermal2)
[5.624s] INFO:colcon.colcon_core.shell:Creating package script '/home/azraa/ros2_ws/install/flir_lepton_purethermal2/share/flir_lepton_purethermal2/package.ps1'
[5.624s] INFO:colcon.colcon_core.shell:Creating package descriptor '/home/azraa/ros2_ws/install/flir_lepton_purethermal2/share/flir_lepton_purethermal2/package.dsv'
[5.625s] INFO:colcon.colcon_core.shell:Creating package script '/home/azraa/ros2_ws/install/flir_lepton_purethermal2/share/flir_lepton_purethermal2/package.sh'
[5.626s] INFO:colcon.colcon_core.shell:Creating package script '/home/azraa/ros2_ws/install/flir_lepton_purethermal2/share/flir_lepton_purethermal2/package.bash'
[5.626s] INFO:colcon.colcon_core.shell:Creating package script '/home/azraa/ros2_ws/install/flir_lepton_purethermal2/share/flir_lepton_purethermal2/package.zsh'
[5.626s] Level 1:colcon.colcon_core.environment:create_file_with_runtime_dependencies(/home/azraa/ros2_ws/install/flir_lepton_purethermal2/share/colcon-core/packages/flir_lepton_purethermal2)
[5.627s] DEBUG:colcon.colcon_parallel_executor.executor.parallel:closing loop
[5.627s] DEBUG:colcon.colcon_parallel_executor.executor.parallel:loop closed
[5.627s] DEBUG:colcon.colcon_parallel_executor.executor.parallel:run_until_complete finished with '0'
[5.627s] DEBUG:colcon.colcon_core.event_reactor:joining thread
[5.637s] INFO:colcon.colcon_core.plugin_system:Skipping extension 'colcon_notification.desktop_notification.terminal_notifier': Not used on non-Darwin systems
[5.637s] INFO:colcon.colcon_core.plugin_system:Skipping extension 'colcon_notification.desktop_notification.win32': Not used on non-Windows systems
[5.637s] INFO:colcon.colcon_notification.desktop_notification:Sending desktop notification using 'notify2'
[5.661s] DEBUG:colcon.colcon_core.event_reactor:joined thread
[5.664s] INFO:colcon.colcon_core.shell:Creating prefix script '/home/azraa/ros2_ws/install/local_setup.ps1'
[5.666s] INFO:colcon.colcon_core.shell:Creating prefix util module '/home/azraa/ros2_ws/install/_local_setup_util_ps1.py'
[5.668s] INFO:colcon.colcon_core.shell:Creating prefix chain script '/home/azraa/ros2_ws/install/setup.ps1'
[5.673s] INFO:colcon.colcon_core.shell:Creating prefix script '/home/azraa/ros2_ws/install/local_setup.sh'
[5.674s] INFO:colcon.colcon_core.shell:Creating prefix util module '/home/azraa/ros2_ws/install/_local_setup_util_sh.py'
[5.674s] INFO:colcon.colcon_core.shell:Creating prefix chain script '/home/azraa/ros2_ws/install/setup.sh'
[5.679s] INFO:colcon.colcon_core.shell:Creating prefix script '/home/azraa/ros2_ws/install/local_setup.bash'
[5.680s] INFO:colcon.colcon_core.shell:Creating prefix chain script '/home/azraa/ros2_ws/install/setup.bash'
[5.684s] INFO:colcon.colcon_core.shell:Creating prefix script '/home/azraa/ros2_ws/install/local_setup.zsh'
[5.685s] INFO:colcon.colcon_core.shell:Creating prefix chain script '/home/azraa/ros2_ws/install/setup.zsh'
