[0.043s] Invoking command in '/home/azraa/ros2_ws/build/my_robot_bringup': CMAKE_PREFIX_PATH=/home/azraa/ros2_ws/install/my_cpp_pkg:/home/azraa/ros2_ws/install/my_robot_interfaces:/home/azraa/ros2_ws/install/audio_common:/home/azraa/ros2_ws/install/sound_play:/home/azraa/ros2_ws/install/my_robot_bringup:/home/azraa/ros2_ws/install/bme280:/home/azraa/ros2_ws/install/m2s2_custom_interfaces:/home/azraa/ros2_ws/install/m2s2_bringup:/home/azraa/ros2_ws/install/audio_play:/home/azraa/ros2_ws/install/audio_capture:/home/azraa/ros2_ws/install/audio_common_msgs:/opt/ros/foxy LD_LIBRARY_PATH=/home/azraa/ros2_ws/install/my_robot_interfaces/lib:/home/azraa/ros2_ws/install/sound_play/lib:/home/azraa/ros2_ws/install/m2s2_custom_interfaces/lib:/home/azraa/ros2_ws/install/audio_common_msgs/lib:/opt/ros/foxy/opt/yaml_cpp_vendor/lib:/opt/ros/foxy/opt/rviz_ogre_vendor/lib:/opt/ros/foxy/lib/x86_64-linux-gnu:/opt/ros/foxy/lib PYTHONPATH=/home/azraa/ros2_ws/install/my_robot_interfaces/lib/python3.8/site-packages:/home/azraa/ros2_ws/install/my_py_pkg/lib/python3.8/site-packages:/home/azraa/ros2_ws/install/sound_play/lib/python3.8/site-packages:/home/azraa/ros2_ws/install/m2s2_custom_interfaces/lib/python3.8/site-packages:/home/azraa/ros2_ws/install/audio_common_msgs/lib/python3.8/site-packages:/opt/ros/foxy/lib/python3.8/site-packages /usr/bin/cmake --build /home/azraa/ros2_ws/build/my_robot_bringup -- -j4 -l4
[0.133s] Invoked command in '/home/azraa/ros2_ws/build/my_robot_bringup' returned '0': CMAKE_PREFIX_PATH=/home/azraa/ros2_ws/install/my_cpp_pkg:/home/azraa/ros2_ws/install/my_robot_interfaces:/home/azraa/ros2_ws/install/audio_common:/home/azraa/ros2_ws/install/sound_play:/home/azraa/ros2_ws/install/my_robot_bringup:/home/azraa/ros2_ws/install/bme280:/home/azraa/ros2_ws/install/m2s2_custom_interfaces:/home/azraa/ros2_ws/install/m2s2_bringup:/home/azraa/ros2_ws/install/audio_play:/home/azraa/ros2_ws/install/audio_capture:/home/azraa/ros2_ws/install/audio_common_msgs:/opt/ros/foxy LD_LIBRARY_PATH=/home/azraa/ros2_ws/install/my_robot_interfaces/lib:/home/azraa/ros2_ws/install/sound_play/lib:/home/azraa/ros2_ws/install/m2s2_custom_interfaces/lib:/home/azraa/ros2_ws/install/audio_common_msgs/lib:/opt/ros/foxy/opt/yaml_cpp_vendor/lib:/opt/ros/foxy/opt/rviz_ogre_vendor/lib:/opt/ros/foxy/lib/x86_64-linux-gnu:/opt/ros/foxy/lib PYTHONPATH=/home/azraa/ros2_ws/install/my_robot_interfaces/lib/python3.8/site-packages:/home/azraa/ros2_ws/install/my_py_pkg/lib/python3.8/site-packages:/home/azraa/ros2_ws/install/sound_play/lib/python3.8/site-packages:/home/azraa/ros2_ws/install/m2s2_custom_interfaces/lib/python3.8/site-packages:/home/azraa/ros2_ws/install/audio_common_msgs/lib/python3.8/site-packages:/opt/ros/foxy/lib/python3.8/site-packages /usr/bin/cmake --build /home/azraa/ros2_ws/build/my_robot_bringup -- -j4 -l4
[0.195s] Invoking command in '/home/azraa/ros2_ws/build/my_robot_bringup': CMAKE_PREFIX_PATH=/home/azraa/ros2_ws/install/my_cpp_pkg:/home/azraa/ros2_ws/install/my_robot_interfaces:/home/azraa/ros2_ws/install/audio_common:/home/azraa/ros2_ws/install/sound_play:/home/azraa/ros2_ws/install/my_robot_bringup:/home/azraa/ros2_ws/install/bme280:/home/azraa/ros2_ws/install/m2s2_custom_interfaces:/home/azraa/ros2_ws/install/m2s2_bringup:/home/azraa/ros2_ws/install/audio_play:/home/azraa/ros2_ws/install/audio_capture:/home/azraa/ros2_ws/install/audio_common_msgs:/opt/ros/foxy LD_LIBRARY_PATH=/home/azraa/ros2_ws/install/my_robot_interfaces/lib:/home/azraa/ros2_ws/install/sound_play/lib:/home/azraa/ros2_ws/install/m2s2_custom_interfaces/lib:/home/azraa/ros2_ws/install/audio_common_msgs/lib:/opt/ros/foxy/opt/yaml_cpp_vendor/lib:/opt/ros/foxy/opt/rviz_ogre_vendor/lib:/opt/ros/foxy/lib/x86_64-linux-gnu:/opt/ros/foxy/lib PYTHONPATH=/home/azraa/ros2_ws/install/my_robot_interfaces/lib/python3.8/site-packages:/home/azraa/ros2_ws/install/my_py_pkg/lib/python3.8/site-packages:/home/azraa/ros2_ws/install/sound_play/lib/python3.8/site-packages:/home/azraa/ros2_ws/install/m2s2_custom_interfaces/lib/python3.8/site-packages:/home/azraa/ros2_ws/install/audio_common_msgs/lib/python3.8/site-packages:/opt/ros/foxy/lib/python3.8/site-packages /usr/bin/cmake --install /home/azraa/ros2_ws/build/my_robot_bringup
[0.237s] -- Install configuration: ""
[0.240s] -- Execute custom install script
[0.246s] CMake Warning (dev) at ament_cmake_symlink_install/ament_cmake_symlink_install.cmake:62 (file):
[0.246s]   Policy CMP0009 is not set: FILE GLOB_RECURSE calls should not follow
[0.246s]   symlinks by default.  Run "cmake --help-policy CMP0009" for policy details.
[0.247s]   Use the cmake_policy command to set the policy and suppress this warning.
[0.247s] Call Stack (most recent call first):
[0.247s]   ament_cmake_symlink_install/ament_cmake_symlink_install.cmake:314 (ament_cmake_symlink_install_directory)
[0.248s]   cmake_install.cmake:41 (include)
[0.248s] This warning is for project developers.  Use -Wno-dev to suppress it.
[0.248s] 
[0.249s] -- Up-to-date symlink: /home/azraa/ros2_ws/install/my_robot_bringup/share/my_robot_bringup/launch/build/.built_by
[0.249s] -- Up-to-date symlink: /home/azraa/ros2_ws/install/my_robot_bringup/share/my_robot_bringup/launch/build/COLCON_IGNORE
[0.252s] -- Up-to-date symlink: /home/azraa/ros2_ws/install/my_robot_bringup/share/my_robot_bringup/launch/install/.colcon_install_layout
[0.252s] -- Up-to-date symlink: /home/azraa/ros2_ws/install/my_robot_bringup/share/my_robot_bringup/launch/install/COLCON_IGNORE
[0.254s] -- Up-to-date symlink: /home/azraa/ros2_ws/install/my_robot_bringup/share/my_robot_bringup/launch/install/_local_setup_util_ps1.py
[0.255s] -- Up-to-date symlink: /home/azraa/ros2_ws/install/my_robot_bringup/share/my_robot_bringup/launch/install/_local_setup_util_sh.py
[0.256s] -- Up-to-date symlink: /home/azraa/ros2_ws/install/my_robot_bringup/share/my_robot_bringup/launch/install/local_setup.bash
[0.257s] -- Up-to-date symlink: /home/azraa/ros2_ws/install/my_robot_bringup/share/my_robot_bringup/launch/install/local_setup.ps1
[0.259s] -- Up-to-date symlink: /home/azraa/ros2_ws/install/my_robot_bringup/share/my_robot_bringup/launch/install/local_setup.sh
[0.260s] -- Up-to-date symlink: /home/azraa/ros2_ws/install/my_robot_bringup/share/my_robot_bringup/launch/install/local_setup.zsh
[0.261s] -- Up-to-date symlink: /home/azraa/ros2_ws/install/my_robot_bringup/share/my_robot_bringup/launch/install/setup.bash
[0.263s] -- Up-to-date symlink: /home/azraa/ros2_ws/install/my_robot_bringup/share/my_robot_bringup/launch/install/setup.ps1
[0.264s] -- Up-to-date symlink: /home/azraa/ros2_ws/install/my_robot_bringup/share/my_robot_bringup/launch/install/setup.sh
[0.266s] -- Up-to-date symlink: /home/azraa/ros2_ws/install/my_robot_bringup/share/my_robot_bringup/launch/install/setup.zsh
[0.267s] -- Up-to-date symlink: /home/azraa/ros2_ws/install/my_robot_bringup/share/my_robot_bringup/launch/log/COLCON_IGNORE
[0.270s] -- Up-to-date symlink: /home/azraa/ros2_ws/install/my_robot_bringup/share/my_robot_bringup/launch/log/build_2022-07-08_10-54-06/events.log
[0.271s] -- Up-to-date symlink: /home/azraa/ros2_ws/install/my_robot_bringup/share/my_robot_bringup/launch/log/build_2022-07-08_10-54-06/logger_all.log
[0.273s] -- Up-to-date symlink: /home/azraa/ros2_ws/install/my_robot_bringup/share/my_robot_bringup/launch/log/latest/events.log
[0.273s] -- Up-to-date symlink: /home/azraa/ros2_ws/install/my_robot_bringup/share/my_robot_bringup/launch/log/latest/logger_all.log
[0.275s] -- Up-to-date symlink: /home/azraa/ros2_ws/install/my_robot_bringup/share/my_robot_bringup/launch/log/latest_build/events.log
[0.277s] -- Up-to-date symlink: /home/azraa/ros2_ws/install/my_robot_bringup/share/my_robot_bringup/launch/log/latest_build/logger_all.log
[0.278s] -- Up-to-date symlink: /home/azraa/ros2_ws/install/my_robot_bringup/share/my_robot_bringup/launch/number_app.launch.py
[0.279s] -- Up-to-date symlink: /home/azraa/ros2_ws/install/my_robot_bringup/share/my_robot_bringup/launch/robot_news_station.launch.py
[0.281s] -- Up-to-date symlink: /home/azraa/ros2_ws/install/my_robot_bringup/share/my_robot_bringup/launch/webcam.launch.xml
[0.286s] -- Up-to-date symlink: /home/azraa/ros2_ws/install/my_robot_bringup/share/ament_index/resource_index/package_run_dependencies/my_robot_bringup
[0.288s] -- Up-to-date symlink: /home/azraa/ros2_ws/install/my_robot_bringup/share/ament_index/resource_index/parent_prefix_path/my_robot_bringup
[0.290s] -- Up-to-date symlink: /home/azraa/ros2_ws/install/my_robot_bringup/share/my_robot_bringup/environment/ament_prefix_path.sh
[0.297s] -- Up-to-date symlink: /home/azraa/ros2_ws/install/my_robot_bringup/share/my_robot_bringup/environment/ament_prefix_path.dsv
[0.298s] -- Up-to-date symlink: /home/azraa/ros2_ws/install/my_robot_bringup/share/my_robot_bringup/environment/path.sh
[0.298s] -- Up-to-date symlink: /home/azraa/ros2_ws/install/my_robot_bringup/share/my_robot_bringup/environment/path.dsv
[0.299s] -- Up-to-date symlink: /home/azraa/ros2_ws/install/my_robot_bringup/share/my_robot_bringup/local_setup.bash
[0.299s] -- Up-to-date symlink: /home/azraa/ros2_ws/install/my_robot_bringup/share/my_robot_bringup/local_setup.sh
[0.299s] -- Up-to-date symlink: /home/azraa/ros2_ws/install/my_robot_bringup/share/my_robot_bringup/local_setup.zsh
[0.300s] -- Up-to-date symlink: /home/azraa/ros2_ws/install/my_robot_bringup/share/my_robot_bringup/local_setup.dsv
[0.301s] -- Symlinking: /home/azraa/ros2_ws/install/my_robot_bringup/share/my_robot_bringup/package.dsv
[0.333s] -- Up-to-date symlink: /home/azraa/ros2_ws/install/my_robot_bringup/share/ament_index/resource_index/packages/my_robot_bringup
[0.335s] -- Up-to-date symlink: /home/azraa/ros2_ws/install/my_robot_bringup/share/my_robot_bringup/cmake/my_robot_bringupConfig.cmake
[0.337s] -- Up-to-date symlink: /home/azraa/ros2_ws/install/my_robot_bringup/share/my_robot_bringup/cmake/my_robot_bringupConfig-version.cmake
[0.338s] -- Up-to-date symlink: /home/azraa/ros2_ws/install/my_robot_bringup/share/my_robot_bringup/package.xml
[0.355s] Invoked command in '/home/azraa/ros2_ws/build/my_robot_bringup' returned '0': CMAKE_PREFIX_PATH=/home/azraa/ros2_ws/install/my_cpp_pkg:/home/azraa/ros2_ws/install/my_robot_interfaces:/home/azraa/ros2_ws/install/audio_common:/home/azraa/ros2_ws/install/sound_play:/home/azraa/ros2_ws/install/my_robot_bringup:/home/azraa/ros2_ws/install/bme280:/home/azraa/ros2_ws/install/m2s2_custom_interfaces:/home/azraa/ros2_ws/install/m2s2_bringup:/home/azraa/ros2_ws/install/audio_play:/home/azraa/ros2_ws/install/audio_capture:/home/azraa/ros2_ws/install/audio_common_msgs:/opt/ros/foxy LD_LIBRARY_PATH=/home/azraa/ros2_ws/install/my_robot_interfaces/lib:/home/azraa/ros2_ws/install/sound_play/lib:/home/azraa/ros2_ws/install/m2s2_custom_interfaces/lib:/home/azraa/ros2_ws/install/audio_common_msgs/lib:/opt/ros/foxy/opt/yaml_cpp_vendor/lib:/opt/ros/foxy/opt/rviz_ogre_vendor/lib:/opt/ros/foxy/lib/x86_64-linux-gnu:/opt/ros/foxy/lib PYTHONPATH=/home/azraa/ros2_ws/install/my_robot_interfaces/lib/python3.8/site-packages:/home/azraa/ros2_ws/install/my_py_pkg/lib/python3.8/site-packages:/home/azraa/ros2_ws/install/sound_play/lib/python3.8/site-packages:/home/azraa/ros2_ws/install/m2s2_custom_interfaces/lib/python3.8/site-packages:/home/azraa/ros2_ws/install/audio_common_msgs/lib/python3.8/site-packages:/opt/ros/foxy/lib/python3.8/site-packages /usr/bin/cmake --install /home/azraa/ros2_ws/build/my_robot_bringup
