[1.764s] Invoking command in '/home/azraa/ros2_ws/build/my_py_pkg': PYTHONPATH=/home/azraa/ros2_ws/install/my_py_pkg/lib/python3.8/site-packages:${PYTHONPATH} /usr/bin/python3 setup.py develop --prefix /home/azraa/ros2_ws/install/my_py_pkg --editable --build-directory /home/azraa/ros2_ws/build/my_py_pkg/build --no-deps install_data --install-dir /home/azraa/ros2_ws/install/my_py_pkg
[2.281s] running develop
[2.537s] running egg_info
[2.545s] writing my_py_pkg.egg-info/PKG-INFO
[2.546s] writing dependency_links to my_py_pkg.egg-info/dependency_links.txt
[2.546s] writing entry points to my_py_pkg.egg-info/entry_points.txt
[2.546s] writing requirements to my_py_pkg.egg-info/requires.txt
[2.546s] writing top-level names to my_py_pkg.egg-info/top_level.txt
[2.622s] reading manifest file 'my_py_pkg.egg-info/SOURCES.txt'
[2.624s] writing manifest file 'my_py_pkg.egg-info/SOURCES.txt'
[2.705s] running build_ext
[2.706s] Creating /home/azraa/ros2_ws/install/my_py_pkg/lib/python3.8/site-packages/my-py-pkg.egg-link (link to .)
[2.707s] Installing add_two_ints_client_no_oop script to /home/azraa/ros2_ws/install/my_py_pkg/lib/my_py_pkg
[2.707s] Installing add_two_ints_server script to /home/azraa/ros2_ws/install/my_py_pkg/lib/my_py_pkg
[2.707s] Installing number_counter script to /home/azraa/ros2_ws/install/my_py_pkg/lib/my_py_pkg
[2.708s] Installing number_publisher script to /home/azraa/ros2_ws/install/my_py_pkg/lib/my_py_pkg
[2.708s] Installing py_node script to /home/azraa/ros2_ws/install/my_py_pkg/lib/my_py_pkg
[2.708s] Installing robot_news_station script to /home/azraa/ros2_ws/install/my_py_pkg/lib/my_py_pkg
[2.709s] Installing smartphone script to /home/azraa/ros2_ws/install/my_py_pkg/lib/my_py_pkg
[2.709s] 
[2.709s] Installed /home/azraa/ros2_ws/build/my_py_pkg
[2.709s] running install_data
[2.767s] Invoked command in '/home/azraa/ros2_ws/build/my_py_pkg' returned '0': PYTHONPATH=/home/azraa/ros2_ws/install/my_py_pkg/lib/python3.8/site-packages:${PYTHONPATH} /usr/bin/python3 setup.py develop --prefix /home/azraa/ros2_ws/install/my_py_pkg --editable --build-directory /home/azraa/ros2_ws/build/my_py_pkg/build --no-deps install_data --install-dir /home/azraa/ros2_ws/install/my_py_pkg
