[0.933s] Invoking command in '/home/azraa/ros2_ws/build/my_py_pkg': PYTHONPATH=/home/azraa/ros2_ws/install/my_py_pkg/lib/python3.8/site-packages:${PYTHONPATH} /usr/bin/python3 setup.py develop --prefix /home/azraa/ros2_ws/install/my_py_pkg --uninstall --editable --build-directory /home/azraa/ros2_ws/build/my_py_pkg/build
[1.290s] running develop
[1.476s] Invoked command in '/home/azraa/ros2_ws/build/my_py_pkg' returned '0': PYTHONPATH=/home/azraa/ros2_ws/install/my_py_pkg/lib/python3.8/site-packages:${PYTHONPATH} /usr/bin/python3 setup.py develop --prefix /home/azraa/ros2_ws/install/my_py_pkg --uninstall --editable --build-directory /home/azraa/ros2_ws/build/my_py_pkg/build
[1.479s] Invoking command in '/home/azraa/ros2_ws/src/my_py_pkg': PYTHONPATH=/home/azraa/ros2_ws/install/my_py_pkg/lib/python3.8/site-packages:${PYTHONPATH} /usr/bin/python3 setup.py egg_info --egg-base ../../build/my_py_pkg build --build-base /home/azraa/ros2_ws/build/my_py_pkg/build install --prefix /home/azraa/ros2_ws/install/my_py_pkg --record /home/azraa/ros2_ws/build/my_py_pkg/install.log --single-version-externally-managed
[1.769s] running egg_info
[1.770s] writing ../../build/my_py_pkg/my_py_pkg.egg-info/PKG-INFO
[1.770s] writing dependency_links to ../../build/my_py_pkg/my_py_pkg.egg-info/dependency_links.txt
[1.770s] writing entry points to ../../build/my_py_pkg/my_py_pkg.egg-info/entry_points.txt
[1.771s] writing requirements to ../../build/my_py_pkg/my_py_pkg.egg-info/requires.txt
[1.771s] writing top-level names to ../../build/my_py_pkg/my_py_pkg.egg-info/top_level.txt
[1.830s] reading manifest file '../../build/my_py_pkg/my_py_pkg.egg-info/SOURCES.txt'
[1.831s] writing manifest file '../../build/my_py_pkg/my_py_pkg.egg-info/SOURCES.txt'
[1.832s] running build
[1.832s] running build_py
[1.832s] copying my_py_pkg/image_subscriber.py -> /home/azraa/ros2_ws/build/my_py_pkg/build/lib/my_py_pkg
[1.833s] running install
[1.834s] running install_lib
[1.836s] copying /home/azraa/ros2_ws/build/my_py_pkg/build/lib/my_py_pkg/image_subscriber.py -> /home/azraa/ros2_ws/install/my_py_pkg/lib/python3.8/site-packages/my_py_pkg
[1.837s] byte-compiling /home/azraa/ros2_ws/install/my_py_pkg/lib/python3.8/site-packages/my_py_pkg/image_subscriber.py to image_subscriber.cpython-38.pyc
[1.840s] running install_data
[1.840s] running install_egg_info
[1.842s] removing '/home/azraa/ros2_ws/install/my_py_pkg/lib/python3.8/site-packages/my_py_pkg-0.0.0-py3.8.egg-info' (and everything under it)
[1.848s] Copying ../../build/my_py_pkg/my_py_pkg.egg-info to /home/azraa/ros2_ws/install/my_py_pkg/lib/python3.8/site-packages/my_py_pkg-0.0.0-py3.8.egg-info
[1.849s] running install_scripts
[1.871s] Installing add_two_ints_client script to /home/azraa/ros2_ws/install/my_py_pkg/lib/my_py_pkg
[1.872s] Installing add_two_ints_client_no_oop script to /home/azraa/ros2_ws/install/my_py_pkg/lib/my_py_pkg
[1.872s] Installing add_two_ints_server script to /home/azraa/ros2_ws/install/my_py_pkg/lib/my_py_pkg
[1.872s] Installing battery script to /home/azraa/ros2_ws/install/my_py_pkg/lib/my_py_pkg
[1.872s] Installing hw_status_publisher script to /home/azraa/ros2_ws/install/my_py_pkg/lib/my_py_pkg
[1.872s] Installing image_subscriber script to /home/azraa/ros2_ws/install/my_py_pkg/lib/my_py_pkg
[1.873s] Installing led_panel script to /home/azraa/ros2_ws/install/my_py_pkg/lib/my_py_pkg
[1.873s] Installing number_counter script to /home/azraa/ros2_ws/install/my_py_pkg/lib/my_py_pkg
[1.873s] Installing number_publisher script to /home/azraa/ros2_ws/install/my_py_pkg/lib/my_py_pkg
[1.873s] Installing py_node script to /home/azraa/ros2_ws/install/my_py_pkg/lib/my_py_pkg
[1.873s] Installing robot_news_station script to /home/azraa/ros2_ws/install/my_py_pkg/lib/my_py_pkg
[1.873s] Installing smartphone script to /home/azraa/ros2_ws/install/my_py_pkg/lib/my_py_pkg
[1.874s] writing list of installed files to '/home/azraa/ros2_ws/build/my_py_pkg/install.log'
[1.906s] Invoked command in '/home/azraa/ros2_ws/src/my_py_pkg' returned '0': PYTHONPATH=/home/azraa/ros2_ws/install/my_py_pkg/lib/python3.8/site-packages:${PYTHONPATH} /usr/bin/python3 setup.py egg_info --egg-base ../../build/my_py_pkg build --build-base /home/azraa/ros2_ws/build/my_py_pkg/build install --prefix /home/azraa/ros2_ws/install/my_py_pkg --record /home/azraa/ros2_ws/build/my_py_pkg/install.log --single-version-externally-managed
