[0.084s] Invoking command in '/home/azraa/ros2_ws/build/m2s2_custom_interfaces': CMAKE_PREFIX_PATH=${CMAKE_PREFIX_PATH}:/opt/ros/foxy /usr/bin/cmake --build /home/azraa/ros2_ws/build/m2s2_custom_interfaces -- -j4 -l4
[1.158s] [  9%] Built target m2s2_custom_interfaces__rosidl_generator_c
[1.158s] [ 19%] Built target m2s2_custom_interfaces__rosidl_typesupport_introspection_c
[1.158s] [ 29%] Built target m2s2_custom_interfaces__rosidl_typesupport_c
[1.159s] [ 32%] Built target m2s2_custom_interfaces__cpp
[1.159s] [ 51%] Built target m2s2_custom_interfaces__rosidl_typesupport_introspection_cpp
[1.159s] [ 51%] Built target m2s2_custom_interfaces__rosidl_typesupport_cpp
[1.159s] [ 61%] Built target m2s2_custom_interfaces__rosidl_typesupport_fastrtps_cpp
[1.159s] [ 70%] Built target m2s2_custom_interfaces__rosidl_typesupport_fastrtps_c
[1.159s] [ 70%] Built target m2s2_custom_interfaces
[1.159s] [ 74%] Built target m2s2_custom_interfaces__py
[1.159s] [ 80%] Built target m2s2_custom_interfaces__python
[1.226s] [ 87%] Built target m2s2_custom_interfaces__rosidl_typesupport_c__pyext
[1.236s] [ 93%] Built target m2s2_custom_interfaces__rosidl_typesupport_introspection_c__pyext
[1.284s] [100%] Built target m2s2_custom_interfaces__rosidl_typesupport_fastrtps_c__pyext
[1.355s] Invoked command in '/home/azraa/ros2_ws/build/m2s2_custom_interfaces' returned '0': CMAKE_PREFIX_PATH=${CMAKE_PREFIX_PATH}:/opt/ros/foxy /usr/bin/cmake --build /home/azraa/ros2_ws/build/m2s2_custom_interfaces -- -j4 -l4
[1.585s] Invoking command in '/home/azraa/ros2_ws/build/m2s2_custom_interfaces': CMAKE_PREFIX_PATH=${CMAKE_PREFIX_PATH}:/opt/ros/foxy /usr/bin/cmake --install /home/azraa/ros2_ws/build/m2s2_custom_interfaces
[1.622s] -- Install configuration: ""
[1.624s] -- Up-to-date: /home/azraa/ros2_ws/install/m2s2_custom_interfaces/share/ament_index/resource_index/rosidl_interfaces/m2s2_custom_interfaces
[1.625s] -- Up-to-date: /home/azraa/ros2_ws/install/m2s2_custom_interfaces/include/m2s2_custom_interfaces
[1.626s] -- Up-to-date: /home/azraa/ros2_ws/install/m2s2_custom_interfaces/include/m2s2_custom_interfaces/msg
[1.627s] -- Up-to-date: /home/azraa/ros2_ws/install/m2s2_custom_interfaces/include/m2s2_custom_interfaces/msg/detail
[1.628s] -- Up-to-date: /home/azraa/ros2_ws/install/m2s2_custom_interfaces/include/m2s2_custom_interfaces/msg/detail/enviro_data__functions.h
[1.634s] -- Up-to-date: /home/azraa/ros2_ws/install/m2s2_custom_interfaces/include/m2s2_custom_interfaces/msg/detail/enviro_data__struct.h
[1.634s] -- Up-to-date: /home/azraa/ros2_ws/install/m2s2_custom_interfaces/include/m2s2_custom_interfaces/msg/detail/enviro_data__type_support.h
[1.634s] -- Up-to-date: /home/azraa/ros2_ws/install/m2s2_custom_interfaces/include/m2s2_custom_interfaces/msg/detail/enviro_data__functions.c
[1.635s] -- Up-to-date: /home/azraa/ros2_ws/install/m2s2_custom_interfaces/include/m2s2_custom_interfaces/msg/enviro_data.h
[1.635s] -- Up-to-date: /home/azraa/ros2_ws/install/m2s2_custom_interfaces/include/m2s2_custom_interfaces/msg/rosidl_generator_c__visibility_control.h
[1.636s] -- Up-to-date: /home/azraa/ros2_ws/install/m2s2_custom_interfaces/share/m2s2_custom_interfaces/environment/library_path.sh
[1.636s] -- Up-to-date: /home/azraa/ros2_ws/install/m2s2_custom_interfaces/share/m2s2_custom_interfaces/environment/library_path.dsv
[1.638s] -- Up-to-date: /home/azraa/ros2_ws/install/m2s2_custom_interfaces/lib/libm2s2_custom_interfaces__rosidl_generator_c.so
[1.639s] -- Up-to-date: /home/azraa/ros2_ws/install/m2s2_custom_interfaces/include/m2s2_custom_interfaces
[1.640s] -- Up-to-date: /home/azraa/ros2_ws/install/m2s2_custom_interfaces/include/m2s2_custom_interfaces/msg
[1.640s] -- Up-to-date: /home/azraa/ros2_ws/install/m2s2_custom_interfaces/include/m2s2_custom_interfaces/msg/rosidl_typesupport_fastrtps_c__visibility_control.h
[1.641s] -- Up-to-date: /home/azraa/ros2_ws/install/m2s2_custom_interfaces/include/m2s2_custom_interfaces/msg/detail
[1.641s] -- Up-to-date: /home/azraa/ros2_ws/install/m2s2_custom_interfaces/include/m2s2_custom_interfaces/msg/detail/enviro_data__rosidl_typesupport_fastrtps_c.h
[1.644s] -- Up-to-date: /home/azraa/ros2_ws/install/m2s2_custom_interfaces/lib/libm2s2_custom_interfaces__rosidl_typesupport_fastrtps_c.so
[1.645s] -- Up-to-date: /home/azraa/ros2_ws/install/m2s2_custom_interfaces/include/m2s2_custom_interfaces
[1.645s] -- Up-to-date: /home/azraa/ros2_ws/install/m2s2_custom_interfaces/include/m2s2_custom_interfaces/msg
[1.645s] -- Up-to-date: /home/azraa/ros2_ws/install/m2s2_custom_interfaces/include/m2s2_custom_interfaces/msg/detail
[1.645s] -- Up-to-date: /home/azraa/ros2_ws/install/m2s2_custom_interfaces/include/m2s2_custom_interfaces/msg/detail/enviro_data__rosidl_typesupport_fastrtps_cpp.hpp
[1.645s] -- Up-to-date: /home/azraa/ros2_ws/install/m2s2_custom_interfaces/include/m2s2_custom_interfaces/msg/detail/dds_fastrtps
[1.645s] -- Up-to-date: /home/azraa/ros2_ws/install/m2s2_custom_interfaces/include/m2s2_custom_interfaces/msg/rosidl_typesupport_fastrtps_cpp__visibility_control.h
[1.648s] -- Up-to-date: /home/azraa/ros2_ws/install/m2s2_custom_interfaces/lib/libm2s2_custom_interfaces__rosidl_typesupport_fastrtps_cpp.so
[1.648s] -- Up-to-date: /home/azraa/ros2_ws/install/m2s2_custom_interfaces/include/m2s2_custom_interfaces
[1.649s] -- Up-to-date: /home/azraa/ros2_ws/install/m2s2_custom_interfaces/include/m2s2_custom_interfaces/msg
[1.649s] -- Up-to-date: /home/azraa/ros2_ws/install/m2s2_custom_interfaces/include/m2s2_custom_interfaces/msg/detail
[1.649s] -- Up-to-date: /home/azraa/ros2_ws/install/m2s2_custom_interfaces/include/m2s2_custom_interfaces/msg/detail/enviro_data__type_support.c
[1.649s] -- Up-to-date: /home/azraa/ros2_ws/install/m2s2_custom_interfaces/include/m2s2_custom_interfaces/msg/detail/enviro_data__rosidl_typesupport_introspection_c.h
[1.649s] -- Up-to-date: /home/azraa/ros2_ws/install/m2s2_custom_interfaces/include/m2s2_custom_interfaces/msg/rosidl_typesupport_introspection_c__visibility_control.h
[1.651s] -- Up-to-date: /home/azraa/ros2_ws/install/m2s2_custom_interfaces/lib/libm2s2_custom_interfaces__rosidl_typesupport_introspection_c.so
[1.652s] -- Up-to-date: /home/azraa/ros2_ws/install/m2s2_custom_interfaces/lib/libm2s2_custom_interfaces__rosidl_typesupport_c.so
[1.652s] -- Up-to-date: /home/azraa/ros2_ws/install/m2s2_custom_interfaces/include/m2s2_custom_interfaces
[1.653s] -- Up-to-date: /home/azraa/ros2_ws/install/m2s2_custom_interfaces/include/m2s2_custom_interfaces/msg
[1.653s] -- Up-to-date: /home/azraa/ros2_ws/install/m2s2_custom_interfaces/include/m2s2_custom_interfaces/msg/detail
[1.653s] -- Up-to-date: /home/azraa/ros2_ws/install/m2s2_custom_interfaces/include/m2s2_custom_interfaces/msg/detail/enviro_data__struct.hpp
[1.654s] -- Up-to-date: /home/azraa/ros2_ws/install/m2s2_custom_interfaces/include/m2s2_custom_interfaces/msg/detail/enviro_data__builder.hpp
[1.654s] -- Up-to-date: /home/azraa/ros2_ws/install/m2s2_custom_interfaces/include/m2s2_custom_interfaces/msg/detail/enviro_data__traits.hpp
[1.654s] -- Up-to-date: /home/azraa/ros2_ws/install/m2s2_custom_interfaces/include/m2s2_custom_interfaces/msg/enviro_data.hpp
[1.655s] -- Up-to-date: /home/azraa/ros2_ws/install/m2s2_custom_interfaces/include/m2s2_custom_interfaces
[1.655s] -- Up-to-date: /home/azraa/ros2_ws/install/m2s2_custom_interfaces/include/m2s2_custom_interfaces/msg
[1.655s] -- Up-to-date: /home/azraa/ros2_ws/install/m2s2_custom_interfaces/include/m2s2_custom_interfaces/msg/detail
[1.656s] -- Up-to-date: /home/azraa/ros2_ws/install/m2s2_custom_interfaces/include/m2s2_custom_interfaces/msg/detail/enviro_data__type_support.cpp
[1.656s] -- Up-to-date: /home/azraa/ros2_ws/install/m2s2_custom_interfaces/include/m2s2_custom_interfaces/msg/detail/enviro_data__rosidl_typesupport_introspection_cpp.hpp
[1.657s] -- Up-to-date: /home/azraa/ros2_ws/install/m2s2_custom_interfaces/lib/libm2s2_custom_interfaces__rosidl_typesupport_introspection_cpp.so
[1.661s] -- Up-to-date: /home/azraa/ros2_ws/install/m2s2_custom_interfaces/lib/libm2s2_custom_interfaces__rosidl_typesupport_cpp.so
[1.661s] -- Up-to-date: /home/azraa/ros2_ws/install/m2s2_custom_interfaces/share/m2s2_custom_interfaces/environment/pythonpath.sh
[1.661s] -- Up-to-date: /home/azraa/ros2_ws/install/m2s2_custom_interfaces/share/m2s2_custom_interfaces/environment/pythonpath.dsv
[1.662s] -- Up-to-date: /home/azraa/ros2_ws/install/m2s2_custom_interfaces/lib/python3.8/site-packages/m2s2_custom_interfaces/__init__.py
[1.762s] -- Up-to-date: /home/azraa/ros2_ws/install/m2s2_custom_interfaces/lib/python3.8/site-packages/m2s2_custom_interfaces/msg
[1.763s] -- Up-to-date: /home/azraa/ros2_ws/install/m2s2_custom_interfaces/lib/python3.8/site-packages/m2s2_custom_interfaces/msg/_enviro_data.py
[1.763s] -- Up-to-date: /home/azraa/ros2_ws/install/m2s2_custom_interfaces/lib/python3.8/site-packages/m2s2_custom_interfaces/msg/_enviro_data_s.c
[1.763s] -- Up-to-date: /home/azraa/ros2_ws/install/m2s2_custom_interfaces/lib/python3.8/site-packages/m2s2_custom_interfaces/msg/__init__.py
[1.766s] -- Up-to-date: /home/azraa/ros2_ws/install/m2s2_custom_interfaces/lib/python3.8/site-packages/m2s2_custom_interfaces/m2s2_custom_interfaces_s__rosidl_typesupport_fastrtps_c.cpython-38-x86_64-linux-gnu.so
[1.768s] -- Up-to-date: /home/azraa/ros2_ws/install/m2s2_custom_interfaces/lib/python3.8/site-packages/m2s2_custom_interfaces/m2s2_custom_interfaces_s__rosidl_typesupport_introspection_c.cpython-38-x86_64-linux-gnu.so
[1.769s] -- Up-to-date: /home/azraa/ros2_ws/install/m2s2_custom_interfaces/lib/python3.8/site-packages/m2s2_custom_interfaces/m2s2_custom_interfaces_s__rosidl_typesupport_c.cpython-38-x86_64-linux-gnu.so
[1.772s] -- Up-to-date: /home/azraa/ros2_ws/install/m2s2_custom_interfaces/lib/libm2s2_custom_interfaces__python.so
[1.773s] -- Up-to-date: /home/azraa/ros2_ws/install/m2s2_custom_interfaces/share/m2s2_custom_interfaces/msg/EnviroData.idl
[1.773s] -- Up-to-date: /home/azraa/ros2_ws/install/m2s2_custom_interfaces/share/m2s2_custom_interfaces/msg/EnviroData.msg
[1.774s] -- Up-to-date: /home/azraa/ros2_ws/install/m2s2_custom_interfaces/share/ament_index/resource_index/package_run_dependencies/m2s2_custom_interfaces
[1.774s] -- Up-to-date: /home/azraa/ros2_ws/install/m2s2_custom_interfaces/share/ament_index/resource_index/parent_prefix_path/m2s2_custom_interfaces
[1.775s] -- Up-to-date: /home/azraa/ros2_ws/install/m2s2_custom_interfaces/share/m2s2_custom_interfaces/environment/ament_prefix_path.sh
[1.775s] -- Up-to-date: /home/azraa/ros2_ws/install/m2s2_custom_interfaces/share/m2s2_custom_interfaces/environment/ament_prefix_path.dsv
[1.775s] -- Up-to-date: /home/azraa/ros2_ws/install/m2s2_custom_interfaces/share/m2s2_custom_interfaces/environment/path.sh
[1.776s] -- Up-to-date: /home/azraa/ros2_ws/install/m2s2_custom_interfaces/share/m2s2_custom_interfaces/environment/path.dsv
[1.776s] -- Up-to-date: /home/azraa/ros2_ws/install/m2s2_custom_interfaces/share/m2s2_custom_interfaces/local_setup.bash
[1.777s] -- Up-to-date: /home/azraa/ros2_ws/install/m2s2_custom_interfaces/share/m2s2_custom_interfaces/local_setup.sh
[1.777s] -- Up-to-date: /home/azraa/ros2_ws/install/m2s2_custom_interfaces/share/m2s2_custom_interfaces/local_setup.zsh
[1.778s] -- Up-to-date: /home/azraa/ros2_ws/install/m2s2_custom_interfaces/share/m2s2_custom_interfaces/local_setup.dsv
[1.778s] -- Installing: /home/azraa/ros2_ws/install/m2s2_custom_interfaces/share/m2s2_custom_interfaces/package.dsv
[1.782s] -- Up-to-date: /home/azraa/ros2_ws/install/m2s2_custom_interfaces/share/ament_index/resource_index/packages/m2s2_custom_interfaces
[1.784s] -- Up-to-date: /home/azraa/ros2_ws/install/m2s2_custom_interfaces/share/m2s2_custom_interfaces/cmake/m2s2_custom_interfaces__rosidl_generator_cExport.cmake
[1.785s] -- Up-to-date: /home/azraa/ros2_ws/install/m2s2_custom_interfaces/share/m2s2_custom_interfaces/cmake/m2s2_custom_interfaces__rosidl_generator_cExport-noconfig.cmake
[1.787s] -- Up-to-date: /home/azraa/ros2_ws/install/m2s2_custom_interfaces/share/m2s2_custom_interfaces/cmake/m2s2_custom_interfaces__rosidl_typesupport_introspection_cExport.cmake
[1.787s] -- Up-to-date: /home/azraa/ros2_ws/install/m2s2_custom_interfaces/share/m2s2_custom_interfaces/cmake/m2s2_custom_interfaces__rosidl_typesupport_introspection_cExport-noconfig.cmake
[1.790s] -- Up-to-date: /home/azraa/ros2_ws/install/m2s2_custom_interfaces/share/m2s2_custom_interfaces/cmake/m2s2_custom_interfaces__rosidl_typesupport_cExport.cmake
[1.791s] -- Up-to-date: /home/azraa/ros2_ws/install/m2s2_custom_interfaces/share/m2s2_custom_interfaces/cmake/m2s2_custom_interfaces__rosidl_typesupport_cExport-noconfig.cmake
[1.793s] -- Up-to-date: /home/azraa/ros2_ws/install/m2s2_custom_interfaces/share/m2s2_custom_interfaces/cmake/m2s2_custom_interfaces__rosidl_generator_cppExport.cmake
[1.795s] -- Up-to-date: /home/azraa/ros2_ws/install/m2s2_custom_interfaces/share/m2s2_custom_interfaces/cmake/m2s2_custom_interfaces__rosidl_typesupport_introspection_cppExport.cmake
[1.795s] -- Up-to-date: /home/azraa/ros2_ws/install/m2s2_custom_interfaces/share/m2s2_custom_interfaces/cmake/m2s2_custom_interfaces__rosidl_typesupport_introspection_cppExport-noconfig.cmake
[1.798s] -- Up-to-date: /home/azraa/ros2_ws/install/m2s2_custom_interfaces/share/m2s2_custom_interfaces/cmake/m2s2_custom_interfaces__rosidl_typesupport_cppExport.cmake
[1.798s] -- Up-to-date: /home/azraa/ros2_ws/install/m2s2_custom_interfaces/share/m2s2_custom_interfaces/cmake/m2s2_custom_interfaces__rosidl_typesupport_cppExport-noconfig.cmake
[1.798s] -- Up-to-date: /home/azraa/ros2_ws/install/m2s2_custom_interfaces/share/m2s2_custom_interfaces/cmake/rosidl_cmake-extras.cmake
[1.798s] -- Up-to-date: /home/azraa/ros2_ws/install/m2s2_custom_interfaces/share/m2s2_custom_interfaces/cmake/ament_cmake_export_dependencies-extras.cmake
[1.798s] -- Up-to-date: /home/azraa/ros2_ws/install/m2s2_custom_interfaces/share/m2s2_custom_interfaces/cmake/ament_cmake_export_libraries-extras.cmake
[1.799s] -- Up-to-date: /home/azraa/ros2_ws/install/m2s2_custom_interfaces/share/m2s2_custom_interfaces/cmake/ament_cmake_export_targets-extras.cmake
[1.799s] -- Up-to-date: /home/azraa/ros2_ws/install/m2s2_custom_interfaces/share/m2s2_custom_interfaces/cmake/ament_cmake_export_include_directories-extras.cmake
[1.799s] -- Up-to-date: /home/azraa/ros2_ws/install/m2s2_custom_interfaces/share/m2s2_custom_interfaces/cmake/rosidl_cmake_export_typesupport_libraries-extras.cmake
[1.799s] -- Up-to-date: /home/azraa/ros2_ws/install/m2s2_custom_interfaces/share/m2s2_custom_interfaces/cmake/rosidl_cmake_export_typesupport_targets-extras.cmake
[1.799s] -- Up-to-date: /home/azraa/ros2_ws/install/m2s2_custom_interfaces/share/m2s2_custom_interfaces/cmake/m2s2_custom_interfacesConfig.cmake
[1.799s] -- Up-to-date: /home/azraa/ros2_ws/install/m2s2_custom_interfaces/share/m2s2_custom_interfaces/cmake/m2s2_custom_interfacesConfig-version.cmake
[1.799s] -- Up-to-date: /home/azraa/ros2_ws/install/m2s2_custom_interfaces/share/m2s2_custom_interfaces/package.xml
[1.815s] Invoked command in '/home/azraa/ros2_ws/build/m2s2_custom_interfaces' returned '0': CMAKE_PREFIX_PATH=${CMAKE_PREFIX_PATH}:/opt/ros/foxy /usr/bin/cmake --install /home/azraa/ros2_ws/build/m2s2_custom_interfaces
