[1.047s] DEBUG:colcon:Command line arguments: ['/usr/bin/colcon', 'build', '--packages-select', 'my_py_pkg']
[1.047s] DEBUG:colcon:Parsed command line arguments: Namespace(allow_overriding=[], ament_cmake_args=None, base_paths=['.'], build_base='build', catkin_cmake_args=None, catkin_skip_building_tests=False, cmake_args=None, cmake_clean_cache=False, cmake_clean_first=False, cmake_force_configure=False, cmake_target=None, cmake_target_skip_unavailable=False, continue_on_error=False, event_handlers=None, executor='parallel', ignore_user_meta=False, install_base='install', log_base=None, log_level=None, main=<bound method BuildVerb.main of <colcon_core.verb.build.BuildVerb object at 0x7ff13f5473d0>>, merge_install=False, metas=['./colcon.meta'], packages_above=None, packages_above_and_dependencies=None, packages_above_depth=None, packages_end=None, packages_ignore=None, packages_ignore_regex=None, packages_select=['my_py_pkg'], packages_select_build_failed=False, packages_select_by_dep=None, packages_select_regex=None, packages_select_test_failures=False, packages_skip=None, packages_skip_build_finished=False, packages_skip_by_dep=None, packages_skip_regex=None, packages_skip_test_passed=False, packages_skip_up_to=None, packages_start=None, packages_up_to=None, packages_up_to_regex=None, parallel_workers=4, paths=None, symlink_install=False, test_result_base=None, verb_extension=<colcon_core.verb.build.BuildVerb object at 0x7ff13f5473d0>, verb_name='build', verb_parser=<colcon_defaults.argument_parser.defaults.DefaultArgumentsDecorator object at 0x7ff13f547910>)
[1.239s] Level 1:colcon.colcon_core.package_discovery:discover_packages(colcon_meta) check parameters
[1.240s] Level 1:colcon.colcon_core.package_discovery:discover_packages(recursive) check parameters
[1.240s] Level 1:colcon.colcon_core.package_discovery:discover_packages(ignore) check parameters
[1.240s] Level 1:colcon.colcon_core.package_discovery:discover_packages(path) check parameters
[1.240s] Level 1:colcon.colcon_core.package_discovery:discover_packages(colcon_meta) discover
[1.240s] Level 1:colcon.colcon_core.package_discovery:discover_packages(recursive) discover
[1.240s] INFO:colcon.colcon_core.package_discovery:Crawling recursively for packages in '/home/azraa/ros2_ws'
[1.241s] Level 1:colcon.colcon_core.package_identification:_identify(.) by extensions ['ignore', 'ignore_ament_install']
[1.241s] Level 1:colcon.colcon_core.package_identification:_identify(.) by extension 'ignore'
[1.241s] Level 1:colcon.colcon_core.package_identification:_identify(.) by extension 'ignore_ament_install'
[1.241s] Level 1:colcon.colcon_core.package_identification:_identify(.) by extensions ['colcon_pkg']
[1.242s] Level 1:colcon.colcon_core.package_identification:_identify(.) by extension 'colcon_pkg'
[1.242s] Level 1:colcon.colcon_core.package_identification:_identify(.) by extensions ['colcon_meta']
[1.242s] Level 1:colcon.colcon_core.package_identification:_identify(.) by extension 'colcon_meta'
[1.242s] Level 1:colcon.colcon_core.package_identification:_identify(.) by extensions ['ros']
[1.242s] Level 1:colcon.colcon_core.package_identification:_identify(.) by extension 'ros'
[1.310s] Level 1:colcon.colcon_core.package_identification:_identify(.) by extensions ['cmake', 'python']
[1.310s] Level 1:colcon.colcon_core.package_identification:_identify(.) by extension 'cmake'
[1.310s] Level 1:colcon.colcon_core.package_identification:_identify(.) by extension 'python'
[1.310s] Level 1:colcon.colcon_core.package_identification:_identify(.) by extensions ['python_setup_py']
[1.310s] Level 1:colcon.colcon_core.package_identification:_identify(.) by extension 'python_setup_py'
[1.311s] Level 1:colcon.colcon_core.package_identification:_identify(build) by extensions ['ignore', 'ignore_ament_install']
[1.311s] Level 1:colcon.colcon_core.package_identification:_identify(build) by extension 'ignore'
[1.312s] Level 1:colcon.colcon_core.package_identification:_identify(build) ignored
[1.312s] Level 1:colcon.colcon_core.package_identification:_identify(install) by extensions ['ignore', 'ignore_ament_install']
[1.312s] Level 1:colcon.colcon_core.package_identification:_identify(install) by extension 'ignore'
[1.313s] Level 1:colcon.colcon_core.package_identification:_identify(install) ignored
[1.313s] Level 1:colcon.colcon_core.package_identification:_identify(log) by extensions ['ignore', 'ignore_ament_install']
[1.314s] Level 1:colcon.colcon_core.package_identification:_identify(log) by extension 'ignore'
[1.314s] Level 1:colcon.colcon_core.package_identification:_identify(log) ignored
[1.314s] Level 1:colcon.colcon_core.package_identification:_identify(src) by extensions ['ignore', 'ignore_ament_install']
[1.315s] Level 1:colcon.colcon_core.package_identification:_identify(src) by extension 'ignore'
[1.316s] Level 1:colcon.colcon_core.package_identification:_identify(src) by extension 'ignore_ament_install'
[1.316s] Level 1:colcon.colcon_core.package_identification:_identify(src) by extensions ['colcon_pkg']
[1.316s] Level 1:colcon.colcon_core.package_identification:_identify(src) by extension 'colcon_pkg'
[1.316s] Level 1:colcon.colcon_core.package_identification:_identify(src) by extensions ['colcon_meta']
[1.316s] Level 1:colcon.colcon_core.package_identification:_identify(src) by extension 'colcon_meta'
[1.316s] Level 1:colcon.colcon_core.package_identification:_identify(src) by extensions ['ros']
[1.317s] Level 1:colcon.colcon_core.package_identification:_identify(src) by extension 'ros'
[1.317s] Level 1:colcon.colcon_core.package_identification:_identify(src) by extensions ['cmake', 'python']
[1.317s] Level 1:colcon.colcon_core.package_identification:_identify(src) by extension 'cmake'
[1.317s] Level 1:colcon.colcon_core.package_identification:_identify(src) by extension 'python'
[1.317s] Level 1:colcon.colcon_core.package_identification:_identify(src) by extensions ['python_setup_py']
[1.317s] Level 1:colcon.colcon_core.package_identification:_identify(src) by extension 'python_setup_py'
[1.318s] Level 1:colcon.colcon_core.package_identification:_identify(src/build) by extensions ['ignore', 'ignore_ament_install']
[1.318s] Level 1:colcon.colcon_core.package_identification:_identify(src/build) by extension 'ignore'
[1.318s] Level 1:colcon.colcon_core.package_identification:_identify(src/build) ignored
[1.319s] Level 1:colcon.colcon_core.package_identification:_identify(src/install) by extensions ['ignore', 'ignore_ament_install']
[1.320s] Level 1:colcon.colcon_core.package_identification:_identify(src/install) by extension 'ignore'
[1.320s] Level 1:colcon.colcon_core.package_identification:_identify(src/install) ignored
[1.320s] Level 1:colcon.colcon_core.package_identification:_identify(src/log) by extensions ['ignore', 'ignore_ament_install']
[1.320s] Level 1:colcon.colcon_core.package_identification:_identify(src/log) by extension 'ignore'
[1.321s] Level 1:colcon.colcon_core.package_identification:_identify(src/log) ignored
[1.321s] Level 1:colcon.colcon_core.package_identification:_identify(src/my_cpp_pkg) by extensions ['ignore', 'ignore_ament_install']
[1.321s] Level 1:colcon.colcon_core.package_identification:_identify(src/my_cpp_pkg) by extension 'ignore'
[1.321s] Level 1:colcon.colcon_core.package_identification:_identify(src/my_cpp_pkg) by extension 'ignore_ament_install'
[1.322s] Level 1:colcon.colcon_core.package_identification:_identify(src/my_cpp_pkg) by extensions ['colcon_pkg']
[1.322s] Level 1:colcon.colcon_core.package_identification:_identify(src/my_cpp_pkg) by extension 'colcon_pkg'
[1.322s] Level 1:colcon.colcon_core.package_identification:_identify(src/my_cpp_pkg) by extensions ['colcon_meta']
[1.322s] Level 1:colcon.colcon_core.package_identification:_identify(src/my_cpp_pkg) by extension 'colcon_meta'
[1.323s] Level 1:colcon.colcon_core.package_identification:_identify(src/my_cpp_pkg) by extensions ['ros']
[1.323s] Level 1:colcon.colcon_core.package_identification:_identify(src/my_cpp_pkg) by extension 'ros'
[1.345s] DEBUG:colcon.colcon_core.package_identification:Package 'src/my_cpp_pkg' with type 'ros.ament_cmake' and name 'my_cpp_pkg'
[1.346s] Level 1:colcon.colcon_core.package_identification:_identify(src/my_py_pkg) by extensions ['ignore', 'ignore_ament_install']
[1.347s] Level 1:colcon.colcon_core.package_identification:_identify(src/my_py_pkg) by extension 'ignore'
[1.348s] Level 1:colcon.colcon_core.package_identification:_identify(src/my_py_pkg) by extension 'ignore_ament_install'
[1.348s] Level 1:colcon.colcon_core.package_identification:_identify(src/my_py_pkg) by extensions ['colcon_pkg']
[1.348s] Level 1:colcon.colcon_core.package_identification:_identify(src/my_py_pkg) by extension 'colcon_pkg'
[1.348s] Level 1:colcon.colcon_core.package_identification:_identify(src/my_py_pkg) by extensions ['colcon_meta']
[1.348s] Level 1:colcon.colcon_core.package_identification:_identify(src/my_py_pkg) by extension 'colcon_meta'
[1.349s] Level 1:colcon.colcon_core.package_identification:_identify(src/my_py_pkg) by extensions ['ros']
[1.349s] Level 1:colcon.colcon_core.package_identification:_identify(src/my_py_pkg) by extension 'ros'
[1.354s] DEBUG:colcon.colcon_core.package_identification:Package 'src/my_py_pkg' with type 'ros.ament_python' and name 'my_py_pkg'
[1.354s] Level 1:colcon.colcon_core.package_discovery:discover_packages(recursive) using defaults
[1.354s] Level 1:colcon.colcon_core.package_discovery:discover_packages(ignore) discover
[1.355s] Level 1:colcon.colcon_core.package_discovery:discover_packages(ignore) using defaults
[1.355s] Level 1:colcon.colcon_core.package_discovery:discover_packages(path) discover
[1.355s] Level 1:colcon.colcon_core.package_discovery:discover_packages(path) using defaults
[1.513s] INFO:colcon.colcon_core.package_selection:Skipping not selected package 'my_cpp_pkg' in 'src/my_cpp_pkg'
[1.518s] Level 1:colcon.colcon_core.package_discovery:discover_packages(prefix_path) check parameters
[1.518s] Level 1:colcon.colcon_core.package_discovery:discover_packages(prefix_path) discover
[1.541s] DEBUG:colcon.colcon_installed_package_information.package_discovery:Found 2 installed packages in /home/azraa/ros2_ws/install
[1.550s] DEBUG:colcon.colcon_installed_package_information.package_discovery:Found 256 installed packages in /opt/ros/foxy
[1.560s] Level 1:colcon.colcon_core.package_discovery:discover_packages(prefix_path) using defaults
[1.997s] Level 5:colcon.colcon_core.verb:set package 'my_py_pkg' build argument 'cmake_args' from command line to 'None'
[1.997s] Level 5:colcon.colcon_core.verb:set package 'my_py_pkg' build argument 'cmake_target' from command line to 'None'
[1.998s] Level 5:colcon.colcon_core.verb:set package 'my_py_pkg' build argument 'cmake_target_skip_unavailable' from command line to 'False'
[1.998s] Level 5:colcon.colcon_core.verb:set package 'my_py_pkg' build argument 'cmake_clean_cache' from command line to 'False'
[1.998s] Level 5:colcon.colcon_core.verb:set package 'my_py_pkg' build argument 'cmake_clean_first' from command line to 'False'
[1.998s] Level 5:colcon.colcon_core.verb:set package 'my_py_pkg' build argument 'cmake_force_configure' from command line to 'False'
[1.998s] Level 5:colcon.colcon_core.verb:set package 'my_py_pkg' build argument 'ament_cmake_args' from command line to 'None'
[1.998s] Level 5:colcon.colcon_core.verb:set package 'my_py_pkg' build argument 'catkin_cmake_args' from command line to 'None'
[1.998s] Level 5:colcon.colcon_core.verb:set package 'my_py_pkg' build argument 'catkin_skip_building_tests' from command line to 'False'
[1.998s] DEBUG:colcon.colcon_core.verb:Building package 'my_py_pkg' with the following arguments: {'ament_cmake_args': None, 'build_base': '/home/azraa/ros2_ws/build/my_py_pkg', 'catkin_cmake_args': None, 'catkin_skip_building_tests': False, 'cmake_args': None, 'cmake_clean_cache': False, 'cmake_clean_first': False, 'cmake_force_configure': False, 'cmake_target': None, 'cmake_target_skip_unavailable': False, 'install_base': '/home/azraa/ros2_ws/install/my_py_pkg', 'merge_install': False, 'path': '/home/azraa/ros2_ws/src/my_py_pkg', 'symlink_install': False, 'test_result_base': None}
[2.002s] INFO:colcon.colcon_core.executor:Executing jobs using 'parallel' executor
[2.028s] DEBUG:colcon.colcon_parallel_executor.executor.parallel:run_until_complete
[2.029s] INFO:colcon.colcon_ros.task.ament_python.build:Building ROS package in '/home/azraa/ros2_ws/src/my_py_pkg' with build type 'ament_python'
[2.029s] Level 1:colcon.colcon_core.shell:create_environment_hook('my_py_pkg', 'ament_prefix_path')
[2.067s] INFO:colcon.colcon_core.plugin_system:Skipping extension 'colcon_core.shell.bat': Not used on non-Windows systems
[2.068s] INFO:colcon.colcon_core.shell:Creating environment hook '/home/azraa/ros2_ws/install/my_py_pkg/share/my_py_pkg/hook/ament_prefix_path.ps1'
[2.075s] INFO:colcon.colcon_core.shell:Creating environment descriptor '/home/azraa/ros2_ws/install/my_py_pkg/share/my_py_pkg/hook/ament_prefix_path.dsv'
[2.081s] INFO:colcon.colcon_core.shell:Creating environment hook '/home/azraa/ros2_ws/install/my_py_pkg/share/my_py_pkg/hook/ament_prefix_path.sh'
[2.094s] INFO:colcon.colcon_core.shell:Skip shell extension 'powershell' for command environment: Not usable outside of PowerShell
[2.095s] DEBUG:colcon.colcon_core.shell:Skip shell extension 'dsv' for command environment
[2.678s] INFO:colcon.colcon_core.task.python.build:Building Python package in '/home/azraa/ros2_ws/src/my_py_pkg'
[2.688s] INFO:colcon.colcon_core.shell:Skip shell extension 'powershell' for command environment: Not usable outside of PowerShell
[2.688s] DEBUG:colcon.colcon_core.shell:Skip shell extension 'dsv' for command environment
[4.157s] DEBUG:colcon.colcon_core.event_handler.log_command:Invoking command in '/home/azraa/ros2_ws/build/my_py_pkg': PYTHONPATH=/home/azraa/ros2_ws/install/my_py_pkg/lib/python3.8/site-packages:${PYTHONPATH} /usr/bin/python3 setup.py develop --prefix /home/azraa/ros2_ws/install/my_py_pkg --uninstall --editable --build-directory /home/azraa/ros2_ws/build/my_py_pkg/build
[5.410s] DEBUG:colcon.colcon_core.event_handler.log_command:Invoked command in '/home/azraa/ros2_ws/build/my_py_pkg' returned '0': PYTHONPATH=/home/azraa/ros2_ws/install/my_py_pkg/lib/python3.8/site-packages:${PYTHONPATH} /usr/bin/python3 setup.py develop --prefix /home/azraa/ros2_ws/install/my_py_pkg --uninstall --editable --build-directory /home/azraa/ros2_ws/build/my_py_pkg/build
[5.416s] DEBUG:colcon.colcon_core.event_handler.log_command:Invoking command in '/home/azraa/ros2_ws/src/my_py_pkg': PYTHONPATH=/home/azraa/ros2_ws/install/my_py_pkg/lib/python3.8/site-packages:${PYTHONPATH} /usr/bin/python3 setup.py egg_info --egg-base ../../build/my_py_pkg build --build-base /home/azraa/ros2_ws/build/my_py_pkg/build install --prefix /home/azraa/ros2_ws/install/my_py_pkg --record /home/azraa/ros2_ws/build/my_py_pkg/install.log --single-version-externally-managed
[6.285s] DEBUG:colcon.colcon_core.event_handler.log_command:Invoked command in '/home/azraa/ros2_ws/src/my_py_pkg' returned '0': PYTHONPATH=/home/azraa/ros2_ws/install/my_py_pkg/lib/python3.8/site-packages:${PYTHONPATH} /usr/bin/python3 setup.py egg_info --egg-base ../../build/my_py_pkg build --build-base /home/azraa/ros2_ws/build/my_py_pkg/build install --prefix /home/azraa/ros2_ws/install/my_py_pkg --record /home/azraa/ros2_ws/build/my_py_pkg/install.log --single-version-externally-managed
[6.330s] Level 1:colcon.colcon_core.environment:checking '/home/azraa/ros2_ws/install/my_py_pkg' for CMake module files
[6.332s] Level 1:colcon.colcon_core.environment:checking '/home/azraa/ros2_ws/install/my_py_pkg' for CMake config files
[6.334s] Level 1:colcon.colcon_core.environment:checking '/home/azraa/ros2_ws/install/my_py_pkg/lib'
[6.334s] Level 1:colcon.colcon_core.environment:checking '/home/azraa/ros2_ws/install/my_py_pkg/bin'
[6.335s] Level 1:colcon.colcon_core.environment:checking '/home/azraa/ros2_ws/install/my_py_pkg/lib/pkgconfig/my_py_pkg.pc'
[6.336s] Level 1:colcon.colcon_core.environment:checking '/home/azraa/ros2_ws/install/my_py_pkg/lib/python3.8/site-packages'
[6.337s] Level 1:colcon.colcon_core.shell:create_environment_hook('my_py_pkg', 'pythonpath')
[6.344s] INFO:colcon.colcon_core.shell:Creating environment hook '/home/azraa/ros2_ws/install/my_py_pkg/share/my_py_pkg/hook/pythonpath.ps1'
[6.345s] INFO:colcon.colcon_core.shell:Creating environment descriptor '/home/azraa/ros2_ws/install/my_py_pkg/share/my_py_pkg/hook/pythonpath.dsv'
[6.346s] INFO:colcon.colcon_core.shell:Creating environment hook '/home/azraa/ros2_ws/install/my_py_pkg/share/my_py_pkg/hook/pythonpath.sh'
[6.349s] Level 1:colcon.colcon_core.environment:checking '/home/azraa/ros2_ws/install/my_py_pkg/bin'
[6.349s] Level 1:colcon.colcon_core.environment:create_environment_scripts_only(my_py_pkg)
[6.356s] INFO:colcon.colcon_core.shell:Creating package script '/home/azraa/ros2_ws/install/my_py_pkg/share/my_py_pkg/package.ps1'
[6.361s] INFO:colcon.colcon_core.shell:Creating package descriptor '/home/azraa/ros2_ws/install/my_py_pkg/share/my_py_pkg/package.dsv'
[6.365s] INFO:colcon.colcon_core.shell:Creating package script '/home/azraa/ros2_ws/install/my_py_pkg/share/my_py_pkg/package.sh'
[6.369s] INFO:colcon.colcon_core.shell:Creating package script '/home/azraa/ros2_ws/install/my_py_pkg/share/my_py_pkg/package.bash'
[6.374s] INFO:colcon.colcon_core.shell:Creating package script '/home/azraa/ros2_ws/install/my_py_pkg/share/my_py_pkg/package.zsh'
[6.377s] Level 1:colcon.colcon_core.environment:create_file_with_runtime_dependencies(/home/azraa/ros2_ws/install/my_py_pkg/share/colcon-core/packages/my_py_pkg)
[6.381s] DEBUG:colcon.colcon_parallel_executor.executor.parallel:closing loop
[6.381s] DEBUG:colcon.colcon_parallel_executor.executor.parallel:loop closed
[6.382s] DEBUG:colcon.colcon_parallel_executor.executor.parallel:run_until_complete finished with '0'
[6.382s] DEBUG:colcon.colcon_core.event_reactor:joining thread
[6.416s] INFO:colcon.colcon_core.plugin_system:Skipping extension 'colcon_notification.desktop_notification.terminal_notifier': Not used on non-Darwin systems
[6.417s] INFO:colcon.colcon_core.plugin_system:Skipping extension 'colcon_notification.desktop_notification.win32': Not used on non-Windows systems
[6.417s] INFO:colcon.colcon_notification.desktop_notification:Sending desktop notification using 'notify2'
[6.511s] DEBUG:colcon.colcon_core.event_reactor:joined thread
[6.516s] INFO:colcon.colcon_core.shell:Creating prefix script '/home/azraa/ros2_ws/install/local_setup.ps1'
[6.521s] INFO:colcon.colcon_core.shell:Creating prefix util module '/home/azraa/ros2_ws/install/_local_setup_util_ps1.py'
[6.529s] INFO:colcon.colcon_core.shell:Creating prefix chain script '/home/azraa/ros2_ws/install/setup.ps1'
[6.541s] INFO:colcon.colcon_core.shell:Creating prefix script '/home/azraa/ros2_ws/install/local_setup.sh'
[6.545s] INFO:colcon.colcon_core.shell:Creating prefix util module '/home/azraa/ros2_ws/install/_local_setup_util_sh.py'
[6.548s] INFO:colcon.colcon_core.shell:Creating prefix chain script '/home/azraa/ros2_ws/install/setup.sh'
[6.558s] INFO:colcon.colcon_core.shell:Creating prefix script '/home/azraa/ros2_ws/install/local_setup.bash'
[6.561s] INFO:colcon.colcon_core.shell:Creating prefix chain script '/home/azraa/ros2_ws/install/setup.bash'
[6.568s] INFO:colcon.colcon_core.shell:Creating prefix script '/home/azraa/ros2_ws/install/local_setup.zsh'
[6.573s] INFO:colcon.colcon_core.shell:Creating prefix chain script '/home/azraa/ros2_ws/install/setup.zsh'
