[0.021s] Invoking command in '/home/azraa/ros2_ws/build/my_robot_bringup': AMENT_PREFIX_PATH=/home/azraa/ros2_ws/install/my_py_pkg:/home/azraa/ros2_ws/install/my_robot_bringup:/home/azraa/ros2_ws/install/my_cpp_pkg:/home/azraa/ros2_ws/install/my_robot_interfaces:/opt/ros/foxy CMAKE_PREFIX_PATH=/home/azraa/ros2_ws/install/my_cpp_pkg:/home/azraa/ros2_ws/install/my_robot_interfaces:/home/azraa/ros2_ws/install/my_robot_bringup:/home/azraa/ros2_ws/install/my_py_pkg:/opt/ros/foxy PYTHONPATH=/home/azraa/ros2_ws/install/my_py_pkg/lib/python3.8/site-packages:/home/azraa/ros2_ws/install/my_robot_interfaces/lib/python3.8/site-packages:/home/azraa/ros2_ws/build/my_py_pkg:/opt/ros/foxy/lib/python3.8/site-packages /usr/bin/cmake /home/azraa/ros2_ws/src/my_robot_bringup -DCMAKE_INSTALL_PREFIX=/home/azraa/ros2_ws/install/my_robot_bringup
[0.041s] -- Found ament_cmake: 0.9.9 (/opt/ros/foxy/share/ament_cmake/cmake)
[0.074s] -- Using PYTHON_EXECUTABLE: /usr/bin/python3
[0.317s] -- Override CMake install command with custom implementation using symlinks instead of copying resources
[0.419s] -- Configuring done
[0.426s] -- Generating done
[0.427s] -- Build files have been written to: /home/azraa/ros2_ws/build/my_robot_bringup
[0.430s] Invoked command in '/home/azraa/ros2_ws/build/my_robot_bringup' returned '0': AMENT_PREFIX_PATH=/home/azraa/ros2_ws/install/my_py_pkg:/home/azraa/ros2_ws/install/my_robot_bringup:/home/azraa/ros2_ws/install/my_cpp_pkg:/home/azraa/ros2_ws/install/my_robot_interfaces:/opt/ros/foxy CMAKE_PREFIX_PATH=/home/azraa/ros2_ws/install/my_cpp_pkg:/home/azraa/ros2_ws/install/my_robot_interfaces:/home/azraa/ros2_ws/install/my_robot_bringup:/home/azraa/ros2_ws/install/my_py_pkg:/opt/ros/foxy PYTHONPATH=/home/azraa/ros2_ws/install/my_py_pkg/lib/python3.8/site-packages:/home/azraa/ros2_ws/install/my_robot_interfaces/lib/python3.8/site-packages:/home/azraa/ros2_ws/build/my_py_pkg:/opt/ros/foxy/lib/python3.8/site-packages /usr/bin/cmake /home/azraa/ros2_ws/src/my_robot_bringup -DCMAKE_INSTALL_PREFIX=/home/azraa/ros2_ws/install/my_robot_bringup
[0.433s] Invoking command in '/home/azraa/ros2_ws/build/my_robot_bringup': AMENT_PREFIX_PATH=/home/azraa/ros2_ws/install/my_py_pkg:/home/azraa/ros2_ws/install/my_robot_bringup:/home/azraa/ros2_ws/install/my_cpp_pkg:/home/azraa/ros2_ws/install/my_robot_interfaces:/opt/ros/foxy CMAKE_PREFIX_PATH=/home/azraa/ros2_ws/install/my_cpp_pkg:/home/azraa/ros2_ws/install/my_robot_interfaces:/home/azraa/ros2_ws/install/my_robot_bringup:/home/azraa/ros2_ws/install/my_py_pkg:/opt/ros/foxy PYTHONPATH=/home/azraa/ros2_ws/install/my_py_pkg/lib/python3.8/site-packages:/home/azraa/ros2_ws/install/my_robot_interfaces/lib/python3.8/site-packages:/home/azraa/ros2_ws/build/my_py_pkg:/opt/ros/foxy/lib/python3.8/site-packages /usr/bin/cmake --build /home/azraa/ros2_ws/build/my_robot_bringup -- -j4 -l4
[0.475s] Invoked command in '/home/azraa/ros2_ws/build/my_robot_bringup' returned '0': AMENT_PREFIX_PATH=/home/azraa/ros2_ws/install/my_py_pkg:/home/azraa/ros2_ws/install/my_robot_bringup:/home/azraa/ros2_ws/install/my_cpp_pkg:/home/azraa/ros2_ws/install/my_robot_interfaces:/opt/ros/foxy CMAKE_PREFIX_PATH=/home/azraa/ros2_ws/install/my_cpp_pkg:/home/azraa/ros2_ws/install/my_robot_interfaces:/home/azraa/ros2_ws/install/my_robot_bringup:/home/azraa/ros2_ws/install/my_py_pkg:/opt/ros/foxy PYTHONPATH=/home/azraa/ros2_ws/install/my_py_pkg/lib/python3.8/site-packages:/home/azraa/ros2_ws/install/my_robot_interfaces/lib/python3.8/site-packages:/home/azraa/ros2_ws/build/my_py_pkg:/opt/ros/foxy/lib/python3.8/site-packages /usr/bin/cmake --build /home/azraa/ros2_ws/build/my_robot_bringup -- -j4 -l4
[0.501s] Invoking command in '/home/azraa/ros2_ws/build/my_robot_bringup': AMENT_PREFIX_PATH=/home/azraa/ros2_ws/install/my_py_pkg:/home/azraa/ros2_ws/install/my_robot_bringup:/home/azraa/ros2_ws/install/my_cpp_pkg:/home/azraa/ros2_ws/install/my_robot_interfaces:/opt/ros/foxy CMAKE_PREFIX_PATH=/home/azraa/ros2_ws/install/my_cpp_pkg:/home/azraa/ros2_ws/install/my_robot_interfaces:/home/azraa/ros2_ws/install/my_robot_bringup:/home/azraa/ros2_ws/install/my_py_pkg:/opt/ros/foxy PYTHONPATH=/home/azraa/ros2_ws/install/my_py_pkg/lib/python3.8/site-packages:/home/azraa/ros2_ws/install/my_robot_interfaces/lib/python3.8/site-packages:/home/azraa/ros2_ws/build/my_py_pkg:/opt/ros/foxy/lib/python3.8/site-packages /usr/bin/cmake --install /home/azraa/ros2_ws/build/my_robot_bringup
[0.510s] -- Install configuration: ""
[0.510s] -- Execute custom install script
[0.511s] CMake Warning (dev) at ament_cmake_symlink_install/ament_cmake_symlink_install.cmake:62 (file):
[0.511s]   Policy CMP0009 is not set: FILE GLOB_RECURSE calls should not follow
[0.511s]   symlinks by default.  Run "cmake --help-policy CMP0009" for policy details.
[0.511s]   Use the cmake_policy command to set the policy and suppress this warning.
[0.511s] Call Stack (most recent call first):
[0.511s]   ament_cmake_symlink_install/ament_cmake_symlink_install.cmake:314 (ament_cmake_symlink_install_directory)
[0.512s]   cmake_install.cmake:41 (include)
[0.512s] This warning is for project developers.  Use -Wno-dev to suppress it.
[0.512s] 
[0.513s] -- Up-to-date symlink: /home/azraa/ros2_ws/install/my_robot_bringup/share/my_robot_bringup/launch/build/.built_by
[0.514s] -- Up-to-date symlink: /home/azraa/ros2_ws/install/my_robot_bringup/share/my_robot_bringup/launch/build/COLCON_IGNORE
[0.515s] -- Up-to-date symlink: /home/azraa/ros2_ws/install/my_robot_bringup/share/my_robot_bringup/launch/install/.colcon_install_layout
[0.516s] -- Up-to-date symlink: /home/azraa/ros2_ws/install/my_robot_bringup/share/my_robot_bringup/launch/install/COLCON_IGNORE
[0.517s] -- Up-to-date symlink: /home/azraa/ros2_ws/install/my_robot_bringup/share/my_robot_bringup/launch/install/_local_setup_util_ps1.py
[0.518s] -- Up-to-date symlink: /home/azraa/ros2_ws/install/my_robot_bringup/share/my_robot_bringup/launch/install/_local_setup_util_sh.py
[0.519s] -- Up-to-date symlink: /home/azraa/ros2_ws/install/my_robot_bringup/share/my_robot_bringup/launch/install/local_setup.bash
[0.519s] -- Up-to-date symlink: /home/azraa/ros2_ws/install/my_robot_bringup/share/my_robot_bringup/launch/install/local_setup.ps1
[0.520s] -- Up-to-date symlink: /home/azraa/ros2_ws/install/my_robot_bringup/share/my_robot_bringup/launch/install/local_setup.sh
[0.521s] -- Up-to-date symlink: /home/azraa/ros2_ws/install/my_robot_bringup/share/my_robot_bringup/launch/install/local_setup.zsh
[0.522s] -- Up-to-date symlink: /home/azraa/ros2_ws/install/my_robot_bringup/share/my_robot_bringup/launch/install/setup.bash
[0.522s] -- Up-to-date symlink: /home/azraa/ros2_ws/install/my_robot_bringup/share/my_robot_bringup/launch/install/setup.ps1
[0.523s] -- Up-to-date symlink: /home/azraa/ros2_ws/install/my_robot_bringup/share/my_robot_bringup/launch/install/setup.sh
[0.524s] -- Up-to-date symlink: /home/azraa/ros2_ws/install/my_robot_bringup/share/my_robot_bringup/launch/install/setup.zsh
[0.525s] -- Up-to-date symlink: /home/azraa/ros2_ws/install/my_robot_bringup/share/my_robot_bringup/launch/log/COLCON_IGNORE
[0.526s] -- Up-to-date symlink: /home/azraa/ros2_ws/install/my_robot_bringup/share/my_robot_bringup/launch/log/build_2022-07-08_10-54-06/events.log
[0.526s] -- Up-to-date symlink: /home/azraa/ros2_ws/install/my_robot_bringup/share/my_robot_bringup/launch/log/build_2022-07-08_10-54-06/logger_all.log
[0.527s] -- Up-to-date symlink: /home/azraa/ros2_ws/install/my_robot_bringup/share/my_robot_bringup/launch/log/latest/events.log
[0.527s] -- Up-to-date symlink: /home/azraa/ros2_ws/install/my_robot_bringup/share/my_robot_bringup/launch/log/latest/logger_all.log
[0.528s] -- Up-to-date symlink: /home/azraa/ros2_ws/install/my_robot_bringup/share/my_robot_bringup/launch/log/latest_build/events.log
[0.529s] -- Up-to-date symlink: /home/azraa/ros2_ws/install/my_robot_bringup/share/my_robot_bringup/launch/log/latest_build/logger_all.log
[0.529s] -- Up-to-date symlink: /home/azraa/ros2_ws/install/my_robot_bringup/share/my_robot_bringup/launch/number_app.launch.py
[0.529s] -- Up-to-date symlink: /home/azraa/ros2_ws/install/my_robot_bringup/share/my_robot_bringup/launch/robot_news_station.launch.py
[0.530s] -- Up-to-date symlink: /home/azraa/ros2_ws/install/my_robot_bringup/share/ament_index/resource_index/package_run_dependencies/my_robot_bringup
[0.530s] -- Up-to-date symlink: /home/azraa/ros2_ws/install/my_robot_bringup/share/ament_index/resource_index/parent_prefix_path/my_robot_bringup
[0.531s] -- Up-to-date symlink: /home/azraa/ros2_ws/install/my_robot_bringup/share/my_robot_bringup/environment/ament_prefix_path.sh
[0.531s] -- Up-to-date symlink: /home/azraa/ros2_ws/install/my_robot_bringup/share/my_robot_bringup/environment/ament_prefix_path.dsv
[0.532s] -- Up-to-date symlink: /home/azraa/ros2_ws/install/my_robot_bringup/share/my_robot_bringup/environment/path.sh
[0.532s] -- Up-to-date symlink: /home/azraa/ros2_ws/install/my_robot_bringup/share/my_robot_bringup/environment/path.dsv
[0.533s] -- Up-to-date symlink: /home/azraa/ros2_ws/install/my_robot_bringup/share/my_robot_bringup/local_setup.bash
[0.533s] -- Up-to-date symlink: /home/azraa/ros2_ws/install/my_robot_bringup/share/my_robot_bringup/local_setup.sh
[0.533s] -- Up-to-date symlink: /home/azraa/ros2_ws/install/my_robot_bringup/share/my_robot_bringup/local_setup.zsh
[0.534s] -- Up-to-date symlink: /home/azraa/ros2_ws/install/my_robot_bringup/share/my_robot_bringup/local_setup.dsv
[0.534s] -- Symlinking: /home/azraa/ros2_ws/install/my_robot_bringup/share/my_robot_bringup/package.dsv
[0.545s] -- Up-to-date symlink: /home/azraa/ros2_ws/install/my_robot_bringup/share/ament_index/resource_index/packages/my_robot_bringup
[0.547s] -- Up-to-date symlink: /home/azraa/ros2_ws/install/my_robot_bringup/share/my_robot_bringup/cmake/my_robot_bringupConfig.cmake
[0.547s] -- Up-to-date symlink: /home/azraa/ros2_ws/install/my_robot_bringup/share/my_robot_bringup/cmake/my_robot_bringupConfig-version.cmake
[0.547s] -- Up-to-date symlink: /home/azraa/ros2_ws/install/my_robot_bringup/share/my_robot_bringup/package.xml
[0.553s] Invoked command in '/home/azraa/ros2_ws/build/my_robot_bringup' returned '0': AMENT_PREFIX_PATH=/home/azraa/ros2_ws/install/my_py_pkg:/home/azraa/ros2_ws/install/my_robot_bringup:/home/azraa/ros2_ws/install/my_cpp_pkg:/home/azraa/ros2_ws/install/my_robot_interfaces:/opt/ros/foxy CMAKE_PREFIX_PATH=/home/azraa/ros2_ws/install/my_cpp_pkg:/home/azraa/ros2_ws/install/my_robot_interfaces:/home/azraa/ros2_ws/install/my_robot_bringup:/home/azraa/ros2_ws/install/my_py_pkg:/opt/ros/foxy PYTHONPATH=/home/azraa/ros2_ws/install/my_py_pkg/lib/python3.8/site-packages:/home/azraa/ros2_ws/install/my_robot_interfaces/lib/python3.8/site-packages:/home/azraa/ros2_ws/build/my_py_pkg:/opt/ros/foxy/lib/python3.8/site-packages /usr/bin/cmake --install /home/azraa/ros2_ws/build/my_robot_bringup
