[0.099s] Invoking command in '/home/azraa/ros2_ws/build/audio_common_msgs': CMAKE_PREFIX_PATH=${CMAKE_PREFIX_PATH}:/home/azraa/ros2_ws/install/m2s2_test_python:/opt/ros/foxy /usr/bin/cmake --build /home/azraa/ros2_ws/build/audio_common_msgs -- -j4 -l4
[1.025s] [  2%] Built target audio_common_msgs__cpp
[1.026s] [ 12%] Built target audio_common_msgs__rosidl_generator_c
[1.026s] [ 23%] Built target audio_common_msgs__rosidl_typesupport_introspection_cpp
[1.026s] [ 33%] Built target audio_common_msgs__rosidl_typesupport_introspection_c
[1.026s] [ 43%] Built target audio_common_msgs__rosidl_typesupport_c
[1.026s] [ 53%] Built target audio_common_msgs__rosidl_typesupport_fastrtps_cpp
[1.027s] [ 64%] Built target audio_common_msgs__rosidl_typesupport_cpp
[1.027s] [ 74%] Built target audio_common_msgs__rosidl_typesupport_fastrtps_c
[1.027s] [ 74%] Built target audio_common_msgs
[1.027s] [ 76%] Built target audio_common_msgs__py
[1.027s] [ 84%] Built target audio_common_msgs__python
[1.028s] [ 89%] Built target audio_common_msgs__rosidl_typesupport_introspection_c__pyext
[1.028s] [ 94%] Built target audio_common_msgs__rosidl_typesupport_c__pyext
[1.028s] [100%] Built target audio_common_msgs__rosidl_typesupport_fastrtps_c__pyext
[1.046s] Invoked command in '/home/azraa/ros2_ws/build/audio_common_msgs' returned '0': CMAKE_PREFIX_PATH=${CMAKE_PREFIX_PATH}:/home/azraa/ros2_ws/install/m2s2_test_python:/opt/ros/foxy /usr/bin/cmake --build /home/azraa/ros2_ws/build/audio_common_msgs -- -j4 -l4
[1.211s] Invoking command in '/home/azraa/ros2_ws/build/audio_common_msgs': CMAKE_PREFIX_PATH=${CMAKE_PREFIX_PATH}:/home/azraa/ros2_ws/install/m2s2_test_python:/opt/ros/foxy /usr/bin/cmake --install /home/azraa/ros2_ws/build/audio_common_msgs
[1.234s] -- Install configuration: ""
[1.235s] -- Up-to-date: /home/azraa/ros2_ws/install/audio_common_msgs/share/ament_index/resource_index/rosidl_interfaces/audio_common_msgs
[1.236s] -- Up-to-date: /home/azraa/ros2_ws/install/audio_common_msgs/include/audio_common_msgs
[1.236s] -- Up-to-date: /home/azraa/ros2_ws/install/audio_common_msgs/include/audio_common_msgs/msg
[1.237s] -- Up-to-date: /home/azraa/ros2_ws/install/audio_common_msgs/include/audio_common_msgs/msg/audio_data.h
[1.238s] -- Up-to-date: /home/azraa/ros2_ws/install/audio_common_msgs/include/audio_common_msgs/msg/detail
[1.238s] -- Up-to-date: /home/azraa/ros2_ws/install/audio_common_msgs/include/audio_common_msgs/msg/detail/audio_info__type_support.h
[1.238s] -- Up-to-date: /home/azraa/ros2_ws/install/audio_common_msgs/include/audio_common_msgs/msg/detail/audio_data__functions.h
[1.239s] -- Up-to-date: /home/azraa/ros2_ws/install/audio_common_msgs/include/audio_common_msgs/msg/detail/audio_info__struct.h
[1.241s] -- Up-to-date: /home/azraa/ros2_ws/install/audio_common_msgs/include/audio_common_msgs/msg/detail/audio_data__type_support.h
[1.241s] -- Up-to-date: /home/azraa/ros2_ws/install/audio_common_msgs/include/audio_common_msgs/msg/detail/audio_info__functions.c
[1.242s] -- Up-to-date: /home/azraa/ros2_ws/install/audio_common_msgs/include/audio_common_msgs/msg/detail/audio_info__functions.h
[1.242s] -- Up-to-date: /home/azraa/ros2_ws/install/audio_common_msgs/include/audio_common_msgs/msg/detail/audio_data__functions.c
[1.244s] -- Up-to-date: /home/azraa/ros2_ws/install/audio_common_msgs/include/audio_common_msgs/msg/detail/audio_data__struct.h
[1.245s] -- Up-to-date: /home/azraa/ros2_ws/install/audio_common_msgs/include/audio_common_msgs/msg/rosidl_generator_c__visibility_control.h
[1.246s] -- Up-to-date: /home/azraa/ros2_ws/install/audio_common_msgs/include/audio_common_msgs/msg/audio_info.h
[1.246s] -- Up-to-date: /home/azraa/ros2_ws/install/audio_common_msgs/share/audio_common_msgs/environment/library_path.sh
[1.246s] -- Up-to-date: /home/azraa/ros2_ws/install/audio_common_msgs/share/audio_common_msgs/environment/library_path.dsv
[1.247s] -- Up-to-date: /home/azraa/ros2_ws/install/audio_common_msgs/lib/libaudio_common_msgs__rosidl_generator_c.so
[1.247s] -- Up-to-date: /home/azraa/ros2_ws/install/audio_common_msgs/include/audio_common_msgs
[1.247s] -- Up-to-date: /home/azraa/ros2_ws/install/audio_common_msgs/include/audio_common_msgs/msg
[1.254s] -- Up-to-date: /home/azraa/ros2_ws/install/audio_common_msgs/include/audio_common_msgs/msg/rosidl_typesupport_fastrtps_c__visibility_control.h
[1.254s] -- Up-to-date: /home/azraa/ros2_ws/install/audio_common_msgs/include/audio_common_msgs/msg/detail
[1.254s] -- Up-to-date: /home/azraa/ros2_ws/install/audio_common_msgs/include/audio_common_msgs/msg/detail/audio_info__rosidl_typesupport_fastrtps_c.h
[1.254s] -- Up-to-date: /home/azraa/ros2_ws/install/audio_common_msgs/include/audio_common_msgs/msg/detail/audio_data__rosidl_typesupport_fastrtps_c.h
[1.254s] -- Up-to-date: /home/azraa/ros2_ws/install/audio_common_msgs/lib/libaudio_common_msgs__rosidl_typesupport_fastrtps_c.so
[1.254s] -- Up-to-date: /home/azraa/ros2_ws/install/audio_common_msgs/include/audio_common_msgs
[1.255s] -- Up-to-date: /home/azraa/ros2_ws/install/audio_common_msgs/include/audio_common_msgs/msg
[1.255s] -- Up-to-date: /home/azraa/ros2_ws/install/audio_common_msgs/include/audio_common_msgs/msg/detail
[1.255s] -- Up-to-date: /home/azraa/ros2_ws/install/audio_common_msgs/include/audio_common_msgs/msg/detail/audio_info__rosidl_typesupport_fastrtps_cpp.hpp
[1.255s] -- Up-to-date: /home/azraa/ros2_ws/install/audio_common_msgs/include/audio_common_msgs/msg/detail/audio_data__rosidl_typesupport_fastrtps_cpp.hpp
[1.255s] -- Up-to-date: /home/azraa/ros2_ws/install/audio_common_msgs/include/audio_common_msgs/msg/detail/dds_fastrtps
[1.255s] -- Up-to-date: /home/azraa/ros2_ws/install/audio_common_msgs/include/audio_common_msgs/msg/rosidl_typesupport_fastrtps_cpp__visibility_control.h
[1.255s] -- Up-to-date: /home/azraa/ros2_ws/install/audio_common_msgs/lib/libaudio_common_msgs__rosidl_typesupport_fastrtps_cpp.so
[1.256s] -- Up-to-date: /home/azraa/ros2_ws/install/audio_common_msgs/include/audio_common_msgs
[1.256s] -- Up-to-date: /home/azraa/ros2_ws/install/audio_common_msgs/include/audio_common_msgs/msg
[1.256s] -- Up-to-date: /home/azraa/ros2_ws/install/audio_common_msgs/include/audio_common_msgs/msg/detail
[1.256s] -- Up-to-date: /home/azraa/ros2_ws/install/audio_common_msgs/include/audio_common_msgs/msg/detail/audio_info__rosidl_typesupport_introspection_c.h
[1.256s] -- Up-to-date: /home/azraa/ros2_ws/install/audio_common_msgs/include/audio_common_msgs/msg/detail/audio_info__type_support.c
[1.256s] -- Up-to-date: /home/azraa/ros2_ws/install/audio_common_msgs/include/audio_common_msgs/msg/detail/audio_data__type_support.c
[1.256s] -- Up-to-date: /home/azraa/ros2_ws/install/audio_common_msgs/include/audio_common_msgs/msg/detail/audio_data__rosidl_typesupport_introspection_c.h
[1.257s] -- Up-to-date: /home/azraa/ros2_ws/install/audio_common_msgs/include/audio_common_msgs/msg/rosidl_typesupport_introspection_c__visibility_control.h
[1.257s] -- Up-to-date: /home/azraa/ros2_ws/install/audio_common_msgs/lib/libaudio_common_msgs__rosidl_typesupport_introspection_c.so
[1.257s] -- Up-to-date: /home/azraa/ros2_ws/install/audio_common_msgs/lib/libaudio_common_msgs__rosidl_typesupport_c.so
[1.258s] -- Up-to-date: /home/azraa/ros2_ws/install/audio_common_msgs/include/audio_common_msgs
[1.258s] -- Up-to-date: /home/azraa/ros2_ws/install/audio_common_msgs/include/audio_common_msgs/msg
[1.258s] -- Up-to-date: /home/azraa/ros2_ws/install/audio_common_msgs/include/audio_common_msgs/msg/detail
[1.258s] -- Up-to-date: /home/azraa/ros2_ws/install/audio_common_msgs/include/audio_common_msgs/msg/detail/audio_info__struct.hpp
[1.258s] -- Up-to-date: /home/azraa/ros2_ws/install/audio_common_msgs/include/audio_common_msgs/msg/detail/audio_data__struct.hpp
[1.258s] -- Up-to-date: /home/azraa/ros2_ws/install/audio_common_msgs/include/audio_common_msgs/msg/detail/audio_data__builder.hpp
[1.258s] -- Up-to-date: /home/azraa/ros2_ws/install/audio_common_msgs/include/audio_common_msgs/msg/detail/audio_info__builder.hpp
[1.258s] -- Up-to-date: /home/azraa/ros2_ws/install/audio_common_msgs/include/audio_common_msgs/msg/detail/audio_info__traits.hpp
[1.259s] -- Up-to-date: /home/azraa/ros2_ws/install/audio_common_msgs/include/audio_common_msgs/msg/detail/audio_data__traits.hpp
[1.259s] -- Up-to-date: /home/azraa/ros2_ws/install/audio_common_msgs/include/audio_common_msgs/msg/audio_data.hpp
[1.259s] -- Up-to-date: /home/azraa/ros2_ws/install/audio_common_msgs/include/audio_common_msgs/msg/audio_info.hpp
[1.259s] -- Up-to-date: /home/azraa/ros2_ws/install/audio_common_msgs/include/audio_common_msgs
[1.259s] -- Up-to-date: /home/azraa/ros2_ws/install/audio_common_msgs/include/audio_common_msgs/msg
[1.259s] -- Up-to-date: /home/azraa/ros2_ws/install/audio_common_msgs/include/audio_common_msgs/msg/detail
[1.259s] -- Up-to-date: /home/azraa/ros2_ws/install/audio_common_msgs/include/audio_common_msgs/msg/detail/audio_info__type_support.cpp
[1.260s] -- Up-to-date: /home/azraa/ros2_ws/install/audio_common_msgs/include/audio_common_msgs/msg/detail/audio_data__rosidl_typesupport_introspection_cpp.hpp
[1.260s] -- Up-to-date: /home/azraa/ros2_ws/install/audio_common_msgs/include/audio_common_msgs/msg/detail/audio_data__type_support.cpp
[1.260s] -- Up-to-date: /home/azraa/ros2_ws/install/audio_common_msgs/include/audio_common_msgs/msg/detail/audio_info__rosidl_typesupport_introspection_cpp.hpp
[1.260s] -- Up-to-date: /home/azraa/ros2_ws/install/audio_common_msgs/lib/libaudio_common_msgs__rosidl_typesupport_introspection_cpp.so
[1.260s] -- Up-to-date: /home/azraa/ros2_ws/install/audio_common_msgs/lib/libaudio_common_msgs__rosidl_typesupport_cpp.so
[1.260s] -- Up-to-date: /home/azraa/ros2_ws/install/audio_common_msgs/share/audio_common_msgs/environment/pythonpath.sh
[1.260s] -- Up-to-date: /home/azraa/ros2_ws/install/audio_common_msgs/share/audio_common_msgs/environment/pythonpath.dsv
[1.260s] -- Up-to-date: /home/azraa/ros2_ws/install/audio_common_msgs/lib/python3.8/site-packages/audio_common_msgs/__init__.py
[1.338s] -- Up-to-date: /home/azraa/ros2_ws/install/audio_common_msgs/lib/python3.8/site-packages/audio_common_msgs/msg
[1.338s] -- Up-to-date: /home/azraa/ros2_ws/install/audio_common_msgs/lib/python3.8/site-packages/audio_common_msgs/msg/_audio_info_s.c
[1.338s] -- Up-to-date: /home/azraa/ros2_ws/install/audio_common_msgs/lib/python3.8/site-packages/audio_common_msgs/msg/_audio_info.py
[1.339s] -- Up-to-date: /home/azraa/ros2_ws/install/audio_common_msgs/lib/python3.8/site-packages/audio_common_msgs/msg/_audio_data.py
[1.339s] -- Up-to-date: /home/azraa/ros2_ws/install/audio_common_msgs/lib/python3.8/site-packages/audio_common_msgs/msg/__init__.py
[1.339s] -- Up-to-date: /home/azraa/ros2_ws/install/audio_common_msgs/lib/python3.8/site-packages/audio_common_msgs/msg/_audio_data_s.c
[1.339s] -- Up-to-date: /home/azraa/ros2_ws/install/audio_common_msgs/lib/python3.8/site-packages/audio_common_msgs/audio_common_msgs_s__rosidl_typesupport_fastrtps_c.cpython-38-x86_64-linux-gnu.so
[1.340s] -- Up-to-date: /home/azraa/ros2_ws/install/audio_common_msgs/lib/python3.8/site-packages/audio_common_msgs/audio_common_msgs_s__rosidl_typesupport_introspection_c.cpython-38-x86_64-linux-gnu.so
[1.340s] -- Up-to-date: /home/azraa/ros2_ws/install/audio_common_msgs/lib/python3.8/site-packages/audio_common_msgs/audio_common_msgs_s__rosidl_typesupport_c.cpython-38-x86_64-linux-gnu.so
[1.341s] -- Up-to-date: /home/azraa/ros2_ws/install/audio_common_msgs/lib/libaudio_common_msgs__python.so
[1.341s] -- Up-to-date: /home/azraa/ros2_ws/install/audio_common_msgs/share/audio_common_msgs/msg/AudioData.idl
[1.342s] -- Up-to-date: /home/azraa/ros2_ws/install/audio_common_msgs/share/audio_common_msgs/msg/AudioInfo.idl
[1.342s] -- Up-to-date: /home/azraa/ros2_ws/install/audio_common_msgs/share/audio_common_msgs/msg/AudioData.msg
[1.342s] -- Up-to-date: /home/azraa/ros2_ws/install/audio_common_msgs/share/audio_common_msgs/msg/AudioInfo.msg
[1.343s] -- Up-to-date: /home/azraa/ros2_ws/install/audio_common_msgs/share/ament_index/resource_index/package_run_dependencies/audio_common_msgs
[1.343s] -- Up-to-date: /home/azraa/ros2_ws/install/audio_common_msgs/share/ament_index/resource_index/parent_prefix_path/audio_common_msgs
[1.343s] -- Up-to-date: /home/azraa/ros2_ws/install/audio_common_msgs/share/audio_common_msgs/environment/ament_prefix_path.sh
[1.343s] -- Up-to-date: /home/azraa/ros2_ws/install/audio_common_msgs/share/audio_common_msgs/environment/ament_prefix_path.dsv
[1.344s] -- Up-to-date: /home/azraa/ros2_ws/install/audio_common_msgs/share/audio_common_msgs/environment/path.sh
[1.344s] -- Up-to-date: /home/azraa/ros2_ws/install/audio_common_msgs/share/audio_common_msgs/environment/path.dsv
[1.344s] -- Up-to-date: /home/azraa/ros2_ws/install/audio_common_msgs/share/audio_common_msgs/local_setup.bash
[1.344s] -- Up-to-date: /home/azraa/ros2_ws/install/audio_common_msgs/share/audio_common_msgs/local_setup.sh
[1.345s] -- Up-to-date: /home/azraa/ros2_ws/install/audio_common_msgs/share/audio_common_msgs/local_setup.zsh
[1.345s] -- Up-to-date: /home/azraa/ros2_ws/install/audio_common_msgs/share/audio_common_msgs/local_setup.dsv
[1.345s] -- Installing: /home/azraa/ros2_ws/install/audio_common_msgs/share/audio_common_msgs/package.dsv
[1.346s] -- Up-to-date: /home/azraa/ros2_ws/install/audio_common_msgs/share/ament_index/resource_index/packages/audio_common_msgs
[1.346s] -- Up-to-date: /home/azraa/ros2_ws/install/audio_common_msgs/share/audio_common_msgs/cmake/audio_common_msgs__rosidl_generator_cExport.cmake
[1.346s] -- Up-to-date: /home/azraa/ros2_ws/install/audio_common_msgs/share/audio_common_msgs/cmake/audio_common_msgs__rosidl_generator_cExport-noconfig.cmake
[1.346s] -- Up-to-date: /home/azraa/ros2_ws/install/audio_common_msgs/share/audio_common_msgs/cmake/audio_common_msgs__rosidl_typesupport_introspection_cExport.cmake
[1.346s] -- Up-to-date: /home/azraa/ros2_ws/install/audio_common_msgs/share/audio_common_msgs/cmake/audio_common_msgs__rosidl_typesupport_introspection_cExport-noconfig.cmake
[1.347s] -- Up-to-date: /home/azraa/ros2_ws/install/audio_common_msgs/share/audio_common_msgs/cmake/audio_common_msgs__rosidl_typesupport_cExport.cmake
[1.347s] -- Up-to-date: /home/azraa/ros2_ws/install/audio_common_msgs/share/audio_common_msgs/cmake/audio_common_msgs__rosidl_typesupport_cExport-noconfig.cmake
[1.347s] -- Up-to-date: /home/azraa/ros2_ws/install/audio_common_msgs/share/audio_common_msgs/cmake/audio_common_msgs__rosidl_generator_cppExport.cmake
[1.347s] -- Up-to-date: /home/azraa/ros2_ws/install/audio_common_msgs/share/audio_common_msgs/cmake/audio_common_msgs__rosidl_typesupport_introspection_cppExport.cmake
[1.347s] -- Up-to-date: /home/azraa/ros2_ws/install/audio_common_msgs/share/audio_common_msgs/cmake/audio_common_msgs__rosidl_typesupport_introspection_cppExport-noconfig.cmake
[1.347s] -- Up-to-date: /home/azraa/ros2_ws/install/audio_common_msgs/share/audio_common_msgs/cmake/audio_common_msgs__rosidl_typesupport_cppExport.cmake
[1.347s] -- Up-to-date: /home/azraa/ros2_ws/install/audio_common_msgs/share/audio_common_msgs/cmake/audio_common_msgs__rosidl_typesupport_cppExport-noconfig.cmake
[1.347s] -- Up-to-date: /home/azraa/ros2_ws/install/audio_common_msgs/share/audio_common_msgs/cmake/rosidl_cmake-extras.cmake
[1.348s] -- Up-to-date: /home/azraa/ros2_ws/install/audio_common_msgs/share/audio_common_msgs/cmake/ament_cmake_export_dependencies-extras.cmake
[1.348s] -- Up-to-date: /home/azraa/ros2_ws/install/audio_common_msgs/share/audio_common_msgs/cmake/ament_cmake_export_libraries-extras.cmake
[1.348s] -- Up-to-date: /home/azraa/ros2_ws/install/audio_common_msgs/share/audio_common_msgs/cmake/ament_cmake_export_targets-extras.cmake
[1.349s] -- Up-to-date: /home/azraa/ros2_ws/install/audio_common_msgs/share/audio_common_msgs/cmake/ament_cmake_export_include_directories-extras.cmake
[1.349s] -- Up-to-date: /home/azraa/ros2_ws/install/audio_common_msgs/share/audio_common_msgs/cmake/rosidl_cmake_export_typesupport_libraries-extras.cmake
[1.350s] -- Up-to-date: /home/azraa/ros2_ws/install/audio_common_msgs/share/audio_common_msgs/cmake/rosidl_cmake_export_typesupport_targets-extras.cmake
[1.350s] -- Up-to-date: /home/azraa/ros2_ws/install/audio_common_msgs/share/audio_common_msgs/cmake/audio_common_msgsConfig.cmake
[1.350s] -- Up-to-date: /home/azraa/ros2_ws/install/audio_common_msgs/share/audio_common_msgs/cmake/audio_common_msgsConfig-version.cmake
[1.354s] -- Up-to-date: /home/azraa/ros2_ws/install/audio_common_msgs/share/audio_common_msgs/package.xml
[1.355s] Invoked command in '/home/azraa/ros2_ws/build/audio_common_msgs' returned '0': CMAKE_PREFIX_PATH=${CMAKE_PREFIX_PATH}:/home/azraa/ros2_ws/install/m2s2_test_python:/opt/ros/foxy /usr/bin/cmake --install /home/azraa/ros2_ws/build/audio_common_msgs
