[0.074s] Invoking command in '/home/azraa/ros2_ws/build/audio_common_msgs': CMAKE_PREFIX_PATH=${CMAKE_PREFIX_PATH}:/opt/ros/foxy /usr/bin/cmake --build /home/azraa/ros2_ws/build/audio_common_msgs -- -j4 -l4
[0.202s] -- Found ament_cmake: 0.9.9 (/opt/ros/foxy/share/ament_cmake/cmake)
[0.310s] -- Found PythonInterp: /usr/bin/python3 (found suitable version "3.8.10", minimum required is "3") 
[0.310s] -- Using PYTHON_EXECUTABLE: /usr/bin/python3
[0.734s] -- Found rosidl_default_generators: 1.0.1 (/opt/ros/foxy/share/rosidl_default_generators/cmake)
[0.746s] -- Using all available rosidl_typesupport_c: rosidl_typesupport_fastrtps_c;rosidl_typesupport_introspection_c
[0.758s] -- Found rosidl_adapter: 1.2.1 (/opt/ros/foxy/share/rosidl_adapter/cmake)
[1.127s] -- Using all available rosidl_typesupport_cpp: rosidl_typesupport_fastrtps_cpp;rosidl_typesupport_introspection_cpp
[1.186s] -- Found std_msgs: 2.0.5 (/opt/ros/foxy/share/std_msgs/cmake)
[1.314s] -- Found PythonInterp: /usr/bin/python3 (found version "3.8.10") 
[1.684s] -- Found ament_cmake_ros: 0.9.2 (/opt/ros/foxy/share/ament_cmake_ros/cmake)
[2.112s] -- Using all available rosidl_typesupport_c: rosidl_typesupport_fastrtps_c;rosidl_typesupport_introspection_c
[2.280s] -- Using all available rosidl_typesupport_cpp: rosidl_typesupport_fastrtps_cpp;rosidl_typesupport_introspection_cpp
[2.330s] -- Found PythonInterp: /usr/bin/python3 (found suitable version "3.8.10", minimum required is "3.5") 
[2.332s] -- Found python_cmake_module: 0.8.1 (/opt/ros/foxy/share/python_cmake_module/cmake)
[2.380s] -- Using PYTHON_EXECUTABLE: /usr/bin/python3
[2.380s] -- Using PYTHON_INCLUDE_DIRS: /usr/include/python3.8
[2.380s] -- Using PYTHON_LIBRARIES: /usr/lib/x86_64-linux-gnu/libpython3.8.so
[2.494s] -- Configuring done
[2.646s] -- Generating done
[2.654s] -- Build files have been written to: /home/azraa/ros2_ws/build/audio_common_msgs
[2.691s] [  2%] [34m[1mGenerating C code for ROS interfaces[0m
[2.707s] [  5%] [34m[1mGenerating C++ code for ROS interfaces[0m
[3.550s] [35m[1mScanning dependencies of target audio_common_msgs__rosidl_generator_c[0m
[3.561s] [  5%] Built target audio_common_msgs__cpp
[3.567s] [  7%] [32mBuilding C object CMakeFiles/audio_common_msgs__rosidl_generator_c.dir/rosidl_generator_c/audio_common_msgs/msg/detail/audio_info__functions.c.o[0m
[3.568s] [ 10%] [32mBuilding C object CMakeFiles/audio_common_msgs__rosidl_generator_c.dir/rosidl_generator_c/audio_common_msgs/msg/detail/audio_data__functions.c.o[0m
[3.575s] [ 12%] [34m[1mGenerating C++ introspection for ROS interfaces[0m
[3.575s] [ 15%] [34m[1mGenerating C++ type support for eProsima Fast-RTPS[0m
[3.679s] [ 17%] [32m[1mLinking C shared library libaudio_common_msgs__rosidl_generator_c.so[0m
[3.682s] [ 20%] [34m[1mGenerating C++ type support dispatch for ROS interfaces[0m
[3.775s] [ 20%] Built target audio_common_msgs__rosidl_generator_c
[3.798s] [ 23%] [34m[1mGenerating C type support dispatch for ROS interfaces[0m
[4.433s] [35m[1mScanning dependencies of target audio_common_msgs__rosidl_typesupport_introspection_cpp[0m
[4.454s] [ 25%] [32mBuilding CXX object CMakeFiles/audio_common_msgs__rosidl_typesupport_introspection_cpp.dir/rosidl_typesupport_introspection_cpp/audio_common_msgs/msg/detail/audio_data__type_support.cpp.o[0m
[4.482s] [35m[1mScanning dependencies of target audio_common_msgs__rosidl_typesupport_cpp[0m
[4.493s] [35m[1mScanning dependencies of target audio_common_msgs__rosidl_typesupport_fastrtps_cpp[0m
[4.507s] [ 28%] [32mBuilding CXX object CMakeFiles/audio_common_msgs__rosidl_typesupport_cpp.dir/rosidl_typesupport_cpp/audio_common_msgs/msg/audio_data__type_support.cpp.o[0m
[4.514s] [ 30%] [32mBuilding CXX object CMakeFiles/audio_common_msgs__rosidl_typesupport_fastrtps_cpp.dir/rosidl_typesupport_fastrtps_cpp/audio_common_msgs/msg/detail/dds_fastrtps/audio_data__type_support.cpp.o[0m
[4.583s] [35m[1mScanning dependencies of target audio_common_msgs__rosidl_typesupport_c[0m
[4.602s] [ 33%] [32mBuilding CXX object CMakeFiles/audio_common_msgs__rosidl_typesupport_c.dir/rosidl_typesupport_c/audio_common_msgs/msg/audio_data__type_support.cpp.o[0m
[4.706s] [ 35%] [32mBuilding CXX object CMakeFiles/audio_common_msgs__rosidl_typesupport_c.dir/rosidl_typesupport_c/audio_common_msgs/msg/audio_info__type_support.cpp.o[0m
[4.776s] [ 38%] [32m[1mLinking CXX shared library libaudio_common_msgs__rosidl_typesupport_c.so[0m
[4.883s] [ 38%] Built target audio_common_msgs__rosidl_typesupport_c
[4.905s] [ 41%] [32mBuilding CXX object CMakeFiles/audio_common_msgs__rosidl_typesupport_fastrtps_cpp.dir/rosidl_typesupport_fastrtps_cpp/audio_common_msgs/msg/detail/dds_fastrtps/audio_info__type_support.cpp.o[0m
[5.033s] [ 43%] [32mBuilding CXX object CMakeFiles/audio_common_msgs__rosidl_typesupport_cpp.dir/rosidl_typesupport_cpp/audio_common_msgs/msg/audio_info__type_support.cpp.o[0m
[5.082s] [ 46%] [32mBuilding CXX object CMakeFiles/audio_common_msgs__rosidl_typesupport_introspection_cpp.dir/rosidl_typesupport_introspection_cpp/audio_common_msgs/msg/detail/audio_info__type_support.cpp.o[0m
[5.373s] [ 48%] [34m[1mGenerating C introspection for ROS interfaces[0m
[5.622s] [ 51%] [32m[1mLinking CXX shared library libaudio_common_msgs__rosidl_typesupport_cpp.so[0m
[5.676s] [ 53%] [32m[1mLinking CXX shared library libaudio_common_msgs__rosidl_typesupport_introspection_cpp.so[0m
[5.711s] [ 53%] Built target audio_common_msgs__rosidl_typesupport_cpp
[5.792s] [ 56%] [32m[1mLinking CXX shared library libaudio_common_msgs__rosidl_typesupport_fastrtps_cpp.so[0m
[5.837s] [ 56%] Built target audio_common_msgs__rosidl_typesupport_introspection_cpp
[5.976s] [ 56%] Built target audio_common_msgs__rosidl_typesupport_fastrtps_cpp
[5.996s] [ 58%] [34m[1mGenerating C type support for eProsima Fast-RTPS[0m
[6.344s] [35m[1mScanning dependencies of target audio_common_msgs__rosidl_typesupport_introspection_c[0m
[6.368s] [ 61%] [32mBuilding C object CMakeFiles/audio_common_msgs__rosidl_typesupport_introspection_c.dir/rosidl_typesupport_introspection_c/audio_common_msgs/msg/detail/audio_data__type_support.c.o[0m
[6.371s] [ 64%] [32mBuilding C object CMakeFiles/audio_common_msgs__rosidl_typesupport_introspection_c.dir/rosidl_typesupport_introspection_c/audio_common_msgs/msg/detail/audio_info__type_support.c.o[0m
[6.434s] [ 66%] [32m[1mLinking C shared library libaudio_common_msgs__rosidl_typesupport_introspection_c.so[0m
[6.492s] [ 66%] Built target audio_common_msgs__rosidl_typesupport_introspection_c
[6.827s] [35m[1mScanning dependencies of target audio_common_msgs__rosidl_typesupport_fastrtps_c[0m
[6.848s] [ 69%] [32mBuilding CXX object CMakeFiles/audio_common_msgs__rosidl_typesupport_fastrtps_c.dir/rosidl_typesupport_fastrtps_c/audio_common_msgs/msg/detail/audio_info__type_support_c.cpp.o[0m
[6.848s] [ 71%] [32mBuilding CXX object CMakeFiles/audio_common_msgs__rosidl_typesupport_fastrtps_c.dir/rosidl_typesupport_fastrtps_c/audio_common_msgs/msg/detail/audio_data__type_support_c.cpp.o[0m
[7.445s] [ 74%] [32m[1mLinking CXX shared library libaudio_common_msgs__rosidl_typesupport_fastrtps_c.so[0m
[7.587s] [ 74%] Built target audio_common_msgs__rosidl_typesupport_fastrtps_c
[7.619s] [ 74%] Built target audio_common_msgs
[7.653s] [ 76%] [34m[1mGenerating Python code for ROS interfaces[0m
[9.329s] [ 76%] Built target audio_common_msgs__py
[9.351s] [35m[1mScanning dependencies of target audio_common_msgs__python[0m
[9.388s] [ 79%] [32mBuilding C object CMakeFiles/audio_common_msgs__python.dir/rosidl_generator_py/audio_common_msgs/msg/_audio_data_s.c.o[0m
[9.392s] [ 82%] [32mBuilding C object CMakeFiles/audio_common_msgs__python.dir/rosidl_generator_py/audio_common_msgs/msg/_audio_info_s.c.o[0m
[9.648s] [ 84%] [32m[1mLinking C shared library rosidl_generator_py/audio_common_msgs/libaudio_common_msgs__python.so[0m
[9.748s] [ 84%] Built target audio_common_msgs__python
[9.771s] [35m[1mScanning dependencies of target audio_common_msgs__rosidl_typesupport_c__pyext[0m
[9.772s] [35m[1mScanning dependencies of target audio_common_msgs__rosidl_typesupport_introspection_c__pyext[0m
[9.772s] [35m[1mScanning dependencies of target audio_common_msgs__rosidl_typesupport_fastrtps_c__pyext[0m
[9.810s] [ 87%] [32mBuilding C object CMakeFiles/audio_common_msgs__rosidl_typesupport_introspection_c__pyext.dir/rosidl_generator_py/audio_common_msgs/_audio_common_msgs_s.ep.rosidl_typesupport_introspection_c.c.o[0m
[9.824s] [ 92%] [32mBuilding C object CMakeFiles/audio_common_msgs__rosidl_typesupport_fastrtps_c__pyext.dir/rosidl_generator_py/audio_common_msgs/_audio_common_msgs_s.ep.rosidl_typesupport_fastrtps_c.c.o[0m
[9.824s] [ 92%] [32mBuilding C object CMakeFiles/audio_common_msgs__rosidl_typesupport_c__pyext.dir/rosidl_generator_py/audio_common_msgs/_audio_common_msgs_s.ep.rosidl_typesupport_c.c.o[0m
[10.062s] [ 94%] [32m[1mLinking C shared library rosidl_generator_py/audio_common_msgs/audio_common_msgs_s__rosidl_typesupport_c.cpython-38-x86_64-linux-gnu.so[0m
[10.070s] [ 97%] [32m[1mLinking C shared library rosidl_generator_py/audio_common_msgs/audio_common_msgs_s__rosidl_typesupport_introspection_c.cpython-38-x86_64-linux-gnu.so[0m
[10.112s] [100%] [32m[1mLinking CXX shared library rosidl_generator_py/audio_common_msgs/audio_common_msgs_s__rosidl_typesupport_fastrtps_c.cpython-38-x86_64-linux-gnu.so[0m
[10.155s] [100%] Built target audio_common_msgs__rosidl_typesupport_c__pyext
[10.162s] [100%] Built target audio_common_msgs__rosidl_typesupport_introspection_c__pyext
[10.266s] [100%] Built target audio_common_msgs__rosidl_typesupport_fastrtps_c__pyext
[10.287s] Invoked command in '/home/azraa/ros2_ws/build/audio_common_msgs' returned '0': CMAKE_PREFIX_PATH=${CMAKE_PREFIX_PATH}:/opt/ros/foxy /usr/bin/cmake --build /home/azraa/ros2_ws/build/audio_common_msgs -- -j4 -l4
[10.433s] Invoking command in '/home/azraa/ros2_ws/build/audio_common_msgs': CMAKE_PREFIX_PATH=${CMAKE_PREFIX_PATH}:/opt/ros/foxy /usr/bin/cmake --install /home/azraa/ros2_ws/build/audio_common_msgs
[10.449s] -- Install configuration: ""
[10.450s] -- Up-to-date: /home/azraa/ros2_ws/install/audio_common_msgs/share/ament_index/resource_index/rosidl_interfaces/audio_common_msgs
[10.450s] -- Up-to-date: /home/azraa/ros2_ws/install/audio_common_msgs/include/audio_common_msgs
[10.450s] -- Up-to-date: /home/azraa/ros2_ws/install/audio_common_msgs/include/audio_common_msgs/msg
[10.451s] -- Installing: /home/azraa/ros2_ws/install/audio_common_msgs/include/audio_common_msgs/msg/audio_data.h
[10.451s] -- Up-to-date: /home/azraa/ros2_ws/install/audio_common_msgs/include/audio_common_msgs/msg/detail
[10.451s] -- Installing: /home/azraa/ros2_ws/install/audio_common_msgs/include/audio_common_msgs/msg/detail/audio_info__type_support.h
[10.452s] -- Installing: /home/azraa/ros2_ws/install/audio_common_msgs/include/audio_common_msgs/msg/detail/audio_data__functions.h
[10.452s] -- Installing: /home/azraa/ros2_ws/install/audio_common_msgs/include/audio_common_msgs/msg/detail/audio_info__struct.h
[10.452s] -- Installing: /home/azraa/ros2_ws/install/audio_common_msgs/include/audio_common_msgs/msg/detail/audio_data__type_support.h
[10.452s] -- Installing: /home/azraa/ros2_ws/install/audio_common_msgs/include/audio_common_msgs/msg/detail/audio_info__functions.c
[10.452s] -- Installing: /home/azraa/ros2_ws/install/audio_common_msgs/include/audio_common_msgs/msg/detail/audio_info__functions.h
[10.452s] -- Installing: /home/azraa/ros2_ws/install/audio_common_msgs/include/audio_common_msgs/msg/detail/audio_data__functions.c
[10.453s] -- Installing: /home/azraa/ros2_ws/install/audio_common_msgs/include/audio_common_msgs/msg/detail/audio_data__struct.h
[10.453s] -- Up-to-date: /home/azraa/ros2_ws/install/audio_common_msgs/include/audio_common_msgs/msg/rosidl_generator_c__visibility_control.h
[10.453s] -- Installing: /home/azraa/ros2_ws/install/audio_common_msgs/include/audio_common_msgs/msg/audio_info.h
[10.453s] -- Up-to-date: /home/azraa/ros2_ws/install/audio_common_msgs/share/audio_common_msgs/environment/library_path.sh
[10.453s] -- Installing: /home/azraa/ros2_ws/install/audio_common_msgs/share/audio_common_msgs/environment/library_path.dsv
[10.455s] -- Installing: /home/azraa/ros2_ws/install/audio_common_msgs/lib/libaudio_common_msgs__rosidl_generator_c.so
[10.455s] -- Set runtime path of "/home/azraa/ros2_ws/install/audio_common_msgs/lib/libaudio_common_msgs__rosidl_generator_c.so" to ""
[10.455s] -- Up-to-date: /home/azraa/ros2_ws/install/audio_common_msgs/include/audio_common_msgs
[10.455s] -- Up-to-date: /home/azraa/ros2_ws/install/audio_common_msgs/include/audio_common_msgs/msg
[10.455s] -- Up-to-date: /home/azraa/ros2_ws/install/audio_common_msgs/include/audio_common_msgs/msg/rosidl_typesupport_fastrtps_c__visibility_control.h
[10.455s] -- Up-to-date: /home/azraa/ros2_ws/install/audio_common_msgs/include/audio_common_msgs/msg/detail
[10.456s] -- Installing: /home/azraa/ros2_ws/install/audio_common_msgs/include/audio_common_msgs/msg/detail/audio_info__rosidl_typesupport_fastrtps_c.h
[10.456s] -- Installing: /home/azraa/ros2_ws/install/audio_common_msgs/include/audio_common_msgs/msg/detail/audio_data__rosidl_typesupport_fastrtps_c.h
[10.457s] -- Installing: /home/azraa/ros2_ws/install/audio_common_msgs/lib/libaudio_common_msgs__rosidl_typesupport_fastrtps_c.so
[10.458s] -- Set runtime path of "/home/azraa/ros2_ws/install/audio_common_msgs/lib/libaudio_common_msgs__rosidl_typesupport_fastrtps_c.so" to ""
[10.458s] -- Up-to-date: /home/azraa/ros2_ws/install/audio_common_msgs/include/audio_common_msgs
[10.458s] -- Up-to-date: /home/azraa/ros2_ws/install/audio_common_msgs/include/audio_common_msgs/msg
[10.458s] -- Up-to-date: /home/azraa/ros2_ws/install/audio_common_msgs/include/audio_common_msgs/msg/detail
[10.458s] -- Installing: /home/azraa/ros2_ws/install/audio_common_msgs/include/audio_common_msgs/msg/detail/audio_info__rosidl_typesupport_fastrtps_cpp.hpp
[10.458s] -- Installing: /home/azraa/ros2_ws/install/audio_common_msgs/include/audio_common_msgs/msg/detail/audio_data__rosidl_typesupport_fastrtps_cpp.hpp
[10.459s] -- Up-to-date: /home/azraa/ros2_ws/install/audio_common_msgs/include/audio_common_msgs/msg/detail/dds_fastrtps
[10.459s] -- Up-to-date: /home/azraa/ros2_ws/install/audio_common_msgs/include/audio_common_msgs/msg/rosidl_typesupport_fastrtps_cpp__visibility_control.h
[10.460s] -- Installing: /home/azraa/ros2_ws/install/audio_common_msgs/lib/libaudio_common_msgs__rosidl_typesupport_fastrtps_cpp.so
[10.461s] -- Set runtime path of "/home/azraa/ros2_ws/install/audio_common_msgs/lib/libaudio_common_msgs__rosidl_typesupport_fastrtps_cpp.so" to ""
[10.461s] -- Up-to-date: /home/azraa/ros2_ws/install/audio_common_msgs/include/audio_common_msgs
[10.461s] -- Up-to-date: /home/azraa/ros2_ws/install/audio_common_msgs/include/audio_common_msgs/msg
[10.461s] -- Up-to-date: /home/azraa/ros2_ws/install/audio_common_msgs/include/audio_common_msgs/msg/detail
[10.461s] -- Installing: /home/azraa/ros2_ws/install/audio_common_msgs/include/audio_common_msgs/msg/detail/audio_info__rosidl_typesupport_introspection_c.h
[10.462s] -- Installing: /home/azraa/ros2_ws/install/audio_common_msgs/include/audio_common_msgs/msg/detail/audio_info__type_support.c
[10.462s] -- Installing: /home/azraa/ros2_ws/install/audio_common_msgs/include/audio_common_msgs/msg/detail/audio_data__type_support.c
[10.462s] -- Installing: /home/azraa/ros2_ws/install/audio_common_msgs/include/audio_common_msgs/msg/detail/audio_data__rosidl_typesupport_introspection_c.h
[10.462s] -- Up-to-date: /home/azraa/ros2_ws/install/audio_common_msgs/include/audio_common_msgs/msg/rosidl_typesupport_introspection_c__visibility_control.h
[10.463s] -- Installing: /home/azraa/ros2_ws/install/audio_common_msgs/lib/libaudio_common_msgs__rosidl_typesupport_introspection_c.so
[10.464s] -- Set runtime path of "/home/azraa/ros2_ws/install/audio_common_msgs/lib/libaudio_common_msgs__rosidl_typesupport_introspection_c.so" to ""
[10.465s] -- Installing: /home/azraa/ros2_ws/install/audio_common_msgs/lib/libaudio_common_msgs__rosidl_typesupport_c.so
[10.465s] -- Set runtime path of "/home/azraa/ros2_ws/install/audio_common_msgs/lib/libaudio_common_msgs__rosidl_typesupport_c.so" to ""
[10.466s] -- Up-to-date: /home/azraa/ros2_ws/install/audio_common_msgs/include/audio_common_msgs
[10.466s] -- Up-to-date: /home/azraa/ros2_ws/install/audio_common_msgs/include/audio_common_msgs/msg
[10.466s] -- Up-to-date: /home/azraa/ros2_ws/install/audio_common_msgs/include/audio_common_msgs/msg/detail
[10.466s] -- Installing: /home/azraa/ros2_ws/install/audio_common_msgs/include/audio_common_msgs/msg/detail/audio_info__struct.hpp
[10.466s] -- Installing: /home/azraa/ros2_ws/install/audio_common_msgs/include/audio_common_msgs/msg/detail/audio_data__struct.hpp
[10.467s] -- Installing: /home/azraa/ros2_ws/install/audio_common_msgs/include/audio_common_msgs/msg/detail/audio_data__builder.hpp
[10.467s] -- Installing: /home/azraa/ros2_ws/install/audio_common_msgs/include/audio_common_msgs/msg/detail/audio_info__builder.hpp
[10.467s] -- Installing: /home/azraa/ros2_ws/install/audio_common_msgs/include/audio_common_msgs/msg/detail/audio_info__traits.hpp
[10.467s] -- Installing: /home/azraa/ros2_ws/install/audio_common_msgs/include/audio_common_msgs/msg/detail/audio_data__traits.hpp
[10.468s] -- Installing: /home/azraa/ros2_ws/install/audio_common_msgs/include/audio_common_msgs/msg/audio_data.hpp
[10.468s] -- Installing: /home/azraa/ros2_ws/install/audio_common_msgs/include/audio_common_msgs/msg/audio_info.hpp
[10.468s] -- Up-to-date: /home/azraa/ros2_ws/install/audio_common_msgs/include/audio_common_msgs
[10.468s] -- Up-to-date: /home/azraa/ros2_ws/install/audio_common_msgs/include/audio_common_msgs/msg
[10.468s] -- Up-to-date: /home/azraa/ros2_ws/install/audio_common_msgs/include/audio_common_msgs/msg/detail
[10.469s] -- Installing: /home/azraa/ros2_ws/install/audio_common_msgs/include/audio_common_msgs/msg/detail/audio_info__type_support.cpp
[10.469s] -- Installing: /home/azraa/ros2_ws/install/audio_common_msgs/include/audio_common_msgs/msg/detail/audio_data__rosidl_typesupport_introspection_cpp.hpp
[10.469s] -- Installing: /home/azraa/ros2_ws/install/audio_common_msgs/include/audio_common_msgs/msg/detail/audio_data__type_support.cpp
[10.469s] -- Installing: /home/azraa/ros2_ws/install/audio_common_msgs/include/audio_common_msgs/msg/detail/audio_info__rosidl_typesupport_introspection_cpp.hpp
[10.470s] -- Installing: /home/azraa/ros2_ws/install/audio_common_msgs/lib/libaudio_common_msgs__rosidl_typesupport_introspection_cpp.so
[10.471s] -- Set runtime path of "/home/azraa/ros2_ws/install/audio_common_msgs/lib/libaudio_common_msgs__rosidl_typesupport_introspection_cpp.so" to ""
[10.473s] -- Installing: /home/azraa/ros2_ws/install/audio_common_msgs/lib/libaudio_common_msgs__rosidl_typesupport_cpp.so
[10.473s] -- Set runtime path of "/home/azraa/ros2_ws/install/audio_common_msgs/lib/libaudio_common_msgs__rosidl_typesupport_cpp.so" to ""
[10.474s] -- Up-to-date: /home/azraa/ros2_ws/install/audio_common_msgs/share/audio_common_msgs/environment/pythonpath.sh
[10.474s] -- Installing: /home/azraa/ros2_ws/install/audio_common_msgs/share/audio_common_msgs/environment/pythonpath.dsv
[10.474s] -- Installing: /home/azraa/ros2_ws/install/audio_common_msgs/lib/python3.8/site-packages/audio_common_msgs/__init__.py
[10.552s] Compiling '/home/azraa/ros2_ws/install/audio_common_msgs/lib/python3.8/site-packages/audio_common_msgs/__init__.py'...
[10.560s] -- Up-to-date: /home/azraa/ros2_ws/install/audio_common_msgs/lib/python3.8/site-packages/audio_common_msgs/msg
[10.560s] -- Installing: /home/azraa/ros2_ws/install/audio_common_msgs/lib/python3.8/site-packages/audio_common_msgs/msg/_audio_info_s.c
[10.565s] -- Installing: /home/azraa/ros2_ws/install/audio_common_msgs/lib/python3.8/site-packages/audio_common_msgs/msg/_audio_info.py
[10.565s] -- Installing: /home/azraa/ros2_ws/install/audio_common_msgs/lib/python3.8/site-packages/audio_common_msgs/msg/_audio_data.py
[10.565s] -- Installing: /home/azraa/ros2_ws/install/audio_common_msgs/lib/python3.8/site-packages/audio_common_msgs/msg/__init__.py
[10.566s] -- Installing: /home/azraa/ros2_ws/install/audio_common_msgs/lib/python3.8/site-packages/audio_common_msgs/msg/_audio_data_s.c
[10.566s] -- Installing: /home/azraa/ros2_ws/install/audio_common_msgs/lib/python3.8/site-packages/audio_common_msgs/audio_common_msgs_s__rosidl_typesupport_fastrtps_c.cpython-38-x86_64-linux-gnu.so
[10.566s] -- Set runtime path of "/home/azraa/ros2_ws/install/audio_common_msgs/lib/python3.8/site-packages/audio_common_msgs/audio_common_msgs_s__rosidl_typesupport_fastrtps_c.cpython-38-x86_64-linux-gnu.so" to ""
[10.566s] -- Installing: /home/azraa/ros2_ws/install/audio_common_msgs/lib/python3.8/site-packages/audio_common_msgs/audio_common_msgs_s__rosidl_typesupport_introspection_c.cpython-38-x86_64-linux-gnu.so
[10.567s] -- Set runtime path of "/home/azraa/ros2_ws/install/audio_common_msgs/lib/python3.8/site-packages/audio_common_msgs/audio_common_msgs_s__rosidl_typesupport_introspection_c.cpython-38-x86_64-linux-gnu.so" to ""
[10.573s] -- Installing: /home/azraa/ros2_ws/install/audio_common_msgs/lib/python3.8/site-packages/audio_common_msgs/audio_common_msgs_s__rosidl_typesupport_c.cpython-38-x86_64-linux-gnu.so
[10.575s] -- Set runtime path of "/home/azraa/ros2_ws/install/audio_common_msgs/lib/python3.8/site-packages/audio_common_msgs/audio_common_msgs_s__rosidl_typesupport_c.cpython-38-x86_64-linux-gnu.so" to ""
[10.576s] -- Installing: /home/azraa/ros2_ws/install/audio_common_msgs/lib/libaudio_common_msgs__python.so
[10.577s] -- Set runtime path of "/home/azraa/ros2_ws/install/audio_common_msgs/lib/libaudio_common_msgs__python.so" to ""
[10.578s] -- Up-to-date: /home/azraa/ros2_ws/install/audio_common_msgs/share/audio_common_msgs/msg/AudioData.idl
[10.578s] -- Installing: /home/azraa/ros2_ws/install/audio_common_msgs/share/audio_common_msgs/msg/AudioInfo.idl
[10.579s] -- Up-to-date: /home/azraa/ros2_ws/install/audio_common_msgs/share/audio_common_msgs/msg/AudioData.msg
[10.579s] -- Installing: /home/azraa/ros2_ws/install/audio_common_msgs/share/audio_common_msgs/msg/AudioInfo.msg
[10.580s] -- Up-to-date: /home/azraa/ros2_ws/install/audio_common_msgs/share/ament_index/resource_index/package_run_dependencies/audio_common_msgs
[10.581s] -- Up-to-date: /home/azraa/ros2_ws/install/audio_common_msgs/share/ament_index/resource_index/parent_prefix_path/audio_common_msgs
[10.581s] -- Up-to-date: /home/azraa/ros2_ws/install/audio_common_msgs/share/audio_common_msgs/environment/ament_prefix_path.sh
[10.581s] -- Installing: /home/azraa/ros2_ws/install/audio_common_msgs/share/audio_common_msgs/environment/ament_prefix_path.dsv
[10.582s] -- Up-to-date: /home/azraa/ros2_ws/install/audio_common_msgs/share/audio_common_msgs/environment/path.sh
[10.582s] -- Installing: /home/azraa/ros2_ws/install/audio_common_msgs/share/audio_common_msgs/environment/path.dsv
[10.583s] -- Up-to-date: /home/azraa/ros2_ws/install/audio_common_msgs/share/audio_common_msgs/local_setup.bash
[10.583s] -- Up-to-date: /home/azraa/ros2_ws/install/audio_common_msgs/share/audio_common_msgs/local_setup.sh
[10.584s] -- Up-to-date: /home/azraa/ros2_ws/install/audio_common_msgs/share/audio_common_msgs/local_setup.zsh
[10.584s] -- Installing: /home/azraa/ros2_ws/install/audio_common_msgs/share/audio_common_msgs/local_setup.dsv
[10.585s] -- Installing: /home/azraa/ros2_ws/install/audio_common_msgs/share/audio_common_msgs/package.dsv
[10.589s] -- Up-to-date: /home/azraa/ros2_ws/install/audio_common_msgs/share/ament_index/resource_index/packages/audio_common_msgs
[10.591s] -- Up-to-date: /home/azraa/ros2_ws/install/audio_common_msgs/share/audio_common_msgs/cmake/audio_common_msgs__rosidl_generator_cExport.cmake
[10.592s] -- Installing: /home/azraa/ros2_ws/install/audio_common_msgs/share/audio_common_msgs/cmake/audio_common_msgs__rosidl_generator_cExport-noconfig.cmake
[10.593s] -- Up-to-date: /home/azraa/ros2_ws/install/audio_common_msgs/share/audio_common_msgs/cmake/audio_common_msgs__rosidl_typesupport_introspection_cExport.cmake
[10.594s] -- Installing: /home/azraa/ros2_ws/install/audio_common_msgs/share/audio_common_msgs/cmake/audio_common_msgs__rosidl_typesupport_introspection_cExport-noconfig.cmake
[10.595s] -- Up-to-date: /home/azraa/ros2_ws/install/audio_common_msgs/share/audio_common_msgs/cmake/audio_common_msgs__rosidl_typesupport_cExport.cmake
[10.595s] -- Installing: /home/azraa/ros2_ws/install/audio_common_msgs/share/audio_common_msgs/cmake/audio_common_msgs__rosidl_typesupport_cExport-noconfig.cmake
[10.597s] -- Up-to-date: /home/azraa/ros2_ws/install/audio_common_msgs/share/audio_common_msgs/cmake/audio_common_msgs__rosidl_generator_cppExport.cmake
[10.598s] -- Up-to-date: /home/azraa/ros2_ws/install/audio_common_msgs/share/audio_common_msgs/cmake/audio_common_msgs__rosidl_typesupport_introspection_cppExport.cmake
[10.598s] -- Installing: /home/azraa/ros2_ws/install/audio_common_msgs/share/audio_common_msgs/cmake/audio_common_msgs__rosidl_typesupport_introspection_cppExport-noconfig.cmake
[10.599s] -- Up-to-date: /home/azraa/ros2_ws/install/audio_common_msgs/share/audio_common_msgs/cmake/audio_common_msgs__rosidl_typesupport_cppExport.cmake
[10.600s] -- Installing: /home/azraa/ros2_ws/install/audio_common_msgs/share/audio_common_msgs/cmake/audio_common_msgs__rosidl_typesupport_cppExport-noconfig.cmake
[10.600s] -- Up-to-date: /home/azraa/ros2_ws/install/audio_common_msgs/share/audio_common_msgs/cmake/rosidl_cmake-extras.cmake
[10.601s] -- Up-to-date: /home/azraa/ros2_ws/install/audio_common_msgs/share/audio_common_msgs/cmake/ament_cmake_export_dependencies-extras.cmake
[10.602s] -- Up-to-date: /home/azraa/ros2_ws/install/audio_common_msgs/share/audio_common_msgs/cmake/ament_cmake_export_libraries-extras.cmake
[10.602s] -- Up-to-date: /home/azraa/ros2_ws/install/audio_common_msgs/share/audio_common_msgs/cmake/ament_cmake_export_targets-extras.cmake
[10.602s] -- Up-to-date: /home/azraa/ros2_ws/install/audio_common_msgs/share/audio_common_msgs/cmake/ament_cmake_export_include_directories-extras.cmake
[10.603s] -- Up-to-date: /home/azraa/ros2_ws/install/audio_common_msgs/share/audio_common_msgs/cmake/rosidl_cmake_export_typesupport_libraries-extras.cmake
[10.603s] -- Up-to-date: /home/azraa/ros2_ws/install/audio_common_msgs/share/audio_common_msgs/cmake/rosidl_cmake_export_typesupport_targets-extras.cmake
[10.603s] -- Up-to-date: /home/azraa/ros2_ws/install/audio_common_msgs/share/audio_common_msgs/cmake/audio_common_msgsConfig.cmake
[10.604s] -- Up-to-date: /home/azraa/ros2_ws/install/audio_common_msgs/share/audio_common_msgs/cmake/audio_common_msgsConfig-version.cmake
[10.604s] -- Up-to-date: /home/azraa/ros2_ws/install/audio_common_msgs/share/audio_common_msgs/package.xml
[10.616s] Invoked command in '/home/azraa/ros2_ws/build/audio_common_msgs' returned '0': CMAKE_PREFIX_PATH=${CMAKE_PREFIX_PATH}:/opt/ros/foxy /usr/bin/cmake --install /home/azraa/ros2_ws/build/audio_common_msgs
