[3.390s] Invoking command in '/home/azraa/ros2_ws/src/my_python_pkg': PYTHONPATH=/home/azraa/ros2_ws/install/my_python_pkg/lib/python3.8/site-packages:${PYTHONPATH} /usr/bin/python3 setup.py egg_info --egg-base ../../build/my_python_pkg build --build-base /home/azraa/ros2_ws/build/my_python_pkg/build install --prefix /home/azraa/ros2_ws/install/my_python_pkg --record /home/azraa/ros2_ws/build/my_python_pkg/install.log --single-version-externally-managed
[4.128s] /home/azraa/.local/lib/python3.8/site-packages/setuptools/dist.py:771: UserWarning: Usage of dash-separated 'script-dir' will not be supported in future versions. Please use the underscore name 'script_dir' instead
[4.128s]   warnings.warn(
[4.128s] /home/azraa/.local/lib/python3.8/site-packages/setuptools/dist.py:771: UserWarning: Usage of dash-separated 'install-scripts' will not be supported in future versions. Please use the underscore name 'install_scripts' instead
[4.129s]   warnings.warn(
[4.362s] running egg_info
[4.401s] writing ../../build/my_python_pkg/my_python_pkg.egg-info/PKG-INFO
[4.402s] writing dependency_links to ../../build/my_python_pkg/my_python_pkg.egg-info/dependency_links.txt
[4.403s] writing entry points to ../../build/my_python_pkg/my_python_pkg.egg-info/entry_points.txt
[4.404s] writing requirements to ../../build/my_python_pkg/my_python_pkg.egg-info/requires.txt
[4.404s] writing top-level names to ../../build/my_python_pkg/my_python_pkg.egg-info/top_level.txt
[4.474s] reading manifest file '../../build/my_python_pkg/my_python_pkg.egg-info/SOURCES.txt'
[4.476s] writing manifest file '../../build/my_python_pkg/my_python_pkg.egg-info/SOURCES.txt'
[4.483s] /home/azraa/.local/lib/python3.8/site-packages/setuptools/command/install.py:34: SetuptoolsDeprecationWarning: setup.py install is deprecated. Use build and pip and other standards-based tools.
[4.484s]   warnings.warn(
[4.484s] running build
[4.484s] running build_py
[4.485s] running install
[4.499s] running install_lib
[4.539s] running install_data
[4.573s] running install_egg_info
[4.608s] removing '/home/azraa/ros2_ws/install/my_python_pkg/lib/python3.8/site-packages/my_python_pkg-0.0.0-py3.8.egg-info' (and everything under it)
[4.609s] Copying ../../build/my_python_pkg/my_python_pkg.egg-info to /home/azraa/ros2_ws/install/my_python_pkg/lib/python3.8/site-packages/my_python_pkg-0.0.0-py3.8.egg-info
[4.609s] running install_scripts
[4.777s] Installing add_two_ints_client script to /home/azraa/ros2_ws/install/my_python_pkg/lib/my_python_pkg
[4.777s] Installing add_two_ints_client_no_oop script to /home/azraa/ros2_ws/install/my_python_pkg/lib/my_python_pkg
[4.777s] Installing add_two_ints_server script to /home/azraa/ros2_ws/install/my_python_pkg/lib/my_python_pkg
[4.777s] Installing battery script to /home/azraa/ros2_ws/install/my_python_pkg/lib/my_python_pkg
[4.778s] Installing hw_status_publisher script to /home/azraa/ros2_ws/install/my_python_pkg/lib/my_python_pkg
[4.778s] Installing image_subscriber script to /home/azraa/ros2_ws/install/my_python_pkg/lib/my_python_pkg
[4.778s] Installing image_subscriber_rt script to /home/azraa/ros2_ws/install/my_python_pkg/lib/my_python_pkg
[4.778s] Installing led_panel script to /home/azraa/ros2_ws/install/my_python_pkg/lib/my_python_pkg
[4.779s] Installing number_counter script to /home/azraa/ros2_ws/install/my_python_pkg/lib/my_python_pkg
[4.779s] Installing number_publisher script to /home/azraa/ros2_ws/install/my_python_pkg/lib/my_python_pkg
[4.779s] Installing py_node script to /home/azraa/ros2_ws/install/my_python_pkg/lib/my_python_pkg
[4.779s] Installing robot_news_station script to /home/azraa/ros2_ws/install/my_python_pkg/lib/my_python_pkg
[4.779s] Installing smartphone script to /home/azraa/ros2_ws/install/my_python_pkg/lib/my_python_pkg
[4.780s] writing list of installed files to '/home/azraa/ros2_ws/build/my_python_pkg/install.log'
[4.857s] Invoked command in '/home/azraa/ros2_ws/src/my_python_pkg' returned '0': PYTHONPATH=/home/azraa/ros2_ws/install/my_python_pkg/lib/python3.8/site-packages:${PYTHONPATH} /usr/bin/python3 setup.py egg_info --egg-base ../../build/my_python_pkg build --build-base /home/azraa/ros2_ws/build/my_python_pkg/build install --prefix /home/azraa/ros2_ws/install/my_python_pkg --record /home/azraa/ros2_ws/build/my_python_pkg/install.log --single-version-externally-managed
