[35m[1mScanning dependencies of target audio_capture[0m
[ 50%] [32mBuilding CXX object CMakeFiles/audio_capture.dir/src/audio_capture.cpp.o[0m
[01m[K/home/azraa/ros2_ws/src/M2S2/audio_common/audio_capture/src/audio_capture.cpp:[m[K In static member function ‘[01m[Kstatic gboolean audio_transport::RosGstCapture::onMessage(GstBus*, GstMessage*, gpointer)[m[K’:
[01m[K/home/azraa/ros2_ws/src/M2S2/audio_common/audio_capture/src/audio_capture.cpp:215:42:[m[K [01;35m[Kwarning: [m[Kunused parameter ‘[01m[Kbus[m[K’ [[01;35m[K-Wunused-parameter[m[K]
  215 |       static gboolean onMessage ([01;35m[KGstBus *bus[m[K, GstMessage *message, gpointer userData)
      |                                  [01;35m[K~~~~~~~~^~~[m[K
[100%] [32m[1mLinking CXX executable audio_capture[0m
[100%] Built target audio_capture
-- Install configuration: ""
-- Installing: /home/azraa/ros2_ws/install/audio_capture/lib/audio_capture/audio_capture
-- Set runtime path of "/home/azraa/ros2_ws/install/audio_capture/lib/audio_capture/audio_capture" to ""
-- Up-to-date: /home/azraa/ros2_ws/install/audio_capture/share/audio_capture/launch
-- Up-to-date: /home/azraa/ros2_ws/install/audio_capture/share/audio_capture/launch/capture_to_file.launch.xml
-- Up-to-date: /home/azraa/ros2_ws/install/audio_capture/share/audio_capture/launch/capture_wave.launch.xml
-- Installing: /home/azraa/ros2_ws/install/audio_capture/share/audio_capture/launch/capture.launch.xml
-- Up-to-date: /home/azraa/ros2_ws/install/audio_capture/share/ament_index/resource_index/package_run_dependencies/audio_capture
-- Installing: /home/azraa/ros2_ws/install/audio_capture/share/ament_index/resource_index/parent_prefix_path/audio_capture
-- Up-to-date: /home/azraa/ros2_ws/install/audio_capture/share/audio_capture/environment/ament_prefix_path.sh
-- Installing: /home/azraa/ros2_ws/install/audio_capture/share/audio_capture/environment/ament_prefix_path.dsv
-- Up-to-date: /home/azraa/ros2_ws/install/audio_capture/share/audio_capture/environment/path.sh
-- Installing: /home/azraa/ros2_ws/install/audio_capture/share/audio_capture/environment/path.dsv
-- Up-to-date: /home/azraa/ros2_ws/install/audio_capture/share/audio_capture/local_setup.bash
-- Up-to-date: /home/azraa/ros2_ws/install/audio_capture/share/audio_capture/local_setup.sh
-- Up-to-date: /home/azraa/ros2_ws/install/audio_capture/share/audio_capture/local_setup.zsh
-- Installing: /home/azraa/ros2_ws/install/audio_capture/share/audio_capture/local_setup.dsv
-- Installing: /home/azraa/ros2_ws/install/audio_capture/share/audio_capture/package.dsv
-- Up-to-date: /home/azraa/ros2_ws/install/audio_capture/share/ament_index/resource_index/packages/audio_capture
-- Up-to-date: /home/azraa/ros2_ws/install/audio_capture/share/audio_capture/cmake/audio_captureConfig.cmake
-- Up-to-date: /home/azraa/ros2_ws/install/audio_capture/share/audio_capture/cmake/audio_captureConfig-version.cmake
-- Up-to-date: /home/azraa/ros2_ws/install/audio_capture/share/audio_capture/package.xml
