[0.073s] Invoking command in '/home/azraa/ros2_ws/build/sound_play': CMAKE_PREFIX_PATH=/home/azraa/ros2_ws/install/audio_common_msgs:/home/azraa/ros2_ws/install/v4l2_camera:/home/azraa/ros2_ws/install/audio_common:/home/azraa/ros2_ws/install/sound_play:/home/azraa/ros2_ws/install/my_robot_bringup:/home/azraa/ros2_ws/install/my_cpp_pkg:/home/azraa/ros2_ws/install/my_robot_interfaces:/home/azraa/ros2_ws/install/bme280:/home/azraa/ros2_ws/install/m2s2_custom_interfaces:/home/azraa/ros2_ws/install/m2s2_bringup:/home/azraa/ros2_ws/install/gscam:/home/azraa/ros2_ws/install/flir_lepton_msgs:/home/azraa/ros2_ws/install/flir_lepton_capture:/home/azraa/ros2_ws/install/audio_play:/home/azraa/ros2_ws/install/audio_capture:/home/azraa/ros2_ws/install/m2s2_test_python:/opt/ros/foxy:/opt/ros/noetic LD_LIBRARY_PATH=/home/azraa/ros2_ws/install/audio_common_msgs/lib:/home/azraa/ros2_ws/install/v4l2_camera/lib:/home/azraa/ros2_ws/install/sound_play/lib:/home/azraa/ros2_ws/install/my_robot_interfaces/lib:/home/azraa/ros2_ws/install/m2s2_custom_interfaces/lib:/home/azraa/ros2_ws/install/gscam/lib:/home/azraa/ros2_ws/install/flir_lepton_msgs/lib:/opt/ros/foxy/opt/yaml_cpp_vendor/lib:/opt/ros/foxy/opt/rviz_ogre_vendor/lib:/opt/ros/foxy/lib/x86_64-linux-gnu:/opt/ros/foxy/lib:/opt/ros/noetic/lib PYTHONPATH=/home/azraa/ros2_ws/install/audio_common_msgs/lib/python3.8/site-packages:/home/azraa/ros2_ws/install/sound_play/lib/python3.8/site-packages:/home/azraa/ros2_ws/install/my_robot_interfaces/lib/python3.8/site-packages:/home/azraa/ros2_ws/install/my_python_pkg/lib/python3.8/site-packages:/home/azraa/ros2_ws/install/my_py_pkg/lib/python3.8/site-packages:/home/azraa/ros2_ws/install/m2s2_test_python/lib/python3.8/site-packages:/home/azraa/ros2_ws/install/m2s2_custom_interfaces/lib/python3.8/site-packages:/home/azraa/ros2_ws/install/flir_lepton_msgs/lib/python3.8/site-packages:/opt/ros/foxy/lib/python3.8/site-packages:/opt/ros/noetic/lib/python3/dist-packages /usr/bin/cmake --build /home/azraa/ros2_ws/build/sound_play -- -j4 -l4
[0.163s] [ 10%] Built target sound_play__rosidl_generator_c
[0.174s] [ 12%] Built target sound_play__cpp
[0.232s] [ 23%] Built target sound_play__rosidl_typesupport_introspection_cpp
[0.249s] [ 33%] Built target sound_play__rosidl_typesupport_fastrtps_cpp
[0.264s] [ 43%] Built target sound_play__rosidl_typesupport_introspection_c
[0.289s] [ 53%] Built target sound_play__rosidl_typesupport_c
[0.321s] [ 64%] Built target sound_play__rosidl_typesupport_cpp
[0.358s] [ 74%] Built target sound_play__rosidl_typesupport_fastrtps_c
[0.388s] [ 74%] Built target sound_play
[0.420s] [ 76%] Built target sound_play__py
[0.467s] [ 84%] Built target sound_play__python
[0.532s] [ 89%] Built target sound_play__rosidl_typesupport_fastrtps_c__pyext
[0.548s] [ 94%] Built target sound_play__rosidl_typesupport_introspection_c__pyext
[0.550s] [100%] Built target sound_play__rosidl_typesupport_c__pyext
[0.578s] Invoked command in '/home/azraa/ros2_ws/build/sound_play' returned '0': CMAKE_PREFIX_PATH=/home/azraa/ros2_ws/install/audio_common_msgs:/home/azraa/ros2_ws/install/v4l2_camera:/home/azraa/ros2_ws/install/audio_common:/home/azraa/ros2_ws/install/sound_play:/home/azraa/ros2_ws/install/my_robot_bringup:/home/azraa/ros2_ws/install/my_cpp_pkg:/home/azraa/ros2_ws/install/my_robot_interfaces:/home/azraa/ros2_ws/install/bme280:/home/azraa/ros2_ws/install/m2s2_custom_interfaces:/home/azraa/ros2_ws/install/m2s2_bringup:/home/azraa/ros2_ws/install/gscam:/home/azraa/ros2_ws/install/flir_lepton_msgs:/home/azraa/ros2_ws/install/flir_lepton_capture:/home/azraa/ros2_ws/install/audio_play:/home/azraa/ros2_ws/install/audio_capture:/home/azraa/ros2_ws/install/m2s2_test_python:/opt/ros/foxy:/opt/ros/noetic LD_LIBRARY_PATH=/home/azraa/ros2_ws/install/audio_common_msgs/lib:/home/azraa/ros2_ws/install/v4l2_camera/lib:/home/azraa/ros2_ws/install/sound_play/lib:/home/azraa/ros2_ws/install/my_robot_interfaces/lib:/home/azraa/ros2_ws/install/m2s2_custom_interfaces/lib:/home/azraa/ros2_ws/install/gscam/lib:/home/azraa/ros2_ws/install/flir_lepton_msgs/lib:/opt/ros/foxy/opt/yaml_cpp_vendor/lib:/opt/ros/foxy/opt/rviz_ogre_vendor/lib:/opt/ros/foxy/lib/x86_64-linux-gnu:/opt/ros/foxy/lib:/opt/ros/noetic/lib PYTHONPATH=/home/azraa/ros2_ws/install/audio_common_msgs/lib/python3.8/site-packages:/home/azraa/ros2_ws/install/sound_play/lib/python3.8/site-packages:/home/azraa/ros2_ws/install/my_robot_interfaces/lib/python3.8/site-packages:/home/azraa/ros2_ws/install/my_python_pkg/lib/python3.8/site-packages:/home/azraa/ros2_ws/install/my_py_pkg/lib/python3.8/site-packages:/home/azraa/ros2_ws/install/m2s2_test_python/lib/python3.8/site-packages:/home/azraa/ros2_ws/install/m2s2_custom_interfaces/lib/python3.8/site-packages:/home/azraa/ros2_ws/install/flir_lepton_msgs/lib/python3.8/site-packages:/opt/ros/foxy/lib/python3.8/site-packages:/opt/ros/noetic/lib/python3/dist-packages /usr/bin/cmake --build /home/azraa/ros2_ws/build/sound_play -- -j4 -l4
[1.259s] Invoking command in '/home/azraa/ros2_ws/build/sound_play': CMAKE_PREFIX_PATH=/home/azraa/ros2_ws/install/audio_common_msgs:/home/azraa/ros2_ws/install/v4l2_camera:/home/azraa/ros2_ws/install/audio_common:/home/azraa/ros2_ws/install/sound_play:/home/azraa/ros2_ws/install/my_robot_bringup:/home/azraa/ros2_ws/install/my_cpp_pkg:/home/azraa/ros2_ws/install/my_robot_interfaces:/home/azraa/ros2_ws/install/bme280:/home/azraa/ros2_ws/install/m2s2_custom_interfaces:/home/azraa/ros2_ws/install/m2s2_bringup:/home/azraa/ros2_ws/install/gscam:/home/azraa/ros2_ws/install/flir_lepton_msgs:/home/azraa/ros2_ws/install/flir_lepton_capture:/home/azraa/ros2_ws/install/audio_play:/home/azraa/ros2_ws/install/audio_capture:/home/azraa/ros2_ws/install/m2s2_test_python:/opt/ros/foxy:/opt/ros/noetic LD_LIBRARY_PATH=/home/azraa/ros2_ws/install/audio_common_msgs/lib:/home/azraa/ros2_ws/install/v4l2_camera/lib:/home/azraa/ros2_ws/install/sound_play/lib:/home/azraa/ros2_ws/install/my_robot_interfaces/lib:/home/azraa/ros2_ws/install/m2s2_custom_interfaces/lib:/home/azraa/ros2_ws/install/gscam/lib:/home/azraa/ros2_ws/install/flir_lepton_msgs/lib:/opt/ros/foxy/opt/yaml_cpp_vendor/lib:/opt/ros/foxy/opt/rviz_ogre_vendor/lib:/opt/ros/foxy/lib/x86_64-linux-gnu:/opt/ros/foxy/lib:/opt/ros/noetic/lib PYTHONPATH=/home/azraa/ros2_ws/install/audio_common_msgs/lib/python3.8/site-packages:/home/azraa/ros2_ws/install/sound_play/lib/python3.8/site-packages:/home/azraa/ros2_ws/install/my_robot_interfaces/lib/python3.8/site-packages:/home/azraa/ros2_ws/install/my_python_pkg/lib/python3.8/site-packages:/home/azraa/ros2_ws/install/my_py_pkg/lib/python3.8/site-packages:/home/azraa/ros2_ws/install/m2s2_test_python/lib/python3.8/site-packages:/home/azraa/ros2_ws/install/m2s2_custom_interfaces/lib/python3.8/site-packages:/home/azraa/ros2_ws/install/flir_lepton_msgs/lib/python3.8/site-packages:/opt/ros/foxy/lib/python3.8/site-packages:/opt/ros/noetic/lib/python3/dist-packages /usr/bin/cmake --install /home/azraa/ros2_ws/build/sound_play
[1.281s] -- Install configuration: ""
[1.282s] -- Up-to-date: /home/azraa/ros2_ws/install/sound_play/share/ament_index/resource_index/rosidl_interfaces/sound_play
[1.282s] -- Up-to-date: /home/azraa/ros2_ws/install/sound_play/include/sound_play
[1.282s] -- Up-to-date: /home/azraa/ros2_ws/install/sound_play/include/sound_play/msg
[1.282s] -- Up-to-date: /home/azraa/ros2_ws/install/sound_play/include/sound_play/msg/sound_request.h
[1.282s] -- Up-to-date: /home/azraa/ros2_ws/install/sound_play/include/sound_play/msg/detail
[1.282s] -- Up-to-date: /home/azraa/ros2_ws/install/sound_play/include/sound_play/msg/detail/sound_request__functions.c
[1.282s] -- Up-to-date: /home/azraa/ros2_ws/install/sound_play/include/sound_play/msg/detail/sound_request__functions.h
[1.283s] -- Up-to-date: /home/azraa/ros2_ws/install/sound_play/include/sound_play/msg/detail/sound_request__struct.h
[1.283s] -- Up-to-date: /home/azraa/ros2_ws/install/sound_play/include/sound_play/msg/detail/sound_request__type_support.h
[1.283s] -- Up-to-date: /home/azraa/ros2_ws/install/sound_play/include/sound_play/msg/rosidl_generator_c__visibility_control.h
[1.283s] -- Up-to-date: /home/azraa/ros2_ws/install/sound_play/include/sound_play/action
[1.283s] -- Up-to-date: /home/azraa/ros2_ws/install/sound_play/include/sound_play/action/sound_request.h
[1.283s] -- Up-to-date: /home/azraa/ros2_ws/install/sound_play/include/sound_play/action/detail
[1.283s] -- Up-to-date: /home/azraa/ros2_ws/install/sound_play/include/sound_play/action/detail/sound_request__functions.c
[1.283s] -- Up-to-date: /home/azraa/ros2_ws/install/sound_play/include/sound_play/action/detail/sound_request__functions.h
[1.284s] -- Up-to-date: /home/azraa/ros2_ws/install/sound_play/include/sound_play/action/detail/sound_request__struct.h
[1.284s] -- Up-to-date: /home/azraa/ros2_ws/install/sound_play/include/sound_play/action/detail/sound_request__type_support.h
[1.284s] -- Up-to-date: /home/azraa/ros2_ws/install/sound_play/share/sound_play/environment/library_path.sh
[1.284s] -- Up-to-date: /home/azraa/ros2_ws/install/sound_play/share/sound_play/environment/library_path.dsv
[1.284s] -- Up-to-date: /home/azraa/ros2_ws/install/sound_play/lib/libsound_play__rosidl_generator_c.so
[1.284s] -- Up-to-date: /home/azraa/ros2_ws/install/sound_play/include/sound_play
[1.284s] -- Up-to-date: /home/azraa/ros2_ws/install/sound_play/include/sound_play/msg
[1.285s] -- Up-to-date: /home/azraa/ros2_ws/install/sound_play/include/sound_play/msg/rosidl_typesupport_fastrtps_c__visibility_control.h
[1.285s] -- Up-to-date: /home/azraa/ros2_ws/install/sound_play/include/sound_play/msg/detail
[1.285s] -- Up-to-date: /home/azraa/ros2_ws/install/sound_play/include/sound_play/msg/detail/sound_request__rosidl_typesupport_fastrtps_c.h
[1.285s] -- Up-to-date: /home/azraa/ros2_ws/install/sound_play/include/sound_play/action
[1.285s] -- Up-to-date: /home/azraa/ros2_ws/install/sound_play/include/sound_play/action/detail
[1.285s] -- Up-to-date: /home/azraa/ros2_ws/install/sound_play/include/sound_play/action/detail/sound_request__rosidl_typesupport_fastrtps_c.h
[1.285s] -- Up-to-date: /home/azraa/ros2_ws/install/sound_play/lib/libsound_play__rosidl_typesupport_fastrtps_c.so
[1.285s] -- Up-to-date: /home/azraa/ros2_ws/install/sound_play/include/sound_play
[1.286s] -- Up-to-date: /home/azraa/ros2_ws/install/sound_play/include/sound_play/msg
[1.286s] -- Up-to-date: /home/azraa/ros2_ws/install/sound_play/include/sound_play/msg/detail
[1.286s] -- Up-to-date: /home/azraa/ros2_ws/install/sound_play/include/sound_play/msg/detail/sound_request__rosidl_typesupport_fastrtps_cpp.hpp
[1.286s] -- Up-to-date: /home/azraa/ros2_ws/install/sound_play/include/sound_play/msg/detail/dds_fastrtps
[1.286s] -- Up-to-date: /home/azraa/ros2_ws/install/sound_play/include/sound_play/msg/rosidl_typesupport_fastrtps_cpp__visibility_control.h
[1.286s] -- Up-to-date: /home/azraa/ros2_ws/install/sound_play/include/sound_play/action
[1.286s] -- Up-to-date: /home/azraa/ros2_ws/install/sound_play/include/sound_play/action/detail
[1.286s] -- Up-to-date: /home/azraa/ros2_ws/install/sound_play/include/sound_play/action/detail/sound_request__rosidl_typesupport_fastrtps_cpp.hpp
[1.286s] -- Up-to-date: /home/azraa/ros2_ws/install/sound_play/include/sound_play/action/detail/dds_fastrtps
[1.287s] -- Up-to-date: /home/azraa/ros2_ws/install/sound_play/lib/libsound_play__rosidl_typesupport_fastrtps_cpp.so
[1.287s] -- Up-to-date: /home/azraa/ros2_ws/install/sound_play/include/sound_play
[1.287s] -- Up-to-date: /home/azraa/ros2_ws/install/sound_play/include/sound_play/msg
[1.287s] -- Up-to-date: /home/azraa/ros2_ws/install/sound_play/include/sound_play/msg/detail
[1.287s] -- Up-to-date: /home/azraa/ros2_ws/install/sound_play/include/sound_play/msg/detail/sound_request__type_support.c
[1.287s] -- Up-to-date: /home/azraa/ros2_ws/install/sound_play/include/sound_play/msg/detail/sound_request__rosidl_typesupport_introspection_c.h
[1.287s] -- Up-to-date: /home/azraa/ros2_ws/install/sound_play/include/sound_play/msg/rosidl_typesupport_introspection_c__visibility_control.h
[1.287s] -- Up-to-date: /home/azraa/ros2_ws/install/sound_play/include/sound_play/action
[1.288s] -- Up-to-date: /home/azraa/ros2_ws/install/sound_play/include/sound_play/action/detail
[1.288s] -- Up-to-date: /home/azraa/ros2_ws/install/sound_play/include/sound_play/action/detail/sound_request__type_support.c
[1.288s] -- Up-to-date: /home/azraa/ros2_ws/install/sound_play/include/sound_play/action/detail/sound_request__rosidl_typesupport_introspection_c.h
[1.288s] -- Up-to-date: /home/azraa/ros2_ws/install/sound_play/lib/libsound_play__rosidl_typesupport_introspection_c.so
[1.288s] -- Up-to-date: /home/azraa/ros2_ws/install/sound_play/lib/libsound_play__rosidl_typesupport_c.so
[1.288s] -- Up-to-date: /home/azraa/ros2_ws/install/sound_play/include/sound_play
[1.288s] -- Up-to-date: /home/azraa/ros2_ws/install/sound_play/include/sound_play/msg
[1.291s] -- Up-to-date: /home/azraa/ros2_ws/install/sound_play/include/sound_play/msg/detail
[1.291s] -- Up-to-date: /home/azraa/ros2_ws/install/sound_play/include/sound_play/msg/detail/sound_request__builder.hpp
[1.291s] -- Up-to-date: /home/azraa/ros2_ws/install/sound_play/include/sound_play/msg/detail/sound_request__traits.hpp
[1.291s] -- Up-to-date: /home/azraa/ros2_ws/install/sound_play/include/sound_play/msg/detail/sound_request__struct.hpp
[1.292s] -- Up-to-date: /home/azraa/ros2_ws/install/sound_play/include/sound_play/msg/sound_request.hpp
[1.292s] -- Up-to-date: /home/azraa/ros2_ws/install/sound_play/include/sound_play/action
[1.292s] -- Up-to-date: /home/azraa/ros2_ws/install/sound_play/include/sound_play/action/detail
[1.292s] -- Up-to-date: /home/azraa/ros2_ws/install/sound_play/include/sound_play/action/detail/sound_request__builder.hpp
[1.292s] -- Up-to-date: /home/azraa/ros2_ws/install/sound_play/include/sound_play/action/detail/sound_request__traits.hpp
[1.293s] -- Up-to-date: /home/azraa/ros2_ws/install/sound_play/include/sound_play/action/detail/sound_request__struct.hpp
[1.293s] -- Up-to-date: /home/azraa/ros2_ws/install/sound_play/include/sound_play/action/sound_request.hpp
[1.293s] -- Up-to-date: /home/azraa/ros2_ws/install/sound_play/include/sound_play
[1.293s] -- Up-to-date: /home/azraa/ros2_ws/install/sound_play/include/sound_play/msg
[1.294s] -- Up-to-date: /home/azraa/ros2_ws/install/sound_play/include/sound_play/msg/detail
[1.294s] -- Up-to-date: /home/azraa/ros2_ws/install/sound_play/include/sound_play/msg/detail/sound_request__type_support.cpp
[1.294s] -- Up-to-date: /home/azraa/ros2_ws/install/sound_play/include/sound_play/msg/detail/sound_request__rosidl_typesupport_introspection_cpp.hpp
[1.294s] -- Up-to-date: /home/azraa/ros2_ws/install/sound_play/include/sound_play/action
[1.294s] -- Up-to-date: /home/azraa/ros2_ws/install/sound_play/include/sound_play/action/detail
[1.294s] -- Up-to-date: /home/azraa/ros2_ws/install/sound_play/include/sound_play/action/detail/sound_request__type_support.cpp
[1.295s] -- Up-to-date: /home/azraa/ros2_ws/install/sound_play/include/sound_play/action/detail/sound_request__rosidl_typesupport_introspection_cpp.hpp
[1.295s] -- Up-to-date: /home/azraa/ros2_ws/install/sound_play/lib/libsound_play__rosidl_typesupport_introspection_cpp.so
[1.295s] -- Up-to-date: /home/azraa/ros2_ws/install/sound_play/lib/libsound_play__rosidl_typesupport_cpp.so
[1.295s] -- Up-to-date: /home/azraa/ros2_ws/install/sound_play/share/sound_play/environment/pythonpath.sh
[1.296s] -- Up-to-date: /home/azraa/ros2_ws/install/sound_play/share/sound_play/environment/pythonpath.dsv
[1.298s] -- Installing: /home/azraa/ros2_ws/install/sound_play/lib/python3.8/site-packages/sound_play/__init__.py
[1.336s] Compiling '/home/azraa/ros2_ws/install/sound_play/lib/python3.8/site-packages/sound_play/__init__.py'...
[1.347s] -- Up-to-date: /home/azraa/ros2_ws/install/sound_play/lib/python3.8/site-packages/sound_play/msg
[1.347s] -- Up-to-date: /home/azraa/ros2_ws/install/sound_play/lib/python3.8/site-packages/sound_play/msg/_sound_request_s.c
[1.347s] -- Up-to-date: /home/azraa/ros2_ws/install/sound_play/lib/python3.8/site-packages/sound_play/msg/_sound_request.py
[1.347s] -- Up-to-date: /home/azraa/ros2_ws/install/sound_play/lib/python3.8/site-packages/sound_play/msg/__init__.py
[1.347s] -- Up-to-date: /home/azraa/ros2_ws/install/sound_play/lib/python3.8/site-packages/sound_play/action
[1.347s] -- Up-to-date: /home/azraa/ros2_ws/install/sound_play/lib/python3.8/site-packages/sound_play/action/_sound_request_s.c
[1.347s] -- Up-to-date: /home/azraa/ros2_ws/install/sound_play/lib/python3.8/site-packages/sound_play/action/_sound_request.py
[1.347s] -- Up-to-date: /home/azraa/ros2_ws/install/sound_play/lib/python3.8/site-packages/sound_play/action/__init__.py
[1.348s] -- Up-to-date: /home/azraa/ros2_ws/install/sound_play/lib/python3.8/site-packages/sound_play/sound_play_s__rosidl_typesupport_fastrtps_c.cpython-38-x86_64-linux-gnu.so
[1.348s] -- Up-to-date: /home/azraa/ros2_ws/install/sound_play/lib/python3.8/site-packages/sound_play/sound_play_s__rosidl_typesupport_introspection_c.cpython-38-x86_64-linux-gnu.so
[1.348s] -- Up-to-date: /home/azraa/ros2_ws/install/sound_play/lib/python3.8/site-packages/sound_play/sound_play_s__rosidl_typesupport_c.cpython-38-x86_64-linux-gnu.so
[1.348s] -- Up-to-date: /home/azraa/ros2_ws/install/sound_play/lib/libsound_play__python.so
[1.348s] -- Up-to-date: /home/azraa/ros2_ws/install/sound_play/share/sound_play/msg/SoundRequest.idl
[1.348s] -- Up-to-date: /home/azraa/ros2_ws/install/sound_play/share/sound_play/action/SoundRequest.idl
[1.348s] -- Up-to-date: /home/azraa/ros2_ws/install/sound_play/share/sound_play/msg/SoundRequest.msg
[1.348s] -- Up-to-date: /home/azraa/ros2_ws/install/sound_play/share/sound_play/action/SoundRequest.action
[1.349s] -- Up-to-date: /home/azraa/ros2_ws/install/sound_play/lib/python3.8/site-packages/sound_play
[1.349s] -- Installing: /home/azraa/ros2_ws/install/sound_play/lib/python3.8/site-packages/sound_play/__init__.py
[1.349s] -- Up-to-date: /home/azraa/ros2_ws/install/sound_play/lib/python3.8/site-packages/sound_play/libsoundplay.py
[1.401s] Listing '/home/azraa/ros2_ws/install/sound_play/lib/python3.8/site-packages/sound_play'...
[1.402s] Compiling '/home/azraa/ros2_ws/install/sound_play/lib/python3.8/site-packages/sound_play/__init__.py'...
[1.402s] Listing '/home/azraa/ros2_ws/install/sound_play/lib/python3.8/site-packages/sound_play/action'...
[1.402s] Listing '/home/azraa/ros2_ws/install/sound_play/lib/python3.8/site-packages/sound_play/msg'...
[1.412s] -- Up-to-date: /home/azraa/ros2_ws/install/sound_play/lib/sound_play/is_speaking.py
[1.412s] -- Up-to-date: /home/azraa/ros2_ws/install/sound_play/lib/sound_play/playbuiltin.py
[1.412s] -- Up-to-date: /home/azraa/ros2_ws/install/sound_play/lib/sound_play/play.py
[1.412s] -- Up-to-date: /home/azraa/ros2_ws/install/sound_play/lib/sound_play/say.py
[1.412s] -- Up-to-date: /home/azraa/ros2_ws/install/sound_play/lib/sound_play/shutup.py
[1.413s] -- Up-to-date: /home/azraa/ros2_ws/install/sound_play/lib/sound_play/soundplay_node.py
[1.413s] -- Up-to-date: /home/azraa/ros2_ws/install/sound_play/include/sound_play
[1.413s] -- Up-to-date: /home/azraa/ros2_ws/install/sound_play/include/sound_play/sound_play.h
[1.413s] -- Up-to-date: /home/azraa/ros2_ws/install/sound_play/share/sound_play/launch
[1.414s] -- Up-to-date: /home/azraa/ros2_ws/install/sound_play/share/sound_play/launch/soundplay_node.launch.xml
[1.414s] -- Up-to-date: /home/azraa/ros2_ws/install/sound_play/share/sound_play/sounds
[1.414s] -- Up-to-date: /home/azraa/ros2_ws/install/sound_play/share/sound_play/sounds/NEEDS_PLUGGING_BADLY.ogg
[1.414s] -- Up-to-date: /home/azraa/ros2_ws/install/sound_play/share/sound_play/sounds/NEEDS_UNPLUGGING_BADLY.ogg
[1.414s] -- Up-to-date: /home/azraa/ros2_ws/install/sound_play/share/sound_play/sounds/NEEDS_UNPLUGGING.ogg
[1.414s] -- Up-to-date: /home/azraa/ros2_ws/install/sound_play/share/sound_play/sounds/say-beep.wav
[1.415s] -- Up-to-date: /home/azraa/ros2_ws/install/sound_play/share/sound_play/sounds/BACKINGUP.ogg
[1.415s] -- Up-to-date: /home/azraa/ros2_ws/install/sound_play/share/sound_play/sounds/NEEDS_PLUGGING.ogg
[1.415s] -- Up-to-date: /home/azraa/ros2_ws/install/sound_play/share/ament_index/resource_index/package_run_dependencies/sound_play
[1.415s] -- Up-to-date: /home/azraa/ros2_ws/install/sound_play/share/ament_index/resource_index/parent_prefix_path/sound_play
[1.415s] -- Up-to-date: /home/azraa/ros2_ws/install/sound_play/share/sound_play/environment/ament_prefix_path.sh
[1.415s] -- Up-to-date: /home/azraa/ros2_ws/install/sound_play/share/sound_play/environment/ament_prefix_path.dsv
[1.415s] -- Up-to-date: /home/azraa/ros2_ws/install/sound_play/share/sound_play/environment/path.sh
[1.416s] -- Up-to-date: /home/azraa/ros2_ws/install/sound_play/share/sound_play/environment/path.dsv
[1.416s] -- Up-to-date: /home/azraa/ros2_ws/install/sound_play/share/sound_play/local_setup.bash
[1.422s] -- Up-to-date: /home/azraa/ros2_ws/install/sound_play/share/sound_play/local_setup.sh
[1.423s] -- Up-to-date: /home/azraa/ros2_ws/install/sound_play/share/sound_play/local_setup.zsh
[1.423s] -- Up-to-date: /home/azraa/ros2_ws/install/sound_play/share/sound_play/local_setup.dsv
[1.424s] -- Installing: /home/azraa/ros2_ws/install/sound_play/share/sound_play/package.dsv
[1.424s] -- Up-to-date: /home/azraa/ros2_ws/install/sound_play/share/ament_index/resource_index/packages/sound_play
[1.424s] -- Up-to-date: /home/azraa/ros2_ws/install/sound_play/share/sound_play/cmake/sound_play__rosidl_generator_cExport.cmake
[1.424s] -- Up-to-date: /home/azraa/ros2_ws/install/sound_play/share/sound_play/cmake/sound_play__rosidl_generator_cExport-noconfig.cmake
[1.425s] -- Up-to-date: /home/azraa/ros2_ws/install/sound_play/share/sound_play/cmake/sound_play__rosidl_typesupport_introspection_cExport.cmake
[1.425s] -- Up-to-date: /home/azraa/ros2_ws/install/sound_play/share/sound_play/cmake/sound_play__rosidl_typesupport_introspection_cExport-noconfig.cmake
[1.425s] -- Up-to-date: /home/azraa/ros2_ws/install/sound_play/share/sound_play/cmake/sound_play__rosidl_typesupport_cExport.cmake
[1.425s] -- Up-to-date: /home/azraa/ros2_ws/install/sound_play/share/sound_play/cmake/sound_play__rosidl_typesupport_cExport-noconfig.cmake
[1.425s] -- Up-to-date: /home/azraa/ros2_ws/install/sound_play/share/sound_play/cmake/sound_play__rosidl_generator_cppExport.cmake
[1.426s] -- Up-to-date: /home/azraa/ros2_ws/install/sound_play/share/sound_play/cmake/sound_play__rosidl_typesupport_introspection_cppExport.cmake
[1.426s] -- Up-to-date: /home/azraa/ros2_ws/install/sound_play/share/sound_play/cmake/sound_play__rosidl_typesupport_introspection_cppExport-noconfig.cmake
[1.426s] -- Up-to-date: /home/azraa/ros2_ws/install/sound_play/share/sound_play/cmake/sound_play__rosidl_typesupport_cppExport.cmake
[1.427s] -- Up-to-date: /home/azraa/ros2_ws/install/sound_play/share/sound_play/cmake/sound_play__rosidl_typesupport_cppExport-noconfig.cmake
[1.427s] -- Up-to-date: /home/azraa/ros2_ws/install/sound_play/share/sound_play/cmake/rosidl_cmake-extras.cmake
[1.427s] -- Up-to-date: /home/azraa/ros2_ws/install/sound_play/share/sound_play/cmake/ament_cmake_export_dependencies-extras.cmake
[1.427s] -- Up-to-date: /home/azraa/ros2_ws/install/sound_play/share/sound_play/cmake/ament_cmake_export_libraries-extras.cmake
[1.427s] -- Up-to-date: /home/azraa/ros2_ws/install/sound_play/share/sound_play/cmake/ament_cmake_export_targets-extras.cmake
[1.427s] -- Up-to-date: /home/azraa/ros2_ws/install/sound_play/share/sound_play/cmake/ament_cmake_export_include_directories-extras.cmake
[1.427s] -- Up-to-date: /home/azraa/ros2_ws/install/sound_play/share/sound_play/cmake/rosidl_cmake_export_typesupport_libraries-extras.cmake
[1.428s] -- Up-to-date: /home/azraa/ros2_ws/install/sound_play/share/sound_play/cmake/rosidl_cmake_export_typesupport_targets-extras.cmake
[1.428s] -- Up-to-date: /home/azraa/ros2_ws/install/sound_play/share/sound_play/cmake/sound_playConfig.cmake
[1.428s] -- Up-to-date: /home/azraa/ros2_ws/install/sound_play/share/sound_play/cmake/sound_playConfig-version.cmake
[1.428s] -- Up-to-date: /home/azraa/ros2_ws/install/sound_play/share/sound_play/package.xml
[1.428s] Invoked command in '/home/azraa/ros2_ws/build/sound_play' returned '0': CMAKE_PREFIX_PATH=/home/azraa/ros2_ws/install/audio_common_msgs:/home/azraa/ros2_ws/install/v4l2_camera:/home/azraa/ros2_ws/install/audio_common:/home/azraa/ros2_ws/install/sound_play:/home/azraa/ros2_ws/install/my_robot_bringup:/home/azraa/ros2_ws/install/my_cpp_pkg:/home/azraa/ros2_ws/install/my_robot_interfaces:/home/azraa/ros2_ws/install/bme280:/home/azraa/ros2_ws/install/m2s2_custom_interfaces:/home/azraa/ros2_ws/install/m2s2_bringup:/home/azraa/ros2_ws/install/gscam:/home/azraa/ros2_ws/install/flir_lepton_msgs:/home/azraa/ros2_ws/install/flir_lepton_capture:/home/azraa/ros2_ws/install/audio_play:/home/azraa/ros2_ws/install/audio_capture:/home/azraa/ros2_ws/install/m2s2_test_python:/opt/ros/foxy:/opt/ros/noetic LD_LIBRARY_PATH=/home/azraa/ros2_ws/install/audio_common_msgs/lib:/home/azraa/ros2_ws/install/v4l2_camera/lib:/home/azraa/ros2_ws/install/sound_play/lib:/home/azraa/ros2_ws/install/my_robot_interfaces/lib:/home/azraa/ros2_ws/install/m2s2_custom_interfaces/lib:/home/azraa/ros2_ws/install/gscam/lib:/home/azraa/ros2_ws/install/flir_lepton_msgs/lib:/opt/ros/foxy/opt/yaml_cpp_vendor/lib:/opt/ros/foxy/opt/rviz_ogre_vendor/lib:/opt/ros/foxy/lib/x86_64-linux-gnu:/opt/ros/foxy/lib:/opt/ros/noetic/lib PYTHONPATH=/home/azraa/ros2_ws/install/audio_common_msgs/lib/python3.8/site-packages:/home/azraa/ros2_ws/install/sound_play/lib/python3.8/site-packages:/home/azraa/ros2_ws/install/my_robot_interfaces/lib/python3.8/site-packages:/home/azraa/ros2_ws/install/my_python_pkg/lib/python3.8/site-packages:/home/azraa/ros2_ws/install/my_py_pkg/lib/python3.8/site-packages:/home/azraa/ros2_ws/install/m2s2_test_python/lib/python3.8/site-packages:/home/azraa/ros2_ws/install/m2s2_custom_interfaces/lib/python3.8/site-packages:/home/azraa/ros2_ws/install/flir_lepton_msgs/lib/python3.8/site-packages:/opt/ros/foxy/lib/python3.8/site-packages:/opt/ros/noetic/lib/python3/dist-packages /usr/bin/cmake --install /home/azraa/ros2_ws/build/sound_play
