[0.060s] Invoking command in '/home/azraa/ros2_ws/src/build/my_robot_interfaces': CMAKE_PREFIX_PATH=${CMAKE_PREFIX_PATH}:/opt/ros/foxy /usr/bin/cmake --build /home/azraa/ros2_ws/src/build/my_robot_interfaces -- -j4 -l4
[0.202s] [ 10%] Built target my_robot_interfaces__rosidl_generator_c
[0.233s] [ 12%] Built target my_robot_interfaces__cpp
[0.338s] [ 23%] Built target my_robot_interfaces__rosidl_typesupport_introspection_c
[0.394s] [ 34%] Built target my_robot_interfaces__rosidl_typesupport_fastrtps_cpp
[0.411s] [ 45%] Built target my_robot_interfaces__rosidl_typesupport_c
[0.412s] [ 56%] Built target my_robot_interfaces__rosidl_typesupport_introspection_cpp
[0.464s] [ 67%] Built target my_robot_interfaces__rosidl_typesupport_cpp
[0.490s] [ 78%] Built target my_robot_interfaces__rosidl_typesupport_fastrtps_c
[0.543s] [ 78%] Built target my_robot_interfaces
[0.624s] [ 80%] Built target my_robot_interfaces__py
[0.689s] [ 89%] Built target my_robot_interfaces__python
[0.738s] [ 92%] Built target my_robot_interfaces__rosidl_typesupport_c__pyext
[0.748s] [ 96%] Built target my_robot_interfaces__rosidl_typesupport_introspection_c__pyext
[0.759s] [100%] Built target my_robot_interfaces__rosidl_typesupport_fastrtps_c__pyext
[0.776s] Invoked command in '/home/azraa/ros2_ws/src/build/my_robot_interfaces' returned '0': CMAKE_PREFIX_PATH=${CMAKE_PREFIX_PATH}:/opt/ros/foxy /usr/bin/cmake --build /home/azraa/ros2_ws/src/build/my_robot_interfaces -- -j4 -l4
[0.907s] Invoking command in '/home/azraa/ros2_ws/src/build/my_robot_interfaces': CMAKE_PREFIX_PATH=${CMAKE_PREFIX_PATH}:/opt/ros/foxy /usr/bin/cmake --install /home/azraa/ros2_ws/src/build/my_robot_interfaces
[0.920s] -- Install configuration: ""
[0.920s] -- Up-to-date: /home/azraa/ros2_ws/src/install/my_robot_interfaces/share/ament_index/resource_index/rosidl_interfaces/my_robot_interfaces
[0.920s] -- Up-to-date: /home/azraa/ros2_ws/src/install/my_robot_interfaces/include/my_robot_interfaces
[0.921s] -- Up-to-date: /home/azraa/ros2_ws/src/install/my_robot_interfaces/include/my_robot_interfaces/msg
[0.921s] -- Up-to-date: /home/azraa/ros2_ws/src/install/my_robot_interfaces/include/my_robot_interfaces/msg/detail
[0.921s] -- Up-to-date: /home/azraa/ros2_ws/src/install/my_robot_interfaces/include/my_robot_interfaces/msg/detail/led_states__type_support.h
[0.922s] -- Up-to-date: /home/azraa/ros2_ws/src/install/my_robot_interfaces/include/my_robot_interfaces/msg/detail/led_states__functions.h
[0.923s] -- Up-to-date: /home/azraa/ros2_ws/src/install/my_robot_interfaces/include/my_robot_interfaces/msg/detail/led_states__struct.h
[0.923s] -- Up-to-date: /home/azraa/ros2_ws/src/install/my_robot_interfaces/include/my_robot_interfaces/msg/detail/hardware_status__functions.c
[0.923s] -- Up-to-date: /home/azraa/ros2_ws/src/install/my_robot_interfaces/include/my_robot_interfaces/msg/detail/hardware_status__type_support.h
[0.923s] -- Up-to-date: /home/azraa/ros2_ws/src/install/my_robot_interfaces/include/my_robot_interfaces/msg/detail/led_states__functions.c
[0.923s] -- Up-to-date: /home/azraa/ros2_ws/src/install/my_robot_interfaces/include/my_robot_interfaces/msg/detail/hardware_status__functions.h
[0.924s] -- Up-to-date: /home/azraa/ros2_ws/src/install/my_robot_interfaces/include/my_robot_interfaces/msg/detail/hardware_status__struct.h
[0.925s] -- Up-to-date: /home/azraa/ros2_ws/src/install/my_robot_interfaces/include/my_robot_interfaces/msg/hardware_status.h
[0.925s] -- Up-to-date: /home/azraa/ros2_ws/src/install/my_robot_interfaces/include/my_robot_interfaces/msg/led_states.h
[0.925s] -- Up-to-date: /home/azraa/ros2_ws/src/install/my_robot_interfaces/include/my_robot_interfaces/msg/rosidl_generator_c__visibility_control.h
[0.925s] -- Up-to-date: /home/azraa/ros2_ws/src/install/my_robot_interfaces/include/my_robot_interfaces/srv
[0.926s] -- Up-to-date: /home/azraa/ros2_ws/src/install/my_robot_interfaces/include/my_robot_interfaces/srv/set_led.h
[0.926s] -- Up-to-date: /home/azraa/ros2_ws/src/install/my_robot_interfaces/include/my_robot_interfaces/srv/detail
[0.926s] -- Up-to-date: /home/azraa/ros2_ws/src/install/my_robot_interfaces/include/my_robot_interfaces/srv/detail/compute_rectangle_area__functions.c
[0.927s] -- Up-to-date: /home/azraa/ros2_ws/src/install/my_robot_interfaces/include/my_robot_interfaces/srv/detail/set_led__functions.c
[0.928s] -- Up-to-date: /home/azraa/ros2_ws/src/install/my_robot_interfaces/include/my_robot_interfaces/srv/detail/set_led__type_support.h
[0.928s] -- Up-to-date: /home/azraa/ros2_ws/src/install/my_robot_interfaces/include/my_robot_interfaces/srv/detail/compute_rectangle_area__functions.h
[0.928s] -- Up-to-date: /home/azraa/ros2_ws/src/install/my_robot_interfaces/include/my_robot_interfaces/srv/detail/compute_rectangle_area__struct.h
[0.928s] -- Up-to-date: /home/azraa/ros2_ws/src/install/my_robot_interfaces/include/my_robot_interfaces/srv/detail/compute_rectangle_area__type_support.h
[0.929s] -- Up-to-date: /home/azraa/ros2_ws/src/install/my_robot_interfaces/include/my_robot_interfaces/srv/detail/set_led__functions.h
[0.929s] -- Up-to-date: /home/azraa/ros2_ws/src/install/my_robot_interfaces/include/my_robot_interfaces/srv/detail/set_led__struct.h
[0.929s] -- Up-to-date: /home/azraa/ros2_ws/src/install/my_robot_interfaces/include/my_robot_interfaces/srv/compute_rectangle_area.h
[0.930s] -- Up-to-date: /home/azraa/ros2_ws/src/install/my_robot_interfaces/share/my_robot_interfaces/environment/library_path.sh
[0.930s] -- Up-to-date: /home/azraa/ros2_ws/src/install/my_robot_interfaces/share/my_robot_interfaces/environment/library_path.dsv
[0.930s] -- Up-to-date: /home/azraa/ros2_ws/src/install/my_robot_interfaces/lib/libmy_robot_interfaces__rosidl_generator_c.so
[0.930s] -- Up-to-date: /home/azraa/ros2_ws/src/install/my_robot_interfaces/include/my_robot_interfaces
[0.931s] -- Up-to-date: /home/azraa/ros2_ws/src/install/my_robot_interfaces/include/my_robot_interfaces/msg
[0.931s] -- Up-to-date: /home/azraa/ros2_ws/src/install/my_robot_interfaces/include/my_robot_interfaces/msg/rosidl_typesupport_fastrtps_c__visibility_control.h
[0.931s] -- Up-to-date: /home/azraa/ros2_ws/src/install/my_robot_interfaces/include/my_robot_interfaces/msg/detail
[0.931s] -- Up-to-date: /home/azraa/ros2_ws/src/install/my_robot_interfaces/include/my_robot_interfaces/msg/detail/hardware_status__rosidl_typesupport_fastrtps_c.h
[0.932s] -- Up-to-date: /home/azraa/ros2_ws/src/install/my_robot_interfaces/include/my_robot_interfaces/msg/detail/led_states__rosidl_typesupport_fastrtps_c.h
[0.932s] -- Up-to-date: /home/azraa/ros2_ws/src/install/my_robot_interfaces/include/my_robot_interfaces/srv
[0.932s] -- Up-to-date: /home/azraa/ros2_ws/src/install/my_robot_interfaces/include/my_robot_interfaces/srv/detail
[0.932s] -- Up-to-date: /home/azraa/ros2_ws/src/install/my_robot_interfaces/include/my_robot_interfaces/srv/detail/set_led__rosidl_typesupport_fastrtps_c.h
[0.932s] -- Up-to-date: /home/azraa/ros2_ws/src/install/my_robot_interfaces/include/my_robot_interfaces/srv/detail/compute_rectangle_area__rosidl_typesupport_fastrtps_c.h
[0.932s] -- Up-to-date: /home/azraa/ros2_ws/src/install/my_robot_interfaces/lib/libmy_robot_interfaces__rosidl_typesupport_fastrtps_c.so
[0.933s] -- Up-to-date: /home/azraa/ros2_ws/src/install/my_robot_interfaces/include/my_robot_interfaces
[0.933s] -- Up-to-date: /home/azraa/ros2_ws/src/install/my_robot_interfaces/include/my_robot_interfaces/msg
[0.933s] -- Up-to-date: /home/azraa/ros2_ws/src/install/my_robot_interfaces/include/my_robot_interfaces/msg/detail
[0.933s] -- Up-to-date: /home/azraa/ros2_ws/src/install/my_robot_interfaces/include/my_robot_interfaces/msg/detail/led_states__rosidl_typesupport_fastrtps_cpp.hpp
[0.933s] -- Up-to-date: /home/azraa/ros2_ws/src/install/my_robot_interfaces/include/my_robot_interfaces/msg/detail/hardware_status__rosidl_typesupport_fastrtps_cpp.hpp
[0.934s] -- Up-to-date: /home/azraa/ros2_ws/src/install/my_robot_interfaces/include/my_robot_interfaces/msg/detail/dds_fastrtps
[0.934s] -- Up-to-date: /home/azraa/ros2_ws/src/install/my_robot_interfaces/include/my_robot_interfaces/msg/rosidl_typesupport_fastrtps_cpp__visibility_control.h
[0.934s] -- Up-to-date: /home/azraa/ros2_ws/src/install/my_robot_interfaces/include/my_robot_interfaces/srv
[0.934s] -- Up-to-date: /home/azraa/ros2_ws/src/install/my_robot_interfaces/include/my_robot_interfaces/srv/detail
[0.934s] -- Up-to-date: /home/azraa/ros2_ws/src/install/my_robot_interfaces/include/my_robot_interfaces/srv/detail/compute_rectangle_area__rosidl_typesupport_fastrtps_cpp.hpp
[0.935s] -- Up-to-date: /home/azraa/ros2_ws/src/install/my_robot_interfaces/include/my_robot_interfaces/srv/detail/set_led__rosidl_typesupport_fastrtps_cpp.hpp
[0.935s] -- Up-to-date: /home/azraa/ros2_ws/src/install/my_robot_interfaces/include/my_robot_interfaces/srv/detail/dds_fastrtps
[0.935s] -- Up-to-date: /home/azraa/ros2_ws/src/install/my_robot_interfaces/lib/libmy_robot_interfaces__rosidl_typesupport_fastrtps_cpp.so
[0.935s] -- Up-to-date: /home/azraa/ros2_ws/src/install/my_robot_interfaces/include/my_robot_interfaces
[0.935s] -- Up-to-date: /home/azraa/ros2_ws/src/install/my_robot_interfaces/include/my_robot_interfaces/msg
[0.936s] -- Up-to-date: /home/azraa/ros2_ws/src/install/my_robot_interfaces/include/my_robot_interfaces/msg/detail
[0.936s] -- Up-to-date: /home/azraa/ros2_ws/src/install/my_robot_interfaces/include/my_robot_interfaces/msg/detail/led_states__rosidl_typesupport_introspection_c.h
[0.936s] -- Up-to-date: /home/azraa/ros2_ws/src/install/my_robot_interfaces/include/my_robot_interfaces/msg/detail/led_states__type_support.c
[0.936s] -- Up-to-date: /home/azraa/ros2_ws/src/install/my_robot_interfaces/include/my_robot_interfaces/msg/detail/hardware_status__type_support.c
[0.936s] -- Up-to-date: /home/azraa/ros2_ws/src/install/my_robot_interfaces/include/my_robot_interfaces/msg/detail/hardware_status__rosidl_typesupport_introspection_c.h
[0.936s] -- Up-to-date: /home/azraa/ros2_ws/src/install/my_robot_interfaces/include/my_robot_interfaces/msg/rosidl_typesupport_introspection_c__visibility_control.h
[0.937s] -- Up-to-date: /home/azraa/ros2_ws/src/install/my_robot_interfaces/include/my_robot_interfaces/srv
[0.937s] -- Up-to-date: /home/azraa/ros2_ws/src/install/my_robot_interfaces/include/my_robot_interfaces/srv/detail
[0.938s] -- Up-to-date: /home/azraa/ros2_ws/src/install/my_robot_interfaces/include/my_robot_interfaces/srv/detail/set_led__rosidl_typesupport_introspection_c.h
[0.938s] -- Up-to-date: /home/azraa/ros2_ws/src/install/my_robot_interfaces/include/my_robot_interfaces/srv/detail/compute_rectangle_area__type_support.c
[0.939s] -- Up-to-date: /home/azraa/ros2_ws/src/install/my_robot_interfaces/include/my_robot_interfaces/srv/detail/compute_rectangle_area__rosidl_typesupport_introspection_c.h
[0.939s] -- Up-to-date: /home/azraa/ros2_ws/src/install/my_robot_interfaces/include/my_robot_interfaces/srv/detail/set_led__type_support.c
[0.939s] -- Up-to-date: /home/azraa/ros2_ws/src/install/my_robot_interfaces/lib/libmy_robot_interfaces__rosidl_typesupport_introspection_c.so
[0.939s] -- Up-to-date: /home/azraa/ros2_ws/src/install/my_robot_interfaces/lib/libmy_robot_interfaces__rosidl_typesupport_c.so
[0.941s] -- Up-to-date: /home/azraa/ros2_ws/src/install/my_robot_interfaces/include/my_robot_interfaces
[0.942s] -- Up-to-date: /home/azraa/ros2_ws/src/install/my_robot_interfaces/include/my_robot_interfaces/msg
[0.942s] -- Up-to-date: /home/azraa/ros2_ws/src/install/my_robot_interfaces/include/my_robot_interfaces/msg/detail
[0.942s] -- Up-to-date: /home/azraa/ros2_ws/src/install/my_robot_interfaces/include/my_robot_interfaces/msg/detail/led_states__builder.hpp
[0.942s] -- Up-to-date: /home/azraa/ros2_ws/src/install/my_robot_interfaces/include/my_robot_interfaces/msg/detail/hardware_status__struct.hpp
[0.942s] -- Up-to-date: /home/azraa/ros2_ws/src/install/my_robot_interfaces/include/my_robot_interfaces/msg/detail/hardware_status__traits.hpp
[0.943s] -- Up-to-date: /home/azraa/ros2_ws/src/install/my_robot_interfaces/include/my_robot_interfaces/msg/detail/hardware_status__builder.hpp
[0.943s] -- Up-to-date: /home/azraa/ros2_ws/src/install/my_robot_interfaces/include/my_robot_interfaces/msg/detail/led_states__struct.hpp
[0.943s] -- Up-to-date: /home/azraa/ros2_ws/src/install/my_robot_interfaces/include/my_robot_interfaces/msg/detail/led_states__traits.hpp
[0.943s] -- Up-to-date: /home/azraa/ros2_ws/src/install/my_robot_interfaces/include/my_robot_interfaces/msg/led_states.hpp
[0.944s] -- Up-to-date: /home/azraa/ros2_ws/src/install/my_robot_interfaces/include/my_robot_interfaces/msg/hardware_status.hpp
[0.944s] -- Up-to-date: /home/azraa/ros2_ws/src/install/my_robot_interfaces/include/my_robot_interfaces/srv
[0.944s] -- Up-to-date: /home/azraa/ros2_ws/src/install/my_robot_interfaces/include/my_robot_interfaces/srv/compute_rectangle_area.hpp
[0.944s] -- Up-to-date: /home/azraa/ros2_ws/src/install/my_robot_interfaces/include/my_robot_interfaces/srv/detail
[0.945s] -- Up-to-date: /home/azraa/ros2_ws/src/install/my_robot_interfaces/include/my_robot_interfaces/srv/detail/compute_rectangle_area__struct.hpp
[0.945s] -- Up-to-date: /home/azraa/ros2_ws/src/install/my_robot_interfaces/include/my_robot_interfaces/srv/detail/set_led__builder.hpp
[0.945s] -- Up-to-date: /home/azraa/ros2_ws/src/install/my_robot_interfaces/include/my_robot_interfaces/srv/detail/compute_rectangle_area__traits.hpp
[0.945s] -- Up-to-date: /home/azraa/ros2_ws/src/install/my_robot_interfaces/include/my_robot_interfaces/srv/detail/set_led__struct.hpp
[0.945s] -- Up-to-date: /home/azraa/ros2_ws/src/install/my_robot_interfaces/include/my_robot_interfaces/srv/detail/set_led__traits.hpp
[0.946s] -- Up-to-date: /home/azraa/ros2_ws/src/install/my_robot_interfaces/include/my_robot_interfaces/srv/detail/compute_rectangle_area__builder.hpp
[0.946s] -- Up-to-date: /home/azraa/ros2_ws/src/install/my_robot_interfaces/include/my_robot_interfaces/srv/set_led.hpp
[0.946s] -- Up-to-date: /home/azraa/ros2_ws/src/install/my_robot_interfaces/include/my_robot_interfaces
[0.946s] -- Up-to-date: /home/azraa/ros2_ws/src/install/my_robot_interfaces/include/my_robot_interfaces/msg
[0.947s] -- Up-to-date: /home/azraa/ros2_ws/src/install/my_robot_interfaces/include/my_robot_interfaces/msg/detail
[0.947s] -- Up-to-date: /home/azraa/ros2_ws/src/install/my_robot_interfaces/include/my_robot_interfaces/msg/detail/led_states__rosidl_typesupport_introspection_cpp.hpp
[0.947s] -- Up-to-date: /home/azraa/ros2_ws/src/install/my_robot_interfaces/include/my_robot_interfaces/msg/detail/hardware_status__type_support.cpp
[0.947s] -- Up-to-date: /home/azraa/ros2_ws/src/install/my_robot_interfaces/include/my_robot_interfaces/msg/detail/hardware_status__rosidl_typesupport_introspection_cpp.hpp
[0.948s] -- Up-to-date: /home/azraa/ros2_ws/src/install/my_robot_interfaces/include/my_robot_interfaces/msg/detail/led_states__type_support.cpp
[0.948s] -- Up-to-date: /home/azraa/ros2_ws/src/install/my_robot_interfaces/include/my_robot_interfaces/srv
[0.948s] -- Up-to-date: /home/azraa/ros2_ws/src/install/my_robot_interfaces/include/my_robot_interfaces/srv/detail
[0.948s] -- Up-to-date: /home/azraa/ros2_ws/src/install/my_robot_interfaces/include/my_robot_interfaces/srv/detail/compute_rectangle_area__type_support.cpp
[0.949s] -- Up-to-date: /home/azraa/ros2_ws/src/install/my_robot_interfaces/include/my_robot_interfaces/srv/detail/compute_rectangle_area__rosidl_typesupport_introspection_cpp.hpp
[0.949s] -- Up-to-date: /home/azraa/ros2_ws/src/install/my_robot_interfaces/include/my_robot_interfaces/srv/detail/set_led__rosidl_typesupport_introspection_cpp.hpp
[0.949s] -- Up-to-date: /home/azraa/ros2_ws/src/install/my_robot_interfaces/include/my_robot_interfaces/srv/detail/set_led__type_support.cpp
[0.949s] -- Up-to-date: /home/azraa/ros2_ws/src/install/my_robot_interfaces/lib/libmy_robot_interfaces__rosidl_typesupport_introspection_cpp.so
[0.950s] -- Up-to-date: /home/azraa/ros2_ws/src/install/my_robot_interfaces/lib/libmy_robot_interfaces__rosidl_typesupport_cpp.so
[0.950s] -- Up-to-date: /home/azraa/ros2_ws/src/install/my_robot_interfaces/share/my_robot_interfaces/environment/pythonpath.sh
[0.950s] -- Up-to-date: /home/azraa/ros2_ws/src/install/my_robot_interfaces/share/my_robot_interfaces/environment/pythonpath.dsv
[0.950s] -- Up-to-date: /home/azraa/ros2_ws/src/install/my_robot_interfaces/lib/python3.8/site-packages/my_robot_interfaces/__init__.py
[1.022s] -- Up-to-date: /home/azraa/ros2_ws/src/install/my_robot_interfaces/lib/python3.8/site-packages/my_robot_interfaces/msg
[1.022s] -- Up-to-date: /home/azraa/ros2_ws/src/install/my_robot_interfaces/lib/python3.8/site-packages/my_robot_interfaces/msg/_led_states.py
[1.022s] -- Up-to-date: /home/azraa/ros2_ws/src/install/my_robot_interfaces/lib/python3.8/site-packages/my_robot_interfaces/msg/_hardware_status_s.c
[1.022s] -- Up-to-date: /home/azraa/ros2_ws/src/install/my_robot_interfaces/lib/python3.8/site-packages/my_robot_interfaces/msg/_led_states_s.c
[1.023s] -- Up-to-date: /home/azraa/ros2_ws/src/install/my_robot_interfaces/lib/python3.8/site-packages/my_robot_interfaces/msg/__init__.py
[1.023s] -- Up-to-date: /home/azraa/ros2_ws/src/install/my_robot_interfaces/lib/python3.8/site-packages/my_robot_interfaces/msg/_hardware_status.py
[1.023s] -- Up-to-date: /home/azraa/ros2_ws/src/install/my_robot_interfaces/lib/python3.8/site-packages/my_robot_interfaces/srv
[1.023s] -- Up-to-date: /home/azraa/ros2_ws/src/install/my_robot_interfaces/lib/python3.8/site-packages/my_robot_interfaces/srv/_compute_rectangle_area.py
[1.024s] -- Up-to-date: /home/azraa/ros2_ws/src/install/my_robot_interfaces/lib/python3.8/site-packages/my_robot_interfaces/srv/_compute_rectangle_area_s.c
[1.024s] -- Up-to-date: /home/azraa/ros2_ws/src/install/my_robot_interfaces/lib/python3.8/site-packages/my_robot_interfaces/srv/_set_led_s.c
[1.025s] -- Up-to-date: /home/azraa/ros2_ws/src/install/my_robot_interfaces/lib/python3.8/site-packages/my_robot_interfaces/srv/__init__.py
[1.025s] -- Up-to-date: /home/azraa/ros2_ws/src/install/my_robot_interfaces/lib/python3.8/site-packages/my_robot_interfaces/srv/_set_led.py
[1.025s] -- Up-to-date: /home/azraa/ros2_ws/src/install/my_robot_interfaces/lib/python3.8/site-packages/my_robot_interfaces/my_robot_interfaces_s__rosidl_typesupport_fastrtps_c.cpython-38-x86_64-linux-gnu.so
[1.025s] -- Up-to-date: /home/azraa/ros2_ws/src/install/my_robot_interfaces/lib/python3.8/site-packages/my_robot_interfaces/my_robot_interfaces_s__rosidl_typesupport_introspection_c.cpython-38-x86_64-linux-gnu.so
[1.026s] -- Up-to-date: /home/azraa/ros2_ws/src/install/my_robot_interfaces/lib/python3.8/site-packages/my_robot_interfaces/my_robot_interfaces_s__rosidl_typesupport_c.cpython-38-x86_64-linux-gnu.so
[1.027s] -- Up-to-date: /home/azraa/ros2_ws/src/install/my_robot_interfaces/lib/libmy_robot_interfaces__python.so
[1.028s] -- Up-to-date: /home/azraa/ros2_ws/src/install/my_robot_interfaces/share/my_robot_interfaces/msg/HardwareStatus.idl
[1.030s] -- Up-to-date: /home/azraa/ros2_ws/src/install/my_robot_interfaces/share/my_robot_interfaces/msg/LedStates.idl
[1.030s] -- Up-to-date: /home/azraa/ros2_ws/src/install/my_robot_interfaces/share/my_robot_interfaces/srv/ComputeRectangleArea.idl
[1.030s] -- Up-to-date: /home/azraa/ros2_ws/src/install/my_robot_interfaces/share/my_robot_interfaces/srv/SetLed.idl
[1.030s] -- Up-to-date: /home/azraa/ros2_ws/src/install/my_robot_interfaces/share/my_robot_interfaces/msg/HardwareStatus.msg
[1.031s] -- Up-to-date: /home/azraa/ros2_ws/src/install/my_robot_interfaces/share/my_robot_interfaces/msg/LedStates.msg
[1.031s] -- Up-to-date: /home/azraa/ros2_ws/src/install/my_robot_interfaces/share/my_robot_interfaces/srv/ComputeRectangleArea.srv
[1.031s] -- Up-to-date: /home/azraa/ros2_ws/src/install/my_robot_interfaces/share/my_robot_interfaces/srv/ComputeRectangleArea_Request.msg
[1.032s] -- Up-to-date: /home/azraa/ros2_ws/src/install/my_robot_interfaces/share/my_robot_interfaces/srv/ComputeRectangleArea_Response.msg
[1.032s] -- Up-to-date: /home/azraa/ros2_ws/src/install/my_robot_interfaces/share/my_robot_interfaces/srv/SetLed.srv
[1.032s] -- Up-to-date: /home/azraa/ros2_ws/src/install/my_robot_interfaces/share/my_robot_interfaces/srv/SetLed_Request.msg
[1.035s] -- Up-to-date: /home/azraa/ros2_ws/src/install/my_robot_interfaces/share/my_robot_interfaces/srv/SetLed_Response.msg
[1.035s] -- Up-to-date: /home/azraa/ros2_ws/src/install/my_robot_interfaces/share/ament_index/resource_index/package_run_dependencies/my_robot_interfaces
[1.036s] -- Up-to-date: /home/azraa/ros2_ws/src/install/my_robot_interfaces/share/ament_index/resource_index/parent_prefix_path/my_robot_interfaces
[1.036s] -- Up-to-date: /home/azraa/ros2_ws/src/install/my_robot_interfaces/share/my_robot_interfaces/environment/ament_prefix_path.sh
[1.036s] -- Up-to-date: /home/azraa/ros2_ws/src/install/my_robot_interfaces/share/my_robot_interfaces/environment/ament_prefix_path.dsv
[1.037s] -- Up-to-date: /home/azraa/ros2_ws/src/install/my_robot_interfaces/share/my_robot_interfaces/environment/path.sh
[1.037s] -- Up-to-date: /home/azraa/ros2_ws/src/install/my_robot_interfaces/share/my_robot_interfaces/environment/path.dsv
[1.038s] -- Up-to-date: /home/azraa/ros2_ws/src/install/my_robot_interfaces/share/my_robot_interfaces/local_setup.bash
[1.038s] -- Up-to-date: /home/azraa/ros2_ws/src/install/my_robot_interfaces/share/my_robot_interfaces/local_setup.sh
[1.038s] -- Up-to-date: /home/azraa/ros2_ws/src/install/my_robot_interfaces/share/my_robot_interfaces/local_setup.zsh
[1.038s] -- Up-to-date: /home/azraa/ros2_ws/src/install/my_robot_interfaces/share/my_robot_interfaces/local_setup.dsv
[1.039s] -- Installing: /home/azraa/ros2_ws/src/install/my_robot_interfaces/share/my_robot_interfaces/package.dsv
[1.039s] -- Up-to-date: /home/azraa/ros2_ws/src/install/my_robot_interfaces/share/ament_index/resource_index/packages/my_robot_interfaces
[1.039s] -- Up-to-date: /home/azraa/ros2_ws/src/install/my_robot_interfaces/share/my_robot_interfaces/cmake/my_robot_interfaces__rosidl_generator_cExport.cmake
[1.039s] -- Up-to-date: /home/azraa/ros2_ws/src/install/my_robot_interfaces/share/my_robot_interfaces/cmake/my_robot_interfaces__rosidl_generator_cExport-noconfig.cmake
[1.040s] -- Up-to-date: /home/azraa/ros2_ws/src/install/my_robot_interfaces/share/my_robot_interfaces/cmake/my_robot_interfaces__rosidl_typesupport_introspection_cExport.cmake
[1.040s] -- Up-to-date: /home/azraa/ros2_ws/src/install/my_robot_interfaces/share/my_robot_interfaces/cmake/my_robot_interfaces__rosidl_typesupport_introspection_cExport-noconfig.cmake
[1.040s] -- Up-to-date: /home/azraa/ros2_ws/src/install/my_robot_interfaces/share/my_robot_interfaces/cmake/my_robot_interfaces__rosidl_typesupport_cExport.cmake
[1.040s] -- Up-to-date: /home/azraa/ros2_ws/src/install/my_robot_interfaces/share/my_robot_interfaces/cmake/my_robot_interfaces__rosidl_typesupport_cExport-noconfig.cmake
[1.040s] -- Up-to-date: /home/azraa/ros2_ws/src/install/my_robot_interfaces/share/my_robot_interfaces/cmake/my_robot_interfaces__rosidl_generator_cppExport.cmake
[1.046s] -- Up-to-date: /home/azraa/ros2_ws/src/install/my_robot_interfaces/share/my_robot_interfaces/cmake/my_robot_interfaces__rosidl_typesupport_introspection_cppExport.cmake
[1.046s] -- Up-to-date: /home/azraa/ros2_ws/src/install/my_robot_interfaces/share/my_robot_interfaces/cmake/my_robot_interfaces__rosidl_typesupport_introspection_cppExport-noconfig.cmake
[1.047s] -- Up-to-date: /home/azraa/ros2_ws/src/install/my_robot_interfaces/share/my_robot_interfaces/cmake/my_robot_interfaces__rosidl_typesupport_cppExport.cmake
[1.047s] -- Up-to-date: /home/azraa/ros2_ws/src/install/my_robot_interfaces/share/my_robot_interfaces/cmake/my_robot_interfaces__rosidl_typesupport_cppExport-noconfig.cmake
[1.048s] -- Up-to-date: /home/azraa/ros2_ws/src/install/my_robot_interfaces/share/my_robot_interfaces/cmake/rosidl_cmake-extras.cmake
[1.048s] -- Up-to-date: /home/azraa/ros2_ws/src/install/my_robot_interfaces/share/my_robot_interfaces/cmake/ament_cmake_export_dependencies-extras.cmake
[1.048s] -- Up-to-date: /home/azraa/ros2_ws/src/install/my_robot_interfaces/share/my_robot_interfaces/cmake/ament_cmake_export_libraries-extras.cmake
[1.048s] -- Up-to-date: /home/azraa/ros2_ws/src/install/my_robot_interfaces/share/my_robot_interfaces/cmake/ament_cmake_export_targets-extras.cmake
[1.049s] -- Up-to-date: /home/azraa/ros2_ws/src/install/my_robot_interfaces/share/my_robot_interfaces/cmake/ament_cmake_export_include_directories-extras.cmake
[1.049s] -- Up-to-date: /home/azraa/ros2_ws/src/install/my_robot_interfaces/share/my_robot_interfaces/cmake/rosidl_cmake_export_typesupport_libraries-extras.cmake
[1.049s] -- Up-to-date: /home/azraa/ros2_ws/src/install/my_robot_interfaces/share/my_robot_interfaces/cmake/rosidl_cmake_export_typesupport_targets-extras.cmake
[1.049s] -- Up-to-date: /home/azraa/ros2_ws/src/install/my_robot_interfaces/share/my_robot_interfaces/cmake/my_robot_interfacesConfig.cmake
[1.050s] -- Up-to-date: /home/azraa/ros2_ws/src/install/my_robot_interfaces/share/my_robot_interfaces/cmake/my_robot_interfacesConfig-version.cmake
[1.053s] -- Up-to-date: /home/azraa/ros2_ws/src/install/my_robot_interfaces/share/my_robot_interfaces/package.xml
[1.054s] Invoked command in '/home/azraa/ros2_ws/src/build/my_robot_interfaces' returned '0': CMAKE_PREFIX_PATH=${CMAKE_PREFIX_PATH}:/opt/ros/foxy /usr/bin/cmake --install /home/azraa/ros2_ws/src/build/my_robot_interfaces
