[0.207s] DEBUG:colcon:Command line arguments: ['/usr/bin/colcon', 'build']
[0.207s] DEBUG:colcon:Parsed command line arguments: Namespace(allow_overriding=[], ament_cmake_args=None, base_paths=['.'], build_base='build', catkin_cmake_args=None, catkin_skip_building_tests=False, cmake_args=None, cmake_clean_cache=False, cmake_clean_first=False, cmake_force_configure=False, cmake_target=None, cmake_target_skip_unavailable=False, continue_on_error=False, event_handlers=None, executor='parallel', ignore_user_meta=False, install_base='install', log_base=None, log_level=None, main=<bound method BuildVerb.main of <colcon_core.verb.build.BuildVerb object at 0x7fd0aca06640>>, merge_install=False, metas=['./colcon.meta'], packages_above=None, packages_above_and_dependencies=None, packages_above_depth=None, packages_end=None, packages_ignore=None, packages_ignore_regex=None, packages_select=None, packages_select_build_failed=False, packages_select_by_dep=None, packages_select_regex=None, packages_select_test_failures=False, packages_skip=None, packages_skip_build_finished=False, packages_skip_by_dep=None, packages_skip_regex=None, packages_skip_test_passed=False, packages_skip_up_to=None, packages_start=None, packages_up_to=None, packages_up_to_regex=None, parallel_workers=4, paths=None, symlink_install=False, test_result_base=None, verb_extension=<colcon_core.verb.build.BuildVerb object at 0x7fd0aca06640>, verb_name='build', verb_parser=<colcon_defaults.argument_parser.defaults.DefaultArgumentsDecorator object at 0x7fd0aca06b80>)
[0.238s] Level 1:colcon.colcon_core.package_discovery:discover_packages(colcon_meta) check parameters
[0.238s] Level 1:colcon.colcon_core.package_discovery:discover_packages(recursive) check parameters
[0.238s] Level 1:colcon.colcon_core.package_discovery:discover_packages(ignore) check parameters
[0.238s] Level 1:colcon.colcon_core.package_discovery:discover_packages(path) check parameters
[0.239s] Level 1:colcon.colcon_core.package_discovery:discover_packages(colcon_meta) discover
[0.239s] Level 1:colcon.colcon_core.package_discovery:discover_packages(recursive) discover
[0.239s] INFO:colcon.colcon_core.package_discovery:Crawling recursively for packages in '/home/azraa/ros2_ws/src'
[0.239s] Level 1:colcon.colcon_core.package_identification:_identify(.) by extensions ['ignore', 'ignore_ament_install']
[0.239s] Level 1:colcon.colcon_core.package_identification:_identify(.) by extension 'ignore'
[0.239s] Level 1:colcon.colcon_core.package_identification:_identify(.) by extension 'ignore_ament_install'
[0.239s] Level 1:colcon.colcon_core.package_identification:_identify(.) by extensions ['colcon_pkg']
[0.239s] Level 1:colcon.colcon_core.package_identification:_identify(.) by extension 'colcon_pkg'
[0.239s] Level 1:colcon.colcon_core.package_identification:_identify(.) by extensions ['colcon_meta']
[0.239s] Level 1:colcon.colcon_core.package_identification:_identify(.) by extension 'colcon_meta'
[0.239s] Level 1:colcon.colcon_core.package_identification:_identify(.) by extensions ['ros']
[0.239s] Level 1:colcon.colcon_core.package_identification:_identify(.) by extension 'ros'
[0.254s] Level 1:colcon.colcon_core.package_identification:_identify(.) by extensions ['cmake', 'python']
[0.254s] Level 1:colcon.colcon_core.package_identification:_identify(.) by extension 'cmake'
[0.254s] Level 1:colcon.colcon_core.package_identification:_identify(.) by extension 'python'
[0.254s] Level 1:colcon.colcon_core.package_identification:_identify(.) by extensions ['python_setup_py']
[0.254s] Level 1:colcon.colcon_core.package_identification:_identify(.) by extension 'python_setup_py'
[0.255s] Level 1:colcon.colcon_core.package_identification:_identify(build) by extensions ['ignore', 'ignore_ament_install']
[0.255s] Level 1:colcon.colcon_core.package_identification:_identify(build) by extension 'ignore'
[0.255s] Level 1:colcon.colcon_core.package_identification:_identify(build) ignored
[0.255s] Level 1:colcon.colcon_core.package_identification:_identify(gscam) by extensions ['ignore', 'ignore_ament_install']
[0.255s] Level 1:colcon.colcon_core.package_identification:_identify(gscam) by extension 'ignore'
[0.255s] Level 1:colcon.colcon_core.package_identification:_identify(gscam) by extension 'ignore_ament_install'
[0.255s] Level 1:colcon.colcon_core.package_identification:_identify(gscam) by extensions ['colcon_pkg']
[0.255s] Level 1:colcon.colcon_core.package_identification:_identify(gscam) by extension 'colcon_pkg'
[0.255s] Level 1:colcon.colcon_core.package_identification:_identify(gscam) by extensions ['colcon_meta']
[0.255s] Level 1:colcon.colcon_core.package_identification:_identify(gscam) by extension 'colcon_meta'
[0.255s] Level 1:colcon.colcon_core.package_identification:_identify(gscam) by extensions ['ros']
[0.255s] Level 1:colcon.colcon_core.package_identification:_identify(gscam) by extension 'ros'
[0.260s] DEBUG:colcon.colcon_core.package_identification:Package 'gscam' with type 'ros.ament_cmake' and name 'gscam'
[0.260s] Level 1:colcon.colcon_core.package_identification:_identify(install) by extensions ['ignore', 'ignore_ament_install']
[0.260s] Level 1:colcon.colcon_core.package_identification:_identify(install) by extension 'ignore'
[0.261s] Level 1:colcon.colcon_core.package_identification:_identify(install) ignored
[0.261s] Level 1:colcon.colcon_core.package_identification:_identify(log) by extensions ['ignore', 'ignore_ament_install']
[0.261s] Level 1:colcon.colcon_core.package_identification:_identify(log) by extension 'ignore'
[0.261s] Level 1:colcon.colcon_core.package_identification:_identify(log) ignored
[0.261s] Level 1:colcon.colcon_core.package_identification:_identify(my_cpp_pkg) by extensions ['ignore', 'ignore_ament_install']
[0.261s] Level 1:colcon.colcon_core.package_identification:_identify(my_cpp_pkg) by extension 'ignore'
[0.261s] Level 1:colcon.colcon_core.package_identification:_identify(my_cpp_pkg) by extension 'ignore_ament_install'
[0.261s] Level 1:colcon.colcon_core.package_identification:_identify(my_cpp_pkg) by extensions ['colcon_pkg']
[0.261s] Level 1:colcon.colcon_core.package_identification:_identify(my_cpp_pkg) by extension 'colcon_pkg'
[0.261s] Level 1:colcon.colcon_core.package_identification:_identify(my_cpp_pkg) by extensions ['colcon_meta']
[0.261s] Level 1:colcon.colcon_core.package_identification:_identify(my_cpp_pkg) by extension 'colcon_meta'
[0.261s] Level 1:colcon.colcon_core.package_identification:_identify(my_cpp_pkg) by extensions ['ros']
[0.261s] Level 1:colcon.colcon_core.package_identification:_identify(my_cpp_pkg) by extension 'ros'
[0.262s] DEBUG:colcon.colcon_core.package_identification:Package 'my_cpp_pkg' with type 'ros.ament_cmake' and name 'my_cpp_pkg'
[0.262s] Level 1:colcon.colcon_core.package_identification:_identify(my_py_pkg) by extensions ['ignore', 'ignore_ament_install']
[0.262s] Level 1:colcon.colcon_core.package_identification:_identify(my_py_pkg) by extension 'ignore'
[0.263s] Level 1:colcon.colcon_core.package_identification:_identify(my_py_pkg) by extension 'ignore_ament_install'
[0.263s] Level 1:colcon.colcon_core.package_identification:_identify(my_py_pkg) by extensions ['colcon_pkg']
[0.263s] Level 1:colcon.colcon_core.package_identification:_identify(my_py_pkg) by extension 'colcon_pkg'
[0.263s] Level 1:colcon.colcon_core.package_identification:_identify(my_py_pkg) by extensions ['colcon_meta']
[0.263s] Level 1:colcon.colcon_core.package_identification:_identify(my_py_pkg) by extension 'colcon_meta'
[0.263s] Level 1:colcon.colcon_core.package_identification:_identify(my_py_pkg) by extensions ['ros']
[0.263s] Level 1:colcon.colcon_core.package_identification:_identify(my_py_pkg) by extension 'ros'
[0.264s] DEBUG:colcon.colcon_core.package_identification:Package 'my_py_pkg' with type 'ros.ament_python' and name 'my_py_pkg'
[0.264s] Level 1:colcon.colcon_core.package_identification:_identify(my_robot_bringup) by extensions ['ignore', 'ignore_ament_install']
[0.264s] Level 1:colcon.colcon_core.package_identification:_identify(my_robot_bringup) by extension 'ignore'
[0.264s] Level 1:colcon.colcon_core.package_identification:_identify(my_robot_bringup) by extension 'ignore_ament_install'
[0.264s] Level 1:colcon.colcon_core.package_identification:_identify(my_robot_bringup) by extensions ['colcon_pkg']
[0.264s] Level 1:colcon.colcon_core.package_identification:_identify(my_robot_bringup) by extension 'colcon_pkg'
[0.264s] Level 1:colcon.colcon_core.package_identification:_identify(my_robot_bringup) by extensions ['colcon_meta']
[0.265s] Level 1:colcon.colcon_core.package_identification:_identify(my_robot_bringup) by extension 'colcon_meta'
[0.265s] Level 1:colcon.colcon_core.package_identification:_identify(my_robot_bringup) by extensions ['ros']
[0.265s] Level 1:colcon.colcon_core.package_identification:_identify(my_robot_bringup) by extension 'ros'
[0.265s] DEBUG:colcon.colcon_core.package_identification:Package 'my_robot_bringup' with type 'ros.ament_cmake' and name 'my_robot_bringup'
[0.265s] Level 1:colcon.colcon_core.package_identification:_identify(my_robot_interfaces) by extensions ['ignore', 'ignore_ament_install']
[0.265s] Level 1:colcon.colcon_core.package_identification:_identify(my_robot_interfaces) by extension 'ignore'
[0.265s] Level 1:colcon.colcon_core.package_identification:_identify(my_robot_interfaces) by extension 'ignore_ament_install'
[0.266s] Level 1:colcon.colcon_core.package_identification:_identify(my_robot_interfaces) by extensions ['colcon_pkg']
[0.266s] Level 1:colcon.colcon_core.package_identification:_identify(my_robot_interfaces) by extension 'colcon_pkg'
[0.266s] Level 1:colcon.colcon_core.package_identification:_identify(my_robot_interfaces) by extensions ['colcon_meta']
[0.266s] Level 1:colcon.colcon_core.package_identification:_identify(my_robot_interfaces) by extension 'colcon_meta'
[0.266s] Level 1:colcon.colcon_core.package_identification:_identify(my_robot_interfaces) by extensions ['ros']
[0.266s] Level 1:colcon.colcon_core.package_identification:_identify(my_robot_interfaces) by extension 'ros'
[0.266s] DEBUG:colcon.colcon_core.package_identification:Package 'my_robot_interfaces' with type 'ros.ament_cmake' and name 'my_robot_interfaces'
[0.267s] Level 1:colcon.colcon_core.package_discovery:discover_packages(recursive) using defaults
[0.267s] Level 1:colcon.colcon_core.package_discovery:discover_packages(ignore) discover
[0.267s] Level 1:colcon.colcon_core.package_discovery:discover_packages(ignore) using defaults
[0.267s] Level 1:colcon.colcon_core.package_discovery:discover_packages(path) discover
[0.267s] Level 1:colcon.colcon_core.package_discovery:discover_packages(path) using defaults
[0.305s] Level 1:colcon.colcon_core.package_discovery:discover_packages(prefix_path) check parameters
[0.305s] Level 1:colcon.colcon_core.package_discovery:discover_packages(prefix_path) discover
[0.309s] DEBUG:colcon.colcon_installed_package_information.package_discovery:Found 5 installed packages in /home/azraa/ros2_ws/install
[0.311s] DEBUG:colcon.colcon_installed_package_information.package_discovery:Found 259 installed packages in /opt/ros/foxy
[0.314s] Level 1:colcon.colcon_core.package_discovery:discover_packages(prefix_path) using defaults
[0.414s] Level 5:colcon.colcon_core.verb:set package 'gscam' build argument 'cmake_args' from command line to 'None'
[0.414s] Level 5:colcon.colcon_core.verb:set package 'gscam' build argument 'cmake_target' from command line to 'None'
[0.414s] Level 5:colcon.colcon_core.verb:set package 'gscam' build argument 'cmake_target_skip_unavailable' from command line to 'False'
[0.414s] Level 5:colcon.colcon_core.verb:set package 'gscam' build argument 'cmake_clean_cache' from command line to 'False'
[0.414s] Level 5:colcon.colcon_core.verb:set package 'gscam' build argument 'cmake_clean_first' from command line to 'False'
[0.414s] Level 5:colcon.colcon_core.verb:set package 'gscam' build argument 'cmake_force_configure' from command line to 'False'
[0.414s] Level 5:colcon.colcon_core.verb:set package 'gscam' build argument 'ament_cmake_args' from command line to 'None'
[0.414s] Level 5:colcon.colcon_core.verb:set package 'gscam' build argument 'catkin_cmake_args' from command line to 'None'
[0.414s] Level 5:colcon.colcon_core.verb:set package 'gscam' build argument 'catkin_skip_building_tests' from command line to 'False'
[0.414s] DEBUG:colcon.colcon_core.verb:Building package 'gscam' with the following arguments: {'ament_cmake_args': None, 'build_base': '/home/azraa/ros2_ws/src/build/gscam', 'catkin_cmake_args': None, 'catkin_skip_building_tests': False, 'cmake_args': None, 'cmake_clean_cache': False, 'cmake_clean_first': False, 'cmake_force_configure': False, 'cmake_target': None, 'cmake_target_skip_unavailable': False, 'install_base': '/home/azraa/ros2_ws/src/install/gscam', 'merge_install': False, 'path': '/home/azraa/ros2_ws/src/gscam', 'symlink_install': False, 'test_result_base': None}
[0.415s] Level 5:colcon.colcon_core.verb:set package 'my_robot_interfaces' build argument 'cmake_args' from command line to 'None'
[0.416s] Level 5:colcon.colcon_core.verb:set package 'my_robot_interfaces' build argument 'cmake_target' from command line to 'None'
[0.416s] Level 5:colcon.colcon_core.verb:set package 'my_robot_interfaces' build argument 'cmake_target_skip_unavailable' from command line to 'False'
[0.416s] Level 5:colcon.colcon_core.verb:set package 'my_robot_interfaces' build argument 'cmake_clean_cache' from command line to 'False'
[0.416s] Level 5:colcon.colcon_core.verb:set package 'my_robot_interfaces' build argument 'cmake_clean_first' from command line to 'False'
[0.416s] Level 5:colcon.colcon_core.verb:set package 'my_robot_interfaces' build argument 'cmake_force_configure' from command line to 'False'
[0.416s] Level 5:colcon.colcon_core.verb:set package 'my_robot_interfaces' build argument 'ament_cmake_args' from command line to 'None'
[0.416s] Level 5:colcon.colcon_core.verb:set package 'my_robot_interfaces' build argument 'catkin_cmake_args' from command line to 'None'
[0.416s] Level 5:colcon.colcon_core.verb:set package 'my_robot_interfaces' build argument 'catkin_skip_building_tests' from command line to 'False'
[0.416s] DEBUG:colcon.colcon_core.verb:Building package 'my_robot_interfaces' with the following arguments: {'ament_cmake_args': None, 'build_base': '/home/azraa/ros2_ws/src/build/my_robot_interfaces', 'catkin_cmake_args': None, 'catkin_skip_building_tests': False, 'cmake_args': None, 'cmake_clean_cache': False, 'cmake_clean_first': False, 'cmake_force_configure': False, 'cmake_target': None, 'cmake_target_skip_unavailable': False, 'install_base': '/home/azraa/ros2_ws/src/install/my_robot_interfaces', 'merge_install': False, 'path': '/home/azraa/ros2_ws/src/my_robot_interfaces', 'symlink_install': False, 'test_result_base': None}
[0.417s] Level 5:colcon.colcon_core.verb:set package 'my_cpp_pkg' build argument 'cmake_args' from command line to 'None'
[0.417s] Level 5:colcon.colcon_core.verb:set package 'my_cpp_pkg' build argument 'cmake_target' from command line to 'None'
[0.417s] Level 5:colcon.colcon_core.verb:set package 'my_cpp_pkg' build argument 'cmake_target_skip_unavailable' from command line to 'False'
[0.417s] Level 5:colcon.colcon_core.verb:set package 'my_cpp_pkg' build argument 'cmake_clean_cache' from command line to 'False'
[0.417s] Level 5:colcon.colcon_core.verb:set package 'my_cpp_pkg' build argument 'cmake_clean_first' from command line to 'False'
[0.417s] Level 5:colcon.colcon_core.verb:set package 'my_cpp_pkg' build argument 'cmake_force_configure' from command line to 'False'
[0.417s] Level 5:colcon.colcon_core.verb:set package 'my_cpp_pkg' build argument 'ament_cmake_args' from command line to 'None'
[0.417s] Level 5:colcon.colcon_core.verb:set package 'my_cpp_pkg' build argument 'catkin_cmake_args' from command line to 'None'
[0.418s] Level 5:colcon.colcon_core.verb:set package 'my_cpp_pkg' build argument 'catkin_skip_building_tests' from command line to 'False'
[0.418s] DEBUG:colcon.colcon_core.verb:Building package 'my_cpp_pkg' with the following arguments: {'ament_cmake_args': None, 'build_base': '/home/azraa/ros2_ws/src/build/my_cpp_pkg', 'catkin_cmake_args': None, 'catkin_skip_building_tests': False, 'cmake_args': None, 'cmake_clean_cache': False, 'cmake_clean_first': False, 'cmake_force_configure': False, 'cmake_target': None, 'cmake_target_skip_unavailable': False, 'install_base': '/home/azraa/ros2_ws/src/install/my_cpp_pkg', 'merge_install': False, 'path': '/home/azraa/ros2_ws/src/my_cpp_pkg', 'symlink_install': False, 'test_result_base': None}
[0.419s] Level 5:colcon.colcon_core.verb:set package 'my_py_pkg' build argument 'cmake_args' from command line to 'None'
[0.419s] Level 5:colcon.colcon_core.verb:set package 'my_py_pkg' build argument 'cmake_target' from command line to 'None'
[0.419s] Level 5:colcon.colcon_core.verb:set package 'my_py_pkg' build argument 'cmake_target_skip_unavailable' from command line to 'False'
[0.419s] Level 5:colcon.colcon_core.verb:set package 'my_py_pkg' build argument 'cmake_clean_cache' from command line to 'False'
[0.419s] Level 5:colcon.colcon_core.verb:set package 'my_py_pkg' build argument 'cmake_clean_first' from command line to 'False'
[0.419s] Level 5:colcon.colcon_core.verb:set package 'my_py_pkg' build argument 'cmake_force_configure' from command line to 'False'
[0.419s] Level 5:colcon.colcon_core.verb:set package 'my_py_pkg' build argument 'ament_cmake_args' from command line to 'None'
[0.419s] Level 5:colcon.colcon_core.verb:set package 'my_py_pkg' build argument 'catkin_cmake_args' from command line to 'None'
[0.419s] Level 5:colcon.colcon_core.verb:set package 'my_py_pkg' build argument 'catkin_skip_building_tests' from command line to 'False'
[0.419s] DEBUG:colcon.colcon_core.verb:Building package 'my_py_pkg' with the following arguments: {'ament_cmake_args': None, 'build_base': '/home/azraa/ros2_ws/src/build/my_py_pkg', 'catkin_cmake_args': None, 'catkin_skip_building_tests': False, 'cmake_args': None, 'cmake_clean_cache': False, 'cmake_clean_first': False, 'cmake_force_configure': False, 'cmake_target': None, 'cmake_target_skip_unavailable': False, 'install_base': '/home/azraa/ros2_ws/src/install/my_py_pkg', 'merge_install': False, 'path': '/home/azraa/ros2_ws/src/my_py_pkg', 'symlink_install': False, 'test_result_base': None}
[0.421s] Level 5:colcon.colcon_core.verb:set package 'my_robot_bringup' build argument 'cmake_args' from command line to 'None'
[0.421s] Level 5:colcon.colcon_core.verb:set package 'my_robot_bringup' build argument 'cmake_target' from command line to 'None'
[0.421s] Level 5:colcon.colcon_core.verb:set package 'my_robot_bringup' build argument 'cmake_target_skip_unavailable' from command line to 'False'
[0.421s] Level 5:colcon.colcon_core.verb:set package 'my_robot_bringup' build argument 'cmake_clean_cache' from command line to 'False'
[0.421s] Level 5:colcon.colcon_core.verb:set package 'my_robot_bringup' build argument 'cmake_clean_first' from command line to 'False'
[0.421s] Level 5:colcon.colcon_core.verb:set package 'my_robot_bringup' build argument 'cmake_force_configure' from command line to 'False'
[0.421s] Level 5:colcon.colcon_core.verb:set package 'my_robot_bringup' build argument 'ament_cmake_args' from command line to 'None'
[0.421s] Level 5:colcon.colcon_core.verb:set package 'my_robot_bringup' build argument 'catkin_cmake_args' from command line to 'None'
[0.421s] Level 5:colcon.colcon_core.verb:set package 'my_robot_bringup' build argument 'catkin_skip_building_tests' from command line to 'False'
[0.421s] DEBUG:colcon.colcon_core.verb:Building package 'my_robot_bringup' with the following arguments: {'ament_cmake_args': None, 'build_base': '/home/azraa/ros2_ws/src/build/my_robot_bringup', 'catkin_cmake_args': None, 'catkin_skip_building_tests': False, 'cmake_args': None, 'cmake_clean_cache': False, 'cmake_clean_first': False, 'cmake_force_configure': False, 'cmake_target': None, 'cmake_target_skip_unavailable': False, 'install_base': '/home/azraa/ros2_ws/src/install/my_robot_bringup', 'merge_install': False, 'path': '/home/azraa/ros2_ws/src/my_robot_bringup', 'symlink_install': False, 'test_result_base': None}
[0.422s] INFO:colcon.colcon_core.executor:Executing jobs using 'parallel' executor
[0.428s] DEBUG:colcon.colcon_parallel_executor.executor.parallel:run_until_complete
[0.428s] INFO:colcon.colcon_ros.task.ament_cmake.build:Building ROS package in '/home/azraa/ros2_ws/src/my_robot_interfaces' with build type 'ament_cmake'
[0.429s] INFO:colcon.colcon_cmake.task.cmake.build:Building CMake package in '/home/azraa/ros2_ws/src/my_robot_interfaces'
[0.435s] INFO:colcon.colcon_core.plugin_system:Skipping extension 'colcon_core.shell.bat': Not used on non-Windows systems
[0.435s] INFO:colcon.colcon_core.shell:Skip shell extension 'powershell' for command environment: Not usable outside of PowerShell
[0.435s] DEBUG:colcon.colcon_core.shell:Skip shell extension 'dsv' for command environment
[0.445s] INFO:colcon.colcon_ros.task.ament_cmake.build:Building ROS package in '/home/azraa/ros2_ws/src/gscam' with build type 'ament_cmake'
[0.446s] INFO:colcon.colcon_cmake.task.cmake.build:Building CMake package in '/home/azraa/ros2_ws/src/gscam'
[0.448s] INFO:colcon.colcon_core.shell:Skip shell extension 'powershell' for command environment: Not usable outside of PowerShell
[0.448s] DEBUG:colcon.colcon_core.shell:Skip shell extension 'dsv' for command environment
[0.468s] DEBUG:colcon.colcon_core.event_handler.log_command:Invoking command in '/home/azraa/ros2_ws/src/build/my_robot_interfaces': CMAKE_PREFIX_PATH=${CMAKE_PREFIX_PATH}:/home/azraa/ros2_ws/install/my_py_pkg:/opt/ros/foxy /usr/bin/cmake --build /home/azraa/ros2_ws/src/build/my_robot_interfaces -- -j4 -l4
[0.479s] DEBUG:colcon.colcon_core.event_handler.log_command:Invoking command in '/home/azraa/ros2_ws/src/build/gscam': CMAKE_PREFIX_PATH=${CMAKE_PREFIX_PATH}:/home/azraa/ros2_ws/install/my_py_pkg:/opt/ros/foxy /usr/bin/cmake /home/azraa/ros2_ws/src/gscam -DCMAKE_INSTALL_PREFIX=/home/azraa/ros2_ws/src/install/gscam
[0.741s] DEBUG:colcon.colcon_core.event_handler.log_command:Invoked command in '/home/azraa/ros2_ws/src/build/my_robot_interfaces' returned '0': CMAKE_PREFIX_PATH=${CMAKE_PREFIX_PATH}:/home/azraa/ros2_ws/install/my_py_pkg:/opt/ros/foxy /usr/bin/cmake --build /home/azraa/ros2_ws/src/build/my_robot_interfaces -- -j4 -l4
[0.859s] DEBUG:colcon.colcon_core.event_handler.log_command:Invoking command in '/home/azraa/ros2_ws/src/build/my_robot_interfaces': CMAKE_PREFIX_PATH=${CMAKE_PREFIX_PATH}:/home/azraa/ros2_ws/install/my_py_pkg:/opt/ros/foxy /usr/bin/cmake --install /home/azraa/ros2_ws/src/build/my_robot_interfaces
[0.955s] Level 1:colcon.colcon_core.environment:create_environment_scripts_only(my_robot_interfaces)
[0.956s] DEBUG:colcon.colcon_core.event_handler.log_command:Invoked command in '/home/azraa/ros2_ws/src/build/my_robot_interfaces' returned '0': CMAKE_PREFIX_PATH=${CMAKE_PREFIX_PATH}:/home/azraa/ros2_ws/install/my_py_pkg:/opt/ros/foxy /usr/bin/cmake --install /home/azraa/ros2_ws/src/build/my_robot_interfaces
[0.963s] Level 1:colcon.colcon_core.environment:checking '/home/azraa/ros2_ws/src/install/my_robot_interfaces' for CMake module files
[0.964s] Level 1:colcon.colcon_core.environment:checking '/home/azraa/ros2_ws/src/install/my_robot_interfaces' for CMake config files
[0.965s] Level 1:colcon.colcon_core.shell:create_environment_hook('my_robot_interfaces', 'cmake_prefix_path')
[0.967s] INFO:colcon.colcon_core.shell:Creating environment hook '/home/azraa/ros2_ws/src/install/my_robot_interfaces/share/my_robot_interfaces/hook/cmake_prefix_path.ps1'
[0.968s] INFO:colcon.colcon_core.shell:Creating environment descriptor '/home/azraa/ros2_ws/src/install/my_robot_interfaces/share/my_robot_interfaces/hook/cmake_prefix_path.dsv'
[0.969s] INFO:colcon.colcon_core.shell:Creating environment hook '/home/azraa/ros2_ws/src/install/my_robot_interfaces/share/my_robot_interfaces/hook/cmake_prefix_path.sh'
[0.970s] Level 1:colcon.colcon_core.environment:checking '/home/azraa/ros2_ws/src/install/my_robot_interfaces/lib'
[0.971s] Level 1:colcon.colcon_core.shell:create_environment_hook('my_robot_interfaces', 'ld_library_path_lib')
[0.973s] INFO:colcon.colcon_core.shell:Creating environment hook '/home/azraa/ros2_ws/src/install/my_robot_interfaces/share/my_robot_interfaces/hook/ld_library_path_lib.ps1'
[0.974s] INFO:colcon.colcon_core.shell:Creating environment descriptor '/home/azraa/ros2_ws/src/install/my_robot_interfaces/share/my_robot_interfaces/hook/ld_library_path_lib.dsv'
[0.974s] INFO:colcon.colcon_core.shell:Creating environment hook '/home/azraa/ros2_ws/src/install/my_robot_interfaces/share/my_robot_interfaces/hook/ld_library_path_lib.sh'
[0.974s] Level 1:colcon.colcon_core.environment:checking '/home/azraa/ros2_ws/src/install/my_robot_interfaces/bin'
[0.975s] Level 1:colcon.colcon_core.environment:checking '/home/azraa/ros2_ws/src/install/my_robot_interfaces/lib/pkgconfig/my_robot_interfaces.pc'
[0.975s] Level 1:colcon.colcon_core.environment:checking '/home/azraa/ros2_ws/src/install/my_robot_interfaces/lib/python3.8/site-packages'
[0.975s] Level 1:colcon.colcon_core.shell:create_environment_hook('my_robot_interfaces', 'pythonpath')
[0.977s] INFO:colcon.colcon_core.shell:Creating environment hook '/home/azraa/ros2_ws/src/install/my_robot_interfaces/share/my_robot_interfaces/hook/pythonpath.ps1'
[0.977s] INFO:colcon.colcon_core.shell:Creating environment descriptor '/home/azraa/ros2_ws/src/install/my_robot_interfaces/share/my_robot_interfaces/hook/pythonpath.dsv'
[0.978s] INFO:colcon.colcon_core.shell:Creating environment hook '/home/azraa/ros2_ws/src/install/my_robot_interfaces/share/my_robot_interfaces/hook/pythonpath.sh'
[0.979s] Level 1:colcon.colcon_core.environment:checking '/home/azraa/ros2_ws/src/install/my_robot_interfaces/bin'
[0.981s] INFO:colcon.colcon_core.shell:Creating package script '/home/azraa/ros2_ws/src/install/my_robot_interfaces/share/my_robot_interfaces/package.ps1'
[0.982s] INFO:colcon.colcon_core.shell:Creating package descriptor '/home/azraa/ros2_ws/src/install/my_robot_interfaces/share/my_robot_interfaces/package.dsv'
[0.983s] INFO:colcon.colcon_core.shell:Creating package script '/home/azraa/ros2_ws/src/install/my_robot_interfaces/share/my_robot_interfaces/package.sh'
[0.985s] INFO:colcon.colcon_core.shell:Creating package script '/home/azraa/ros2_ws/src/install/my_robot_interfaces/share/my_robot_interfaces/package.bash'
[0.986s] INFO:colcon.colcon_core.shell:Creating package script '/home/azraa/ros2_ws/src/install/my_robot_interfaces/share/my_robot_interfaces/package.zsh'
[0.987s] Level 1:colcon.colcon_core.environment:create_file_with_runtime_dependencies(/home/azraa/ros2_ws/src/install/my_robot_interfaces/share/colcon-core/packages/my_robot_interfaces)
[1.106s] Level 1:colcon.colcon_core.environment:create_environment_scripts_only(my_robot_interfaces)
[1.110s] Level 1:colcon.colcon_core.environment:checking '/home/azraa/ros2_ws/src/install/my_robot_interfaces' for CMake module files
[1.111s] Level 1:colcon.colcon_core.environment:checking '/home/azraa/ros2_ws/src/install/my_robot_interfaces' for CMake config files
[1.111s] Level 1:colcon.colcon_core.shell:create_environment_hook('my_robot_interfaces', 'cmake_prefix_path')
[1.114s] INFO:colcon.colcon_core.shell:Creating environment hook '/home/azraa/ros2_ws/src/install/my_robot_interfaces/share/my_robot_interfaces/hook/cmake_prefix_path.ps1'
[1.114s] INFO:colcon.colcon_core.shell:Creating environment descriptor '/home/azraa/ros2_ws/src/install/my_robot_interfaces/share/my_robot_interfaces/hook/cmake_prefix_path.dsv'
[1.115s] INFO:colcon.colcon_core.shell:Creating environment hook '/home/azraa/ros2_ws/src/install/my_robot_interfaces/share/my_robot_interfaces/hook/cmake_prefix_path.sh'
[1.115s] Level 1:colcon.colcon_core.environment:checking '/home/azraa/ros2_ws/src/install/my_robot_interfaces/lib'
[1.115s] Level 1:colcon.colcon_core.shell:create_environment_hook('my_robot_interfaces', 'ld_library_path_lib')
[1.118s] INFO:colcon.colcon_core.shell:Creating environment hook '/home/azraa/ros2_ws/src/install/my_robot_interfaces/share/my_robot_interfaces/hook/ld_library_path_lib.ps1'
[1.118s] INFO:colcon.colcon_core.shell:Creating environment descriptor '/home/azraa/ros2_ws/src/install/my_robot_interfaces/share/my_robot_interfaces/hook/ld_library_path_lib.dsv'
[1.118s] INFO:colcon.colcon_core.shell:Creating environment hook '/home/azraa/ros2_ws/src/install/my_robot_interfaces/share/my_robot_interfaces/hook/ld_library_path_lib.sh'
[1.119s] Level 1:colcon.colcon_core.environment:checking '/home/azraa/ros2_ws/src/install/my_robot_interfaces/bin'
[1.119s] Level 1:colcon.colcon_core.environment:checking '/home/azraa/ros2_ws/src/install/my_robot_interfaces/lib/pkgconfig/my_robot_interfaces.pc'
[1.119s] Level 1:colcon.colcon_core.environment:checking '/home/azraa/ros2_ws/src/install/my_robot_interfaces/lib/python3.8/site-packages'
[1.119s] Level 1:colcon.colcon_core.shell:create_environment_hook('my_robot_interfaces', 'pythonpath')
[1.122s] INFO:colcon.colcon_core.shell:Creating environment hook '/home/azraa/ros2_ws/src/install/my_robot_interfaces/share/my_robot_interfaces/hook/pythonpath.ps1'
[1.122s] INFO:colcon.colcon_core.shell:Creating environment descriptor '/home/azraa/ros2_ws/src/install/my_robot_interfaces/share/my_robot_interfaces/hook/pythonpath.dsv'
[1.122s] INFO:colcon.colcon_core.shell:Creating environment hook '/home/azraa/ros2_ws/src/install/my_robot_interfaces/share/my_robot_interfaces/hook/pythonpath.sh'
[1.123s] Level 1:colcon.colcon_core.environment:checking '/home/azraa/ros2_ws/src/install/my_robot_interfaces/bin'
[1.126s] INFO:colcon.colcon_core.shell:Creating package script '/home/azraa/ros2_ws/src/install/my_robot_interfaces/share/my_robot_interfaces/package.ps1'
[1.127s] INFO:colcon.colcon_core.shell:Creating package descriptor '/home/azraa/ros2_ws/src/install/my_robot_interfaces/share/my_robot_interfaces/package.dsv'
[1.128s] INFO:colcon.colcon_core.shell:Creating package script '/home/azraa/ros2_ws/src/install/my_robot_interfaces/share/my_robot_interfaces/package.sh'
[1.128s] INFO:colcon.colcon_core.shell:Creating package script '/home/azraa/ros2_ws/src/install/my_robot_interfaces/share/my_robot_interfaces/package.bash'
[1.129s] INFO:colcon.colcon_core.shell:Creating package script '/home/azraa/ros2_ws/src/install/my_robot_interfaces/share/my_robot_interfaces/package.zsh'
[1.130s] Level 1:colcon.colcon_core.environment:create_file_with_runtime_dependencies(/home/azraa/ros2_ws/src/install/my_robot_interfaces/share/colcon-core/packages/my_robot_interfaces)
[1.130s] INFO:colcon.colcon_ros.task.ament_cmake.build:Building ROS package in '/home/azraa/ros2_ws/src/my_cpp_pkg' with build type 'ament_cmake'
[1.130s] INFO:colcon.colcon_cmake.task.cmake.build:Building CMake package in '/home/azraa/ros2_ws/src/my_cpp_pkg'
[1.133s] INFO:colcon.colcon_core.shell:Skip shell extension 'powershell' for command environment: Not usable outside of PowerShell
[1.133s] DEBUG:colcon.colcon_core.shell:Skip shell extension 'dsv' for command environment
[1.144s] INFO:colcon.colcon_ros.task.ament_python.build:Building ROS package in '/home/azraa/ros2_ws/src/my_py_pkg' with build type 'ament_python'
[1.145s] Level 1:colcon.colcon_core.shell:create_environment_hook('my_py_pkg', 'ament_prefix_path')
[1.149s] INFO:colcon.colcon_core.shell:Creating environment hook '/home/azraa/ros2_ws/src/install/my_py_pkg/share/my_py_pkg/hook/ament_prefix_path.ps1'
[1.151s] INFO:colcon.colcon_core.shell:Creating environment descriptor '/home/azraa/ros2_ws/src/install/my_py_pkg/share/my_py_pkg/hook/ament_prefix_path.dsv'
[1.152s] INFO:colcon.colcon_core.shell:Creating environment hook '/home/azraa/ros2_ws/src/install/my_py_pkg/share/my_py_pkg/hook/ament_prefix_path.sh'
[1.155s] INFO:colcon.colcon_core.shell:Skip shell extension 'powershell' for command environment: Not usable outside of PowerShell
[1.155s] DEBUG:colcon.colcon_core.shell:Skip shell extension 'dsv' for command environment
[1.173s] DEBUG:colcon.colcon_core.event_handler.log_command:Invoking command in '/home/azraa/ros2_ws/src/build/my_cpp_pkg': AMENT_PREFIX_PATH=/home/azraa/ros2_ws/src/install/my_robot_interfaces:${AMENT_PREFIX_PATH} CMAKE_PREFIX_PATH=/home/azraa/ros2_ws/src/install/my_robot_interfaces:/home/azraa/ros2_ws/install/my_robot_bringup:/home/azraa/ros2_ws/install/my_cpp_pkg:/home/azraa/ros2_ws/install/my_robot_interfaces:/home/azraa/ros2_ws/install/my_py_pkg:/opt/ros/foxy LD_LIBRARY_PATH=/home/azraa/ros2_ws/src/install/my_robot_interfaces/lib:${LD_LIBRARY_PATH} PYTHONPATH=/home/azraa/ros2_ws/src/install/my_robot_interfaces/lib/python3.8/site-packages:${PYTHONPATH} /usr/bin/cmake --build /home/azraa/ros2_ws/src/build/my_cpp_pkg -- -j4 -l4
[1.629s] INFO:colcon.colcon_core.task.python.build:Building Python package in '/home/azraa/ros2_ws/src/my_py_pkg'
[1.631s] INFO:colcon.colcon_core.shell:Skip shell extension 'powershell' for command environment: Not usable outside of PowerShell
[1.632s] DEBUG:colcon.colcon_core.shell:Skip shell extension 'dsv' for command environment
[2.623s] DEBUG:colcon.colcon_core.event_handler.log_command:Invoking command in '/home/azraa/ros2_ws/src/build/my_py_pkg': AMENT_PREFIX_PATH=/home/azraa/ros2_ws/src/install/my_robot_interfaces:${AMENT_PREFIX_PATH} CMAKE_PREFIX_PATH=/home/azraa/ros2_ws/src/install/my_robot_interfaces:${CMAKE_PREFIX_PATH} LD_LIBRARY_PATH=/home/azraa/ros2_ws/src/install/my_robot_interfaces/lib:${LD_LIBRARY_PATH} PYTHONPATH=/home/azraa/ros2_ws/src/install/my_py_pkg/lib/python3.8/site-packages:/home/azraa/ros2_ws/src/install/my_robot_interfaces/lib/python3.8/site-packages:${PYTHONPATH} /usr/bin/python3 setup.py develop --prefix /home/azraa/ros2_ws/src/install/my_py_pkg --uninstall --editable --build-directory /home/azraa/ros2_ws/src/build/my_py_pkg/build
[3.873s] DEBUG:colcon.colcon_core.event_handler.log_command:Invoked command in '/home/azraa/ros2_ws/src/build/my_py_pkg' returned '0': AMENT_PREFIX_PATH=/home/azraa/ros2_ws/src/install/my_robot_interfaces:${AMENT_PREFIX_PATH} CMAKE_PREFIX_PATH=/home/azraa/ros2_ws/src/install/my_robot_interfaces:${CMAKE_PREFIX_PATH} LD_LIBRARY_PATH=/home/azraa/ros2_ws/src/install/my_robot_interfaces/lib:${LD_LIBRARY_PATH} PYTHONPATH=/home/azraa/ros2_ws/src/install/my_py_pkg/lib/python3.8/site-packages:/home/azraa/ros2_ws/src/install/my_robot_interfaces/lib/python3.8/site-packages:${PYTHONPATH} /usr/bin/python3 setup.py develop --prefix /home/azraa/ros2_ws/src/install/my_py_pkg --uninstall --editable --build-directory /home/azraa/ros2_ws/src/build/my_py_pkg/build
[3.878s] DEBUG:colcon.colcon_core.event_handler.log_command:Invoking command in '/home/azraa/ros2_ws/src/my_py_pkg': AMENT_PREFIX_PATH=/home/azraa/ros2_ws/src/install/my_robot_interfaces:${AMENT_PREFIX_PATH} CMAKE_PREFIX_PATH=/home/azraa/ros2_ws/src/install/my_robot_interfaces:${CMAKE_PREFIX_PATH} LD_LIBRARY_PATH=/home/azraa/ros2_ws/src/install/my_robot_interfaces/lib:${LD_LIBRARY_PATH} PYTHONPATH=/home/azraa/ros2_ws/src/install/my_py_pkg/lib/python3.8/site-packages:/home/azraa/ros2_ws/src/install/my_robot_interfaces/lib/python3.8/site-packages:${PYTHONPATH} /usr/bin/python3 setup.py egg_info --egg-base ../build/my_py_pkg build --build-base /home/azraa/ros2_ws/src/build/my_py_pkg/build install --prefix /home/azraa/ros2_ws/src/install/my_py_pkg --record /home/azraa/ros2_ws/src/build/my_py_pkg/install.log --single-version-externally-managed
[4.659s] Level 1:colcon.colcon_core.environment:checking '/home/azraa/ros2_ws/src/install/my_py_pkg' for CMake module files
[4.660s] DEBUG:colcon.colcon_core.event_handler.log_command:Invoked command in '/home/azraa/ros2_ws/src/my_py_pkg' returned '0': AMENT_PREFIX_PATH=/home/azraa/ros2_ws/src/install/my_robot_interfaces:${AMENT_PREFIX_PATH} CMAKE_PREFIX_PATH=/home/azraa/ros2_ws/src/install/my_robot_interfaces:${CMAKE_PREFIX_PATH} LD_LIBRARY_PATH=/home/azraa/ros2_ws/src/install/my_robot_interfaces/lib:${LD_LIBRARY_PATH} PYTHONPATH=/home/azraa/ros2_ws/src/install/my_py_pkg/lib/python3.8/site-packages:/home/azraa/ros2_ws/src/install/my_robot_interfaces/lib/python3.8/site-packages:${PYTHONPATH} /usr/bin/python3 setup.py egg_info --egg-base ../build/my_py_pkg build --build-base /home/azraa/ros2_ws/src/build/my_py_pkg/build install --prefix /home/azraa/ros2_ws/src/install/my_py_pkg --record /home/azraa/ros2_ws/src/build/my_py_pkg/install.log --single-version-externally-managed
[4.661s] Level 1:colcon.colcon_core.environment:checking '/home/azraa/ros2_ws/src/install/my_py_pkg' for CMake config files
[4.663s] Level 1:colcon.colcon_core.environment:checking '/home/azraa/ros2_ws/src/install/my_py_pkg/lib'
[4.663s] Level 1:colcon.colcon_core.environment:checking '/home/azraa/ros2_ws/src/install/my_py_pkg/bin'
[4.663s] Level 1:colcon.colcon_core.environment:checking '/home/azraa/ros2_ws/src/install/my_py_pkg/lib/pkgconfig/my_py_pkg.pc'
[4.663s] Level 1:colcon.colcon_core.environment:checking '/home/azraa/ros2_ws/src/install/my_py_pkg/lib/python3.8/site-packages'
[4.663s] Level 1:colcon.colcon_core.shell:create_environment_hook('my_py_pkg', 'pythonpath')
[4.666s] INFO:colcon.colcon_core.shell:Creating environment hook '/home/azraa/ros2_ws/src/install/my_py_pkg/share/my_py_pkg/hook/pythonpath.ps1'
[4.667s] INFO:colcon.colcon_core.shell:Creating environment descriptor '/home/azraa/ros2_ws/src/install/my_py_pkg/share/my_py_pkg/hook/pythonpath.dsv'
[4.667s] INFO:colcon.colcon_core.shell:Creating environment hook '/home/azraa/ros2_ws/src/install/my_py_pkg/share/my_py_pkg/hook/pythonpath.sh'
[4.668s] Level 1:colcon.colcon_core.environment:checking '/home/azraa/ros2_ws/src/install/my_py_pkg/bin'
[4.668s] Level 1:colcon.colcon_core.environment:create_environment_scripts_only(my_py_pkg)
[4.683s] INFO:colcon.colcon_core.shell:Creating package script '/home/azraa/ros2_ws/src/install/my_py_pkg/share/my_py_pkg/package.ps1'
[4.684s] INFO:colcon.colcon_core.shell:Creating package descriptor '/home/azraa/ros2_ws/src/install/my_py_pkg/share/my_py_pkg/package.dsv'
[4.685s] INFO:colcon.colcon_core.shell:Creating package script '/home/azraa/ros2_ws/src/install/my_py_pkg/share/my_py_pkg/package.sh'
[4.685s] INFO:colcon.colcon_core.shell:Creating package script '/home/azraa/ros2_ws/src/install/my_py_pkg/share/my_py_pkg/package.bash'
[4.686s] INFO:colcon.colcon_core.shell:Creating package script '/home/azraa/ros2_ws/src/install/my_py_pkg/share/my_py_pkg/package.zsh'
[4.686s] Level 1:colcon.colcon_core.environment:create_file_with_runtime_dependencies(/home/azraa/ros2_ws/src/install/my_py_pkg/share/colcon-core/packages/my_py_pkg)
[6.081s] DEBUG:colcon.colcon_core.event_handler.log_command:Invoked command in '/home/azraa/ros2_ws/src/build/gscam' returned '0': CMAKE_PREFIX_PATH=${CMAKE_PREFIX_PATH}:/home/azraa/ros2_ws/install/my_py_pkg:/opt/ros/foxy /usr/bin/cmake /home/azraa/ros2_ws/src/gscam -DCMAKE_INSTALL_PREFIX=/home/azraa/ros2_ws/src/install/gscam
[6.088s] DEBUG:colcon.colcon_core.event_handler.log_command:Invoking command in '/home/azraa/ros2_ws/src/build/gscam': CMAKE_PREFIX_PATH=${CMAKE_PREFIX_PATH}:/home/azraa/ros2_ws/install/my_py_pkg:/opt/ros/foxy /usr/bin/cmake --build /home/azraa/ros2_ws/src/build/gscam -- -j4 -l4
[16.517s] DEBUG:colcon.colcon_core.event_handler.log_command:Invoked command in '/home/azraa/ros2_ws/src/build/my_cpp_pkg' returned '0': AMENT_PREFIX_PATH=/home/azraa/ros2_ws/src/install/my_robot_interfaces:${AMENT_PREFIX_PATH} CMAKE_PREFIX_PATH=/home/azraa/ros2_ws/src/install/my_robot_interfaces:/home/azraa/ros2_ws/install/my_robot_bringup:/home/azraa/ros2_ws/install/my_cpp_pkg:/home/azraa/ros2_ws/install/my_robot_interfaces:/home/azraa/ros2_ws/install/my_py_pkg:/opt/ros/foxy LD_LIBRARY_PATH=/home/azraa/ros2_ws/src/install/my_robot_interfaces/lib:${LD_LIBRARY_PATH} PYTHONPATH=/home/azraa/ros2_ws/src/install/my_robot_interfaces/lib/python3.8/site-packages:${PYTHONPATH} /usr/bin/cmake --build /home/azraa/ros2_ws/src/build/my_cpp_pkg -- -j4 -l4
[16.599s] DEBUG:colcon.colcon_core.event_handler.log_command:Invoking command in '/home/azraa/ros2_ws/src/build/my_cpp_pkg': AMENT_PREFIX_PATH=/home/azraa/ros2_ws/src/install/my_robot_interfaces:${AMENT_PREFIX_PATH} CMAKE_PREFIX_PATH=/home/azraa/ros2_ws/src/install/my_robot_interfaces:/home/azraa/ros2_ws/install/my_robot_bringup:/home/azraa/ros2_ws/install/my_cpp_pkg:/home/azraa/ros2_ws/install/my_robot_interfaces:/home/azraa/ros2_ws/install/my_py_pkg:/opt/ros/foxy LD_LIBRARY_PATH=/home/azraa/ros2_ws/src/install/my_robot_interfaces/lib:${LD_LIBRARY_PATH} PYTHONPATH=/home/azraa/ros2_ws/src/install/my_robot_interfaces/lib/python3.8/site-packages:${PYTHONPATH} /usr/bin/cmake --install /home/azraa/ros2_ws/src/build/my_cpp_pkg
[16.630s] Level 1:colcon.colcon_core.environment:create_environment_scripts_only(my_cpp_pkg)
[16.636s] Level 1:colcon.colcon_core.environment:checking '/home/azraa/ros2_ws/src/install/my_cpp_pkg' for CMake module files
[16.638s] DEBUG:colcon.colcon_core.event_handler.log_command:Invoked command in '/home/azraa/ros2_ws/src/build/my_cpp_pkg' returned '0': AMENT_PREFIX_PATH=/home/azraa/ros2_ws/src/install/my_robot_interfaces:${AMENT_PREFIX_PATH} CMAKE_PREFIX_PATH=/home/azraa/ros2_ws/src/install/my_robot_interfaces:/home/azraa/ros2_ws/install/my_robot_bringup:/home/azraa/ros2_ws/install/my_cpp_pkg:/home/azraa/ros2_ws/install/my_robot_interfaces:/home/azraa/ros2_ws/install/my_py_pkg:/opt/ros/foxy LD_LIBRARY_PATH=/home/azraa/ros2_ws/src/install/my_robot_interfaces/lib:${LD_LIBRARY_PATH} PYTHONPATH=/home/azraa/ros2_ws/src/install/my_robot_interfaces/lib/python3.8/site-packages:${PYTHONPATH} /usr/bin/cmake --install /home/azraa/ros2_ws/src/build/my_cpp_pkg
[16.639s] Level 1:colcon.colcon_core.environment:checking '/home/azraa/ros2_ws/src/install/my_cpp_pkg' for CMake config files
[16.639s] Level 1:colcon.colcon_core.shell:create_environment_hook('my_cpp_pkg', 'cmake_prefix_path')
[16.642s] INFO:colcon.colcon_core.shell:Creating environment hook '/home/azraa/ros2_ws/src/install/my_cpp_pkg/share/my_cpp_pkg/hook/cmake_prefix_path.ps1'
[16.643s] INFO:colcon.colcon_core.shell:Creating environment descriptor '/home/azraa/ros2_ws/src/install/my_cpp_pkg/share/my_cpp_pkg/hook/cmake_prefix_path.dsv'
[16.644s] INFO:colcon.colcon_core.shell:Creating environment hook '/home/azraa/ros2_ws/src/install/my_cpp_pkg/share/my_cpp_pkg/hook/cmake_prefix_path.sh'
[16.645s] Level 1:colcon.colcon_core.environment:checking '/home/azraa/ros2_ws/src/install/my_cpp_pkg/lib'
[16.645s] Level 1:colcon.colcon_core.environment:checking '/home/azraa/ros2_ws/src/install/my_cpp_pkg/bin'
[16.645s] Level 1:colcon.colcon_core.environment:checking '/home/azraa/ros2_ws/src/install/my_cpp_pkg/lib/pkgconfig/my_cpp_pkg.pc'
[16.646s] Level 1:colcon.colcon_core.environment:checking '/home/azraa/ros2_ws/src/install/my_cpp_pkg/lib/python3.8/site-packages'
[16.646s] Level 1:colcon.colcon_core.environment:checking '/home/azraa/ros2_ws/src/install/my_cpp_pkg/bin'
[16.650s] INFO:colcon.colcon_core.shell:Creating package script '/home/azraa/ros2_ws/src/install/my_cpp_pkg/share/my_cpp_pkg/package.ps1'
[16.650s] INFO:colcon.colcon_core.shell:Creating package descriptor '/home/azraa/ros2_ws/src/install/my_cpp_pkg/share/my_cpp_pkg/package.dsv'
[16.651s] INFO:colcon.colcon_core.shell:Creating package script '/home/azraa/ros2_ws/src/install/my_cpp_pkg/share/my_cpp_pkg/package.sh'
[16.652s] INFO:colcon.colcon_core.shell:Creating package script '/home/azraa/ros2_ws/src/install/my_cpp_pkg/share/my_cpp_pkg/package.bash'
[16.653s] INFO:colcon.colcon_core.shell:Creating package script '/home/azraa/ros2_ws/src/install/my_cpp_pkg/share/my_cpp_pkg/package.zsh'
[16.653s] Level 1:colcon.colcon_core.environment:create_file_with_runtime_dependencies(/home/azraa/ros2_ws/src/install/my_cpp_pkg/share/colcon-core/packages/my_cpp_pkg)
[16.720s] Level 1:colcon.colcon_core.environment:create_environment_scripts_only(my_cpp_pkg)
[16.725s] Level 1:colcon.colcon_core.environment:checking '/home/azraa/ros2_ws/src/install/my_cpp_pkg' for CMake module files
[16.727s] Level 1:colcon.colcon_core.environment:checking '/home/azraa/ros2_ws/src/install/my_cpp_pkg' for CMake config files
[16.727s] Level 1:colcon.colcon_core.shell:create_environment_hook('my_cpp_pkg', 'cmake_prefix_path')
[16.731s] INFO:colcon.colcon_core.shell:Creating environment hook '/home/azraa/ros2_ws/src/install/my_cpp_pkg/share/my_cpp_pkg/hook/cmake_prefix_path.ps1'
[16.731s] INFO:colcon.colcon_core.shell:Creating environment descriptor '/home/azraa/ros2_ws/src/install/my_cpp_pkg/share/my_cpp_pkg/hook/cmake_prefix_path.dsv'
[16.732s] INFO:colcon.colcon_core.shell:Creating environment hook '/home/azraa/ros2_ws/src/install/my_cpp_pkg/share/my_cpp_pkg/hook/cmake_prefix_path.sh'
[16.733s] Level 1:colcon.colcon_core.environment:checking '/home/azraa/ros2_ws/src/install/my_cpp_pkg/lib'
[16.733s] Level 1:colcon.colcon_core.environment:checking '/home/azraa/ros2_ws/src/install/my_cpp_pkg/bin'
[16.733s] Level 1:colcon.colcon_core.environment:checking '/home/azraa/ros2_ws/src/install/my_cpp_pkg/lib/pkgconfig/my_cpp_pkg.pc'
[16.734s] Level 1:colcon.colcon_core.environment:checking '/home/azraa/ros2_ws/src/install/my_cpp_pkg/lib/python3.8/site-packages'
[16.734s] Level 1:colcon.colcon_core.environment:checking '/home/azraa/ros2_ws/src/install/my_cpp_pkg/bin'
[16.738s] INFO:colcon.colcon_core.shell:Creating package script '/home/azraa/ros2_ws/src/install/my_cpp_pkg/share/my_cpp_pkg/package.ps1'
[16.739s] INFO:colcon.colcon_core.shell:Creating package descriptor '/home/azraa/ros2_ws/src/install/my_cpp_pkg/share/my_cpp_pkg/package.dsv'
[16.740s] INFO:colcon.colcon_core.shell:Creating package script '/home/azraa/ros2_ws/src/install/my_cpp_pkg/share/my_cpp_pkg/package.sh'
[16.741s] INFO:colcon.colcon_core.shell:Creating package script '/home/azraa/ros2_ws/src/install/my_cpp_pkg/share/my_cpp_pkg/package.bash'
[16.741s] INFO:colcon.colcon_core.shell:Creating package script '/home/azraa/ros2_ws/src/install/my_cpp_pkg/share/my_cpp_pkg/package.zsh'
[16.742s] Level 1:colcon.colcon_core.environment:create_file_with_runtime_dependencies(/home/azraa/ros2_ws/src/install/my_cpp_pkg/share/colcon-core/packages/my_cpp_pkg)
[16.743s] INFO:colcon.colcon_ros.task.ament_cmake.build:Building ROS package in '/home/azraa/ros2_ws/src/my_robot_bringup' with build type 'ament_cmake'
[16.743s] INFO:colcon.colcon_cmake.task.cmake.build:Building CMake package in '/home/azraa/ros2_ws/src/my_robot_bringup'
[16.746s] INFO:colcon.colcon_core.shell:Skip shell extension 'powershell' for command environment: Not usable outside of PowerShell
[16.747s] DEBUG:colcon.colcon_core.shell:Skip shell extension 'dsv' for command environment
[16.777s] DEBUG:colcon.colcon_core.event_handler.log_command:Invoking command in '/home/azraa/ros2_ws/src/build/my_robot_bringup': AMENT_PREFIX_PATH=/home/azraa/ros2_ws/src/install/my_py_pkg:/home/azraa/ros2_ws/src/install/my_cpp_pkg:/home/azraa/ros2_ws/src/install/my_robot_interfaces:${AMENT_PREFIX_PATH} CMAKE_PREFIX_PATH=/home/azraa/ros2_ws/src/install/my_cpp_pkg:/home/azraa/ros2_ws/src/install/my_robot_interfaces:/home/azraa/ros2_ws/install/my_robot_bringup:/home/azraa/ros2_ws/install/my_cpp_pkg:/home/azraa/ros2_ws/install/my_robot_interfaces:/home/azraa/ros2_ws/install/my_py_pkg:/opt/ros/foxy LD_LIBRARY_PATH=/home/azraa/ros2_ws/src/install/my_robot_interfaces/lib:${LD_LIBRARY_PATH} PYTHONPATH=/home/azraa/ros2_ws/src/install/my_py_pkg/lib/python3.8/site-packages:/home/azraa/ros2_ws/src/install/my_robot_interfaces/lib/python3.8/site-packages:${PYTHONPATH} /usr/bin/cmake /home/azraa/ros2_ws/src/my_robot_bringup -DCMAKE_INSTALL_PREFIX=/home/azraa/ros2_ws/src/install/my_robot_bringup
[18.202s] DEBUG:colcon.colcon_core.event_handler.log_command:Invoked command in '/home/azraa/ros2_ws/src/build/my_robot_bringup' returned '0': AMENT_PREFIX_PATH=/home/azraa/ros2_ws/src/install/my_py_pkg:/home/azraa/ros2_ws/src/install/my_cpp_pkg:/home/azraa/ros2_ws/src/install/my_robot_interfaces:${AMENT_PREFIX_PATH} CMAKE_PREFIX_PATH=/home/azraa/ros2_ws/src/install/my_cpp_pkg:/home/azraa/ros2_ws/src/install/my_robot_interfaces:/home/azraa/ros2_ws/install/my_robot_bringup:/home/azraa/ros2_ws/install/my_cpp_pkg:/home/azraa/ros2_ws/install/my_robot_interfaces:/home/azraa/ros2_ws/install/my_py_pkg:/opt/ros/foxy LD_LIBRARY_PATH=/home/azraa/ros2_ws/src/install/my_robot_interfaces/lib:${LD_LIBRARY_PATH} PYTHONPATH=/home/azraa/ros2_ws/src/install/my_py_pkg/lib/python3.8/site-packages:/home/azraa/ros2_ws/src/install/my_robot_interfaces/lib/python3.8/site-packages:${PYTHONPATH} /usr/bin/cmake /home/azraa/ros2_ws/src/my_robot_bringup -DCMAKE_INSTALL_PREFIX=/home/azraa/ros2_ws/src/install/my_robot_bringup
[18.207s] DEBUG:colcon.colcon_core.event_handler.log_command:Invoking command in '/home/azraa/ros2_ws/src/build/my_robot_bringup': AMENT_PREFIX_PATH=/home/azraa/ros2_ws/src/install/my_py_pkg:/home/azraa/ros2_ws/src/install/my_cpp_pkg:/home/azraa/ros2_ws/src/install/my_robot_interfaces:${AMENT_PREFIX_PATH} CMAKE_PREFIX_PATH=/home/azraa/ros2_ws/src/install/my_cpp_pkg:/home/azraa/ros2_ws/src/install/my_robot_interfaces:/home/azraa/ros2_ws/install/my_robot_bringup:/home/azraa/ros2_ws/install/my_cpp_pkg:/home/azraa/ros2_ws/install/my_robot_interfaces:/home/azraa/ros2_ws/install/my_py_pkg:/opt/ros/foxy LD_LIBRARY_PATH=/home/azraa/ros2_ws/src/install/my_robot_interfaces/lib:${LD_LIBRARY_PATH} PYTHONPATH=/home/azraa/ros2_ws/src/install/my_py_pkg/lib/python3.8/site-packages:/home/azraa/ros2_ws/src/install/my_robot_interfaces/lib/python3.8/site-packages:${PYTHONPATH} /usr/bin/cmake --build /home/azraa/ros2_ws/src/build/my_robot_bringup -- -j4 -l4
[18.269s] DEBUG:colcon.colcon_core.event_handler.log_command:Invoked command in '/home/azraa/ros2_ws/src/build/my_robot_bringup' returned '0': AMENT_PREFIX_PATH=/home/azraa/ros2_ws/src/install/my_py_pkg:/home/azraa/ros2_ws/src/install/my_cpp_pkg:/home/azraa/ros2_ws/src/install/my_robot_interfaces:${AMENT_PREFIX_PATH} CMAKE_PREFIX_PATH=/home/azraa/ros2_ws/src/install/my_cpp_pkg:/home/azraa/ros2_ws/src/install/my_robot_interfaces:/home/azraa/ros2_ws/install/my_robot_bringup:/home/azraa/ros2_ws/install/my_cpp_pkg:/home/azraa/ros2_ws/install/my_robot_interfaces:/home/azraa/ros2_ws/install/my_py_pkg:/opt/ros/foxy LD_LIBRARY_PATH=/home/azraa/ros2_ws/src/install/my_robot_interfaces/lib:${LD_LIBRARY_PATH} PYTHONPATH=/home/azraa/ros2_ws/src/install/my_py_pkg/lib/python3.8/site-packages:/home/azraa/ros2_ws/src/install/my_robot_interfaces/lib/python3.8/site-packages:${PYTHONPATH} /usr/bin/cmake --build /home/azraa/ros2_ws/src/build/my_robot_bringup -- -j4 -l4
[18.310s] DEBUG:colcon.colcon_core.event_handler.log_command:Invoking command in '/home/azraa/ros2_ws/src/build/my_robot_bringup': AMENT_PREFIX_PATH=/home/azraa/ros2_ws/src/install/my_py_pkg:/home/azraa/ros2_ws/src/install/my_cpp_pkg:/home/azraa/ros2_ws/src/install/my_robot_interfaces:${AMENT_PREFIX_PATH} CMAKE_PREFIX_PATH=/home/azraa/ros2_ws/src/install/my_cpp_pkg:/home/azraa/ros2_ws/src/install/my_robot_interfaces:/home/azraa/ros2_ws/install/my_robot_bringup:/home/azraa/ros2_ws/install/my_cpp_pkg:/home/azraa/ros2_ws/install/my_robot_interfaces:/home/azraa/ros2_ws/install/my_py_pkg:/opt/ros/foxy LD_LIBRARY_PATH=/home/azraa/ros2_ws/src/install/my_robot_interfaces/lib:${LD_LIBRARY_PATH} PYTHONPATH=/home/azraa/ros2_ws/src/install/my_py_pkg/lib/python3.8/site-packages:/home/azraa/ros2_ws/src/install/my_robot_interfaces/lib/python3.8/site-packages:${PYTHONPATH} /usr/bin/cmake --install /home/azraa/ros2_ws/src/build/my_robot_bringup
[18.343s] Level 1:colcon.colcon_core.environment:create_environment_scripts_only(my_robot_bringup)
[18.348s] Level 1:colcon.colcon_core.environment:checking '/home/azraa/ros2_ws/src/install/my_robot_bringup' for CMake module files
[18.349s] Level 1:colcon.colcon_core.environment:checking '/home/azraa/ros2_ws/src/install/my_robot_bringup' for CMake config files
[18.351s] DEBUG:colcon.colcon_core.event_handler.log_command:Invoked command in '/home/azraa/ros2_ws/src/build/my_robot_bringup' returned '0': AMENT_PREFIX_PATH=/home/azraa/ros2_ws/src/install/my_py_pkg:/home/azraa/ros2_ws/src/install/my_cpp_pkg:/home/azraa/ros2_ws/src/install/my_robot_interfaces:${AMENT_PREFIX_PATH} CMAKE_PREFIX_PATH=/home/azraa/ros2_ws/src/install/my_cpp_pkg:/home/azraa/ros2_ws/src/install/my_robot_interfaces:/home/azraa/ros2_ws/install/my_robot_bringup:/home/azraa/ros2_ws/install/my_cpp_pkg:/home/azraa/ros2_ws/install/my_robot_interfaces:/home/azraa/ros2_ws/install/my_py_pkg:/opt/ros/foxy LD_LIBRARY_PATH=/home/azraa/ros2_ws/src/install/my_robot_interfaces/lib:${LD_LIBRARY_PATH} PYTHONPATH=/home/azraa/ros2_ws/src/install/my_py_pkg/lib/python3.8/site-packages:/home/azraa/ros2_ws/src/install/my_robot_interfaces/lib/python3.8/site-packages:${PYTHONPATH} /usr/bin/cmake --install /home/azraa/ros2_ws/src/build/my_robot_bringup
[18.351s] Level 1:colcon.colcon_core.shell:create_environment_hook('my_robot_bringup', 'cmake_prefix_path')
[18.354s] INFO:colcon.colcon_core.shell:Creating environment hook '/home/azraa/ros2_ws/src/install/my_robot_bringup/share/my_robot_bringup/hook/cmake_prefix_path.ps1'
[18.355s] INFO:colcon.colcon_core.shell:Creating environment descriptor '/home/azraa/ros2_ws/src/install/my_robot_bringup/share/my_robot_bringup/hook/cmake_prefix_path.dsv'
[18.356s] INFO:colcon.colcon_core.shell:Creating environment hook '/home/azraa/ros2_ws/src/install/my_robot_bringup/share/my_robot_bringup/hook/cmake_prefix_path.sh'
[18.357s] Level 1:colcon.colcon_core.environment:checking '/home/azraa/ros2_ws/src/install/my_robot_bringup/bin'
[18.357s] Level 1:colcon.colcon_core.environment:checking '/home/azraa/ros2_ws/src/install/my_robot_bringup/lib/pkgconfig/my_robot_bringup.pc'
[18.357s] Level 1:colcon.colcon_core.environment:checking '/home/azraa/ros2_ws/src/install/my_robot_bringup/lib/python3.8/site-packages'
[18.358s] Level 1:colcon.colcon_core.environment:checking '/home/azraa/ros2_ws/src/install/my_robot_bringup/bin'
[18.361s] INFO:colcon.colcon_core.shell:Creating package script '/home/azraa/ros2_ws/src/install/my_robot_bringup/share/my_robot_bringup/package.ps1'
[18.362s] INFO:colcon.colcon_core.shell:Creating package descriptor '/home/azraa/ros2_ws/src/install/my_robot_bringup/share/my_robot_bringup/package.dsv'
[18.362s] INFO:colcon.colcon_core.shell:Creating package script '/home/azraa/ros2_ws/src/install/my_robot_bringup/share/my_robot_bringup/package.sh'
[18.363s] INFO:colcon.colcon_core.shell:Creating package script '/home/azraa/ros2_ws/src/install/my_robot_bringup/share/my_robot_bringup/package.bash'
[18.364s] INFO:colcon.colcon_core.shell:Creating package script '/home/azraa/ros2_ws/src/install/my_robot_bringup/share/my_robot_bringup/package.zsh'
[18.364s] Level 1:colcon.colcon_core.environment:create_file_with_runtime_dependencies(/home/azraa/ros2_ws/src/install/my_robot_bringup/share/colcon-core/packages/my_robot_bringup)
[18.402s] Level 1:colcon.colcon_core.environment:create_environment_scripts_only(my_robot_bringup)
[18.407s] Level 1:colcon.colcon_core.environment:checking '/home/azraa/ros2_ws/src/install/my_robot_bringup' for CMake module files
[18.408s] Level 1:colcon.colcon_core.environment:checking '/home/azraa/ros2_ws/src/install/my_robot_bringup' for CMake config files
[18.409s] Level 1:colcon.colcon_core.shell:create_environment_hook('my_robot_bringup', 'cmake_prefix_path')
[18.412s] INFO:colcon.colcon_core.shell:Creating environment hook '/home/azraa/ros2_ws/src/install/my_robot_bringup/share/my_robot_bringup/hook/cmake_prefix_path.ps1'
[18.412s] INFO:colcon.colcon_core.shell:Creating environment descriptor '/home/azraa/ros2_ws/src/install/my_robot_bringup/share/my_robot_bringup/hook/cmake_prefix_path.dsv'
[18.413s] INFO:colcon.colcon_core.shell:Creating environment hook '/home/azraa/ros2_ws/src/install/my_robot_bringup/share/my_robot_bringup/hook/cmake_prefix_path.sh'
[18.414s] Level 1:colcon.colcon_core.environment:checking '/home/azraa/ros2_ws/src/install/my_robot_bringup/bin'
[18.414s] Level 1:colcon.colcon_core.environment:checking '/home/azraa/ros2_ws/src/install/my_robot_bringup/lib/pkgconfig/my_robot_bringup.pc'
[18.415s] Level 1:colcon.colcon_core.environment:checking '/home/azraa/ros2_ws/src/install/my_robot_bringup/lib/python3.8/site-packages'
[18.415s] Level 1:colcon.colcon_core.environment:checking '/home/azraa/ros2_ws/src/install/my_robot_bringup/bin'
[18.419s] INFO:colcon.colcon_core.shell:Creating package script '/home/azraa/ros2_ws/src/install/my_robot_bringup/share/my_robot_bringup/package.ps1'
[18.420s] INFO:colcon.colcon_core.shell:Creating package descriptor '/home/azraa/ros2_ws/src/install/my_robot_bringup/share/my_robot_bringup/package.dsv'
[18.421s] INFO:colcon.colcon_core.shell:Creating package script '/home/azraa/ros2_ws/src/install/my_robot_bringup/share/my_robot_bringup/package.sh'
[18.422s] INFO:colcon.colcon_core.shell:Creating package script '/home/azraa/ros2_ws/src/install/my_robot_bringup/share/my_robot_bringup/package.bash'
[18.423s] INFO:colcon.colcon_core.shell:Creating package script '/home/azraa/ros2_ws/src/install/my_robot_bringup/share/my_robot_bringup/package.zsh'
[18.424s] Level 1:colcon.colcon_core.environment:create_file_with_runtime_dependencies(/home/azraa/ros2_ws/src/install/my_robot_bringup/share/colcon-core/packages/my_robot_bringup)
[27.252s] DEBUG:colcon.colcon_core.event_handler.log_command:Invoked command in '/home/azraa/ros2_ws/src/build/gscam' returned '0': CMAKE_PREFIX_PATH=${CMAKE_PREFIX_PATH}:/home/azraa/ros2_ws/install/my_py_pkg:/opt/ros/foxy /usr/bin/cmake --build /home/azraa/ros2_ws/src/build/gscam -- -j4 -l4
[27.296s] DEBUG:colcon.colcon_core.event_handler.log_command:Invoking command in '/home/azraa/ros2_ws/src/build/gscam': CMAKE_PREFIX_PATH=${CMAKE_PREFIX_PATH}:/home/azraa/ros2_ws/install/my_py_pkg:/opt/ros/foxy /usr/bin/cmake --install /home/azraa/ros2_ws/src/build/gscam
[27.325s] Level 1:colcon.colcon_core.environment:create_environment_scripts_only(gscam)
[27.329s] Level 1:colcon.colcon_core.environment:checking '/home/azraa/ros2_ws/src/install/gscam' for CMake module files
[27.330s] DEBUG:colcon.colcon_core.event_handler.log_command:Invoked command in '/home/azraa/ros2_ws/src/build/gscam' returned '0': CMAKE_PREFIX_PATH=${CMAKE_PREFIX_PATH}:/home/azraa/ros2_ws/install/my_py_pkg:/opt/ros/foxy /usr/bin/cmake --install /home/azraa/ros2_ws/src/build/gscam
[27.330s] Level 1:colcon.colcon_core.environment:checking '/home/azraa/ros2_ws/src/install/gscam' for CMake config files
[27.330s] Level 1:colcon.colcon_core.shell:create_environment_hook('gscam', 'cmake_prefix_path')
[27.333s] INFO:colcon.colcon_core.shell:Creating environment hook '/home/azraa/ros2_ws/src/install/gscam/share/gscam/hook/cmake_prefix_path.ps1'
[27.334s] INFO:colcon.colcon_core.shell:Creating environment descriptor '/home/azraa/ros2_ws/src/install/gscam/share/gscam/hook/cmake_prefix_path.dsv'
[27.334s] INFO:colcon.colcon_core.shell:Creating environment hook '/home/azraa/ros2_ws/src/install/gscam/share/gscam/hook/cmake_prefix_path.sh'
[27.334s] Level 1:colcon.colcon_core.environment:checking '/home/azraa/ros2_ws/src/install/gscam/lib'
[27.335s] Level 1:colcon.colcon_core.shell:create_environment_hook('gscam', 'ld_library_path_lib')
[27.337s] INFO:colcon.colcon_core.shell:Creating environment hook '/home/azraa/ros2_ws/src/install/gscam/share/gscam/hook/ld_library_path_lib.ps1'
[27.337s] INFO:colcon.colcon_core.shell:Creating environment descriptor '/home/azraa/ros2_ws/src/install/gscam/share/gscam/hook/ld_library_path_lib.dsv'
[27.338s] INFO:colcon.colcon_core.shell:Creating environment hook '/home/azraa/ros2_ws/src/install/gscam/share/gscam/hook/ld_library_path_lib.sh'
[27.338s] Level 1:colcon.colcon_core.environment:checking '/home/azraa/ros2_ws/src/install/gscam/bin'
[27.338s] Level 1:colcon.colcon_core.environment:checking '/home/azraa/ros2_ws/src/install/gscam/lib/pkgconfig/gscam.pc'
[27.339s] Level 1:colcon.colcon_core.environment:checking '/home/azraa/ros2_ws/src/install/gscam/lib/python3.8/site-packages'
[27.339s] Level 1:colcon.colcon_core.environment:checking '/home/azraa/ros2_ws/src/install/gscam/bin'
[27.342s] INFO:colcon.colcon_core.shell:Creating package script '/home/azraa/ros2_ws/src/install/gscam/share/gscam/package.ps1'
[27.342s] INFO:colcon.colcon_core.shell:Creating package descriptor '/home/azraa/ros2_ws/src/install/gscam/share/gscam/package.dsv'
[27.343s] INFO:colcon.colcon_core.shell:Creating package script '/home/azraa/ros2_ws/src/install/gscam/share/gscam/package.sh'
[27.343s] INFO:colcon.colcon_core.shell:Creating package script '/home/azraa/ros2_ws/src/install/gscam/share/gscam/package.bash'
[27.343s] INFO:colcon.colcon_core.shell:Creating package script '/home/azraa/ros2_ws/src/install/gscam/share/gscam/package.zsh'
[27.344s] Level 1:colcon.colcon_core.environment:create_file_with_runtime_dependencies(/home/azraa/ros2_ws/src/install/gscam/share/colcon-core/packages/gscam)
[27.386s] Level 1:colcon.colcon_core.environment:create_environment_scripts_only(gscam)
[27.390s] Level 1:colcon.colcon_core.environment:checking '/home/azraa/ros2_ws/src/install/gscam' for CMake module files
[27.391s] Level 1:colcon.colcon_core.environment:checking '/home/azraa/ros2_ws/src/install/gscam' for CMake config files
[27.391s] Level 1:colcon.colcon_core.shell:create_environment_hook('gscam', 'cmake_prefix_path')
[27.394s] INFO:colcon.colcon_core.shell:Creating environment hook '/home/azraa/ros2_ws/src/install/gscam/share/gscam/hook/cmake_prefix_path.ps1'
[27.394s] INFO:colcon.colcon_core.shell:Creating environment descriptor '/home/azraa/ros2_ws/src/install/gscam/share/gscam/hook/cmake_prefix_path.dsv'
[27.395s] INFO:colcon.colcon_core.shell:Creating environment hook '/home/azraa/ros2_ws/src/install/gscam/share/gscam/hook/cmake_prefix_path.sh'
[27.396s] Level 1:colcon.colcon_core.environment:checking '/home/azraa/ros2_ws/src/install/gscam/lib'
[27.396s] Level 1:colcon.colcon_core.shell:create_environment_hook('gscam', 'ld_library_path_lib')
[27.398s] INFO:colcon.colcon_core.shell:Creating environment hook '/home/azraa/ros2_ws/src/install/gscam/share/gscam/hook/ld_library_path_lib.ps1'
[27.399s] INFO:colcon.colcon_core.shell:Creating environment descriptor '/home/azraa/ros2_ws/src/install/gscam/share/gscam/hook/ld_library_path_lib.dsv'
[27.399s] INFO:colcon.colcon_core.shell:Creating environment hook '/home/azraa/ros2_ws/src/install/gscam/share/gscam/hook/ld_library_path_lib.sh'
[27.399s] Level 1:colcon.colcon_core.environment:checking '/home/azraa/ros2_ws/src/install/gscam/bin'
[27.400s] Level 1:colcon.colcon_core.environment:checking '/home/azraa/ros2_ws/src/install/gscam/lib/pkgconfig/gscam.pc'
[27.400s] Level 1:colcon.colcon_core.environment:checking '/home/azraa/ros2_ws/src/install/gscam/lib/python3.8/site-packages'
[27.400s] Level 1:colcon.colcon_core.environment:checking '/home/azraa/ros2_ws/src/install/gscam/bin'
[27.403s] INFO:colcon.colcon_core.shell:Creating package script '/home/azraa/ros2_ws/src/install/gscam/share/gscam/package.ps1'
[27.404s] INFO:colcon.colcon_core.shell:Creating package descriptor '/home/azraa/ros2_ws/src/install/gscam/share/gscam/package.dsv'
[27.405s] INFO:colcon.colcon_core.shell:Creating package script '/home/azraa/ros2_ws/src/install/gscam/share/gscam/package.sh'
[27.405s] INFO:colcon.colcon_core.shell:Creating package script '/home/azraa/ros2_ws/src/install/gscam/share/gscam/package.bash'
[27.406s] INFO:colcon.colcon_core.shell:Creating package script '/home/azraa/ros2_ws/src/install/gscam/share/gscam/package.zsh'
[27.406s] Level 1:colcon.colcon_core.environment:create_file_with_runtime_dependencies(/home/azraa/ros2_ws/src/install/gscam/share/colcon-core/packages/gscam)
[27.407s] DEBUG:colcon.colcon_parallel_executor.executor.parallel:closing loop
[27.407s] DEBUG:colcon.colcon_parallel_executor.executor.parallel:loop closed
[27.407s] DEBUG:colcon.colcon_parallel_executor.executor.parallel:run_until_complete finished with '0'
[27.407s] DEBUG:colcon.colcon_core.event_reactor:joining thread
[27.419s] INFO:colcon.colcon_core.plugin_system:Skipping extension 'colcon_notification.desktop_notification.terminal_notifier': Not used on non-Darwin systems
[27.419s] INFO:colcon.colcon_core.plugin_system:Skipping extension 'colcon_notification.desktop_notification.win32': Not used on non-Windows systems
[27.419s] INFO:colcon.colcon_notification.desktop_notification:Sending desktop notification using 'notify2'
[27.442s] DEBUG:colcon.colcon_core.event_reactor:joined thread
[27.445s] INFO:colcon.colcon_core.shell:Creating prefix script '/home/azraa/ros2_ws/src/install/local_setup.ps1'
[27.446s] INFO:colcon.colcon_core.shell:Creating prefix util module '/home/azraa/ros2_ws/src/install/_local_setup_util_ps1.py'
[27.449s] INFO:colcon.colcon_core.shell:Creating prefix chain script '/home/azraa/ros2_ws/src/install/setup.ps1'
[27.452s] INFO:colcon.colcon_core.shell:Creating prefix script '/home/azraa/ros2_ws/src/install/local_setup.sh'
[27.453s] INFO:colcon.colcon_core.shell:Creating prefix util module '/home/azraa/ros2_ws/src/install/_local_setup_util_sh.py'
[27.453s] INFO:colcon.colcon_core.shell:Creating prefix chain script '/home/azraa/ros2_ws/src/install/setup.sh'
[27.456s] INFO:colcon.colcon_core.shell:Creating prefix script '/home/azraa/ros2_ws/src/install/local_setup.bash'
[27.457s] INFO:colcon.colcon_core.shell:Creating prefix chain script '/home/azraa/ros2_ws/src/install/setup.bash'
[27.461s] INFO:colcon.colcon_core.shell:Creating prefix script '/home/azraa/ros2_ws/src/install/local_setup.zsh'
[27.462s] INFO:colcon.colcon_core.shell:Creating prefix chain script '/home/azraa/ros2_ws/src/install/setup.zsh'
