[2.769s] Invoking command in '/home/azraa/ros2_ws/src/my_python_pkg': PYTHONPATH=/home/azraa/ros2_ws/install/my_python_pkg/lib/python3.8/site-packages:${PYTHONPATH} /usr/bin/python3 setup.py egg_info --egg-base ../../build/my_python_pkg build --build-base /home/azraa/ros2_ws/build/my_python_pkg/build install --prefix /home/azraa/ros2_ws/install/my_python_pkg --record /home/azraa/ros2_ws/build/my_python_pkg/install.log --single-version-externally-managed
[3.593s] /home/azraa/.local/lib/python3.8/site-packages/setuptools/dist.py:771: UserWarning: Usage of dash-separated 'script-dir' will not be supported in future versions. Please use the underscore name 'script_dir' instead
[3.593s]   warnings.warn(
[3.594s] /home/azraa/.local/lib/python3.8/site-packages/setuptools/dist.py:771: UserWarning: Usage of dash-separated 'install-scripts' will not be supported in future versions. Please use the underscore name 'install_scripts' instead
[3.594s]   warnings.warn(
[3.855s] running egg_info
[3.922s] writing ../../build/my_python_pkg/my_python_pkg.egg-info/PKG-INFO
[3.922s] writing dependency_links to ../../build/my_python_pkg/my_python_pkg.egg-info/dependency_links.txt
[3.923s] writing entry points to ../../build/my_python_pkg/my_python_pkg.egg-info/entry_points.txt
[3.923s] writing requirements to ../../build/my_python_pkg/my_python_pkg.egg-info/requires.txt
[3.927s] writing top-level names to ../../build/my_python_pkg/my_python_pkg.egg-info/top_level.txt
[4.052s] reading manifest file '../../build/my_python_pkg/my_python_pkg.egg-info/SOURCES.txt'
[4.063s] writing manifest file '../../build/my_python_pkg/my_python_pkg.egg-info/SOURCES.txt'
[4.063s] running build
[4.063s] running build_py
[4.064s] running install
[4.064s] /home/azraa/.local/lib/python3.8/site-packages/setuptools/command/install.py:34: SetuptoolsDeprecationWarning: setup.py install is deprecated. Use build and pip and other standards-based tools.
[4.065s]   warnings.warn(
[4.091s] running install_lib
[4.163s] running install_data
[4.210s] running install_egg_info
[4.275s] removing '/home/azraa/ros2_ws/install/my_python_pkg/lib/python3.8/site-packages/my_python_pkg-0.0.0-py3.8.egg-info' (and everything under it)
[4.281s] Copying ../../build/my_python_pkg/my_python_pkg.egg-info to /home/azraa/ros2_ws/install/my_python_pkg/lib/python3.8/site-packages/my_python_pkg-0.0.0-py3.8.egg-info
[4.284s] running install_scripts
[4.566s] Installing add_two_ints_client script to /home/azraa/ros2_ws/install/my_python_pkg/lib/my_python_pkg
[4.567s] Installing add_two_ints_client_no_oop script to /home/azraa/ros2_ws/install/my_python_pkg/lib/my_python_pkg
[4.567s] Installing add_two_ints_server script to /home/azraa/ros2_ws/install/my_python_pkg/lib/my_python_pkg
[4.568s] Installing battery script to /home/azraa/ros2_ws/install/my_python_pkg/lib/my_python_pkg
[4.568s] Installing hw_status_publisher script to /home/azraa/ros2_ws/install/my_python_pkg/lib/my_python_pkg
[4.569s] Installing image_subscriber script to /home/azraa/ros2_ws/install/my_python_pkg/lib/my_python_pkg
[4.569s] Installing image_subscriber_rt script to /home/azraa/ros2_ws/install/my_python_pkg/lib/my_python_pkg
[4.569s] Installing led_panel script to /home/azraa/ros2_ws/install/my_python_pkg/lib/my_python_pkg
[4.569s] Installing number_counter script to /home/azraa/ros2_ws/install/my_python_pkg/lib/my_python_pkg
[4.569s] Installing number_publisher script to /home/azraa/ros2_ws/install/my_python_pkg/lib/my_python_pkg
[4.569s] Installing py_node script to /home/azraa/ros2_ws/install/my_python_pkg/lib/my_python_pkg
[4.570s] Installing robot_news_station script to /home/azraa/ros2_ws/install/my_python_pkg/lib/my_python_pkg
[4.570s] Installing smartphone script to /home/azraa/ros2_ws/install/my_python_pkg/lib/my_python_pkg
[4.570s] writing list of installed files to '/home/azraa/ros2_ws/build/my_python_pkg/install.log'
[4.672s] Invoked command in '/home/azraa/ros2_ws/src/my_python_pkg' returned '0': PYTHONPATH=/home/azraa/ros2_ws/install/my_python_pkg/lib/python3.8/site-packages:${PYTHONPATH} /usr/bin/python3 setup.py egg_info --egg-base ../../build/my_python_pkg build --build-base /home/azraa/ros2_ws/build/my_python_pkg/build install --prefix /home/azraa/ros2_ws/install/my_python_pkg --record /home/azraa/ros2_ws/build/my_python_pkg/install.log --single-version-externally-managed
