[2.308s] Invoking command in '/home/azraa/ros2_ws/src/my_python_pkg': PYTHONPATH=/home/azraa/ros2_ws/install/my_python_pkg/lib/python3.8/site-packages:${PYTHONPATH} /usr/bin/python3 setup.py egg_info --egg-base ../../build/my_python_pkg build --build-base /home/azraa/ros2_ws/build/my_python_pkg/build install --prefix /home/azraa/ros2_ws/install/my_python_pkg --record /home/azraa/ros2_ws/build/my_python_pkg/install.log --single-version-externally-managed
[2.815s] /home/azraa/.local/lib/python3.8/site-packages/setuptools/dist.py:771: UserWarning: Usage of dash-separated 'script-dir' will not be supported in future versions. Please use the underscore name 'script_dir' instead
[2.816s]   warnings.warn(
[2.816s] /home/azraa/.local/lib/python3.8/site-packages/setuptools/dist.py:771: UserWarning: Usage of dash-separated 'install-scripts' will not be supported in future versions. Please use the underscore name 'install_scripts' instead
[2.816s]   warnings.warn(
[2.962s] running egg_info
[2.983s] writing ../../build/my_python_pkg/my_python_pkg.egg-info/PKG-INFO
[2.983s] writing dependency_links to ../../build/my_python_pkg/my_python_pkg.egg-info/dependency_links.txt
[2.985s] writing entry points to ../../build/my_python_pkg/my_python_pkg.egg-info/entry_points.txt
[2.985s] writing requirements to ../../build/my_python_pkg/my_python_pkg.egg-info/requires.txt
[2.985s] writing top-level names to ../../build/my_python_pkg/my_python_pkg.egg-info/top_level.txt
[3.030s] reading manifest file '../../build/my_python_pkg/my_python_pkg.egg-info/SOURCES.txt'
[3.032s] writing manifest file '../../build/my_python_pkg/my_python_pkg.egg-info/SOURCES.txt'
[3.032s] running build
[3.033s] running build_py
[3.034s] running install
[3.034s] /home/azraa/.local/lib/python3.8/site-packages/setuptools/command/install.py:34: SetuptoolsDeprecationWarning: setup.py install is deprecated. Use build and pip and other standards-based tools.
[3.034s]   warnings.warn(
[3.048s] running install_lib
[3.071s] running install_data
[3.094s] running install_egg_info
[3.117s] removing '/home/azraa/ros2_ws/install/my_python_pkg/lib/python3.8/site-packages/my_python_pkg-0.0.0-py3.8.egg-info' (and everything under it)
[3.117s] Copying ../../build/my_python_pkg/my_python_pkg.egg-info to /home/azraa/ros2_ws/install/my_python_pkg/lib/python3.8/site-packages/my_python_pkg-0.0.0-py3.8.egg-info
[3.117s] running install_scripts
[3.244s] Installing add_two_ints_client script to /home/azraa/ros2_ws/install/my_python_pkg/lib/my_python_pkg
[3.244s] Installing add_two_ints_client_no_oop script to /home/azraa/ros2_ws/install/my_python_pkg/lib/my_python_pkg
[3.245s] Installing add_two_ints_server script to /home/azraa/ros2_ws/install/my_python_pkg/lib/my_python_pkg
[3.245s] Installing battery script to /home/azraa/ros2_ws/install/my_python_pkg/lib/my_python_pkg
[3.245s] Installing hw_status_publisher script to /home/azraa/ros2_ws/install/my_python_pkg/lib/my_python_pkg
[3.245s] Installing image_subscriber script to /home/azraa/ros2_ws/install/my_python_pkg/lib/my_python_pkg
[3.245s] Installing image_subscriber_rt script to /home/azraa/ros2_ws/install/my_python_pkg/lib/my_python_pkg
[3.245s] Installing led_panel script to /home/azraa/ros2_ws/install/my_python_pkg/lib/my_python_pkg
[3.246s] Installing number_counter script to /home/azraa/ros2_ws/install/my_python_pkg/lib/my_python_pkg
[3.246s] Installing number_publisher script to /home/azraa/ros2_ws/install/my_python_pkg/lib/my_python_pkg
[3.246s] Installing py_node script to /home/azraa/ros2_ws/install/my_python_pkg/lib/my_python_pkg
[3.246s] Installing robot_news_station script to /home/azraa/ros2_ws/install/my_python_pkg/lib/my_python_pkg
[3.246s] Installing smartphone script to /home/azraa/ros2_ws/install/my_python_pkg/lib/my_python_pkg
[3.247s] writing list of installed files to '/home/azraa/ros2_ws/build/my_python_pkg/install.log'
[3.305s] Invoked command in '/home/azraa/ros2_ws/src/my_python_pkg' returned '0': PYTHONPATH=/home/azraa/ros2_ws/install/my_python_pkg/lib/python3.8/site-packages:${PYTHONPATH} /usr/bin/python3 setup.py egg_info --egg-base ../../build/my_python_pkg build --build-base /home/azraa/ros2_ws/build/my_python_pkg/build install --prefix /home/azraa/ros2_ws/install/my_python_pkg --record /home/azraa/ros2_ws/build/my_python_pkg/install.log --single-version-externally-managed
