[0.023s] Invoking command in '/home/azraa/ros2_ws/build/my_cpp_pkg': CMAKE_PREFIX_PATH=/home/azraa/ros2_ws/install/my_robot_interfaces:/home/azraa/ros2_ws/install/my_robot_bringup:/home/azraa/ros2_ws/install/my_cpp_pkg:/home/azraa/ros2_ws/install/my_py_pkg:/opt/ros/foxy PYTHONPATH=/home/azraa/ros2_ws/install/my_robot_interfaces/lib/python3.8/site-packages:/home/azraa/ros2_ws/install/my_py_pkg/lib/python3.8/site-packages:/opt/ros/foxy/lib/python3.8/site-packages /usr/bin/cmake --build /home/azraa/ros2_ws/build/my_cpp_pkg -- -j4 -l4
[0.122s] [ 14%] Built target cpp_node
[0.129s] [ 28%] Built target smartphone
[0.139s] [ 57%] Built target add_two_ints_server
[0.139s] [ 57%] Built target add_two_ints_client_no_oop
[0.172s] [ 85%] Built target add_two_ints_client
[0.172s] [ 85%] Built target robot_news_station
[0.176s] [100%] Built target hw_status_publisher
[0.190s] Invoked command in '/home/azraa/ros2_ws/build/my_cpp_pkg' returned '0': CMAKE_PREFIX_PATH=/home/azraa/ros2_ws/install/my_robot_interfaces:/home/azraa/ros2_ws/install/my_robot_bringup:/home/azraa/ros2_ws/install/my_cpp_pkg:/home/azraa/ros2_ws/install/my_py_pkg:/opt/ros/foxy PYTHONPATH=/home/azraa/ros2_ws/install/my_robot_interfaces/lib/python3.8/site-packages:/home/azraa/ros2_ws/install/my_py_pkg/lib/python3.8/site-packages:/opt/ros/foxy/lib/python3.8/site-packages /usr/bin/cmake --build /home/azraa/ros2_ws/build/my_cpp_pkg -- -j4 -l4
[0.239s] Invoking command in '/home/azraa/ros2_ws/build/my_cpp_pkg': CMAKE_PREFIX_PATH=/home/azraa/ros2_ws/install/my_robot_interfaces:/home/azraa/ros2_ws/install/my_robot_bringup:/home/azraa/ros2_ws/install/my_cpp_pkg:/home/azraa/ros2_ws/install/my_py_pkg:/opt/ros/foxy PYTHONPATH=/home/azraa/ros2_ws/install/my_robot_interfaces/lib/python3.8/site-packages:/home/azraa/ros2_ws/install/my_py_pkg/lib/python3.8/site-packages:/opt/ros/foxy/lib/python3.8/site-packages /usr/bin/cmake --install /home/azraa/ros2_ws/build/my_cpp_pkg
[0.248s] -- Install configuration: ""
[0.249s] -- Execute custom install script
[0.250s] -- Up-to-date symlink: /home/azraa/ros2_ws/install/my_cpp_pkg/lib/my_cpp_pkg/cpp_node
[0.250s] -- Up-to-date symlink: /home/azraa/ros2_ws/install/my_cpp_pkg/lib/my_cpp_pkg/robot_news_station
[0.250s] -- Up-to-date symlink: /home/azraa/ros2_ws/install/my_cpp_pkg/lib/my_cpp_pkg/smartphone
[0.251s] -- Up-to-date symlink: /home/azraa/ros2_ws/install/my_cpp_pkg/lib/my_cpp_pkg/add_two_ints_server
[0.251s] -- Up-to-date symlink: /home/azraa/ros2_ws/install/my_cpp_pkg/lib/my_cpp_pkg/add_two_ints_client_no_oop
[0.251s] -- Up-to-date symlink: /home/azraa/ros2_ws/install/my_cpp_pkg/lib/my_cpp_pkg/add_two_ints_client
[0.252s] -- Up-to-date symlink: /home/azraa/ros2_ws/install/my_cpp_pkg/lib/my_cpp_pkg/hw_status_publisher
[0.252s] -- Up-to-date symlink: /home/azraa/ros2_ws/install/my_cpp_pkg/share/ament_index/resource_index/package_run_dependencies/my_cpp_pkg
[0.253s] -- Up-to-date symlink: /home/azraa/ros2_ws/install/my_cpp_pkg/share/ament_index/resource_index/parent_prefix_path/my_cpp_pkg
[0.253s] -- Up-to-date symlink: /home/azraa/ros2_ws/install/my_cpp_pkg/share/my_cpp_pkg/environment/ament_prefix_path.sh
[0.253s] -- Up-to-date symlink: /home/azraa/ros2_ws/install/my_cpp_pkg/share/my_cpp_pkg/environment/ament_prefix_path.dsv
[0.254s] -- Up-to-date symlink: /home/azraa/ros2_ws/install/my_cpp_pkg/share/my_cpp_pkg/environment/path.sh
[0.254s] -- Up-to-date symlink: /home/azraa/ros2_ws/install/my_cpp_pkg/share/my_cpp_pkg/environment/path.dsv
[0.254s] -- Up-to-date symlink: /home/azraa/ros2_ws/install/my_cpp_pkg/share/my_cpp_pkg/local_setup.bash
[0.255s] -- Up-to-date symlink: /home/azraa/ros2_ws/install/my_cpp_pkg/share/my_cpp_pkg/local_setup.sh
[0.255s] -- Up-to-date symlink: /home/azraa/ros2_ws/install/my_cpp_pkg/share/my_cpp_pkg/local_setup.zsh
[0.256s] -- Up-to-date symlink: /home/azraa/ros2_ws/install/my_cpp_pkg/share/my_cpp_pkg/local_setup.dsv
[0.256s] -- Symlinking: /home/azraa/ros2_ws/install/my_cpp_pkg/share/my_cpp_pkg/package.dsv
[0.267s] -- Up-to-date symlink: /home/azraa/ros2_ws/install/my_cpp_pkg/share/ament_index/resource_index/packages/my_cpp_pkg
[0.268s] -- Up-to-date symlink: /home/azraa/ros2_ws/install/my_cpp_pkg/share/my_cpp_pkg/cmake/my_cpp_pkgConfig.cmake
[0.268s] -- Up-to-date symlink: /home/azraa/ros2_ws/install/my_cpp_pkg/share/my_cpp_pkg/cmake/my_cpp_pkgConfig-version.cmake
[0.268s] -- Up-to-date symlink: /home/azraa/ros2_ws/install/my_cpp_pkg/share/my_cpp_pkg/package.xml
[0.275s] Invoked command in '/home/azraa/ros2_ws/build/my_cpp_pkg' returned '0': CMAKE_PREFIX_PATH=/home/azraa/ros2_ws/install/my_robot_interfaces:/home/azraa/ros2_ws/install/my_robot_bringup:/home/azraa/ros2_ws/install/my_cpp_pkg:/home/azraa/ros2_ws/install/my_py_pkg:/opt/ros/foxy PYTHONPATH=/home/azraa/ros2_ws/install/my_robot_interfaces/lib/python3.8/site-packages:/home/azraa/ros2_ws/install/my_py_pkg/lib/python3.8/site-packages:/opt/ros/foxy/lib/python3.8/site-packages /usr/bin/cmake --install /home/azraa/ros2_ws/build/my_cpp_pkg
