[0.103s] Invoking command in '/home/azraa/ros2_ws/build/m2s2_custom_interfaces': CMAKE_PREFIX_PATH=/home/azraa/ros2_ws/install/v4l2_camera:/home/azraa/ros2_ws/install/audio_common:/home/azraa/ros2_ws/install/sound_play:/home/azraa/ros2_ws/install/my_robot_bringup:/home/azraa/ros2_ws/install/my_cpp_pkg:/home/azraa/ros2_ws/install/my_robot_interfaces:/home/azraa/ros2_ws/install/bme280:/home/azraa/ros2_ws/install/m2s2_custom_interfaces:/home/azraa/ros2_ws/install/m2s2_bringup:/home/azraa/ros2_ws/install/gscam:/home/azraa/ros2_ws/install/audio_play:/home/azraa/ros2_ws/install/audio_capture:/home/azraa/ros2_ws/install/audio_common_msgs:/home/azraa/ros2_ws/install/m2s2_test_python:/opt/ros/foxy:/opt/ros/noetic /usr/bin/cmake --build /home/azraa/ros2_ws/build/m2s2_custom_interfaces -- -j4 -l4
[1.187s] [  3%] Built target m2s2_custom_interfaces__cpp
[1.187s] [ 12%] Built target m2s2_custom_interfaces__rosidl_generator_c
[1.188s] [ 22%] Built target m2s2_custom_interfaces__rosidl_typesupport_cpp
[1.188s] [ 32%] Built target m2s2_custom_interfaces__rosidl_typesupport_introspection_cpp
[1.188s] [ 41%] Built target m2s2_custom_interfaces__rosidl_typesupport_fastrtps_cpp
[1.188s] [ 51%] Built target m2s2_custom_interfaces__rosidl_typesupport_c
[1.188s] [ 61%] Built target m2s2_custom_interfaces__rosidl_typesupport_introspection_c
[1.188s] [ 70%] Built target m2s2_custom_interfaces__rosidl_typesupport_fastrtps_c
[1.188s] [ 70%] Built target m2s2_custom_interfaces
[1.188s] [ 74%] Built target m2s2_custom_interfaces__py
[1.189s] [ 80%] Built target m2s2_custom_interfaces__python
[1.189s] [ 87%] Built target m2s2_custom_interfaces__rosidl_typesupport_introspection_c__pyext
[1.189s] [ 93%] Built target m2s2_custom_interfaces__rosidl_typesupport_fastrtps_c__pyext
[1.189s] [100%] Built target m2s2_custom_interfaces__rosidl_typesupport_c__pyext
[1.192s] Invoked command in '/home/azraa/ros2_ws/build/m2s2_custom_interfaces' returned '0': CMAKE_PREFIX_PATH=/home/azraa/ros2_ws/install/v4l2_camera:/home/azraa/ros2_ws/install/audio_common:/home/azraa/ros2_ws/install/sound_play:/home/azraa/ros2_ws/install/my_robot_bringup:/home/azraa/ros2_ws/install/my_cpp_pkg:/home/azraa/ros2_ws/install/my_robot_interfaces:/home/azraa/ros2_ws/install/bme280:/home/azraa/ros2_ws/install/m2s2_custom_interfaces:/home/azraa/ros2_ws/install/m2s2_bringup:/home/azraa/ros2_ws/install/gscam:/home/azraa/ros2_ws/install/audio_play:/home/azraa/ros2_ws/install/audio_capture:/home/azraa/ros2_ws/install/audio_common_msgs:/home/azraa/ros2_ws/install/m2s2_test_python:/opt/ros/foxy:/opt/ros/noetic /usr/bin/cmake --build /home/azraa/ros2_ws/build/m2s2_custom_interfaces -- -j4 -l4
[1.338s] Invoking command in '/home/azraa/ros2_ws/build/m2s2_custom_interfaces': CMAKE_PREFIX_PATH=/home/azraa/ros2_ws/install/v4l2_camera:/home/azraa/ros2_ws/install/audio_common:/home/azraa/ros2_ws/install/sound_play:/home/azraa/ros2_ws/install/my_robot_bringup:/home/azraa/ros2_ws/install/my_cpp_pkg:/home/azraa/ros2_ws/install/my_robot_interfaces:/home/azraa/ros2_ws/install/bme280:/home/azraa/ros2_ws/install/m2s2_custom_interfaces:/home/azraa/ros2_ws/install/m2s2_bringup:/home/azraa/ros2_ws/install/gscam:/home/azraa/ros2_ws/install/audio_play:/home/azraa/ros2_ws/install/audio_capture:/home/azraa/ros2_ws/install/audio_common_msgs:/home/azraa/ros2_ws/install/m2s2_test_python:/opt/ros/foxy:/opt/ros/noetic /usr/bin/cmake --install /home/azraa/ros2_ws/build/m2s2_custom_interfaces
[1.364s] -- Install configuration: ""
[1.365s] -- Up-to-date: /home/azraa/ros2_ws/install/m2s2_custom_interfaces/share/ament_index/resource_index/rosidl_interfaces/m2s2_custom_interfaces
[1.366s] -- Up-to-date: /home/azraa/ros2_ws/install/m2s2_custom_interfaces/include/m2s2_custom_interfaces
[1.366s] -- Up-to-date: /home/azraa/ros2_ws/install/m2s2_custom_interfaces/include/m2s2_custom_interfaces/msg
[1.366s] -- Up-to-date: /home/azraa/ros2_ws/install/m2s2_custom_interfaces/include/m2s2_custom_interfaces/msg/detail
[1.367s] -- Up-to-date: /home/azraa/ros2_ws/install/m2s2_custom_interfaces/include/m2s2_custom_interfaces/msg/detail/enviro_data__functions.h
[1.367s] -- Up-to-date: /home/azraa/ros2_ws/install/m2s2_custom_interfaces/include/m2s2_custom_interfaces/msg/detail/enviro_data__struct.h
[1.367s] -- Up-to-date: /home/azraa/ros2_ws/install/m2s2_custom_interfaces/include/m2s2_custom_interfaces/msg/detail/enviro_data__type_support.h
[1.367s] -- Up-to-date: /home/azraa/ros2_ws/install/m2s2_custom_interfaces/include/m2s2_custom_interfaces/msg/detail/enviro_data__functions.c
[1.368s] -- Up-to-date: /home/azraa/ros2_ws/install/m2s2_custom_interfaces/include/m2s2_custom_interfaces/msg/enviro_data.h
[1.369s] -- Up-to-date: /home/azraa/ros2_ws/install/m2s2_custom_interfaces/include/m2s2_custom_interfaces/msg/rosidl_generator_c__visibility_control.h
[1.369s] -- Up-to-date: /home/azraa/ros2_ws/install/m2s2_custom_interfaces/share/m2s2_custom_interfaces/environment/library_path.sh
[1.369s] -- Up-to-date: /home/azraa/ros2_ws/install/m2s2_custom_interfaces/share/m2s2_custom_interfaces/environment/library_path.dsv
[1.371s] -- Up-to-date: /home/azraa/ros2_ws/install/m2s2_custom_interfaces/lib/libm2s2_custom_interfaces__rosidl_generator_c.so
[1.371s] -- Up-to-date: /home/azraa/ros2_ws/install/m2s2_custom_interfaces/include/m2s2_custom_interfaces
[1.371s] -- Up-to-date: /home/azraa/ros2_ws/install/m2s2_custom_interfaces/include/m2s2_custom_interfaces/msg
[1.371s] -- Up-to-date: /home/azraa/ros2_ws/install/m2s2_custom_interfaces/include/m2s2_custom_interfaces/msg/rosidl_typesupport_fastrtps_c__visibility_control.h
[1.373s] -- Up-to-date: /home/azraa/ros2_ws/install/m2s2_custom_interfaces/include/m2s2_custom_interfaces/msg/detail
[1.376s] -- Up-to-date: /home/azraa/ros2_ws/install/m2s2_custom_interfaces/include/m2s2_custom_interfaces/msg/detail/enviro_data__rosidl_typesupport_fastrtps_c.h
[1.377s] -- Up-to-date: /home/azraa/ros2_ws/install/m2s2_custom_interfaces/lib/libm2s2_custom_interfaces__rosidl_typesupport_fastrtps_c.so
[1.378s] -- Up-to-date: /home/azraa/ros2_ws/install/m2s2_custom_interfaces/include/m2s2_custom_interfaces
[1.378s] -- Up-to-date: /home/azraa/ros2_ws/install/m2s2_custom_interfaces/include/m2s2_custom_interfaces/msg
[1.378s] -- Up-to-date: /home/azraa/ros2_ws/install/m2s2_custom_interfaces/include/m2s2_custom_interfaces/msg/detail
[1.378s] -- Up-to-date: /home/azraa/ros2_ws/install/m2s2_custom_interfaces/include/m2s2_custom_interfaces/msg/detail/enviro_data__rosidl_typesupport_fastrtps_cpp.hpp
[1.380s] -- Up-to-date: /home/azraa/ros2_ws/install/m2s2_custom_interfaces/include/m2s2_custom_interfaces/msg/detail/dds_fastrtps
[1.380s] -- Up-to-date: /home/azraa/ros2_ws/install/m2s2_custom_interfaces/include/m2s2_custom_interfaces/msg/rosidl_typesupport_fastrtps_cpp__visibility_control.h
[1.380s] -- Up-to-date: /home/azraa/ros2_ws/install/m2s2_custom_interfaces/lib/libm2s2_custom_interfaces__rosidl_typesupport_fastrtps_cpp.so
[1.380s] -- Up-to-date: /home/azraa/ros2_ws/install/m2s2_custom_interfaces/include/m2s2_custom_interfaces
[1.381s] -- Up-to-date: /home/azraa/ros2_ws/install/m2s2_custom_interfaces/include/m2s2_custom_interfaces/msg
[1.381s] -- Up-to-date: /home/azraa/ros2_ws/install/m2s2_custom_interfaces/include/m2s2_custom_interfaces/msg/detail
[1.381s] -- Up-to-date: /home/azraa/ros2_ws/install/m2s2_custom_interfaces/include/m2s2_custom_interfaces/msg/detail/enviro_data__type_support.c
[1.381s] -- Up-to-date: /home/azraa/ros2_ws/install/m2s2_custom_interfaces/include/m2s2_custom_interfaces/msg/detail/enviro_data__rosidl_typesupport_introspection_c.h
[1.381s] -- Up-to-date: /home/azraa/ros2_ws/install/m2s2_custom_interfaces/include/m2s2_custom_interfaces/msg/rosidl_typesupport_introspection_c__visibility_control.h
[1.381s] -- Up-to-date: /home/azraa/ros2_ws/install/m2s2_custom_interfaces/lib/libm2s2_custom_interfaces__rosidl_typesupport_introspection_c.so
[1.381s] -- Up-to-date: /home/azraa/ros2_ws/install/m2s2_custom_interfaces/lib/libm2s2_custom_interfaces__rosidl_typesupport_c.so
[1.382s] -- Up-to-date: /home/azraa/ros2_ws/install/m2s2_custom_interfaces/include/m2s2_custom_interfaces
[1.382s] -- Up-to-date: /home/azraa/ros2_ws/install/m2s2_custom_interfaces/include/m2s2_custom_interfaces/msg
[1.382s] -- Up-to-date: /home/azraa/ros2_ws/install/m2s2_custom_interfaces/include/m2s2_custom_interfaces/msg/detail
[1.382s] -- Up-to-date: /home/azraa/ros2_ws/install/m2s2_custom_interfaces/include/m2s2_custom_interfaces/msg/detail/enviro_data__struct.hpp
[1.382s] -- Up-to-date: /home/azraa/ros2_ws/install/m2s2_custom_interfaces/include/m2s2_custom_interfaces/msg/detail/enviro_data__builder.hpp
[1.382s] -- Up-to-date: /home/azraa/ros2_ws/install/m2s2_custom_interfaces/include/m2s2_custom_interfaces/msg/detail/enviro_data__traits.hpp
[1.383s] -- Up-to-date: /home/azraa/ros2_ws/install/m2s2_custom_interfaces/include/m2s2_custom_interfaces/msg/enviro_data.hpp
[1.383s] -- Up-to-date: /home/azraa/ros2_ws/install/m2s2_custom_interfaces/include/m2s2_custom_interfaces
[1.383s] -- Up-to-date: /home/azraa/ros2_ws/install/m2s2_custom_interfaces/include/m2s2_custom_interfaces/msg
[1.383s] -- Up-to-date: /home/azraa/ros2_ws/install/m2s2_custom_interfaces/include/m2s2_custom_interfaces/msg/detail
[1.383s] -- Up-to-date: /home/azraa/ros2_ws/install/m2s2_custom_interfaces/include/m2s2_custom_interfaces/msg/detail/enviro_data__type_support.cpp
[1.384s] -- Up-to-date: /home/azraa/ros2_ws/install/m2s2_custom_interfaces/include/m2s2_custom_interfaces/msg/detail/enviro_data__rosidl_typesupport_introspection_cpp.hpp
[1.384s] -- Up-to-date: /home/azraa/ros2_ws/install/m2s2_custom_interfaces/lib/libm2s2_custom_interfaces__rosidl_typesupport_introspection_cpp.so
[1.384s] -- Up-to-date: /home/azraa/ros2_ws/install/m2s2_custom_interfaces/lib/libm2s2_custom_interfaces__rosidl_typesupport_cpp.so
[1.384s] -- Up-to-date: /home/azraa/ros2_ws/install/m2s2_custom_interfaces/share/m2s2_custom_interfaces/environment/pythonpath.sh
[1.384s] -- Up-to-date: /home/azraa/ros2_ws/install/m2s2_custom_interfaces/share/m2s2_custom_interfaces/environment/pythonpath.dsv
[1.384s] -- Up-to-date: /home/azraa/ros2_ws/install/m2s2_custom_interfaces/lib/python3.8/site-packages/m2s2_custom_interfaces/__init__.py
[1.459s] -- Up-to-date: /home/azraa/ros2_ws/install/m2s2_custom_interfaces/lib/python3.8/site-packages/m2s2_custom_interfaces/msg
[1.460s] -- Up-to-date: /home/azraa/ros2_ws/install/m2s2_custom_interfaces/lib/python3.8/site-packages/m2s2_custom_interfaces/msg/_enviro_data.py
[1.460s] -- Up-to-date: /home/azraa/ros2_ws/install/m2s2_custom_interfaces/lib/python3.8/site-packages/m2s2_custom_interfaces/msg/_enviro_data_s.c
[1.460s] -- Up-to-date: /home/azraa/ros2_ws/install/m2s2_custom_interfaces/lib/python3.8/site-packages/m2s2_custom_interfaces/msg/__init__.py
[1.462s] -- Up-to-date: /home/azraa/ros2_ws/install/m2s2_custom_interfaces/lib/python3.8/site-packages/m2s2_custom_interfaces/m2s2_custom_interfaces_s__rosidl_typesupport_fastrtps_c.cpython-38-x86_64-linux-gnu.so
[1.464s] -- Up-to-date: /home/azraa/ros2_ws/install/m2s2_custom_interfaces/lib/python3.8/site-packages/m2s2_custom_interfaces/m2s2_custom_interfaces_s__rosidl_typesupport_introspection_c.cpython-38-x86_64-linux-gnu.so
[1.466s] -- Up-to-date: /home/azraa/ros2_ws/install/m2s2_custom_interfaces/lib/python3.8/site-packages/m2s2_custom_interfaces/m2s2_custom_interfaces_s__rosidl_typesupport_c.cpython-38-x86_64-linux-gnu.so
[1.467s] -- Up-to-date: /home/azraa/ros2_ws/install/m2s2_custom_interfaces/lib/libm2s2_custom_interfaces__python.so
[1.468s] -- Up-to-date: /home/azraa/ros2_ws/install/m2s2_custom_interfaces/share/m2s2_custom_interfaces/msg/EnviroData.idl
[1.468s] -- Up-to-date: /home/azraa/ros2_ws/install/m2s2_custom_interfaces/share/m2s2_custom_interfaces/msg/EnviroData.msg
[1.468s] -- Up-to-date: /home/azraa/ros2_ws/install/m2s2_custom_interfaces/share/ament_index/resource_index/package_run_dependencies/m2s2_custom_interfaces
[1.470s] -- Up-to-date: /home/azraa/ros2_ws/install/m2s2_custom_interfaces/share/ament_index/resource_index/parent_prefix_path/m2s2_custom_interfaces
[1.470s] -- Up-to-date: /home/azraa/ros2_ws/install/m2s2_custom_interfaces/share/m2s2_custom_interfaces/environment/ament_prefix_path.sh
[1.470s] -- Up-to-date: /home/azraa/ros2_ws/install/m2s2_custom_interfaces/share/m2s2_custom_interfaces/environment/ament_prefix_path.dsv
[1.470s] -- Up-to-date: /home/azraa/ros2_ws/install/m2s2_custom_interfaces/share/m2s2_custom_interfaces/environment/path.sh
[1.470s] -- Up-to-date: /home/azraa/ros2_ws/install/m2s2_custom_interfaces/share/m2s2_custom_interfaces/environment/path.dsv
[1.470s] -- Up-to-date: /home/azraa/ros2_ws/install/m2s2_custom_interfaces/share/m2s2_custom_interfaces/local_setup.bash
[1.470s] -- Up-to-date: /home/azraa/ros2_ws/install/m2s2_custom_interfaces/share/m2s2_custom_interfaces/local_setup.sh
[1.471s] -- Up-to-date: /home/azraa/ros2_ws/install/m2s2_custom_interfaces/share/m2s2_custom_interfaces/local_setup.zsh
[1.471s] -- Up-to-date: /home/azraa/ros2_ws/install/m2s2_custom_interfaces/share/m2s2_custom_interfaces/local_setup.dsv
[1.471s] -- Installing: /home/azraa/ros2_ws/install/m2s2_custom_interfaces/share/m2s2_custom_interfaces/package.dsv
[1.471s] -- Up-to-date: /home/azraa/ros2_ws/install/m2s2_custom_interfaces/share/ament_index/resource_index/packages/m2s2_custom_interfaces
[1.473s] -- Up-to-date: /home/azraa/ros2_ws/install/m2s2_custom_interfaces/share/m2s2_custom_interfaces/cmake/m2s2_custom_interfaces__rosidl_generator_cExport.cmake
[1.473s] -- Up-to-date: /home/azraa/ros2_ws/install/m2s2_custom_interfaces/share/m2s2_custom_interfaces/cmake/m2s2_custom_interfaces__rosidl_generator_cExport-noconfig.cmake
[1.474s] -- Up-to-date: /home/azraa/ros2_ws/install/m2s2_custom_interfaces/share/m2s2_custom_interfaces/cmake/m2s2_custom_interfaces__rosidl_typesupport_introspection_cExport.cmake
[1.474s] -- Up-to-date: /home/azraa/ros2_ws/install/m2s2_custom_interfaces/share/m2s2_custom_interfaces/cmake/m2s2_custom_interfaces__rosidl_typesupport_introspection_cExport-noconfig.cmake
[1.477s] -- Up-to-date: /home/azraa/ros2_ws/install/m2s2_custom_interfaces/share/m2s2_custom_interfaces/cmake/m2s2_custom_interfaces__rosidl_typesupport_cExport.cmake
[1.482s] -- Up-to-date: /home/azraa/ros2_ws/install/m2s2_custom_interfaces/share/m2s2_custom_interfaces/cmake/m2s2_custom_interfaces__rosidl_typesupport_cExport-noconfig.cmake
[1.484s] -- Up-to-date: /home/azraa/ros2_ws/install/m2s2_custom_interfaces/share/m2s2_custom_interfaces/cmake/m2s2_custom_interfaces__rosidl_generator_cppExport.cmake
[1.484s] -- Up-to-date: /home/azraa/ros2_ws/install/m2s2_custom_interfaces/share/m2s2_custom_interfaces/cmake/m2s2_custom_interfaces__rosidl_typesupport_introspection_cppExport.cmake
[1.485s] -- Up-to-date: /home/azraa/ros2_ws/install/m2s2_custom_interfaces/share/m2s2_custom_interfaces/cmake/m2s2_custom_interfaces__rosidl_typesupport_introspection_cppExport-noconfig.cmake
[1.487s] -- Up-to-date: /home/azraa/ros2_ws/install/m2s2_custom_interfaces/share/m2s2_custom_interfaces/cmake/m2s2_custom_interfaces__rosidl_typesupport_cppExport.cmake
[1.487s] -- Up-to-date: /home/azraa/ros2_ws/install/m2s2_custom_interfaces/share/m2s2_custom_interfaces/cmake/m2s2_custom_interfaces__rosidl_typesupport_cppExport-noconfig.cmake
[1.487s] -- Up-to-date: /home/azraa/ros2_ws/install/m2s2_custom_interfaces/share/m2s2_custom_interfaces/cmake/rosidl_cmake-extras.cmake
[1.487s] -- Up-to-date: /home/azraa/ros2_ws/install/m2s2_custom_interfaces/share/m2s2_custom_interfaces/cmake/ament_cmake_export_dependencies-extras.cmake
[1.487s] -- Up-to-date: /home/azraa/ros2_ws/install/m2s2_custom_interfaces/share/m2s2_custom_interfaces/cmake/ament_cmake_export_libraries-extras.cmake
[1.487s] -- Up-to-date: /home/azraa/ros2_ws/install/m2s2_custom_interfaces/share/m2s2_custom_interfaces/cmake/ament_cmake_export_targets-extras.cmake
[1.487s] -- Up-to-date: /home/azraa/ros2_ws/install/m2s2_custom_interfaces/share/m2s2_custom_interfaces/cmake/ament_cmake_export_include_directories-extras.cmake
[1.488s] -- Up-to-date: /home/azraa/ros2_ws/install/m2s2_custom_interfaces/share/m2s2_custom_interfaces/cmake/rosidl_cmake_export_typesupport_libraries-extras.cmake
[1.488s] -- Up-to-date: /home/azraa/ros2_ws/install/m2s2_custom_interfaces/share/m2s2_custom_interfaces/cmake/rosidl_cmake_export_typesupport_targets-extras.cmake
[1.488s] -- Up-to-date: /home/azraa/ros2_ws/install/m2s2_custom_interfaces/share/m2s2_custom_interfaces/cmake/m2s2_custom_interfacesConfig.cmake
[1.488s] -- Up-to-date: /home/azraa/ros2_ws/install/m2s2_custom_interfaces/share/m2s2_custom_interfaces/cmake/m2s2_custom_interfacesConfig-version.cmake
[1.488s] -- Up-to-date: /home/azraa/ros2_ws/install/m2s2_custom_interfaces/share/m2s2_custom_interfaces/package.xml
[1.494s] Invoked command in '/home/azraa/ros2_ws/build/m2s2_custom_interfaces' returned '0': CMAKE_PREFIX_PATH=/home/azraa/ros2_ws/install/v4l2_camera:/home/azraa/ros2_ws/install/audio_common:/home/azraa/ros2_ws/install/sound_play:/home/azraa/ros2_ws/install/my_robot_bringup:/home/azraa/ros2_ws/install/my_cpp_pkg:/home/azraa/ros2_ws/install/my_robot_interfaces:/home/azraa/ros2_ws/install/bme280:/home/azraa/ros2_ws/install/m2s2_custom_interfaces:/home/azraa/ros2_ws/install/m2s2_bringup:/home/azraa/ros2_ws/install/gscam:/home/azraa/ros2_ws/install/audio_play:/home/azraa/ros2_ws/install/audio_capture:/home/azraa/ros2_ws/install/audio_common_msgs:/home/azraa/ros2_ws/install/m2s2_test_python:/opt/ros/foxy:/opt/ros/noetic /usr/bin/cmake --install /home/azraa/ros2_ws/build/m2s2_custom_interfaces
