[0.135s] Invoking command in '/home/azraa/ros2_ws/build/bme280': CMAKE_PREFIX_PATH=/home/azraa/ros2_ws/install/m2s2_custom_interfaces:/home/azraa/ros2_ws/install/audio_common:/home/azraa/ros2_ws/install/sound_play:/home/azraa/ros2_ws/install/my_robot_bringup:/home/azraa/ros2_ws/install/my_cpp_pkg:/home/azraa/ros2_ws/install/my_robot_interfaces:/home/azraa/ros2_ws/install/bme280:/home/azraa/ros2_ws/install/m2s2_bringup:/home/azraa/ros2_ws/install/audio_play:/home/azraa/ros2_ws/install/audio_capture:/home/azraa/ros2_ws/install/audio_common_msgs:/opt/ros/foxy LD_LIBRARY_PATH=/home/azraa/ros2_ws/install/m2s2_custom_interfaces/lib:/home/azraa/ros2_ws/install/sound_play/lib:/home/azraa/ros2_ws/install/my_robot_interfaces/lib:/home/azraa/ros2_ws/install/audio_common_msgs/lib:/opt/ros/foxy/opt/yaml_cpp_vendor/lib:/opt/ros/foxy/opt/rviz_ogre_vendor/lib:/opt/ros/foxy/lib/x86_64-linux-gnu:/opt/ros/foxy/lib PYTHONPATH=/home/azraa/ros2_ws/install/m2s2_custom_interfaces/lib/python3.8/site-packages:/home/azraa/ros2_ws/install/sound_play/lib/python3.8/site-packages:/home/azraa/ros2_ws/install/my_robot_interfaces/lib/python3.8/site-packages:/home/azraa/ros2_ws/install/my_py_pkg/lib/python3.8/site-packages:/home/azraa/ros2_ws/install/audio_common_msgs/lib/python3.8/site-packages:/opt/ros/foxy/lib/python3.8/site-packages /usr/bin/cmake --build /home/azraa/ros2_ws/build/bme280 -- -j4 -l4
[0.705s] [ 42%] Built target bme280
[0.735s] [35m[1mScanning dependencies of target enviro_subscriber_node[0m
[0.787s] [ 57%] [32mBuilding CXX object CMakeFiles/enviro_subscriber_node.dir/src/enviro_subscriber.cpp.o[0m
[32.827s] [ 71%] [32m[1mLinking CXX executable enviro_subscriber_node[0m
[34.003s] [ 71%] Built target enviro_subscriber_node
[34.270s] [100%] Built target enviro_node
[34.322s] Invoked command in '/home/azraa/ros2_ws/build/bme280' returned '0': CMAKE_PREFIX_PATH=/home/azraa/ros2_ws/install/m2s2_custom_interfaces:/home/azraa/ros2_ws/install/audio_common:/home/azraa/ros2_ws/install/sound_play:/home/azraa/ros2_ws/install/my_robot_bringup:/home/azraa/ros2_ws/install/my_cpp_pkg:/home/azraa/ros2_ws/install/my_robot_interfaces:/home/azraa/ros2_ws/install/bme280:/home/azraa/ros2_ws/install/m2s2_bringup:/home/azraa/ros2_ws/install/audio_play:/home/azraa/ros2_ws/install/audio_capture:/home/azraa/ros2_ws/install/audio_common_msgs:/opt/ros/foxy LD_LIBRARY_PATH=/home/azraa/ros2_ws/install/m2s2_custom_interfaces/lib:/home/azraa/ros2_ws/install/sound_play/lib:/home/azraa/ros2_ws/install/my_robot_interfaces/lib:/home/azraa/ros2_ws/install/audio_common_msgs/lib:/opt/ros/foxy/opt/yaml_cpp_vendor/lib:/opt/ros/foxy/opt/rviz_ogre_vendor/lib:/opt/ros/foxy/lib/x86_64-linux-gnu:/opt/ros/foxy/lib PYTHONPATH=/home/azraa/ros2_ws/install/m2s2_custom_interfaces/lib/python3.8/site-packages:/home/azraa/ros2_ws/install/sound_play/lib/python3.8/site-packages:/home/azraa/ros2_ws/install/my_robot_interfaces/lib/python3.8/site-packages:/home/azraa/ros2_ws/install/my_py_pkg/lib/python3.8/site-packages:/home/azraa/ros2_ws/install/audio_common_msgs/lib/python3.8/site-packages:/opt/ros/foxy/lib/python3.8/site-packages /usr/bin/cmake --build /home/azraa/ros2_ws/build/bme280 -- -j4 -l4
[34.551s] Invoking command in '/home/azraa/ros2_ws/build/bme280': CMAKE_PREFIX_PATH=/home/azraa/ros2_ws/install/m2s2_custom_interfaces:/home/azraa/ros2_ws/install/audio_common:/home/azraa/ros2_ws/install/sound_play:/home/azraa/ros2_ws/install/my_robot_bringup:/home/azraa/ros2_ws/install/my_cpp_pkg:/home/azraa/ros2_ws/install/my_robot_interfaces:/home/azraa/ros2_ws/install/bme280:/home/azraa/ros2_ws/install/m2s2_bringup:/home/azraa/ros2_ws/install/audio_play:/home/azraa/ros2_ws/install/audio_capture:/home/azraa/ros2_ws/install/audio_common_msgs:/opt/ros/foxy LD_LIBRARY_PATH=/home/azraa/ros2_ws/install/m2s2_custom_interfaces/lib:/home/azraa/ros2_ws/install/sound_play/lib:/home/azraa/ros2_ws/install/my_robot_interfaces/lib:/home/azraa/ros2_ws/install/audio_common_msgs/lib:/opt/ros/foxy/opt/yaml_cpp_vendor/lib:/opt/ros/foxy/opt/rviz_ogre_vendor/lib:/opt/ros/foxy/lib/x86_64-linux-gnu:/opt/ros/foxy/lib PYTHONPATH=/home/azraa/ros2_ws/install/m2s2_custom_interfaces/lib/python3.8/site-packages:/home/azraa/ros2_ws/install/sound_play/lib/python3.8/site-packages:/home/azraa/ros2_ws/install/my_robot_interfaces/lib/python3.8/site-packages:/home/azraa/ros2_ws/install/my_py_pkg/lib/python3.8/site-packages:/home/azraa/ros2_ws/install/audio_common_msgs/lib/python3.8/site-packages:/opt/ros/foxy/lib/python3.8/site-packages /usr/bin/cmake --install /home/azraa/ros2_ws/build/bme280
[34.600s] -- Install configuration: ""
[34.601s] -- Up-to-date: /home/azraa/ros2_ws/install/bme280/lib/bme280/enviro_node
[34.601s] -- Installing: /home/azraa/ros2_ws/install/bme280/lib/bme280/enviro_subscriber_node
[34.617s] -- Set runtime path of "/home/azraa/ros2_ws/install/bme280/lib/bme280/enviro_subscriber_node" to ""
[34.618s] -- Up-to-date: /home/azraa/ros2_ws/install/bme280/share/ament_index/resource_index/package_run_dependencies/bme280
[34.619s] -- Up-to-date: /home/azraa/ros2_ws/install/bme280/share/ament_index/resource_index/parent_prefix_path/bme280
[34.619s] -- Up-to-date: /home/azraa/ros2_ws/install/bme280/share/bme280/environment/ament_prefix_path.sh
[34.619s] -- Installing: /home/azraa/ros2_ws/install/bme280/share/bme280/environment/ament_prefix_path.dsv
[34.619s] -- Up-to-date: /home/azraa/ros2_ws/install/bme280/share/bme280/environment/path.sh
[34.620s] -- Installing: /home/azraa/ros2_ws/install/bme280/share/bme280/environment/path.dsv
[34.620s] -- Up-to-date: /home/azraa/ros2_ws/install/bme280/share/bme280/local_setup.bash
[34.620s] -- Up-to-date: /home/azraa/ros2_ws/install/bme280/share/bme280/local_setup.sh
[34.620s] -- Up-to-date: /home/azraa/ros2_ws/install/bme280/share/bme280/local_setup.zsh
[34.620s] -- Installing: /home/azraa/ros2_ws/install/bme280/share/bme280/local_setup.dsv
[34.621s] -- Installing: /home/azraa/ros2_ws/install/bme280/share/bme280/package.dsv
[34.621s] -- Up-to-date: /home/azraa/ros2_ws/install/bme280/share/ament_index/resource_index/packages/bme280
[34.621s] -- Up-to-date: /home/azraa/ros2_ws/install/bme280/share/bme280/cmake/bme280Config.cmake
[34.621s] -- Up-to-date: /home/azraa/ros2_ws/install/bme280/share/bme280/cmake/bme280Config-version.cmake
[34.648s] -- Up-to-date: /home/azraa/ros2_ws/install/bme280/share/bme280/package.xml
[34.648s] Invoked command in '/home/azraa/ros2_ws/build/bme280' returned '0': CMAKE_PREFIX_PATH=/home/azraa/ros2_ws/install/m2s2_custom_interfaces:/home/azraa/ros2_ws/install/audio_common:/home/azraa/ros2_ws/install/sound_play:/home/azraa/ros2_ws/install/my_robot_bringup:/home/azraa/ros2_ws/install/my_cpp_pkg:/home/azraa/ros2_ws/install/my_robot_interfaces:/home/azraa/ros2_ws/install/bme280:/home/azraa/ros2_ws/install/m2s2_bringup:/home/azraa/ros2_ws/install/audio_play:/home/azraa/ros2_ws/install/audio_capture:/home/azraa/ros2_ws/install/audio_common_msgs:/opt/ros/foxy LD_LIBRARY_PATH=/home/azraa/ros2_ws/install/m2s2_custom_interfaces/lib:/home/azraa/ros2_ws/install/sound_play/lib:/home/azraa/ros2_ws/install/my_robot_interfaces/lib:/home/azraa/ros2_ws/install/audio_common_msgs/lib:/opt/ros/foxy/opt/yaml_cpp_vendor/lib:/opt/ros/foxy/opt/rviz_ogre_vendor/lib:/opt/ros/foxy/lib/x86_64-linux-gnu:/opt/ros/foxy/lib PYTHONPATH=/home/azraa/ros2_ws/install/m2s2_custom_interfaces/lib/python3.8/site-packages:/home/azraa/ros2_ws/install/sound_play/lib/python3.8/site-packages:/home/azraa/ros2_ws/install/my_robot_interfaces/lib/python3.8/site-packages:/home/azraa/ros2_ws/install/my_py_pkg/lib/python3.8/site-packages:/home/azraa/ros2_ws/install/audio_common_msgs/lib/python3.8/site-packages:/opt/ros/foxy/lib/python3.8/site-packages /usr/bin/cmake --install /home/azraa/ros2_ws/build/bme280
