[0.124s] Invoking command in '/home/azraa/ros2_ws/build/m2s2_custom_interfaces': CMAKE_PREFIX_PATH=/home/azraa/ros2_ws/install/v4l2_camera:/home/azraa/ros2_ws/install/audio_common:/home/azraa/ros2_ws/install/sound_play:/home/azraa/ros2_ws/install/my_robot_bringup:/home/azraa/ros2_ws/install/my_cpp_pkg:/home/azraa/ros2_ws/install/my_robot_interfaces:/home/azraa/ros2_ws/install/bme280:/home/azraa/ros2_ws/install/m2s2_custom_interfaces:/home/azraa/ros2_ws/install/m2s2_bringup:/home/azraa/ros2_ws/install/audio_play:/home/azraa/ros2_ws/install/audio_capture:/home/azraa/ros2_ws/install/audio_common_msgs:/home/azraa/ros2_ws/install/m2s2_test_python:/opt/ros/foxy:/opt/ros/noetic /usr/bin/cmake --build /home/azraa/ros2_ws/build/m2s2_custom_interfaces -- -j4 -l4
[0.283s] [  9%] Built target m2s2_custom_interfaces__rosidl_generator_c
[0.373s] [ 19%] Built target m2s2_custom_interfaces__rosidl_typesupport_c
[0.388s] [ 22%] Built target m2s2_custom_interfaces__cpp
[0.398s] [ 32%] Built target m2s2_custom_interfaces__rosidl_typesupport_introspection_c
[0.471s] [ 41%] Built target m2s2_custom_interfaces__rosidl_typesupport_introspection_cpp
[0.477s] [ 51%] Built target m2s2_custom_interfaces__rosidl_typesupport_fastrtps_cpp
[0.489s] [ 61%] Built target m2s2_custom_interfaces__rosidl_typesupport_cpp
[0.539s] [ 70%] Built target m2s2_custom_interfaces__rosidl_typesupport_fastrtps_c
[0.573s] [ 70%] Built target m2s2_custom_interfaces
[0.623s] [ 74%] Built target m2s2_custom_interfaces__py
[0.692s] [ 80%] Built target m2s2_custom_interfaces__python
[0.761s] [ 87%] Built target m2s2_custom_interfaces__rosidl_typesupport_c__pyext
[0.762s] [ 93%] Built target m2s2_custom_interfaces__rosidl_typesupport_introspection_c__pyext
[0.773s] [100%] Built target m2s2_custom_interfaces__rosidl_typesupport_fastrtps_c__pyext
[1.263s] Invoked command in '/home/azraa/ros2_ws/build/m2s2_custom_interfaces' returned '0': CMAKE_PREFIX_PATH=/home/azraa/ros2_ws/install/v4l2_camera:/home/azraa/ros2_ws/install/audio_common:/home/azraa/ros2_ws/install/sound_play:/home/azraa/ros2_ws/install/my_robot_bringup:/home/azraa/ros2_ws/install/my_cpp_pkg:/home/azraa/ros2_ws/install/my_robot_interfaces:/home/azraa/ros2_ws/install/bme280:/home/azraa/ros2_ws/install/m2s2_custom_interfaces:/home/azraa/ros2_ws/install/m2s2_bringup:/home/azraa/ros2_ws/install/audio_play:/home/azraa/ros2_ws/install/audio_capture:/home/azraa/ros2_ws/install/audio_common_msgs:/home/azraa/ros2_ws/install/m2s2_test_python:/opt/ros/foxy:/opt/ros/noetic /usr/bin/cmake --build /home/azraa/ros2_ws/build/m2s2_custom_interfaces -- -j4 -l4
[1.491s] Invoking command in '/home/azraa/ros2_ws/build/m2s2_custom_interfaces': CMAKE_PREFIX_PATH=/home/azraa/ros2_ws/install/v4l2_camera:/home/azraa/ros2_ws/install/audio_common:/home/azraa/ros2_ws/install/sound_play:/home/azraa/ros2_ws/install/my_robot_bringup:/home/azraa/ros2_ws/install/my_cpp_pkg:/home/azraa/ros2_ws/install/my_robot_interfaces:/home/azraa/ros2_ws/install/bme280:/home/azraa/ros2_ws/install/m2s2_custom_interfaces:/home/azraa/ros2_ws/install/m2s2_bringup:/home/azraa/ros2_ws/install/audio_play:/home/azraa/ros2_ws/install/audio_capture:/home/azraa/ros2_ws/install/audio_common_msgs:/home/azraa/ros2_ws/install/m2s2_test_python:/opt/ros/foxy:/opt/ros/noetic /usr/bin/cmake --install /home/azraa/ros2_ws/build/m2s2_custom_interfaces
[1.518s] -- Install configuration: ""
[1.519s] -- Up-to-date: /home/azraa/ros2_ws/install/m2s2_custom_interfaces/share/ament_index/resource_index/rosidl_interfaces/m2s2_custom_interfaces
[1.519s] -- Up-to-date: /home/azraa/ros2_ws/install/m2s2_custom_interfaces/include/m2s2_custom_interfaces
[1.519s] -- Up-to-date: /home/azraa/ros2_ws/install/m2s2_custom_interfaces/include/m2s2_custom_interfaces/msg
[1.519s] -- Up-to-date: /home/azraa/ros2_ws/install/m2s2_custom_interfaces/include/m2s2_custom_interfaces/msg/detail
[1.519s] -- Up-to-date: /home/azraa/ros2_ws/install/m2s2_custom_interfaces/include/m2s2_custom_interfaces/msg/detail/enviro_data__functions.h
[1.520s] -- Up-to-date: /home/azraa/ros2_ws/install/m2s2_custom_interfaces/include/m2s2_custom_interfaces/msg/detail/enviro_data__struct.h
[1.520s] -- Up-to-date: /home/azraa/ros2_ws/install/m2s2_custom_interfaces/include/m2s2_custom_interfaces/msg/detail/enviro_data__type_support.h
[1.520s] -- Up-to-date: /home/azraa/ros2_ws/install/m2s2_custom_interfaces/include/m2s2_custom_interfaces/msg/detail/enviro_data__functions.c
[1.521s] -- Up-to-date: /home/azraa/ros2_ws/install/m2s2_custom_interfaces/include/m2s2_custom_interfaces/msg/enviro_data.h
[1.526s] -- Up-to-date: /home/azraa/ros2_ws/install/m2s2_custom_interfaces/include/m2s2_custom_interfaces/msg/rosidl_generator_c__visibility_control.h
[1.527s] -- Up-to-date: /home/azraa/ros2_ws/install/m2s2_custom_interfaces/share/m2s2_custom_interfaces/environment/library_path.sh
[1.527s] -- Up-to-date: /home/azraa/ros2_ws/install/m2s2_custom_interfaces/share/m2s2_custom_interfaces/environment/library_path.dsv
[1.528s] -- Up-to-date: /home/azraa/ros2_ws/install/m2s2_custom_interfaces/lib/libm2s2_custom_interfaces__rosidl_generator_c.so
[1.528s] -- Up-to-date: /home/azraa/ros2_ws/install/m2s2_custom_interfaces/include/m2s2_custom_interfaces
[1.528s] -- Up-to-date: /home/azraa/ros2_ws/install/m2s2_custom_interfaces/include/m2s2_custom_interfaces/msg
[1.528s] -- Up-to-date: /home/azraa/ros2_ws/install/m2s2_custom_interfaces/include/m2s2_custom_interfaces/msg/rosidl_typesupport_fastrtps_c__visibility_control.h
[1.529s] -- Up-to-date: /home/azraa/ros2_ws/install/m2s2_custom_interfaces/include/m2s2_custom_interfaces/msg/detail
[1.529s] -- Up-to-date: /home/azraa/ros2_ws/install/m2s2_custom_interfaces/include/m2s2_custom_interfaces/msg/detail/enviro_data__rosidl_typesupport_fastrtps_c.h
[1.531s] -- Up-to-date: /home/azraa/ros2_ws/install/m2s2_custom_interfaces/lib/libm2s2_custom_interfaces__rosidl_typesupport_fastrtps_c.so
[1.531s] -- Up-to-date: /home/azraa/ros2_ws/install/m2s2_custom_interfaces/include/m2s2_custom_interfaces
[1.531s] -- Up-to-date: /home/azraa/ros2_ws/install/m2s2_custom_interfaces/include/m2s2_custom_interfaces/msg
[1.532s] -- Up-to-date: /home/azraa/ros2_ws/install/m2s2_custom_interfaces/include/m2s2_custom_interfaces/msg/detail
[1.532s] -- Up-to-date: /home/azraa/ros2_ws/install/m2s2_custom_interfaces/include/m2s2_custom_interfaces/msg/detail/enviro_data__rosidl_typesupport_fastrtps_cpp.hpp
[1.532s] -- Up-to-date: /home/azraa/ros2_ws/install/m2s2_custom_interfaces/include/m2s2_custom_interfaces/msg/detail/dds_fastrtps
[1.532s] -- Up-to-date: /home/azraa/ros2_ws/install/m2s2_custom_interfaces/include/m2s2_custom_interfaces/msg/rosidl_typesupport_fastrtps_cpp__visibility_control.h
[1.532s] -- Up-to-date: /home/azraa/ros2_ws/install/m2s2_custom_interfaces/lib/libm2s2_custom_interfaces__rosidl_typesupport_fastrtps_cpp.so
[1.533s] -- Up-to-date: /home/azraa/ros2_ws/install/m2s2_custom_interfaces/include/m2s2_custom_interfaces
[1.533s] -- Up-to-date: /home/azraa/ros2_ws/install/m2s2_custom_interfaces/include/m2s2_custom_interfaces/msg
[1.533s] -- Up-to-date: /home/azraa/ros2_ws/install/m2s2_custom_interfaces/include/m2s2_custom_interfaces/msg/detail
[1.533s] -- Up-to-date: /home/azraa/ros2_ws/install/m2s2_custom_interfaces/include/m2s2_custom_interfaces/msg/detail/enviro_data__type_support.c
[1.533s] -- Up-to-date: /home/azraa/ros2_ws/install/m2s2_custom_interfaces/include/m2s2_custom_interfaces/msg/detail/enviro_data__rosidl_typesupport_introspection_c.h
[1.533s] -- Up-to-date: /home/azraa/ros2_ws/install/m2s2_custom_interfaces/include/m2s2_custom_interfaces/msg/rosidl_typesupport_introspection_c__visibility_control.h
[1.534s] -- Up-to-date: /home/azraa/ros2_ws/install/m2s2_custom_interfaces/lib/libm2s2_custom_interfaces__rosidl_typesupport_introspection_c.so
[1.534s] -- Up-to-date: /home/azraa/ros2_ws/install/m2s2_custom_interfaces/lib/libm2s2_custom_interfaces__rosidl_typesupport_c.so
[1.534s] -- Up-to-date: /home/azraa/ros2_ws/install/m2s2_custom_interfaces/include/m2s2_custom_interfaces
[1.534s] -- Up-to-date: /home/azraa/ros2_ws/install/m2s2_custom_interfaces/include/m2s2_custom_interfaces/msg
[1.534s] -- Up-to-date: /home/azraa/ros2_ws/install/m2s2_custom_interfaces/include/m2s2_custom_interfaces/msg/detail
[1.534s] -- Up-to-date: /home/azraa/ros2_ws/install/m2s2_custom_interfaces/include/m2s2_custom_interfaces/msg/detail/enviro_data__struct.hpp
[1.535s] -- Up-to-date: /home/azraa/ros2_ws/install/m2s2_custom_interfaces/include/m2s2_custom_interfaces/msg/detail/enviro_data__builder.hpp
[1.535s] -- Up-to-date: /home/azraa/ros2_ws/install/m2s2_custom_interfaces/include/m2s2_custom_interfaces/msg/detail/enviro_data__traits.hpp
[1.535s] -- Up-to-date: /home/azraa/ros2_ws/install/m2s2_custom_interfaces/include/m2s2_custom_interfaces/msg/enviro_data.hpp
[1.535s] -- Up-to-date: /home/azraa/ros2_ws/install/m2s2_custom_interfaces/include/m2s2_custom_interfaces
[1.535s] -- Up-to-date: /home/azraa/ros2_ws/install/m2s2_custom_interfaces/include/m2s2_custom_interfaces/msg
[1.535s] -- Up-to-date: /home/azraa/ros2_ws/install/m2s2_custom_interfaces/include/m2s2_custom_interfaces/msg/detail
[1.536s] -- Up-to-date: /home/azraa/ros2_ws/install/m2s2_custom_interfaces/include/m2s2_custom_interfaces/msg/detail/enviro_data__type_support.cpp
[1.536s] -- Up-to-date: /home/azraa/ros2_ws/install/m2s2_custom_interfaces/include/m2s2_custom_interfaces/msg/detail/enviro_data__rosidl_typesupport_introspection_cpp.hpp
[1.536s] -- Up-to-date: /home/azraa/ros2_ws/install/m2s2_custom_interfaces/lib/libm2s2_custom_interfaces__rosidl_typesupport_introspection_cpp.so
[1.536s] -- Up-to-date: /home/azraa/ros2_ws/install/m2s2_custom_interfaces/lib/libm2s2_custom_interfaces__rosidl_typesupport_cpp.so
[1.536s] -- Up-to-date: /home/azraa/ros2_ws/install/m2s2_custom_interfaces/share/m2s2_custom_interfaces/environment/pythonpath.sh
[1.536s] -- Up-to-date: /home/azraa/ros2_ws/install/m2s2_custom_interfaces/share/m2s2_custom_interfaces/environment/pythonpath.dsv
[1.537s] -- Up-to-date: /home/azraa/ros2_ws/install/m2s2_custom_interfaces/lib/python3.8/site-packages/m2s2_custom_interfaces/__init__.py
[1.625s] -- Up-to-date: /home/azraa/ros2_ws/install/m2s2_custom_interfaces/lib/python3.8/site-packages/m2s2_custom_interfaces/msg
[1.625s] -- Up-to-date: /home/azraa/ros2_ws/install/m2s2_custom_interfaces/lib/python3.8/site-packages/m2s2_custom_interfaces/msg/_enviro_data.py
[1.625s] -- Up-to-date: /home/azraa/ros2_ws/install/m2s2_custom_interfaces/lib/python3.8/site-packages/m2s2_custom_interfaces/msg/_enviro_data_s.c
[1.625s] -- Up-to-date: /home/azraa/ros2_ws/install/m2s2_custom_interfaces/lib/python3.8/site-packages/m2s2_custom_interfaces/msg/__init__.py
[1.626s] -- Up-to-date: /home/azraa/ros2_ws/install/m2s2_custom_interfaces/lib/python3.8/site-packages/m2s2_custom_interfaces/m2s2_custom_interfaces_s__rosidl_typesupport_fastrtps_c.cpython-38-x86_64-linux-gnu.so
[1.627s] -- Up-to-date: /home/azraa/ros2_ws/install/m2s2_custom_interfaces/lib/python3.8/site-packages/m2s2_custom_interfaces/m2s2_custom_interfaces_s__rosidl_typesupport_introspection_c.cpython-38-x86_64-linux-gnu.so
[1.628s] -- Up-to-date: /home/azraa/ros2_ws/install/m2s2_custom_interfaces/lib/python3.8/site-packages/m2s2_custom_interfaces/m2s2_custom_interfaces_s__rosidl_typesupport_c.cpython-38-x86_64-linux-gnu.so
[1.629s] -- Up-to-date: /home/azraa/ros2_ws/install/m2s2_custom_interfaces/lib/libm2s2_custom_interfaces__python.so
[1.629s] -- Up-to-date: /home/azraa/ros2_ws/install/m2s2_custom_interfaces/share/m2s2_custom_interfaces/msg/EnviroData.idl
[1.629s] -- Up-to-date: /home/azraa/ros2_ws/install/m2s2_custom_interfaces/share/m2s2_custom_interfaces/msg/EnviroData.msg
[1.630s] -- Up-to-date: /home/azraa/ros2_ws/install/m2s2_custom_interfaces/share/ament_index/resource_index/package_run_dependencies/m2s2_custom_interfaces
[1.630s] -- Up-to-date: /home/azraa/ros2_ws/install/m2s2_custom_interfaces/share/ament_index/resource_index/parent_prefix_path/m2s2_custom_interfaces
[1.630s] -- Up-to-date: /home/azraa/ros2_ws/install/m2s2_custom_interfaces/share/m2s2_custom_interfaces/environment/ament_prefix_path.sh
[1.630s] -- Up-to-date: /home/azraa/ros2_ws/install/m2s2_custom_interfaces/share/m2s2_custom_interfaces/environment/ament_prefix_path.dsv
[1.630s] -- Up-to-date: /home/azraa/ros2_ws/install/m2s2_custom_interfaces/share/m2s2_custom_interfaces/environment/path.sh
[1.630s] -- Up-to-date: /home/azraa/ros2_ws/install/m2s2_custom_interfaces/share/m2s2_custom_interfaces/environment/path.dsv
[1.631s] -- Up-to-date: /home/azraa/ros2_ws/install/m2s2_custom_interfaces/share/m2s2_custom_interfaces/local_setup.bash
[1.631s] -- Up-to-date: /home/azraa/ros2_ws/install/m2s2_custom_interfaces/share/m2s2_custom_interfaces/local_setup.sh
[1.631s] -- Up-to-date: /home/azraa/ros2_ws/install/m2s2_custom_interfaces/share/m2s2_custom_interfaces/local_setup.zsh
[1.631s] -- Up-to-date: /home/azraa/ros2_ws/install/m2s2_custom_interfaces/share/m2s2_custom_interfaces/local_setup.dsv
[1.632s] -- Installing: /home/azraa/ros2_ws/install/m2s2_custom_interfaces/share/m2s2_custom_interfaces/package.dsv
[1.632s] -- Up-to-date: /home/azraa/ros2_ws/install/m2s2_custom_interfaces/share/ament_index/resource_index/packages/m2s2_custom_interfaces
[1.633s] -- Up-to-date: /home/azraa/ros2_ws/install/m2s2_custom_interfaces/share/m2s2_custom_interfaces/cmake/m2s2_custom_interfaces__rosidl_generator_cExport.cmake
[1.634s] -- Up-to-date: /home/azraa/ros2_ws/install/m2s2_custom_interfaces/share/m2s2_custom_interfaces/cmake/m2s2_custom_interfaces__rosidl_generator_cExport-noconfig.cmake
[1.634s] -- Up-to-date: /home/azraa/ros2_ws/install/m2s2_custom_interfaces/share/m2s2_custom_interfaces/cmake/m2s2_custom_interfaces__rosidl_typesupport_introspection_cExport.cmake
[1.634s] -- Up-to-date: /home/azraa/ros2_ws/install/m2s2_custom_interfaces/share/m2s2_custom_interfaces/cmake/m2s2_custom_interfaces__rosidl_typesupport_introspection_cExport-noconfig.cmake
[1.634s] -- Up-to-date: /home/azraa/ros2_ws/install/m2s2_custom_interfaces/share/m2s2_custom_interfaces/cmake/m2s2_custom_interfaces__rosidl_typesupport_cExport.cmake
[1.634s] -- Up-to-date: /home/azraa/ros2_ws/install/m2s2_custom_interfaces/share/m2s2_custom_interfaces/cmake/m2s2_custom_interfaces__rosidl_typesupport_cExport-noconfig.cmake
[1.636s] -- Up-to-date: /home/azraa/ros2_ws/install/m2s2_custom_interfaces/share/m2s2_custom_interfaces/cmake/m2s2_custom_interfaces__rosidl_generator_cppExport.cmake
[1.637s] -- Up-to-date: /home/azraa/ros2_ws/install/m2s2_custom_interfaces/share/m2s2_custom_interfaces/cmake/m2s2_custom_interfaces__rosidl_typesupport_introspection_cppExport.cmake
[1.637s] -- Up-to-date: /home/azraa/ros2_ws/install/m2s2_custom_interfaces/share/m2s2_custom_interfaces/cmake/m2s2_custom_interfaces__rosidl_typesupport_introspection_cppExport-noconfig.cmake
[1.637s] -- Up-to-date: /home/azraa/ros2_ws/install/m2s2_custom_interfaces/share/m2s2_custom_interfaces/cmake/m2s2_custom_interfaces__rosidl_typesupport_cppExport.cmake
[1.637s] -- Up-to-date: /home/azraa/ros2_ws/install/m2s2_custom_interfaces/share/m2s2_custom_interfaces/cmake/m2s2_custom_interfaces__rosidl_typesupport_cppExport-noconfig.cmake
[1.637s] -- Up-to-date: /home/azraa/ros2_ws/install/m2s2_custom_interfaces/share/m2s2_custom_interfaces/cmake/rosidl_cmake-extras.cmake
[1.638s] -- Up-to-date: /home/azraa/ros2_ws/install/m2s2_custom_interfaces/share/m2s2_custom_interfaces/cmake/ament_cmake_export_dependencies-extras.cmake
[1.638s] -- Up-to-date: /home/azraa/ros2_ws/install/m2s2_custom_interfaces/share/m2s2_custom_interfaces/cmake/ament_cmake_export_libraries-extras.cmake
[1.638s] -- Up-to-date: /home/azraa/ros2_ws/install/m2s2_custom_interfaces/share/m2s2_custom_interfaces/cmake/ament_cmake_export_targets-extras.cmake
[1.638s] -- Up-to-date: /home/azraa/ros2_ws/install/m2s2_custom_interfaces/share/m2s2_custom_interfaces/cmake/ament_cmake_export_include_directories-extras.cmake
[1.638s] -- Up-to-date: /home/azraa/ros2_ws/install/m2s2_custom_interfaces/share/m2s2_custom_interfaces/cmake/rosidl_cmake_export_typesupport_libraries-extras.cmake
[1.639s] -- Up-to-date: /home/azraa/ros2_ws/install/m2s2_custom_interfaces/share/m2s2_custom_interfaces/cmake/rosidl_cmake_export_typesupport_targets-extras.cmake
[1.639s] -- Up-to-date: /home/azraa/ros2_ws/install/m2s2_custom_interfaces/share/m2s2_custom_interfaces/cmake/m2s2_custom_interfacesConfig.cmake
[1.639s] -- Up-to-date: /home/azraa/ros2_ws/install/m2s2_custom_interfaces/share/m2s2_custom_interfaces/cmake/m2s2_custom_interfacesConfig-version.cmake
[1.639s] -- Up-to-date: /home/azraa/ros2_ws/install/m2s2_custom_interfaces/share/m2s2_custom_interfaces/package.xml
[1.644s] Invoked command in '/home/azraa/ros2_ws/build/m2s2_custom_interfaces' returned '0': CMAKE_PREFIX_PATH=/home/azraa/ros2_ws/install/v4l2_camera:/home/azraa/ros2_ws/install/audio_common:/home/azraa/ros2_ws/install/sound_play:/home/azraa/ros2_ws/install/my_robot_bringup:/home/azraa/ros2_ws/install/my_cpp_pkg:/home/azraa/ros2_ws/install/my_robot_interfaces:/home/azraa/ros2_ws/install/bme280:/home/azraa/ros2_ws/install/m2s2_custom_interfaces:/home/azraa/ros2_ws/install/m2s2_bringup:/home/azraa/ros2_ws/install/audio_play:/home/azraa/ros2_ws/install/audio_capture:/home/azraa/ros2_ws/install/audio_common_msgs:/home/azraa/ros2_ws/install/m2s2_test_python:/opt/ros/foxy:/opt/ros/noetic /usr/bin/cmake --install /home/azraa/ros2_ws/build/m2s2_custom_interfaces
