[0.051s] Invoking command in '/home/azraa/ros2_ws/build/flir_lepton_msgs': CMAKE_PREFIX_PATH=/home/azraa/ros2_ws/install/v4l2_camera:/home/azraa/ros2_ws/install/audio_common:/home/azraa/ros2_ws/install/sound_play:/home/azraa/ros2_ws/install/my_robot_bringup:/home/azraa/ros2_ws/install/my_cpp_pkg:/home/azraa/ros2_ws/install/my_robot_interfaces:/home/azraa/ros2_ws/install/bme280:/home/azraa/ros2_ws/install/m2s2_custom_interfaces:/home/azraa/ros2_ws/install/m2s2_bringup:/home/azraa/ros2_ws/install/gscam:/home/azraa/ros2_ws/install/flir_lepton_msgs:/home/azraa/ros2_ws/install/flir_lepton_capture:/home/azraa/ros2_ws/install/audio_play:/home/azraa/ros2_ws/install/audio_capture:/home/azraa/ros2_ws/install/audio_common_msgs:/home/azraa/ros2_ws/install/m2s2_test_python:/opt/ros/foxy:/opt/ros/noetic /usr/bin/cmake --build /home/azraa/ros2_ws/build/flir_lepton_msgs -- -j4 -l4
[0.158s] [  3%] Built target flir_lepton_msgs__cpp
[0.177s] [ 12%] Built target flir_lepton_msgs__rosidl_generator_c
[0.258s] [ 22%] Built target flir_lepton_msgs__rosidl_typesupport_introspection_cpp
[0.282s] [ 32%] Built target flir_lepton_msgs__rosidl_typesupport_fastrtps_cpp
[0.301s] [ 41%] Built target flir_lepton_msgs__rosidl_typesupport_cpp
[0.308s] [ 51%] Built target flir_lepton_msgs__rosidl_typesupport_introspection_c
[0.336s] [ 61%] Built target flir_lepton_msgs__rosidl_typesupport_c
[0.344s] [ 70%] Built target flir_lepton_msgs__rosidl_typesupport_fastrtps_c
[0.369s] [ 70%] Built target flir_lepton_msgs
[0.395s] [ 74%] Built target flir_lepton_msgs__py
[0.429s] [ 80%] Built target flir_lepton_msgs__python
[0.498s] [ 87%] Built target flir_lepton_msgs__rosidl_typesupport_introspection_c__pyext
[0.516s] [ 93%] Built target flir_lepton_msgs__rosidl_typesupport_c__pyext
[0.528s] [100%] Built target flir_lepton_msgs__rosidl_typesupport_fastrtps_c__pyext
[0.545s] Invoked command in '/home/azraa/ros2_ws/build/flir_lepton_msgs' returned '0': CMAKE_PREFIX_PATH=/home/azraa/ros2_ws/install/v4l2_camera:/home/azraa/ros2_ws/install/audio_common:/home/azraa/ros2_ws/install/sound_play:/home/azraa/ros2_ws/install/my_robot_bringup:/home/azraa/ros2_ws/install/my_cpp_pkg:/home/azraa/ros2_ws/install/my_robot_interfaces:/home/azraa/ros2_ws/install/bme280:/home/azraa/ros2_ws/install/m2s2_custom_interfaces:/home/azraa/ros2_ws/install/m2s2_bringup:/home/azraa/ros2_ws/install/gscam:/home/azraa/ros2_ws/install/flir_lepton_msgs:/home/azraa/ros2_ws/install/flir_lepton_capture:/home/azraa/ros2_ws/install/audio_play:/home/azraa/ros2_ws/install/audio_capture:/home/azraa/ros2_ws/install/audio_common_msgs:/home/azraa/ros2_ws/install/m2s2_test_python:/opt/ros/foxy:/opt/ros/noetic /usr/bin/cmake --build /home/azraa/ros2_ws/build/flir_lepton_msgs -- -j4 -l4
[0.652s] Invoking command in '/home/azraa/ros2_ws/build/flir_lepton_msgs': CMAKE_PREFIX_PATH=/home/azraa/ros2_ws/install/v4l2_camera:/home/azraa/ros2_ws/install/audio_common:/home/azraa/ros2_ws/install/sound_play:/home/azraa/ros2_ws/install/my_robot_bringup:/home/azraa/ros2_ws/install/my_cpp_pkg:/home/azraa/ros2_ws/install/my_robot_interfaces:/home/azraa/ros2_ws/install/bme280:/home/azraa/ros2_ws/install/m2s2_custom_interfaces:/home/azraa/ros2_ws/install/m2s2_bringup:/home/azraa/ros2_ws/install/gscam:/home/azraa/ros2_ws/install/flir_lepton_msgs:/home/azraa/ros2_ws/install/flir_lepton_capture:/home/azraa/ros2_ws/install/audio_play:/home/azraa/ros2_ws/install/audio_capture:/home/azraa/ros2_ws/install/audio_common_msgs:/home/azraa/ros2_ws/install/m2s2_test_python:/opt/ros/foxy:/opt/ros/noetic /usr/bin/cmake --install /home/azraa/ros2_ws/build/flir_lepton_msgs
[0.667s] -- Install configuration: ""
[0.667s] -- Up-to-date: /home/azraa/ros2_ws/install/flir_lepton_msgs/share/ament_index/resource_index/rosidl_interfaces/flir_lepton_msgs
[0.668s] -- Up-to-date: /home/azraa/ros2_ws/install/flir_lepton_msgs/include/flir_lepton_msgs
[0.668s] -- Up-to-date: /home/azraa/ros2_ws/install/flir_lepton_msgs/include/flir_lepton_msgs/msg
[0.668s] -- Up-to-date: /home/azraa/ros2_ws/install/flir_lepton_msgs/include/flir_lepton_msgs/msg/detail
[0.668s] -- Up-to-date: /home/azraa/ros2_ws/install/flir_lepton_msgs/include/flir_lepton_msgs/msg/detail/raw_data__type_support.h
[0.669s] -- Up-to-date: /home/azraa/ros2_ws/install/flir_lepton_msgs/include/flir_lepton_msgs/msg/detail/raw_data__functions.c
[0.669s] -- Up-to-date: /home/azraa/ros2_ws/install/flir_lepton_msgs/include/flir_lepton_msgs/msg/detail/raw_data__functions.h
[0.669s] -- Up-to-date: /home/azraa/ros2_ws/install/flir_lepton_msgs/include/flir_lepton_msgs/msg/detail/raw_data__struct.h
[0.669s] -- Up-to-date: /home/azraa/ros2_ws/install/flir_lepton_msgs/include/flir_lepton_msgs/msg/raw_data.h
[0.669s] -- Up-to-date: /home/azraa/ros2_ws/install/flir_lepton_msgs/include/flir_lepton_msgs/msg/rosidl_generator_c__visibility_control.h
[0.670s] -- Up-to-date: /home/azraa/ros2_ws/install/flir_lepton_msgs/share/flir_lepton_msgs/environment/library_path.sh
[0.670s] -- Up-to-date: /home/azraa/ros2_ws/install/flir_lepton_msgs/share/flir_lepton_msgs/environment/library_path.dsv
[0.676s] -- Up-to-date: /home/azraa/ros2_ws/install/flir_lepton_msgs/lib/libflir_lepton_msgs__rosidl_generator_c.so
[0.687s] -- Up-to-date: /home/azraa/ros2_ws/install/flir_lepton_msgs/include/flir_lepton_msgs
[0.687s] -- Up-to-date: /home/azraa/ros2_ws/install/flir_lepton_msgs/include/flir_lepton_msgs/msg
[0.687s] -- Up-to-date: /home/azraa/ros2_ws/install/flir_lepton_msgs/include/flir_lepton_msgs/msg/rosidl_typesupport_fastrtps_c__visibility_control.h
[0.688s] -- Up-to-date: /home/azraa/ros2_ws/install/flir_lepton_msgs/include/flir_lepton_msgs/msg/detail
[0.688s] -- Up-to-date: /home/azraa/ros2_ws/install/flir_lepton_msgs/include/flir_lepton_msgs/msg/detail/raw_data__rosidl_typesupport_fastrtps_c.h
[0.688s] -- Up-to-date: /home/azraa/ros2_ws/install/flir_lepton_msgs/lib/libflir_lepton_msgs__rosidl_typesupport_fastrtps_c.so
[0.688s] -- Up-to-date: /home/azraa/ros2_ws/install/flir_lepton_msgs/include/flir_lepton_msgs
[0.688s] -- Up-to-date: /home/azraa/ros2_ws/install/flir_lepton_msgs/include/flir_lepton_msgs/msg
[0.688s] -- Up-to-date: /home/azraa/ros2_ws/install/flir_lepton_msgs/include/flir_lepton_msgs/msg/detail
[0.688s] -- Up-to-date: /home/azraa/ros2_ws/install/flir_lepton_msgs/include/flir_lepton_msgs/msg/detail/dds_fastrtps
[0.688s] -- Up-to-date: /home/azraa/ros2_ws/install/flir_lepton_msgs/include/flir_lepton_msgs/msg/detail/raw_data__rosidl_typesupport_fastrtps_cpp.hpp
[0.688s] -- Up-to-date: /home/azraa/ros2_ws/install/flir_lepton_msgs/include/flir_lepton_msgs/msg/rosidl_typesupport_fastrtps_cpp__visibility_control.h
[0.689s] -- Up-to-date: /home/azraa/ros2_ws/install/flir_lepton_msgs/lib/libflir_lepton_msgs__rosidl_typesupport_fastrtps_cpp.so
[0.689s] -- Up-to-date: /home/azraa/ros2_ws/install/flir_lepton_msgs/include/flir_lepton_msgs
[0.689s] -- Up-to-date: /home/azraa/ros2_ws/install/flir_lepton_msgs/include/flir_lepton_msgs/msg
[0.689s] -- Up-to-date: /home/azraa/ros2_ws/install/flir_lepton_msgs/include/flir_lepton_msgs/msg/detail
[0.689s] -- Up-to-date: /home/azraa/ros2_ws/install/flir_lepton_msgs/include/flir_lepton_msgs/msg/detail/raw_data__type_support.c
[0.689s] -- Up-to-date: /home/azraa/ros2_ws/install/flir_lepton_msgs/include/flir_lepton_msgs/msg/detail/raw_data__rosidl_typesupport_introspection_c.h
[0.689s] -- Up-to-date: /home/azraa/ros2_ws/install/flir_lepton_msgs/include/flir_lepton_msgs/msg/rosidl_typesupport_introspection_c__visibility_control.h
[0.689s] -- Up-to-date: /home/azraa/ros2_ws/install/flir_lepton_msgs/lib/libflir_lepton_msgs__rosidl_typesupport_introspection_c.so
[0.689s] -- Up-to-date: /home/azraa/ros2_ws/install/flir_lepton_msgs/lib/libflir_lepton_msgs__rosidl_typesupport_c.so
[0.689s] -- Up-to-date: /home/azraa/ros2_ws/install/flir_lepton_msgs/include/flir_lepton_msgs
[0.690s] -- Up-to-date: /home/azraa/ros2_ws/install/flir_lepton_msgs/include/flir_lepton_msgs/msg
[0.690s] -- Up-to-date: /home/azraa/ros2_ws/install/flir_lepton_msgs/include/flir_lepton_msgs/msg/detail
[0.690s] -- Up-to-date: /home/azraa/ros2_ws/install/flir_lepton_msgs/include/flir_lepton_msgs/msg/detail/raw_data__builder.hpp
[0.690s] -- Up-to-date: /home/azraa/ros2_ws/install/flir_lepton_msgs/include/flir_lepton_msgs/msg/detail/raw_data__struct.hpp
[0.690s] -- Up-to-date: /home/azraa/ros2_ws/install/flir_lepton_msgs/include/flir_lepton_msgs/msg/detail/raw_data__traits.hpp
[0.690s] -- Up-to-date: /home/azraa/ros2_ws/install/flir_lepton_msgs/include/flir_lepton_msgs/msg/raw_data.hpp
[0.690s] -- Up-to-date: /home/azraa/ros2_ws/install/flir_lepton_msgs/include/flir_lepton_msgs
[0.690s] -- Up-to-date: /home/azraa/ros2_ws/install/flir_lepton_msgs/include/flir_lepton_msgs/msg
[0.690s] -- Up-to-date: /home/azraa/ros2_ws/install/flir_lepton_msgs/include/flir_lepton_msgs/msg/detail
[0.690s] -- Up-to-date: /home/azraa/ros2_ws/install/flir_lepton_msgs/include/flir_lepton_msgs/msg/detail/raw_data__rosidl_typesupport_introspection_cpp.hpp
[0.691s] -- Up-to-date: /home/azraa/ros2_ws/install/flir_lepton_msgs/include/flir_lepton_msgs/msg/detail/raw_data__type_support.cpp
[0.691s] -- Up-to-date: /home/azraa/ros2_ws/install/flir_lepton_msgs/lib/libflir_lepton_msgs__rosidl_typesupport_introspection_cpp.so
[0.691s] -- Up-to-date: /home/azraa/ros2_ws/install/flir_lepton_msgs/lib/libflir_lepton_msgs__rosidl_typesupport_cpp.so
[0.691s] -- Up-to-date: /home/azraa/ros2_ws/install/flir_lepton_msgs/share/flir_lepton_msgs/environment/pythonpath.sh
[0.691s] -- Up-to-date: /home/azraa/ros2_ws/install/flir_lepton_msgs/share/flir_lepton_msgs/environment/pythonpath.dsv
[0.692s] -- Up-to-date: /home/azraa/ros2_ws/install/flir_lepton_msgs/lib/python3.8/site-packages/flir_lepton_msgs/__init__.py
[0.760s] -- Up-to-date: /home/azraa/ros2_ws/install/flir_lepton_msgs/lib/python3.8/site-packages/flir_lepton_msgs/msg
[0.760s] -- Up-to-date: /home/azraa/ros2_ws/install/flir_lepton_msgs/lib/python3.8/site-packages/flir_lepton_msgs/msg/_raw_data.py
[0.761s] -- Up-to-date: /home/azraa/ros2_ws/install/flir_lepton_msgs/lib/python3.8/site-packages/flir_lepton_msgs/msg/__init__.py
[0.763s] -- Up-to-date: /home/azraa/ros2_ws/install/flir_lepton_msgs/lib/python3.8/site-packages/flir_lepton_msgs/msg/_raw_data_s.c
[0.763s] -- Up-to-date: /home/azraa/ros2_ws/install/flir_lepton_msgs/lib/python3.8/site-packages/flir_lepton_msgs/flir_lepton_msgs_s__rosidl_typesupport_fastrtps_c.cpython-38-x86_64-linux-gnu.so
[0.764s] -- Up-to-date: /home/azraa/ros2_ws/install/flir_lepton_msgs/lib/python3.8/site-packages/flir_lepton_msgs/flir_lepton_msgs_s__rosidl_typesupport_introspection_c.cpython-38-x86_64-linux-gnu.so
[0.764s] -- Up-to-date: /home/azraa/ros2_ws/install/flir_lepton_msgs/lib/python3.8/site-packages/flir_lepton_msgs/flir_lepton_msgs_s__rosidl_typesupport_c.cpython-38-x86_64-linux-gnu.so
[0.764s] -- Up-to-date: /home/azraa/ros2_ws/install/flir_lepton_msgs/lib/libflir_lepton_msgs__python.so
[0.764s] -- Up-to-date: /home/azraa/ros2_ws/install/flir_lepton_msgs/share/flir_lepton_msgs/msg/RawData.idl
[0.764s] -- Up-to-date: /home/azraa/ros2_ws/install/flir_lepton_msgs/share/flir_lepton_msgs/msg/RawData.msg
[0.765s] -- Up-to-date: /home/azraa/ros2_ws/install/flir_lepton_msgs/share/ament_index/resource_index/package_run_dependencies/flir_lepton_msgs
[0.765s] -- Up-to-date: /home/azraa/ros2_ws/install/flir_lepton_msgs/share/ament_index/resource_index/parent_prefix_path/flir_lepton_msgs
[0.765s] -- Up-to-date: /home/azraa/ros2_ws/install/flir_lepton_msgs/share/flir_lepton_msgs/environment/ament_prefix_path.sh
[0.765s] -- Up-to-date: /home/azraa/ros2_ws/install/flir_lepton_msgs/share/flir_lepton_msgs/environment/ament_prefix_path.dsv
[0.765s] -- Up-to-date: /home/azraa/ros2_ws/install/flir_lepton_msgs/share/flir_lepton_msgs/environment/path.sh
[0.766s] -- Up-to-date: /home/azraa/ros2_ws/install/flir_lepton_msgs/share/flir_lepton_msgs/environment/path.dsv
[0.766s] -- Up-to-date: /home/azraa/ros2_ws/install/flir_lepton_msgs/share/flir_lepton_msgs/local_setup.bash
[0.767s] -- Up-to-date: /home/azraa/ros2_ws/install/flir_lepton_msgs/share/flir_lepton_msgs/local_setup.sh
[0.768s] -- Up-to-date: /home/azraa/ros2_ws/install/flir_lepton_msgs/share/flir_lepton_msgs/local_setup.zsh
[0.768s] -- Up-to-date: /home/azraa/ros2_ws/install/flir_lepton_msgs/share/flir_lepton_msgs/local_setup.dsv
[0.768s] -- Installing: /home/azraa/ros2_ws/install/flir_lepton_msgs/share/flir_lepton_msgs/package.dsv
[0.768s] -- Up-to-date: /home/azraa/ros2_ws/install/flir_lepton_msgs/share/ament_index/resource_index/packages/flir_lepton_msgs
[0.768s] -- Up-to-date: /home/azraa/ros2_ws/install/flir_lepton_msgs/share/flir_lepton_msgs/cmake/flir_lepton_msgs__rosidl_generator_cExport.cmake
[0.768s] -- Up-to-date: /home/azraa/ros2_ws/install/flir_lepton_msgs/share/flir_lepton_msgs/cmake/flir_lepton_msgs__rosidl_generator_cExport-noconfig.cmake
[0.769s] -- Up-to-date: /home/azraa/ros2_ws/install/flir_lepton_msgs/share/flir_lepton_msgs/cmake/flir_lepton_msgs__rosidl_typesupport_introspection_cExport.cmake
[0.769s] -- Up-to-date: /home/azraa/ros2_ws/install/flir_lepton_msgs/share/flir_lepton_msgs/cmake/flir_lepton_msgs__rosidl_typesupport_introspection_cExport-noconfig.cmake
[0.769s] -- Up-to-date: /home/azraa/ros2_ws/install/flir_lepton_msgs/share/flir_lepton_msgs/cmake/flir_lepton_msgs__rosidl_typesupport_cExport.cmake
[0.769s] -- Up-to-date: /home/azraa/ros2_ws/install/flir_lepton_msgs/share/flir_lepton_msgs/cmake/flir_lepton_msgs__rosidl_typesupport_cExport-noconfig.cmake
[0.769s] -- Up-to-date: /home/azraa/ros2_ws/install/flir_lepton_msgs/share/flir_lepton_msgs/cmake/flir_lepton_msgs__rosidl_generator_cppExport.cmake
[0.769s] -- Up-to-date: /home/azraa/ros2_ws/install/flir_lepton_msgs/share/flir_lepton_msgs/cmake/flir_lepton_msgs__rosidl_typesupport_introspection_cppExport.cmake
[0.769s] -- Up-to-date: /home/azraa/ros2_ws/install/flir_lepton_msgs/share/flir_lepton_msgs/cmake/flir_lepton_msgs__rosidl_typesupport_introspection_cppExport-noconfig.cmake
[0.769s] -- Up-to-date: /home/azraa/ros2_ws/install/flir_lepton_msgs/share/flir_lepton_msgs/cmake/flir_lepton_msgs__rosidl_typesupport_cppExport.cmake
[0.769s] -- Up-to-date: /home/azraa/ros2_ws/install/flir_lepton_msgs/share/flir_lepton_msgs/cmake/flir_lepton_msgs__rosidl_typesupport_cppExport-noconfig.cmake
[0.769s] -- Up-to-date: /home/azraa/ros2_ws/install/flir_lepton_msgs/share/flir_lepton_msgs/cmake/rosidl_cmake-extras.cmake
[0.769s] -- Up-to-date: /home/azraa/ros2_ws/install/flir_lepton_msgs/share/flir_lepton_msgs/cmake/ament_cmake_export_dependencies-extras.cmake
[0.770s] -- Up-to-date: /home/azraa/ros2_ws/install/flir_lepton_msgs/share/flir_lepton_msgs/cmake/ament_cmake_export_libraries-extras.cmake
[0.770s] -- Up-to-date: /home/azraa/ros2_ws/install/flir_lepton_msgs/share/flir_lepton_msgs/cmake/ament_cmake_export_targets-extras.cmake
[0.770s] -- Up-to-date: /home/azraa/ros2_ws/install/flir_lepton_msgs/share/flir_lepton_msgs/cmake/ament_cmake_export_include_directories-extras.cmake
[0.770s] -- Up-to-date: /home/azraa/ros2_ws/install/flir_lepton_msgs/share/flir_lepton_msgs/cmake/rosidl_cmake_export_typesupport_libraries-extras.cmake
[0.770s] -- Up-to-date: /home/azraa/ros2_ws/install/flir_lepton_msgs/share/flir_lepton_msgs/cmake/rosidl_cmake_export_typesupport_targets-extras.cmake
[0.770s] -- Up-to-date: /home/azraa/ros2_ws/install/flir_lepton_msgs/share/flir_lepton_msgs/cmake/flir_lepton_msgsConfig.cmake
[0.771s] -- Up-to-date: /home/azraa/ros2_ws/install/flir_lepton_msgs/share/flir_lepton_msgs/cmake/flir_lepton_msgsConfig-version.cmake
[0.771s] -- Up-to-date: /home/azraa/ros2_ws/install/flir_lepton_msgs/share/flir_lepton_msgs/package.xml
[0.882s] Invoked command in '/home/azraa/ros2_ws/build/flir_lepton_msgs' returned '0': CMAKE_PREFIX_PATH=/home/azraa/ros2_ws/install/v4l2_camera:/home/azraa/ros2_ws/install/audio_common:/home/azraa/ros2_ws/install/sound_play:/home/azraa/ros2_ws/install/my_robot_bringup:/home/azraa/ros2_ws/install/my_cpp_pkg:/home/azraa/ros2_ws/install/my_robot_interfaces:/home/azraa/ros2_ws/install/bme280:/home/azraa/ros2_ws/install/m2s2_custom_interfaces:/home/azraa/ros2_ws/install/m2s2_bringup:/home/azraa/ros2_ws/install/gscam:/home/azraa/ros2_ws/install/flir_lepton_msgs:/home/azraa/ros2_ws/install/flir_lepton_capture:/home/azraa/ros2_ws/install/audio_play:/home/azraa/ros2_ws/install/audio_capture:/home/azraa/ros2_ws/install/audio_common_msgs:/home/azraa/ros2_ws/install/m2s2_test_python:/opt/ros/foxy:/opt/ros/noetic /usr/bin/cmake --install /home/azraa/ros2_ws/build/flir_lepton_msgs
