[0.036s] Invoking command in '/home/azraa/ros2_ws/build/m2s2_bringup': CMAKE_PREFIX_PATH=${CMAKE_PREFIX_PATH}:/opt/ros/foxy /usr/bin/cmake --build /home/azraa/ros2_ws/build/m2s2_bringup -- -j4 -l4
[0.130s] Invoked command in '/home/azraa/ros2_ws/build/m2s2_bringup' returned '0': CMAKE_PREFIX_PATH=${CMAKE_PREFIX_PATH}:/opt/ros/foxy /usr/bin/cmake --build /home/azraa/ros2_ws/build/m2s2_bringup -- -j4 -l4
[0.195s] Invoking command in '/home/azraa/ros2_ws/build/m2s2_bringup': CMAKE_PREFIX_PATH=${CMAKE_PREFIX_PATH}:/opt/ros/foxy /usr/bin/cmake --install /home/azraa/ros2_ws/build/m2s2_bringup
[0.224s] -- Install configuration: ""
[0.225s] -- Up-to-date: /home/azraa/ros2_ws/install/m2s2_bringup/share/m2s2_bringup/launch
[0.225s] -- Up-to-date: /home/azraa/ros2_ws/install/m2s2_bringup/share/m2s2_bringup/launch/m2s2.launch.py
[0.225s] -- Up-to-date: /home/azraa/ros2_ws/install/m2s2_bringup/share/m2s2_bringup/launch/enviro_sensor.launch.xml
[0.225s] -- Up-to-date: /home/azraa/ros2_ws/install/m2s2_bringup/share/ament_index/resource_index/package_run_dependencies/m2s2_bringup
[0.226s] -- Up-to-date: /home/azraa/ros2_ws/install/m2s2_bringup/share/ament_index/resource_index/parent_prefix_path/m2s2_bringup
[0.226s] -- Up-to-date: /home/azraa/ros2_ws/install/m2s2_bringup/share/m2s2_bringup/environment/ament_prefix_path.sh
[0.226s] -- Up-to-date: /home/azraa/ros2_ws/install/m2s2_bringup/share/m2s2_bringup/environment/ament_prefix_path.dsv
[0.226s] -- Up-to-date: /home/azraa/ros2_ws/install/m2s2_bringup/share/m2s2_bringup/environment/path.sh
[0.227s] -- Up-to-date: /home/azraa/ros2_ws/install/m2s2_bringup/share/m2s2_bringup/environment/path.dsv
[0.227s] -- Up-to-date: /home/azraa/ros2_ws/install/m2s2_bringup/share/m2s2_bringup/local_setup.bash
[0.227s] -- Up-to-date: /home/azraa/ros2_ws/install/m2s2_bringup/share/m2s2_bringup/local_setup.sh
[0.235s] -- Up-to-date: /home/azraa/ros2_ws/install/m2s2_bringup/share/m2s2_bringup/local_setup.zsh
[0.235s] -- Up-to-date: /home/azraa/ros2_ws/install/m2s2_bringup/share/m2s2_bringup/local_setup.dsv
[0.236s] -- Installing: /home/azraa/ros2_ws/install/m2s2_bringup/share/m2s2_bringup/package.dsv
[0.236s] -- Up-to-date: /home/azraa/ros2_ws/install/m2s2_bringup/share/ament_index/resource_index/packages/m2s2_bringup
[0.236s] -- Up-to-date: /home/azraa/ros2_ws/install/m2s2_bringup/share/m2s2_bringup/cmake/m2s2_bringupConfig.cmake
[0.236s] -- Up-to-date: /home/azraa/ros2_ws/install/m2s2_bringup/share/m2s2_bringup/cmake/m2s2_bringupConfig-version.cmake
[0.236s] -- Up-to-date: /home/azraa/ros2_ws/install/m2s2_bringup/share/m2s2_bringup/package.xml
[0.307s] Invoked command in '/home/azraa/ros2_ws/build/m2s2_bringup' returned '0': CMAKE_PREFIX_PATH=${CMAKE_PREFIX_PATH}:/opt/ros/foxy /usr/bin/cmake --install /home/azraa/ros2_ws/build/m2s2_bringup
