[0.109s] Invoking command in '/home/azraa/ros2_ws/src/build/my_cpp_pkg': AMENT_PREFIX_PATH=/home/azraa/ros2_ws/src/install/my_robot_interfaces:${AMENT_PREFIX_PATH} CMAKE_PREFIX_PATH=/home/azraa/ros2_ws/src/install/my_robot_interfaces:/home/azraa/ros2_ws/install/my_robot_bringup:/home/azraa/ros2_ws/install/my_cpp_pkg:/home/azraa/ros2_ws/install/my_robot_interfaces:/home/azraa/ros2_ws/install/my_py_pkg:/opt/ros/foxy LD_LIBRARY_PATH=/home/azraa/ros2_ws/src/install/my_robot_interfaces/lib:${LD_LIBRARY_PATH} PYTHONPATH=/home/azraa/ros2_ws/src/install/my_robot_interfaces/lib/python3.8/site-packages:${PYTHONPATH} /usr/bin/cmake /home/azraa/ros2_ws/src/my_cpp_pkg -DCMAKE_INSTALL_PREFIX=/home/azraa/ros2_ws/src/install/my_cpp_pkg
[0.230s] -- The C compiler identification is GNU 9.4.0
[0.400s] -- The CXX compiler identification is GNU 9.4.0
[0.415s] -- Check for working C compiler: /usr/bin/cc
[0.651s] -- Check for working C compiler: /usr/bin/cc -- works
[0.653s] -- Detecting C compiler ABI info
[0.837s] -- Detecting C compiler ABI info - done
[0.881s] -- Detecting C compile features
[0.883s] -- Detecting C compile features - done
[0.890s] -- Check for working CXX compiler: /usr/bin/c++
[1.121s] -- Check for working CXX compiler: /usr/bin/c++ -- works
[1.123s] -- Detecting CXX compiler ABI info
[1.386s] -- Detecting CXX compiler ABI info - done
[1.440s] -- Detecting CXX compile features
[1.441s] -- Detecting CXX compile features - done
[1.444s] -- Found ament_cmake: 0.9.9 (/opt/ros/foxy/share/ament_cmake/cmake)
[1.524s] -- Found PythonInterp: /usr/bin/python3 (found suitable version "3.8.10", minimum required is "3") 
[1.524s] -- Using PYTHON_EXECUTABLE: /usr/bin/python3
[2.039s] -- Found rclcpp: 2.4.1 (/opt/ros/foxy/share/rclcpp/cmake)
[2.163s] -- Using all available rosidl_typesupport_c: rosidl_typesupport_fastrtps_c;rosidl_typesupport_introspection_c
[2.193s] -- Found rosidl_adapter: 1.2.1 (/opt/ros/foxy/share/rosidl_adapter/cmake)
[2.433s] -- Found OpenSSL: /usr/lib/x86_64-linux-gnu/libcrypto.so (found version "1.1.1f")  
[2.490s] -- Found FastRTPS: /opt/ros/foxy/include  
[2.696s] -- Using all available rosidl_typesupport_cpp: rosidl_typesupport_fastrtps_cpp;rosidl_typesupport_introspection_cpp
[2.876s] -- Found rmw_implementation_cmake: 1.0.3 (/opt/ros/foxy/share/rmw_implementation_cmake/cmake)
[2.881s] -- Using RMW implementation 'rmw_fastrtps_cpp' as default
[2.883s] -- Looking for pthread.h
[3.048s] -- Looking for pthread.h - found
[3.049s] -- Performing Test CMAKE_HAVE_LIBC_PTHREAD
[3.165s] -- Performing Test CMAKE_HAVE_LIBC_PTHREAD - Failed
[3.165s] -- Looking for pthread_create in pthreads
[3.251s] -- Looking for pthread_create in pthreads - not found
[3.252s] -- Looking for pthread_create in pthread
[3.355s] -- Looking for pthread_create in pthread - found
[3.356s] -- Found Threads: TRUE  
[3.687s] -- Found example_interfaces: 0.9.1 (/opt/ros/foxy/share/example_interfaces/cmake)
[3.961s] -- Found my_robot_interfaces: 0.0.0 (/home/azraa/ros2_ws/src/install/my_robot_interfaces/share/my_robot_interfaces/cmake)
[4.104s] -- Configuring done
[4.165s] -- Generating done
[4.169s] -- Build files have been written to: /home/azraa/ros2_ws/src/build/my_cpp_pkg
