[0.299s] Invoking command in '/home/azraa/ros2_ws/build/audio_common_msgs': CMAKE_PREFIX_PATH=${CMAKE_PREFIX_PATH}:/opt/ros/foxy /usr/bin/cmake --build /home/azraa/ros2_ws/build/audio_common_msgs -- -j4 -l4
[0.651s] [  2%] Built target audio_common_msgs__cpp
[0.758s] [ 12%] Built target audio_common_msgs__rosidl_generator_c
[0.941s] [ 23%] Built target audio_common_msgs__rosidl_typesupport_cpp
[1.120s] [ 33%] Built target audio_common_msgs__rosidl_typesupport_c
[1.466s] [ 43%] Built target audio_common_msgs__rosidl_typesupport_introspection_c
[1.629s] [ 53%] Built target audio_common_msgs__rosidl_typesupport_fastrtps_cpp
[1.758s] [ 64%] Built target audio_common_msgs__rosidl_typesupport_introspection_cpp
[1.864s] [ 74%] Built target audio_common_msgs__rosidl_typesupport_fastrtps_c
[2.146s] [ 74%] Built target audio_common_msgs
[2.528s] [ 76%] Built target audio_common_msgs__py
[2.887s] [ 84%] Built target audio_common_msgs__python
[3.035s] [ 89%] Built target audio_common_msgs__rosidl_typesupport_c__pyext
[3.210s] [ 94%] Built target audio_common_msgs__rosidl_typesupport_fastrtps_c__pyext
[3.328s] [100%] Built target audio_common_msgs__rosidl_typesupport_introspection_c__pyext
[3.434s] Invoked command in '/home/azraa/ros2_ws/build/audio_common_msgs' returned '0': CMAKE_PREFIX_PATH=${CMAKE_PREFIX_PATH}:/opt/ros/foxy /usr/bin/cmake --build /home/azraa/ros2_ws/build/audio_common_msgs -- -j4 -l4
[4.361s] Invoking command in '/home/azraa/ros2_ws/build/audio_common_msgs': CMAKE_PREFIX_PATH=${CMAKE_PREFIX_PATH}:/opt/ros/foxy /usr/bin/cmake --install /home/azraa/ros2_ws/build/audio_common_msgs
[4.550s] -- Install configuration: ""
[4.550s] -- Up-to-date: /home/azraa/ros2_ws/install/audio_common_msgs/share/ament_index/resource_index/rosidl_interfaces/audio_common_msgs
[4.551s] -- Up-to-date: /home/azraa/ros2_ws/install/audio_common_msgs/include/audio_common_msgs
[4.553s] -- Up-to-date: /home/azraa/ros2_ws/install/audio_common_msgs/include/audio_common_msgs/msg
[4.553s] -- Up-to-date: /home/azraa/ros2_ws/install/audio_common_msgs/include/audio_common_msgs/msg/audio_data.h
[4.553s] -- Up-to-date: /home/azraa/ros2_ws/install/audio_common_msgs/include/audio_common_msgs/msg/detail
[4.553s] -- Up-to-date: /home/azraa/ros2_ws/install/audio_common_msgs/include/audio_common_msgs/msg/detail/audio_info__type_support.h
[4.554s] -- Up-to-date: /home/azraa/ros2_ws/install/audio_common_msgs/include/audio_common_msgs/msg/detail/audio_data__functions.h
[4.554s] -- Up-to-date: /home/azraa/ros2_ws/install/audio_common_msgs/include/audio_common_msgs/msg/detail/audio_info__struct.h
[4.554s] -- Up-to-date: /home/azraa/ros2_ws/install/audio_common_msgs/include/audio_common_msgs/msg/detail/audio_data__type_support.h
[4.554s] -- Up-to-date: /home/azraa/ros2_ws/install/audio_common_msgs/include/audio_common_msgs/msg/detail/audio_info__functions.c
[4.554s] -- Up-to-date: /home/azraa/ros2_ws/install/audio_common_msgs/include/audio_common_msgs/msg/detail/audio_info__functions.h
[4.554s] -- Up-to-date: /home/azraa/ros2_ws/install/audio_common_msgs/include/audio_common_msgs/msg/detail/audio_data__functions.c
[4.555s] -- Up-to-date: /home/azraa/ros2_ws/install/audio_common_msgs/include/audio_common_msgs/msg/detail/audio_data__struct.h
[4.555s] -- Up-to-date: /home/azraa/ros2_ws/install/audio_common_msgs/include/audio_common_msgs/msg/rosidl_generator_c__visibility_control.h
[4.555s] -- Up-to-date: /home/azraa/ros2_ws/install/audio_common_msgs/include/audio_common_msgs/msg/audio_info.h
[4.555s] -- Up-to-date: /home/azraa/ros2_ws/install/audio_common_msgs/share/audio_common_msgs/environment/library_path.sh
[4.556s] -- Up-to-date: /home/azraa/ros2_ws/install/audio_common_msgs/share/audio_common_msgs/environment/library_path.dsv
[4.556s] -- Up-to-date: /home/azraa/ros2_ws/install/audio_common_msgs/lib/libaudio_common_msgs__rosidl_generator_c.so
[4.556s] -- Up-to-date: /home/azraa/ros2_ws/install/audio_common_msgs/include/audio_common_msgs
[4.557s] -- Up-to-date: /home/azraa/ros2_ws/install/audio_common_msgs/include/audio_common_msgs/msg
[4.557s] -- Up-to-date: /home/azraa/ros2_ws/install/audio_common_msgs/include/audio_common_msgs/msg/rosidl_typesupport_fastrtps_c__visibility_control.h
[4.568s] -- Up-to-date: /home/azraa/ros2_ws/install/audio_common_msgs/include/audio_common_msgs/msg/detail
[4.568s] -- Up-to-date: /home/azraa/ros2_ws/install/audio_common_msgs/include/audio_common_msgs/msg/detail/audio_info__rosidl_typesupport_fastrtps_c.h
[4.586s] -- Up-to-date: /home/azraa/ros2_ws/install/audio_common_msgs/include/audio_common_msgs/msg/detail/audio_data__rosidl_typesupport_fastrtps_c.h
[4.610s] -- Up-to-date: /home/azraa/ros2_ws/install/audio_common_msgs/lib/libaudio_common_msgs__rosidl_typesupport_fastrtps_c.so
[4.620s] -- Up-to-date: /home/azraa/ros2_ws/install/audio_common_msgs/include/audio_common_msgs
[4.620s] -- Up-to-date: /home/azraa/ros2_ws/install/audio_common_msgs/include/audio_common_msgs/msg
[4.624s] -- Up-to-date: /home/azraa/ros2_ws/install/audio_common_msgs/include/audio_common_msgs/msg/detail
[4.624s] -- Up-to-date: /home/azraa/ros2_ws/install/audio_common_msgs/include/audio_common_msgs/msg/detail/audio_info__rosidl_typesupport_fastrtps_cpp.hpp
[4.627s] -- Up-to-date: /home/azraa/ros2_ws/install/audio_common_msgs/include/audio_common_msgs/msg/detail/audio_data__rosidl_typesupport_fastrtps_cpp.hpp
[4.630s] -- Up-to-date: /home/azraa/ros2_ws/install/audio_common_msgs/include/audio_common_msgs/msg/detail/dds_fastrtps
[4.633s] -- Up-to-date: /home/azraa/ros2_ws/install/audio_common_msgs/include/audio_common_msgs/msg/rosidl_typesupport_fastrtps_cpp__visibility_control.h
[4.633s] -- Up-to-date: /home/azraa/ros2_ws/install/audio_common_msgs/lib/libaudio_common_msgs__rosidl_typesupport_fastrtps_cpp.so
[4.636s] -- Up-to-date: /home/azraa/ros2_ws/install/audio_common_msgs/include/audio_common_msgs
[4.637s] -- Up-to-date: /home/azraa/ros2_ws/install/audio_common_msgs/include/audio_common_msgs/msg
[4.643s] -- Up-to-date: /home/azraa/ros2_ws/install/audio_common_msgs/include/audio_common_msgs/msg/detail
[4.644s] -- Up-to-date: /home/azraa/ros2_ws/install/audio_common_msgs/include/audio_common_msgs/msg/detail/audio_info__rosidl_typesupport_introspection_c.h
[4.646s] -- Up-to-date: /home/azraa/ros2_ws/install/audio_common_msgs/include/audio_common_msgs/msg/detail/audio_info__type_support.c
[4.646s] -- Up-to-date: /home/azraa/ros2_ws/install/audio_common_msgs/include/audio_common_msgs/msg/detail/audio_data__type_support.c
[4.650s] -- Up-to-date: /home/azraa/ros2_ws/install/audio_common_msgs/include/audio_common_msgs/msg/detail/audio_data__rosidl_typesupport_introspection_c.h
[4.651s] -- Up-to-date: /home/azraa/ros2_ws/install/audio_common_msgs/include/audio_common_msgs/msg/rosidl_typesupport_introspection_c__visibility_control.h
[4.656s] -- Up-to-date: /home/azraa/ros2_ws/install/audio_common_msgs/lib/libaudio_common_msgs__rosidl_typesupport_introspection_c.so
[4.658s] -- Up-to-date: /home/azraa/ros2_ws/install/audio_common_msgs/lib/libaudio_common_msgs__rosidl_typesupport_c.so
[4.658s] -- Up-to-date: /home/azraa/ros2_ws/install/audio_common_msgs/include/audio_common_msgs
[4.658s] -- Up-to-date: /home/azraa/ros2_ws/install/audio_common_msgs/include/audio_common_msgs/msg
[4.667s] -- Up-to-date: /home/azraa/ros2_ws/install/audio_common_msgs/include/audio_common_msgs/msg/detail
[4.670s] -- Up-to-date: /home/azraa/ros2_ws/install/audio_common_msgs/include/audio_common_msgs/msg/detail/audio_info__struct.hpp
[4.670s] -- Up-to-date: /home/azraa/ros2_ws/install/audio_common_msgs/include/audio_common_msgs/msg/detail/audio_data__struct.hpp
[4.670s] -- Up-to-date: /home/azraa/ros2_ws/install/audio_common_msgs/include/audio_common_msgs/msg/detail/audio_data__builder.hpp
[4.670s] -- Up-to-date: /home/azraa/ros2_ws/install/audio_common_msgs/include/audio_common_msgs/msg/detail/audio_info__builder.hpp
[4.671s] -- Up-to-date: /home/azraa/ros2_ws/install/audio_common_msgs/include/audio_common_msgs/msg/detail/audio_info__traits.hpp
[4.677s] -- Up-to-date: /home/azraa/ros2_ws/install/audio_common_msgs/include/audio_common_msgs/msg/detail/audio_data__traits.hpp
[4.677s] -- Up-to-date: /home/azraa/ros2_ws/install/audio_common_msgs/include/audio_common_msgs/msg/audio_data.hpp
[4.677s] -- Up-to-date: /home/azraa/ros2_ws/install/audio_common_msgs/include/audio_common_msgs/msg/audio_info.hpp
[4.677s] -- Up-to-date: /home/azraa/ros2_ws/install/audio_common_msgs/include/audio_common_msgs
[4.677s] -- Up-to-date: /home/azraa/ros2_ws/install/audio_common_msgs/include/audio_common_msgs/msg
[4.677s] -- Up-to-date: /home/azraa/ros2_ws/install/audio_common_msgs/include/audio_common_msgs/msg/detail
[4.682s] -- Up-to-date: /home/azraa/ros2_ws/install/audio_common_msgs/include/audio_common_msgs/msg/detail/audio_info__type_support.cpp
[4.682s] -- Up-to-date: /home/azraa/ros2_ws/install/audio_common_msgs/include/audio_common_msgs/msg/detail/audio_data__rosidl_typesupport_introspection_cpp.hpp
[4.693s] -- Up-to-date: /home/azraa/ros2_ws/install/audio_common_msgs/include/audio_common_msgs/msg/detail/audio_data__type_support.cpp
[4.693s] -- Up-to-date: /home/azraa/ros2_ws/install/audio_common_msgs/include/audio_common_msgs/msg/detail/audio_info__rosidl_typesupport_introspection_cpp.hpp
[4.701s] -- Up-to-date: /home/azraa/ros2_ws/install/audio_common_msgs/lib/libaudio_common_msgs__rosidl_typesupport_introspection_cpp.so
[4.702s] -- Up-to-date: /home/azraa/ros2_ws/install/audio_common_msgs/lib/libaudio_common_msgs__rosidl_typesupport_cpp.so
[4.706s] -- Up-to-date: /home/azraa/ros2_ws/install/audio_common_msgs/share/audio_common_msgs/environment/pythonpath.sh
[4.706s] -- Up-to-date: /home/azraa/ros2_ws/install/audio_common_msgs/share/audio_common_msgs/environment/pythonpath.dsv
[4.713s] -- Up-to-date: /home/azraa/ros2_ws/install/audio_common_msgs/lib/python3.8/site-packages/audio_common_msgs/__init__.py
[5.164s] -- Up-to-date: /home/azraa/ros2_ws/install/audio_common_msgs/lib/python3.8/site-packages/audio_common_msgs/msg
[5.164s] -- Up-to-date: /home/azraa/ros2_ws/install/audio_common_msgs/lib/python3.8/site-packages/audio_common_msgs/msg/_audio_info_s.c
[5.164s] -- Up-to-date: /home/azraa/ros2_ws/install/audio_common_msgs/lib/python3.8/site-packages/audio_common_msgs/msg/_audio_info.py
[5.164s] -- Up-to-date: /home/azraa/ros2_ws/install/audio_common_msgs/lib/python3.8/site-packages/audio_common_msgs/msg/_audio_data.py
[5.167s] -- Up-to-date: /home/azraa/ros2_ws/install/audio_common_msgs/lib/python3.8/site-packages/audio_common_msgs/msg/__init__.py
[5.167s] -- Up-to-date: /home/azraa/ros2_ws/install/audio_common_msgs/lib/python3.8/site-packages/audio_common_msgs/msg/_audio_data_s.c
[5.167s] -- Up-to-date: /home/azraa/ros2_ws/install/audio_common_msgs/lib/python3.8/site-packages/audio_common_msgs/audio_common_msgs_s__rosidl_typesupport_fastrtps_c.cpython-38-x86_64-linux-gnu.so
[5.167s] -- Up-to-date: /home/azraa/ros2_ws/install/audio_common_msgs/lib/python3.8/site-packages/audio_common_msgs/audio_common_msgs_s__rosidl_typesupport_introspection_c.cpython-38-x86_64-linux-gnu.so
[5.168s] -- Up-to-date: /home/azraa/ros2_ws/install/audio_common_msgs/lib/python3.8/site-packages/audio_common_msgs/audio_common_msgs_s__rosidl_typesupport_c.cpython-38-x86_64-linux-gnu.so
[5.168s] -- Up-to-date: /home/azraa/ros2_ws/install/audio_common_msgs/lib/libaudio_common_msgs__python.so
[5.168s] -- Up-to-date: /home/azraa/ros2_ws/install/audio_common_msgs/share/audio_common_msgs/msg/AudioData.idl
[5.168s] -- Up-to-date: /home/azraa/ros2_ws/install/audio_common_msgs/share/audio_common_msgs/msg/AudioInfo.idl
[5.169s] -- Up-to-date: /home/azraa/ros2_ws/install/audio_common_msgs/share/audio_common_msgs/msg/AudioData.msg
[5.169s] -- Up-to-date: /home/azraa/ros2_ws/install/audio_common_msgs/share/audio_common_msgs/msg/AudioInfo.msg
[5.169s] -- Up-to-date: /home/azraa/ros2_ws/install/audio_common_msgs/share/ament_index/resource_index/package_run_dependencies/audio_common_msgs
[5.169s] -- Up-to-date: /home/azraa/ros2_ws/install/audio_common_msgs/share/ament_index/resource_index/parent_prefix_path/audio_common_msgs
[5.170s] -- Up-to-date: /home/azraa/ros2_ws/install/audio_common_msgs/share/audio_common_msgs/environment/ament_prefix_path.sh
[5.170s] -- Up-to-date: /home/azraa/ros2_ws/install/audio_common_msgs/share/audio_common_msgs/environment/ament_prefix_path.dsv
[5.170s] -- Up-to-date: /home/azraa/ros2_ws/install/audio_common_msgs/share/audio_common_msgs/environment/path.sh
[5.170s] -- Up-to-date: /home/azraa/ros2_ws/install/audio_common_msgs/share/audio_common_msgs/environment/path.dsv
[5.170s] -- Up-to-date: /home/azraa/ros2_ws/install/audio_common_msgs/share/audio_common_msgs/local_setup.bash
[5.170s] -- Up-to-date: /home/azraa/ros2_ws/install/audio_common_msgs/share/audio_common_msgs/local_setup.sh
[5.171s] -- Up-to-date: /home/azraa/ros2_ws/install/audio_common_msgs/share/audio_common_msgs/local_setup.zsh
[5.171s] -- Up-to-date: /home/azraa/ros2_ws/install/audio_common_msgs/share/audio_common_msgs/local_setup.dsv
[5.171s] -- Installing: /home/azraa/ros2_ws/install/audio_common_msgs/share/audio_common_msgs/package.dsv
[5.171s] -- Up-to-date: /home/azraa/ros2_ws/install/audio_common_msgs/share/ament_index/resource_index/packages/audio_common_msgs
[5.171s] -- Up-to-date: /home/azraa/ros2_ws/install/audio_common_msgs/share/audio_common_msgs/cmake/audio_common_msgs__rosidl_generator_cExport.cmake
[5.172s] -- Up-to-date: /home/azraa/ros2_ws/install/audio_common_msgs/share/audio_common_msgs/cmake/audio_common_msgs__rosidl_generator_cExport-noconfig.cmake
[5.172s] -- Up-to-date: /home/azraa/ros2_ws/install/audio_common_msgs/share/audio_common_msgs/cmake/audio_common_msgs__rosidl_typesupport_introspection_cExport.cmake
[5.172s] -- Up-to-date: /home/azraa/ros2_ws/install/audio_common_msgs/share/audio_common_msgs/cmake/audio_common_msgs__rosidl_typesupport_introspection_cExport-noconfig.cmake
[5.172s] -- Up-to-date: /home/azraa/ros2_ws/install/audio_common_msgs/share/audio_common_msgs/cmake/audio_common_msgs__rosidl_typesupport_cExport.cmake
[5.172s] -- Up-to-date: /home/azraa/ros2_ws/install/audio_common_msgs/share/audio_common_msgs/cmake/audio_common_msgs__rosidl_typesupport_cExport-noconfig.cmake
[5.173s] -- Up-to-date: /home/azraa/ros2_ws/install/audio_common_msgs/share/audio_common_msgs/cmake/audio_common_msgs__rosidl_generator_cppExport.cmake
[5.173s] -- Up-to-date: /home/azraa/ros2_ws/install/audio_common_msgs/share/audio_common_msgs/cmake/audio_common_msgs__rosidl_typesupport_introspection_cppExport.cmake
[5.173s] -- Up-to-date: /home/azraa/ros2_ws/install/audio_common_msgs/share/audio_common_msgs/cmake/audio_common_msgs__rosidl_typesupport_introspection_cppExport-noconfig.cmake
[5.173s] -- Up-to-date: /home/azraa/ros2_ws/install/audio_common_msgs/share/audio_common_msgs/cmake/audio_common_msgs__rosidl_typesupport_cppExport.cmake
[5.173s] -- Up-to-date: /home/azraa/ros2_ws/install/audio_common_msgs/share/audio_common_msgs/cmake/audio_common_msgs__rosidl_typesupport_cppExport-noconfig.cmake
[5.174s] -- Up-to-date: /home/azraa/ros2_ws/install/audio_common_msgs/share/audio_common_msgs/cmake/rosidl_cmake-extras.cmake
[5.174s] -- Up-to-date: /home/azraa/ros2_ws/install/audio_common_msgs/share/audio_common_msgs/cmake/ament_cmake_export_dependencies-extras.cmake
[5.174s] -- Up-to-date: /home/azraa/ros2_ws/install/audio_common_msgs/share/audio_common_msgs/cmake/ament_cmake_export_libraries-extras.cmake
[5.174s] -- Up-to-date: /home/azraa/ros2_ws/install/audio_common_msgs/share/audio_common_msgs/cmake/ament_cmake_export_targets-extras.cmake
[5.174s] -- Up-to-date: /home/azraa/ros2_ws/install/audio_common_msgs/share/audio_common_msgs/cmake/ament_cmake_export_include_directories-extras.cmake
[5.174s] -- Up-to-date: /home/azraa/ros2_ws/install/audio_common_msgs/share/audio_common_msgs/cmake/rosidl_cmake_export_typesupport_libraries-extras.cmake
[5.175s] -- Up-to-date: /home/azraa/ros2_ws/install/audio_common_msgs/share/audio_common_msgs/cmake/rosidl_cmake_export_typesupport_targets-extras.cmake
[5.175s] -- Up-to-date: /home/azraa/ros2_ws/install/audio_common_msgs/share/audio_common_msgs/cmake/audio_common_msgsConfig.cmake
[5.175s] -- Up-to-date: /home/azraa/ros2_ws/install/audio_common_msgs/share/audio_common_msgs/cmake/audio_common_msgsConfig-version.cmake
[5.175s] -- Up-to-date: /home/azraa/ros2_ws/install/audio_common_msgs/share/audio_common_msgs/package.xml
[5.240s] Invoked command in '/home/azraa/ros2_ws/build/audio_common_msgs' returned '0': CMAKE_PREFIX_PATH=${CMAKE_PREFIX_PATH}:/opt/ros/foxy /usr/bin/cmake --install /home/azraa/ros2_ws/build/audio_common_msgs
