[0.030s] Invoking command in '/home/azraa/ros2_ws/build/gscam': CMAKE_PREFIX_PATH=/home/azraa/ros2_ws/install/m2s2_custom_interfaces:/home/azraa/ros2_ws/install/ximea_ros2_cam:/home/azraa/ros2_ws/install/v4l2_camera:/home/azraa/ros2_ws/install/audio_common:/home/azraa/ros2_ws/install/sound_play:/home/azraa/ros2_ws/install/my_robot_bringup:/home/azraa/ros2_ws/install/my_cpp_pkg:/home/azraa/ros2_ws/install/my_robot_interfaces:/home/azraa/ros2_ws/install/bme280:/home/azraa/ros2_ws/install/m2s2_bringup:/home/azraa/ros2_ws/install/gscam:/home/azraa/ros2_ws/install/flir_lepton_ros2:/home/azraa/ros2_ws/install/flir_lepton_msgs:/home/azraa/ros2_ws/install/audio_play:/home/azraa/ros2_ws/install/audio_capture:/home/azraa/ros2_ws/install/audio_common_msgs:/home/azraa/ros2_ws/install/m2s2_test_python:/home/azraa/ros2_ws/install/flir_lepton_purethermal2:/opt/ros/foxy:/opt/ros/noetic LD_LIBRARY_PATH=/home/azraa/ros2_ws/install/m2s2_custom_interfaces/lib:/home/azraa/ros2_ws/install/v4l2_camera/lib:/home/azraa/ros2_ws/install/sound_play/lib:/home/azraa/ros2_ws/install/my_robot_interfaces/lib:/home/azraa/ros2_ws/install/gscam/lib:/home/azraa/ros2_ws/install/flir_lepton_msgs/lib:/home/azraa/ros2_ws/install/audio_common_msgs/lib:/opt/ros/foxy/opt/yaml_cpp_vendor/lib:/opt/ros/foxy/opt/rviz_ogre_vendor/lib:/opt/ros/foxy/lib/x86_64-linux-gnu:/opt/ros/foxy/lib:/opt/ros/noetic/lib PYTHONPATH=/home/azraa/ros2_ws/install/m2s2_custom_interfaces/lib/python3.8/site-packages:/home/azraa/ros2_ws/install/sound_play/lib/python3.8/site-packages:/home/azraa/ros2_ws/install/my_robot_interfaces/lib/python3.8/site-packages:/home/azraa/ros2_ws/install/my_python_pkg/lib/python3.8/site-packages:/home/azraa/ros2_ws/install/my_py_pkg/lib/python3.8/site-packages:/home/azraa/ros2_ws/install/m2s2_test_python/lib/python3.8/site-packages:/home/azraa/ros2_ws/install/flir_lepton_purethermal2/lib/python3.8/site-packages:/home/azraa/ros2_ws/install/flir_lepton_msgs/lib/python3.8/site-packages:/home/azraa/ros2_ws/install/audio_common_msgs/lib/python3.8/site-packages:/opt/ros/foxy/lib/python3.8/site-packages:/opt/ros/noetic/lib/python3/dist-packages /usr/bin/cmake --build /home/azraa/ros2_ws/build/gscam -- -j4 -l4
[0.084s] [35m[1mScanning dependencies of target gscam[0m
[0.095s] [ 40%] Built target gtest
[0.095s] [ 40%] Built target gtest_main
[0.109s] [ 60%] Built target gscam_node
[0.141s] [ 70%] [32mBuilding CXX object CMakeFiles/gscam.dir/src/gscam.cpp.o[0m
[1.885s] [01m[K/home/azraa/ros2_ws/src/gscam/src/gscam.cpp:[m[K In member function ‘[01m[Kvoid gscam::GSCam::publish_stream()[m[K’:
[1.885s] [01m[K/home/azraa/ros2_ws/src/gscam/src/gscam.cpp:395:67:[m[K [01;31m[Kerror: [m[Kconversion from ‘[01m[Km2s2_custom_interfaces::msg::RawLeptonData*[m[K’ {aka ‘[01m[Km2s2_custom_interfaces::msg::RawLeptonData_<std::allocator<void> >*[m[K’} to non-scalar type ‘[01m[Km2s2_custom_interfaces::msg::RawLeptonData_<std::allocator<void> >::SharedPtr[m[K’ {aka ‘[01m[Kstd::shared_ptr<m2s2_custom_interfaces::msg::RawLeptonData_<std::allocator<void> > >[m[K’} requested
[1.885s]   395 |       m2s2_custom_interfaces::msg::RawLeptonData::SharedPtr msg = [01;31m[Knew m2s2_custom_interfaces::msg::RawLeptonData()[m[K;
[1.885s]       |                                                                   [01;31m[K^~~~~~~~~~~~~~~~~~~~~~~~~~~~~~~~~~~~~~~~~~~~~~~~[m[K
[1.893s] [01m[K/home/azraa/ros2_ws/src/gscam/src/gscam.cpp:417:28:[m[K [01;31m[Kerror: [m[Kno matching function for call to ‘[01m[Krclcpp::Publisher<m2s2_custom_interfaces::msg::RawLeptonData_<std::allocator<void> > >::publish(m2s2_custom_interfaces::msg::RawLeptonData_<std::allocator<void> >::SharedPtr&)[m[K’
[1.893s]   417 |       raw_pub_->publish(msg[01;31m[K)[m[K;
[1.893s]       |                            [01;31m[K^[m[K
[1.893s] In file included from [01m[K/opt/ros/foxy/include/rclcpp/node_interfaces/node_topics_interface.hpp:29[m[K,
[1.893s]                  from [01m[K/opt/ros/foxy/include/rclcpp/node.hpp:55[m[K,
[1.893s]                  from [01m[K/opt/ros/foxy/include/image_transport/image_transport.hpp:43[m[K,
[1.893s]                  from [01m[K/home/azraa/ros2_ws/src/gscam/src/gscam.cpp:29[m[K:
[1.893s] [01m[K/opt/ros/foxy/include/rclcpp/publisher.hpp:185:3:[m[K [01;36m[Knote: [m[Kcandidate: ‘[01m[Kvoid rclcpp::Publisher<MessageT, AllocatorT>::publish(std::unique_ptr<MessageT, typename std::conditional<std::is_same<typename std::allocator_traits<typename std::allocator_traits<_Alloc>::rebind_traits<MessageT>::allocator_type>::rebind_alloc<MessageT>, typename std::allocator<void>::rebind<_Tp1>::other>::value, std::default_delete<_Tp>, rclcpp::allocator::AllocatorDeleter<typename std::allocator_traits<_Alloc>::rebind_traits<MessageT>::allocator_type> >::type>) [with MessageT = m2s2_custom_interfaces::msg::RawLeptonData_<std::allocator<void> >; AllocatorT = std::allocator<void>; typename std::conditional<std::is_same<typename std::allocator_traits<typename std::allocator_traits<_Alloc>::rebind_traits<MessageT>::allocator_type>::rebind_alloc<MessageT>, typename std::allocator<void>::rebind<_Tp1>::other>::value, std::default_delete<_Tp>, rclcpp::allocator::AllocatorDeleter<typename std::allocator_traits<_Alloc>::rebind_traits<MessageT>::allocator_type> >::type = std::default_delete<m2s2_custom_interfaces::msg::RawLeptonData_<std::allocator<void> > >][m[K’
[1.893s]   185 |   [01;36m[Kpublish[m[K(std::unique_ptr<MessageT, MessageDeleter> msg)
[1.893s]       |   [01;36m[K^~~~~~~[m[K
[1.893s] [01m[K/opt/ros/foxy/include/rclcpp/publisher.hpp:185:53:[m[K [01;36m[Knote: [m[K  no known conversion for argument 1 from ‘[01m[Km2s2_custom_interfaces::msg::RawLeptonData_<std::allocator<void> >::SharedPtr[m[K’ {aka ‘[01m[Kstd::shared_ptr<m2s2_custom_interfaces::msg::RawLeptonData_<std::allocator<void> > >[m[K’} to ‘[01m[Kstd::unique_ptr<m2s2_custom_interfaces::msg::RawLeptonData_<std::allocator<void> >, std::default_delete<m2s2_custom_interfaces::msg::RawLeptonData_<std::allocator<void> > > >[m[K’
[1.893s]   185 |   publish([01;36m[Kstd::unique_ptr<MessageT, MessageDeleter> msg[m[K)
[1.893s]       |           [01;36m[K~~~~~~~~~~~~~~~~~~~~~~~~~~~~~~~~~~~~~~~~~~^~~[m[K
[1.894s] [01m[K/opt/ros/foxy/include/rclcpp/publisher.hpp:209:3:[m[K [01;36m[Knote: [m[Kcandidate: ‘[01m[Kvoid rclcpp::Publisher<MessageT, AllocatorT>::publish(const MessageT&) [with MessageT = m2s2_custom_interfaces::msg::RawLeptonData_<std::allocator<void> >; AllocatorT = std::allocator<void>][m[K’
[1.894s]   209 |   [01;36m[Kpublish[m[K(const MessageT & msg)
[1.894s]       |   [01;36m[K^~~~~~~[m[K
[1.894s] [01m[K/opt/ros/foxy/include/rclcpp/publisher.hpp:209:28:[m[K [01;36m[Knote: [m[K  no known conversion for argument 1 from ‘[01m[Km2s2_custom_interfaces::msg::RawLeptonData_<std::allocator<void> >::SharedPtr[m[K’ {aka ‘[01m[Kstd::shared_ptr<m2s2_custom_interfaces::msg::RawLeptonData_<std::allocator<void> > >[m[K’} to ‘[01m[Kconst m2s2_custom_interfaces::msg::RawLeptonData_<std::allocator<void> >&[m[K’
[1.894s]   209 |   publish([01;36m[Kconst MessageT & msg[m[K)
[1.894s]       |           [01;36m[K~~~~~~~~~~~~~~~~~^~~[m[K
[1.894s] [01m[K/opt/ros/foxy/include/rclcpp/publisher.hpp:226:3:[m[K [01;36m[Knote: [m[Kcandidate: ‘[01m[Kvoid rclcpp::Publisher<MessageT, AllocatorT>::publish(const rcl_serialized_message_t&) [with MessageT = m2s2_custom_interfaces::msg::RawLeptonData_<std::allocator<void> >; AllocatorT = std::allocator<void>; rcl_serialized_message_t = rcutils_uint8_array_t][m[K’
[1.894s]   226 |   [01;36m[Kpublish[m[K(const rcl_serialized_message_t & serialized_msg)
[1.894s]       |   [01;36m[K^~~~~~~[m[K
[1.894s] [01m[K/opt/ros/foxy/include/rclcpp/publisher.hpp:226:44:[m[K [01;36m[Knote: [m[K  no known conversion for argument 1 from ‘[01m[Km2s2_custom_interfaces::msg::RawLeptonData_<std::allocator<void> >::SharedPtr[m[K’ {aka ‘[01m[Kstd::shared_ptr<m2s2_custom_interfaces::msg::RawLeptonData_<std::allocator<void> > >[m[K’} to ‘[01m[Kconst rcl_serialized_message_t&[m[K’ {aka ‘[01m[Kconst rcutils_uint8_array_t&[m[K’}
[1.894s]   226 |   publish([01;36m[Kconst rcl_serialized_message_t & serialized_msg[m[K)
[1.895s]       |           [01;36m[K~~~~~~~~~~~~~~~~~~~~~~~~~~~~~~~~~^~~~~~~~~~~~~~[m[K
[1.895s] [01m[K/opt/ros/foxy/include/rclcpp/publisher.hpp:232:3:[m[K [01;36m[Knote: [m[Kcandidate: ‘[01m[Kvoid rclcpp::Publisher<MessageT, AllocatorT>::publish(const rclcpp::SerializedMessage&) [with MessageT = m2s2_custom_interfaces::msg::RawLeptonData_<std::allocator<void> >; AllocatorT = std::allocator<void>][m[K’
[1.895s]   232 |   [01;36m[Kpublish[m[K(const SerializedMessage & serialized_msg)
[1.895s]       |   [01;36m[K^~~~~~~[m[K
[1.895s] [01m[K/opt/ros/foxy/include/rclcpp/publisher.hpp:232:37:[m[K [01;36m[Knote: [m[K  no known conversion for argument 1 from ‘[01m[Km2s2_custom_interfaces::msg::RawLeptonData_<std::allocator<void> >::SharedPtr[m[K’ {aka ‘[01m[Kstd::shared_ptr<m2s2_custom_interfaces::msg::RawLeptonData_<std::allocator<void> > >[m[K’} to ‘[01m[Kconst rclcpp::SerializedMessage&[m[K’
[1.895s]   232 |   publish([01;36m[Kconst SerializedMessage & serialized_msg[m[K)
[1.895s]       |           [01;36m[K~~~~~~~~~~~~~~~~~~~~~~~~~~^~~~~~~~~~~~~~[m[K
[1.895s] [01m[K/opt/ros/foxy/include/rclcpp/publisher.hpp:246:3:[m[K [01;36m[Knote: [m[Kcandidate: ‘[01m[Kvoid rclcpp::Publisher<MessageT, AllocatorT>::publish(rclcpp::LoanedMessage<MessageT, AllocatorT>&&) [with MessageT = m2s2_custom_interfaces::msg::RawLeptonData_<std::allocator<void> >; AllocatorT = std::allocator<void>][m[K’
[1.895s]   246 |   [01;36m[Kpublish[m[K(rclcpp::LoanedMessage<MessageT, AllocatorT> && loaned_msg)
[1.895s]       |   [01;36m[K^~~~~~~[m[K
[1.895s] [01m[K/opt/ros/foxy/include/rclcpp/publisher.hpp:246:58:[m[K [01;36m[Knote: [m[K  no known conversion for argument 1 from ‘[01m[Km2s2_custom_interfaces::msg::RawLeptonData_<std::allocator<void> >::SharedPtr[m[K’ {aka ‘[01m[Kstd::shared_ptr<m2s2_custom_interfaces::msg::RawLeptonData_<std::allocator<void> > >[m[K’} to ‘[01m[Krclcpp::LoanedMessage<m2s2_custom_interfaces::msg::RawLeptonData_<std::allocator<void> >, std::allocator<void> >&&[m[K’
[1.895s]   246 |   publish([01;36m[Krclcpp::LoanedMessage<MessageT, AllocatorT> && loaned_msg[m[K)
[1.896s]       |           [01;36m[K~~~~~~~~~~~~~~~~~~~~~~~~~~~~~~~~~~~~~~~~~~~~~~~^~~~~~~~~~[m[K
[3.221s] make[2]: *** [CMakeFiles/gscam.dir/build.make:63: CMakeFiles/gscam.dir/src/gscam.cpp.o] Error 1
[3.222s] make[1]: *** [CMakeFiles/Makefile2:132: CMakeFiles/gscam.dir/all] Error 2
[3.222s] make: *** [Makefile:141: all] Error 2
[3.224s] Invoked command in '/home/azraa/ros2_ws/build/gscam' returned '2': CMAKE_PREFIX_PATH=/home/azraa/ros2_ws/install/m2s2_custom_interfaces:/home/azraa/ros2_ws/install/ximea_ros2_cam:/home/azraa/ros2_ws/install/v4l2_camera:/home/azraa/ros2_ws/install/audio_common:/home/azraa/ros2_ws/install/sound_play:/home/azraa/ros2_ws/install/my_robot_bringup:/home/azraa/ros2_ws/install/my_cpp_pkg:/home/azraa/ros2_ws/install/my_robot_interfaces:/home/azraa/ros2_ws/install/bme280:/home/azraa/ros2_ws/install/m2s2_bringup:/home/azraa/ros2_ws/install/gscam:/home/azraa/ros2_ws/install/flir_lepton_ros2:/home/azraa/ros2_ws/install/flir_lepton_msgs:/home/azraa/ros2_ws/install/audio_play:/home/azraa/ros2_ws/install/audio_capture:/home/azraa/ros2_ws/install/audio_common_msgs:/home/azraa/ros2_ws/install/m2s2_test_python:/home/azraa/ros2_ws/install/flir_lepton_purethermal2:/opt/ros/foxy:/opt/ros/noetic LD_LIBRARY_PATH=/home/azraa/ros2_ws/install/m2s2_custom_interfaces/lib:/home/azraa/ros2_ws/install/v4l2_camera/lib:/home/azraa/ros2_ws/install/sound_play/lib:/home/azraa/ros2_ws/install/my_robot_interfaces/lib:/home/azraa/ros2_ws/install/gscam/lib:/home/azraa/ros2_ws/install/flir_lepton_msgs/lib:/home/azraa/ros2_ws/install/audio_common_msgs/lib:/opt/ros/foxy/opt/yaml_cpp_vendor/lib:/opt/ros/foxy/opt/rviz_ogre_vendor/lib:/opt/ros/foxy/lib/x86_64-linux-gnu:/opt/ros/foxy/lib:/opt/ros/noetic/lib PYTHONPATH=/home/azraa/ros2_ws/install/m2s2_custom_interfaces/lib/python3.8/site-packages:/home/azraa/ros2_ws/install/sound_play/lib/python3.8/site-packages:/home/azraa/ros2_ws/install/my_robot_interfaces/lib/python3.8/site-packages:/home/azraa/ros2_ws/install/my_python_pkg/lib/python3.8/site-packages:/home/azraa/ros2_ws/install/my_py_pkg/lib/python3.8/site-packages:/home/azraa/ros2_ws/install/m2s2_test_python/lib/python3.8/site-packages:/home/azraa/ros2_ws/install/flir_lepton_purethermal2/lib/python3.8/site-packages:/home/azraa/ros2_ws/install/flir_lepton_msgs/lib/python3.8/site-packages:/home/azraa/ros2_ws/install/audio_common_msgs/lib/python3.8/site-packages:/opt/ros/foxy/lib/python3.8/site-packages:/opt/ros/noetic/lib/python3/dist-packages /usr/bin/cmake --build /home/azraa/ros2_ws/build/gscam -- -j4 -l4
