[0.247s] Invoking command in '/home/azraa/ros2_ws/build/m2s2_bringup': CMAKE_PREFIX_PATH=${CMAKE_PREFIX_PATH}:/opt/ros/foxy /usr/bin/cmake /home/azraa/ros2_ws/src/M2S2/m2s2_bringup -DCMAKE_INSTALL_PREFIX=/home/azraa/ros2_ws/install/m2s2_bringup
[0.618s] -- The C compiler identification is GNU 9.4.0
[0.942s] -- The CXX compiler identification is GNU 9.4.0
[0.953s] -- Check for working C compiler: /usr/bin/cc
[1.155s] -- Check for working C compiler: /usr/bin/cc -- works
[1.166s] -- Detecting C compiler ABI info
[1.609s] -- Detecting C compiler ABI info - done
[1.705s] -- Detecting C compile features
[1.708s] -- Detecting C compile features - done
[1.715s] -- Check for working CXX compiler: /usr/bin/c++
[2.224s] -- Check for working CXX compiler: /usr/bin/c++ -- works
[2.229s] -- Detecting CXX compiler ABI info
[2.974s] -- Detecting CXX compiler ABI info - done
[3.055s] -- Detecting CXX compile features
[3.058s] -- Detecting CXX compile features - done
[3.063s] -- Found ament_cmake: 0.9.9 (/opt/ros/foxy/share/ament_cmake/cmake)
[3.147s] -- Found PythonInterp: /usr/bin/python3 (found suitable version "3.8.10", minimum required is "3") 
[3.148s] -- Using PYTHON_EXECUTABLE: /usr/bin/python3
[4.155s] -- Configuring done
[4.160s] -- Generating done
[4.162s] -- Build files have been written to: /home/azraa/ros2_ws/build/m2s2_bringup
[4.178s] Invoked command in '/home/azraa/ros2_ws/build/m2s2_bringup' returned '0': CMAKE_PREFIX_PATH=${CMAKE_PREFIX_PATH}:/opt/ros/foxy /usr/bin/cmake /home/azraa/ros2_ws/src/M2S2/m2s2_bringup -DCMAKE_INSTALL_PREFIX=/home/azraa/ros2_ws/install/m2s2_bringup
[4.180s] Invoking command in '/home/azraa/ros2_ws/build/m2s2_bringup': CMAKE_PREFIX_PATH=${CMAKE_PREFIX_PATH}:/opt/ros/foxy /usr/bin/cmake --build /home/azraa/ros2_ws/build/m2s2_bringup -- -j4 -l4
[4.434s] Invoked command in '/home/azraa/ros2_ws/build/m2s2_bringup' returned '0': CMAKE_PREFIX_PATH=${CMAKE_PREFIX_PATH}:/opt/ros/foxy /usr/bin/cmake --build /home/azraa/ros2_ws/build/m2s2_bringup -- -j4 -l4
[4.575s] Invoking command in '/home/azraa/ros2_ws/build/m2s2_bringup': CMAKE_PREFIX_PATH=${CMAKE_PREFIX_PATH}:/opt/ros/foxy /usr/bin/cmake --install /home/azraa/ros2_ws/build/m2s2_bringup
[4.635s] -- Install configuration: ""
[4.635s] -- Installing: /home/azraa/ros2_ws/install/m2s2_bringup/share/m2s2_bringup/launch
[4.636s] -- Installing: /home/azraa/ros2_ws/install/m2s2_bringup/share/m2s2_bringup/launch/m2s2.launch.py
[4.637s] -- Installing: /home/azraa/ros2_ws/install/m2s2_bringup/share/ament_index/resource_index/package_run_dependencies/m2s2_bringup
[4.638s] -- Installing: /home/azraa/ros2_ws/install/m2s2_bringup/share/ament_index/resource_index/parent_prefix_path/m2s2_bringup
[4.640s] -- Installing: /home/azraa/ros2_ws/install/m2s2_bringup/share/m2s2_bringup/environment/ament_prefix_path.sh
[4.642s] -- Installing: /home/azraa/ros2_ws/install/m2s2_bringup/share/m2s2_bringup/environment/ament_prefix_path.dsv
[4.643s] -- Installing: /home/azraa/ros2_ws/install/m2s2_bringup/share/m2s2_bringup/environment/path.sh
[4.644s] -- Installing: /home/azraa/ros2_ws/install/m2s2_bringup/share/m2s2_bringup/environment/path.dsv
[4.646s] -- Installing: /home/azraa/ros2_ws/install/m2s2_bringup/share/m2s2_bringup/local_setup.bash
[4.647s] -- Installing: /home/azraa/ros2_ws/install/m2s2_bringup/share/m2s2_bringup/local_setup.sh
[4.650s] -- Installing: /home/azraa/ros2_ws/install/m2s2_bringup/share/m2s2_bringup/local_setup.zsh
[4.651s] -- Installing: /home/azraa/ros2_ws/install/m2s2_bringup/share/m2s2_bringup/local_setup.dsv
[4.651s] -- Installing: /home/azraa/ros2_ws/install/m2s2_bringup/share/m2s2_bringup/package.dsv
[4.654s] -- Installing: /home/azraa/ros2_ws/install/m2s2_bringup/share/ament_index/resource_index/packages/m2s2_bringup
[4.656s] -- Installing: /home/azraa/ros2_ws/install/m2s2_bringup/share/m2s2_bringup/cmake/m2s2_bringupConfig.cmake
[4.658s] -- Installing: /home/azraa/ros2_ws/install/m2s2_bringup/share/m2s2_bringup/cmake/m2s2_bringupConfig-version.cmake
[4.661s] -- Installing: /home/azraa/ros2_ws/install/m2s2_bringup/share/m2s2_bringup/package.xml
[4.693s] Invoked command in '/home/azraa/ros2_ws/build/m2s2_bringup' returned '0': CMAKE_PREFIX_PATH=${CMAKE_PREFIX_PATH}:/opt/ros/foxy /usr/bin/cmake --install /home/azraa/ros2_ws/build/m2s2_bringup
