[1.734s] Invoking command in '/home/azraa/ros2_ws/src/my_py_pkg': PYTHONPATH=/home/azraa/ros2_ws/install/my_py_pkg/lib/python3.8/site-packages:${PYTHONPATH} /usr/bin/python3 setup.py egg_info --egg-base ../../build/my_py_pkg build --build-base /home/azraa/ros2_ws/build/my_py_pkg/build install --prefix /home/azraa/ros2_ws/install/my_py_pkg --record /home/azraa/ros2_ws/build/my_py_pkg/install.log --single-version-externally-managed
[2.208s] running egg_info
[2.211s] writing ../../build/my_py_pkg/my_py_pkg.egg-info/PKG-INFO
[2.213s] writing dependency_links to ../../build/my_py_pkg/my_py_pkg.egg-info/dependency_links.txt
[2.214s] writing entry points to ../../build/my_py_pkg/my_py_pkg.egg-info/entry_points.txt
[2.214s] writing requirements to ../../build/my_py_pkg/my_py_pkg.egg-info/requires.txt
[2.215s] writing top-level names to ../../build/my_py_pkg/my_py_pkg.egg-info/top_level.txt
[2.326s] reading manifest file '../../build/my_py_pkg/my_py_pkg.egg-info/SOURCES.txt'
[2.328s] writing manifest file '../../build/my_py_pkg/my_py_pkg.egg-info/SOURCES.txt'
[2.328s] running build
[2.328s] running build_py
[2.329s] copying my_py_pkg/my_first_node.py -> /home/azraa/ros2_ws/build/my_py_pkg/build/lib/my_py_pkg
[2.330s] running install
[2.331s] running install_lib
[2.333s] copying /home/azraa/ros2_ws/build/my_py_pkg/build/lib/my_py_pkg/my_first_node.py -> /home/azraa/ros2_ws/install/my_py_pkg/lib/python3.8/site-packages/my_py_pkg
[2.334s] byte-compiling /home/azraa/ros2_ws/install/my_py_pkg/lib/python3.8/site-packages/my_py_pkg/my_first_node.py to my_first_node.cpython-38.pyc
[2.337s] running install_data
[2.338s] running install_egg_info
[2.341s] removing '/home/azraa/ros2_ws/install/my_py_pkg/lib/python3.8/site-packages/my_py_pkg-0.0.0-py3.8.egg-info' (and everything under it)
[2.357s] Copying ../../build/my_py_pkg/my_py_pkg.egg-info to /home/azraa/ros2_ws/install/my_py_pkg/lib/python3.8/site-packages/my_py_pkg-0.0.0-py3.8.egg-info
[2.359s] running install_scripts
[2.394s] Installing py_node script to /home/azraa/ros2_ws/install/my_py_pkg/lib/my_py_pkg
[2.395s] writing list of installed files to '/home/azraa/ros2_ws/build/my_py_pkg/install.log'
[2.446s] Invoked command in '/home/azraa/ros2_ws/src/my_py_pkg' returned '0': PYTHONPATH=/home/azraa/ros2_ws/install/my_py_pkg/lib/python3.8/site-packages:${PYTHONPATH} /usr/bin/python3 setup.py egg_info --egg-base ../../build/my_py_pkg build --build-base /home/azraa/ros2_ws/build/my_py_pkg/build install --prefix /home/azraa/ros2_ws/install/my_py_pkg --record /home/azraa/ros2_ws/build/my_py_pkg/install.log --single-version-externally-managed
