[0.247s] Invoking command in '/home/azraa/ros2_ws/build/my_robot_bringup': CMAKE_PREFIX_PATH=/home/azraa/ros2_ws/install/my_cpp_pkg:/home/azraa/ros2_ws/install/my_robot_interfaces:/home/azraa/ros2_ws/install/audio_common:/home/azraa/ros2_ws/install/sound_play:/home/azraa/ros2_ws/install/my_robot_bringup:/home/azraa/ros2_ws/install/bme280:/home/azraa/ros2_ws/install/m2s2_custom_interfaces:/home/azraa/ros2_ws/install/m2s2_bringup:/home/azraa/ros2_ws/install/audio_play:/home/azraa/ros2_ws/install/audio_capture:/home/azraa/ros2_ws/install/audio_common_msgs:/opt/ros/foxy LD_LIBRARY_PATH=/home/azraa/ros2_ws/install/my_robot_interfaces/lib:/home/azraa/ros2_ws/install/sound_play/lib:/home/azraa/ros2_ws/install/m2s2_custom_interfaces/lib:/home/azraa/ros2_ws/install/audio_common_msgs/lib:/opt/ros/foxy/opt/yaml_cpp_vendor/lib:/opt/ros/foxy/opt/rviz_ogre_vendor/lib:/opt/ros/foxy/lib/x86_64-linux-gnu:/opt/ros/foxy/lib PYTHONPATH=/home/azraa/ros2_ws/install/my_robot_interfaces/lib/python3.8/site-packages:/home/azraa/ros2_ws/install/my_py_pkg/lib/python3.8/site-packages:/home/azraa/ros2_ws/install/sound_play/lib/python3.8/site-packages:/home/azraa/ros2_ws/install/m2s2_custom_interfaces/lib/python3.8/site-packages:/home/azraa/ros2_ws/install/audio_common_msgs/lib/python3.8/site-packages:/opt/ros/foxy/lib/python3.8/site-packages /usr/bin/cmake --build /home/azraa/ros2_ws/build/my_robot_bringup -- -j4 -l4
[0.625s] Invoked command in '/home/azraa/ros2_ws/build/my_robot_bringup' returned '0': CMAKE_PREFIX_PATH=/home/azraa/ros2_ws/install/my_cpp_pkg:/home/azraa/ros2_ws/install/my_robot_interfaces:/home/azraa/ros2_ws/install/audio_common:/home/azraa/ros2_ws/install/sound_play:/home/azraa/ros2_ws/install/my_robot_bringup:/home/azraa/ros2_ws/install/bme280:/home/azraa/ros2_ws/install/m2s2_custom_interfaces:/home/azraa/ros2_ws/install/m2s2_bringup:/home/azraa/ros2_ws/install/audio_play:/home/azraa/ros2_ws/install/audio_capture:/home/azraa/ros2_ws/install/audio_common_msgs:/opt/ros/foxy LD_LIBRARY_PATH=/home/azraa/ros2_ws/install/my_robot_interfaces/lib:/home/azraa/ros2_ws/install/sound_play/lib:/home/azraa/ros2_ws/install/m2s2_custom_interfaces/lib:/home/azraa/ros2_ws/install/audio_common_msgs/lib:/opt/ros/foxy/opt/yaml_cpp_vendor/lib:/opt/ros/foxy/opt/rviz_ogre_vendor/lib:/opt/ros/foxy/lib/x86_64-linux-gnu:/opt/ros/foxy/lib PYTHONPATH=/home/azraa/ros2_ws/install/my_robot_interfaces/lib/python3.8/site-packages:/home/azraa/ros2_ws/install/my_py_pkg/lib/python3.8/site-packages:/home/azraa/ros2_ws/install/sound_play/lib/python3.8/site-packages:/home/azraa/ros2_ws/install/m2s2_custom_interfaces/lib/python3.8/site-packages:/home/azraa/ros2_ws/install/audio_common_msgs/lib/python3.8/site-packages:/opt/ros/foxy/lib/python3.8/site-packages /usr/bin/cmake --build /home/azraa/ros2_ws/build/my_robot_bringup -- -j4 -l4
[0.983s] Invoking command in '/home/azraa/ros2_ws/build/my_robot_bringup': CMAKE_PREFIX_PATH=/home/azraa/ros2_ws/install/my_cpp_pkg:/home/azraa/ros2_ws/install/my_robot_interfaces:/home/azraa/ros2_ws/install/audio_common:/home/azraa/ros2_ws/install/sound_play:/home/azraa/ros2_ws/install/my_robot_bringup:/home/azraa/ros2_ws/install/bme280:/home/azraa/ros2_ws/install/m2s2_custom_interfaces:/home/azraa/ros2_ws/install/m2s2_bringup:/home/azraa/ros2_ws/install/audio_play:/home/azraa/ros2_ws/install/audio_capture:/home/azraa/ros2_ws/install/audio_common_msgs:/opt/ros/foxy LD_LIBRARY_PATH=/home/azraa/ros2_ws/install/my_robot_interfaces/lib:/home/azraa/ros2_ws/install/sound_play/lib:/home/azraa/ros2_ws/install/m2s2_custom_interfaces/lib:/home/azraa/ros2_ws/install/audio_common_msgs/lib:/opt/ros/foxy/opt/yaml_cpp_vendor/lib:/opt/ros/foxy/opt/rviz_ogre_vendor/lib:/opt/ros/foxy/lib/x86_64-linux-gnu:/opt/ros/foxy/lib PYTHONPATH=/home/azraa/ros2_ws/install/my_robot_interfaces/lib/python3.8/site-packages:/home/azraa/ros2_ws/install/my_py_pkg/lib/python3.8/site-packages:/home/azraa/ros2_ws/install/sound_play/lib/python3.8/site-packages:/home/azraa/ros2_ws/install/m2s2_custom_interfaces/lib/python3.8/site-packages:/home/azraa/ros2_ws/install/audio_common_msgs/lib/python3.8/site-packages:/opt/ros/foxy/lib/python3.8/site-packages /usr/bin/cmake --install /home/azraa/ros2_ws/build/my_robot_bringup
[1.037s] -- Install configuration: ""
[1.040s] CMake Warning (dev) at ament_cmake_symlink_install/ament_cmake_symlink_install.cmake:62 (file):
[1.041s]   Policy CMP0009 is not set: FILE GLOB_RECURSE calls should not follow
[1.041s]   symlinks by default.  Run "cmake --help-policy CMP0009" for policy details.
[1.042s]   Use the cmake_policy command to set the policy and suppress this warning.
[1.049s] Call Stack (most recent call first):
[1.049s]   ament_cmake_symlink_install/ament_cmake_symlink_install.cmake:314 (ament_cmake_symlink_install_directory)
[1.049s]   cmake_install.cmake:41 (include)
[1.050s] This warning is for project developers.  Use -Wno-dev to suppress it.
[1.050s] 
[1.050s] -- Execute custom install script
[1.057s] -- Up-to-date symlink: /home/azraa/ros2_ws/install/my_robot_bringup/share/my_robot_bringup/launch/build/.built_by
[1.057s] -- Up-to-date symlink: /home/azraa/ros2_ws/install/my_robot_bringup/share/my_robot_bringup/launch/build/COLCON_IGNORE
[1.058s] -- Up-to-date symlink: /home/azraa/ros2_ws/install/my_robot_bringup/share/my_robot_bringup/launch/install/.colcon_install_layout
[1.058s] -- Up-to-date symlink: /home/azraa/ros2_ws/install/my_robot_bringup/share/my_robot_bringup/launch/install/COLCON_IGNORE
[1.058s] -- Up-to-date symlink: /home/azraa/ros2_ws/install/my_robot_bringup/share/my_robot_bringup/launch/install/_local_setup_util_ps1.py
[1.059s] -- Up-to-date symlink: /home/azraa/ros2_ws/install/my_robot_bringup/share/my_robot_bringup/launch/install/_local_setup_util_sh.py
[1.059s] -- Up-to-date symlink: /home/azraa/ros2_ws/install/my_robot_bringup/share/my_robot_bringup/launch/install/local_setup.bash
[1.059s] -- Up-to-date symlink: /home/azraa/ros2_ws/install/my_robot_bringup/share/my_robot_bringup/launch/install/local_setup.ps1
[1.060s] -- Up-to-date symlink: /home/azraa/ros2_ws/install/my_robot_bringup/share/my_robot_bringup/launch/install/local_setup.sh
[1.060s] -- Up-to-date symlink: /home/azraa/ros2_ws/install/my_robot_bringup/share/my_robot_bringup/launch/install/local_setup.zsh
[1.065s] -- Up-to-date symlink: /home/azraa/ros2_ws/install/my_robot_bringup/share/my_robot_bringup/launch/install/setup.bash
[1.065s] -- Up-to-date symlink: /home/azraa/ros2_ws/install/my_robot_bringup/share/my_robot_bringup/launch/install/setup.ps1
[1.066s] -- Up-to-date symlink: /home/azraa/ros2_ws/install/my_robot_bringup/share/my_robot_bringup/launch/install/setup.sh
[1.066s] -- Up-to-date symlink: /home/azraa/ros2_ws/install/my_robot_bringup/share/my_robot_bringup/launch/install/setup.zsh
[1.066s] -- Up-to-date symlink: /home/azraa/ros2_ws/install/my_robot_bringup/share/my_robot_bringup/launch/log/COLCON_IGNORE
[1.067s] -- Up-to-date symlink: /home/azraa/ros2_ws/install/my_robot_bringup/share/my_robot_bringup/launch/log/build_2022-07-08_10-54-06/events.log
[1.067s] -- Up-to-date symlink: /home/azraa/ros2_ws/install/my_robot_bringup/share/my_robot_bringup/launch/log/build_2022-07-08_10-54-06/logger_all.log
[1.067s] -- Up-to-date symlink: /home/azraa/ros2_ws/install/my_robot_bringup/share/my_robot_bringup/launch/log/latest/events.log
[1.067s] -- Up-to-date symlink: /home/azraa/ros2_ws/install/my_robot_bringup/share/my_robot_bringup/launch/log/latest/logger_all.log
[1.068s] -- Up-to-date symlink: /home/azraa/ros2_ws/install/my_robot_bringup/share/my_robot_bringup/launch/log/latest_build/events.log
[1.068s] -- Up-to-date symlink: /home/azraa/ros2_ws/install/my_robot_bringup/share/my_robot_bringup/launch/log/latest_build/logger_all.log
[1.068s] -- Up-to-date symlink: /home/azraa/ros2_ws/install/my_robot_bringup/share/my_robot_bringup/launch/number_app.launch.py
[1.069s] -- Up-to-date symlink: /home/azraa/ros2_ws/install/my_robot_bringup/share/my_robot_bringup/launch/robot_news_station.launch.py
[1.073s] -- Up-to-date symlink: /home/azraa/ros2_ws/install/my_robot_bringup/share/my_robot_bringup/launch/webcam.launch.xml
[1.073s] -- Up-to-date symlink: /home/azraa/ros2_ws/install/my_robot_bringup/share/ament_index/resource_index/package_run_dependencies/my_robot_bringup
[1.073s] -- Up-to-date symlink: /home/azraa/ros2_ws/install/my_robot_bringup/share/ament_index/resource_index/parent_prefix_path/my_robot_bringup
[1.074s] -- Up-to-date symlink: /home/azraa/ros2_ws/install/my_robot_bringup/share/my_robot_bringup/environment/ament_prefix_path.sh
[1.074s] -- Up-to-date symlink: /home/azraa/ros2_ws/install/my_robot_bringup/share/my_robot_bringup/environment/ament_prefix_path.dsv
[1.074s] -- Up-to-date symlink: /home/azraa/ros2_ws/install/my_robot_bringup/share/my_robot_bringup/environment/path.sh
[1.075s] -- Up-to-date symlink: /home/azraa/ros2_ws/install/my_robot_bringup/share/my_robot_bringup/environment/path.dsv
[1.075s] -- Up-to-date symlink: /home/azraa/ros2_ws/install/my_robot_bringup/share/my_robot_bringup/local_setup.bash
[1.082s] -- Up-to-date symlink: /home/azraa/ros2_ws/install/my_robot_bringup/share/my_robot_bringup/local_setup.sh
[1.082s] -- Up-to-date symlink: /home/azraa/ros2_ws/install/my_robot_bringup/share/my_robot_bringup/local_setup.zsh
[1.083s] -- Up-to-date symlink: /home/azraa/ros2_ws/install/my_robot_bringup/share/my_robot_bringup/local_setup.dsv
[1.083s] -- Symlinking: /home/azraa/ros2_ws/install/my_robot_bringup/share/my_robot_bringup/package.dsv
[1.114s] -- Up-to-date symlink: /home/azraa/ros2_ws/install/my_robot_bringup/share/ament_index/resource_index/packages/my_robot_bringup
[1.115s] -- Up-to-date symlink: /home/azraa/ros2_ws/install/my_robot_bringup/share/my_robot_bringup/cmake/my_robot_bringupConfig.cmake
[1.115s] -- Up-to-date symlink: /home/azraa/ros2_ws/install/my_robot_bringup/share/my_robot_bringup/cmake/my_robot_bringupConfig-version.cmake
[1.117s] -- Up-to-date symlink: /home/azraa/ros2_ws/install/my_robot_bringup/share/my_robot_bringup/package.xml
[1.128s] Invoked command in '/home/azraa/ros2_ws/build/my_robot_bringup' returned '0': CMAKE_PREFIX_PATH=/home/azraa/ros2_ws/install/my_cpp_pkg:/home/azraa/ros2_ws/install/my_robot_interfaces:/home/azraa/ros2_ws/install/audio_common:/home/azraa/ros2_ws/install/sound_play:/home/azraa/ros2_ws/install/my_robot_bringup:/home/azraa/ros2_ws/install/bme280:/home/azraa/ros2_ws/install/m2s2_custom_interfaces:/home/azraa/ros2_ws/install/m2s2_bringup:/home/azraa/ros2_ws/install/audio_play:/home/azraa/ros2_ws/install/audio_capture:/home/azraa/ros2_ws/install/audio_common_msgs:/opt/ros/foxy LD_LIBRARY_PATH=/home/azraa/ros2_ws/install/my_robot_interfaces/lib:/home/azraa/ros2_ws/install/sound_play/lib:/home/azraa/ros2_ws/install/m2s2_custom_interfaces/lib:/home/azraa/ros2_ws/install/audio_common_msgs/lib:/opt/ros/foxy/opt/yaml_cpp_vendor/lib:/opt/ros/foxy/opt/rviz_ogre_vendor/lib:/opt/ros/foxy/lib/x86_64-linux-gnu:/opt/ros/foxy/lib PYTHONPATH=/home/azraa/ros2_ws/install/my_robot_interfaces/lib/python3.8/site-packages:/home/azraa/ros2_ws/install/my_py_pkg/lib/python3.8/site-packages:/home/azraa/ros2_ws/install/sound_play/lib/python3.8/site-packages:/home/azraa/ros2_ws/install/m2s2_custom_interfaces/lib/python3.8/site-packages:/home/azraa/ros2_ws/install/audio_common_msgs/lib/python3.8/site-packages:/opt/ros/foxy/lib/python3.8/site-packages /usr/bin/cmake --install /home/azraa/ros2_ws/build/my_robot_bringup
