[0.020s] Invoking command in '/home/azraa/ros2_ws/build/my_robot_interfaces': CMAKE_PREFIX_PATH=${CMAKE_PREFIX_PATH}:/home/azraa/ros2_ws/install/my_py_pkg:/opt/ros/foxy /usr/bin/cmake /home/azraa/ros2_ws/src/my_robot_interfaces -DCMAKE_INSTALL_PREFIX=/home/azraa/ros2_ws/install/my_robot_interfaces
[0.356s] -- The C compiler identification is GNU 9.4.0
[0.644s] -- The CXX compiler identification is GNU 9.4.0
[0.676s] -- Check for working C compiler: /usr/bin/cc
[0.820s] -- Check for working C compiler: /usr/bin/cc -- works
[0.823s] -- Detecting C compiler ABI info
[1.022s] -- Detecting C compiler ABI info - done
[1.092s] -- Detecting C compile features
[1.093s] -- Detecting C compile features - done
[1.107s] -- Check for working CXX compiler: /usr/bin/c++
[1.360s] -- Check for working CXX compiler: /usr/bin/c++ -- works
[1.364s] -- Detecting CXX compiler ABI info
[1.622s] -- Detecting CXX compiler ABI info - done
[1.680s] -- Detecting CXX compile features
[1.682s] -- Detecting CXX compile features - done
[1.709s] -- Found ament_cmake: 0.9.9 (/opt/ros/foxy/share/ament_cmake/cmake)
[1.818s] -- Found PythonInterp: /usr/bin/python3 (found suitable version "3.8.10", minimum required is "3") 
[1.818s] -- Using PYTHON_EXECUTABLE: /usr/bin/python3
[2.522s] -- Found rosidl_default_generators: 1.0.1 (/opt/ros/foxy/share/rosidl_default_generators/cmake)
[2.560s] -- Using all available rosidl_typesupport_c: rosidl_typesupport_fastrtps_c;rosidl_typesupport_introspection_c
[2.621s] -- Found rosidl_adapter: 1.2.1 (/opt/ros/foxy/share/rosidl_adapter/cmake)
[3.156s] -- Found OpenSSL: /usr/lib/x86_64-linux-gnu/libcrypto.so (found version "1.1.1f")  
[3.350s] -- Found FastRTPS: /opt/ros/foxy/include  
[3.686s] -- Using all available rosidl_typesupport_cpp: rosidl_typesupport_fastrtps_cpp;rosidl_typesupport_introspection_cpp
[3.912s] -- Found PythonInterp: /usr/bin/python3 (found version "3.8.10") 
[4.303s] -- Found ament_cmake_ros: 0.9.2 (/opt/ros/foxy/share/ament_cmake_ros/cmake)
[4.638s] -- Using all available rosidl_typesupport_c: rosidl_typesupport_fastrtps_c;rosidl_typesupport_introspection_c
[4.662s] -- Using all available rosidl_typesupport_cpp: rosidl_typesupport_fastrtps_cpp;rosidl_typesupport_introspection_cpp
[4.722s] -- Found PythonInterp: /usr/bin/python3 (found suitable version "3.8.10", minimum required is "3.5") 
[4.727s] -- Found python_cmake_module: 0.8.1 (/opt/ros/foxy/share/python_cmake_module/cmake)
[4.795s] -- Found PythonLibs: /usr/lib/x86_64-linux-gnu/libpython3.8.so (found suitable version "3.8.10", minimum required is "3.5") 
[4.796s] -- Using PYTHON_EXECUTABLE: /usr/bin/python3
[4.796s] -- Using PYTHON_INCLUDE_DIRS: /usr/include/python3.8
[4.796s] -- Using PYTHON_LIBRARIES: /usr/lib/x86_64-linux-gnu/libpython3.8.so
[4.846s] -- Found PythonExtra: .so  
[5.021s] -- Configuring done
[5.128s] -- Generating done
[5.137s] -- Build files have been written to: /home/azraa/ros2_ws/build/my_robot_interfaces
[5.156s] Invoked command in '/home/azraa/ros2_ws/build/my_robot_interfaces' returned '0': CMAKE_PREFIX_PATH=${CMAKE_PREFIX_PATH}:/home/azraa/ros2_ws/install/my_py_pkg:/opt/ros/foxy /usr/bin/cmake /home/azraa/ros2_ws/src/my_robot_interfaces -DCMAKE_INSTALL_PREFIX=/home/azraa/ros2_ws/install/my_robot_interfaces
[5.158s] Invoking command in '/home/azraa/ros2_ws/build/my_robot_interfaces': CMAKE_PREFIX_PATH=${CMAKE_PREFIX_PATH}:/home/azraa/ros2_ws/install/my_py_pkg:/opt/ros/foxy /usr/bin/cmake --build /home/azraa/ros2_ws/build/my_robot_interfaces -- -j4 -l4
[5.291s] [  3%] [34m[1mGenerating C code for ROS interfaces[0m
[5.293s] [35m[1mScanning dependencies of target my_robot_interfaces__cpp[0m
[5.333s] [  6%] [34m[1mGenerating C++ code for ROS interfaces[0m
[6.404s] [  6%] Built target my_robot_interfaces__cpp
[6.422s] [ 12%] [34m[1mGenerating C++ introspection for ROS interfaces[0m
[6.422s] [ 12%] [34m[1mGenerating C++ type support for eProsima Fast-RTPS[0m
[6.425s] [ 16%] [34m[1mGenerating C++ type support dispatch for ROS interfaces[0m
[6.437s] [35m[1mScanning dependencies of target my_robot_interfaces__rosidl_generator_c[0m
[6.461s] [ 19%] [32mBuilding C object CMakeFiles/my_robot_interfaces__rosidl_generator_c.dir/rosidl_generator_c/my_robot_interfaces/msg/detail/hardware_status__functions.c.o[0m
[6.569s] [ 22%] [32m[1mLinking C shared library libmy_robot_interfaces__rosidl_generator_c.so[0m
[6.878s] [ 22%] Built target my_robot_interfaces__rosidl_generator_c
[6.898s] [ 25%] [34m[1mGenerating C introspection for ROS interfaces[0m
[7.939s] [35m[1mScanning dependencies of target my_robot_interfaces__rosidl_typesupport_cpp[0m
[8.147s] [35m[1mScanning dependencies of target my_robot_interfaces__rosidl_typesupport_introspection_cpp[0m
[8.241s] [ 29%] [32mBuilding CXX object CMakeFiles/my_robot_interfaces__rosidl_typesupport_cpp.dir/rosidl_typesupport_cpp/my_robot_interfaces/msg/hardware_status__type_support.cpp.o[0m
[8.441s] [ 32%] [32mBuilding CXX object CMakeFiles/my_robot_interfaces__rosidl_typesupport_introspection_cpp.dir/rosidl_typesupport_introspection_cpp/my_robot_interfaces/msg/detail/hardware_status__type_support.cpp.o[0m
[8.735s] [35m[1mScanning dependencies of target my_robot_interfaces__rosidl_typesupport_fastrtps_cpp[0m
[9.151s] [ 35%] [32mBuilding CXX object CMakeFiles/my_robot_interfaces__rosidl_typesupport_fastrtps_cpp.dir/rosidl_typesupport_fastrtps_cpp/my_robot_interfaces/msg/detail/dds_fastrtps/hardware_status__type_support.cpp.o[0m
[10.863s] [35m[1mScanning dependencies of target my_robot_interfaces__rosidl_typesupport_introspection_c[0m
[10.890s] [ 38%] [32mBuilding C object CMakeFiles/my_robot_interfaces__rosidl_typesupport_introspection_c.dir/rosidl_typesupport_introspection_c/my_robot_interfaces/msg/detail/hardware_status__type_support.c.o[0m
[10.974s] [ 41%] [32m[1mLinking C shared library libmy_robot_interfaces__rosidl_typesupport_introspection_c.so[0m
[11.048s] [ 41%] Built target my_robot_interfaces__rosidl_typesupport_introspection_c
[11.067s] [ 45%] [34m[1mGenerating C type support dispatch for ROS interfaces[0m
[11.333s] [ 48%] [32m[1mLinking CXX shared library libmy_robot_interfaces__rosidl_typesupport_cpp.so[0m
[11.344s] [ 51%] [32m[1mLinking CXX shared library libmy_robot_interfaces__rosidl_typesupport_introspection_cpp.so[0m
[11.432s] [ 51%] Built target my_robot_interfaces__rosidl_typesupport_cpp
[11.487s] [ 51%] Built target my_robot_interfaces__rosidl_typesupport_introspection_cpp
[11.690s] [ 54%] [32m[1mLinking CXX shared library libmy_robot_interfaces__rosidl_typesupport_fastrtps_cpp.so[0m
[11.765s] [35m[1mScanning dependencies of target my_robot_interfaces__rosidl_typesupport_c[0m
[11.795s] [ 58%] [32mBuilding CXX object CMakeFiles/my_robot_interfaces__rosidl_typesupport_c.dir/rosidl_typesupport_c/my_robot_interfaces/msg/hardware_status__type_support.cpp.o[0m
[11.874s] [ 61%] [32m[1mLinking CXX shared library libmy_robot_interfaces__rosidl_typesupport_c.so[0m
[11.928s] [ 61%] Built target my_robot_interfaces__rosidl_typesupport_fastrtps_cpp
[11.955s] [ 64%] [34m[1mGenerating C type support for eProsima Fast-RTPS[0m
[11.979s] [ 64%] Built target my_robot_interfaces__rosidl_typesupport_c
[12.651s] [35m[1mScanning dependencies of target my_robot_interfaces__rosidl_typesupport_fastrtps_c[0m
[12.679s] [ 67%] [32mBuilding CXX object CMakeFiles/my_robot_interfaces__rosidl_typesupport_fastrtps_c.dir/rosidl_typesupport_fastrtps_c/my_robot_interfaces/msg/detail/hardware_status__type_support_c.cpp.o[0m
[13.422s] [ 70%] [32m[1mLinking CXX shared library libmy_robot_interfaces__rosidl_typesupport_fastrtps_c.so[0m
[13.612s] [ 70%] Built target my_robot_interfaces__rosidl_typesupport_fastrtps_c
[13.639s] [35m[1mScanning dependencies of target my_robot_interfaces[0m
[13.671s] [ 70%] Built target my_robot_interfaces
[13.701s] [35m[1mScanning dependencies of target my_robot_interfaces__py[0m
[13.733s] [ 74%] [34m[1mGenerating Python code for ROS interfaces[0m
[15.457s] [ 74%] Built target my_robot_interfaces__py
[15.483s] [35m[1mScanning dependencies of target my_robot_interfaces__python[0m
[15.613s] [ 77%] [32mBuilding C object CMakeFiles/my_robot_interfaces__python.dir/rosidl_generator_py/my_robot_interfaces/msg/_hardware_status_s.c.o[0m
[15.965s] [ 80%] [32m[1mLinking C shared library rosidl_generator_py/my_robot_interfaces/libmy_robot_interfaces__python.so[0m
[16.105s] [ 80%] Built target my_robot_interfaces__python
[16.137s] [35m[1mScanning dependencies of target my_robot_interfaces__rosidl_typesupport_c__pyext[0m
[16.138s] [35m[1mScanning dependencies of target my_robot_interfaces__rosidl_typesupport_fastrtps_c__pyext[0m
[16.138s] [35m[1mScanning dependencies of target my_robot_interfaces__rosidl_typesupport_introspection_c__pyext[0m
[16.206s] [ 83%] [32mBuilding C object CMakeFiles/my_robot_interfaces__rosidl_typesupport_c__pyext.dir/rosidl_generator_py/my_robot_interfaces/_my_robot_interfaces_s.ep.rosidl_typesupport_c.c.o[0m
[16.217s] [ 87%] [32mBuilding C object CMakeFiles/my_robot_interfaces__rosidl_typesupport_introspection_c__pyext.dir/rosidl_generator_py/my_robot_interfaces/_my_robot_interfaces_s.ep.rosidl_typesupport_introspection_c.c.o[0m
[16.227s] [ 90%] [32mBuilding C object CMakeFiles/my_robot_interfaces__rosidl_typesupport_fastrtps_c__pyext.dir/rosidl_generator_py/my_robot_interfaces/_my_robot_interfaces_s.ep.rosidl_typesupport_fastrtps_c.c.o[0m
[16.438s] [ 93%] [32m[1mLinking C shared library rosidl_generator_py/my_robot_interfaces/my_robot_interfaces_s__rosidl_typesupport_c.cpython-38-x86_64-linux-gnu.so[0m
[16.441s] [ 96%] [32m[1mLinking C shared library rosidl_generator_py/my_robot_interfaces/my_robot_interfaces_s__rosidl_typesupport_introspection_c.cpython-38-x86_64-linux-gnu.so[0m
[16.455s] [100%] [32m[1mLinking CXX shared library rosidl_generator_py/my_robot_interfaces/my_robot_interfaces_s__rosidl_typesupport_fastrtps_c.cpython-38-x86_64-linux-gnu.so[0m
[16.499s] [100%] Built target my_robot_interfaces__rosidl_typesupport_c__pyext
[16.499s] [100%] Built target my_robot_interfaces__rosidl_typesupport_introspection_c__pyext
[16.574s] [100%] Built target my_robot_interfaces__rosidl_typesupport_fastrtps_c__pyext
[16.594s] Invoked command in '/home/azraa/ros2_ws/build/my_robot_interfaces' returned '0': CMAKE_PREFIX_PATH=${CMAKE_PREFIX_PATH}:/home/azraa/ros2_ws/install/my_py_pkg:/opt/ros/foxy /usr/bin/cmake --build /home/azraa/ros2_ws/build/my_robot_interfaces -- -j4 -l4
[16.780s] Invoking command in '/home/azraa/ros2_ws/build/my_robot_interfaces': CMAKE_PREFIX_PATH=${CMAKE_PREFIX_PATH}:/home/azraa/ros2_ws/install/my_py_pkg:/opt/ros/foxy /usr/bin/cmake --install /home/azraa/ros2_ws/build/my_robot_interfaces
[16.806s] -- Install configuration: ""
[16.807s] -- Installing: /home/azraa/ros2_ws/install/my_robot_interfaces/share/ament_index/resource_index/rosidl_interfaces/my_robot_interfaces
[16.808s] -- Installing: /home/azraa/ros2_ws/install/my_robot_interfaces/include/my_robot_interfaces
[16.809s] -- Installing: /home/azraa/ros2_ws/install/my_robot_interfaces/include/my_robot_interfaces/msg
[16.809s] -- Installing: /home/azraa/ros2_ws/install/my_robot_interfaces/include/my_robot_interfaces/msg/detail
[16.809s] -- Installing: /home/azraa/ros2_ws/install/my_robot_interfaces/include/my_robot_interfaces/msg/detail/hardware_status__functions.c
[16.810s] -- Installing: /home/azraa/ros2_ws/install/my_robot_interfaces/include/my_robot_interfaces/msg/detail/hardware_status__type_support.h
[16.811s] -- Installing: /home/azraa/ros2_ws/install/my_robot_interfaces/include/my_robot_interfaces/msg/detail/hardware_status__functions.h
[16.811s] -- Installing: /home/azraa/ros2_ws/install/my_robot_interfaces/include/my_robot_interfaces/msg/detail/hardware_status__struct.h
[16.811s] -- Installing: /home/azraa/ros2_ws/install/my_robot_interfaces/include/my_robot_interfaces/msg/hardware_status.h
[16.812s] -- Installing: /home/azraa/ros2_ws/install/my_robot_interfaces/include/my_robot_interfaces/msg/rosidl_generator_c__visibility_control.h
[16.812s] -- Installing: /home/azraa/ros2_ws/install/my_robot_interfaces/share/my_robot_interfaces/environment/library_path.sh
[16.813s] -- Installing: /home/azraa/ros2_ws/install/my_robot_interfaces/share/my_robot_interfaces/environment/library_path.dsv
[16.813s] -- Installing: /home/azraa/ros2_ws/install/my_robot_interfaces/lib/libmy_robot_interfaces__rosidl_generator_c.so
[16.814s] -- Set runtime path of "/home/azraa/ros2_ws/install/my_robot_interfaces/lib/libmy_robot_interfaces__rosidl_generator_c.so" to ""
[16.814s] -- Up-to-date: /home/azraa/ros2_ws/install/my_robot_interfaces/include/my_robot_interfaces
[16.814s] -- Up-to-date: /home/azraa/ros2_ws/install/my_robot_interfaces/include/my_robot_interfaces/msg
[16.815s] -- Installing: /home/azraa/ros2_ws/install/my_robot_interfaces/include/my_robot_interfaces/msg/rosidl_typesupport_fastrtps_c__visibility_control.h
[16.816s] -- Up-to-date: /home/azraa/ros2_ws/install/my_robot_interfaces/include/my_robot_interfaces/msg/detail
[16.816s] -- Installing: /home/azraa/ros2_ws/install/my_robot_interfaces/include/my_robot_interfaces/msg/detail/hardware_status__rosidl_typesupport_fastrtps_c.h
[16.817s] -- Installing: /home/azraa/ros2_ws/install/my_robot_interfaces/lib/libmy_robot_interfaces__rosidl_typesupport_fastrtps_c.so
[16.817s] -- Set runtime path of "/home/azraa/ros2_ws/install/my_robot_interfaces/lib/libmy_robot_interfaces__rosidl_typesupport_fastrtps_c.so" to ""
[16.817s] -- Up-to-date: /home/azraa/ros2_ws/install/my_robot_interfaces/include/my_robot_interfaces
[16.818s] -- Up-to-date: /home/azraa/ros2_ws/install/my_robot_interfaces/include/my_robot_interfaces/msg
[16.818s] -- Up-to-date: /home/azraa/ros2_ws/install/my_robot_interfaces/include/my_robot_interfaces/msg/detail
[16.818s] -- Installing: /home/azraa/ros2_ws/install/my_robot_interfaces/include/my_robot_interfaces/msg/detail/hardware_status__rosidl_typesupport_fastrtps_cpp.hpp
[16.819s] -- Installing: /home/azraa/ros2_ws/install/my_robot_interfaces/include/my_robot_interfaces/msg/detail/dds_fastrtps
[16.819s] -- Installing: /home/azraa/ros2_ws/install/my_robot_interfaces/include/my_robot_interfaces/msg/rosidl_typesupport_fastrtps_cpp__visibility_control.h
[16.819s] -- Installing: /home/azraa/ros2_ws/install/my_robot_interfaces/lib/libmy_robot_interfaces__rosidl_typesupport_fastrtps_cpp.so
[16.820s] -- Set runtime path of "/home/azraa/ros2_ws/install/my_robot_interfaces/lib/libmy_robot_interfaces__rosidl_typesupport_fastrtps_cpp.so" to ""
[16.820s] -- Up-to-date: /home/azraa/ros2_ws/install/my_robot_interfaces/include/my_robot_interfaces
[16.820s] -- Up-to-date: /home/azraa/ros2_ws/install/my_robot_interfaces/include/my_robot_interfaces/msg
[16.821s] -- Up-to-date: /home/azraa/ros2_ws/install/my_robot_interfaces/include/my_robot_interfaces/msg/detail
[16.821s] -- Installing: /home/azraa/ros2_ws/install/my_robot_interfaces/include/my_robot_interfaces/msg/detail/hardware_status__type_support.c
[16.821s] -- Installing: /home/azraa/ros2_ws/install/my_robot_interfaces/include/my_robot_interfaces/msg/detail/hardware_status__rosidl_typesupport_introspection_c.h
[16.822s] -- Installing: /home/azraa/ros2_ws/install/my_robot_interfaces/include/my_robot_interfaces/msg/rosidl_typesupport_introspection_c__visibility_control.h
[16.823s] -- Installing: /home/azraa/ros2_ws/install/my_robot_interfaces/lib/libmy_robot_interfaces__rosidl_typesupport_introspection_c.so
[16.824s] -- Set runtime path of "/home/azraa/ros2_ws/install/my_robot_interfaces/lib/libmy_robot_interfaces__rosidl_typesupport_introspection_c.so" to ""
[16.824s] -- Installing: /home/azraa/ros2_ws/install/my_robot_interfaces/lib/libmy_robot_interfaces__rosidl_typesupport_c.so
[16.826s] -- Set runtime path of "/home/azraa/ros2_ws/install/my_robot_interfaces/lib/libmy_robot_interfaces__rosidl_typesupport_c.so" to ""
[16.827s] -- Up-to-date: /home/azraa/ros2_ws/install/my_robot_interfaces/include/my_robot_interfaces
[16.827s] -- Up-to-date: /home/azraa/ros2_ws/install/my_robot_interfaces/include/my_robot_interfaces/msg
[16.827s] -- Up-to-date: /home/azraa/ros2_ws/install/my_robot_interfaces/include/my_robot_interfaces/msg/detail
[16.828s] -- Installing: /home/azraa/ros2_ws/install/my_robot_interfaces/include/my_robot_interfaces/msg/detail/hardware_status__struct.hpp
[16.828s] -- Installing: /home/azraa/ros2_ws/install/my_robot_interfaces/include/my_robot_interfaces/msg/detail/hardware_status__traits.hpp
[16.828s] -- Installing: /home/azraa/ros2_ws/install/my_robot_interfaces/include/my_robot_interfaces/msg/detail/hardware_status__builder.hpp
[16.829s] -- Installing: /home/azraa/ros2_ws/install/my_robot_interfaces/include/my_robot_interfaces/msg/hardware_status.hpp
[16.829s] -- Up-to-date: /home/azraa/ros2_ws/install/my_robot_interfaces/include/my_robot_interfaces
[16.830s] -- Up-to-date: /home/azraa/ros2_ws/install/my_robot_interfaces/include/my_robot_interfaces/msg
[16.830s] -- Up-to-date: /home/azraa/ros2_ws/install/my_robot_interfaces/include/my_robot_interfaces/msg/detail
[16.830s] -- Installing: /home/azraa/ros2_ws/install/my_robot_interfaces/include/my_robot_interfaces/msg/detail/hardware_status__type_support.cpp
[16.831s] -- Installing: /home/azraa/ros2_ws/install/my_robot_interfaces/include/my_robot_interfaces/msg/detail/hardware_status__rosidl_typesupport_introspection_cpp.hpp
[16.831s] -- Installing: /home/azraa/ros2_ws/install/my_robot_interfaces/lib/libmy_robot_interfaces__rosidl_typesupport_introspection_cpp.so
[16.831s] -- Set runtime path of "/home/azraa/ros2_ws/install/my_robot_interfaces/lib/libmy_robot_interfaces__rosidl_typesupport_introspection_cpp.so" to ""
[16.832s] -- Installing: /home/azraa/ros2_ws/install/my_robot_interfaces/lib/libmy_robot_interfaces__rosidl_typesupport_cpp.so
[16.832s] -- Set runtime path of "/home/azraa/ros2_ws/install/my_robot_interfaces/lib/libmy_robot_interfaces__rosidl_typesupport_cpp.so" to ""
[16.832s] -- Installing: /home/azraa/ros2_ws/install/my_robot_interfaces/share/my_robot_interfaces/environment/pythonpath.sh
[16.833s] -- Installing: /home/azraa/ros2_ws/install/my_robot_interfaces/share/my_robot_interfaces/environment/pythonpath.dsv
[16.833s] -- Installing: /home/azraa/ros2_ws/install/my_robot_interfaces/lib/python3.8/site-packages/my_robot_interfaces/__init__.py
[16.947s] Compiling '/home/azraa/ros2_ws/install/my_robot_interfaces/lib/python3.8/site-packages/my_robot_interfaces/__init__.py'...
[16.961s] -- Installing: /home/azraa/ros2_ws/install/my_robot_interfaces/lib/python3.8/site-packages/my_robot_interfaces/msg
[16.962s] -- Installing: /home/azraa/ros2_ws/install/my_robot_interfaces/lib/python3.8/site-packages/my_robot_interfaces/msg/_hardware_status_s.c
[16.962s] -- Installing: /home/azraa/ros2_ws/install/my_robot_interfaces/lib/python3.8/site-packages/my_robot_interfaces/msg/__init__.py
[16.963s] -- Installing: /home/azraa/ros2_ws/install/my_robot_interfaces/lib/python3.8/site-packages/my_robot_interfaces/msg/_hardware_status.py
[16.963s] -- Installing: /home/azraa/ros2_ws/install/my_robot_interfaces/lib/python3.8/site-packages/my_robot_interfaces/my_robot_interfaces_s__rosidl_typesupport_fastrtps_c.cpython-38-x86_64-linux-gnu.so
[16.965s] -- Set runtime path of "/home/azraa/ros2_ws/install/my_robot_interfaces/lib/python3.8/site-packages/my_robot_interfaces/my_robot_interfaces_s__rosidl_typesupport_fastrtps_c.cpython-38-x86_64-linux-gnu.so" to ""
[16.965s] -- Installing: /home/azraa/ros2_ws/install/my_robot_interfaces/lib/python3.8/site-packages/my_robot_interfaces/my_robot_interfaces_s__rosidl_typesupport_introspection_c.cpython-38-x86_64-linux-gnu.so
[16.967s] -- Set runtime path of "/home/azraa/ros2_ws/install/my_robot_interfaces/lib/python3.8/site-packages/my_robot_interfaces/my_robot_interfaces_s__rosidl_typesupport_introspection_c.cpython-38-x86_64-linux-gnu.so" to ""
[16.968s] -- Installing: /home/azraa/ros2_ws/install/my_robot_interfaces/lib/python3.8/site-packages/my_robot_interfaces/my_robot_interfaces_s__rosidl_typesupport_c.cpython-38-x86_64-linux-gnu.so
[16.969s] -- Set runtime path of "/home/azraa/ros2_ws/install/my_robot_interfaces/lib/python3.8/site-packages/my_robot_interfaces/my_robot_interfaces_s__rosidl_typesupport_c.cpython-38-x86_64-linux-gnu.so" to ""
[16.970s] -- Installing: /home/azraa/ros2_ws/install/my_robot_interfaces/lib/libmy_robot_interfaces__python.so
[16.971s] -- Set runtime path of "/home/azraa/ros2_ws/install/my_robot_interfaces/lib/libmy_robot_interfaces__python.so" to ""
[16.972s] -- Installing: /home/azraa/ros2_ws/install/my_robot_interfaces/share/my_robot_interfaces/msg/HardwareStatus.idl
[16.972s] -- Installing: /home/azraa/ros2_ws/install/my_robot_interfaces/share/my_robot_interfaces/msg/HardwareStatus.msg
[16.973s] -- Installing: /home/azraa/ros2_ws/install/my_robot_interfaces/share/ament_index/resource_index/package_run_dependencies/my_robot_interfaces
[16.973s] -- Installing: /home/azraa/ros2_ws/install/my_robot_interfaces/share/ament_index/resource_index/parent_prefix_path/my_robot_interfaces
[16.974s] -- Installing: /home/azraa/ros2_ws/install/my_robot_interfaces/share/my_robot_interfaces/environment/ament_prefix_path.sh
[16.974s] -- Installing: /home/azraa/ros2_ws/install/my_robot_interfaces/share/my_robot_interfaces/environment/ament_prefix_path.dsv
[16.975s] -- Installing: /home/azraa/ros2_ws/install/my_robot_interfaces/share/my_robot_interfaces/environment/path.sh
[16.977s] -- Installing: /home/azraa/ros2_ws/install/my_robot_interfaces/share/my_robot_interfaces/environment/path.dsv
[16.977s] -- Installing: /home/azraa/ros2_ws/install/my_robot_interfaces/share/my_robot_interfaces/local_setup.bash
[16.977s] -- Installing: /home/azraa/ros2_ws/install/my_robot_interfaces/share/my_robot_interfaces/local_setup.sh
[16.978s] -- Installing: /home/azraa/ros2_ws/install/my_robot_interfaces/share/my_robot_interfaces/local_setup.zsh
[16.979s] -- Installing: /home/azraa/ros2_ws/install/my_robot_interfaces/share/my_robot_interfaces/local_setup.dsv
[16.979s] -- Installing: /home/azraa/ros2_ws/install/my_robot_interfaces/share/my_robot_interfaces/package.dsv
[16.979s] -- Installing: /home/azraa/ros2_ws/install/my_robot_interfaces/share/ament_index/resource_index/packages/my_robot_interfaces
[16.980s] -- Installing: /home/azraa/ros2_ws/install/my_robot_interfaces/share/my_robot_interfaces/cmake/my_robot_interfaces__rosidl_generator_cExport.cmake
[16.980s] -- Installing: /home/azraa/ros2_ws/install/my_robot_interfaces/share/my_robot_interfaces/cmake/my_robot_interfaces__rosidl_generator_cExport-noconfig.cmake
[16.980s] -- Installing: /home/azraa/ros2_ws/install/my_robot_interfaces/share/my_robot_interfaces/cmake/my_robot_interfaces__rosidl_typesupport_introspection_cExport.cmake
[16.981s] -- Installing: /home/azraa/ros2_ws/install/my_robot_interfaces/share/my_robot_interfaces/cmake/my_robot_interfaces__rosidl_typesupport_introspection_cExport-noconfig.cmake
[16.981s] -- Installing: /home/azraa/ros2_ws/install/my_robot_interfaces/share/my_robot_interfaces/cmake/my_robot_interfaces__rosidl_typesupport_cExport.cmake
[16.982s] -- Installing: /home/azraa/ros2_ws/install/my_robot_interfaces/share/my_robot_interfaces/cmake/my_robot_interfaces__rosidl_typesupport_cExport-noconfig.cmake
[16.982s] -- Installing: /home/azraa/ros2_ws/install/my_robot_interfaces/share/my_robot_interfaces/cmake/my_robot_interfaces__rosidl_generator_cppExport.cmake
[16.983s] -- Installing: /home/azraa/ros2_ws/install/my_robot_interfaces/share/my_robot_interfaces/cmake/my_robot_interfaces__rosidl_typesupport_introspection_cppExport.cmake
[16.984s] -- Installing: /home/azraa/ros2_ws/install/my_robot_interfaces/share/my_robot_interfaces/cmake/my_robot_interfaces__rosidl_typesupport_introspection_cppExport-noconfig.cmake
[16.985s] -- Installing: /home/azraa/ros2_ws/install/my_robot_interfaces/share/my_robot_interfaces/cmake/my_robot_interfaces__rosidl_typesupport_cppExport.cmake
[16.985s] -- Installing: /home/azraa/ros2_ws/install/my_robot_interfaces/share/my_robot_interfaces/cmake/my_robot_interfaces__rosidl_typesupport_cppExport-noconfig.cmake
[16.986s] -- Installing: /home/azraa/ros2_ws/install/my_robot_interfaces/share/my_robot_interfaces/cmake/rosidl_cmake-extras.cmake
[16.987s] -- Installing: /home/azraa/ros2_ws/install/my_robot_interfaces/share/my_robot_interfaces/cmake/ament_cmake_export_dependencies-extras.cmake
[16.987s] -- Installing: /home/azraa/ros2_ws/install/my_robot_interfaces/share/my_robot_interfaces/cmake/ament_cmake_export_libraries-extras.cmake
[16.988s] -- Installing: /home/azraa/ros2_ws/install/my_robot_interfaces/share/my_robot_interfaces/cmake/ament_cmake_export_targets-extras.cmake
[16.988s] -- Installing: /home/azraa/ros2_ws/install/my_robot_interfaces/share/my_robot_interfaces/cmake/ament_cmake_export_include_directories-extras.cmake
[16.989s] -- Installing: /home/azraa/ros2_ws/install/my_robot_interfaces/share/my_robot_interfaces/cmake/rosidl_cmake_export_typesupport_libraries-extras.cmake
[16.990s] -- Installing: /home/azraa/ros2_ws/install/my_robot_interfaces/share/my_robot_interfaces/cmake/rosidl_cmake_export_typesupport_targets-extras.cmake
[16.990s] -- Installing: /home/azraa/ros2_ws/install/my_robot_interfaces/share/my_robot_interfaces/cmake/my_robot_interfacesConfig.cmake
[16.991s] -- Installing: /home/azraa/ros2_ws/install/my_robot_interfaces/share/my_robot_interfaces/cmake/my_robot_interfacesConfig-version.cmake
[16.991s] -- Installing: /home/azraa/ros2_ws/install/my_robot_interfaces/share/my_robot_interfaces/package.xml
[16.998s] Invoked command in '/home/azraa/ros2_ws/build/my_robot_interfaces' returned '0': CMAKE_PREFIX_PATH=${CMAKE_PREFIX_PATH}:/home/azraa/ros2_ws/install/my_py_pkg:/opt/ros/foxy /usr/bin/cmake --install /home/azraa/ros2_ws/build/my_robot_interfaces
