[0.061s] Invoking command in '/home/azraa/ros2_ws/build/audio_common': AMENT_PREFIX_PATH=/home/azraa/ros2_ws/install/sound_play:/home/azraa/ros2_ws/install/audio_play:/home/azraa/ros2_ws/install/audio_capture:/home/azraa/ros2_ws/install/audio_common_msgs:${AMENT_PREFIX_PATH} CMAKE_PREFIX_PATH=/home/azraa/ros2_ws/install/sound_play:/home/azraa/ros2_ws/install/audio_play:/home/azraa/ros2_ws/install/audio_capture:/home/azraa/ros2_ws/install/audio_common_msgs:/home/azraa/ros2_ws/install/my_robot_bringup:/home/azraa/ros2_ws/install/my_cpp_pkg:/home/azraa/ros2_ws/install/my_robot_interfaces:/opt/ros/foxy LD_LIBRARY_PATH=/home/azraa/ros2_ws/install/sound_play/lib:/home/azraa/ros2_ws/install/audio_common_msgs/lib:${LD_LIBRARY_PATH} PYTHONPATH=/home/azraa/ros2_ws/install/sound_play/lib/python3.8/site-packages:/home/azraa/ros2_ws/install/audio_common_msgs/lib/python3.8/site-packages:${PYTHONPATH} /usr/bin/cmake /home/azraa/ros2_ws/src/M2S2/audio_common/audio_common -DCMAKE_INSTALL_PREFIX=/home/azraa/ros2_ws/install/audio_common
[0.330s] -- The C compiler identification is GNU 9.4.0
[0.557s] -- The CXX compiler identification is GNU 9.4.0
[0.588s] -- Check for working C compiler: /usr/bin/cc
[0.932s] -- Check for working C compiler: /usr/bin/cc -- works
[0.939s] -- Detecting C compiler ABI info
[1.290s] -- Detecting C compiler ABI info - done
[1.404s] -- Detecting C compile features
[1.407s] -- Detecting C compile features - done
[1.425s] -- Check for working CXX compiler: /usr/bin/c++
[1.990s] -- Check for working CXX compiler: /usr/bin/c++ -- works
[1.992s] -- Detecting CXX compiler ABI info
[2.694s] -- Detecting CXX compiler ABI info - done
[2.802s] -- Detecting CXX compile features
[2.805s] -- Detecting CXX compile features - done
[2.820s] -- Found ament_cmake: 0.9.9 (/opt/ros/foxy/share/ament_cmake/cmake)
[3.041s] -- Found PythonInterp: /usr/bin/python3 (found suitable version "3.8.10", minimum required is "3") 
[3.042s] -- Using PYTHON_EXECUTABLE: /usr/bin/python3
[4.342s] -- Configuring done
[4.352s] -- Generating done
[4.357s] -- Build files have been written to: /home/azraa/ros2_ws/build/audio_common
[4.375s] Invoked command in '/home/azraa/ros2_ws/build/audio_common' returned '0': AMENT_PREFIX_PATH=/home/azraa/ros2_ws/install/sound_play:/home/azraa/ros2_ws/install/audio_play:/home/azraa/ros2_ws/install/audio_capture:/home/azraa/ros2_ws/install/audio_common_msgs:${AMENT_PREFIX_PATH} CMAKE_PREFIX_PATH=/home/azraa/ros2_ws/install/sound_play:/home/azraa/ros2_ws/install/audio_play:/home/azraa/ros2_ws/install/audio_capture:/home/azraa/ros2_ws/install/audio_common_msgs:/home/azraa/ros2_ws/install/my_robot_bringup:/home/azraa/ros2_ws/install/my_cpp_pkg:/home/azraa/ros2_ws/install/my_robot_interfaces:/opt/ros/foxy LD_LIBRARY_PATH=/home/azraa/ros2_ws/install/sound_play/lib:/home/azraa/ros2_ws/install/audio_common_msgs/lib:${LD_LIBRARY_PATH} PYTHONPATH=/home/azraa/ros2_ws/install/sound_play/lib/python3.8/site-packages:/home/azraa/ros2_ws/install/audio_common_msgs/lib/python3.8/site-packages:${PYTHONPATH} /usr/bin/cmake /home/azraa/ros2_ws/src/M2S2/audio_common/audio_common -DCMAKE_INSTALL_PREFIX=/home/azraa/ros2_ws/install/audio_common
[4.381s] Invoking command in '/home/azraa/ros2_ws/build/audio_common': AMENT_PREFIX_PATH=/home/azraa/ros2_ws/install/sound_play:/home/azraa/ros2_ws/install/audio_play:/home/azraa/ros2_ws/install/audio_capture:/home/azraa/ros2_ws/install/audio_common_msgs:${AMENT_PREFIX_PATH} CMAKE_PREFIX_PATH=/home/azraa/ros2_ws/install/sound_play:/home/azraa/ros2_ws/install/audio_play:/home/azraa/ros2_ws/install/audio_capture:/home/azraa/ros2_ws/install/audio_common_msgs:/home/azraa/ros2_ws/install/my_robot_bringup:/home/azraa/ros2_ws/install/my_cpp_pkg:/home/azraa/ros2_ws/install/my_robot_interfaces:/opt/ros/foxy LD_LIBRARY_PATH=/home/azraa/ros2_ws/install/sound_play/lib:/home/azraa/ros2_ws/install/audio_common_msgs/lib:${LD_LIBRARY_PATH} PYTHONPATH=/home/azraa/ros2_ws/install/sound_play/lib/python3.8/site-packages:/home/azraa/ros2_ws/install/audio_common_msgs/lib/python3.8/site-packages:${PYTHONPATH} /usr/bin/cmake --build /home/azraa/ros2_ws/build/audio_common -- -j4 -l4
[4.672s] Invoked command in '/home/azraa/ros2_ws/build/audio_common' returned '0': AMENT_PREFIX_PATH=/home/azraa/ros2_ws/install/sound_play:/home/azraa/ros2_ws/install/audio_play:/home/azraa/ros2_ws/install/audio_capture:/home/azraa/ros2_ws/install/audio_common_msgs:${AMENT_PREFIX_PATH} CMAKE_PREFIX_PATH=/home/azraa/ros2_ws/install/sound_play:/home/azraa/ros2_ws/install/audio_play:/home/azraa/ros2_ws/install/audio_capture:/home/azraa/ros2_ws/install/audio_common_msgs:/home/azraa/ros2_ws/install/my_robot_bringup:/home/azraa/ros2_ws/install/my_cpp_pkg:/home/azraa/ros2_ws/install/my_robot_interfaces:/opt/ros/foxy LD_LIBRARY_PATH=/home/azraa/ros2_ws/install/sound_play/lib:/home/azraa/ros2_ws/install/audio_common_msgs/lib:${LD_LIBRARY_PATH} PYTHONPATH=/home/azraa/ros2_ws/install/sound_play/lib/python3.8/site-packages:/home/azraa/ros2_ws/install/audio_common_msgs/lib/python3.8/site-packages:${PYTHONPATH} /usr/bin/cmake --build /home/azraa/ros2_ws/build/audio_common -- -j4 -l4
[4.762s] Invoking command in '/home/azraa/ros2_ws/build/audio_common': AMENT_PREFIX_PATH=/home/azraa/ros2_ws/install/sound_play:/home/azraa/ros2_ws/install/audio_play:/home/azraa/ros2_ws/install/audio_capture:/home/azraa/ros2_ws/install/audio_common_msgs:${AMENT_PREFIX_PATH} CMAKE_PREFIX_PATH=/home/azraa/ros2_ws/install/sound_play:/home/azraa/ros2_ws/install/audio_play:/home/azraa/ros2_ws/install/audio_capture:/home/azraa/ros2_ws/install/audio_common_msgs:/home/azraa/ros2_ws/install/my_robot_bringup:/home/azraa/ros2_ws/install/my_cpp_pkg:/home/azraa/ros2_ws/install/my_robot_interfaces:/opt/ros/foxy LD_LIBRARY_PATH=/home/azraa/ros2_ws/install/sound_play/lib:/home/azraa/ros2_ws/install/audio_common_msgs/lib:${LD_LIBRARY_PATH} PYTHONPATH=/home/azraa/ros2_ws/install/sound_play/lib/python3.8/site-packages:/home/azraa/ros2_ws/install/audio_common_msgs/lib/python3.8/site-packages:${PYTHONPATH} /usr/bin/cmake --install /home/azraa/ros2_ws/build/audio_common
[4.806s] -- Install configuration: ""
[4.806s] -- Installing: /home/azraa/ros2_ws/install/audio_common/share/ament_index/resource_index/package_run_dependencies/audio_common
[4.808s] -- Installing: /home/azraa/ros2_ws/install/audio_common/share/ament_index/resource_index/parent_prefix_path/audio_common
[4.808s] -- Installing: /home/azraa/ros2_ws/install/audio_common/share/audio_common/environment/ament_prefix_path.sh
[4.808s] -- Installing: /home/azraa/ros2_ws/install/audio_common/share/audio_common/environment/ament_prefix_path.dsv
[4.809s] -- Installing: /home/azraa/ros2_ws/install/audio_common/share/audio_common/environment/path.sh
[4.810s] -- Installing: /home/azraa/ros2_ws/install/audio_common/share/audio_common/environment/path.dsv
[4.812s] -- Installing: /home/azraa/ros2_ws/install/audio_common/share/audio_common/local_setup.bash
[4.812s] -- Installing: /home/azraa/ros2_ws/install/audio_common/share/audio_common/local_setup.sh
[4.812s] -- Installing: /home/azraa/ros2_ws/install/audio_common/share/audio_common/local_setup.zsh
[4.812s] -- Installing: /home/azraa/ros2_ws/install/audio_common/share/audio_common/local_setup.dsv
[4.813s] -- Installing: /home/azraa/ros2_ws/install/audio_common/share/audio_common/package.dsv
[4.813s] -- Installing: /home/azraa/ros2_ws/install/audio_common/share/ament_index/resource_index/packages/audio_common
[4.814s] -- Installing: /home/azraa/ros2_ws/install/audio_common/share/audio_common/cmake/audio_commonConfig.cmake
[4.814s] -- Installing: /home/azraa/ros2_ws/install/audio_common/share/audio_common/cmake/audio_commonConfig-version.cmake
[4.814s] -- Installing: /home/azraa/ros2_ws/install/audio_common/share/audio_common/package.xml
[4.828s] Invoked command in '/home/azraa/ros2_ws/build/audio_common' returned '0': AMENT_PREFIX_PATH=/home/azraa/ros2_ws/install/sound_play:/home/azraa/ros2_ws/install/audio_play:/home/azraa/ros2_ws/install/audio_capture:/home/azraa/ros2_ws/install/audio_common_msgs:${AMENT_PREFIX_PATH} CMAKE_PREFIX_PATH=/home/azraa/ros2_ws/install/sound_play:/home/azraa/ros2_ws/install/audio_play:/home/azraa/ros2_ws/install/audio_capture:/home/azraa/ros2_ws/install/audio_common_msgs:/home/azraa/ros2_ws/install/my_robot_bringup:/home/azraa/ros2_ws/install/my_cpp_pkg:/home/azraa/ros2_ws/install/my_robot_interfaces:/opt/ros/foxy LD_LIBRARY_PATH=/home/azraa/ros2_ws/install/sound_play/lib:/home/azraa/ros2_ws/install/audio_common_msgs/lib:${LD_LIBRARY_PATH} PYTHONPATH=/home/azraa/ros2_ws/install/sound_play/lib/python3.8/site-packages:/home/azraa/ros2_ws/install/audio_common_msgs/lib/python3.8/site-packages:${PYTHONPATH} /usr/bin/cmake --install /home/azraa/ros2_ws/build/audio_common
