[1.396s] Invoking command in '/home/azraa/ros2_ws/src/my_py_pkg': PYTHONPATH=/home/azraa/ros2_ws/install/my_py_pkg/lib/python3.8/site-packages:${PYTHONPATH} /usr/bin/python3 setup.py egg_info --egg-base ../../build/my_py_pkg build --build-base /home/azraa/ros2_ws/build/my_py_pkg/build install --prefix /home/azraa/ros2_ws/install/my_py_pkg --record /home/azraa/ros2_ws/build/my_py_pkg/install.log --single-version-externally-managed
[1.802s] running egg_info
[1.803s] writing ../../build/my_py_pkg/my_py_pkg.egg-info/PKG-INFO
[1.803s] writing dependency_links to ../../build/my_py_pkg/my_py_pkg.egg-info/dependency_links.txt
[1.804s] writing entry points to ../../build/my_py_pkg/my_py_pkg.egg-info/entry_points.txt
[1.804s] writing requirements to ../../build/my_py_pkg/my_py_pkg.egg-info/requires.txt
[1.805s] writing top-level names to ../../build/my_py_pkg/my_py_pkg.egg-info/top_level.txt
[1.887s] reading manifest file '../../build/my_py_pkg/my_py_pkg.egg-info/SOURCES.txt'
[1.889s] writing manifest file '../../build/my_py_pkg/my_py_pkg.egg-info/SOURCES.txt'
[1.889s] running build
[1.889s] running build_py
[1.890s] copying my_py_pkg/my_first_node.py -> /home/azraa/ros2_ws/build/my_py_pkg/build/lib/my_py_pkg
[1.890s] running install
[1.891s] running install_lib
[1.893s] copying /home/azraa/ros2_ws/build/my_py_pkg/build/lib/my_py_pkg/my_first_node.py -> /home/azraa/ros2_ws/install/my_py_pkg/lib/python3.8/site-packages/my_py_pkg
[1.894s] byte-compiling /home/azraa/ros2_ws/install/my_py_pkg/lib/python3.8/site-packages/my_py_pkg/my_first_node.py to my_first_node.cpython-38.pyc
[1.897s] running install_data
[1.898s] running install_egg_info
[1.901s] removing '/home/azraa/ros2_ws/install/my_py_pkg/lib/python3.8/site-packages/my_py_pkg-0.0.0-py3.8.egg-info' (and everything under it)
[1.902s] Copying ../../build/my_py_pkg/my_py_pkg.egg-info to /home/azraa/ros2_ws/install/my_py_pkg/lib/python3.8/site-packages/my_py_pkg-0.0.0-py3.8.egg-info
[1.903s] running install_scripts
[1.937s] Installing py_node script to /home/azraa/ros2_ws/install/my_py_pkg/lib/my_py_pkg
[1.937s] writing list of installed files to '/home/azraa/ros2_ws/build/my_py_pkg/install.log'
[1.981s] Invoked command in '/home/azraa/ros2_ws/src/my_py_pkg' returned '0': PYTHONPATH=/home/azraa/ros2_ws/install/my_py_pkg/lib/python3.8/site-packages:${PYTHONPATH} /usr/bin/python3 setup.py egg_info --egg-base ../../build/my_py_pkg build --build-base /home/azraa/ros2_ws/build/my_py_pkg/build install --prefix /home/azraa/ros2_ws/install/my_py_pkg --record /home/azraa/ros2_ws/build/my_py_pkg/install.log --single-version-externally-managed
