[0.148s] Invoking command in '/home/azraa/ros2_ws/build/my_cpp_pkg': CMAKE_PREFIX_PATH=/home/azraa/ros2_ws/install/my_robot_interfaces:/home/azraa/ros2_ws/install/v4l2_camera:/home/azraa/ros2_ws/install/audio_common:/home/azraa/ros2_ws/install/sound_play:/home/azraa/ros2_ws/install/my_robot_bringup:/home/azraa/ros2_ws/install/my_cpp_pkg:/home/azraa/ros2_ws/install/bme280:/home/azraa/ros2_ws/install/m2s2_custom_interfaces:/home/azraa/ros2_ws/install/m2s2_bringup:/home/azraa/ros2_ws/install/gscam:/home/azraa/ros2_ws/install/audio_play:/home/azraa/ros2_ws/install/audio_capture:/home/azraa/ros2_ws/install/audio_common_msgs:/home/azraa/ros2_ws/install/m2s2_test_python:/opt/ros/foxy:/opt/ros/noetic LD_LIBRARY_PATH=/home/azraa/ros2_ws/install/my_robot_interfaces/lib:/home/azraa/ros2_ws/install/v4l2_camera/lib:/home/azraa/ros2_ws/install/sound_play/lib:/home/azraa/ros2_ws/install/m2s2_custom_interfaces/lib:/home/azraa/ros2_ws/install/gscam/lib:/home/azraa/ros2_ws/install/audio_common_msgs/lib:/opt/ros/foxy/opt/yaml_cpp_vendor/lib:/opt/ros/foxy/opt/rviz_ogre_vendor/lib:/opt/ros/foxy/lib/x86_64-linux-gnu:/opt/ros/foxy/lib:/opt/ros/noetic/lib PYTHONPATH=/home/azraa/ros2_ws/install/my_robot_interfaces/lib/python3.8/site-packages:/home/azraa/ros2_ws/install/sound_play/lib/python3.8/site-packages:/home/azraa/ros2_ws/install/my_python_pkg/lib/python3.8/site-packages:/home/azraa/ros2_ws/install/my_py_pkg/lib/python3.8/site-packages:/home/azraa/ros2_ws/install/m2s2_test_python/lib/python3.8/site-packages:/home/azraa/ros2_ws/install/m2s2_custom_interfaces/lib/python3.8/site-packages:/home/azraa/ros2_ws/install/audio_common_msgs/lib/python3.8/site-packages:/opt/ros/foxy/lib/python3.8/site-packages:/opt/ros/noetic/lib/python3/dist-packages /usr/bin/cmake --build /home/azraa/ros2_ws/build/my_cpp_pkg -- -j4 -l4
[0.318s] [ 14%] Built target cpp_node
[0.347s] [ 28%] Built target smartphone
[0.359s] [ 42%] Built target add_two_ints_server
[0.384s] [ 57%] Built target add_two_ints_client_no_oop
[0.416s] [ 71%] Built target robot_news_station
[0.446s] [ 85%] Built target add_two_ints_client
[0.496s] [100%] Built target hw_status_publisher
[0.527s] Invoked command in '/home/azraa/ros2_ws/build/my_cpp_pkg' returned '0': CMAKE_PREFIX_PATH=/home/azraa/ros2_ws/install/my_robot_interfaces:/home/azraa/ros2_ws/install/v4l2_camera:/home/azraa/ros2_ws/install/audio_common:/home/azraa/ros2_ws/install/sound_play:/home/azraa/ros2_ws/install/my_robot_bringup:/home/azraa/ros2_ws/install/my_cpp_pkg:/home/azraa/ros2_ws/install/bme280:/home/azraa/ros2_ws/install/m2s2_custom_interfaces:/home/azraa/ros2_ws/install/m2s2_bringup:/home/azraa/ros2_ws/install/gscam:/home/azraa/ros2_ws/install/audio_play:/home/azraa/ros2_ws/install/audio_capture:/home/azraa/ros2_ws/install/audio_common_msgs:/home/azraa/ros2_ws/install/m2s2_test_python:/opt/ros/foxy:/opt/ros/noetic LD_LIBRARY_PATH=/home/azraa/ros2_ws/install/my_robot_interfaces/lib:/home/azraa/ros2_ws/install/v4l2_camera/lib:/home/azraa/ros2_ws/install/sound_play/lib:/home/azraa/ros2_ws/install/m2s2_custom_interfaces/lib:/home/azraa/ros2_ws/install/gscam/lib:/home/azraa/ros2_ws/install/audio_common_msgs/lib:/opt/ros/foxy/opt/yaml_cpp_vendor/lib:/opt/ros/foxy/opt/rviz_ogre_vendor/lib:/opt/ros/foxy/lib/x86_64-linux-gnu:/opt/ros/foxy/lib:/opt/ros/noetic/lib PYTHONPATH=/home/azraa/ros2_ws/install/my_robot_interfaces/lib/python3.8/site-packages:/home/azraa/ros2_ws/install/sound_play/lib/python3.8/site-packages:/home/azraa/ros2_ws/install/my_python_pkg/lib/python3.8/site-packages:/home/azraa/ros2_ws/install/my_py_pkg/lib/python3.8/site-packages:/home/azraa/ros2_ws/install/m2s2_test_python/lib/python3.8/site-packages:/home/azraa/ros2_ws/install/m2s2_custom_interfaces/lib/python3.8/site-packages:/home/azraa/ros2_ws/install/audio_common_msgs/lib/python3.8/site-packages:/opt/ros/foxy/lib/python3.8/site-packages:/opt/ros/noetic/lib/python3/dist-packages /usr/bin/cmake --build /home/azraa/ros2_ws/build/my_cpp_pkg -- -j4 -l4
[0.625s] Invoking command in '/home/azraa/ros2_ws/build/my_cpp_pkg': CMAKE_PREFIX_PATH=/home/azraa/ros2_ws/install/my_robot_interfaces:/home/azraa/ros2_ws/install/v4l2_camera:/home/azraa/ros2_ws/install/audio_common:/home/azraa/ros2_ws/install/sound_play:/home/azraa/ros2_ws/install/my_robot_bringup:/home/azraa/ros2_ws/install/my_cpp_pkg:/home/azraa/ros2_ws/install/bme280:/home/azraa/ros2_ws/install/m2s2_custom_interfaces:/home/azraa/ros2_ws/install/m2s2_bringup:/home/azraa/ros2_ws/install/gscam:/home/azraa/ros2_ws/install/audio_play:/home/azraa/ros2_ws/install/audio_capture:/home/azraa/ros2_ws/install/audio_common_msgs:/home/azraa/ros2_ws/install/m2s2_test_python:/opt/ros/foxy:/opt/ros/noetic LD_LIBRARY_PATH=/home/azraa/ros2_ws/install/my_robot_interfaces/lib:/home/azraa/ros2_ws/install/v4l2_camera/lib:/home/azraa/ros2_ws/install/sound_play/lib:/home/azraa/ros2_ws/install/m2s2_custom_interfaces/lib:/home/azraa/ros2_ws/install/gscam/lib:/home/azraa/ros2_ws/install/audio_common_msgs/lib:/opt/ros/foxy/opt/yaml_cpp_vendor/lib:/opt/ros/foxy/opt/rviz_ogre_vendor/lib:/opt/ros/foxy/lib/x86_64-linux-gnu:/opt/ros/foxy/lib:/opt/ros/noetic/lib PYTHONPATH=/home/azraa/ros2_ws/install/my_robot_interfaces/lib/python3.8/site-packages:/home/azraa/ros2_ws/install/sound_play/lib/python3.8/site-packages:/home/azraa/ros2_ws/install/my_python_pkg/lib/python3.8/site-packages:/home/azraa/ros2_ws/install/my_py_pkg/lib/python3.8/site-packages:/home/azraa/ros2_ws/install/m2s2_test_python/lib/python3.8/site-packages:/home/azraa/ros2_ws/install/m2s2_custom_interfaces/lib/python3.8/site-packages:/home/azraa/ros2_ws/install/audio_common_msgs/lib/python3.8/site-packages:/opt/ros/foxy/lib/python3.8/site-packages:/opt/ros/noetic/lib/python3/dist-packages /usr/bin/cmake --install /home/azraa/ros2_ws/build/my_cpp_pkg
[0.646s] -- Install configuration: ""
[0.648s] -- Execute custom install script
[0.649s] -- Up-to-date symlink: /home/azraa/ros2_ws/install/my_cpp_pkg/lib/my_cpp_pkg/cpp_node
[0.650s] -- Up-to-date symlink: /home/azraa/ros2_ws/install/my_cpp_pkg/lib/my_cpp_pkg/robot_news_station
[0.651s] -- Up-to-date symlink: /home/azraa/ros2_ws/install/my_cpp_pkg/lib/my_cpp_pkg/smartphone
[0.651s] -- Up-to-date symlink: /home/azraa/ros2_ws/install/my_cpp_pkg/lib/my_cpp_pkg/add_two_ints_server
[0.653s] -- Up-to-date symlink: /home/azraa/ros2_ws/install/my_cpp_pkg/lib/my_cpp_pkg/add_two_ints_client_no_oop
[0.653s] -- Up-to-date symlink: /home/azraa/ros2_ws/install/my_cpp_pkg/lib/my_cpp_pkg/add_two_ints_client
[0.654s] -- Up-to-date symlink: /home/azraa/ros2_ws/install/my_cpp_pkg/lib/my_cpp_pkg/hw_status_publisher
[0.655s] -- Up-to-date symlink: /home/azraa/ros2_ws/install/my_cpp_pkg/share/ament_index/resource_index/package_run_dependencies/my_cpp_pkg
[0.657s] -- Up-to-date symlink: /home/azraa/ros2_ws/install/my_cpp_pkg/share/ament_index/resource_index/parent_prefix_path/my_cpp_pkg
[0.658s] -- Up-to-date symlink: /home/azraa/ros2_ws/install/my_cpp_pkg/share/my_cpp_pkg/environment/ament_prefix_path.sh
[0.659s] -- Up-to-date symlink: /home/azraa/ros2_ws/install/my_cpp_pkg/share/my_cpp_pkg/environment/ament_prefix_path.dsv
[0.659s] -- Up-to-date symlink: /home/azraa/ros2_ws/install/my_cpp_pkg/share/my_cpp_pkg/environment/path.sh
[0.660s] -- Up-to-date symlink: /home/azraa/ros2_ws/install/my_cpp_pkg/share/my_cpp_pkg/environment/path.dsv
[0.661s] -- Up-to-date symlink: /home/azraa/ros2_ws/install/my_cpp_pkg/share/my_cpp_pkg/local_setup.bash
[0.662s] -- Up-to-date symlink: /home/azraa/ros2_ws/install/my_cpp_pkg/share/my_cpp_pkg/local_setup.sh
[0.662s] -- Up-to-date symlink: /home/azraa/ros2_ws/install/my_cpp_pkg/share/my_cpp_pkg/local_setup.zsh
[0.663s] -- Up-to-date symlink: /home/azraa/ros2_ws/install/my_cpp_pkg/share/my_cpp_pkg/local_setup.dsv
[0.664s] -- Symlinking: /home/azraa/ros2_ws/install/my_cpp_pkg/share/my_cpp_pkg/package.dsv
[0.687s] -- Up-to-date symlink: /home/azraa/ros2_ws/install/my_cpp_pkg/share/ament_index/resource_index/packages/my_cpp_pkg
[0.687s] -- Up-to-date symlink: /home/azraa/ros2_ws/install/my_cpp_pkg/share/my_cpp_pkg/cmake/my_cpp_pkgConfig.cmake
[0.688s] -- Up-to-date symlink: /home/azraa/ros2_ws/install/my_cpp_pkg/share/my_cpp_pkg/cmake/my_cpp_pkgConfig-version.cmake
[0.688s] -- Up-to-date symlink: /home/azraa/ros2_ws/install/my_cpp_pkg/share/my_cpp_pkg/package.xml
[0.749s] Invoked command in '/home/azraa/ros2_ws/build/my_cpp_pkg' returned '0': CMAKE_PREFIX_PATH=/home/azraa/ros2_ws/install/my_robot_interfaces:/home/azraa/ros2_ws/install/v4l2_camera:/home/azraa/ros2_ws/install/audio_common:/home/azraa/ros2_ws/install/sound_play:/home/azraa/ros2_ws/install/my_robot_bringup:/home/azraa/ros2_ws/install/my_cpp_pkg:/home/azraa/ros2_ws/install/bme280:/home/azraa/ros2_ws/install/m2s2_custom_interfaces:/home/azraa/ros2_ws/install/m2s2_bringup:/home/azraa/ros2_ws/install/gscam:/home/azraa/ros2_ws/install/audio_play:/home/azraa/ros2_ws/install/audio_capture:/home/azraa/ros2_ws/install/audio_common_msgs:/home/azraa/ros2_ws/install/m2s2_test_python:/opt/ros/foxy:/opt/ros/noetic LD_LIBRARY_PATH=/home/azraa/ros2_ws/install/my_robot_interfaces/lib:/home/azraa/ros2_ws/install/v4l2_camera/lib:/home/azraa/ros2_ws/install/sound_play/lib:/home/azraa/ros2_ws/install/m2s2_custom_interfaces/lib:/home/azraa/ros2_ws/install/gscam/lib:/home/azraa/ros2_ws/install/audio_common_msgs/lib:/opt/ros/foxy/opt/yaml_cpp_vendor/lib:/opt/ros/foxy/opt/rviz_ogre_vendor/lib:/opt/ros/foxy/lib/x86_64-linux-gnu:/opt/ros/foxy/lib:/opt/ros/noetic/lib PYTHONPATH=/home/azraa/ros2_ws/install/my_robot_interfaces/lib/python3.8/site-packages:/home/azraa/ros2_ws/install/sound_play/lib/python3.8/site-packages:/home/azraa/ros2_ws/install/my_python_pkg/lib/python3.8/site-packages:/home/azraa/ros2_ws/install/my_py_pkg/lib/python3.8/site-packages:/home/azraa/ros2_ws/install/m2s2_test_python/lib/python3.8/site-packages:/home/azraa/ros2_ws/install/m2s2_custom_interfaces/lib/python3.8/site-packages:/home/azraa/ros2_ws/install/audio_common_msgs/lib/python3.8/site-packages:/opt/ros/foxy/lib/python3.8/site-packages:/opt/ros/noetic/lib/python3/dist-packages /usr/bin/cmake --install /home/azraa/ros2_ws/build/my_cpp_pkg
