[0.579s] Invoking command in '/home/azraa/ros2_ws/build/flir_lepton_capture': CMAKE_PREFIX_PATH=/home/azraa/ros2_ws/install/v4l2_camera:/home/azraa/ros2_ws/install/audio_common:/home/azraa/ros2_ws/install/sound_play:/home/azraa/ros2_ws/install/my_robot_bringup:/home/azraa/ros2_ws/install/my_cpp_pkg:/home/azraa/ros2_ws/install/my_robot_interfaces:/home/azraa/ros2_ws/install/bme280:/home/azraa/ros2_ws/install/m2s2_custom_interfaces:/home/azraa/ros2_ws/install/m2s2_bringup:/home/azraa/ros2_ws/install/gscam:/home/azraa/ros2_ws/install/flir_lepton_msgs:/home/azraa/ros2_ws/install/audio_play:/home/azraa/ros2_ws/install/audio_capture:/home/azraa/ros2_ws/install/audio_common_msgs:/home/azraa/ros2_ws/install/m2s2_test_python:/opt/ros/foxy:/opt/ros/noetic /usr/bin/cmake /home/azraa/ros2_ws/src/flir_lepton/flir_lepton_capture -DCMAKE_INSTALL_PREFIX=/home/azraa/ros2_ws/install/flir_lepton_capture
[1.940s] -- The C compiler identification is GNU 9.4.0
[2.181s] -- The CXX compiler identification is GNU 9.4.0
[2.213s] -- Check for working C compiler: /usr/bin/cc
[2.489s] -- Check for working C compiler: /usr/bin/cc -- works
[2.493s] -- Detecting C compiler ABI info
[2.689s] -- Detecting C compiler ABI info - done
[2.732s] -- Detecting C compile features
[2.733s] -- Detecting C compile features - done
[2.746s] -- Check for working CXX compiler: /usr/bin/c++
[3.205s] -- Check for working CXX compiler: /usr/bin/c++ -- works
[3.258s] -- Detecting CXX compiler ABI info
[6.592s] -- Detecting CXX compiler ABI info - done
[7.077s] -- Detecting CXX compile features
[7.110s] -- Detecting CXX compile features - done
[7.191s] -- Found ament_cmake: 0.9.9 (/opt/ros/foxy/share/ament_cmake/cmake)
[8.225s] -- Found PythonInterp: /usr/bin/python3 (found suitable version "3.8.10", minimum required is "3") 
[8.230s] -- Using PYTHON_EXECUTABLE: /usr/bin/python3
[10.339s] -- Found ament_lint_auto: 0.9.6 (/opt/ros/foxy/share/ament_lint_auto/cmake)
[10.555s] -- Added test 'copyright' to check source files copyright and LICENSE
[10.559s] -- Added test 'cppcheck' to perform static code analysis on C / C++ code
[10.559s] -- Configured cppcheck include dirs: 
[10.559s] -- Configured cppcheck exclude dirs and/or files: 
[10.562s] -- Added test 'cpplint' to check C / C++ code against the Google style
[10.562s] -- Configured cpplint exclude dirs and/or files: 
[10.565s] -- Added test 'lint_cmake' to check CMake code style
[10.568s] -- Added test 'uncrustify' to check C / C++ code style
[10.568s] -- Configured uncrustify additional arguments: 
[10.570s] -- Added test 'xmllint' to check XML markup files
[10.575s] -- Configuring done
[10.579s] -- Generating done
[10.581s] -- Build files have been written to: /home/azraa/ros2_ws/build/flir_lepton_capture
[11.310s] Invoked command in '/home/azraa/ros2_ws/build/flir_lepton_capture' returned '0': CMAKE_PREFIX_PATH=/home/azraa/ros2_ws/install/v4l2_camera:/home/azraa/ros2_ws/install/audio_common:/home/azraa/ros2_ws/install/sound_play:/home/azraa/ros2_ws/install/my_robot_bringup:/home/azraa/ros2_ws/install/my_cpp_pkg:/home/azraa/ros2_ws/install/my_robot_interfaces:/home/azraa/ros2_ws/install/bme280:/home/azraa/ros2_ws/install/m2s2_custom_interfaces:/home/azraa/ros2_ws/install/m2s2_bringup:/home/azraa/ros2_ws/install/gscam:/home/azraa/ros2_ws/install/flir_lepton_msgs:/home/azraa/ros2_ws/install/audio_play:/home/azraa/ros2_ws/install/audio_capture:/home/azraa/ros2_ws/install/audio_common_msgs:/home/azraa/ros2_ws/install/m2s2_test_python:/opt/ros/foxy:/opt/ros/noetic /usr/bin/cmake /home/azraa/ros2_ws/src/flir_lepton/flir_lepton_capture -DCMAKE_INSTALL_PREFIX=/home/azraa/ros2_ws/install/flir_lepton_capture
[11.316s] Invoking command in '/home/azraa/ros2_ws/build/flir_lepton_capture': CMAKE_PREFIX_PATH=/home/azraa/ros2_ws/install/v4l2_camera:/home/azraa/ros2_ws/install/audio_common:/home/azraa/ros2_ws/install/sound_play:/home/azraa/ros2_ws/install/my_robot_bringup:/home/azraa/ros2_ws/install/my_cpp_pkg:/home/azraa/ros2_ws/install/my_robot_interfaces:/home/azraa/ros2_ws/install/bme280:/home/azraa/ros2_ws/install/m2s2_custom_interfaces:/home/azraa/ros2_ws/install/m2s2_bringup:/home/azraa/ros2_ws/install/gscam:/home/azraa/ros2_ws/install/flir_lepton_msgs:/home/azraa/ros2_ws/install/audio_play:/home/azraa/ros2_ws/install/audio_capture:/home/azraa/ros2_ws/install/audio_common_msgs:/home/azraa/ros2_ws/install/m2s2_test_python:/opt/ros/foxy:/opt/ros/noetic /usr/bin/cmake --build /home/azraa/ros2_ws/build/flir_lepton_capture -- -j4 -l4
[11.533s] Invoked command in '/home/azraa/ros2_ws/build/flir_lepton_capture' returned '0': CMAKE_PREFIX_PATH=/home/azraa/ros2_ws/install/v4l2_camera:/home/azraa/ros2_ws/install/audio_common:/home/azraa/ros2_ws/install/sound_play:/home/azraa/ros2_ws/install/my_robot_bringup:/home/azraa/ros2_ws/install/my_cpp_pkg:/home/azraa/ros2_ws/install/my_robot_interfaces:/home/azraa/ros2_ws/install/bme280:/home/azraa/ros2_ws/install/m2s2_custom_interfaces:/home/azraa/ros2_ws/install/m2s2_bringup:/home/azraa/ros2_ws/install/gscam:/home/azraa/ros2_ws/install/flir_lepton_msgs:/home/azraa/ros2_ws/install/audio_play:/home/azraa/ros2_ws/install/audio_capture:/home/azraa/ros2_ws/install/audio_common_msgs:/home/azraa/ros2_ws/install/m2s2_test_python:/opt/ros/foxy:/opt/ros/noetic /usr/bin/cmake --build /home/azraa/ros2_ws/build/flir_lepton_capture -- -j4 -l4
[11.639s] Invoking command in '/home/azraa/ros2_ws/build/flir_lepton_capture': CMAKE_PREFIX_PATH=/home/azraa/ros2_ws/install/v4l2_camera:/home/azraa/ros2_ws/install/audio_common:/home/azraa/ros2_ws/install/sound_play:/home/azraa/ros2_ws/install/my_robot_bringup:/home/azraa/ros2_ws/install/my_cpp_pkg:/home/azraa/ros2_ws/install/my_robot_interfaces:/home/azraa/ros2_ws/install/bme280:/home/azraa/ros2_ws/install/m2s2_custom_interfaces:/home/azraa/ros2_ws/install/m2s2_bringup:/home/azraa/ros2_ws/install/gscam:/home/azraa/ros2_ws/install/flir_lepton_msgs:/home/azraa/ros2_ws/install/audio_play:/home/azraa/ros2_ws/install/audio_capture:/home/azraa/ros2_ws/install/audio_common_msgs:/home/azraa/ros2_ws/install/m2s2_test_python:/opt/ros/foxy:/opt/ros/noetic /usr/bin/cmake --install /home/azraa/ros2_ws/build/flir_lepton_capture
[11.669s] -- Install configuration: ""
[11.671s] -- Installing: /home/azraa/ros2_ws/install/flir_lepton_capture/share/ament_index/resource_index/package_run_dependencies/flir_lepton_capture
[11.681s] -- Installing: /home/azraa/ros2_ws/install/flir_lepton_capture/share/ament_index/resource_index/parent_prefix_path/flir_lepton_capture
[11.682s] -- Installing: /home/azraa/ros2_ws/install/flir_lepton_capture/share/flir_lepton_capture/environment/ament_prefix_path.sh
[11.685s] -- Installing: /home/azraa/ros2_ws/install/flir_lepton_capture/share/flir_lepton_capture/environment/ament_prefix_path.dsv
[11.686s] -- Installing: /home/azraa/ros2_ws/install/flir_lepton_capture/share/flir_lepton_capture/environment/path.sh
[11.687s] -- Installing: /home/azraa/ros2_ws/install/flir_lepton_capture/share/flir_lepton_capture/environment/path.dsv
[11.688s] -- Installing: /home/azraa/ros2_ws/install/flir_lepton_capture/share/flir_lepton_capture/local_setup.bash
[11.688s] -- Installing: /home/azraa/ros2_ws/install/flir_lepton_capture/share/flir_lepton_capture/local_setup.sh
[11.689s] -- Installing: /home/azraa/ros2_ws/install/flir_lepton_capture/share/flir_lepton_capture/local_setup.zsh
[11.690s] -- Installing: /home/azraa/ros2_ws/install/flir_lepton_capture/share/flir_lepton_capture/local_setup.dsv
[11.691s] -- Installing: /home/azraa/ros2_ws/install/flir_lepton_capture/share/flir_lepton_capture/package.dsv
[11.698s] -- Installing: /home/azraa/ros2_ws/install/flir_lepton_capture/share/ament_index/resource_index/packages/flir_lepton_capture
[11.699s] -- Installing: /home/azraa/ros2_ws/install/flir_lepton_capture/share/flir_lepton_capture/cmake/flir_lepton_captureConfig.cmake
[11.699s] -- Installing: /home/azraa/ros2_ws/install/flir_lepton_capture/share/flir_lepton_capture/cmake/flir_lepton_captureConfig-version.cmake
[11.700s] -- Installing: /home/azraa/ros2_ws/install/flir_lepton_capture/share/flir_lepton_capture/package.xml
[11.709s] Invoked command in '/home/azraa/ros2_ws/build/flir_lepton_capture' returned '0': CMAKE_PREFIX_PATH=/home/azraa/ros2_ws/install/v4l2_camera:/home/azraa/ros2_ws/install/audio_common:/home/azraa/ros2_ws/install/sound_play:/home/azraa/ros2_ws/install/my_robot_bringup:/home/azraa/ros2_ws/install/my_cpp_pkg:/home/azraa/ros2_ws/install/my_robot_interfaces:/home/azraa/ros2_ws/install/bme280:/home/azraa/ros2_ws/install/m2s2_custom_interfaces:/home/azraa/ros2_ws/install/m2s2_bringup:/home/azraa/ros2_ws/install/gscam:/home/azraa/ros2_ws/install/flir_lepton_msgs:/home/azraa/ros2_ws/install/audio_play:/home/azraa/ros2_ws/install/audio_capture:/home/azraa/ros2_ws/install/audio_common_msgs:/home/azraa/ros2_ws/install/m2s2_test_python:/opt/ros/foxy:/opt/ros/noetic /usr/bin/cmake --install /home/azraa/ros2_ws/build/flir_lepton_capture
