[35m[1mScanning dependencies of target enviro_subscriber_node[0m
[ 42%] Built target bme280
[ 57%] [32mBuilding CXX object CMakeFiles/enviro_subscriber_node.dir/src/enviro_subscriber.cpp.o[0m
[35m[1mScanning dependencies of target enviro_node[0m
[ 71%] [32mBuilding CXX object CMakeFiles/enviro_node.dir/src/enviro_sensor.cpp.o[0m
[ 85%] [32m[1mLinking CXX executable enviro_node[0m
[ 85%] Built target enviro_node
[100%] [32m[1mLinking CXX executable enviro_subscriber_node[0m
[100%] Built target enviro_subscriber_node
-- Install configuration: ""
-- Installing: /home/azraa/ros2_ws/install/bme280/lib/bme280/enviro_node
-- Set runtime path of "/home/azraa/ros2_ws/install/bme280/lib/bme280/enviro_node" to ""
-- Installing: /home/azraa/ros2_ws/install/bme280/lib/bme280/enviro_subscriber_node
-- Set runtime path of "/home/azraa/ros2_ws/install/bme280/lib/bme280/enviro_subscriber_node" to ""
-- Up-to-date: /home/azraa/ros2_ws/install/bme280/share/ament_index/resource_index/package_run_dependencies/bme280
-- Up-to-date: /home/azraa/ros2_ws/install/bme280/share/ament_index/resource_index/parent_prefix_path/bme280
-- Up-to-date: /home/azraa/ros2_ws/install/bme280/share/bme280/environment/ament_prefix_path.sh
-- Up-to-date: /home/azraa/ros2_ws/install/bme280/share/bme280/environment/ament_prefix_path.dsv
-- Up-to-date: /home/azraa/ros2_ws/install/bme280/share/bme280/environment/path.sh
-- Up-to-date: /home/azraa/ros2_ws/install/bme280/share/bme280/environment/path.dsv
-- Up-to-date: /home/azraa/ros2_ws/install/bme280/share/bme280/local_setup.bash
-- Up-to-date: /home/azraa/ros2_ws/install/bme280/share/bme280/local_setup.sh
-- Up-to-date: /home/azraa/ros2_ws/install/bme280/share/bme280/local_setup.zsh
-- Up-to-date: /home/azraa/ros2_ws/install/bme280/share/bme280/local_setup.dsv
-- Installing: /home/azraa/ros2_ws/install/bme280/share/bme280/package.dsv
-- Up-to-date: /home/azraa/ros2_ws/install/bme280/share/ament_index/resource_index/packages/bme280
-- Up-to-date: /home/azraa/ros2_ws/install/bme280/share/bme280/cmake/bme280Config.cmake
-- Up-to-date: /home/azraa/ros2_ws/install/bme280/share/bme280/cmake/bme280Config-version.cmake
-- Up-to-date: /home/azraa/ros2_ws/install/bme280/share/bme280/package.xml
