[0.048s] Invoking command in '/home/azraa/ros2_ws/build/m2s2_custom_interfaces': CMAKE_PREFIX_PATH=${CMAKE_PREFIX_PATH}:/opt/ros/foxy /usr/bin/cmake --build /home/azraa/ros2_ws/build/m2s2_custom_interfaces -- -j4 -l4
[0.140s] [  9%] Built target m2s2_custom_interfaces__rosidl_generator_c
[0.173s] [ 12%] Built target m2s2_custom_interfaces__cpp
[0.244s] [ 22%] Built target m2s2_custom_interfaces__rosidl_typesupport_c
[0.262s] [ 32%] Built target m2s2_custom_interfaces__rosidl_typesupport_introspection_c
[0.268s] [ 41%] Built target m2s2_custom_interfaces__rosidl_typesupport_introspection_cpp
[0.280s] [ 51%] Built target m2s2_custom_interfaces__rosidl_typesupport_fastrtps_cpp
[0.306s] [ 61%] Built target m2s2_custom_interfaces__rosidl_typesupport_cpp
[0.334s] [ 70%] Built target m2s2_custom_interfaces__rosidl_typesupport_fastrtps_c
[0.359s] [ 70%] Built target m2s2_custom_interfaces
[0.387s] [ 74%] Built target m2s2_custom_interfaces__py
[0.426s] [ 80%] Built target m2s2_custom_interfaces__python
[0.474s] [ 87%] Built target m2s2_custom_interfaces__rosidl_typesupport_introspection_c__pyext
[0.491s] [ 93%] Built target m2s2_custom_interfaces__rosidl_typesupport_c__pyext
[0.505s] [100%] Built target m2s2_custom_interfaces__rosidl_typesupport_fastrtps_c__pyext
[0.521s] Invoked command in '/home/azraa/ros2_ws/build/m2s2_custom_interfaces' returned '0': CMAKE_PREFIX_PATH=${CMAKE_PREFIX_PATH}:/opt/ros/foxy /usr/bin/cmake --build /home/azraa/ros2_ws/build/m2s2_custom_interfaces -- -j4 -l4
[0.605s] Invoking command in '/home/azraa/ros2_ws/build/m2s2_custom_interfaces': CMAKE_PREFIX_PATH=${CMAKE_PREFIX_PATH}:/opt/ros/foxy /usr/bin/cmake --install /home/azraa/ros2_ws/build/m2s2_custom_interfaces
[0.618s] -- Install configuration: ""
[0.619s] -- Up-to-date: /home/azraa/ros2_ws/install/m2s2_custom_interfaces/share/ament_index/resource_index/rosidl_interfaces/m2s2_custom_interfaces
[0.619s] -- Up-to-date: /home/azraa/ros2_ws/install/m2s2_custom_interfaces/include/m2s2_custom_interfaces
[0.619s] -- Up-to-date: /home/azraa/ros2_ws/install/m2s2_custom_interfaces/include/m2s2_custom_interfaces/msg
[0.620s] -- Up-to-date: /home/azraa/ros2_ws/install/m2s2_custom_interfaces/include/m2s2_custom_interfaces/msg/detail
[0.620s] -- Up-to-date: /home/azraa/ros2_ws/install/m2s2_custom_interfaces/include/m2s2_custom_interfaces/msg/detail/enviro_data__functions.h
[0.620s] -- Up-to-date: /home/azraa/ros2_ws/install/m2s2_custom_interfaces/include/m2s2_custom_interfaces/msg/detail/enviro_data__struct.h
[0.620s] -- Up-to-date: /home/azraa/ros2_ws/install/m2s2_custom_interfaces/include/m2s2_custom_interfaces/msg/detail/enviro_data__type_support.h
[0.620s] -- Up-to-date: /home/azraa/ros2_ws/install/m2s2_custom_interfaces/include/m2s2_custom_interfaces/msg/detail/enviro_data__functions.c
[0.621s] -- Up-to-date: /home/azraa/ros2_ws/install/m2s2_custom_interfaces/include/m2s2_custom_interfaces/msg/enviro_data.h
[0.621s] -- Up-to-date: /home/azraa/ros2_ws/install/m2s2_custom_interfaces/include/m2s2_custom_interfaces/msg/rosidl_generator_c__visibility_control.h
[0.621s] -- Up-to-date: /home/azraa/ros2_ws/install/m2s2_custom_interfaces/share/m2s2_custom_interfaces/environment/library_path.sh
[0.621s] -- Up-to-date: /home/azraa/ros2_ws/install/m2s2_custom_interfaces/share/m2s2_custom_interfaces/environment/library_path.dsv
[0.621s] -- Up-to-date: /home/azraa/ros2_ws/install/m2s2_custom_interfaces/lib/libm2s2_custom_interfaces__rosidl_generator_c.so
[0.622s] -- Up-to-date: /home/azraa/ros2_ws/install/m2s2_custom_interfaces/include/m2s2_custom_interfaces
[0.622s] -- Up-to-date: /home/azraa/ros2_ws/install/m2s2_custom_interfaces/include/m2s2_custom_interfaces/msg
[0.622s] -- Up-to-date: /home/azraa/ros2_ws/install/m2s2_custom_interfaces/include/m2s2_custom_interfaces/msg/rosidl_typesupport_fastrtps_c__visibility_control.h
[0.622s] -- Up-to-date: /home/azraa/ros2_ws/install/m2s2_custom_interfaces/include/m2s2_custom_interfaces/msg/detail
[0.623s] -- Up-to-date: /home/azraa/ros2_ws/install/m2s2_custom_interfaces/include/m2s2_custom_interfaces/msg/detail/enviro_data__rosidl_typesupport_fastrtps_c.h
[0.623s] -- Up-to-date: /home/azraa/ros2_ws/install/m2s2_custom_interfaces/lib/libm2s2_custom_interfaces__rosidl_typesupport_fastrtps_c.so
[0.623s] -- Up-to-date: /home/azraa/ros2_ws/install/m2s2_custom_interfaces/include/m2s2_custom_interfaces
[0.623s] -- Up-to-date: /home/azraa/ros2_ws/install/m2s2_custom_interfaces/include/m2s2_custom_interfaces/msg
[0.624s] -- Up-to-date: /home/azraa/ros2_ws/install/m2s2_custom_interfaces/include/m2s2_custom_interfaces/msg/detail
[0.625s] -- Up-to-date: /home/azraa/ros2_ws/install/m2s2_custom_interfaces/include/m2s2_custom_interfaces/msg/detail/enviro_data__rosidl_typesupport_fastrtps_cpp.hpp
[0.626s] -- Up-to-date: /home/azraa/ros2_ws/install/m2s2_custom_interfaces/include/m2s2_custom_interfaces/msg/detail/dds_fastrtps
[0.626s] -- Up-to-date: /home/azraa/ros2_ws/install/m2s2_custom_interfaces/include/m2s2_custom_interfaces/msg/rosidl_typesupport_fastrtps_cpp__visibility_control.h
[0.626s] -- Up-to-date: /home/azraa/ros2_ws/install/m2s2_custom_interfaces/lib/libm2s2_custom_interfaces__rosidl_typesupport_fastrtps_cpp.so
[0.628s] -- Up-to-date: /home/azraa/ros2_ws/install/m2s2_custom_interfaces/include/m2s2_custom_interfaces
[0.629s] -- Up-to-date: /home/azraa/ros2_ws/install/m2s2_custom_interfaces/include/m2s2_custom_interfaces/msg
[0.629s] -- Up-to-date: /home/azraa/ros2_ws/install/m2s2_custom_interfaces/include/m2s2_custom_interfaces/msg/detail
[0.629s] -- Up-to-date: /home/azraa/ros2_ws/install/m2s2_custom_interfaces/include/m2s2_custom_interfaces/msg/detail/enviro_data__type_support.c
[0.629s] -- Up-to-date: /home/azraa/ros2_ws/install/m2s2_custom_interfaces/include/m2s2_custom_interfaces/msg/detail/enviro_data__rosidl_typesupport_introspection_c.h
[0.629s] -- Up-to-date: /home/azraa/ros2_ws/install/m2s2_custom_interfaces/include/m2s2_custom_interfaces/msg/rosidl_typesupport_introspection_c__visibility_control.h
[0.643s] -- Up-to-date: /home/azraa/ros2_ws/install/m2s2_custom_interfaces/lib/libm2s2_custom_interfaces__rosidl_typesupport_introspection_c.so
[0.656s] -- Up-to-date: /home/azraa/ros2_ws/install/m2s2_custom_interfaces/lib/libm2s2_custom_interfaces__rosidl_typesupport_c.so
[0.656s] -- Up-to-date: /home/azraa/ros2_ws/install/m2s2_custom_interfaces/include/m2s2_custom_interfaces
[0.656s] -- Up-to-date: /home/azraa/ros2_ws/install/m2s2_custom_interfaces/include/m2s2_custom_interfaces/msg
[0.657s] -- Up-to-date: /home/azraa/ros2_ws/install/m2s2_custom_interfaces/include/m2s2_custom_interfaces/msg/detail
[0.657s] -- Up-to-date: /home/azraa/ros2_ws/install/m2s2_custom_interfaces/include/m2s2_custom_interfaces/msg/detail/enviro_data__struct.hpp
[0.657s] -- Up-to-date: /home/azraa/ros2_ws/install/m2s2_custom_interfaces/include/m2s2_custom_interfaces/msg/detail/enviro_data__builder.hpp
[0.657s] -- Up-to-date: /home/azraa/ros2_ws/install/m2s2_custom_interfaces/include/m2s2_custom_interfaces/msg/detail/enviro_data__traits.hpp
[0.657s] -- Up-to-date: /home/azraa/ros2_ws/install/m2s2_custom_interfaces/include/m2s2_custom_interfaces/msg/enviro_data.hpp
[0.657s] -- Up-to-date: /home/azraa/ros2_ws/install/m2s2_custom_interfaces/include/m2s2_custom_interfaces
[0.657s] -- Up-to-date: /home/azraa/ros2_ws/install/m2s2_custom_interfaces/include/m2s2_custom_interfaces/msg
[0.658s] -- Up-to-date: /home/azraa/ros2_ws/install/m2s2_custom_interfaces/include/m2s2_custom_interfaces/msg/detail
[0.658s] -- Up-to-date: /home/azraa/ros2_ws/install/m2s2_custom_interfaces/include/m2s2_custom_interfaces/msg/detail/enviro_data__type_support.cpp
[0.658s] -- Up-to-date: /home/azraa/ros2_ws/install/m2s2_custom_interfaces/include/m2s2_custom_interfaces/msg/detail/enviro_data__rosidl_typesupport_introspection_cpp.hpp
[0.658s] -- Up-to-date: /home/azraa/ros2_ws/install/m2s2_custom_interfaces/lib/libm2s2_custom_interfaces__rosidl_typesupport_introspection_cpp.so
[0.658s] -- Up-to-date: /home/azraa/ros2_ws/install/m2s2_custom_interfaces/lib/libm2s2_custom_interfaces__rosidl_typesupport_cpp.so
[0.658s] -- Up-to-date: /home/azraa/ros2_ws/install/m2s2_custom_interfaces/share/m2s2_custom_interfaces/environment/pythonpath.sh
[0.658s] -- Up-to-date: /home/azraa/ros2_ws/install/m2s2_custom_interfaces/share/m2s2_custom_interfaces/environment/pythonpath.dsv
[0.659s] -- Up-to-date: /home/azraa/ros2_ws/install/m2s2_custom_interfaces/lib/python3.8/site-packages/m2s2_custom_interfaces/__init__.py
[0.691s] -- Up-to-date: /home/azraa/ros2_ws/install/m2s2_custom_interfaces/lib/python3.8/site-packages/m2s2_custom_interfaces/msg
[0.691s] -- Up-to-date: /home/azraa/ros2_ws/install/m2s2_custom_interfaces/lib/python3.8/site-packages/m2s2_custom_interfaces/msg/_enviro_data.py
[0.692s] -- Up-to-date: /home/azraa/ros2_ws/install/m2s2_custom_interfaces/lib/python3.8/site-packages/m2s2_custom_interfaces/msg/_enviro_data_s.c
[0.692s] -- Up-to-date: /home/azraa/ros2_ws/install/m2s2_custom_interfaces/lib/python3.8/site-packages/m2s2_custom_interfaces/msg/__init__.py
[0.692s] -- Up-to-date: /home/azraa/ros2_ws/install/m2s2_custom_interfaces/lib/python3.8/site-packages/m2s2_custom_interfaces/m2s2_custom_interfaces_s__rosidl_typesupport_fastrtps_c.cpython-38-x86_64-linux-gnu.so
[0.694s] -- Up-to-date: /home/azraa/ros2_ws/install/m2s2_custom_interfaces/lib/python3.8/site-packages/m2s2_custom_interfaces/m2s2_custom_interfaces_s__rosidl_typesupport_introspection_c.cpython-38-x86_64-linux-gnu.so
[0.696s] -- Up-to-date: /home/azraa/ros2_ws/install/m2s2_custom_interfaces/lib/python3.8/site-packages/m2s2_custom_interfaces/m2s2_custom_interfaces_s__rosidl_typesupport_c.cpython-38-x86_64-linux-gnu.so
[0.697s] -- Up-to-date: /home/azraa/ros2_ws/install/m2s2_custom_interfaces/lib/libm2s2_custom_interfaces__python.so
[0.698s] -- Up-to-date: /home/azraa/ros2_ws/install/m2s2_custom_interfaces/share/m2s2_custom_interfaces/msg/EnviroData.idl
[0.698s] -- Up-to-date: /home/azraa/ros2_ws/install/m2s2_custom_interfaces/share/m2s2_custom_interfaces/msg/EnviroData.msg
[0.698s] -- Up-to-date: /home/azraa/ros2_ws/install/m2s2_custom_interfaces/share/ament_index/resource_index/package_run_dependencies/m2s2_custom_interfaces
[0.706s] -- Up-to-date: /home/azraa/ros2_ws/install/m2s2_custom_interfaces/share/ament_index/resource_index/parent_prefix_path/m2s2_custom_interfaces
[0.707s] -- Up-to-date: /home/azraa/ros2_ws/install/m2s2_custom_interfaces/share/m2s2_custom_interfaces/environment/ament_prefix_path.sh
[0.707s] -- Up-to-date: /home/azraa/ros2_ws/install/m2s2_custom_interfaces/share/m2s2_custom_interfaces/environment/ament_prefix_path.dsv
[0.707s] -- Up-to-date: /home/azraa/ros2_ws/install/m2s2_custom_interfaces/share/m2s2_custom_interfaces/environment/path.sh
[0.707s] -- Up-to-date: /home/azraa/ros2_ws/install/m2s2_custom_interfaces/share/m2s2_custom_interfaces/environment/path.dsv
[0.707s] -- Up-to-date: /home/azraa/ros2_ws/install/m2s2_custom_interfaces/share/m2s2_custom_interfaces/local_setup.bash
[0.707s] -- Up-to-date: /home/azraa/ros2_ws/install/m2s2_custom_interfaces/share/m2s2_custom_interfaces/local_setup.sh
[0.708s] -- Up-to-date: /home/azraa/ros2_ws/install/m2s2_custom_interfaces/share/m2s2_custom_interfaces/local_setup.zsh
[0.714s] -- Up-to-date: /home/azraa/ros2_ws/install/m2s2_custom_interfaces/share/m2s2_custom_interfaces/local_setup.dsv
[0.714s] -- Installing: /home/azraa/ros2_ws/install/m2s2_custom_interfaces/share/m2s2_custom_interfaces/package.dsv
[0.715s] -- Up-to-date: /home/azraa/ros2_ws/install/m2s2_custom_interfaces/share/ament_index/resource_index/packages/m2s2_custom_interfaces
[0.715s] -- Up-to-date: /home/azraa/ros2_ws/install/m2s2_custom_interfaces/share/m2s2_custom_interfaces/cmake/m2s2_custom_interfaces__rosidl_generator_cExport.cmake
[0.715s] -- Up-to-date: /home/azraa/ros2_ws/install/m2s2_custom_interfaces/share/m2s2_custom_interfaces/cmake/m2s2_custom_interfaces__rosidl_generator_cExport-noconfig.cmake
[0.715s] -- Up-to-date: /home/azraa/ros2_ws/install/m2s2_custom_interfaces/share/m2s2_custom_interfaces/cmake/m2s2_custom_interfaces__rosidl_typesupport_introspection_cExport.cmake
[0.715s] -- Up-to-date: /home/azraa/ros2_ws/install/m2s2_custom_interfaces/share/m2s2_custom_interfaces/cmake/m2s2_custom_interfaces__rosidl_typesupport_introspection_cExport-noconfig.cmake
[0.715s] -- Up-to-date: /home/azraa/ros2_ws/install/m2s2_custom_interfaces/share/m2s2_custom_interfaces/cmake/m2s2_custom_interfaces__rosidl_typesupport_cExport.cmake
[0.715s] -- Up-to-date: /home/azraa/ros2_ws/install/m2s2_custom_interfaces/share/m2s2_custom_interfaces/cmake/m2s2_custom_interfaces__rosidl_typesupport_cExport-noconfig.cmake
[0.715s] -- Up-to-date: /home/azraa/ros2_ws/install/m2s2_custom_interfaces/share/m2s2_custom_interfaces/cmake/m2s2_custom_interfaces__rosidl_generator_cppExport.cmake
[0.715s] -- Up-to-date: /home/azraa/ros2_ws/install/m2s2_custom_interfaces/share/m2s2_custom_interfaces/cmake/m2s2_custom_interfaces__rosidl_typesupport_introspection_cppExport.cmake
[0.715s] -- Up-to-date: /home/azraa/ros2_ws/install/m2s2_custom_interfaces/share/m2s2_custom_interfaces/cmake/m2s2_custom_interfaces__rosidl_typesupport_introspection_cppExport-noconfig.cmake
[0.715s] -- Up-to-date: /home/azraa/ros2_ws/install/m2s2_custom_interfaces/share/m2s2_custom_interfaces/cmake/m2s2_custom_interfaces__rosidl_typesupport_cppExport.cmake
[0.716s] -- Up-to-date: /home/azraa/ros2_ws/install/m2s2_custom_interfaces/share/m2s2_custom_interfaces/cmake/m2s2_custom_interfaces__rosidl_typesupport_cppExport-noconfig.cmake
[0.716s] -- Up-to-date: /home/azraa/ros2_ws/install/m2s2_custom_interfaces/share/m2s2_custom_interfaces/cmake/rosidl_cmake-extras.cmake
[0.716s] -- Up-to-date: /home/azraa/ros2_ws/install/m2s2_custom_interfaces/share/m2s2_custom_interfaces/cmake/ament_cmake_export_dependencies-extras.cmake
[0.716s] -- Up-to-date: /home/azraa/ros2_ws/install/m2s2_custom_interfaces/share/m2s2_custom_interfaces/cmake/ament_cmake_export_libraries-extras.cmake
[0.716s] -- Up-to-date: /home/azraa/ros2_ws/install/m2s2_custom_interfaces/share/m2s2_custom_interfaces/cmake/ament_cmake_export_targets-extras.cmake
[0.716s] -- Up-to-date: /home/azraa/ros2_ws/install/m2s2_custom_interfaces/share/m2s2_custom_interfaces/cmake/ament_cmake_export_include_directories-extras.cmake
[0.716s] -- Up-to-date: /home/azraa/ros2_ws/install/m2s2_custom_interfaces/share/m2s2_custom_interfaces/cmake/rosidl_cmake_export_typesupport_libraries-extras.cmake
[0.716s] -- Up-to-date: /home/azraa/ros2_ws/install/m2s2_custom_interfaces/share/m2s2_custom_interfaces/cmake/rosidl_cmake_export_typesupport_targets-extras.cmake
[0.717s] -- Up-to-date: /home/azraa/ros2_ws/install/m2s2_custom_interfaces/share/m2s2_custom_interfaces/cmake/m2s2_custom_interfacesConfig.cmake
[0.717s] -- Up-to-date: /home/azraa/ros2_ws/install/m2s2_custom_interfaces/share/m2s2_custom_interfaces/cmake/m2s2_custom_interfacesConfig-version.cmake
[0.717s] -- Up-to-date: /home/azraa/ros2_ws/install/m2s2_custom_interfaces/share/m2s2_custom_interfaces/package.xml
[0.758s] Invoked command in '/home/azraa/ros2_ws/build/m2s2_custom_interfaces' returned '0': CMAKE_PREFIX_PATH=${CMAKE_PREFIX_PATH}:/opt/ros/foxy /usr/bin/cmake --install /home/azraa/ros2_ws/build/m2s2_custom_interfaces
