-- Found ament_cmake: 0.9.9 (/opt/ros/foxy/share/ament_cmake/cmake)
-- Using PYTHON_EXECUTABLE: /usr/bin/python3
-- Found class_loader: 2.0.2 (/opt/ros/foxy/share/class_loader/cmake)
-- Found image_transport: 2.3.0 (/opt/ros/foxy/share/image_transport/cmake)
-- Using all available rosidl_typesupport_c: rosidl_typesupport_fastrtps_c;rosidl_typesupport_introspection_c
-- Found rosidl_adapter: 1.2.1 (/opt/ros/foxy/share/rosidl_adapter/cmake)
-- Using all available rosidl_typesupport_cpp: rosidl_typesupport_fastrtps_cpp;rosidl_typesupport_introspection_cpp
-- Found rmw_implementation_cmake: 1.0.3 (/opt/ros/foxy/share/rmw_implementation_cmake/cmake)
-- Using RMW implementation 'rmw_fastrtps_cpp' as default
-- Found rclcpp_components: 2.4.1 (/opt/ros/foxy/share/rclcpp_components/cmake)
-- Found camera_calibration_parsers: 2.3.0 (/opt/ros/foxy/share/camera_calibration_parsers/cmake)
-- Setting yaml-cpp_DIR to: '/opt/ros/foxy/share/yaml_cpp_vendor/cmake/../../../opt/yaml_cpp_vendor/lib/cmake/yaml-cpp'
-- Found camera_info_manager: 2.3.0 (/opt/ros/foxy/share/camera_info_manager/cmake)
-- Found m2s2_custom_interfaces: 0.0.0 (/home/azraa/ros2_ws/install/m2s2_custom_interfaces/share/m2s2_custom_interfaces/cmake)
-- Found ament_lint_auto: 0.9.6 (/opt/ros/foxy/share/ament_lint_auto/cmake)
-- Found gtest sources under '/opt/ros/foxy/src/gtest_vendor': C++ tests using 'Google Test' will be built
-- Added test 'copyright' to check source files copyright and LICENSE
-- Added test 'cppcheck' to perform static code analysis on C / C++ code
-- Configured cppcheck include dirs: /home/azraa/ros2_ws/src/gscam/include
-- Configured cppcheck exclude dirs and/or files: 
-- Added test 'cpplint' to check C / C++ code against the Google style
-- Configured cpplint exclude dirs and/or files: 
-- Added test 'flake8' to check Python code syntax and style conventions
-- Added test 'lint_cmake' to check CMake code style
-- Added test 'pep257' to check Python code against some of the style conventions in PEP 257
-- Added test 'uncrustify' to check C / C++ code style
-- Configured uncrustify additional arguments: 
-- Added test 'xmllint' to check XML markup files
-- Configuring done
-- Generating done
-- Build files have been written to: /home/azraa/ros2_ws/build/gscam
[35m[1mScanning dependencies of target gscam[0m
[ 40%] Built target gtest_main
[ 40%] Built target gtest
[ 60%] Built target gscam_node
[ 70%] [32mBuilding CXX object CMakeFiles/gscam.dir/src/gscam.cpp.o[0m
[01m[K/home/azraa/ros2_ws/src/gscam/src/gscam.cpp:[m[K In member function ‘[01m[Kvoid gscam::GSCam::publish_stream()[m[K’:
[01m[K/home/azraa/ros2_ws/src/gscam/src/gscam.cpp:417:28:[m[K [01;31m[Kerror: [m[Kno matching function for call to ‘[01m[Krclcpp::Publisher<m2s2_custom_interfaces::msg::RawLeptonData_<std::allocator<void> > >::publish(m2s2_custom_interfaces::msg::RawLeptonData_<std::allocator<void> >::SharedPtr&)[m[K’
  417 |       raw_pub_->publish(msg[01;31m[K)[m[K;
      |                            [01;31m[K^[m[K
In file included from [01m[K/opt/ros/foxy/include/rclcpp/node_interfaces/node_topics_interface.hpp:29[m[K,
                 from [01m[K/opt/ros/foxy/include/rclcpp/node.hpp:55[m[K,
                 from [01m[K/opt/ros/foxy/include/image_transport/image_transport.hpp:43[m[K,
                 from [01m[K/home/azraa/ros2_ws/src/gscam/src/gscam.cpp:29[m[K:
[01m[K/opt/ros/foxy/include/rclcpp/publisher.hpp:185:3:[m[K [01;36m[Knote: [m[Kcandidate: ‘[01m[Kvoid rclcpp::Publisher<MessageT, AllocatorT>::publish(std::unique_ptr<MessageT, typename std::conditional<std::is_same<typename std::allocator_traits<typename std::allocator_traits<_Alloc>::rebind_traits<MessageT>::allocator_type>::rebind_alloc<MessageT>, typename std::allocator<void>::rebind<_Tp1>::other>::value, std::default_delete<_Tp>, rclcpp::allocator::AllocatorDeleter<typename std::allocator_traits<_Alloc>::rebind_traits<MessageT>::allocator_type> >::type>) [with MessageT = m2s2_custom_interfaces::msg::RawLeptonData_<std::allocator<void> >; AllocatorT = std::allocator<void>; typename std::conditional<std::is_same<typename std::allocator_traits<typename std::allocator_traits<_Alloc>::rebind_traits<MessageT>::allocator_type>::rebind_alloc<MessageT>, typename std::allocator<void>::rebind<_Tp1>::other>::value, std::default_delete<_Tp>, rclcpp::allocator::AllocatorDeleter<typename std::allocator_traits<_Alloc>::rebind_traits<MessageT>::allocator_type> >::type = std::default_delete<m2s2_custom_interfaces::msg::RawLeptonData_<std::allocator<void> > >][m[K’
  185 |   [01;36m[Kpublish[m[K(std::unique_ptr<MessageT, MessageDeleter> msg)
      |   [01;36m[K^~~~~~~[m[K
[01m[K/opt/ros/foxy/include/rclcpp/publisher.hpp:185:53:[m[K [01;36m[Knote: [m[K  no known conversion for argument 1 from ‘[01m[Km2s2_custom_interfaces::msg::RawLeptonData_<std::allocator<void> >::SharedPtr[m[K’ {aka ‘[01m[Kstd::shared_ptr<m2s2_custom_interfaces::msg::RawLeptonData_<std::allocator<void> > >[m[K’} to ‘[01m[Kstd::unique_ptr<m2s2_custom_interfaces::msg::RawLeptonData_<std::allocator<void> >, std::default_delete<m2s2_custom_interfaces::msg::RawLeptonData_<std::allocator<void> > > >[m[K’
  185 |   publish([01;36m[Kstd::unique_ptr<MessageT, MessageDeleter> msg[m[K)
      |           [01;36m[K~~~~~~~~~~~~~~~~~~~~~~~~~~~~~~~~~~~~~~~~~~^~~[m[K
[01m[K/opt/ros/foxy/include/rclcpp/publisher.hpp:209:3:[m[K [01;36m[Knote: [m[Kcandidate: ‘[01m[Kvoid rclcpp::Publisher<MessageT, AllocatorT>::publish(const MessageT&) [with MessageT = m2s2_custom_interfaces::msg::RawLeptonData_<std::allocator<void> >; AllocatorT = std::allocator<void>][m[K’
  209 |   [01;36m[Kpublish[m[K(const MessageT & msg)
      |   [01;36m[K^~~~~~~[m[K
[01m[K/opt/ros/foxy/include/rclcpp/publisher.hpp:209:28:[m[K [01;36m[Knote: [m[K  no known conversion for argument 1 from ‘[01m[Km2s2_custom_interfaces::msg::RawLeptonData_<std::allocator<void> >::SharedPtr[m[K’ {aka ‘[01m[Kstd::shared_ptr<m2s2_custom_interfaces::msg::RawLeptonData_<std::allocator<void> > >[m[K’} to ‘[01m[Kconst m2s2_custom_interfaces::msg::RawLeptonData_<std::allocator<void> >&[m[K’
  209 |   publish([01;36m[Kconst MessageT & msg[m[K)
      |           [01;36m[K~~~~~~~~~~~~~~~~~^~~[m[K
[01m[K/opt/ros/foxy/include/rclcpp/publisher.hpp:226:3:[m[K [01;36m[Knote: [m[Kcandidate: ‘[01m[Kvoid rclcpp::Publisher<MessageT, AllocatorT>::publish(const rcl_serialized_message_t&) [with MessageT = m2s2_custom_interfaces::msg::RawLeptonData_<std::allocator<void> >; AllocatorT = std::allocator<void>; rcl_serialized_message_t = rcutils_uint8_array_t][m[K’
  226 |   [01;36m[Kpublish[m[K(const rcl_serialized_message_t & serialized_msg)
      |   [01;36m[K^~~~~~~[m[K
[01m[K/opt/ros/foxy/include/rclcpp/publisher.hpp:226:44:[m[K [01;36m[Knote: [m[K  no known conversion for argument 1 from ‘[01m[Km2s2_custom_interfaces::msg::RawLeptonData_<std::allocator<void> >::SharedPtr[m[K’ {aka ‘[01m[Kstd::shared_ptr<m2s2_custom_interfaces::msg::RawLeptonData_<std::allocator<void> > >[m[K’} to ‘[01m[Kconst rcl_serialized_message_t&[m[K’ {aka ‘[01m[Kconst rcutils_uint8_array_t&[m[K’}
  226 |   publish([01;36m[Kconst rcl_serialized_message_t & serialized_msg[m[K)
      |           [01;36m[K~~~~~~~~~~~~~~~~~~~~~~~~~~~~~~~~~^~~~~~~~~~~~~~[m[K
[01m[K/opt/ros/foxy/include/rclcpp/publisher.hpp:232:3:[m[K [01;36m[Knote: [m[Kcandidate: ‘[01m[Kvoid rclcpp::Publisher<MessageT, AllocatorT>::publish(const rclcpp::SerializedMessage&) [with MessageT = m2s2_custom_interfaces::msg::RawLeptonData_<std::allocator<void> >; AllocatorT = std::allocator<void>][m[K’
  232 |   [01;36m[Kpublish[m[K(const SerializedMessage & serialized_msg)
      |   [01;36m[K^~~~~~~[m[K
[01m[K/opt/ros/foxy/include/rclcpp/publisher.hpp:232:37:[m[K [01;36m[Knote: [m[K  no known conversion for argument 1 from ‘[01m[Km2s2_custom_interfaces::msg::RawLeptonData_<std::allocator<void> >::SharedPtr[m[K’ {aka ‘[01m[Kstd::shared_ptr<m2s2_custom_interfaces::msg::RawLeptonData_<std::allocator<void> > >[m[K’} to ‘[01m[Kconst rclcpp::SerializedMessage&[m[K’
  232 |   publish([01;36m[Kconst SerializedMessage & serialized_msg[m[K)
      |           [01;36m[K~~~~~~~~~~~~~~~~~~~~~~~~~~^~~~~~~~~~~~~~[m[K
[01m[K/opt/ros/foxy/include/rclcpp/publisher.hpp:246:3:[m[K [01;36m[Knote: [m[Kcandidate: ‘[01m[Kvoid rclcpp::Publisher<MessageT, AllocatorT>::publish(rclcpp::LoanedMessage<MessageT, AllocatorT>&&) [with MessageT = m2s2_custom_interfaces::msg::RawLeptonData_<std::allocator<void> >; AllocatorT = std::allocator<void>][m[K’
  246 |   [01;36m[Kpublish[m[K(rclcpp::LoanedMessage<MessageT, AllocatorT> && loaned_msg)
      |   [01;36m[K^~~~~~~[m[K
[01m[K/opt/ros/foxy/include/rclcpp/publisher.hpp:246:58:[m[K [01;36m[Knote: [m[K  no known conversion for argument 1 from ‘[01m[Km2s2_custom_interfaces::msg::RawLeptonData_<std::allocator<void> >::SharedPtr[m[K’ {aka ‘[01m[Kstd::shared_ptr<m2s2_custom_interfaces::msg::RawLeptonData_<std::allocator<void> > >[m[K’} to ‘[01m[Krclcpp::LoanedMessage<m2s2_custom_interfaces::msg::RawLeptonData_<std::allocator<void> >, std::allocator<void> >&&[m[K’
  246 |   publish([01;36m[Krclcpp::LoanedMessage<MessageT, AllocatorT> && loaned_msg[m[K)
      |           [01;36m[K~~~~~~~~~~~~~~~~~~~~~~~~~~~~~~~~~~~~~~~~~~~~~~~^~~~~~~~~~[m[K
make[2]: *** [CMakeFiles/gscam.dir/build.make:63: CMakeFiles/gscam.dir/src/gscam.cpp.o] Error 1
make[1]: *** [CMakeFiles/Makefile2:132: CMakeFiles/gscam.dir/all] Error 2
make: *** [Makefile:141: all] Error 2
