[0.030s] Invoking command in '/home/azraa/ros2_ws/build/m2s2_custom_interfaces': CMAKE_PREFIX_PATH=/home/azraa/ros2_ws/install/v4l2_camera:/home/azraa/ros2_ws/install/audio_common:/home/azraa/ros2_ws/install/sound_play:/home/azraa/ros2_ws/install/my_robot_bringup:/home/azraa/ros2_ws/install/my_cpp_pkg:/home/azraa/ros2_ws/install/my_robot_interfaces:/home/azraa/ros2_ws/install/bme280:/home/azraa/ros2_ws/install/m2s2_custom_interfaces:/home/azraa/ros2_ws/install/m2s2_bringup:/home/azraa/ros2_ws/install/gscam:/home/azraa/ros2_ws/install/flir_lepton_capture:/home/azraa/ros2_ws/install/flir_lepton_msgs:/home/azraa/ros2_ws/install/audio_play:/home/azraa/ros2_ws/install/audio_capture:/home/azraa/ros2_ws/install/audio_common_msgs:/home/azraa/ros2_ws/install/m2s2_test_python:/opt/ros/foxy:/opt/ros/noetic /usr/bin/cmake --build /home/azraa/ros2_ws/build/m2s2_custom_interfaces -- -j4 -l4
[0.061s] -- Found ament_cmake: 0.9.9 (/opt/ros/foxy/share/ament_cmake/cmake)
[0.101s] -- Using PYTHON_EXECUTABLE: /usr/bin/python3
[0.492s] -- Found rosidl_default_generators: 1.0.1 (/opt/ros/foxy/share/rosidl_default_generators/cmake)
[0.499s] -- Using all available rosidl_typesupport_c: rosidl_typesupport_fastrtps_c;rosidl_typesupport_introspection_c
[0.504s] -- Found rosidl_adapter: 1.2.1 (/opt/ros/foxy/share/rosidl_adapter/cmake)
[0.697s] -- Using all available rosidl_typesupport_cpp: rosidl_typesupport_fastrtps_cpp;rosidl_typesupport_introspection_cpp
[0.733s] -- Found std_msgs: 2.0.5 (/opt/ros/foxy/share/std_msgs/cmake)
[0.785s] -- Found example_interfaces: 0.9.1 (/opt/ros/foxy/share/example_interfaces/cmake)
[1.001s] -- Found PythonInterp: /usr/bin/python3 (found version "3.8.10") 
[1.329s] -- Found ament_cmake_ros: 0.9.2 (/opt/ros/foxy/share/ament_cmake_ros/cmake)
[1.804s] -- Using all available rosidl_typesupport_c: rosidl_typesupport_fastrtps_c;rosidl_typesupport_introspection_c
[2.042s] -- Using all available rosidl_typesupport_cpp: rosidl_typesupport_fastrtps_cpp;rosidl_typesupport_introspection_cpp
[2.095s] -- Found PythonInterp: /usr/bin/python3 (found suitable version "3.8.10", minimum required is "3.5") 
[2.096s] -- Found python_cmake_module: 0.8.1 (/opt/ros/foxy/share/python_cmake_module/cmake)
[2.140s] -- Using PYTHON_EXECUTABLE: /usr/bin/python3
[2.140s] -- Using PYTHON_INCLUDE_DIRS: /usr/include/python3.8
[2.140s] -- Using PYTHON_LIBRARIES: /usr/lib/x86_64-linux-gnu/libpython3.8.so
[2.283s] -- Configuring done
[2.425s] -- Generating done
[2.432s] -- Build files have been written to: /home/azraa/ros2_ws/build/m2s2_custom_interfaces
[2.463s] [  2%] [34m[1mGenerating C code for ROS interfaces[0m
[2.463s] [35m[1mScanning dependencies of target m2s2_custom_interfaces__cpp[0m
[2.477s] [  5%] [34m[1mGenerating C++ code for ROS interfaces[0m
[2.974s] [  5%] Built target m2s2_custom_interfaces__cpp
[2.997s] [  7%] [34m[1mGenerating C++ introspection for ROS interfaces[0m
[2.998s] [ 10%] [34m[1mGenerating C++ type support for eProsima Fast-RTPS[0m
[3.007s] [35m[1mScanning dependencies of target m2s2_custom_interfaces__rosidl_generator_c[0m
[3.008s] [ 12%] [34m[1mGenerating C++ type support dispatch for ROS interfaces[0m
[3.028s] [ 15%] [32mBuilding C object CMakeFiles/m2s2_custom_interfaces__rosidl_generator_c.dir/rosidl_generator_c/m2s2_custom_interfaces/msg/detail/enviro_data__functions.c.o[0m
[3.172s] [ 17%] [32mBuilding C object CMakeFiles/m2s2_custom_interfaces__rosidl_generator_c.dir/rosidl_generator_c/m2s2_custom_interfaces/msg/detail/raw_ir_data__functions.c.o[0m
[3.232s] [ 20%] [32m[1mLinking C shared library libm2s2_custom_interfaces__rosidl_generator_c.so[0m
[3.312s] [ 20%] Built target m2s2_custom_interfaces__rosidl_generator_c
[3.328s] [ 23%] [34m[1mGenerating C type support dispatch for ROS interfaces[0m
[3.463s] [35m[1mScanning dependencies of target m2s2_custom_interfaces__rosidl_typesupport_cpp[0m
[3.482s] [ 25%] [32mBuilding CXX object CMakeFiles/m2s2_custom_interfaces__rosidl_typesupport_cpp.dir/rosidl_typesupport_cpp/m2s2_custom_interfaces/msg/enviro_data__type_support.cpp.o[0m
[3.548s] [35m[1mScanning dependencies of target m2s2_custom_interfaces__rosidl_typesupport_introspection_cpp[0m
[3.558s] [35m[1mScanning dependencies of target m2s2_custom_interfaces__rosidl_typesupport_fastrtps_cpp[0m
[3.572s] [ 28%] [32mBuilding CXX object CMakeFiles/m2s2_custom_interfaces__rosidl_typesupport_introspection_cpp.dir/rosidl_typesupport_introspection_cpp/m2s2_custom_interfaces/msg/detail/enviro_data__type_support.cpp.o[0m
[3.582s] [ 30%] [32mBuilding CXX object CMakeFiles/m2s2_custom_interfaces__rosidl_typesupport_fastrtps_cpp.dir/rosidl_typesupport_fastrtps_cpp/m2s2_custom_interfaces/msg/detail/dds_fastrtps/enviro_data__type_support.cpp.o[0m
[3.904s] [35m[1mScanning dependencies of target m2s2_custom_interfaces__rosidl_typesupport_c[0m
[3.932s] [ 33%] [32mBuilding CXX object CMakeFiles/m2s2_custom_interfaces__rosidl_typesupport_c.dir/rosidl_typesupport_c/m2s2_custom_interfaces/msg/enviro_data__type_support.cpp.o[0m
[4.023s] [ 35%] [32mBuilding CXX object CMakeFiles/m2s2_custom_interfaces__rosidl_typesupport_c.dir/rosidl_typesupport_c/m2s2_custom_interfaces/msg/raw_ir_data__type_support.cpp.o[0m
[4.028s] [ 38%] [32mBuilding CXX object CMakeFiles/m2s2_custom_interfaces__rosidl_typesupport_cpp.dir/rosidl_typesupport_cpp/m2s2_custom_interfaces/msg/raw_ir_data__type_support.cpp.o[0m
[4.090s] [ 41%] [32m[1mLinking CXX shared library libm2s2_custom_interfaces__rosidl_typesupport_c.so[0m
[4.156s] [ 43%] [32mBuilding CXX object CMakeFiles/m2s2_custom_interfaces__rosidl_typesupport_introspection_cpp.dir/rosidl_typesupport_introspection_cpp/m2s2_custom_interfaces/msg/detail/raw_ir_data__type_support.cpp.o[0m
[4.188s] [ 43%] Built target m2s2_custom_interfaces__rosidl_typesupport_c
[4.209s] [ 46%] [34m[1mGenerating C introspection for ROS interfaces[0m
[4.443s] [ 48%] [32mBuilding CXX object CMakeFiles/m2s2_custom_interfaces__rosidl_typesupport_fastrtps_cpp.dir/rosidl_typesupport_fastrtps_cpp/m2s2_custom_interfaces/msg/detail/dds_fastrtps/raw_ir_data__type_support.cpp.o[0m
[4.581s] [ 51%] [32m[1mLinking CXX shared library libm2s2_custom_interfaces__rosidl_typesupport_cpp.so[0m
[4.650s] [ 51%] Built target m2s2_custom_interfaces__rosidl_typesupport_cpp
[4.716s] [ 53%] [32m[1mLinking CXX shared library libm2s2_custom_interfaces__rosidl_typesupport_introspection_cpp.so[0m
[4.833s] [ 53%] Built target m2s2_custom_interfaces__rosidl_typesupport_introspection_cpp
[4.883s] [35m[1mScanning dependencies of target m2s2_custom_interfaces__rosidl_typesupport_introspection_c[0m
[4.908s] [ 56%] [32mBuilding C object CMakeFiles/m2s2_custom_interfaces__rosidl_typesupport_introspection_c.dir/rosidl_typesupport_introspection_c/m2s2_custom_interfaces/msg/detail/raw_ir_data__type_support.c.o[0m
[4.908s] [ 58%] [32mBuilding C object CMakeFiles/m2s2_custom_interfaces__rosidl_typesupport_introspection_c.dir/rosidl_typesupport_introspection_c/m2s2_custom_interfaces/msg/detail/enviro_data__type_support.c.o[0m
[4.977s] [ 61%] [32m[1mLinking C shared library libm2s2_custom_interfaces__rosidl_typesupport_introspection_c.so[0m
[5.057s] [ 61%] Built target m2s2_custom_interfaces__rosidl_typesupport_introspection_c
[5.116s] [ 64%] [32m[1mLinking CXX shared library libm2s2_custom_interfaces__rosidl_typesupport_fastrtps_cpp.so[0m
[5.249s] [ 64%] Built target m2s2_custom_interfaces__rosidl_typesupport_fastrtps_cpp
[5.264s] [ 66%] [34m[1mGenerating C type support for eProsima Fast-RTPS[0m
[5.787s] [35m[1mScanning dependencies of target m2s2_custom_interfaces__rosidl_typesupport_fastrtps_c[0m
[5.815s] [ 69%] [32mBuilding CXX object CMakeFiles/m2s2_custom_interfaces__rosidl_typesupport_fastrtps_c.dir/rosidl_typesupport_fastrtps_c/m2s2_custom_interfaces/msg/detail/enviro_data__type_support_c.cpp.o[0m
[5.819s] [ 71%] [32mBuilding CXX object CMakeFiles/m2s2_custom_interfaces__rosidl_typesupport_fastrtps_c.dir/rosidl_typesupport_fastrtps_c/m2s2_custom_interfaces/msg/detail/raw_ir_data__type_support_c.cpp.o[0m
[6.299s] [ 74%] [32m[1mLinking CXX shared library libm2s2_custom_interfaces__rosidl_typesupport_fastrtps_c.so[0m
[6.415s] [ 74%] Built target m2s2_custom_interfaces__rosidl_typesupport_fastrtps_c
[6.440s] [ 74%] Built target m2s2_custom_interfaces
[6.453s] [35m[1mScanning dependencies of target m2s2_custom_interfaces__py[0m
[6.468s] [ 76%] [34m[1mGenerating Python code for ROS interfaces[0m
[7.456s] [ 76%] Built target m2s2_custom_interfaces__py
[7.473s] [35m[1mScanning dependencies of target m2s2_custom_interfaces__python[0m
[7.504s] [ 82%] [32mBuilding C object CMakeFiles/m2s2_custom_interfaces__python.dir/rosidl_generator_py/m2s2_custom_interfaces/msg/_enviro_data_s.c.o[0m
[7.504s] [ 82%] [32mBuilding C object CMakeFiles/m2s2_custom_interfaces__python.dir/rosidl_generator_py/m2s2_custom_interfaces/msg/_raw_ir_data_s.c.o[0m
[7.732s] [ 84%] [32m[1mLinking C shared library rosidl_generator_py/m2s2_custom_interfaces/libm2s2_custom_interfaces__python.so[0m
[7.841s] [ 84%] Built target m2s2_custom_interfaces__python
[7.860s] [35m[1mScanning dependencies of target m2s2_custom_interfaces__rosidl_typesupport_introspection_c__pyext[0m
[7.861s] [35m[1mScanning dependencies of target m2s2_custom_interfaces__rosidl_typesupport_c__pyext[0m
[7.863s] [35m[1mScanning dependencies of target m2s2_custom_interfaces__rosidl_typesupport_fastrtps_c__pyext[0m
[7.890s] [ 87%] [32mBuilding C object CMakeFiles/m2s2_custom_interfaces__rosidl_typesupport_introspection_c__pyext.dir/rosidl_generator_py/m2s2_custom_interfaces/_m2s2_custom_interfaces_s.ep.rosidl_typesupport_introspection_c.c.o[0m
[7.898s] [ 89%] [32mBuilding C object CMakeFiles/m2s2_custom_interfaces__rosidl_typesupport_c__pyext.dir/rosidl_generator_py/m2s2_custom_interfaces/_m2s2_custom_interfaces_s.ep.rosidl_typesupport_c.c.o[0m
[7.911s] [ 92%] [32mBuilding C object CMakeFiles/m2s2_custom_interfaces__rosidl_typesupport_fastrtps_c__pyext.dir/rosidl_generator_py/m2s2_custom_interfaces/_m2s2_custom_interfaces_s.ep.rosidl_typesupport_fastrtps_c.c.o[0m
[8.079s] [ 94%] [32m[1mLinking C shared library rosidl_generator_py/m2s2_custom_interfaces/m2s2_custom_interfaces_s__rosidl_typesupport_introspection_c.cpython-38-x86_64-linux-gnu.so[0m
[8.086s] [ 97%] [32m[1mLinking C shared library rosidl_generator_py/m2s2_custom_interfaces/m2s2_custom_interfaces_s__rosidl_typesupport_c.cpython-38-x86_64-linux-gnu.so[0m
[8.116s] [100%] [32m[1mLinking CXX shared library rosidl_generator_py/m2s2_custom_interfaces/m2s2_custom_interfaces_s__rosidl_typesupport_fastrtps_c.cpython-38-x86_64-linux-gnu.so[0m
[8.155s] [100%] Built target m2s2_custom_interfaces__rosidl_typesupport_introspection_c__pyext
[8.157s] [100%] Built target m2s2_custom_interfaces__rosidl_typesupport_c__pyext
[8.229s] [100%] Built target m2s2_custom_interfaces__rosidl_typesupport_fastrtps_c__pyext
[8.244s] Invoked command in '/home/azraa/ros2_ws/build/m2s2_custom_interfaces' returned '0': CMAKE_PREFIX_PATH=/home/azraa/ros2_ws/install/v4l2_camera:/home/azraa/ros2_ws/install/audio_common:/home/azraa/ros2_ws/install/sound_play:/home/azraa/ros2_ws/install/my_robot_bringup:/home/azraa/ros2_ws/install/my_cpp_pkg:/home/azraa/ros2_ws/install/my_robot_interfaces:/home/azraa/ros2_ws/install/bme280:/home/azraa/ros2_ws/install/m2s2_custom_interfaces:/home/azraa/ros2_ws/install/m2s2_bringup:/home/azraa/ros2_ws/install/gscam:/home/azraa/ros2_ws/install/flir_lepton_capture:/home/azraa/ros2_ws/install/flir_lepton_msgs:/home/azraa/ros2_ws/install/audio_play:/home/azraa/ros2_ws/install/audio_capture:/home/azraa/ros2_ws/install/audio_common_msgs:/home/azraa/ros2_ws/install/m2s2_test_python:/opt/ros/foxy:/opt/ros/noetic /usr/bin/cmake --build /home/azraa/ros2_ws/build/m2s2_custom_interfaces -- -j4 -l4
[8.343s] Invoking command in '/home/azraa/ros2_ws/build/m2s2_custom_interfaces': CMAKE_PREFIX_PATH=/home/azraa/ros2_ws/install/v4l2_camera:/home/azraa/ros2_ws/install/audio_common:/home/azraa/ros2_ws/install/sound_play:/home/azraa/ros2_ws/install/my_robot_bringup:/home/azraa/ros2_ws/install/my_cpp_pkg:/home/azraa/ros2_ws/install/my_robot_interfaces:/home/azraa/ros2_ws/install/bme280:/home/azraa/ros2_ws/install/m2s2_custom_interfaces:/home/azraa/ros2_ws/install/m2s2_bringup:/home/azraa/ros2_ws/install/gscam:/home/azraa/ros2_ws/install/flir_lepton_capture:/home/azraa/ros2_ws/install/flir_lepton_msgs:/home/azraa/ros2_ws/install/audio_play:/home/azraa/ros2_ws/install/audio_capture:/home/azraa/ros2_ws/install/audio_common_msgs:/home/azraa/ros2_ws/install/m2s2_test_python:/opt/ros/foxy:/opt/ros/noetic /usr/bin/cmake --install /home/azraa/ros2_ws/build/m2s2_custom_interfaces
[8.354s] -- Install configuration: ""
[8.354s] -- Installing: /home/azraa/ros2_ws/install/m2s2_custom_interfaces/share/ament_index/resource_index/rosidl_interfaces/m2s2_custom_interfaces
[8.355s] -- Up-to-date: /home/azraa/ros2_ws/install/m2s2_custom_interfaces/include/m2s2_custom_interfaces
[8.355s] -- Up-to-date: /home/azraa/ros2_ws/install/m2s2_custom_interfaces/include/m2s2_custom_interfaces/msg
[8.355s] -- Installing: /home/azraa/ros2_ws/install/m2s2_custom_interfaces/include/m2s2_custom_interfaces/msg/raw_ir_data.h
[8.355s] -- Up-to-date: /home/azraa/ros2_ws/install/m2s2_custom_interfaces/include/m2s2_custom_interfaces/msg/detail
[8.355s] -- Installing: /home/azraa/ros2_ws/install/m2s2_custom_interfaces/include/m2s2_custom_interfaces/msg/detail/raw_ir_data__struct.h
[8.355s] -- Installing: /home/azraa/ros2_ws/install/m2s2_custom_interfaces/include/m2s2_custom_interfaces/msg/detail/raw_ir_data__functions.h
[8.356s] -- Installing: /home/azraa/ros2_ws/install/m2s2_custom_interfaces/include/m2s2_custom_interfaces/msg/detail/enviro_data__functions.h
[8.356s] -- Installing: /home/azraa/ros2_ws/install/m2s2_custom_interfaces/include/m2s2_custom_interfaces/msg/detail/enviro_data__struct.h
[8.356s] -- Installing: /home/azraa/ros2_ws/install/m2s2_custom_interfaces/include/m2s2_custom_interfaces/msg/detail/raw_ir_data__functions.c
[8.356s] -- Installing: /home/azraa/ros2_ws/install/m2s2_custom_interfaces/include/m2s2_custom_interfaces/msg/detail/enviro_data__type_support.h
[8.356s] -- Installing: /home/azraa/ros2_ws/install/m2s2_custom_interfaces/include/m2s2_custom_interfaces/msg/detail/raw_ir_data__type_support.h
[8.356s] -- Installing: /home/azraa/ros2_ws/install/m2s2_custom_interfaces/include/m2s2_custom_interfaces/msg/detail/enviro_data__functions.c
[8.356s] -- Installing: /home/azraa/ros2_ws/install/m2s2_custom_interfaces/include/m2s2_custom_interfaces/msg/enviro_data.h
[8.356s] -- Up-to-date: /home/azraa/ros2_ws/install/m2s2_custom_interfaces/include/m2s2_custom_interfaces/msg/rosidl_generator_c__visibility_control.h
[8.356s] -- Up-to-date: /home/azraa/ros2_ws/install/m2s2_custom_interfaces/share/m2s2_custom_interfaces/environment/library_path.sh
[8.356s] -- Installing: /home/azraa/ros2_ws/install/m2s2_custom_interfaces/share/m2s2_custom_interfaces/environment/library_path.dsv
[8.356s] -- Installing: /home/azraa/ros2_ws/install/m2s2_custom_interfaces/lib/libm2s2_custom_interfaces__rosidl_generator_c.so
[8.358s] -- Set runtime path of "/home/azraa/ros2_ws/install/m2s2_custom_interfaces/lib/libm2s2_custom_interfaces__rosidl_generator_c.so" to ""
[8.358s] -- Up-to-date: /home/azraa/ros2_ws/install/m2s2_custom_interfaces/include/m2s2_custom_interfaces
[8.358s] -- Up-to-date: /home/azraa/ros2_ws/install/m2s2_custom_interfaces/include/m2s2_custom_interfaces/msg
[8.358s] -- Up-to-date: /home/azraa/ros2_ws/install/m2s2_custom_interfaces/include/m2s2_custom_interfaces/msg/rosidl_typesupport_fastrtps_c__visibility_control.h
[8.359s] -- Up-to-date: /home/azraa/ros2_ws/install/m2s2_custom_interfaces/include/m2s2_custom_interfaces/msg/detail
[8.359s] -- Installing: /home/azraa/ros2_ws/install/m2s2_custom_interfaces/include/m2s2_custom_interfaces/msg/detail/enviro_data__rosidl_typesupport_fastrtps_c.h
[8.360s] -- Installing: /home/azraa/ros2_ws/install/m2s2_custom_interfaces/include/m2s2_custom_interfaces/msg/detail/raw_ir_data__rosidl_typesupport_fastrtps_c.h
[8.361s] -- Installing: /home/azraa/ros2_ws/install/m2s2_custom_interfaces/lib/libm2s2_custom_interfaces__rosidl_typesupport_fastrtps_c.so
[8.361s] -- Set runtime path of "/home/azraa/ros2_ws/install/m2s2_custom_interfaces/lib/libm2s2_custom_interfaces__rosidl_typesupport_fastrtps_c.so" to ""
[8.361s] -- Up-to-date: /home/azraa/ros2_ws/install/m2s2_custom_interfaces/include/m2s2_custom_interfaces
[8.361s] -- Up-to-date: /home/azraa/ros2_ws/install/m2s2_custom_interfaces/include/m2s2_custom_interfaces/msg
[8.361s] -- Up-to-date: /home/azraa/ros2_ws/install/m2s2_custom_interfaces/include/m2s2_custom_interfaces/msg/detail
[8.361s] -- Installing: /home/azraa/ros2_ws/install/m2s2_custom_interfaces/include/m2s2_custom_interfaces/msg/detail/enviro_data__rosidl_typesupport_fastrtps_cpp.hpp
[8.361s] -- Installing: /home/azraa/ros2_ws/install/m2s2_custom_interfaces/include/m2s2_custom_interfaces/msg/detail/raw_ir_data__rosidl_typesupport_fastrtps_cpp.hpp
[8.361s] -- Up-to-date: /home/azraa/ros2_ws/install/m2s2_custom_interfaces/include/m2s2_custom_interfaces/msg/detail/dds_fastrtps
[8.361s] -- Up-to-date: /home/azraa/ros2_ws/install/m2s2_custom_interfaces/include/m2s2_custom_interfaces/msg/rosidl_typesupport_fastrtps_cpp__visibility_control.h
[8.362s] -- Installing: /home/azraa/ros2_ws/install/m2s2_custom_interfaces/lib/libm2s2_custom_interfaces__rosidl_typesupport_fastrtps_cpp.so
[8.363s] -- Set runtime path of "/home/azraa/ros2_ws/install/m2s2_custom_interfaces/lib/libm2s2_custom_interfaces__rosidl_typesupport_fastrtps_cpp.so" to ""
[8.363s] -- Up-to-date: /home/azraa/ros2_ws/install/m2s2_custom_interfaces/include/m2s2_custom_interfaces
[8.363s] -- Up-to-date: /home/azraa/ros2_ws/install/m2s2_custom_interfaces/include/m2s2_custom_interfaces/msg
[8.363s] -- Up-to-date: /home/azraa/ros2_ws/install/m2s2_custom_interfaces/include/m2s2_custom_interfaces/msg/detail
[8.364s] -- Installing: /home/azraa/ros2_ws/install/m2s2_custom_interfaces/include/m2s2_custom_interfaces/msg/detail/raw_ir_data__type_support.c
[8.364s] -- Installing: /home/azraa/ros2_ws/install/m2s2_custom_interfaces/include/m2s2_custom_interfaces/msg/detail/raw_ir_data__rosidl_typesupport_introspection_c.h
[8.364s] -- Installing: /home/azraa/ros2_ws/install/m2s2_custom_interfaces/include/m2s2_custom_interfaces/msg/detail/enviro_data__type_support.c
[8.365s] -- Installing: /home/azraa/ros2_ws/install/m2s2_custom_interfaces/include/m2s2_custom_interfaces/msg/detail/enviro_data__rosidl_typesupport_introspection_c.h
[8.365s] -- Up-to-date: /home/azraa/ros2_ws/install/m2s2_custom_interfaces/include/m2s2_custom_interfaces/msg/rosidl_typesupport_introspection_c__visibility_control.h
[8.366s] -- Installing: /home/azraa/ros2_ws/install/m2s2_custom_interfaces/lib/libm2s2_custom_interfaces__rosidl_typesupport_introspection_c.so
[8.367s] -- Set runtime path of "/home/azraa/ros2_ws/install/m2s2_custom_interfaces/lib/libm2s2_custom_interfaces__rosidl_typesupport_introspection_c.so" to ""
[8.368s] -- Installing: /home/azraa/ros2_ws/install/m2s2_custom_interfaces/lib/libm2s2_custom_interfaces__rosidl_typesupport_c.so
[8.368s] -- Set runtime path of "/home/azraa/ros2_ws/install/m2s2_custom_interfaces/lib/libm2s2_custom_interfaces__rosidl_typesupport_c.so" to ""
[8.368s] -- Up-to-date: /home/azraa/ros2_ws/install/m2s2_custom_interfaces/include/m2s2_custom_interfaces
[8.369s] -- Up-to-date: /home/azraa/ros2_ws/install/m2s2_custom_interfaces/include/m2s2_custom_interfaces/msg
[8.369s] -- Up-to-date: /home/azraa/ros2_ws/install/m2s2_custom_interfaces/include/m2s2_custom_interfaces/msg/detail
[8.369s] -- Installing: /home/azraa/ros2_ws/install/m2s2_custom_interfaces/include/m2s2_custom_interfaces/msg/detail/raw_ir_data__builder.hpp
[8.369s] -- Installing: /home/azraa/ros2_ws/install/m2s2_custom_interfaces/include/m2s2_custom_interfaces/msg/detail/enviro_data__struct.hpp
[8.369s] -- Installing: /home/azraa/ros2_ws/install/m2s2_custom_interfaces/include/m2s2_custom_interfaces/msg/detail/raw_ir_data__struct.hpp
[8.369s] -- Installing: /home/azraa/ros2_ws/install/m2s2_custom_interfaces/include/m2s2_custom_interfaces/msg/detail/enviro_data__builder.hpp
[8.370s] -- Installing: /home/azraa/ros2_ws/install/m2s2_custom_interfaces/include/m2s2_custom_interfaces/msg/detail/raw_ir_data__traits.hpp
[8.370s] -- Installing: /home/azraa/ros2_ws/install/m2s2_custom_interfaces/include/m2s2_custom_interfaces/msg/detail/enviro_data__traits.hpp
[8.370s] -- Installing: /home/azraa/ros2_ws/install/m2s2_custom_interfaces/include/m2s2_custom_interfaces/msg/raw_ir_data.hpp
[8.370s] -- Installing: /home/azraa/ros2_ws/install/m2s2_custom_interfaces/include/m2s2_custom_interfaces/msg/enviro_data.hpp
[8.370s] -- Up-to-date: /home/azraa/ros2_ws/install/m2s2_custom_interfaces/include/m2s2_custom_interfaces
[8.371s] -- Up-to-date: /home/azraa/ros2_ws/install/m2s2_custom_interfaces/include/m2s2_custom_interfaces/msg
[8.371s] -- Up-to-date: /home/azraa/ros2_ws/install/m2s2_custom_interfaces/include/m2s2_custom_interfaces/msg/detail
[8.371s] -- Installing: /home/azraa/ros2_ws/install/m2s2_custom_interfaces/include/m2s2_custom_interfaces/msg/detail/raw_ir_data__type_support.cpp
[8.371s] -- Installing: /home/azraa/ros2_ws/install/m2s2_custom_interfaces/include/m2s2_custom_interfaces/msg/detail/enviro_data__type_support.cpp
[8.371s] -- Installing: /home/azraa/ros2_ws/install/m2s2_custom_interfaces/include/m2s2_custom_interfaces/msg/detail/enviro_data__rosidl_typesupport_introspection_cpp.hpp
[8.371s] -- Installing: /home/azraa/ros2_ws/install/m2s2_custom_interfaces/include/m2s2_custom_interfaces/msg/detail/raw_ir_data__rosidl_typesupport_introspection_cpp.hpp
[8.372s] -- Installing: /home/azraa/ros2_ws/install/m2s2_custom_interfaces/lib/libm2s2_custom_interfaces__rosidl_typesupport_introspection_cpp.so
[8.372s] -- Set runtime path of "/home/azraa/ros2_ws/install/m2s2_custom_interfaces/lib/libm2s2_custom_interfaces__rosidl_typesupport_introspection_cpp.so" to ""
[8.373s] -- Installing: /home/azraa/ros2_ws/install/m2s2_custom_interfaces/lib/libm2s2_custom_interfaces__rosidl_typesupport_cpp.so
[8.374s] -- Set runtime path of "/home/azraa/ros2_ws/install/m2s2_custom_interfaces/lib/libm2s2_custom_interfaces__rosidl_typesupport_cpp.so" to ""
[8.374s] -- Up-to-date: /home/azraa/ros2_ws/install/m2s2_custom_interfaces/share/m2s2_custom_interfaces/environment/pythonpath.sh
[8.374s] -- Installing: /home/azraa/ros2_ws/install/m2s2_custom_interfaces/share/m2s2_custom_interfaces/environment/pythonpath.dsv
[8.374s] -- Installing: /home/azraa/ros2_ws/install/m2s2_custom_interfaces/lib/python3.8/site-packages/m2s2_custom_interfaces/__init__.py
[8.426s] Compiling '/home/azraa/ros2_ws/install/m2s2_custom_interfaces/lib/python3.8/site-packages/m2s2_custom_interfaces/__init__.py'...
[8.431s] -- Up-to-date: /home/azraa/ros2_ws/install/m2s2_custom_interfaces/lib/python3.8/site-packages/m2s2_custom_interfaces/msg
[8.432s] -- Installing: /home/azraa/ros2_ws/install/m2s2_custom_interfaces/lib/python3.8/site-packages/m2s2_custom_interfaces/msg/_raw_ir_data_s.c
[8.432s] -- Installing: /home/azraa/ros2_ws/install/m2s2_custom_interfaces/lib/python3.8/site-packages/m2s2_custom_interfaces/msg/_enviro_data.py
[8.432s] -- Installing: /home/azraa/ros2_ws/install/m2s2_custom_interfaces/lib/python3.8/site-packages/m2s2_custom_interfaces/msg/_enviro_data_s.c
[8.432s] -- Installing: /home/azraa/ros2_ws/install/m2s2_custom_interfaces/lib/python3.8/site-packages/m2s2_custom_interfaces/msg/__init__.py
[8.432s] -- Installing: /home/azraa/ros2_ws/install/m2s2_custom_interfaces/lib/python3.8/site-packages/m2s2_custom_interfaces/msg/_raw_ir_data.py
[8.433s] -- Installing: /home/azraa/ros2_ws/install/m2s2_custom_interfaces/lib/python3.8/site-packages/m2s2_custom_interfaces/m2s2_custom_interfaces_s__rosidl_typesupport_fastrtps_c.cpython-38-x86_64-linux-gnu.so
[8.433s] -- Set runtime path of "/home/azraa/ros2_ws/install/m2s2_custom_interfaces/lib/python3.8/site-packages/m2s2_custom_interfaces/m2s2_custom_interfaces_s__rosidl_typesupport_fastrtps_c.cpython-38-x86_64-linux-gnu.so" to ""
[8.434s] -- Installing: /home/azraa/ros2_ws/install/m2s2_custom_interfaces/lib/python3.8/site-packages/m2s2_custom_interfaces/m2s2_custom_interfaces_s__rosidl_typesupport_introspection_c.cpython-38-x86_64-linux-gnu.so
[8.435s] -- Set runtime path of "/home/azraa/ros2_ws/install/m2s2_custom_interfaces/lib/python3.8/site-packages/m2s2_custom_interfaces/m2s2_custom_interfaces_s__rosidl_typesupport_introspection_c.cpython-38-x86_64-linux-gnu.so" to ""
[8.436s] -- Installing: /home/azraa/ros2_ws/install/m2s2_custom_interfaces/lib/python3.8/site-packages/m2s2_custom_interfaces/m2s2_custom_interfaces_s__rosidl_typesupport_c.cpython-38-x86_64-linux-gnu.so
[8.437s] -- Set runtime path of "/home/azraa/ros2_ws/install/m2s2_custom_interfaces/lib/python3.8/site-packages/m2s2_custom_interfaces/m2s2_custom_interfaces_s__rosidl_typesupport_c.cpython-38-x86_64-linux-gnu.so" to ""
[8.437s] -- Installing: /home/azraa/ros2_ws/install/m2s2_custom_interfaces/lib/libm2s2_custom_interfaces__python.so
[8.438s] -- Set runtime path of "/home/azraa/ros2_ws/install/m2s2_custom_interfaces/lib/libm2s2_custom_interfaces__python.so" to ""
[8.438s] -- Up-to-date: /home/azraa/ros2_ws/install/m2s2_custom_interfaces/share/m2s2_custom_interfaces/msg/EnviroData.idl
[8.438s] -- Installing: /home/azraa/ros2_ws/install/m2s2_custom_interfaces/share/m2s2_custom_interfaces/msg/RawIrData.idl
[8.438s] -- Up-to-date: /home/azraa/ros2_ws/install/m2s2_custom_interfaces/share/m2s2_custom_interfaces/msg/EnviroData.msg
[8.439s] -- Installing: /home/azraa/ros2_ws/install/m2s2_custom_interfaces/share/m2s2_custom_interfaces/msg/RawIrData.msg
[8.439s] -- Installing: /home/azraa/ros2_ws/install/m2s2_custom_interfaces/share/ament_index/resource_index/package_run_dependencies/m2s2_custom_interfaces
[8.439s] -- Installing: /home/azraa/ros2_ws/install/m2s2_custom_interfaces/share/ament_index/resource_index/parent_prefix_path/m2s2_custom_interfaces
[8.439s] -- Up-to-date: /home/azraa/ros2_ws/install/m2s2_custom_interfaces/share/m2s2_custom_interfaces/environment/ament_prefix_path.sh
[8.439s] -- Installing: /home/azraa/ros2_ws/install/m2s2_custom_interfaces/share/m2s2_custom_interfaces/environment/ament_prefix_path.dsv
[8.439s] -- Up-to-date: /home/azraa/ros2_ws/install/m2s2_custom_interfaces/share/m2s2_custom_interfaces/environment/path.sh
[8.440s] -- Installing: /home/azraa/ros2_ws/install/m2s2_custom_interfaces/share/m2s2_custom_interfaces/environment/path.dsv
[8.440s] -- Up-to-date: /home/azraa/ros2_ws/install/m2s2_custom_interfaces/share/m2s2_custom_interfaces/local_setup.bash
[8.440s] -- Up-to-date: /home/azraa/ros2_ws/install/m2s2_custom_interfaces/share/m2s2_custom_interfaces/local_setup.sh
[8.440s] -- Up-to-date: /home/azraa/ros2_ws/install/m2s2_custom_interfaces/share/m2s2_custom_interfaces/local_setup.zsh
[8.440s] -- Installing: /home/azraa/ros2_ws/install/m2s2_custom_interfaces/share/m2s2_custom_interfaces/local_setup.dsv
[8.440s] -- Installing: /home/azraa/ros2_ws/install/m2s2_custom_interfaces/share/m2s2_custom_interfaces/package.dsv
[8.440s] -- Up-to-date: /home/azraa/ros2_ws/install/m2s2_custom_interfaces/share/ament_index/resource_index/packages/m2s2_custom_interfaces
[8.441s] -- Old export file "/home/azraa/ros2_ws/install/m2s2_custom_interfaces/share/m2s2_custom_interfaces/cmake/m2s2_custom_interfaces__rosidl_generator_cExport.cmake" will be replaced.  Removing files [/home/azraa/ros2_ws/install/m2s2_custom_interfaces/share/m2s2_custom_interfaces/cmake/m2s2_custom_interfaces__rosidl_generator_cExport-noconfig.cmake].
[8.441s] -- Installing: /home/azraa/ros2_ws/install/m2s2_custom_interfaces/share/m2s2_custom_interfaces/cmake/m2s2_custom_interfaces__rosidl_generator_cExport.cmake
[8.441s] -- Installing: /home/azraa/ros2_ws/install/m2s2_custom_interfaces/share/m2s2_custom_interfaces/cmake/m2s2_custom_interfaces__rosidl_generator_cExport-noconfig.cmake
[8.441s] -- Old export file "/home/azraa/ros2_ws/install/m2s2_custom_interfaces/share/m2s2_custom_interfaces/cmake/m2s2_custom_interfaces__rosidl_typesupport_introspection_cExport.cmake" will be replaced.  Removing files [/home/azraa/ros2_ws/install/m2s2_custom_interfaces/share/m2s2_custom_interfaces/cmake/m2s2_custom_interfaces__rosidl_typesupport_introspection_cExport-noconfig.cmake].
[8.441s] -- Installing: /home/azraa/ros2_ws/install/m2s2_custom_interfaces/share/m2s2_custom_interfaces/cmake/m2s2_custom_interfaces__rosidl_typesupport_introspection_cExport.cmake
[8.441s] -- Installing: /home/azraa/ros2_ws/install/m2s2_custom_interfaces/share/m2s2_custom_interfaces/cmake/m2s2_custom_interfaces__rosidl_typesupport_introspection_cExport-noconfig.cmake
[8.442s] -- Old export file "/home/azraa/ros2_ws/install/m2s2_custom_interfaces/share/m2s2_custom_interfaces/cmake/m2s2_custom_interfaces__rosidl_typesupport_cExport.cmake" will be replaced.  Removing files [/home/azraa/ros2_ws/install/m2s2_custom_interfaces/share/m2s2_custom_interfaces/cmake/m2s2_custom_interfaces__rosidl_typesupport_cExport-noconfig.cmake].
[8.442s] -- Installing: /home/azraa/ros2_ws/install/m2s2_custom_interfaces/share/m2s2_custom_interfaces/cmake/m2s2_custom_interfaces__rosidl_typesupport_cExport.cmake
[8.442s] -- Installing: /home/azraa/ros2_ws/install/m2s2_custom_interfaces/share/m2s2_custom_interfaces/cmake/m2s2_custom_interfaces__rosidl_typesupport_cExport-noconfig.cmake
[8.443s] -- Installing: /home/azraa/ros2_ws/install/m2s2_custom_interfaces/share/m2s2_custom_interfaces/cmake/m2s2_custom_interfaces__rosidl_generator_cppExport.cmake
[8.443s] -- Old export file "/home/azraa/ros2_ws/install/m2s2_custom_interfaces/share/m2s2_custom_interfaces/cmake/m2s2_custom_interfaces__rosidl_typesupport_introspection_cppExport.cmake" will be replaced.  Removing files [/home/azraa/ros2_ws/install/m2s2_custom_interfaces/share/m2s2_custom_interfaces/cmake/m2s2_custom_interfaces__rosidl_typesupport_introspection_cppExport-noconfig.cmake].
[8.443s] -- Installing: /home/azraa/ros2_ws/install/m2s2_custom_interfaces/share/m2s2_custom_interfaces/cmake/m2s2_custom_interfaces__rosidl_typesupport_introspection_cppExport.cmake
[8.443s] -- Installing: /home/azraa/ros2_ws/install/m2s2_custom_interfaces/share/m2s2_custom_interfaces/cmake/m2s2_custom_interfaces__rosidl_typesupport_introspection_cppExport-noconfig.cmake
[8.444s] -- Old export file "/home/azraa/ros2_ws/install/m2s2_custom_interfaces/share/m2s2_custom_interfaces/cmake/m2s2_custom_interfaces__rosidl_typesupport_cppExport.cmake" will be replaced.  Removing files [/home/azraa/ros2_ws/install/m2s2_custom_interfaces/share/m2s2_custom_interfaces/cmake/m2s2_custom_interfaces__rosidl_typesupport_cppExport-noconfig.cmake].
[8.444s] -- Installing: /home/azraa/ros2_ws/install/m2s2_custom_interfaces/share/m2s2_custom_interfaces/cmake/m2s2_custom_interfaces__rosidl_typesupport_cppExport.cmake
[8.444s] -- Installing: /home/azraa/ros2_ws/install/m2s2_custom_interfaces/share/m2s2_custom_interfaces/cmake/m2s2_custom_interfaces__rosidl_typesupport_cppExport-noconfig.cmake
[8.444s] -- Installing: /home/azraa/ros2_ws/install/m2s2_custom_interfaces/share/m2s2_custom_interfaces/cmake/rosidl_cmake-extras.cmake
[8.444s] -- Installing: /home/azraa/ros2_ws/install/m2s2_custom_interfaces/share/m2s2_custom_interfaces/cmake/ament_cmake_export_dependencies-extras.cmake
[8.445s] -- Up-to-date: /home/azraa/ros2_ws/install/m2s2_custom_interfaces/share/m2s2_custom_interfaces/cmake/ament_cmake_export_libraries-extras.cmake
[8.445s] -- Up-to-date: /home/azraa/ros2_ws/install/m2s2_custom_interfaces/share/m2s2_custom_interfaces/cmake/ament_cmake_export_targets-extras.cmake
[8.445s] -- Up-to-date: /home/azraa/ros2_ws/install/m2s2_custom_interfaces/share/m2s2_custom_interfaces/cmake/ament_cmake_export_include_directories-extras.cmake
[8.445s] -- Up-to-date: /home/azraa/ros2_ws/install/m2s2_custom_interfaces/share/m2s2_custom_interfaces/cmake/rosidl_cmake_export_typesupport_libraries-extras.cmake
[8.445s] -- Up-to-date: /home/azraa/ros2_ws/install/m2s2_custom_interfaces/share/m2s2_custom_interfaces/cmake/rosidl_cmake_export_typesupport_targets-extras.cmake
[8.445s] -- Up-to-date: /home/azraa/ros2_ws/install/m2s2_custom_interfaces/share/m2s2_custom_interfaces/cmake/m2s2_custom_interfacesConfig.cmake
[8.445s] -- Up-to-date: /home/azraa/ros2_ws/install/m2s2_custom_interfaces/share/m2s2_custom_interfaces/cmake/m2s2_custom_interfacesConfig-version.cmake
[8.445s] -- Installing: /home/azraa/ros2_ws/install/m2s2_custom_interfaces/share/m2s2_custom_interfaces/package.xml
[8.449s] Invoked command in '/home/azraa/ros2_ws/build/m2s2_custom_interfaces' returned '0': CMAKE_PREFIX_PATH=/home/azraa/ros2_ws/install/v4l2_camera:/home/azraa/ros2_ws/install/audio_common:/home/azraa/ros2_ws/install/sound_play:/home/azraa/ros2_ws/install/my_robot_bringup:/home/azraa/ros2_ws/install/my_cpp_pkg:/home/azraa/ros2_ws/install/my_robot_interfaces:/home/azraa/ros2_ws/install/bme280:/home/azraa/ros2_ws/install/m2s2_custom_interfaces:/home/azraa/ros2_ws/install/m2s2_bringup:/home/azraa/ros2_ws/install/gscam:/home/azraa/ros2_ws/install/flir_lepton_capture:/home/azraa/ros2_ws/install/flir_lepton_msgs:/home/azraa/ros2_ws/install/audio_play:/home/azraa/ros2_ws/install/audio_capture:/home/azraa/ros2_ws/install/audio_common_msgs:/home/azraa/ros2_ws/install/m2s2_test_python:/opt/ros/foxy:/opt/ros/noetic /usr/bin/cmake --install /home/azraa/ros2_ws/build/m2s2_custom_interfaces
