[0.356s] Invoking command in '/home/azraa/ros2_ws/build/audio_capture': CMAKE_PREFIX_PATH=/home/azraa/ros2_ws/install/audio_common_msgs:/home/azraa/ros2_ws/install/audio_common:/home/azraa/ros2_ws/install/sound_play:/home/azraa/ros2_ws/install/my_robot_bringup:/home/azraa/ros2_ws/install/my_cpp_pkg:/home/azraa/ros2_ws/install/my_robot_interfaces:/home/azraa/ros2_ws/install/bme280:/home/azraa/ros2_ws/install/m2s2_custom_interfaces:/home/azraa/ros2_ws/install/m2s2_bringup:/home/azraa/ros2_ws/install/audio_play:/home/azraa/ros2_ws/install/audio_capture:/opt/ros/foxy LD_LIBRARY_PATH=/home/azraa/ros2_ws/install/audio_common_msgs/lib:/home/azraa/ros2_ws/install/sound_play/lib:/home/azraa/ros2_ws/install/my_robot_interfaces/lib:/home/azraa/ros2_ws/install/m2s2_custom_interfaces/lib:/opt/ros/foxy/opt/yaml_cpp_vendor/lib:/opt/ros/foxy/opt/rviz_ogre_vendor/lib:/opt/ros/foxy/lib/x86_64-linux-gnu:/opt/ros/foxy/lib PYTHONPATH=/home/azraa/ros2_ws/install/audio_common_msgs/lib/python3.8/site-packages:/home/azraa/ros2_ws/install/sound_play/lib/python3.8/site-packages:/home/azraa/ros2_ws/install/my_robot_interfaces/lib/python3.8/site-packages:/home/azraa/ros2_ws/install/my_py_pkg/lib/python3.8/site-packages:/home/azraa/ros2_ws/install/m2s2_custom_interfaces/lib/python3.8/site-packages:/opt/ros/foxy/lib/python3.8/site-packages /usr/bin/cmake --build /home/azraa/ros2_ws/build/audio_capture -- -j4 -l4
[0.457s] [35m[1mScanning dependencies of target audio_capture[0m
[0.585s] [ 50%] [32mBuilding CXX object CMakeFiles/audio_capture.dir/src/audio_capture.cpp.o[0m
[5.296s] [01m[K/home/azraa/ros2_ws/src/M2S2/audio_common/audio_capture/src/audio_capture.cpp:[m[K In static member function ‘[01m[Kstatic gboolean audio_transport::RosGstCapture::onMessage(GstBus*, GstMessage*, gpointer)[m[K’:
[5.296s] [01m[K/home/azraa/ros2_ws/src/M2S2/audio_common/audio_capture/src/audio_capture.cpp:215:42:[m[K [01;35m[Kwarning: [m[Kunused parameter ‘[01m[Kbus[m[K’ [[01;35m[K-Wunused-parameter[m[K]
[5.296s]   215 |       static gboolean onMessage ([01;35m[KGstBus *bus[m[K, GstMessage *message, gpointer userData)
[5.296s]       |                                  [01;35m[K~~~~~~~~^~~[m[K
[9.292s] [100%] [32m[1mLinking CXX executable audio_capture[0m
[9.926s] [100%] Built target audio_capture
[9.958s] Invoked command in '/home/azraa/ros2_ws/build/audio_capture' returned '0': CMAKE_PREFIX_PATH=/home/azraa/ros2_ws/install/audio_common_msgs:/home/azraa/ros2_ws/install/audio_common:/home/azraa/ros2_ws/install/sound_play:/home/azraa/ros2_ws/install/my_robot_bringup:/home/azraa/ros2_ws/install/my_cpp_pkg:/home/azraa/ros2_ws/install/my_robot_interfaces:/home/azraa/ros2_ws/install/bme280:/home/azraa/ros2_ws/install/m2s2_custom_interfaces:/home/azraa/ros2_ws/install/m2s2_bringup:/home/azraa/ros2_ws/install/audio_play:/home/azraa/ros2_ws/install/audio_capture:/opt/ros/foxy LD_LIBRARY_PATH=/home/azraa/ros2_ws/install/audio_common_msgs/lib:/home/azraa/ros2_ws/install/sound_play/lib:/home/azraa/ros2_ws/install/my_robot_interfaces/lib:/home/azraa/ros2_ws/install/m2s2_custom_interfaces/lib:/opt/ros/foxy/opt/yaml_cpp_vendor/lib:/opt/ros/foxy/opt/rviz_ogre_vendor/lib:/opt/ros/foxy/lib/x86_64-linux-gnu:/opt/ros/foxy/lib PYTHONPATH=/home/azraa/ros2_ws/install/audio_common_msgs/lib/python3.8/site-packages:/home/azraa/ros2_ws/install/sound_play/lib/python3.8/site-packages:/home/azraa/ros2_ws/install/my_robot_interfaces/lib/python3.8/site-packages:/home/azraa/ros2_ws/install/my_py_pkg/lib/python3.8/site-packages:/home/azraa/ros2_ws/install/m2s2_custom_interfaces/lib/python3.8/site-packages:/opt/ros/foxy/lib/python3.8/site-packages /usr/bin/cmake --build /home/azraa/ros2_ws/build/audio_capture -- -j4 -l4
[10.038s] Invoking command in '/home/azraa/ros2_ws/build/audio_capture': CMAKE_PREFIX_PATH=/home/azraa/ros2_ws/install/audio_common_msgs:/home/azraa/ros2_ws/install/audio_common:/home/azraa/ros2_ws/install/sound_play:/home/azraa/ros2_ws/install/my_robot_bringup:/home/azraa/ros2_ws/install/my_cpp_pkg:/home/azraa/ros2_ws/install/my_robot_interfaces:/home/azraa/ros2_ws/install/bme280:/home/azraa/ros2_ws/install/m2s2_custom_interfaces:/home/azraa/ros2_ws/install/m2s2_bringup:/home/azraa/ros2_ws/install/audio_play:/home/azraa/ros2_ws/install/audio_capture:/opt/ros/foxy LD_LIBRARY_PATH=/home/azraa/ros2_ws/install/audio_common_msgs/lib:/home/azraa/ros2_ws/install/sound_play/lib:/home/azraa/ros2_ws/install/my_robot_interfaces/lib:/home/azraa/ros2_ws/install/m2s2_custom_interfaces/lib:/opt/ros/foxy/opt/yaml_cpp_vendor/lib:/opt/ros/foxy/opt/rviz_ogre_vendor/lib:/opt/ros/foxy/lib/x86_64-linux-gnu:/opt/ros/foxy/lib PYTHONPATH=/home/azraa/ros2_ws/install/audio_common_msgs/lib/python3.8/site-packages:/home/azraa/ros2_ws/install/sound_play/lib/python3.8/site-packages:/home/azraa/ros2_ws/install/my_robot_interfaces/lib/python3.8/site-packages:/home/azraa/ros2_ws/install/my_py_pkg/lib/python3.8/site-packages:/home/azraa/ros2_ws/install/m2s2_custom_interfaces/lib/python3.8/site-packages:/opt/ros/foxy/lib/python3.8/site-packages /usr/bin/cmake --install /home/azraa/ros2_ws/build/audio_capture
[10.067s] -- Install configuration: ""
[10.070s] -- Installing: /home/azraa/ros2_ws/install/audio_capture/lib/audio_capture/audio_capture
[10.074s] -- Set runtime path of "/home/azraa/ros2_ws/install/audio_capture/lib/audio_capture/audio_capture" to ""
[10.074s] -- Up-to-date: /home/azraa/ros2_ws/install/audio_capture/share/audio_capture/launch
[10.075s] -- Up-to-date: /home/azraa/ros2_ws/install/audio_capture/share/audio_capture/launch/capture_to_file.launch.xml
[10.075s] -- Up-to-date: /home/azraa/ros2_ws/install/audio_capture/share/audio_capture/launch/capture_wave.launch.xml
[10.075s] -- Up-to-date: /home/azraa/ros2_ws/install/audio_capture/share/audio_capture/launch/capture.launch.xml
[10.076s] -- Up-to-date: /home/azraa/ros2_ws/install/audio_capture/share/ament_index/resource_index/package_run_dependencies/audio_capture
[10.077s] -- Up-to-date: /home/azraa/ros2_ws/install/audio_capture/share/ament_index/resource_index/parent_prefix_path/audio_capture
[10.078s] -- Up-to-date: /home/azraa/ros2_ws/install/audio_capture/share/audio_capture/environment/ament_prefix_path.sh
[10.079s] -- Up-to-date: /home/azraa/ros2_ws/install/audio_capture/share/audio_capture/environment/ament_prefix_path.dsv
[10.080s] -- Up-to-date: /home/azraa/ros2_ws/install/audio_capture/share/audio_capture/environment/path.sh
[10.080s] -- Up-to-date: /home/azraa/ros2_ws/install/audio_capture/share/audio_capture/environment/path.dsv
[10.081s] -- Up-to-date: /home/azraa/ros2_ws/install/audio_capture/share/audio_capture/local_setup.bash
[10.081s] -- Up-to-date: /home/azraa/ros2_ws/install/audio_capture/share/audio_capture/local_setup.sh
[10.082s] -- Up-to-date: /home/azraa/ros2_ws/install/audio_capture/share/audio_capture/local_setup.zsh
[10.082s] -- Up-to-date: /home/azraa/ros2_ws/install/audio_capture/share/audio_capture/local_setup.dsv
[10.082s] -- Installing: /home/azraa/ros2_ws/install/audio_capture/share/audio_capture/package.dsv
[10.082s] -- Up-to-date: /home/azraa/ros2_ws/install/audio_capture/share/ament_index/resource_index/packages/audio_capture
[10.083s] -- Up-to-date: /home/azraa/ros2_ws/install/audio_capture/share/audio_capture/cmake/audio_captureConfig.cmake
[10.083s] -- Up-to-date: /home/azraa/ros2_ws/install/audio_capture/share/audio_capture/cmake/audio_captureConfig-version.cmake
[10.083s] -- Up-to-date: /home/azraa/ros2_ws/install/audio_capture/share/audio_capture/package.xml
[10.092s] Invoked command in '/home/azraa/ros2_ws/build/audio_capture' returned '0': CMAKE_PREFIX_PATH=/home/azraa/ros2_ws/install/audio_common_msgs:/home/azraa/ros2_ws/install/audio_common:/home/azraa/ros2_ws/install/sound_play:/home/azraa/ros2_ws/install/my_robot_bringup:/home/azraa/ros2_ws/install/my_cpp_pkg:/home/azraa/ros2_ws/install/my_robot_interfaces:/home/azraa/ros2_ws/install/bme280:/home/azraa/ros2_ws/install/m2s2_custom_interfaces:/home/azraa/ros2_ws/install/m2s2_bringup:/home/azraa/ros2_ws/install/audio_play:/home/azraa/ros2_ws/install/audio_capture:/opt/ros/foxy LD_LIBRARY_PATH=/home/azraa/ros2_ws/install/audio_common_msgs/lib:/home/azraa/ros2_ws/install/sound_play/lib:/home/azraa/ros2_ws/install/my_robot_interfaces/lib:/home/azraa/ros2_ws/install/m2s2_custom_interfaces/lib:/opt/ros/foxy/opt/yaml_cpp_vendor/lib:/opt/ros/foxy/opt/rviz_ogre_vendor/lib:/opt/ros/foxy/lib/x86_64-linux-gnu:/opt/ros/foxy/lib PYTHONPATH=/home/azraa/ros2_ws/install/audio_common_msgs/lib/python3.8/site-packages:/home/azraa/ros2_ws/install/sound_play/lib/python3.8/site-packages:/home/azraa/ros2_ws/install/my_robot_interfaces/lib/python3.8/site-packages:/home/azraa/ros2_ws/install/my_py_pkg/lib/python3.8/site-packages:/home/azraa/ros2_ws/install/m2s2_custom_interfaces/lib/python3.8/site-packages:/opt/ros/foxy/lib/python3.8/site-packages /usr/bin/cmake --install /home/azraa/ros2_ws/build/audio_capture
