/home/azraa/ros2_ws/install/flir_lepton_purethermal2/lib/python3.8/site-packages/flir_lepton_purethermal2/__init__.py
/home/azraa/ros2_ws/install/flir_lepton_purethermal2/lib/python3.8/site-packages/flir_lepton_purethermal2/purethermal2_node.py
/home/azraa/ros2_ws/install/flir_lepton_purethermal2/lib/python3.8/site-packages/flir_lepton_purethermal2/uvctypes.py
/home/azraa/ros2_ws/install/flir_lepton_purethermal2/lib/python3.8/site-packages/flir_lepton_purethermal2/purethermal2_subscriber.py
/home/azraa/ros2_ws/install/flir_lepton_purethermal2/lib/python3.8/site-packages/flir_lepton_purethermal2/submodules/__init__.py
/home/azraa/ros2_ws/install/flir_lepton_purethermal2/lib/python3.8/site-packages/flir_lepton_purethermal2/submodules/uvctypes.py
/home/azraa/ros2_ws/install/flir_lepton_purethermal2/lib/python3.8/site-packages/flir_lepton_purethermal2/__pycache__/__init__.cpython-38.pyc
/home/azraa/ros2_ws/install/flir_lepton_purethermal2/lib/python3.8/site-packages/flir_lepton_purethermal2/__pycache__/purethermal2_node.cpython-38.pyc
/home/azraa/ros2_ws/install/flir_lepton_purethermal2/lib/python3.8/site-packages/flir_lepton_purethermal2/__pycache__/uvctypes.cpython-38.pyc
/home/azraa/ros2_ws/install/flir_lepton_purethermal2/lib/python3.8/site-packages/flir_lepton_purethermal2/__pycache__/purethermal2_subscriber.cpython-38.pyc
/home/azraa/ros2_ws/install/flir_lepton_purethermal2/lib/python3.8/site-packages/flir_lepton_purethermal2/submodules/__pycache__/__init__.cpython-38.pyc
/home/azraa/ros2_ws/install/flir_lepton_purethermal2/lib/python3.8/site-packages/flir_lepton_purethermal2/submodules/__pycache__/uvctypes.cpython-38.pyc
/home/azraa/ros2_ws/install/flir_lepton_purethermal2/share/ament_index/resource_index/packages/flir_lepton_purethermal2
/home/azraa/ros2_ws/install/flir_lepton_purethermal2/share/flir_lepton_purethermal2/package.xml
/home/azraa/ros2_ws/install/flir_lepton_purethermal2/lib/python3.8/site-packages/flir_lepton_purethermal2-0.0.0-py3.8.egg-info/dependency_links.txt
/home/azraa/ros2_ws/install/flir_lepton_purethermal2/lib/python3.8/site-packages/flir_lepton_purethermal2-0.0.0-py3.8.egg-info/SOURCES.txt
/home/azraa/ros2_ws/install/flir_lepton_purethermal2/lib/python3.8/site-packages/flir_lepton_purethermal2-0.0.0-py3.8.egg-info/requires.txt
/home/azraa/ros2_ws/install/flir_lepton_purethermal2/lib/python3.8/site-packages/flir_lepton_purethermal2-0.0.0-py3.8.egg-info/PKG-INFO
/home/azraa/ros2_ws/install/flir_lepton_purethermal2/lib/python3.8/site-packages/flir_lepton_purethermal2-0.0.0-py3.8.egg-info/entry_points.txt
/home/azraa/ros2_ws/install/flir_lepton_purethermal2/lib/python3.8/site-packages/flir_lepton_purethermal2-0.0.0-py3.8.egg-info/zip-safe
/home/azraa/ros2_ws/install/flir_lepton_purethermal2/lib/python3.8/site-packages/flir_lepton_purethermal2-0.0.0-py3.8.egg-info/top_level.txt
/home/azraa/ros2_ws/install/flir_lepton_purethermal2/lib/flir_lepton_purethermal2/purethermal2_node
/home/azraa/ros2_ws/install/flir_lepton_purethermal2/lib/flir_lepton_purethermal2/purethermal2_subscriber
