[0.000000] (-) TimerEvent: {}
[0.000159] (-) JobUnselected: {'identifier': 'audio_capture'}
[0.000195] (-) JobUnselected: {'identifier': 'audio_common'}
[0.000220] (-) JobUnselected: {'identifier': 'audio_common_msgs'}
[0.000265] (-) JobUnselected: {'identifier': 'audio_play'}
[0.000292] (-) JobUnselected: {'identifier': 'bme280'}
[0.000329] (-) JobUnselected: {'identifier': 'flir_lepton_data_processor'}
[0.000353] (-) JobUnselected: {'identifier': 'flir_lepton_msgs'}
[0.000376] (-) JobUnselected: {'identifier': 'flir_lepton_purethermal2'}
[0.000399] (-) JobUnselected: {'identifier': 'flir_lepton_ros2'}
[0.000423] (-) JobUnselected: {'identifier': 'gscam'}
[0.000446] (-) JobUnselected: {'identifier': 'm2s2_bringup'}
[0.000470] (-) JobUnselected: {'identifier': 'm2s2_custom_interfaces'}
[0.000493] (-) JobUnselected: {'identifier': 'm2s2_test_python'}
[0.000516] (-) JobUnselected: {'identifier': 'my_cpp_pkg'}
[0.000540] (-) JobUnselected: {'identifier': 'my_python_pkg'}
[0.000563] (-) JobUnselected: {'identifier': 'my_robot_bringup'}
[0.000587] (-) JobUnselected: {'identifier': 'my_robot_interfaces'}
[0.000611] (-) JobUnselected: {'identifier': 'sound_play'}
[0.000634] (-) JobUnselected: {'identifier': 'v4l2_camera'}
[0.000657] (-) JobUnselected: {'identifier': 'ximea_ros2_cam'}
[0.000681] (-) EventReactorShutdown: {}
