[35m[1mScanning dependencies of target flir_lepton_publisher[0m
[ 50%] [32mBuilding CXX object CMakeFiles/flir_lepton_publisher.dir/src/flir_lepton_capture.cpp.o[0m
[01m[K/home/azraa/ros2_ws/src/flir_lepton/flir_lepton_capture/src/flir_lepton_capture.cpp:[m[K In member function ‘[01m[Kvoid flir_lepton::FlirLeptonNode::publish_stream()[m[K’:
[01m[K/home/azraa/ros2_ws/src/flir_lepton/flir_lepton_capture/src/flir_lepton_capture.cpp:419:24:[m[K [01;31m[Kerror: [m[K‘[01m[Kusing _layout_type = struct example_interfaces::msg::MultiArrayLayout_<std::allocator<void> >[m[K’ {aka ‘[01m[Kstruct example_interfaces::msg::MultiArrayLayout_<std::allocator<void> >[m[K’} has no member named ‘[01m[Kpush_back[m[K’
  419 |       raw_data->layout.[01;31m[Kpush_back[m[K(example_interfaces::MultiArrayDimension());
      |                        [01;31m[K^~~~~~~~~[m[K
[01m[K/home/azraa/ros2_ws/src/flir_lepton/flir_lepton_capture/src/flir_lepton_capture.cpp:419:54:[m[K [01;31m[Kerror: [m[K‘[01m[KMultiArrayDimension[m[K’ is not a member of ‘[01m[Kexample_interfaces[m[K’; did you mean ‘[01m[Kexample_interfaces::msg::MultiArrayDimension[m[K’?
  419 |       raw_data->layout.push_back(example_interfaces::[01;31m[KMultiArrayDimension[m[K());
      |                                                      [01;31m[K^~~~~~~~~~~~~~~~~~~[m[K
In file included from [01m[K/opt/ros/foxy/include/example_interfaces/msg/multi_array_dimension.hpp:7[m[K,
                 from [01m[K/home/azraa/ros2_ws/src/flir_lepton/flir_lepton_capture/src/flir_lepton_capture.cpp:33[m[K:
[01m[K/opt/ros/foxy/include/example_interfaces/msg/detail/multi_array_dimension__struct.hpp:149:7:[m[K [01;36m[Knote: [m[K‘[01m[Kexample_interfaces::msg::MultiArrayDimension[m[K’ declared here
  149 | using [01;36m[KMultiArrayDimension[m[K =
      |       [01;36m[K^~~~~~~~~~~~~~~~~~~[m[K
[01m[K/home/azraa/ros2_ws/src/flir_lepton/flir_lepton_capture/src/flir_lepton_capture.cpp:425:24:[m[K [01;31m[Kerror: [m[K‘[01m[Kusing _layout_type = struct example_interfaces::msg::MultiArrayLayout_<std::allocator<void> >[m[K’ {aka ‘[01m[Kstruct example_interfaces::msg::MultiArrayLayout_<std::allocator<void> >[m[K’} has no member named ‘[01m[Kpush_back[m[K’
  425 |       raw_data->layout.[01;31m[Kpush_back[m[K(example_interfaces::MultiArrayDimension());
      |                        [01;31m[K^~~~~~~~~[m[K
[01m[K/home/azraa/ros2_ws/src/flir_lepton/flir_lepton_capture/src/flir_lepton_capture.cpp:425:54:[m[K [01;31m[Kerror: [m[K‘[01m[KMultiArrayDimension[m[K’ is not a member of ‘[01m[Kexample_interfaces[m[K’; did you mean ‘[01m[Kexample_interfaces::msg::MultiArrayDimension[m[K’?
  425 |       raw_data->layout.push_back(example_interfaces::[01;31m[KMultiArrayDimension[m[K());
      |                                                      [01;31m[K^~~~~~~~~~~~~~~~~~~[m[K
In file included from [01m[K/opt/ros/foxy/include/example_interfaces/msg/multi_array_dimension.hpp:7[m[K,
                 from [01m[K/home/azraa/ros2_ws/src/flir_lepton/flir_lepton_capture/src/flir_lepton_capture.cpp:33[m[K:
[01m[K/opt/ros/foxy/include/example_interfaces/msg/detail/multi_array_dimension__struct.hpp:149:7:[m[K [01;36m[Knote: [m[K‘[01m[Kexample_interfaces::msg::MultiArrayDimension[m[K’ declared here
  149 | using [01;36m[KMultiArrayDimension[m[K =
      |       [01;36m[K^~~~~~~~~~~~~~~~~~~[m[K
[01m[K/home/azraa/ros2_ws/src/flir_lepton/flir_lepton_capture/src/flir_lepton_capture.cpp:[m[K In function ‘[01m[Kvoid flir_lepton::gst_eos_cb(GstAppSink*, gpointer)[m[K’:
[01m[K/home/azraa/ros2_ws/src/flir_lepton/flir_lepton_capture/src/flir_lepton_capture.cpp:521:30:[m[K [01;35m[Kwarning: [m[Kunused parameter ‘[01m[Kappsink[m[K’ [[01;35m[K-Wunused-parameter[m[K]
  521 | void gst_eos_cb([01;35m[KGstAppSink * appsink[m[K, gpointer user_data)
      |                 [01;35m[K~~~~~~~~~~~~~^~~~~~~[m[K
[01m[K/home/azraa/ros2_ws/src/flir_lepton/flir_lepton_capture/src/flir_lepton_capture.cpp:521:48:[m[K [01;35m[Kwarning: [m[Kunused parameter ‘[01m[Kuser_data[m[K’ [[01;35m[K-Wunused-parameter[m[K]
  521 | void gst_eos_cb(GstAppSink * appsink, [01;35m[Kgpointer user_data[m[K)
      |                                       [01;35m[K~~~~~~~~~^~~~~~~~~[m[K
[01m[K/home/azraa/ros2_ws/src/flir_lepton/flir_lepton_capture/src/flir_lepton_capture.cpp:[m[K In function ‘[01m[KGstFlowReturn flir_lepton::gst_new_preroll_cb(GstAppSink*, gpointer)[m[K’:
[01m[K/home/azraa/ros2_ws/src/flir_lepton/flir_lepton_capture/src/flir_lepton_capture.cpp:524:47:[m[K [01;35m[Kwarning: [m[Kunused parameter ‘[01m[Kappsink[m[K’ [[01;35m[K-Wunused-parameter[m[K]
  524 | GstFlowReturn gst_new_preroll_cb([01;35m[KGstAppSink * appsink[m[K, gpointer user_data)
      |                                  [01;35m[K~~~~~~~~~~~~~^~~~~~~[m[K
[01m[K/home/azraa/ros2_ws/src/flir_lepton/flir_lepton_capture/src/flir_lepton_capture.cpp:524:65:[m[K [01;35m[Kwarning: [m[Kunused parameter ‘[01m[Kuser_data[m[K’ [[01;35m[K-Wunused-parameter[m[K]
  524 | GstFlowReturn gst_new_preroll_cb(GstAppSink * appsink, [01;35m[Kgpointer user_data[m[K)
      |                                                        [01;35m[K~~~~~~~~~^~~~~~~~~[m[K
[01m[K/home/azraa/ros2_ws/src/flir_lepton/flir_lepton_capture/src/flir_lepton_capture.cpp:[m[K In function ‘[01m[KGstFlowReturn flir_lepton::gst_new_asample_cb(GstAppSink*, gpointer)[m[K’:
[01m[K/home/azraa/ros2_ws/src/flir_lepton/flir_lepton_capture/src/flir_lepton_capture.cpp:528:47:[m[K [01;35m[Kwarning: [m[Kunused parameter ‘[01m[Kappsink[m[K’ [[01;35m[K-Wunused-parameter[m[K]
  528 | GstFlowReturn gst_new_asample_cb([01;35m[KGstAppSink * appsink[m[K, gpointer user_data)
      |                                  [01;35m[K~~~~~~~~~~~~~^~~~~~~[m[K
[01m[K/home/azraa/ros2_ws/src/flir_lepton/flir_lepton_capture/src/flir_lepton_capture.cpp:528:65:[m[K [01;35m[Kwarning: [m[Kunused parameter ‘[01m[Kuser_data[m[K’ [[01;35m[K-Wunused-parameter[m[K]
  528 | GstFlowReturn gst_new_asample_cb(GstAppSink * appsink, [01;35m[Kgpointer user_data[m[K)
      |                                                        [01;35m[K~~~~~~~~~^~~~~~~~~[m[K
make[2]: *** [CMakeFiles/flir_lepton_publisher.dir/build.make:63: CMakeFiles/flir_lepton_publisher.dir/src/flir_lepton_capture.cpp.o] Error 1
make[1]: *** [CMakeFiles/Makefile2:78: CMakeFiles/flir_lepton_publisher.dir/all] Error 2
make: *** [Makefile:141: all] Error 2
