[0.057s] Invoking command in '/home/azraa/ros2_ws/build/flir_lepton_msgs': CMAKE_PREFIX_PATH=/home/azraa/ros2_ws/install/v4l2_camera:/home/azraa/ros2_ws/install/audio_common:/home/azraa/ros2_ws/install/sound_play:/home/azraa/ros2_ws/install/my_robot_bringup:/home/azraa/ros2_ws/install/my_cpp_pkg:/home/azraa/ros2_ws/install/my_robot_interfaces:/home/azraa/ros2_ws/install/bme280:/home/azraa/ros2_ws/install/m2s2_custom_interfaces:/home/azraa/ros2_ws/install/m2s2_bringup:/home/azraa/ros2_ws/install/gscam:/home/azraa/ros2_ws/install/flir_lepton_msgs:/home/azraa/ros2_ws/install/flir_lepton_capture:/home/azraa/ros2_ws/install/audio_play:/home/azraa/ros2_ws/install/audio_capture:/home/azraa/ros2_ws/install/audio_common_msgs:/home/azraa/ros2_ws/install/m2s2_test_python:/opt/ros/foxy:/opt/ros/noetic /usr/bin/cmake --build /home/azraa/ros2_ws/build/flir_lepton_msgs -- -j4 -l4
[0.188s] [  3%] Built target flir_lepton_msgs__cpp
[0.198s] [ 12%] Built target flir_lepton_msgs__rosidl_generator_c
[0.290s] [ 22%] Built target flir_lepton_msgs__rosidl_typesupport_fastrtps_cpp
[0.298s] [ 32%] Built target flir_lepton_msgs__rosidl_typesupport_introspection_cpp
[0.316s] [ 41%] Built target flir_lepton_msgs__rosidl_typesupport_c
[0.318s] [ 51%] Built target flir_lepton_msgs__rosidl_typesupport_cpp
[0.368s] [ 61%] Built target flir_lepton_msgs__rosidl_typesupport_introspection_c
[0.396s] [ 70%] Built target flir_lepton_msgs__rosidl_typesupport_fastrtps_c
[0.425s] [ 70%] Built target flir_lepton_msgs
[0.453s] [ 74%] Built target flir_lepton_msgs__py
[0.490s] [ 80%] Built target flir_lepton_msgs__python
[0.550s] [ 87%] Built target flir_lepton_msgs__rosidl_typesupport_c__pyext
[0.587s] [100%] Built target flir_lepton_msgs__rosidl_typesupport_fastrtps_c__pyext
[0.587s] [100%] Built target flir_lepton_msgs__rosidl_typesupport_introspection_c__pyext
[0.613s] Invoked command in '/home/azraa/ros2_ws/build/flir_lepton_msgs' returned '0': CMAKE_PREFIX_PATH=/home/azraa/ros2_ws/install/v4l2_camera:/home/azraa/ros2_ws/install/audio_common:/home/azraa/ros2_ws/install/sound_play:/home/azraa/ros2_ws/install/my_robot_bringup:/home/azraa/ros2_ws/install/my_cpp_pkg:/home/azraa/ros2_ws/install/my_robot_interfaces:/home/azraa/ros2_ws/install/bme280:/home/azraa/ros2_ws/install/m2s2_custom_interfaces:/home/azraa/ros2_ws/install/m2s2_bringup:/home/azraa/ros2_ws/install/gscam:/home/azraa/ros2_ws/install/flir_lepton_msgs:/home/azraa/ros2_ws/install/flir_lepton_capture:/home/azraa/ros2_ws/install/audio_play:/home/azraa/ros2_ws/install/audio_capture:/home/azraa/ros2_ws/install/audio_common_msgs:/home/azraa/ros2_ws/install/m2s2_test_python:/opt/ros/foxy:/opt/ros/noetic /usr/bin/cmake --build /home/azraa/ros2_ws/build/flir_lepton_msgs -- -j4 -l4
[0.717s] Invoking command in '/home/azraa/ros2_ws/build/flir_lepton_msgs': CMAKE_PREFIX_PATH=/home/azraa/ros2_ws/install/v4l2_camera:/home/azraa/ros2_ws/install/audio_common:/home/azraa/ros2_ws/install/sound_play:/home/azraa/ros2_ws/install/my_robot_bringup:/home/azraa/ros2_ws/install/my_cpp_pkg:/home/azraa/ros2_ws/install/my_robot_interfaces:/home/azraa/ros2_ws/install/bme280:/home/azraa/ros2_ws/install/m2s2_custom_interfaces:/home/azraa/ros2_ws/install/m2s2_bringup:/home/azraa/ros2_ws/install/gscam:/home/azraa/ros2_ws/install/flir_lepton_msgs:/home/azraa/ros2_ws/install/flir_lepton_capture:/home/azraa/ros2_ws/install/audio_play:/home/azraa/ros2_ws/install/audio_capture:/home/azraa/ros2_ws/install/audio_common_msgs:/home/azraa/ros2_ws/install/m2s2_test_python:/opt/ros/foxy:/opt/ros/noetic /usr/bin/cmake --install /home/azraa/ros2_ws/build/flir_lepton_msgs
[0.733s] -- Install configuration: ""
[0.733s] -- Up-to-date: /home/azraa/ros2_ws/install/flir_lepton_msgs/share/ament_index/resource_index/rosidl_interfaces/flir_lepton_msgs
[0.733s] -- Up-to-date: /home/azraa/ros2_ws/install/flir_lepton_msgs/include/flir_lepton_msgs
[0.733s] -- Up-to-date: /home/azraa/ros2_ws/install/flir_lepton_msgs/include/flir_lepton_msgs/msg
[0.734s] -- Up-to-date: /home/azraa/ros2_ws/install/flir_lepton_msgs/include/flir_lepton_msgs/msg/detail
[0.738s] -- Up-to-date: /home/azraa/ros2_ws/install/flir_lepton_msgs/include/flir_lepton_msgs/msg/detail/raw_data__type_support.h
[0.738s] -- Up-to-date: /home/azraa/ros2_ws/install/flir_lepton_msgs/include/flir_lepton_msgs/msg/detail/raw_data__functions.c
[0.739s] -- Up-to-date: /home/azraa/ros2_ws/install/flir_lepton_msgs/include/flir_lepton_msgs/msg/detail/raw_data__functions.h
[0.739s] -- Up-to-date: /home/azraa/ros2_ws/install/flir_lepton_msgs/include/flir_lepton_msgs/msg/detail/raw_data__struct.h
[0.739s] -- Up-to-date: /home/azraa/ros2_ws/install/flir_lepton_msgs/include/flir_lepton_msgs/msg/raw_data.h
[0.739s] -- Up-to-date: /home/azraa/ros2_ws/install/flir_lepton_msgs/include/flir_lepton_msgs/msg/rosidl_generator_c__visibility_control.h
[0.739s] -- Up-to-date: /home/azraa/ros2_ws/install/flir_lepton_msgs/share/flir_lepton_msgs/environment/library_path.sh
[0.739s] -- Up-to-date: /home/azraa/ros2_ws/install/flir_lepton_msgs/share/flir_lepton_msgs/environment/library_path.dsv
[0.741s] -- Up-to-date: /home/azraa/ros2_ws/install/flir_lepton_msgs/lib/libflir_lepton_msgs__rosidl_generator_c.so
[0.741s] -- Up-to-date: /home/azraa/ros2_ws/install/flir_lepton_msgs/include/flir_lepton_msgs
[0.742s] -- Up-to-date: /home/azraa/ros2_ws/install/flir_lepton_msgs/include/flir_lepton_msgs/msg
[0.742s] -- Up-to-date: /home/azraa/ros2_ws/install/flir_lepton_msgs/include/flir_lepton_msgs/msg/rosidl_typesupport_fastrtps_c__visibility_control.h
[0.742s] -- Up-to-date: /home/azraa/ros2_ws/install/flir_lepton_msgs/include/flir_lepton_msgs/msg/detail
[0.742s] -- Up-to-date: /home/azraa/ros2_ws/install/flir_lepton_msgs/include/flir_lepton_msgs/msg/detail/raw_data__rosidl_typesupport_fastrtps_c.h
[0.742s] -- Up-to-date: /home/azraa/ros2_ws/install/flir_lepton_msgs/lib/libflir_lepton_msgs__rosidl_typesupport_fastrtps_c.so
[0.743s] -- Up-to-date: /home/azraa/ros2_ws/install/flir_lepton_msgs/include/flir_lepton_msgs
[0.743s] -- Up-to-date: /home/azraa/ros2_ws/install/flir_lepton_msgs/include/flir_lepton_msgs/msg
[0.743s] -- Up-to-date: /home/azraa/ros2_ws/install/flir_lepton_msgs/include/flir_lepton_msgs/msg/detail
[0.743s] -- Up-to-date: /home/azraa/ros2_ws/install/flir_lepton_msgs/include/flir_lepton_msgs/msg/detail/dds_fastrtps
[0.743s] -- Up-to-date: /home/azraa/ros2_ws/install/flir_lepton_msgs/include/flir_lepton_msgs/msg/detail/raw_data__rosidl_typesupport_fastrtps_cpp.hpp
[0.743s] -- Up-to-date: /home/azraa/ros2_ws/install/flir_lepton_msgs/include/flir_lepton_msgs/msg/rosidl_typesupport_fastrtps_cpp__visibility_control.h
[0.744s] -- Up-to-date: /home/azraa/ros2_ws/install/flir_lepton_msgs/lib/libflir_lepton_msgs__rosidl_typesupport_fastrtps_cpp.so
[0.744s] -- Up-to-date: /home/azraa/ros2_ws/install/flir_lepton_msgs/include/flir_lepton_msgs
[0.744s] -- Up-to-date: /home/azraa/ros2_ws/install/flir_lepton_msgs/include/flir_lepton_msgs/msg
[0.744s] -- Up-to-date: /home/azraa/ros2_ws/install/flir_lepton_msgs/include/flir_lepton_msgs/msg/detail
[0.744s] -- Up-to-date: /home/azraa/ros2_ws/install/flir_lepton_msgs/include/flir_lepton_msgs/msg/detail/raw_data__type_support.c
[0.744s] -- Up-to-date: /home/azraa/ros2_ws/install/flir_lepton_msgs/include/flir_lepton_msgs/msg/detail/raw_data__rosidl_typesupport_introspection_c.h
[0.744s] -- Up-to-date: /home/azraa/ros2_ws/install/flir_lepton_msgs/include/flir_lepton_msgs/msg/rosidl_typesupport_introspection_c__visibility_control.h
[0.744s] -- Up-to-date: /home/azraa/ros2_ws/install/flir_lepton_msgs/lib/libflir_lepton_msgs__rosidl_typesupport_introspection_c.so
[0.745s] -- Up-to-date: /home/azraa/ros2_ws/install/flir_lepton_msgs/lib/libflir_lepton_msgs__rosidl_typesupport_c.so
[0.745s] -- Up-to-date: /home/azraa/ros2_ws/install/flir_lepton_msgs/include/flir_lepton_msgs
[0.745s] -- Up-to-date: /home/azraa/ros2_ws/install/flir_lepton_msgs/include/flir_lepton_msgs/msg
[0.745s] -- Up-to-date: /home/azraa/ros2_ws/install/flir_lepton_msgs/include/flir_lepton_msgs/msg/detail
[0.745s] -- Up-to-date: /home/azraa/ros2_ws/install/flir_lepton_msgs/include/flir_lepton_msgs/msg/detail/raw_data__builder.hpp
[0.745s] -- Up-to-date: /home/azraa/ros2_ws/install/flir_lepton_msgs/include/flir_lepton_msgs/msg/detail/raw_data__struct.hpp
[0.745s] -- Up-to-date: /home/azraa/ros2_ws/install/flir_lepton_msgs/include/flir_lepton_msgs/msg/detail/raw_data__traits.hpp
[0.745s] -- Up-to-date: /home/azraa/ros2_ws/install/flir_lepton_msgs/include/flir_lepton_msgs/msg/raw_data.hpp
[0.746s] -- Up-to-date: /home/azraa/ros2_ws/install/flir_lepton_msgs/include/flir_lepton_msgs
[0.746s] -- Up-to-date: /home/azraa/ros2_ws/install/flir_lepton_msgs/include/flir_lepton_msgs/msg
[0.746s] -- Up-to-date: /home/azraa/ros2_ws/install/flir_lepton_msgs/include/flir_lepton_msgs/msg/detail
[0.746s] -- Up-to-date: /home/azraa/ros2_ws/install/flir_lepton_msgs/include/flir_lepton_msgs/msg/detail/raw_data__rosidl_typesupport_introspection_cpp.hpp
[0.746s] -- Up-to-date: /home/azraa/ros2_ws/install/flir_lepton_msgs/include/flir_lepton_msgs/msg/detail/raw_data__type_support.cpp
[0.746s] -- Up-to-date: /home/azraa/ros2_ws/install/flir_lepton_msgs/lib/libflir_lepton_msgs__rosidl_typesupport_introspection_cpp.so
[0.747s] -- Up-to-date: /home/azraa/ros2_ws/install/flir_lepton_msgs/lib/libflir_lepton_msgs__rosidl_typesupport_cpp.so
[0.747s] -- Up-to-date: /home/azraa/ros2_ws/install/flir_lepton_msgs/share/flir_lepton_msgs/environment/pythonpath.sh
[0.747s] -- Up-to-date: /home/azraa/ros2_ws/install/flir_lepton_msgs/share/flir_lepton_msgs/environment/pythonpath.dsv
[0.747s] -- Up-to-date: /home/azraa/ros2_ws/install/flir_lepton_msgs/lib/python3.8/site-packages/flir_lepton_msgs/__init__.py
[0.832s] -- Up-to-date: /home/azraa/ros2_ws/install/flir_lepton_msgs/lib/python3.8/site-packages/flir_lepton_msgs/msg
[0.832s] -- Up-to-date: /home/azraa/ros2_ws/install/flir_lepton_msgs/lib/python3.8/site-packages/flir_lepton_msgs/msg/_raw_data.py
[0.832s] -- Up-to-date: /home/azraa/ros2_ws/install/flir_lepton_msgs/lib/python3.8/site-packages/flir_lepton_msgs/msg/__init__.py
[0.832s] -- Up-to-date: /home/azraa/ros2_ws/install/flir_lepton_msgs/lib/python3.8/site-packages/flir_lepton_msgs/msg/_raw_data_s.c
[0.833s] -- Up-to-date: /home/azraa/ros2_ws/install/flir_lepton_msgs/lib/python3.8/site-packages/flir_lepton_msgs/flir_lepton_msgs_s__rosidl_typesupport_fastrtps_c.cpython-38-x86_64-linux-gnu.so
[0.835s] -- Up-to-date: /home/azraa/ros2_ws/install/flir_lepton_msgs/lib/python3.8/site-packages/flir_lepton_msgs/flir_lepton_msgs_s__rosidl_typesupport_introspection_c.cpython-38-x86_64-linux-gnu.so
[0.836s] -- Up-to-date: /home/azraa/ros2_ws/install/flir_lepton_msgs/lib/python3.8/site-packages/flir_lepton_msgs/flir_lepton_msgs_s__rosidl_typesupport_c.cpython-38-x86_64-linux-gnu.so
[0.836s] -- Up-to-date: /home/azraa/ros2_ws/install/flir_lepton_msgs/lib/libflir_lepton_msgs__python.so
[0.837s] -- Up-to-date: /home/azraa/ros2_ws/install/flir_lepton_msgs/share/flir_lepton_msgs/msg/RawData.idl
[0.837s] -- Up-to-date: /home/azraa/ros2_ws/install/flir_lepton_msgs/share/flir_lepton_msgs/msg/RawData.msg
[0.837s] -- Up-to-date: /home/azraa/ros2_ws/install/flir_lepton_msgs/share/ament_index/resource_index/package_run_dependencies/flir_lepton_msgs
[0.837s] -- Up-to-date: /home/azraa/ros2_ws/install/flir_lepton_msgs/share/ament_index/resource_index/parent_prefix_path/flir_lepton_msgs
[0.838s] -- Up-to-date: /home/azraa/ros2_ws/install/flir_lepton_msgs/share/flir_lepton_msgs/environment/ament_prefix_path.sh
[0.838s] -- Up-to-date: /home/azraa/ros2_ws/install/flir_lepton_msgs/share/flir_lepton_msgs/environment/ament_prefix_path.dsv
[0.838s] -- Up-to-date: /home/azraa/ros2_ws/install/flir_lepton_msgs/share/flir_lepton_msgs/environment/path.sh
[0.838s] -- Up-to-date: /home/azraa/ros2_ws/install/flir_lepton_msgs/share/flir_lepton_msgs/environment/path.dsv
[0.839s] -- Up-to-date: /home/azraa/ros2_ws/install/flir_lepton_msgs/share/flir_lepton_msgs/local_setup.bash
[0.839s] -- Up-to-date: /home/azraa/ros2_ws/install/flir_lepton_msgs/share/flir_lepton_msgs/local_setup.sh
[0.839s] -- Up-to-date: /home/azraa/ros2_ws/install/flir_lepton_msgs/share/flir_lepton_msgs/local_setup.zsh
[0.839s] -- Up-to-date: /home/azraa/ros2_ws/install/flir_lepton_msgs/share/flir_lepton_msgs/local_setup.dsv
[0.839s] -- Installing: /home/azraa/ros2_ws/install/flir_lepton_msgs/share/flir_lepton_msgs/package.dsv
[0.839s] -- Up-to-date: /home/azraa/ros2_ws/install/flir_lepton_msgs/share/ament_index/resource_index/packages/flir_lepton_msgs
[0.845s] -- Up-to-date: /home/azraa/ros2_ws/install/flir_lepton_msgs/share/flir_lepton_msgs/cmake/flir_lepton_msgs__rosidl_generator_cExport.cmake
[0.845s] -- Up-to-date: /home/azraa/ros2_ws/install/flir_lepton_msgs/share/flir_lepton_msgs/cmake/flir_lepton_msgs__rosidl_generator_cExport-noconfig.cmake
[0.846s] -- Up-to-date: /home/azraa/ros2_ws/install/flir_lepton_msgs/share/flir_lepton_msgs/cmake/flir_lepton_msgs__rosidl_typesupport_introspection_cExport.cmake
[0.847s] -- Up-to-date: /home/azraa/ros2_ws/install/flir_lepton_msgs/share/flir_lepton_msgs/cmake/flir_lepton_msgs__rosidl_typesupport_introspection_cExport-noconfig.cmake
[0.847s] -- Up-to-date: /home/azraa/ros2_ws/install/flir_lepton_msgs/share/flir_lepton_msgs/cmake/flir_lepton_msgs__rosidl_typesupport_cExport.cmake
[0.847s] -- Up-to-date: /home/azraa/ros2_ws/install/flir_lepton_msgs/share/flir_lepton_msgs/cmake/flir_lepton_msgs__rosidl_typesupport_cExport-noconfig.cmake
[0.848s] -- Up-to-date: /home/azraa/ros2_ws/install/flir_lepton_msgs/share/flir_lepton_msgs/cmake/flir_lepton_msgs__rosidl_generator_cppExport.cmake
[0.850s] -- Up-to-date: /home/azraa/ros2_ws/install/flir_lepton_msgs/share/flir_lepton_msgs/cmake/flir_lepton_msgs__rosidl_typesupport_introspection_cppExport.cmake
[0.850s] -- Up-to-date: /home/azraa/ros2_ws/install/flir_lepton_msgs/share/flir_lepton_msgs/cmake/flir_lepton_msgs__rosidl_typesupport_introspection_cppExport-noconfig.cmake
[0.850s] -- Up-to-date: /home/azraa/ros2_ws/install/flir_lepton_msgs/share/flir_lepton_msgs/cmake/flir_lepton_msgs__rosidl_typesupport_cppExport.cmake
[0.850s] -- Up-to-date: /home/azraa/ros2_ws/install/flir_lepton_msgs/share/flir_lepton_msgs/cmake/flir_lepton_msgs__rosidl_typesupport_cppExport-noconfig.cmake
[0.850s] -- Up-to-date: /home/azraa/ros2_ws/install/flir_lepton_msgs/share/flir_lepton_msgs/cmake/rosidl_cmake-extras.cmake
[0.851s] -- Up-to-date: /home/azraa/ros2_ws/install/flir_lepton_msgs/share/flir_lepton_msgs/cmake/ament_cmake_export_dependencies-extras.cmake
[0.851s] -- Up-to-date: /home/azraa/ros2_ws/install/flir_lepton_msgs/share/flir_lepton_msgs/cmake/ament_cmake_export_libraries-extras.cmake
[0.853s] -- Up-to-date: /home/azraa/ros2_ws/install/flir_lepton_msgs/share/flir_lepton_msgs/cmake/ament_cmake_export_targets-extras.cmake
[0.854s] -- Up-to-date: /home/azraa/ros2_ws/install/flir_lepton_msgs/share/flir_lepton_msgs/cmake/ament_cmake_export_include_directories-extras.cmake
[0.854s] -- Up-to-date: /home/azraa/ros2_ws/install/flir_lepton_msgs/share/flir_lepton_msgs/cmake/rosidl_cmake_export_typesupport_libraries-extras.cmake
[0.854s] -- Up-to-date: /home/azraa/ros2_ws/install/flir_lepton_msgs/share/flir_lepton_msgs/cmake/rosidl_cmake_export_typesupport_targets-extras.cmake
[0.854s] -- Up-to-date: /home/azraa/ros2_ws/install/flir_lepton_msgs/share/flir_lepton_msgs/cmake/flir_lepton_msgsConfig.cmake
[0.855s] -- Up-to-date: /home/azraa/ros2_ws/install/flir_lepton_msgs/share/flir_lepton_msgs/cmake/flir_lepton_msgsConfig-version.cmake
[0.855s] -- Up-to-date: /home/azraa/ros2_ws/install/flir_lepton_msgs/share/flir_lepton_msgs/package.xml
[0.963s] Invoked command in '/home/azraa/ros2_ws/build/flir_lepton_msgs' returned '0': CMAKE_PREFIX_PATH=/home/azraa/ros2_ws/install/v4l2_camera:/home/azraa/ros2_ws/install/audio_common:/home/azraa/ros2_ws/install/sound_play:/home/azraa/ros2_ws/install/my_robot_bringup:/home/azraa/ros2_ws/install/my_cpp_pkg:/home/azraa/ros2_ws/install/my_robot_interfaces:/home/azraa/ros2_ws/install/bme280:/home/azraa/ros2_ws/install/m2s2_custom_interfaces:/home/azraa/ros2_ws/install/m2s2_bringup:/home/azraa/ros2_ws/install/gscam:/home/azraa/ros2_ws/install/flir_lepton_msgs:/home/azraa/ros2_ws/install/flir_lepton_capture:/home/azraa/ros2_ws/install/audio_play:/home/azraa/ros2_ws/install/audio_capture:/home/azraa/ros2_ws/install/audio_common_msgs:/home/azraa/ros2_ws/install/m2s2_test_python:/opt/ros/foxy:/opt/ros/noetic /usr/bin/cmake --install /home/azraa/ros2_ws/build/flir_lepton_msgs
