[0.021s] Invoking command in '/home/azraa/ros2_ws/build/my_robot_bringup': CMAKE_PREFIX_PATH=${CMAKE_PREFIX_PATH}:/home/azraa/ros2_ws/install/my_py_pkg:/opt/ros/foxy /usr/bin/cmake --build /home/azraa/ros2_ws/build/my_robot_bringup -- -j4 -l4
[0.056s] -- Found ament_cmake: 0.9.9 (/opt/ros/foxy/share/ament_cmake/cmake)
[0.091s] -- Using PYTHON_EXECUTABLE: /usr/bin/python3
[0.324s] -- Override CMake install command with custom implementation using symlinks instead of copying resources
[0.411s] -- Configuring done
[0.414s] -- Generating done
[0.416s] -- Build files have been written to: /home/azraa/ros2_ws/build/my_robot_bringup
[0.439s] Invoked command in '/home/azraa/ros2_ws/build/my_robot_bringup' returned '0': CMAKE_PREFIX_PATH=${CMAKE_PREFIX_PATH}:/home/azraa/ros2_ws/install/my_py_pkg:/opt/ros/foxy /usr/bin/cmake --build /home/azraa/ros2_ws/build/my_robot_bringup -- -j4 -l4
[0.477s] Invoking command in '/home/azraa/ros2_ws/build/my_robot_bringup': CMAKE_PREFIX_PATH=${CMAKE_PREFIX_PATH}:/home/azraa/ros2_ws/install/my_py_pkg:/opt/ros/foxy /usr/bin/cmake --install /home/azraa/ros2_ws/build/my_robot_bringup
[0.485s] -- Install configuration: ""
[0.486s] -- Execute custom install script
[0.487s] -- Symlinking: /home/azraa/ros2_ws/install/my_robot_bringup/share/my_robot_bringup/launch/number_app.launch.py
[0.496s] -- Symlinking: /home/azraa/ros2_ws/install/my_robot_bringup/share/ament_index/resource_index/package_run_dependencies/my_robot_bringup
[0.506s] -- Symlinking: /home/azraa/ros2_ws/install/my_robot_bringup/share/ament_index/resource_index/parent_prefix_path/my_robot_bringup
[0.516s] -- Symlinking: /home/azraa/ros2_ws/install/my_robot_bringup/share/my_robot_bringup/environment/ament_prefix_path.sh
[0.526s] -- Symlinking: /home/azraa/ros2_ws/install/my_robot_bringup/share/my_robot_bringup/environment/ament_prefix_path.dsv
[0.536s] -- Symlinking: /home/azraa/ros2_ws/install/my_robot_bringup/share/my_robot_bringup/environment/path.sh
[0.545s] -- Symlinking: /home/azraa/ros2_ws/install/my_robot_bringup/share/my_robot_bringup/environment/path.dsv
[0.555s] -- Symlinking: /home/azraa/ros2_ws/install/my_robot_bringup/share/my_robot_bringup/local_setup.bash
[0.566s] -- Symlinking: /home/azraa/ros2_ws/install/my_robot_bringup/share/my_robot_bringup/local_setup.sh
[0.576s] -- Symlinking: /home/azraa/ros2_ws/install/my_robot_bringup/share/my_robot_bringup/local_setup.zsh
[0.586s] -- Symlinking: /home/azraa/ros2_ws/install/my_robot_bringup/share/my_robot_bringup/local_setup.dsv
[0.596s] -- Symlinking: /home/azraa/ros2_ws/install/my_robot_bringup/share/my_robot_bringup/package.dsv
[0.605s] -- Symlinking: /home/azraa/ros2_ws/install/my_robot_bringup/share/ament_index/resource_index/packages/my_robot_bringup
[0.615s] -- Symlinking: /home/azraa/ros2_ws/install/my_robot_bringup/share/my_robot_bringup/cmake/my_robot_bringupConfig.cmake
[0.625s] -- Symlinking: /home/azraa/ros2_ws/install/my_robot_bringup/share/my_robot_bringup/cmake/my_robot_bringupConfig-version.cmake
[0.634s] -- Symlinking: /home/azraa/ros2_ws/install/my_robot_bringup/share/my_robot_bringup/package.xml
[0.648s] Invoked command in '/home/azraa/ros2_ws/build/my_robot_bringup' returned '0': CMAKE_PREFIX_PATH=${CMAKE_PREFIX_PATH}:/home/azraa/ros2_ws/install/my_py_pkg:/opt/ros/foxy /usr/bin/cmake --install /home/azraa/ros2_ws/build/my_robot_bringup
