[0.034s] Invoking command in '/home/azraa/ros2_ws/build/flir_lepton_capture': CMAKE_PREFIX_PATH=/home/azraa/ros2_ws/install/v4l2_camera:/home/azraa/ros2_ws/install/audio_common:/home/azraa/ros2_ws/install/sound_play:/home/azraa/ros2_ws/install/my_robot_bringup:/home/azraa/ros2_ws/install/my_cpp_pkg:/home/azraa/ros2_ws/install/my_robot_interfaces:/home/azraa/ros2_ws/install/flir_lepton_capture:/home/azraa/ros2_ws/install/bme280:/home/azraa/ros2_ws/install/m2s2_custom_interfaces:/home/azraa/ros2_ws/install/m2s2_bringup:/home/azraa/ros2_ws/install/gscam:/home/azraa/ros2_ws/install/flir_lepton_ros2:/home/azraa/ros2_ws/install/flir_lepton_msgs:/home/azraa/ros2_ws/install/audio_play:/home/azraa/ros2_ws/install/audio_capture:/home/azraa/ros2_ws/install/audio_common_msgs:/home/azraa/ros2_ws/install/m2s2_test_python:/home/azraa/ros2_ws/install/flir_lepton_purethermal2:/opt/ros/foxy:/opt/ros/noetic /usr/bin/cmake /home/azraa/ros2_ws/src/flir_lepton/flir_lepton_capture -DCMAKE_INSTALL_PREFIX=/home/azraa/ros2_ws/install/flir_lepton_capture
[0.371s] -- The C compiler identification is GNU 9.4.0
[0.653s] -- The CXX compiler identification is GNU 9.4.0
[0.673s] -- Check for working C compiler: /usr/bin/cc
[0.937s] -- Check for working C compiler: /usr/bin/cc -- works
[0.953s] -- Detecting C compiler ABI info
[1.178s] -- Detecting C compiler ABI info - done
[1.235s] -- Detecting C compile features
[1.236s] -- Detecting C compile features - done
[1.248s] -- Check for working CXX compiler: /usr/bin/c++
[1.510s] -- Check for working CXX compiler: /usr/bin/c++ -- works
[1.514s] -- Detecting CXX compiler ABI info
[1.791s] -- Detecting CXX compiler ABI info - done
[1.847s] -- Detecting CXX compile features
[1.849s] -- Detecting CXX compile features - done
[1.863s] -- Found PkgConfig: /usr/bin/pkg-config (found version "0.29.1") 
[1.866s] -- Checking for module 'gstreamer-1.0'
[1.970s] --   Found gstreamer-1.0, version 1.16.3
[2.143s] -- Checking for module 'gstreamer-app-1.0'
[2.210s] --   Found gstreamer-app-1.0, version 1.16.3
[2.386s] -- Found ament_cmake: 0.9.9 (/opt/ros/foxy/share/ament_cmake/cmake)
[2.502s] -- Found PythonInterp: /usr/bin/python3 (found suitable version "3.8.10", minimum required is "3") 
[2.502s] -- Using PYTHON_EXECUTABLE: /usr/bin/python3
[3.020s] -- Found class_loader: 2.0.2 (/opt/ros/foxy/share/class_loader/cmake)
[3.062s] -- Found rclcpp: 2.4.1 (/opt/ros/foxy/share/rclcpp/cmake)
[3.194s] -- Using all available rosidl_typesupport_c: rosidl_typesupport_fastrtps_c;rosidl_typesupport_introspection_c
[3.220s] -- Found rosidl_adapter: 1.2.1 (/opt/ros/foxy/share/rosidl_adapter/cmake)
[3.519s] -- Found OpenSSL: /usr/lib/x86_64-linux-gnu/libcrypto.so (found version "1.1.1f")  
[3.637s] -- Found FastRTPS: /opt/ros/foxy/include  
[3.873s] -- Using all available rosidl_typesupport_cpp: rosidl_typesupport_fastrtps_cpp;rosidl_typesupport_introspection_cpp
[3.992s] -- Found rmw_implementation_cmake: 1.0.3 (/opt/ros/foxy/share/rmw_implementation_cmake/cmake)
[3.996s] -- Using RMW implementation 'rmw_fastrtps_cpp' as default
[3.998s] -- Looking for pthread.h
[4.199s] -- Looking for pthread.h - found
[4.199s] -- Performing Test CMAKE_HAVE_LIBC_PTHREAD
[4.456s] -- Performing Test CMAKE_HAVE_LIBC_PTHREAD - Failed
[4.456s] -- Looking for pthread_create in pthreads
[4.666s] -- Looking for pthread_create in pthreads - not found
[4.666s] -- Looking for pthread_create in pthread
[4.901s] -- Looking for pthread_create in pthread - found
[4.905s] -- Found Threads: TRUE  
[5.290s] -- Found rclcpp_components: 2.4.1 (/opt/ros/foxy/share/rclcpp_components/cmake)
[5.400s] -- Found example_interfaces: 0.9.1 (/opt/ros/foxy/share/example_interfaces/cmake)
[5.871s] CMake Error at CMakeLists.txt:47 (add_executable):
[5.871s]   add_executable cannot create target "flir_lepton_capture" because another
[5.871s]   target with the same name already exists.  The existing target is a shared
[5.871s]   library created in source directory
[5.872s]   "/home/azraa/ros2_ws/src/flir_lepton/flir_lepton_capture".  See
[5.872s]   documentation for policy CMP0002 for more details.
[5.872s] 
[5.872s] 
[5.878s] -- Configuring incomplete, errors occurred!
[5.878s] See also "/home/azraa/ros2_ws/build/flir_lepton_capture/CMakeFiles/CMakeOutput.log".
[5.878s] See also "/home/azraa/ros2_ws/build/flir_lepton_capture/CMakeFiles/CMakeError.log".
[5.893s] Invoked command in '/home/azraa/ros2_ws/build/flir_lepton_capture' returned '1': CMAKE_PREFIX_PATH=/home/azraa/ros2_ws/install/v4l2_camera:/home/azraa/ros2_ws/install/audio_common:/home/azraa/ros2_ws/install/sound_play:/home/azraa/ros2_ws/install/my_robot_bringup:/home/azraa/ros2_ws/install/my_cpp_pkg:/home/azraa/ros2_ws/install/my_robot_interfaces:/home/azraa/ros2_ws/install/flir_lepton_capture:/home/azraa/ros2_ws/install/bme280:/home/azraa/ros2_ws/install/m2s2_custom_interfaces:/home/azraa/ros2_ws/install/m2s2_bringup:/home/azraa/ros2_ws/install/gscam:/home/azraa/ros2_ws/install/flir_lepton_ros2:/home/azraa/ros2_ws/install/flir_lepton_msgs:/home/azraa/ros2_ws/install/audio_play:/home/azraa/ros2_ws/install/audio_capture:/home/azraa/ros2_ws/install/audio_common_msgs:/home/azraa/ros2_ws/install/m2s2_test_python:/home/azraa/ros2_ws/install/flir_lepton_purethermal2:/opt/ros/foxy:/opt/ros/noetic /usr/bin/cmake /home/azraa/ros2_ws/src/flir_lepton/flir_lepton_capture -DCMAKE_INSTALL_PREFIX=/home/azraa/ros2_ws/install/flir_lepton_capture
