[2.307s] Invoking command in '/home/azraa/ros2_ws/src/flir_lepton/flir_lepton_purethermal2': CMAKE_PREFIX_PATH=/home/azraa/ros2_ws/install/flir_lepton_msgs:/home/azraa/ros2_ws/install/ximea_ros2_cam:/home/azraa/ros2_ws/install/v4l2_camera:/home/azraa/ros2_ws/install/audio_common:/home/azraa/ros2_ws/install/sound_play:/home/azraa/ros2_ws/install/my_robot_bringup:/home/azraa/ros2_ws/install/my_cpp_pkg:/home/azraa/ros2_ws/install/my_robot_interfaces:/home/azraa/ros2_ws/install/bme280:/home/azraa/ros2_ws/install/m2s2_custom_interfaces:/home/azraa/ros2_ws/install/m2s2_bringup:/home/azraa/ros2_ws/install/gscam:/home/azraa/ros2_ws/install/flir_lepton_ros2:/home/azraa/ros2_ws/install/audio_play:/home/azraa/ros2_ws/install/audio_capture:/home/azraa/ros2_ws/install/audio_common_msgs:/opt/ros/noetic LD_LIBRARY_PATH=/home/azraa/ros2_ws/install/flir_lepton_msgs/lib:/home/azraa/ros2_ws/install/v4l2_camera/lib:/home/azraa/ros2_ws/install/sound_play/lib:/home/azraa/ros2_ws/install/my_robot_interfaces/lib:/home/azraa/ros2_ws/install/m2s2_custom_interfaces/lib:/home/azraa/ros2_ws/install/gscam/lib:/home/azraa/ros2_ws/install/audio_common_msgs/lib:/opt/ros/foxy/opt/yaml_cpp_vendor/lib:/opt/ros/foxy/opt/rviz_ogre_vendor/lib:/opt/ros/foxy/lib/x86_64-linux-gnu:/opt/ros/foxy/lib:/opt/ros/noetic/lib PYTHONPATH=/home/azraa/ros2_ws/install/flir_lepton_purethermal2/lib/python3.8/site-packages:/home/azraa/ros2_ws/install/flir_lepton_msgs/lib/python3.8/site-packages:/home/azraa/ros2_ws/install/sound_play/lib/python3.8/site-packages:/home/azraa/ros2_ws/install/my_robot_interfaces/lib/python3.8/site-packages:/home/azraa/ros2_ws/install/my_python_pkg/lib/python3.8/site-packages:/home/azraa/ros2_ws/install/my_py_pkg/lib/python3.8/site-packages:/home/azraa/ros2_ws/install/m2s2_test_python/lib/python3.8/site-packages:/home/azraa/ros2_ws/install/m2s2_custom_interfaces/lib/python3.8/site-packages:/home/azraa/ros2_ws/install/flir_lepton_purethermal2/lib/python3.8/site-packages:/home/azraa/ros2_ws/install/audio_common_msgs/lib/python3.8/site-packages:/opt/ros/foxy/lib/python3.8/site-packages:/opt/ros/noetic/lib/python3/dist-packages /usr/bin/python3 setup.py egg_info --egg-base ../../../build/flir_lepton_purethermal2 build --build-base /home/azraa/ros2_ws/build/flir_lepton_purethermal2/build install --prefix /home/azraa/ros2_ws/install/flir_lepton_purethermal2 --record /home/azraa/ros2_ws/build/flir_lepton_purethermal2/install.log --single-version-externally-managed
[2.911s] running egg_info
[2.931s] writing ../../../build/flir_lepton_purethermal2/flir_lepton_purethermal2.egg-info/PKG-INFO
[2.931s] writing dependency_links to ../../../build/flir_lepton_purethermal2/flir_lepton_purethermal2.egg-info/dependency_links.txt
[2.932s] writing entry points to ../../../build/flir_lepton_purethermal2/flir_lepton_purethermal2.egg-info/entry_points.txt
[2.932s] writing requirements to ../../../build/flir_lepton_purethermal2/flir_lepton_purethermal2.egg-info/requires.txt
[2.932s] writing top-level names to ../../../build/flir_lepton_purethermal2/flir_lepton_purethermal2.egg-info/top_level.txt
[2.974s] reading manifest file '../../../build/flir_lepton_purethermal2/flir_lepton_purethermal2.egg-info/SOURCES.txt'
[2.976s] writing manifest file '../../../build/flir_lepton_purethermal2/flir_lepton_purethermal2.egg-info/SOURCES.txt'
[2.976s] running build
[2.976s] running build_py
[2.976s] copying flir_lepton_purethermal2/purethermal2_node.py -> /home/azraa/ros2_ws/build/flir_lepton_purethermal2/build/lib/flir_lepton_purethermal2
[2.977s] running install
[2.977s] /home/azraa/.local/lib/python3.8/site-packages/setuptools/command/install.py:34: SetuptoolsDeprecationWarning: setup.py install is deprecated. Use build and pip and other standards-based tools.
[2.977s]   warnings.warn(
[2.989s] running install_lib
[3.009s] copying /home/azraa/ros2_ws/build/flir_lepton_purethermal2/build/lib/flir_lepton_purethermal2/purethermal2_node.py -> /home/azraa/ros2_ws/install/flir_lepton_purethermal2/lib/python3.8/site-packages/flir_lepton_purethermal2
[3.010s] byte-compiling /home/azraa/ros2_ws/install/flir_lepton_purethermal2/lib/python3.8/site-packages/flir_lepton_purethermal2/purethermal2_node.py to purethermal2_node.cpython-38.pyc
[3.011s] running install_data
[3.031s] running install_egg_info
[3.052s] removing '/home/azraa/ros2_ws/install/flir_lepton_purethermal2/lib/python3.8/site-packages/flir_lepton_purethermal2-0.0.0-py3.8.egg-info' (and everything under it)
[3.052s] Copying ../../../build/flir_lepton_purethermal2/flir_lepton_purethermal2.egg-info to /home/azraa/ros2_ws/install/flir_lepton_purethermal2/lib/python3.8/site-packages/flir_lepton_purethermal2-0.0.0-py3.8.egg-info
[3.054s] running install_scripts
[3.169s] Installing purethermal2_node script to /home/azraa/ros2_ws/install/flir_lepton_purethermal2/lib/flir_lepton_purethermal2
[3.169s] Installing purethermal2_subscriber script to /home/azraa/ros2_ws/install/flir_lepton_purethermal2/lib/flir_lepton_purethermal2
[3.170s] writing list of installed files to '/home/azraa/ros2_ws/build/flir_lepton_purethermal2/install.log'
[3.227s] Invoked command in '/home/azraa/ros2_ws/src/flir_lepton/flir_lepton_purethermal2' returned '0': CMAKE_PREFIX_PATH=/home/azraa/ros2_ws/install/flir_lepton_msgs:/home/azraa/ros2_ws/install/ximea_ros2_cam:/home/azraa/ros2_ws/install/v4l2_camera:/home/azraa/ros2_ws/install/audio_common:/home/azraa/ros2_ws/install/sound_play:/home/azraa/ros2_ws/install/my_robot_bringup:/home/azraa/ros2_ws/install/my_cpp_pkg:/home/azraa/ros2_ws/install/my_robot_interfaces:/home/azraa/ros2_ws/install/bme280:/home/azraa/ros2_ws/install/m2s2_custom_interfaces:/home/azraa/ros2_ws/install/m2s2_bringup:/home/azraa/ros2_ws/install/gscam:/home/azraa/ros2_ws/install/flir_lepton_ros2:/home/azraa/ros2_ws/install/audio_play:/home/azraa/ros2_ws/install/audio_capture:/home/azraa/ros2_ws/install/audio_common_msgs:/opt/ros/noetic LD_LIBRARY_PATH=/home/azraa/ros2_ws/install/flir_lepton_msgs/lib:/home/azraa/ros2_ws/install/v4l2_camera/lib:/home/azraa/ros2_ws/install/sound_play/lib:/home/azraa/ros2_ws/install/my_robot_interfaces/lib:/home/azraa/ros2_ws/install/m2s2_custom_interfaces/lib:/home/azraa/ros2_ws/install/gscam/lib:/home/azraa/ros2_ws/install/audio_common_msgs/lib:/opt/ros/foxy/opt/yaml_cpp_vendor/lib:/opt/ros/foxy/opt/rviz_ogre_vendor/lib:/opt/ros/foxy/lib/x86_64-linux-gnu:/opt/ros/foxy/lib:/opt/ros/noetic/lib PYTHONPATH=/home/azraa/ros2_ws/install/flir_lepton_purethermal2/lib/python3.8/site-packages:/home/azraa/ros2_ws/install/flir_lepton_msgs/lib/python3.8/site-packages:/home/azraa/ros2_ws/install/sound_play/lib/python3.8/site-packages:/home/azraa/ros2_ws/install/my_robot_interfaces/lib/python3.8/site-packages:/home/azraa/ros2_ws/install/my_python_pkg/lib/python3.8/site-packages:/home/azraa/ros2_ws/install/my_py_pkg/lib/python3.8/site-packages:/home/azraa/ros2_ws/install/m2s2_test_python/lib/python3.8/site-packages:/home/azraa/ros2_ws/install/m2s2_custom_interfaces/lib/python3.8/site-packages:/home/azraa/ros2_ws/install/flir_lepton_purethermal2/lib/python3.8/site-packages:/home/azraa/ros2_ws/install/audio_common_msgs/lib/python3.8/site-packages:/opt/ros/foxy/lib/python3.8/site-packages:/opt/ros/noetic/lib/python3/dist-packages /usr/bin/python3 setup.py egg_info --egg-base ../../../build/flir_lepton_purethermal2 build --build-base /home/azraa/ros2_ws/build/flir_lepton_purethermal2/build install --prefix /home/azraa/ros2_ws/install/flir_lepton_purethermal2 --record /home/azraa/ros2_ws/build/flir_lepton_purethermal2/install.log --single-version-externally-managed
