[0.060s] Invoking command in '/home/azraa/ros2_ws/build/ximea_ros2_cam': CMAKE_PREFIX_PATH=/home/azraa/ros2_ws/install/v4l2_camera:/home/azraa/ros2_ws/install/audio_common:/home/azraa/ros2_ws/install/sound_play:/home/azraa/ros2_ws/install/my_robot_bringup:/home/azraa/ros2_ws/install/my_cpp_pkg:/home/azraa/ros2_ws/install/my_robot_interfaces:/home/azraa/ros2_ws/install/bme280:/home/azraa/ros2_ws/install/m2s2_custom_interfaces:/home/azraa/ros2_ws/install/m2s2_bringup:/home/azraa/ros2_ws/install/gscam:/home/azraa/ros2_ws/install/flir_lepton_ros2:/home/azraa/ros2_ws/install/flir_lepton_msgs:/home/azraa/ros2_ws/install/audio_play:/home/azraa/ros2_ws/install/audio_capture:/home/azraa/ros2_ws/install/audio_common_msgs:/home/azraa/ros2_ws/install/m2s2_test_python:/home/azraa/ros2_ws/install/flir_lepton_purethermal2:/opt/ros/foxy:/opt/ros/noetic /usr/bin/cmake /home/azraa/ros2_ws/src/M2S2/ximea_ros2_cam -DCMAKE_INSTALL_PREFIX=/home/azraa/ros2_ws/install/ximea_ros2_cam
[0.229s] -- The C compiler identification is GNU 9.4.0
[0.331s] -- The CXX compiler identification is GNU 9.4.0
[0.344s] -- Check for working C compiler: /usr/bin/cc
[0.478s] -- Check for working C compiler: /usr/bin/cc -- works
[0.478s] -- Detecting C compiler ABI info
[0.623s] -- Detecting C compiler ABI info - done
[0.666s] -- Detecting C compile features
[0.667s] -- Detecting C compile features - done
[0.672s] -- Check for working CXX compiler: /usr/bin/c++
[0.850s] -- Check for working CXX compiler: /usr/bin/c++ -- works
[0.851s] -- Detecting CXX compiler ABI info
[1.011s] -- Detecting CXX compiler ABI info - done
[1.061s] -- Detecting CXX compile features
[1.062s] -- Detecting CXX compile features - done
[1.069s] -- Found ament_cmake: 0.9.9 (/opt/ros/foxy/share/ament_cmake/cmake)
[1.163s] -- Found PythonInterp: /usr/bin/python3 (found suitable version "3.8.10", minimum required is "3") 
[1.164s] -- Using PYTHON_EXECUTABLE: /usr/bin/python3
[1.849s] -- Found rclcpp: 2.4.1 (/opt/ros/foxy/share/rclcpp/cmake)
[1.951s] -- Using all available rosidl_typesupport_c: rosidl_typesupport_fastrtps_c;rosidl_typesupport_introspection_c
[1.983s] -- Found rosidl_adapter: 1.2.1 (/opt/ros/foxy/share/rosidl_adapter/cmake)
[2.143s] -- Found OpenSSL: /usr/lib/x86_64-linux-gnu/libcrypto.so (found version "1.1.1f")  
[2.205s] -- Found FastRTPS: /opt/ros/foxy/include  
[2.375s] -- Using all available rosidl_typesupport_cpp: rosidl_typesupport_fastrtps_cpp;rosidl_typesupport_introspection_cpp
[2.500s] -- Found rmw_implementation_cmake: 1.0.3 (/opt/ros/foxy/share/rmw_implementation_cmake/cmake)
[2.505s] -- Using RMW implementation 'rmw_fastrtps_cpp' as default
[2.507s] -- Looking for pthread.h
[2.696s] -- Looking for pthread.h - found
[2.701s] -- Performing Test CMAKE_HAVE_LIBC_PTHREAD
[2.864s] -- Performing Test CMAKE_HAVE_LIBC_PTHREAD - Failed
[2.865s] -- Looking for pthread_create in pthreads
[2.988s] -- Looking for pthread_create in pthreads - not found
[2.996s] -- Looking for pthread_create in pthread
[3.165s] -- Looking for pthread_create in pthread - found
[3.166s] -- Found Threads: TRUE  
[3.560s] -- Found camera_calibration_parsers: 2.3.0 (/opt/ros/foxy/share/camera_calibration_parsers/cmake)
[3.916s] -- Setting yaml-cpp_DIR to: '/opt/ros/foxy/share/yaml_cpp_vendor/cmake/../../../opt/yaml_cpp_vendor/lib/cmake/yaml-cpp'
[3.933s] -- Found camera_info_manager: 2.3.0 (/opt/ros/foxy/share/camera_info_manager/cmake)
[4.058s] -- Found image_transport: 2.3.0 (/opt/ros/foxy/share/image_transport/cmake)
[4.398s] -- Found ament_lint_auto: 0.9.6 (/opt/ros/foxy/share/ament_lint_auto/cmake)
[4.607s] -- Added test 'copyright' to check source files copyright and LICENSE
[4.611s] -- Added test 'cppcheck' to perform static code analysis on C / C++ code
[4.612s] -- Configured cppcheck include dirs: $<BUILD_INTERFACE:/home/azraa/ros2_ws/src/M2S2/ximea_ros2_cam/include>
[4.612s] -- Configured cppcheck exclude dirs and/or files: 
[4.616s] -- Added test 'cpplint' to check C / C++ code against the Google style
[4.616s] -- Configured cpplint exclude dirs and/or files: 
[4.619s] -- Added test 'lint_cmake' to check CMake code style
[4.623s] -- Added test 'uncrustify' to check C / C++ code style
[4.623s] -- Configured uncrustify additional arguments: 
[4.625s] -- Added test 'xmllint' to check XML markup files
[4.634s] -- Configuring done
[4.692s] -- Generating done
[4.696s] -- Build files have been written to: /home/azraa/ros2_ws/build/ximea_ros2_cam
[4.709s] Invoked command in '/home/azraa/ros2_ws/build/ximea_ros2_cam' returned '0': CMAKE_PREFIX_PATH=/home/azraa/ros2_ws/install/v4l2_camera:/home/azraa/ros2_ws/install/audio_common:/home/azraa/ros2_ws/install/sound_play:/home/azraa/ros2_ws/install/my_robot_bringup:/home/azraa/ros2_ws/install/my_cpp_pkg:/home/azraa/ros2_ws/install/my_robot_interfaces:/home/azraa/ros2_ws/install/bme280:/home/azraa/ros2_ws/install/m2s2_custom_interfaces:/home/azraa/ros2_ws/install/m2s2_bringup:/home/azraa/ros2_ws/install/gscam:/home/azraa/ros2_ws/install/flir_lepton_ros2:/home/azraa/ros2_ws/install/flir_lepton_msgs:/home/azraa/ros2_ws/install/audio_play:/home/azraa/ros2_ws/install/audio_capture:/home/azraa/ros2_ws/install/audio_common_msgs:/home/azraa/ros2_ws/install/m2s2_test_python:/home/azraa/ros2_ws/install/flir_lepton_purethermal2:/opt/ros/foxy:/opt/ros/noetic /usr/bin/cmake /home/azraa/ros2_ws/src/M2S2/ximea_ros2_cam -DCMAKE_INSTALL_PREFIX=/home/azraa/ros2_ws/install/ximea_ros2_cam
[4.716s] Invoking command in '/home/azraa/ros2_ws/build/ximea_ros2_cam': CMAKE_PREFIX_PATH=/home/azraa/ros2_ws/install/v4l2_camera:/home/azraa/ros2_ws/install/audio_common:/home/azraa/ros2_ws/install/sound_play:/home/azraa/ros2_ws/install/my_robot_bringup:/home/azraa/ros2_ws/install/my_cpp_pkg:/home/azraa/ros2_ws/install/my_robot_interfaces:/home/azraa/ros2_ws/install/bme280:/home/azraa/ros2_ws/install/m2s2_custom_interfaces:/home/azraa/ros2_ws/install/m2s2_bringup:/home/azraa/ros2_ws/install/gscam:/home/azraa/ros2_ws/install/flir_lepton_ros2:/home/azraa/ros2_ws/install/flir_lepton_msgs:/home/azraa/ros2_ws/install/audio_play:/home/azraa/ros2_ws/install/audio_capture:/home/azraa/ros2_ws/install/audio_common_msgs:/home/azraa/ros2_ws/install/m2s2_test_python:/home/azraa/ros2_ws/install/flir_lepton_purethermal2:/opt/ros/foxy:/opt/ros/noetic /usr/bin/cmake --build /home/azraa/ros2_ws/build/ximea_ros2_cam -- -j4 -l4
[4.802s] [35m[1mScanning dependencies of target ximea_ros2_cam_node[0m
[4.935s] [ 33%] [32mBuilding CXX object CMakeFiles/ximea_ros2_cam_node.dir/src/ximea_ros2_cam_node.cpp.o[0m
[4.947s] [ 66%] [32mBuilding CXX object CMakeFiles/ximea_ros2_cam_node.dir/src/ximea_ros2_cam.cpp.o[0m
[13.691s] [100%] [32m[1mLinking CXX executable ximea_ros2_cam_node[0m
[14.166s] [100%] Built target ximea_ros2_cam_node
[14.192s] Invoked command in '/home/azraa/ros2_ws/build/ximea_ros2_cam' returned '0': CMAKE_PREFIX_PATH=/home/azraa/ros2_ws/install/v4l2_camera:/home/azraa/ros2_ws/install/audio_common:/home/azraa/ros2_ws/install/sound_play:/home/azraa/ros2_ws/install/my_robot_bringup:/home/azraa/ros2_ws/install/my_cpp_pkg:/home/azraa/ros2_ws/install/my_robot_interfaces:/home/azraa/ros2_ws/install/bme280:/home/azraa/ros2_ws/install/m2s2_custom_interfaces:/home/azraa/ros2_ws/install/m2s2_bringup:/home/azraa/ros2_ws/install/gscam:/home/azraa/ros2_ws/install/flir_lepton_ros2:/home/azraa/ros2_ws/install/flir_lepton_msgs:/home/azraa/ros2_ws/install/audio_play:/home/azraa/ros2_ws/install/audio_capture:/home/azraa/ros2_ws/install/audio_common_msgs:/home/azraa/ros2_ws/install/m2s2_test_python:/home/azraa/ros2_ws/install/flir_lepton_purethermal2:/opt/ros/foxy:/opt/ros/noetic /usr/bin/cmake --build /home/azraa/ros2_ws/build/ximea_ros2_cam -- -j4 -l4
[14.271s] Invoking command in '/home/azraa/ros2_ws/build/ximea_ros2_cam': CMAKE_PREFIX_PATH=/home/azraa/ros2_ws/install/v4l2_camera:/home/azraa/ros2_ws/install/audio_common:/home/azraa/ros2_ws/install/sound_play:/home/azraa/ros2_ws/install/my_robot_bringup:/home/azraa/ros2_ws/install/my_cpp_pkg:/home/azraa/ros2_ws/install/my_robot_interfaces:/home/azraa/ros2_ws/install/bme280:/home/azraa/ros2_ws/install/m2s2_custom_interfaces:/home/azraa/ros2_ws/install/m2s2_bringup:/home/azraa/ros2_ws/install/gscam:/home/azraa/ros2_ws/install/flir_lepton_ros2:/home/azraa/ros2_ws/install/flir_lepton_msgs:/home/azraa/ros2_ws/install/audio_play:/home/azraa/ros2_ws/install/audio_capture:/home/azraa/ros2_ws/install/audio_common_msgs:/home/azraa/ros2_ws/install/m2s2_test_python:/home/azraa/ros2_ws/install/flir_lepton_purethermal2:/opt/ros/foxy:/opt/ros/noetic /usr/bin/cmake --install /home/azraa/ros2_ws/build/ximea_ros2_cam
[14.293s] -- Install configuration: ""
[14.293s] -- Installing: /home/azraa/ros2_ws/install/ximea_ros2_cam/lib/ximea_ros2_cam/ximea_ros2_cam_node
[14.297s] -- Set runtime path of "/home/azraa/ros2_ws/install/ximea_ros2_cam/lib/ximea_ros2_cam/ximea_ros2_cam_node" to ""
[14.297s] -- Installing: /home/azraa/ros2_ws/install/ximea_ros2_cam/share/ximea_ros2_cam/config
[14.298s] -- Installing: /home/azraa/ros2_ws/install/ximea_ros2_cam/share/ximea_ros2_cam/config/xiCam_config.yaml
[14.307s] -- Installing: /home/azraa/ros2_ws/install/ximea_ros2_cam/share/ximea_ros2_cam/launch
[14.308s] -- Installing: /home/azraa/ros2_ws/install/ximea_ros2_cam/share/ximea_ros2_cam/launch/xiCam.launch.xml
[14.309s] -- Installing: /home/azraa/ros2_ws/install/ximea_ros2_cam/share/ament_index/resource_index/package_run_dependencies/ximea_ros2_cam
[14.309s] -- Installing: /home/azraa/ros2_ws/install/ximea_ros2_cam/share/ament_index/resource_index/parent_prefix_path/ximea_ros2_cam
[14.310s] -- Installing: /home/azraa/ros2_ws/install/ximea_ros2_cam/share/ximea_ros2_cam/environment/ament_prefix_path.sh
[14.310s] -- Installing: /home/azraa/ros2_ws/install/ximea_ros2_cam/share/ximea_ros2_cam/environment/ament_prefix_path.dsv
[14.311s] -- Installing: /home/azraa/ros2_ws/install/ximea_ros2_cam/share/ximea_ros2_cam/environment/path.sh
[14.311s] -- Installing: /home/azraa/ros2_ws/install/ximea_ros2_cam/share/ximea_ros2_cam/environment/path.dsv
[14.312s] -- Installing: /home/azraa/ros2_ws/install/ximea_ros2_cam/share/ximea_ros2_cam/local_setup.bash
[14.313s] -- Installing: /home/azraa/ros2_ws/install/ximea_ros2_cam/share/ximea_ros2_cam/local_setup.sh
[14.314s] -- Installing: /home/azraa/ros2_ws/install/ximea_ros2_cam/share/ximea_ros2_cam/local_setup.zsh
[14.314s] -- Installing: /home/azraa/ros2_ws/install/ximea_ros2_cam/share/ximea_ros2_cam/local_setup.dsv
[14.314s] -- Installing: /home/azraa/ros2_ws/install/ximea_ros2_cam/share/ximea_ros2_cam/package.dsv
[14.315s] -- Installing: /home/azraa/ros2_ws/install/ximea_ros2_cam/share/ament_index/resource_index/packages/ximea_ros2_cam
[14.315s] -- Installing: /home/azraa/ros2_ws/install/ximea_ros2_cam/share/ximea_ros2_cam/cmake/ximea_ros2_camConfig.cmake
[14.316s] -- Installing: /home/azraa/ros2_ws/install/ximea_ros2_cam/share/ximea_ros2_cam/cmake/ximea_ros2_camConfig-version.cmake
[14.316s] -- Installing: /home/azraa/ros2_ws/install/ximea_ros2_cam/share/ximea_ros2_cam/package.xml
[14.326s] Invoked command in '/home/azraa/ros2_ws/build/ximea_ros2_cam' returned '0': CMAKE_PREFIX_PATH=/home/azraa/ros2_ws/install/v4l2_camera:/home/azraa/ros2_ws/install/audio_common:/home/azraa/ros2_ws/install/sound_play:/home/azraa/ros2_ws/install/my_robot_bringup:/home/azraa/ros2_ws/install/my_cpp_pkg:/home/azraa/ros2_ws/install/my_robot_interfaces:/home/azraa/ros2_ws/install/bme280:/home/azraa/ros2_ws/install/m2s2_custom_interfaces:/home/azraa/ros2_ws/install/m2s2_bringup:/home/azraa/ros2_ws/install/gscam:/home/azraa/ros2_ws/install/flir_lepton_ros2:/home/azraa/ros2_ws/install/flir_lepton_msgs:/home/azraa/ros2_ws/install/audio_play:/home/azraa/ros2_ws/install/audio_capture:/home/azraa/ros2_ws/install/audio_common_msgs:/home/azraa/ros2_ws/install/m2s2_test_python:/home/azraa/ros2_ws/install/flir_lepton_purethermal2:/opt/ros/foxy:/opt/ros/noetic /usr/bin/cmake --install /home/azraa/ros2_ws/build/ximea_ros2_cam
