[1.216s] Invoking command in '/home/azraa/ros2_ws/src/my_py_pkg': PYTHONPATH=/home/azraa/ros2_ws/install/my_py_pkg/lib/python3.8/site-packages:${PYTHONPATH} /usr/bin/python3 setup.py egg_info --egg-base ../../build/my_py_pkg build --build-base /home/azraa/ros2_ws/build/my_py_pkg/build install --prefix /home/azraa/ros2_ws/install/my_py_pkg --record /home/azraa/ros2_ws/build/my_py_pkg/install.log --single-version-externally-managed
[1.630s] running egg_info
[1.631s] creating ../../build/my_py_pkg/my_py_pkg.egg-info
[1.631s] writing ../../build/my_py_pkg/my_py_pkg.egg-info/PKG-INFO
[1.632s] writing dependency_links to ../../build/my_py_pkg/my_py_pkg.egg-info/dependency_links.txt
[1.632s] writing entry points to ../../build/my_py_pkg/my_py_pkg.egg-info/entry_points.txt
[1.632s] writing requirements to ../../build/my_py_pkg/my_py_pkg.egg-info/requires.txt
[1.632s] writing top-level names to ../../build/my_py_pkg/my_py_pkg.egg-info/top_level.txt
[1.639s] writing manifest file '../../build/my_py_pkg/my_py_pkg.egg-info/SOURCES.txt'
[1.707s] reading manifest file '../../build/my_py_pkg/my_py_pkg.egg-info/SOURCES.txt'
[1.708s] writing manifest file '../../build/my_py_pkg/my_py_pkg.egg-info/SOURCES.txt'
[1.708s] running build
[1.709s] running build_py
[1.709s] creating /home/azraa/ros2_ws/build/my_py_pkg/build
[1.709s] creating /home/azraa/ros2_ws/build/my_py_pkg/build/lib
[1.709s] creating /home/azraa/ros2_ws/build/my_py_pkg/build/lib/my_py_pkg
[1.709s] copying my_py_pkg/__init__.py -> /home/azraa/ros2_ws/build/my_py_pkg/build/lib/my_py_pkg
[1.709s] running install
[1.710s] running install_lib
[1.712s] creating /home/azraa/ros2_ws/install/my_py_pkg/lib/python3.8/site-packages/my_py_pkg
[1.712s] copying /home/azraa/ros2_ws/build/my_py_pkg/build/lib/my_py_pkg/__init__.py -> /home/azraa/ros2_ws/install/my_py_pkg/lib/python3.8/site-packages/my_py_pkg
[1.712s] byte-compiling /home/azraa/ros2_ws/install/my_py_pkg/lib/python3.8/site-packages/my_py_pkg/__init__.py to __init__.cpython-38.pyc
[1.713s] running install_data
[1.714s] creating /home/azraa/ros2_ws/install/my_py_pkg/share/ament_index
[1.715s] creating /home/azraa/ros2_ws/install/my_py_pkg/share/ament_index/resource_index
[1.715s] creating /home/azraa/ros2_ws/install/my_py_pkg/share/ament_index/resource_index/packages
[1.715s] copying resource/my_py_pkg -> /home/azraa/ros2_ws/install/my_py_pkg/share/ament_index/resource_index/packages
[1.715s] copying package.xml -> /home/azraa/ros2_ws/install/my_py_pkg/share/my_py_pkg
[1.715s] running install_egg_info
[1.717s] Copying ../../build/my_py_pkg/my_py_pkg.egg-info to /home/azraa/ros2_ws/install/my_py_pkg/lib/python3.8/site-packages/my_py_pkg-0.0.0-py3.8.egg-info
[1.718s] running install_scripts
[1.745s] writing list of installed files to '/home/azraa/ros2_ws/build/my_py_pkg/install.log'
[1.777s] Invoked command in '/home/azraa/ros2_ws/src/my_py_pkg' returned '0': PYTHONPATH=/home/azraa/ros2_ws/install/my_py_pkg/lib/python3.8/site-packages:${PYTHONPATH} /usr/bin/python3 setup.py egg_info --egg-base ../../build/my_py_pkg build --build-base /home/azraa/ros2_ws/build/my_py_pkg/build install --prefix /home/azraa/ros2_ws/install/my_py_pkg --record /home/azraa/ros2_ws/build/my_py_pkg/install.log --single-version-externally-managed
