-- The C compiler identification is GNU 9.4.0
-- The CXX compiler identification is GNU 9.4.0
-- Check for working C compiler: /usr/bin/cc
-- Check for working C compiler: /usr/bin/cc -- works
-- Detecting C compiler ABI info
-- Detecting C compiler ABI info - done
-- Detecting C compile features
-- Detecting C compile features - done
-- Check for working CXX compiler: /usr/bin/c++
-- Check for working CXX compiler: /usr/bin/c++ -- works
-- Detecting CXX compiler ABI info
-- Detecting CXX compiler ABI info - done
-- Detecting CXX compile features
-- Detecting CXX compile features - done
-- Found ament_cmake: 0.9.9 (/opt/ros/foxy/share/ament_cmake/cmake)
-- Found PythonInterp: /usr/bin/python3 (found suitable version "3.8.10", minimum required is "3") 
-- Using PYTHON_EXECUTABLE: /usr/bin/python3
-- Found rclcpp: 2.4.1 (/opt/ros/foxy/share/rclcpp/cmake)
-- Using all available rosidl_typesupport_c: rosidl_typesupport_fastrtps_c;rosidl_typesupport_introspection_c
-- Found rosidl_adapter: 1.2.1 (/opt/ros/foxy/share/rosidl_adapter/cmake)
-- Found OpenSSL: /usr/lib/x86_64-linux-gnu/libcrypto.so (found version "1.1.1f")  
-- Found FastRTPS: /opt/ros/foxy/include  
-- Using all available rosidl_typesupport_cpp: rosidl_typesupport_fastrtps_cpp;rosidl_typesupport_introspection_cpp
-- Found rmw_implementation_cmake: 1.0.3 (/opt/ros/foxy/share/rmw_implementation_cmake/cmake)
-- Using RMW implementation 'rmw_fastrtps_cpp' as default
-- Looking for pthread.h
-- Looking for pthread.h - found
-- Performing Test CMAKE_HAVE_LIBC_PTHREAD
-- Performing Test CMAKE_HAVE_LIBC_PTHREAD - Failed
-- Looking for pthread_create in pthreads
-- Looking for pthread_create in pthreads - not found
-- Looking for pthread_create in pthread
-- Looking for pthread_create in pthread - found
-- Found Threads: TRUE  
-- Found audio_common_msgs: 0.3.12 (/home/azraa/ros2_ws/src/install/audio_common_msgs/share/audio_common_msgs/cmake)
-- Found PkgConfig: /usr/bin/pkg-config (found version "0.29.1") 
-- Checking for module 'gstreamer-1.0'
--   Found gstreamer-1.0, version 1.16.3
-- Found Boost: /usr/lib/x86_64-linux-gnu/cmake/Boost-1.71.0/BoostConfig.cmake (found version "1.71.0") found components: thread 
-- Configuring done
-- Generating done
-- Build files have been written to: /home/azraa/ros2_ws/src/build/audio_play
[35m[1mScanning dependencies of target audio_play[0m
[ 50%] [32mBuilding CXX object CMakeFiles/audio_play.dir/src/audio_play.cpp.o[0m
[01m[K/home/azraa/ros2_ws/src/M2S2/audio_common/audio_play/src/audio_play.cpp:[m[K In static member function ‘[01m[Kstatic void audio_transport::RosGstPlay::cb_newpad(GstElement*, GstPad*, gpointer)[m[K’:
[01m[K/home/azraa/ros2_ws/src/M2S2/audio_common/audio_play/src/audio_play.cpp:159:41:[m[K [01;35m[Kwarning: [m[Kunused parameter ‘[01m[Kdecodebin[m[K’ [[01;35m[K-Wunused-parameter[m[K]
  159 |      static void cb_newpad ([01;35m[KGstElement *decodebin[m[K, GstPad *pad,
      |                             [01;35m[K~~~~~~~~~~~~^~~~~~~~~[m[K
[100%] [32m[1mLinking CXX executable audio_play[0m
[100%] Built target audio_play
-- Install configuration: ""
-- Installing: /home/azraa/ros2_ws/src/install/audio_play/lib/audio_play/audio_play
-- Set runtime path of "/home/azraa/ros2_ws/src/install/audio_play/lib/audio_play/audio_play" to ""
-- Installing: /home/azraa/ros2_ws/src/install/audio_play/share/audio_play/launch
-- Installing: /home/azraa/ros2_ws/src/install/audio_play/share/audio_play/launch/play.launch.xml
-- Installing: /home/azraa/ros2_ws/src/install/audio_play/share/ament_index/resource_index/package_run_dependencies/audio_play
-- Installing: /home/azraa/ros2_ws/src/install/audio_play/share/ament_index/resource_index/parent_prefix_path/audio_play
-- Installing: /home/azraa/ros2_ws/src/install/audio_play/share/audio_play/environment/ament_prefix_path.sh
-- Installing: /home/azraa/ros2_ws/src/install/audio_play/share/audio_play/environment/ament_prefix_path.dsv
-- Installing: /home/azraa/ros2_ws/src/install/audio_play/share/audio_play/environment/path.sh
-- Installing: /home/azraa/ros2_ws/src/install/audio_play/share/audio_play/environment/path.dsv
-- Installing: /home/azraa/ros2_ws/src/install/audio_play/share/audio_play/local_setup.bash
-- Installing: /home/azraa/ros2_ws/src/install/audio_play/share/audio_play/local_setup.sh
-- Installing: /home/azraa/ros2_ws/src/install/audio_play/share/audio_play/local_setup.zsh
-- Installing: /home/azraa/ros2_ws/src/install/audio_play/share/audio_play/local_setup.dsv
-- Installing: /home/azraa/ros2_ws/src/install/audio_play/share/audio_play/package.dsv
-- Installing: /home/azraa/ros2_ws/src/install/audio_play/share/ament_index/resource_index/packages/audio_play
-- Installing: /home/azraa/ros2_ws/src/install/audio_play/share/audio_play/cmake/audio_playConfig.cmake
-- Installing: /home/azraa/ros2_ws/src/install/audio_play/share/audio_play/cmake/audio_playConfig-version.cmake
-- Installing: /home/azraa/ros2_ws/src/install/audio_play/share/audio_play/package.xml
