[1.366s] Invoking command in '/home/azraa/ros2_ws/build/my_py_pkg': PYTHONPATH=/home/azraa/ros2_ws/install/my_py_pkg/lib/python3.8/site-packages:${PYTHONPATH} /usr/bin/python3 setup.py develop --prefix /home/azraa/ros2_ws/install/my_py_pkg --uninstall --editable --build-directory /home/azraa/ros2_ws/build/my_py_pkg/build
[1.827s] running develop
[2.142s] Removing /home/azraa/ros2_ws/install/my_py_pkg/lib/python3.8/site-packages/my-py-pkg.egg-link (link to .)
[2.190s] Invoked command in '/home/azraa/ros2_ws/build/my_py_pkg' returned '0': PYTHONPATH=/home/azraa/ros2_ws/install/my_py_pkg/lib/python3.8/site-packages:${PYTHONPATH} /usr/bin/python3 setup.py develop --prefix /home/azraa/ros2_ws/install/my_py_pkg --uninstall --editable --build-directory /home/azraa/ros2_ws/build/my_py_pkg/build
[2.191s] Invoking command in '/home/azraa/ros2_ws/src/my_py_pkg': PYTHONPATH=/home/azraa/ros2_ws/install/my_py_pkg/lib/python3.8/site-packages:${PYTHONPATH} /usr/bin/python3 setup.py egg_info --egg-base ../../build/my_py_pkg build --build-base /home/azraa/ros2_ws/build/my_py_pkg/build install --prefix /home/azraa/ros2_ws/install/my_py_pkg --record /home/azraa/ros2_ws/build/my_py_pkg/install.log --single-version-externally-managed
[2.722s] running egg_info
[2.722s] writing ../../build/my_py_pkg/my_py_pkg.egg-info/PKG-INFO
[2.724s] writing dependency_links to ../../build/my_py_pkg/my_py_pkg.egg-info/dependency_links.txt
[2.724s] writing entry points to ../../build/my_py_pkg/my_py_pkg.egg-info/entry_points.txt
[2.725s] writing requirements to ../../build/my_py_pkg/my_py_pkg.egg-info/requires.txt
[2.725s] writing top-level names to ../../build/my_py_pkg/my_py_pkg.egg-info/top_level.txt
[2.828s] reading manifest file '../../build/my_py_pkg/my_py_pkg.egg-info/SOURCES.txt'
[2.840s] writing manifest file '../../build/my_py_pkg/my_py_pkg.egg-info/SOURCES.txt'
[2.840s] running build
[2.841s] running build_py
[2.841s] copying my_py_pkg/robot_news_station.py -> /home/azraa/ros2_ws/build/my_py_pkg/build/lib/my_py_pkg
[2.842s] copying my_py_pkg/smartphone.py -> /home/azraa/ros2_ws/build/my_py_pkg/build/lib/my_py_pkg
[2.842s] copying my_py_pkg/number_publisher.py -> /home/azraa/ros2_ws/build/my_py_pkg/build/lib/my_py_pkg
[2.842s] running install
[2.844s] running install_lib
[2.847s] creating /home/azraa/ros2_ws/install/my_py_pkg/lib/python3.8/site-packages/my_py_pkg
[2.847s] copying /home/azraa/ros2_ws/build/my_py_pkg/build/lib/my_py_pkg/template_python_node.py -> /home/azraa/ros2_ws/install/my_py_pkg/lib/python3.8/site-packages/my_py_pkg
[2.848s] copying /home/azraa/ros2_ws/build/my_py_pkg/build/lib/my_py_pkg/my_first_node.py -> /home/azraa/ros2_ws/install/my_py_pkg/lib/python3.8/site-packages/my_py_pkg
[2.850s] copying /home/azraa/ros2_ws/build/my_py_pkg/build/lib/my_py_pkg/robot_news_station.py -> /home/azraa/ros2_ws/install/my_py_pkg/lib/python3.8/site-packages/my_py_pkg
[2.851s] copying /home/azraa/ros2_ws/build/my_py_pkg/build/lib/my_py_pkg/smartphone.py -> /home/azraa/ros2_ws/install/my_py_pkg/lib/python3.8/site-packages/my_py_pkg
[2.851s] copying /home/azraa/ros2_ws/build/my_py_pkg/build/lib/my_py_pkg/__init__.py -> /home/azraa/ros2_ws/install/my_py_pkg/lib/python3.8/site-packages/my_py_pkg
[2.851s] copying /home/azraa/ros2_ws/build/my_py_pkg/build/lib/my_py_pkg/number_publisher.py -> /home/azraa/ros2_ws/install/my_py_pkg/lib/python3.8/site-packages/my_py_pkg
[2.852s] byte-compiling /home/azraa/ros2_ws/install/my_py_pkg/lib/python3.8/site-packages/my_py_pkg/template_python_node.py to template_python_node.cpython-38.pyc
[2.856s] byte-compiling /home/azraa/ros2_ws/install/my_py_pkg/lib/python3.8/site-packages/my_py_pkg/my_first_node.py to my_first_node.cpython-38.pyc
[2.857s] byte-compiling /home/azraa/ros2_ws/install/my_py_pkg/lib/python3.8/site-packages/my_py_pkg/robot_news_station.py to robot_news_station.cpython-38.pyc
[2.858s] byte-compiling /home/azraa/ros2_ws/install/my_py_pkg/lib/python3.8/site-packages/my_py_pkg/smartphone.py to smartphone.cpython-38.pyc
[2.859s] byte-compiling /home/azraa/ros2_ws/install/my_py_pkg/lib/python3.8/site-packages/my_py_pkg/__init__.py to __init__.cpython-38.pyc
[2.860s] byte-compiling /home/azraa/ros2_ws/install/my_py_pkg/lib/python3.8/site-packages/my_py_pkg/number_publisher.py to number_publisher.cpython-38.pyc
[2.861s] running install_data
[2.862s] running install_egg_info
[2.867s] Copying ../../build/my_py_pkg/my_py_pkg.egg-info to /home/azraa/ros2_ws/install/my_py_pkg/lib/python3.8/site-packages/my_py_pkg-0.0.0-py3.8.egg-info
[2.871s] running install_scripts
[2.925s] Installing number_publisher script to /home/azraa/ros2_ws/install/my_py_pkg/lib/my_py_pkg
[2.926s] Installing py_node script to /home/azraa/ros2_ws/install/my_py_pkg/lib/my_py_pkg
[2.926s] Installing robot_news_station script to /home/azraa/ros2_ws/install/my_py_pkg/lib/my_py_pkg
[2.926s] Installing smartphone script to /home/azraa/ros2_ws/install/my_py_pkg/lib/my_py_pkg
[2.927s] writing list of installed files to '/home/azraa/ros2_ws/build/my_py_pkg/install.log'
[2.977s] Invoked command in '/home/azraa/ros2_ws/src/my_py_pkg' returned '0': PYTHONPATH=/home/azraa/ros2_ws/install/my_py_pkg/lib/python3.8/site-packages:${PYTHONPATH} /usr/bin/python3 setup.py egg_info --egg-base ../../build/my_py_pkg build --build-base /home/azraa/ros2_ws/build/my_py_pkg/build install --prefix /home/azraa/ros2_ws/install/my_py_pkg --record /home/azraa/ros2_ws/build/my_py_pkg/install.log --single-version-externally-managed
