[0.048s] Invoking command in '/home/azraa/ros2_ws/build/sound_play': CMAKE_PREFIX_PATH=/home/azraa/ros2_ws/install/audio_common_msgs:/home/azraa/ros2_ws/install/v4l2_camera:/home/azraa/ros2_ws/install/audio_common:/home/azraa/ros2_ws/install/sound_play:/home/azraa/ros2_ws/install/my_robot_bringup:/home/azraa/ros2_ws/install/my_cpp_pkg:/home/azraa/ros2_ws/install/my_robot_interfaces:/home/azraa/ros2_ws/install/bme280:/home/azraa/ros2_ws/install/m2s2_custom_interfaces:/home/azraa/ros2_ws/install/m2s2_bringup:/home/azraa/ros2_ws/install/audio_play:/home/azraa/ros2_ws/install/audio_capture:/home/azraa/ros2_ws/install/m2s2_test_python:/opt/ros/foxy:/opt/ros/noetic LD_LIBRARY_PATH=/home/azraa/ros2_ws/install/audio_common_msgs/lib:/home/azraa/ros2_ws/install/v4l2_camera/lib:/home/azraa/ros2_ws/install/sound_play/lib:/home/azraa/ros2_ws/install/my_robot_interfaces/lib:/home/azraa/ros2_ws/install/m2s2_custom_interfaces/lib:/opt/ros/foxy/opt/yaml_cpp_vendor/lib:/opt/ros/foxy/opt/rviz_ogre_vendor/lib:/opt/ros/foxy/lib/x86_64-linux-gnu:/opt/ros/foxy/lib:/opt/ros/noetic/lib PYTHONPATH=/home/azraa/ros2_ws/install/audio_common_msgs/lib/python3.8/site-packages:/home/azraa/ros2_ws/install/sound_play/lib/python3.8/site-packages:/home/azraa/ros2_ws/install/my_robot_interfaces/lib/python3.8/site-packages:/home/azraa/ros2_ws/install/my_python_pkg/lib/python3.8/site-packages:/home/azraa/ros2_ws/install/my_py_pkg/lib/python3.8/site-packages:/home/azraa/ros2_ws/install/m2s2_test_python/lib/python3.8/site-packages:/home/azraa/ros2_ws/install/m2s2_custom_interfaces/lib/python3.8/site-packages:/opt/ros/foxy/lib/python3.8/site-packages:/opt/ros/noetic/lib/python3/dist-packages /usr/bin/cmake --build /home/azraa/ros2_ws/build/sound_play -- -j4 -l4
[0.161s] [  2%] Built target sound_play__cpp
[0.226s] [ 12%] Built target sound_play__rosidl_generator_c
[0.256s] [ 23%] Built target sound_play__rosidl_typesupport_fastrtps_cpp
[0.263s] [ 33%] Built target sound_play__rosidl_typesupport_introspection_cpp
[0.268s] [ 43%] Built target sound_play__rosidl_typesupport_cpp
[0.288s] [ 53%] Built target sound_play__rosidl_typesupport_c
[0.330s] [ 64%] Built target sound_play__rosidl_typesupport_fastrtps_c
[0.341s] [ 74%] Built target sound_play__rosidl_typesupport_introspection_c
[0.374s] [ 74%] Built target sound_play
[0.426s] [ 76%] Built target sound_play__py
[0.463s] [ 84%] Built target sound_play__python
[0.529s] [ 89%] Built target sound_play__rosidl_typesupport_fastrtps_c__pyext
[0.535s] [ 94%] Built target sound_play__rosidl_typesupport_introspection_c__pyext
[0.543s] [100%] Built target sound_play__rosidl_typesupport_c__pyext
[0.612s] Invoked command in '/home/azraa/ros2_ws/build/sound_play' returned '0': CMAKE_PREFIX_PATH=/home/azraa/ros2_ws/install/audio_common_msgs:/home/azraa/ros2_ws/install/v4l2_camera:/home/azraa/ros2_ws/install/audio_common:/home/azraa/ros2_ws/install/sound_play:/home/azraa/ros2_ws/install/my_robot_bringup:/home/azraa/ros2_ws/install/my_cpp_pkg:/home/azraa/ros2_ws/install/my_robot_interfaces:/home/azraa/ros2_ws/install/bme280:/home/azraa/ros2_ws/install/m2s2_custom_interfaces:/home/azraa/ros2_ws/install/m2s2_bringup:/home/azraa/ros2_ws/install/audio_play:/home/azraa/ros2_ws/install/audio_capture:/home/azraa/ros2_ws/install/m2s2_test_python:/opt/ros/foxy:/opt/ros/noetic LD_LIBRARY_PATH=/home/azraa/ros2_ws/install/audio_common_msgs/lib:/home/azraa/ros2_ws/install/v4l2_camera/lib:/home/azraa/ros2_ws/install/sound_play/lib:/home/azraa/ros2_ws/install/my_robot_interfaces/lib:/home/azraa/ros2_ws/install/m2s2_custom_interfaces/lib:/opt/ros/foxy/opt/yaml_cpp_vendor/lib:/opt/ros/foxy/opt/rviz_ogre_vendor/lib:/opt/ros/foxy/lib/x86_64-linux-gnu:/opt/ros/foxy/lib:/opt/ros/noetic/lib PYTHONPATH=/home/azraa/ros2_ws/install/audio_common_msgs/lib/python3.8/site-packages:/home/azraa/ros2_ws/install/sound_play/lib/python3.8/site-packages:/home/azraa/ros2_ws/install/my_robot_interfaces/lib/python3.8/site-packages:/home/azraa/ros2_ws/install/my_python_pkg/lib/python3.8/site-packages:/home/azraa/ros2_ws/install/my_py_pkg/lib/python3.8/site-packages:/home/azraa/ros2_ws/install/m2s2_test_python/lib/python3.8/site-packages:/home/azraa/ros2_ws/install/m2s2_custom_interfaces/lib/python3.8/site-packages:/opt/ros/foxy/lib/python3.8/site-packages:/opt/ros/noetic/lib/python3/dist-packages /usr/bin/cmake --build /home/azraa/ros2_ws/build/sound_play -- -j4 -l4
[0.742s] Invoking command in '/home/azraa/ros2_ws/build/sound_play': CMAKE_PREFIX_PATH=/home/azraa/ros2_ws/install/audio_common_msgs:/home/azraa/ros2_ws/install/v4l2_camera:/home/azraa/ros2_ws/install/audio_common:/home/azraa/ros2_ws/install/sound_play:/home/azraa/ros2_ws/install/my_robot_bringup:/home/azraa/ros2_ws/install/my_cpp_pkg:/home/azraa/ros2_ws/install/my_robot_interfaces:/home/azraa/ros2_ws/install/bme280:/home/azraa/ros2_ws/install/m2s2_custom_interfaces:/home/azraa/ros2_ws/install/m2s2_bringup:/home/azraa/ros2_ws/install/audio_play:/home/azraa/ros2_ws/install/audio_capture:/home/azraa/ros2_ws/install/m2s2_test_python:/opt/ros/foxy:/opt/ros/noetic LD_LIBRARY_PATH=/home/azraa/ros2_ws/install/audio_common_msgs/lib:/home/azraa/ros2_ws/install/v4l2_camera/lib:/home/azraa/ros2_ws/install/sound_play/lib:/home/azraa/ros2_ws/install/my_robot_interfaces/lib:/home/azraa/ros2_ws/install/m2s2_custom_interfaces/lib:/opt/ros/foxy/opt/yaml_cpp_vendor/lib:/opt/ros/foxy/opt/rviz_ogre_vendor/lib:/opt/ros/foxy/lib/x86_64-linux-gnu:/opt/ros/foxy/lib:/opt/ros/noetic/lib PYTHONPATH=/home/azraa/ros2_ws/install/audio_common_msgs/lib/python3.8/site-packages:/home/azraa/ros2_ws/install/sound_play/lib/python3.8/site-packages:/home/azraa/ros2_ws/install/my_robot_interfaces/lib/python3.8/site-packages:/home/azraa/ros2_ws/install/my_python_pkg/lib/python3.8/site-packages:/home/azraa/ros2_ws/install/my_py_pkg/lib/python3.8/site-packages:/home/azraa/ros2_ws/install/m2s2_test_python/lib/python3.8/site-packages:/home/azraa/ros2_ws/install/m2s2_custom_interfaces/lib/python3.8/site-packages:/opt/ros/foxy/lib/python3.8/site-packages:/opt/ros/noetic/lib/python3/dist-packages /usr/bin/cmake --install /home/azraa/ros2_ws/build/sound_play
[0.755s] -- Install configuration: ""
[0.755s] -- Up-to-date: /home/azraa/ros2_ws/install/sound_play/share/ament_index/resource_index/rosidl_interfaces/sound_play
[0.755s] -- Up-to-date: /home/azraa/ros2_ws/install/sound_play/include/sound_play
[0.756s] -- Up-to-date: /home/azraa/ros2_ws/install/sound_play/include/sound_play/msg
[0.756s] -- Up-to-date: /home/azraa/ros2_ws/install/sound_play/include/sound_play/msg/sound_request.h
[0.756s] -- Up-to-date: /home/azraa/ros2_ws/install/sound_play/include/sound_play/msg/detail
[0.756s] -- Up-to-date: /home/azraa/ros2_ws/install/sound_play/include/sound_play/msg/detail/sound_request__functions.c
[0.756s] -- Up-to-date: /home/azraa/ros2_ws/install/sound_play/include/sound_play/msg/detail/sound_request__functions.h
[0.756s] -- Up-to-date: /home/azraa/ros2_ws/install/sound_play/include/sound_play/msg/detail/sound_request__struct.h
[0.756s] -- Up-to-date: /home/azraa/ros2_ws/install/sound_play/include/sound_play/msg/detail/sound_request__type_support.h
[0.756s] -- Up-to-date: /home/azraa/ros2_ws/install/sound_play/include/sound_play/msg/rosidl_generator_c__visibility_control.h
[0.756s] -- Up-to-date: /home/azraa/ros2_ws/install/sound_play/include/sound_play/action
[0.757s] -- Up-to-date: /home/azraa/ros2_ws/install/sound_play/include/sound_play/action/sound_request.h
[0.757s] -- Up-to-date: /home/azraa/ros2_ws/install/sound_play/include/sound_play/action/detail
[0.757s] -- Up-to-date: /home/azraa/ros2_ws/install/sound_play/include/sound_play/action/detail/sound_request__functions.c
[0.757s] -- Up-to-date: /home/azraa/ros2_ws/install/sound_play/include/sound_play/action/detail/sound_request__functions.h
[0.757s] -- Up-to-date: /home/azraa/ros2_ws/install/sound_play/include/sound_play/action/detail/sound_request__struct.h
[0.757s] -- Up-to-date: /home/azraa/ros2_ws/install/sound_play/include/sound_play/action/detail/sound_request__type_support.h
[0.757s] -- Up-to-date: /home/azraa/ros2_ws/install/sound_play/share/sound_play/environment/library_path.sh
[0.757s] -- Up-to-date: /home/azraa/ros2_ws/install/sound_play/share/sound_play/environment/library_path.dsv
[0.758s] -- Up-to-date: /home/azraa/ros2_ws/install/sound_play/lib/libsound_play__rosidl_generator_c.so
[0.758s] -- Up-to-date: /home/azraa/ros2_ws/install/sound_play/include/sound_play
[0.758s] -- Up-to-date: /home/azraa/ros2_ws/install/sound_play/include/sound_play/msg
[0.758s] -- Up-to-date: /home/azraa/ros2_ws/install/sound_play/include/sound_play/msg/rosidl_typesupport_fastrtps_c__visibility_control.h
[0.758s] -- Up-to-date: /home/azraa/ros2_ws/install/sound_play/include/sound_play/msg/detail
[0.758s] -- Up-to-date: /home/azraa/ros2_ws/install/sound_play/include/sound_play/msg/detail/sound_request__rosidl_typesupport_fastrtps_c.h
[0.758s] -- Up-to-date: /home/azraa/ros2_ws/install/sound_play/include/sound_play/action
[0.758s] -- Up-to-date: /home/azraa/ros2_ws/install/sound_play/include/sound_play/action/detail
[0.758s] -- Up-to-date: /home/azraa/ros2_ws/install/sound_play/include/sound_play/action/detail/sound_request__rosidl_typesupport_fastrtps_c.h
[0.759s] -- Up-to-date: /home/azraa/ros2_ws/install/sound_play/lib/libsound_play__rosidl_typesupport_fastrtps_c.so
[0.759s] -- Up-to-date: /home/azraa/ros2_ws/install/sound_play/include/sound_play
[0.759s] -- Up-to-date: /home/azraa/ros2_ws/install/sound_play/include/sound_play/msg
[0.759s] -- Up-to-date: /home/azraa/ros2_ws/install/sound_play/include/sound_play/msg/detail
[0.759s] -- Up-to-date: /home/azraa/ros2_ws/install/sound_play/include/sound_play/msg/detail/sound_request__rosidl_typesupport_fastrtps_cpp.hpp
[0.759s] -- Up-to-date: /home/azraa/ros2_ws/install/sound_play/include/sound_play/msg/detail/dds_fastrtps
[0.760s] -- Up-to-date: /home/azraa/ros2_ws/install/sound_play/include/sound_play/msg/rosidl_typesupport_fastrtps_cpp__visibility_control.h
[0.760s] -- Up-to-date: /home/azraa/ros2_ws/install/sound_play/include/sound_play/action
[0.760s] -- Up-to-date: /home/azraa/ros2_ws/install/sound_play/include/sound_play/action/detail
[0.760s] -- Up-to-date: /home/azraa/ros2_ws/install/sound_play/include/sound_play/action/detail/sound_request__rosidl_typesupport_fastrtps_cpp.hpp
[0.760s] -- Up-to-date: /home/azraa/ros2_ws/install/sound_play/include/sound_play/action/detail/dds_fastrtps
[0.760s] -- Up-to-date: /home/azraa/ros2_ws/install/sound_play/lib/libsound_play__rosidl_typesupport_fastrtps_cpp.so
[0.760s] -- Up-to-date: /home/azraa/ros2_ws/install/sound_play/include/sound_play
[0.761s] -- Up-to-date: /home/azraa/ros2_ws/install/sound_play/include/sound_play/msg
[0.761s] -- Up-to-date: /home/azraa/ros2_ws/install/sound_play/include/sound_play/msg/detail
[0.761s] -- Up-to-date: /home/azraa/ros2_ws/install/sound_play/include/sound_play/msg/detail/sound_request__type_support.c
[0.761s] -- Up-to-date: /home/azraa/ros2_ws/install/sound_play/include/sound_play/msg/detail/sound_request__rosidl_typesupport_introspection_c.h
[0.761s] -- Up-to-date: /home/azraa/ros2_ws/install/sound_play/include/sound_play/msg/rosidl_typesupport_introspection_c__visibility_control.h
[0.761s] -- Up-to-date: /home/azraa/ros2_ws/install/sound_play/include/sound_play/action
[0.761s] -- Up-to-date: /home/azraa/ros2_ws/install/sound_play/include/sound_play/action/detail
[0.761s] -- Up-to-date: /home/azraa/ros2_ws/install/sound_play/include/sound_play/action/detail/sound_request__type_support.c
[0.762s] -- Up-to-date: /home/azraa/ros2_ws/install/sound_play/include/sound_play/action/detail/sound_request__rosidl_typesupport_introspection_c.h
[0.762s] -- Up-to-date: /home/azraa/ros2_ws/install/sound_play/lib/libsound_play__rosidl_typesupport_introspection_c.so
[0.762s] -- Up-to-date: /home/azraa/ros2_ws/install/sound_play/lib/libsound_play__rosidl_typesupport_c.so
[0.762s] -- Up-to-date: /home/azraa/ros2_ws/install/sound_play/include/sound_play
[0.762s] -- Up-to-date: /home/azraa/ros2_ws/install/sound_play/include/sound_play/msg
[0.762s] -- Up-to-date: /home/azraa/ros2_ws/install/sound_play/include/sound_play/msg/detail
[0.762s] -- Up-to-date: /home/azraa/ros2_ws/install/sound_play/include/sound_play/msg/detail/sound_request__builder.hpp
[0.762s] -- Up-to-date: /home/azraa/ros2_ws/install/sound_play/include/sound_play/msg/detail/sound_request__traits.hpp
[0.762s] -- Up-to-date: /home/azraa/ros2_ws/install/sound_play/include/sound_play/msg/detail/sound_request__struct.hpp
[0.762s] -- Up-to-date: /home/azraa/ros2_ws/install/sound_play/include/sound_play/msg/sound_request.hpp
[0.763s] -- Up-to-date: /home/azraa/ros2_ws/install/sound_play/include/sound_play/action
[0.763s] -- Up-to-date: /home/azraa/ros2_ws/install/sound_play/include/sound_play/action/detail
[0.763s] -- Up-to-date: /home/azraa/ros2_ws/install/sound_play/include/sound_play/action/detail/sound_request__builder.hpp
[0.763s] -- Up-to-date: /home/azraa/ros2_ws/install/sound_play/include/sound_play/action/detail/sound_request__traits.hpp
[0.763s] -- Up-to-date: /home/azraa/ros2_ws/install/sound_play/include/sound_play/action/detail/sound_request__struct.hpp
[0.763s] -- Up-to-date: /home/azraa/ros2_ws/install/sound_play/include/sound_play/action/sound_request.hpp
[0.763s] -- Up-to-date: /home/azraa/ros2_ws/install/sound_play/include/sound_play
[0.763s] -- Up-to-date: /home/azraa/ros2_ws/install/sound_play/include/sound_play/msg
[0.763s] -- Up-to-date: /home/azraa/ros2_ws/install/sound_play/include/sound_play/msg/detail
[0.763s] -- Up-to-date: /home/azraa/ros2_ws/install/sound_play/include/sound_play/msg/detail/sound_request__type_support.cpp
[0.764s] -- Up-to-date: /home/azraa/ros2_ws/install/sound_play/include/sound_play/msg/detail/sound_request__rosidl_typesupport_introspection_cpp.hpp
[0.764s] -- Up-to-date: /home/azraa/ros2_ws/install/sound_play/include/sound_play/action
[0.764s] -- Up-to-date: /home/azraa/ros2_ws/install/sound_play/include/sound_play/action/detail
[0.764s] -- Up-to-date: /home/azraa/ros2_ws/install/sound_play/include/sound_play/action/detail/sound_request__type_support.cpp
[0.764s] -- Up-to-date: /home/azraa/ros2_ws/install/sound_play/include/sound_play/action/detail/sound_request__rosidl_typesupport_introspection_cpp.hpp
[0.764s] -- Up-to-date: /home/azraa/ros2_ws/install/sound_play/lib/libsound_play__rosidl_typesupport_introspection_cpp.so
[0.764s] -- Up-to-date: /home/azraa/ros2_ws/install/sound_play/lib/libsound_play__rosidl_typesupport_cpp.so
[0.764s] -- Up-to-date: /home/azraa/ros2_ws/install/sound_play/share/sound_play/environment/pythonpath.sh
[0.764s] -- Up-to-date: /home/azraa/ros2_ws/install/sound_play/share/sound_play/environment/pythonpath.dsv
[0.764s] -- Installing: /home/azraa/ros2_ws/install/sound_play/lib/python3.8/site-packages/sound_play/__init__.py
[0.824s] Compiling '/home/azraa/ros2_ws/install/sound_play/lib/python3.8/site-packages/sound_play/__init__.py'...
[0.836s] -- Up-to-date: /home/azraa/ros2_ws/install/sound_play/lib/python3.8/site-packages/sound_play/msg
[0.836s] -- Up-to-date: /home/azraa/ros2_ws/install/sound_play/lib/python3.8/site-packages/sound_play/msg/_sound_request_s.c
[0.836s] -- Up-to-date: /home/azraa/ros2_ws/install/sound_play/lib/python3.8/site-packages/sound_play/msg/_sound_request.py
[0.836s] -- Up-to-date: /home/azraa/ros2_ws/install/sound_play/lib/python3.8/site-packages/sound_play/msg/__init__.py
[0.837s] -- Up-to-date: /home/azraa/ros2_ws/install/sound_play/lib/python3.8/site-packages/sound_play/action
[0.838s] -- Up-to-date: /home/azraa/ros2_ws/install/sound_play/lib/python3.8/site-packages/sound_play/action/_sound_request_s.c
[0.839s] -- Up-to-date: /home/azraa/ros2_ws/install/sound_play/lib/python3.8/site-packages/sound_play/action/_sound_request.py
[0.839s] -- Up-to-date: /home/azraa/ros2_ws/install/sound_play/lib/python3.8/site-packages/sound_play/action/__init__.py
[0.839s] -- Up-to-date: /home/azraa/ros2_ws/install/sound_play/lib/python3.8/site-packages/sound_play/sound_play_s__rosidl_typesupport_fastrtps_c.cpython-38-x86_64-linux-gnu.so
[0.839s] -- Up-to-date: /home/azraa/ros2_ws/install/sound_play/lib/python3.8/site-packages/sound_play/sound_play_s__rosidl_typesupport_introspection_c.cpython-38-x86_64-linux-gnu.so
[0.839s] -- Up-to-date: /home/azraa/ros2_ws/install/sound_play/lib/python3.8/site-packages/sound_play/sound_play_s__rosidl_typesupport_c.cpython-38-x86_64-linux-gnu.so
[0.839s] -- Up-to-date: /home/azraa/ros2_ws/install/sound_play/lib/libsound_play__python.so
[0.840s] -- Up-to-date: /home/azraa/ros2_ws/install/sound_play/share/sound_play/msg/SoundRequest.idl
[0.840s] -- Up-to-date: /home/azraa/ros2_ws/install/sound_play/share/sound_play/action/SoundRequest.idl
[0.840s] -- Up-to-date: /home/azraa/ros2_ws/install/sound_play/share/sound_play/msg/SoundRequest.msg
[0.840s] -- Up-to-date: /home/azraa/ros2_ws/install/sound_play/share/sound_play/action/SoundRequest.action
[0.840s] -- Up-to-date: /home/azraa/ros2_ws/install/sound_play/lib/python3.8/site-packages/sound_play
[0.840s] -- Installing: /home/azraa/ros2_ws/install/sound_play/lib/python3.8/site-packages/sound_play/__init__.py
[0.840s] -- Up-to-date: /home/azraa/ros2_ws/install/sound_play/lib/python3.8/site-packages/sound_play/libsoundplay.py
[0.898s] Listing '/home/azraa/ros2_ws/install/sound_play/lib/python3.8/site-packages/sound_play'...
[0.898s] Compiling '/home/azraa/ros2_ws/install/sound_play/lib/python3.8/site-packages/sound_play/__init__.py'...
[0.898s] Listing '/home/azraa/ros2_ws/install/sound_play/lib/python3.8/site-packages/sound_play/action'...
[0.898s] Listing '/home/azraa/ros2_ws/install/sound_play/lib/python3.8/site-packages/sound_play/msg'...
[0.906s] -- Up-to-date: /home/azraa/ros2_ws/install/sound_play/lib/sound_play/is_speaking.py
[0.906s] -- Up-to-date: /home/azraa/ros2_ws/install/sound_play/lib/sound_play/playbuiltin.py
[0.907s] -- Up-to-date: /home/azraa/ros2_ws/install/sound_play/lib/sound_play/play.py
[0.907s] -- Up-to-date: /home/azraa/ros2_ws/install/sound_play/lib/sound_play/say.py
[0.907s] -- Up-to-date: /home/azraa/ros2_ws/install/sound_play/lib/sound_play/shutup.py
[0.907s] -- Up-to-date: /home/azraa/ros2_ws/install/sound_play/lib/sound_play/soundplay_node.py
[0.907s] -- Up-to-date: /home/azraa/ros2_ws/install/sound_play/include/sound_play
[0.907s] -- Up-to-date: /home/azraa/ros2_ws/install/sound_play/include/sound_play/sound_play.h
[0.907s] -- Up-to-date: /home/azraa/ros2_ws/install/sound_play/share/sound_play/launch
[0.907s] -- Up-to-date: /home/azraa/ros2_ws/install/sound_play/share/sound_play/launch/soundplay_node.launch.xml
[0.908s] -- Up-to-date: /home/azraa/ros2_ws/install/sound_play/share/sound_play/sounds
[0.908s] -- Up-to-date: /home/azraa/ros2_ws/install/sound_play/share/sound_play/sounds/NEEDS_PLUGGING_BADLY.ogg
[0.908s] -- Up-to-date: /home/azraa/ros2_ws/install/sound_play/share/sound_play/sounds/NEEDS_UNPLUGGING_BADLY.ogg
[0.908s] -- Up-to-date: /home/azraa/ros2_ws/install/sound_play/share/sound_play/sounds/NEEDS_UNPLUGGING.ogg
[0.908s] -- Up-to-date: /home/azraa/ros2_ws/install/sound_play/share/sound_play/sounds/say-beep.wav
[0.908s] -- Up-to-date: /home/azraa/ros2_ws/install/sound_play/share/sound_play/sounds/BACKINGUP.ogg
[0.908s] -- Up-to-date: /home/azraa/ros2_ws/install/sound_play/share/sound_play/sounds/NEEDS_PLUGGING.ogg
[0.909s] -- Up-to-date: /home/azraa/ros2_ws/install/sound_play/share/ament_index/resource_index/package_run_dependencies/sound_play
[0.909s] -- Up-to-date: /home/azraa/ros2_ws/install/sound_play/share/ament_index/resource_index/parent_prefix_path/sound_play
[0.909s] -- Up-to-date: /home/azraa/ros2_ws/install/sound_play/share/sound_play/environment/ament_prefix_path.sh
[0.909s] -- Up-to-date: /home/azraa/ros2_ws/install/sound_play/share/sound_play/environment/ament_prefix_path.dsv
[0.909s] -- Up-to-date: /home/azraa/ros2_ws/install/sound_play/share/sound_play/environment/path.sh
[0.909s] -- Up-to-date: /home/azraa/ros2_ws/install/sound_play/share/sound_play/environment/path.dsv
[0.909s] -- Up-to-date: /home/azraa/ros2_ws/install/sound_play/share/sound_play/local_setup.bash
[0.909s] -- Up-to-date: /home/azraa/ros2_ws/install/sound_play/share/sound_play/local_setup.sh
[0.909s] -- Up-to-date: /home/azraa/ros2_ws/install/sound_play/share/sound_play/local_setup.zsh
[0.910s] -- Up-to-date: /home/azraa/ros2_ws/install/sound_play/share/sound_play/local_setup.dsv
[0.910s] -- Installing: /home/azraa/ros2_ws/install/sound_play/share/sound_play/package.dsv
[0.910s] -- Up-to-date: /home/azraa/ros2_ws/install/sound_play/share/ament_index/resource_index/packages/sound_play
[0.910s] -- Up-to-date: /home/azraa/ros2_ws/install/sound_play/share/sound_play/cmake/sound_play__rosidl_generator_cExport.cmake
[0.910s] -- Up-to-date: /home/azraa/ros2_ws/install/sound_play/share/sound_play/cmake/sound_play__rosidl_generator_cExport-noconfig.cmake
[0.910s] -- Up-to-date: /home/azraa/ros2_ws/install/sound_play/share/sound_play/cmake/sound_play__rosidl_typesupport_introspection_cExport.cmake
[0.910s] -- Up-to-date: /home/azraa/ros2_ws/install/sound_play/share/sound_play/cmake/sound_play__rosidl_typesupport_introspection_cExport-noconfig.cmake
[0.910s] -- Up-to-date: /home/azraa/ros2_ws/install/sound_play/share/sound_play/cmake/sound_play__rosidl_typesupport_cExport.cmake
[0.910s] -- Up-to-date: /home/azraa/ros2_ws/install/sound_play/share/sound_play/cmake/sound_play__rosidl_typesupport_cExport-noconfig.cmake
[0.911s] -- Up-to-date: /home/azraa/ros2_ws/install/sound_play/share/sound_play/cmake/sound_play__rosidl_generator_cppExport.cmake
[0.911s] -- Up-to-date: /home/azraa/ros2_ws/install/sound_play/share/sound_play/cmake/sound_play__rosidl_typesupport_introspection_cppExport.cmake
[0.911s] -- Up-to-date: /home/azraa/ros2_ws/install/sound_play/share/sound_play/cmake/sound_play__rosidl_typesupport_introspection_cppExport-noconfig.cmake
[0.911s] -- Up-to-date: /home/azraa/ros2_ws/install/sound_play/share/sound_play/cmake/sound_play__rosidl_typesupport_cppExport.cmake
[0.912s] -- Up-to-date: /home/azraa/ros2_ws/install/sound_play/share/sound_play/cmake/sound_play__rosidl_typesupport_cppExport-noconfig.cmake
[0.912s] -- Up-to-date: /home/azraa/ros2_ws/install/sound_play/share/sound_play/cmake/rosidl_cmake-extras.cmake
[0.912s] -- Up-to-date: /home/azraa/ros2_ws/install/sound_play/share/sound_play/cmake/ament_cmake_export_dependencies-extras.cmake
[0.912s] -- Up-to-date: /home/azraa/ros2_ws/install/sound_play/share/sound_play/cmake/ament_cmake_export_libraries-extras.cmake
[0.912s] -- Up-to-date: /home/azraa/ros2_ws/install/sound_play/share/sound_play/cmake/ament_cmake_export_targets-extras.cmake
[0.912s] -- Up-to-date: /home/azraa/ros2_ws/install/sound_play/share/sound_play/cmake/ament_cmake_export_include_directories-extras.cmake
[0.912s] -- Up-to-date: /home/azraa/ros2_ws/install/sound_play/share/sound_play/cmake/rosidl_cmake_export_typesupport_libraries-extras.cmake
[0.912s] -- Up-to-date: /home/azraa/ros2_ws/install/sound_play/share/sound_play/cmake/rosidl_cmake_export_typesupport_targets-extras.cmake
[0.912s] -- Up-to-date: /home/azraa/ros2_ws/install/sound_play/share/sound_play/cmake/sound_playConfig.cmake
[0.912s] -- Up-to-date: /home/azraa/ros2_ws/install/sound_play/share/sound_play/cmake/sound_playConfig-version.cmake
[0.913s] -- Up-to-date: /home/azraa/ros2_ws/install/sound_play/share/sound_play/package.xml
[1.594s] Invoked command in '/home/azraa/ros2_ws/build/sound_play' returned '0': CMAKE_PREFIX_PATH=/home/azraa/ros2_ws/install/audio_common_msgs:/home/azraa/ros2_ws/install/v4l2_camera:/home/azraa/ros2_ws/install/audio_common:/home/azraa/ros2_ws/install/sound_play:/home/azraa/ros2_ws/install/my_robot_bringup:/home/azraa/ros2_ws/install/my_cpp_pkg:/home/azraa/ros2_ws/install/my_robot_interfaces:/home/azraa/ros2_ws/install/bme280:/home/azraa/ros2_ws/install/m2s2_custom_interfaces:/home/azraa/ros2_ws/install/m2s2_bringup:/home/azraa/ros2_ws/install/audio_play:/home/azraa/ros2_ws/install/audio_capture:/home/azraa/ros2_ws/install/m2s2_test_python:/opt/ros/foxy:/opt/ros/noetic LD_LIBRARY_PATH=/home/azraa/ros2_ws/install/audio_common_msgs/lib:/home/azraa/ros2_ws/install/v4l2_camera/lib:/home/azraa/ros2_ws/install/sound_play/lib:/home/azraa/ros2_ws/install/my_robot_interfaces/lib:/home/azraa/ros2_ws/install/m2s2_custom_interfaces/lib:/opt/ros/foxy/opt/yaml_cpp_vendor/lib:/opt/ros/foxy/opt/rviz_ogre_vendor/lib:/opt/ros/foxy/lib/x86_64-linux-gnu:/opt/ros/foxy/lib:/opt/ros/noetic/lib PYTHONPATH=/home/azraa/ros2_ws/install/audio_common_msgs/lib/python3.8/site-packages:/home/azraa/ros2_ws/install/sound_play/lib/python3.8/site-packages:/home/azraa/ros2_ws/install/my_robot_interfaces/lib/python3.8/site-packages:/home/azraa/ros2_ws/install/my_python_pkg/lib/python3.8/site-packages:/home/azraa/ros2_ws/install/my_py_pkg/lib/python3.8/site-packages:/home/azraa/ros2_ws/install/m2s2_test_python/lib/python3.8/site-packages:/home/azraa/ros2_ws/install/m2s2_custom_interfaces/lib/python3.8/site-packages:/opt/ros/foxy/lib/python3.8/site-packages:/opt/ros/noetic/lib/python3/dist-packages /usr/bin/cmake --install /home/azraa/ros2_ws/build/sound_play
