[0.116s] Invoking command in '/home/azraa/ros2_ws/build/gscam': CMAKE_PREFIX_PATH=/home/azraa/ros2_ws/install/v4l2_camera:/home/azraa/ros2_ws/install/audio_common:/home/azraa/ros2_ws/install/sound_play:/home/azraa/ros2_ws/install/my_robot_bringup:/home/azraa/ros2_ws/install/my_cpp_pkg:/home/azraa/ros2_ws/install/my_robot_interfaces:/home/azraa/ros2_ws/install/bme280:/home/azraa/ros2_ws/install/m2s2_custom_interfaces:/home/azraa/ros2_ws/install/m2s2_bringup:/home/azraa/ros2_ws/install/gscam:/home/azraa/ros2_ws/install/audio_play:/home/azraa/ros2_ws/install/audio_capture:/home/azraa/ros2_ws/install/audio_common_msgs:/home/azraa/ros2_ws/install/m2s2_test_python:/opt/ros/foxy:/opt/ros/noetic /usr/bin/cmake --build /home/azraa/ros2_ws/build/gscam -- -j4 -l4
[0.298s] [ 20%] Built target gtest
[0.315s] [ 40%] Built target gscam
[0.325s] [ 60%] Built target gtest_main
[0.328s] [ 80%] Built target gscam_node
[0.691s] [100%] Built target smoke_test
[0.939s] Invoked command in '/home/azraa/ros2_ws/build/gscam' returned '0': CMAKE_PREFIX_PATH=/home/azraa/ros2_ws/install/v4l2_camera:/home/azraa/ros2_ws/install/audio_common:/home/azraa/ros2_ws/install/sound_play:/home/azraa/ros2_ws/install/my_robot_bringup:/home/azraa/ros2_ws/install/my_cpp_pkg:/home/azraa/ros2_ws/install/my_robot_interfaces:/home/azraa/ros2_ws/install/bme280:/home/azraa/ros2_ws/install/m2s2_custom_interfaces:/home/azraa/ros2_ws/install/m2s2_bringup:/home/azraa/ros2_ws/install/gscam:/home/azraa/ros2_ws/install/audio_play:/home/azraa/ros2_ws/install/audio_capture:/home/azraa/ros2_ws/install/audio_common_msgs:/home/azraa/ros2_ws/install/m2s2_test_python:/opt/ros/foxy:/opt/ros/noetic /usr/bin/cmake --build /home/azraa/ros2_ws/build/gscam -- -j4 -l4
[1.031s] Invoking command in '/home/azraa/ros2_ws/build/gscam': CMAKE_PREFIX_PATH=/home/azraa/ros2_ws/install/v4l2_camera:/home/azraa/ros2_ws/install/audio_common:/home/azraa/ros2_ws/install/sound_play:/home/azraa/ros2_ws/install/my_robot_bringup:/home/azraa/ros2_ws/install/my_cpp_pkg:/home/azraa/ros2_ws/install/my_robot_interfaces:/home/azraa/ros2_ws/install/bme280:/home/azraa/ros2_ws/install/m2s2_custom_interfaces:/home/azraa/ros2_ws/install/m2s2_bringup:/home/azraa/ros2_ws/install/gscam:/home/azraa/ros2_ws/install/audio_play:/home/azraa/ros2_ws/install/audio_capture:/home/azraa/ros2_ws/install/audio_common_msgs:/home/azraa/ros2_ws/install/m2s2_test_python:/opt/ros/foxy:/opt/ros/noetic /usr/bin/cmake --install /home/azraa/ros2_ws/build/gscam
[1.055s] -- Install configuration: ""
[1.056s] -- Up-to-date: /home/azraa/ros2_ws/install/gscam/lib/gscam/gscam_node
[1.056s] -- Up-to-date: /home/azraa/ros2_ws/install/gscam/share/gscam/environment/library_path.sh
[1.056s] -- Up-to-date: /home/azraa/ros2_ws/install/gscam/share/gscam/environment/library_path.dsv
[1.056s] -- Up-to-date: /home/azraa/ros2_ws/install/gscam/share/ament_index/resource_index/package_run_dependencies/gscam
[1.056s] -- Up-to-date: /home/azraa/ros2_ws/install/gscam/share/ament_index/resource_index/parent_prefix_path/gscam
[1.057s] -- Up-to-date: /home/azraa/ros2_ws/install/gscam/share/gscam/environment/ament_prefix_path.sh
[1.057s] -- Up-to-date: /home/azraa/ros2_ws/install/gscam/share/gscam/environment/ament_prefix_path.dsv
[1.057s] -- Up-to-date: /home/azraa/ros2_ws/install/gscam/share/gscam/environment/path.sh
[1.057s] -- Up-to-date: /home/azraa/ros2_ws/install/gscam/share/gscam/environment/path.dsv
[1.058s] -- Up-to-date: /home/azraa/ros2_ws/install/gscam/share/gscam/local_setup.bash
[1.058s] -- Up-to-date: /home/azraa/ros2_ws/install/gscam/share/gscam/local_setup.sh
[1.059s] -- Up-to-date: /home/azraa/ros2_ws/install/gscam/share/gscam/local_setup.zsh
[1.059s] -- Up-to-date: /home/azraa/ros2_ws/install/gscam/share/gscam/local_setup.dsv
[1.059s] -- Installing: /home/azraa/ros2_ws/install/gscam/share/gscam/package.dsv
[1.059s] -- Up-to-date: /home/azraa/ros2_ws/install/gscam/share/ament_index/resource_index/packages/gscam
[1.060s] -- Up-to-date: /home/azraa/ros2_ws/install/gscam/share/ament_index/resource_index/rclcpp_components/gscam
[1.060s] -- Up-to-date: /home/azraa/ros2_ws/install/gscam/share/gscam/cmake/export_gscamExport.cmake
[1.060s] -- Up-to-date: /home/azraa/ros2_ws/install/gscam/share/gscam/cmake/export_gscamExport-noconfig.cmake
[1.060s] -- Up-to-date: /home/azraa/ros2_ws/install/gscam/share/gscam/cmake/ament_cmake_export_dependencies-extras.cmake
[1.060s] -- Up-to-date: /home/azraa/ros2_ws/install/gscam/share/gscam/cmake/ament_cmake_export_include_directories-extras.cmake
[1.061s] -- Up-to-date: /home/azraa/ros2_ws/install/gscam/share/gscam/cmake/ament_cmake_export_targets-extras.cmake
[1.061s] -- Up-to-date: /home/azraa/ros2_ws/install/gscam/share/gscam/cmake/ament_cmake_export_libraries-extras.cmake
[1.061s] -- Up-to-date: /home/azraa/ros2_ws/install/gscam/share/gscam/cmake/gscamConfig.cmake
[1.061s] -- Up-to-date: /home/azraa/ros2_ws/install/gscam/share/gscam/cmake/gscamConfig-version.cmake
[1.061s] -- Up-to-date: /home/azraa/ros2_ws/install/gscam/share/gscam/package.xml
[1.061s] -- Up-to-date: /home/azraa/ros2_ws/install/gscam/lib/libgscam.so
[1.062s] -- Up-to-date: /home/azraa/ros2_ws/install/gscam/share/gscam/examples
[1.062s] -- Up-to-date: /home/azraa/ros2_ws/install/gscam/share/gscam/examples/videofile.launch.xml
[1.062s] -- Up-to-date: /home/azraa/ros2_ws/install/gscam/share/gscam/examples/minoru.launch.xml
[1.063s] -- Up-to-date: /home/azraa/ros2_ws/install/gscam/share/gscam/examples/decklink.launch.xml
[1.063s] -- Installing: /home/azraa/ros2_ws/install/gscam/share/gscam/examples/v4l.launch.xml
[1.063s] -- Up-to-date: /home/azraa/ros2_ws/install/gscam/share/gscam/examples/osx.launch.xml
[1.063s] -- Up-to-date: /home/azraa/ros2_ws/install/gscam/share/gscam/examples/v4ljpeg.launch.xml
[1.063s] -- Up-to-date: /home/azraa/ros2_ws/install/gscam/share/gscam/examples/component_pipeline_launch.py
[1.064s] -- Up-to-date: /home/azraa/ros2_ws/install/gscam/share/gscam/examples/uncalibrated_parameters.ini
[1.147s] Invoked command in '/home/azraa/ros2_ws/build/gscam' returned '0': CMAKE_PREFIX_PATH=/home/azraa/ros2_ws/install/v4l2_camera:/home/azraa/ros2_ws/install/audio_common:/home/azraa/ros2_ws/install/sound_play:/home/azraa/ros2_ws/install/my_robot_bringup:/home/azraa/ros2_ws/install/my_cpp_pkg:/home/azraa/ros2_ws/install/my_robot_interfaces:/home/azraa/ros2_ws/install/bme280:/home/azraa/ros2_ws/install/m2s2_custom_interfaces:/home/azraa/ros2_ws/install/m2s2_bringup:/home/azraa/ros2_ws/install/gscam:/home/azraa/ros2_ws/install/audio_play:/home/azraa/ros2_ws/install/audio_capture:/home/azraa/ros2_ws/install/audio_common_msgs:/home/azraa/ros2_ws/install/m2s2_test_python:/opt/ros/foxy:/opt/ros/noetic /usr/bin/cmake --install /home/azraa/ros2_ws/build/gscam
