[0.039s] Invoking command in '/home/azraa/ros2_ws/build/m2s2_custom_interfaces': CMAKE_PREFIX_PATH=${CMAKE_PREFIX_PATH}:/opt/ros/foxy /usr/bin/cmake --build /home/azraa/ros2_ws/build/m2s2_custom_interfaces -- -j4 -l4
[0.134s] [  3%] Built target m2s2_custom_interfaces__cpp
[0.141s] [ 12%] Built target m2s2_custom_interfaces__rosidl_generator_c
[0.183s] [ 22%] Built target m2s2_custom_interfaces__rosidl_typesupport_introspection_cpp
[0.197s] [ 32%] Built target m2s2_custom_interfaces__rosidl_typesupport_introspection_c
[0.215s] [ 41%] Built target m2s2_custom_interfaces__rosidl_typesupport_cpp
[0.248s] [ 51%] Built target m2s2_custom_interfaces__rosidl_typesupport_fastrtps_cpp
[0.260s] [ 61%] Built target m2s2_custom_interfaces__rosidl_typesupport_c
[0.308s] [ 70%] Built target m2s2_custom_interfaces__rosidl_typesupport_fastrtps_c
[0.332s] [ 70%] Built target m2s2_custom_interfaces
[0.356s] [ 74%] Built target m2s2_custom_interfaces__py
[0.389s] [ 80%] Built target m2s2_custom_interfaces__python
[0.474s] [ 87%] Built target m2s2_custom_interfaces__rosidl_typesupport_introspection_c__pyext
[0.477s] [ 93%] Built target m2s2_custom_interfaces__rosidl_typesupport_fastrtps_c__pyext
[0.481s] [100%] Built target m2s2_custom_interfaces__rosidl_typesupport_c__pyext
[0.500s] Invoked command in '/home/azraa/ros2_ws/build/m2s2_custom_interfaces' returned '0': CMAKE_PREFIX_PATH=${CMAKE_PREFIX_PATH}:/opt/ros/foxy /usr/bin/cmake --build /home/azraa/ros2_ws/build/m2s2_custom_interfaces -- -j4 -l4
[0.587s] Invoking command in '/home/azraa/ros2_ws/build/m2s2_custom_interfaces': CMAKE_PREFIX_PATH=${CMAKE_PREFIX_PATH}:/opt/ros/foxy /usr/bin/cmake --install /home/azraa/ros2_ws/build/m2s2_custom_interfaces
[0.604s] -- Install configuration: ""
[0.605s] -- Up-to-date: /home/azraa/ros2_ws/install/m2s2_custom_interfaces/share/ament_index/resource_index/rosidl_interfaces/m2s2_custom_interfaces
[0.605s] -- Up-to-date: /home/azraa/ros2_ws/install/m2s2_custom_interfaces/include/m2s2_custom_interfaces
[0.605s] -- Up-to-date: /home/azraa/ros2_ws/install/m2s2_custom_interfaces/include/m2s2_custom_interfaces/msg
[0.605s] -- Up-to-date: /home/azraa/ros2_ws/install/m2s2_custom_interfaces/include/m2s2_custom_interfaces/msg/detail
[0.606s] -- Up-to-date: /home/azraa/ros2_ws/install/m2s2_custom_interfaces/include/m2s2_custom_interfaces/msg/detail/enviro_data__functions.h
[0.606s] -- Up-to-date: /home/azraa/ros2_ws/install/m2s2_custom_interfaces/include/m2s2_custom_interfaces/msg/detail/enviro_data__struct.h
[0.606s] -- Up-to-date: /home/azraa/ros2_ws/install/m2s2_custom_interfaces/include/m2s2_custom_interfaces/msg/detail/enviro_data__type_support.h
[0.606s] -- Up-to-date: /home/azraa/ros2_ws/install/m2s2_custom_interfaces/include/m2s2_custom_interfaces/msg/detail/enviro_data__functions.c
[0.606s] -- Up-to-date: /home/azraa/ros2_ws/install/m2s2_custom_interfaces/include/m2s2_custom_interfaces/msg/enviro_data.h
[0.607s] -- Up-to-date: /home/azraa/ros2_ws/install/m2s2_custom_interfaces/include/m2s2_custom_interfaces/msg/rosidl_generator_c__visibility_control.h
[0.607s] -- Up-to-date: /home/azraa/ros2_ws/install/m2s2_custom_interfaces/share/m2s2_custom_interfaces/environment/library_path.sh
[0.607s] -- Up-to-date: /home/azraa/ros2_ws/install/m2s2_custom_interfaces/share/m2s2_custom_interfaces/environment/library_path.dsv
[0.608s] -- Up-to-date: /home/azraa/ros2_ws/install/m2s2_custom_interfaces/lib/libm2s2_custom_interfaces__rosidl_generator_c.so
[0.608s] -- Up-to-date: /home/azraa/ros2_ws/install/m2s2_custom_interfaces/include/m2s2_custom_interfaces
[0.608s] -- Up-to-date: /home/azraa/ros2_ws/install/m2s2_custom_interfaces/include/m2s2_custom_interfaces/msg
[0.609s] -- Up-to-date: /home/azraa/ros2_ws/install/m2s2_custom_interfaces/include/m2s2_custom_interfaces/msg/rosidl_typesupport_fastrtps_c__visibility_control.h
[0.609s] -- Up-to-date: /home/azraa/ros2_ws/install/m2s2_custom_interfaces/include/m2s2_custom_interfaces/msg/detail
[0.609s] -- Up-to-date: /home/azraa/ros2_ws/install/m2s2_custom_interfaces/include/m2s2_custom_interfaces/msg/detail/enviro_data__rosidl_typesupport_fastrtps_c.h
[0.615s] -- Up-to-date: /home/azraa/ros2_ws/install/m2s2_custom_interfaces/lib/libm2s2_custom_interfaces__rosidl_typesupport_fastrtps_c.so
[0.617s] -- Up-to-date: /home/azraa/ros2_ws/install/m2s2_custom_interfaces/include/m2s2_custom_interfaces
[0.617s] -- Up-to-date: /home/azraa/ros2_ws/install/m2s2_custom_interfaces/include/m2s2_custom_interfaces/msg
[0.617s] -- Up-to-date: /home/azraa/ros2_ws/install/m2s2_custom_interfaces/include/m2s2_custom_interfaces/msg/detail
[0.619s] -- Up-to-date: /home/azraa/ros2_ws/install/m2s2_custom_interfaces/include/m2s2_custom_interfaces/msg/detail/enviro_data__rosidl_typesupport_fastrtps_cpp.hpp
[0.619s] -- Up-to-date: /home/azraa/ros2_ws/install/m2s2_custom_interfaces/include/m2s2_custom_interfaces/msg/detail/dds_fastrtps
[0.622s] -- Up-to-date: /home/azraa/ros2_ws/install/m2s2_custom_interfaces/include/m2s2_custom_interfaces/msg/rosidl_typesupport_fastrtps_cpp__visibility_control.h
[0.625s] -- Up-to-date: /home/azraa/ros2_ws/install/m2s2_custom_interfaces/lib/libm2s2_custom_interfaces__rosidl_typesupport_fastrtps_cpp.so
[0.625s] -- Up-to-date: /home/azraa/ros2_ws/install/m2s2_custom_interfaces/include/m2s2_custom_interfaces
[0.625s] -- Up-to-date: /home/azraa/ros2_ws/install/m2s2_custom_interfaces/include/m2s2_custom_interfaces/msg
[0.625s] -- Up-to-date: /home/azraa/ros2_ws/install/m2s2_custom_interfaces/include/m2s2_custom_interfaces/msg/detail
[0.626s] -- Up-to-date: /home/azraa/ros2_ws/install/m2s2_custom_interfaces/include/m2s2_custom_interfaces/msg/detail/enviro_data__type_support.c
[0.626s] -- Up-to-date: /home/azraa/ros2_ws/install/m2s2_custom_interfaces/include/m2s2_custom_interfaces/msg/detail/enviro_data__rosidl_typesupport_introspection_c.h
[0.627s] -- Up-to-date: /home/azraa/ros2_ws/install/m2s2_custom_interfaces/include/m2s2_custom_interfaces/msg/rosidl_typesupport_introspection_c__visibility_control.h
[0.627s] -- Up-to-date: /home/azraa/ros2_ws/install/m2s2_custom_interfaces/lib/libm2s2_custom_interfaces__rosidl_typesupport_introspection_c.so
[0.627s] -- Up-to-date: /home/azraa/ros2_ws/install/m2s2_custom_interfaces/lib/libm2s2_custom_interfaces__rosidl_typesupport_c.so
[0.627s] -- Up-to-date: /home/azraa/ros2_ws/install/m2s2_custom_interfaces/include/m2s2_custom_interfaces
[0.627s] -- Up-to-date: /home/azraa/ros2_ws/install/m2s2_custom_interfaces/include/m2s2_custom_interfaces/msg
[0.627s] -- Up-to-date: /home/azraa/ros2_ws/install/m2s2_custom_interfaces/include/m2s2_custom_interfaces/msg/detail
[0.627s] -- Up-to-date: /home/azraa/ros2_ws/install/m2s2_custom_interfaces/include/m2s2_custom_interfaces/msg/detail/enviro_data__struct.hpp
[0.628s] -- Up-to-date: /home/azraa/ros2_ws/install/m2s2_custom_interfaces/include/m2s2_custom_interfaces/msg/detail/enviro_data__builder.hpp
[0.629s] -- Up-to-date: /home/azraa/ros2_ws/install/m2s2_custom_interfaces/include/m2s2_custom_interfaces/msg/detail/enviro_data__traits.hpp
[0.629s] -- Up-to-date: /home/azraa/ros2_ws/install/m2s2_custom_interfaces/include/m2s2_custom_interfaces/msg/enviro_data.hpp
[0.629s] -- Up-to-date: /home/azraa/ros2_ws/install/m2s2_custom_interfaces/include/m2s2_custom_interfaces
[0.630s] -- Up-to-date: /home/azraa/ros2_ws/install/m2s2_custom_interfaces/include/m2s2_custom_interfaces/msg
[0.630s] -- Up-to-date: /home/azraa/ros2_ws/install/m2s2_custom_interfaces/include/m2s2_custom_interfaces/msg/detail
[0.631s] -- Up-to-date: /home/azraa/ros2_ws/install/m2s2_custom_interfaces/include/m2s2_custom_interfaces/msg/detail/enviro_data__type_support.cpp
[0.631s] -- Up-to-date: /home/azraa/ros2_ws/install/m2s2_custom_interfaces/include/m2s2_custom_interfaces/msg/detail/enviro_data__rosidl_typesupport_introspection_cpp.hpp
[0.631s] -- Up-to-date: /home/azraa/ros2_ws/install/m2s2_custom_interfaces/lib/libm2s2_custom_interfaces__rosidl_typesupport_introspection_cpp.so
[0.632s] -- Up-to-date: /home/azraa/ros2_ws/install/m2s2_custom_interfaces/lib/libm2s2_custom_interfaces__rosidl_typesupport_cpp.so
[0.632s] -- Up-to-date: /home/azraa/ros2_ws/install/m2s2_custom_interfaces/share/m2s2_custom_interfaces/environment/pythonpath.sh
[0.632s] -- Up-to-date: /home/azraa/ros2_ws/install/m2s2_custom_interfaces/share/m2s2_custom_interfaces/environment/pythonpath.dsv
[0.632s] -- Up-to-date: /home/azraa/ros2_ws/install/m2s2_custom_interfaces/lib/python3.8/site-packages/m2s2_custom_interfaces/__init__.py
[0.719s] -- Up-to-date: /home/azraa/ros2_ws/install/m2s2_custom_interfaces/lib/python3.8/site-packages/m2s2_custom_interfaces/msg
[0.719s] -- Up-to-date: /home/azraa/ros2_ws/install/m2s2_custom_interfaces/lib/python3.8/site-packages/m2s2_custom_interfaces/msg/_enviro_data.py
[0.719s] -- Up-to-date: /home/azraa/ros2_ws/install/m2s2_custom_interfaces/lib/python3.8/site-packages/m2s2_custom_interfaces/msg/_enviro_data_s.c
[0.719s] -- Up-to-date: /home/azraa/ros2_ws/install/m2s2_custom_interfaces/lib/python3.8/site-packages/m2s2_custom_interfaces/msg/__init__.py
[0.720s] -- Up-to-date: /home/azraa/ros2_ws/install/m2s2_custom_interfaces/lib/python3.8/site-packages/m2s2_custom_interfaces/m2s2_custom_interfaces_s__rosidl_typesupport_fastrtps_c.cpython-38-x86_64-linux-gnu.so
[0.720s] -- Up-to-date: /home/azraa/ros2_ws/install/m2s2_custom_interfaces/lib/python3.8/site-packages/m2s2_custom_interfaces/m2s2_custom_interfaces_s__rosidl_typesupport_introspection_c.cpython-38-x86_64-linux-gnu.so
[0.721s] -- Up-to-date: /home/azraa/ros2_ws/install/m2s2_custom_interfaces/lib/python3.8/site-packages/m2s2_custom_interfaces/m2s2_custom_interfaces_s__rosidl_typesupport_c.cpython-38-x86_64-linux-gnu.so
[0.721s] -- Up-to-date: /home/azraa/ros2_ws/install/m2s2_custom_interfaces/lib/libm2s2_custom_interfaces__python.so
[0.721s] -- Up-to-date: /home/azraa/ros2_ws/install/m2s2_custom_interfaces/share/m2s2_custom_interfaces/msg/EnviroData.idl
[0.722s] -- Up-to-date: /home/azraa/ros2_ws/install/m2s2_custom_interfaces/share/m2s2_custom_interfaces/msg/EnviroData.msg
[0.722s] -- Up-to-date: /home/azraa/ros2_ws/install/m2s2_custom_interfaces/share/ament_index/resource_index/package_run_dependencies/m2s2_custom_interfaces
[0.722s] -- Up-to-date: /home/azraa/ros2_ws/install/m2s2_custom_interfaces/share/ament_index/resource_index/parent_prefix_path/m2s2_custom_interfaces
[0.723s] -- Up-to-date: /home/azraa/ros2_ws/install/m2s2_custom_interfaces/share/m2s2_custom_interfaces/environment/ament_prefix_path.sh
[0.723s] -- Up-to-date: /home/azraa/ros2_ws/install/m2s2_custom_interfaces/share/m2s2_custom_interfaces/environment/ament_prefix_path.dsv
[0.723s] -- Up-to-date: /home/azraa/ros2_ws/install/m2s2_custom_interfaces/share/m2s2_custom_interfaces/environment/path.sh
[0.723s] -- Up-to-date: /home/azraa/ros2_ws/install/m2s2_custom_interfaces/share/m2s2_custom_interfaces/environment/path.dsv
[0.723s] -- Up-to-date: /home/azraa/ros2_ws/install/m2s2_custom_interfaces/share/m2s2_custom_interfaces/local_setup.bash
[0.724s] -- Up-to-date: /home/azraa/ros2_ws/install/m2s2_custom_interfaces/share/m2s2_custom_interfaces/local_setup.sh
[0.724s] -- Up-to-date: /home/azraa/ros2_ws/install/m2s2_custom_interfaces/share/m2s2_custom_interfaces/local_setup.zsh
[0.724s] -- Up-to-date: /home/azraa/ros2_ws/install/m2s2_custom_interfaces/share/m2s2_custom_interfaces/local_setup.dsv
[0.724s] -- Installing: /home/azraa/ros2_ws/install/m2s2_custom_interfaces/share/m2s2_custom_interfaces/package.dsv
[0.724s] -- Up-to-date: /home/azraa/ros2_ws/install/m2s2_custom_interfaces/share/ament_index/resource_index/packages/m2s2_custom_interfaces
[0.724s] -- Up-to-date: /home/azraa/ros2_ws/install/m2s2_custom_interfaces/share/m2s2_custom_interfaces/cmake/m2s2_custom_interfaces__rosidl_generator_cExport.cmake
[0.724s] -- Up-to-date: /home/azraa/ros2_ws/install/m2s2_custom_interfaces/share/m2s2_custom_interfaces/cmake/m2s2_custom_interfaces__rosidl_generator_cExport-noconfig.cmake
[0.725s] -- Up-to-date: /home/azraa/ros2_ws/install/m2s2_custom_interfaces/share/m2s2_custom_interfaces/cmake/m2s2_custom_interfaces__rosidl_typesupport_introspection_cExport.cmake
[0.725s] -- Up-to-date: /home/azraa/ros2_ws/install/m2s2_custom_interfaces/share/m2s2_custom_interfaces/cmake/m2s2_custom_interfaces__rosidl_typesupport_introspection_cExport-noconfig.cmake
[0.725s] -- Up-to-date: /home/azraa/ros2_ws/install/m2s2_custom_interfaces/share/m2s2_custom_interfaces/cmake/m2s2_custom_interfaces__rosidl_typesupport_cExport.cmake
[0.725s] -- Up-to-date: /home/azraa/ros2_ws/install/m2s2_custom_interfaces/share/m2s2_custom_interfaces/cmake/m2s2_custom_interfaces__rosidl_typesupport_cExport-noconfig.cmake
[0.725s] -- Up-to-date: /home/azraa/ros2_ws/install/m2s2_custom_interfaces/share/m2s2_custom_interfaces/cmake/m2s2_custom_interfaces__rosidl_generator_cppExport.cmake
[0.725s] -- Up-to-date: /home/azraa/ros2_ws/install/m2s2_custom_interfaces/share/m2s2_custom_interfaces/cmake/m2s2_custom_interfaces__rosidl_typesupport_introspection_cppExport.cmake
[0.725s] -- Up-to-date: /home/azraa/ros2_ws/install/m2s2_custom_interfaces/share/m2s2_custom_interfaces/cmake/m2s2_custom_interfaces__rosidl_typesupport_introspection_cppExport-noconfig.cmake
[0.726s] -- Up-to-date: /home/azraa/ros2_ws/install/m2s2_custom_interfaces/share/m2s2_custom_interfaces/cmake/m2s2_custom_interfaces__rosidl_typesupport_cppExport.cmake
[0.726s] -- Up-to-date: /home/azraa/ros2_ws/install/m2s2_custom_interfaces/share/m2s2_custom_interfaces/cmake/m2s2_custom_interfaces__rosidl_typesupport_cppExport-noconfig.cmake
[0.726s] -- Up-to-date: /home/azraa/ros2_ws/install/m2s2_custom_interfaces/share/m2s2_custom_interfaces/cmake/rosidl_cmake-extras.cmake
[0.726s] -- Up-to-date: /home/azraa/ros2_ws/install/m2s2_custom_interfaces/share/m2s2_custom_interfaces/cmake/ament_cmake_export_dependencies-extras.cmake
[0.726s] -- Up-to-date: /home/azraa/ros2_ws/install/m2s2_custom_interfaces/share/m2s2_custom_interfaces/cmake/ament_cmake_export_libraries-extras.cmake
[0.726s] -- Up-to-date: /home/azraa/ros2_ws/install/m2s2_custom_interfaces/share/m2s2_custom_interfaces/cmake/ament_cmake_export_targets-extras.cmake
[0.727s] -- Up-to-date: /home/azraa/ros2_ws/install/m2s2_custom_interfaces/share/m2s2_custom_interfaces/cmake/ament_cmake_export_include_directories-extras.cmake
[0.727s] -- Up-to-date: /home/azraa/ros2_ws/install/m2s2_custom_interfaces/share/m2s2_custom_interfaces/cmake/rosidl_cmake_export_typesupport_libraries-extras.cmake
[0.727s] -- Up-to-date: /home/azraa/ros2_ws/install/m2s2_custom_interfaces/share/m2s2_custom_interfaces/cmake/rosidl_cmake_export_typesupport_targets-extras.cmake
[0.727s] -- Up-to-date: /home/azraa/ros2_ws/install/m2s2_custom_interfaces/share/m2s2_custom_interfaces/cmake/m2s2_custom_interfacesConfig.cmake
[0.727s] -- Up-to-date: /home/azraa/ros2_ws/install/m2s2_custom_interfaces/share/m2s2_custom_interfaces/cmake/m2s2_custom_interfacesConfig-version.cmake
[0.727s] -- Up-to-date: /home/azraa/ros2_ws/install/m2s2_custom_interfaces/share/m2s2_custom_interfaces/package.xml
[0.757s] Invoked command in '/home/azraa/ros2_ws/build/m2s2_custom_interfaces' returned '0': CMAKE_PREFIX_PATH=${CMAKE_PREFIX_PATH}:/opt/ros/foxy /usr/bin/cmake --install /home/azraa/ros2_ws/build/m2s2_custom_interfaces
