[35m[1mScanning dependencies of target lepton_capture[0m
[ 50%] [32mBuilding CXX object CMakeFiles/lepton_capture.dir/src/lepton_capture.cpp.o[0m
[100%] [32m[1mLinking CXX executable lepton_capture[0m
[100%] Built target lepton_capture
-- Install configuration: ""
-- Installing: /home/azraa/ros2_ws/install/flir_lepton_ros2/lib/flir_lepton_ros2/lepton_capture
-- Set runtime path of "/home/azraa/ros2_ws/install/flir_lepton_ros2/lib/flir_lepton_ros2/lepton_capture" to ""
-- Up-to-date: /home/azraa/ros2_ws/install/flir_lepton_ros2/share/ament_index/resource_index/package_run_dependencies/flir_lepton_ros2
-- Up-to-date: /home/azraa/ros2_ws/install/flir_lepton_ros2/share/ament_index/resource_index/parent_prefix_path/flir_lepton_ros2
-- Up-to-date: /home/azraa/ros2_ws/install/flir_lepton_ros2/share/flir_lepton_ros2/environment/ament_prefix_path.sh
-- Up-to-date: /home/azraa/ros2_ws/install/flir_lepton_ros2/share/flir_lepton_ros2/environment/ament_prefix_path.dsv
-- Up-to-date: /home/azraa/ros2_ws/install/flir_lepton_ros2/share/flir_lepton_ros2/environment/path.sh
-- Up-to-date: /home/azraa/ros2_ws/install/flir_lepton_ros2/share/flir_lepton_ros2/environment/path.dsv
-- Up-to-date: /home/azraa/ros2_ws/install/flir_lepton_ros2/share/flir_lepton_ros2/local_setup.bash
-- Up-to-date: /home/azraa/ros2_ws/install/flir_lepton_ros2/share/flir_lepton_ros2/local_setup.sh
-- Up-to-date: /home/azraa/ros2_ws/install/flir_lepton_ros2/share/flir_lepton_ros2/local_setup.zsh
-- Up-to-date: /home/azraa/ros2_ws/install/flir_lepton_ros2/share/flir_lepton_ros2/local_setup.dsv
-- Installing: /home/azraa/ros2_ws/install/flir_lepton_ros2/share/flir_lepton_ros2/package.dsv
-- Up-to-date: /home/azraa/ros2_ws/install/flir_lepton_ros2/share/ament_index/resource_index/packages/flir_lepton_ros2
-- Up-to-date: /home/azraa/ros2_ws/install/flir_lepton_ros2/share/flir_lepton_ros2/cmake/flir_lepton_ros2Config.cmake
-- Up-to-date: /home/azraa/ros2_ws/install/flir_lepton_ros2/share/flir_lepton_ros2/cmake/flir_lepton_ros2Config-version.cmake
-- Up-to-date: /home/azraa/ros2_ws/install/flir_lepton_ros2/share/flir_lepton_ros2/package.xml
