[0.107s] Invoking command in '/home/azraa/ros2_ws/build/audio_common_msgs': CMAKE_PREFIX_PATH=${CMAKE_PREFIX_PATH}:/opt/ros/foxy /usr/bin/cmake --build /home/azraa/ros2_ws/build/audio_common_msgs -- -j4 -l4
[0.246s] -- Found ament_cmake: 0.9.9 (/opt/ros/foxy/share/ament_cmake/cmake)
[0.342s] -- Found PythonInterp: /usr/bin/python3 (found suitable version "3.8.10", minimum required is "3") 
[0.342s] -- Using PYTHON_EXECUTABLE: /usr/bin/python3
[0.838s] -- Found rosidl_default_generators: 1.0.1 (/opt/ros/foxy/share/rosidl_default_generators/cmake)
[0.852s] -- Using all available rosidl_typesupport_c: rosidl_typesupport_fastrtps_c;rosidl_typesupport_introspection_c
[0.865s] -- Found rosidl_adapter: 1.2.1 (/opt/ros/foxy/share/rosidl_adapter/cmake)
[1.244s] -- Using all available rosidl_typesupport_cpp: rosidl_typesupport_fastrtps_cpp;rosidl_typesupport_introspection_cpp
[1.329s] -- Found std_msgs: 2.0.5 (/opt/ros/foxy/share/std_msgs/cmake)
[1.517s] -- Found PythonInterp: /usr/bin/python3 (found version "3.8.10") 
[1.992s] -- Found ament_cmake_ros: 0.9.2 (/opt/ros/foxy/share/ament_cmake_ros/cmake)
[2.453s] -- Using all available rosidl_typesupport_c: rosidl_typesupport_fastrtps_c;rosidl_typesupport_introspection_c
[2.623s] -- Using all available rosidl_typesupport_cpp: rosidl_typesupport_fastrtps_cpp;rosidl_typesupport_introspection_cpp
[2.691s] -- Found PythonInterp: /usr/bin/python3 (found suitable version "3.8.10", minimum required is "3.5") 
[2.693s] -- Found python_cmake_module: 0.8.1 (/opt/ros/foxy/share/python_cmake_module/cmake)
[2.747s] -- Using PYTHON_EXECUTABLE: /usr/bin/python3
[2.748s] -- Using PYTHON_INCLUDE_DIRS: /usr/include/python3.8
[2.748s] -- Using PYTHON_LIBRARIES: /usr/lib/x86_64-linux-gnu/libpython3.8.so
[2.866s] -- Configuring done
[3.029s] -- Generating done
[3.039s] -- Build files have been written to: /home/azraa/ros2_ws/build/audio_common_msgs
[3.078s] [  2%] [34m[1mGenerating C code for ROS interfaces[0m
[3.103s] [  5%] [34m[1mGenerating C++ code for ROS interfaces[0m
[3.943s] [  5%] Built target audio_common_msgs__cpp
[3.968s] [  7%] [34m[1mGenerating C++ introspection for ROS interfaces[0m
[3.971s] [35m[1mScanning dependencies of target audio_common_msgs__rosidl_generator_c[0m
[3.972s] [ 10%] [34m[1mGenerating C++ type support for eProsima Fast-RTPS[0m
[3.973s] [ 12%] [34m[1mGenerating C++ type support dispatch for ROS interfaces[0m
[3.996s] [ 15%] [32mBuilding C object CMakeFiles/audio_common_msgs__rosidl_generator_c.dir/rosidl_generator_c/audio_common_msgs/msg/detail/audio_data__functions.c.o[0m
[4.135s] [ 17%] [32mBuilding C object CMakeFiles/audio_common_msgs__rosidl_generator_c.dir/rosidl_generator_c/audio_common_msgs/msg/detail/audio_info__functions.c.o[0m
[4.200s] [ 20%] [32m[1mLinking C shared library libaudio_common_msgs__rosidl_generator_c.so[0m
[4.293s] [ 20%] Built target audio_common_msgs__rosidl_generator_c
[4.312s] [ 23%] [34m[1mGenerating C type support dispatch for ROS interfaces[0m
[5.073s] [35m[1mScanning dependencies of target audio_common_msgs__rosidl_typesupport_cpp[0m
[5.146s] [ 25%] [32mBuilding CXX object CMakeFiles/audio_common_msgs__rosidl_typesupport_cpp.dir/rosidl_typesupport_cpp/audio_common_msgs/msg/audio_data__type_support.cpp.o[0m
[5.398s] [35m[1mScanning dependencies of target audio_common_msgs__rosidl_typesupport_introspection_cpp[0m
[5.539s] [ 28%] [32mBuilding CXX object CMakeFiles/audio_common_msgs__rosidl_typesupport_introspection_cpp.dir/rosidl_typesupport_introspection_cpp/audio_common_msgs/msg/detail/audio_data__type_support.cpp.o[0m
[5.608s] [35m[1mScanning dependencies of target audio_common_msgs__rosidl_typesupport_fastrtps_cpp[0m
[5.885s] [ 30%] [32mBuilding CXX object CMakeFiles/audio_common_msgs__rosidl_typesupport_fastrtps_cpp.dir/rosidl_typesupport_fastrtps_cpp/audio_common_msgs/msg/detail/dds_fastrtps/audio_data__type_support.cpp.o[0m
[6.947s] [35m[1mScanning dependencies of target audio_common_msgs__rosidl_typesupport_c[0m
[7.028s] [ 33%] [32mBuilding CXX object CMakeFiles/audio_common_msgs__rosidl_typesupport_c.dir/rosidl_typesupport_c/audio_common_msgs/msg/audio_data__type_support.cpp.o[0m
[7.342s] [ 35%] [32mBuilding CXX object CMakeFiles/audio_common_msgs__rosidl_typesupport_c.dir/rosidl_typesupport_c/audio_common_msgs/msg/audio_info__type_support.cpp.o[0m
[7.410s] [ 38%] [32m[1mLinking CXX shared library libaudio_common_msgs__rosidl_typesupport_c.so[0m
[7.417s] [ 41%] [32mBuilding CXX object CMakeFiles/audio_common_msgs__rosidl_typesupport_cpp.dir/rosidl_typesupport_cpp/audio_common_msgs/msg/audio_info__type_support.cpp.o[0m
[7.502s] [ 41%] Built target audio_common_msgs__rosidl_typesupport_c
[7.522s] [ 43%] [34m[1mGenerating C introspection for ROS interfaces[0m
[7.580s] [ 46%] [32mBuilding CXX object CMakeFiles/audio_common_msgs__rosidl_typesupport_introspection_cpp.dir/rosidl_typesupport_introspection_cpp/audio_common_msgs/msg/detail/audio_info__type_support.cpp.o[0m
[7.804s] [ 48%] [32mBuilding CXX object CMakeFiles/audio_common_msgs__rosidl_typesupport_fastrtps_cpp.dir/rosidl_typesupport_fastrtps_cpp/audio_common_msgs/msg/detail/dds_fastrtps/audio_info__type_support.cpp.o[0m
[7.910s] [ 51%] [32m[1mLinking CXX shared library libaudio_common_msgs__rosidl_typesupport_cpp.so[0m
[7.986s] [ 51%] Built target audio_common_msgs__rosidl_typesupport_cpp
[8.076s] [ 53%] [32m[1mLinking CXX shared library libaudio_common_msgs__rosidl_typesupport_introspection_cpp.so[0m
[8.200s] [ 53%] Built target audio_common_msgs__rosidl_typesupport_introspection_cpp
[8.380s] [35m[1mScanning dependencies of target audio_common_msgs__rosidl_typesupport_introspection_c[0m
[8.403s] [ 58%] [32mBuilding C object CMakeFiles/audio_common_msgs__rosidl_typesupport_introspection_c.dir/rosidl_typesupport_introspection_c/audio_common_msgs/msg/detail/audio_info__type_support.c.o[0m
[8.404s] [ 58%] [32mBuilding C object CMakeFiles/audio_common_msgs__rosidl_typesupport_introspection_c.dir/rosidl_typesupport_introspection_c/audio_common_msgs/msg/detail/audio_data__type_support.c.o[0m
[8.462s] [ 61%] [32m[1mLinking C shared library libaudio_common_msgs__rosidl_typesupport_introspection_c.so[0m
[8.520s] [ 61%] Built target audio_common_msgs__rosidl_typesupport_introspection_c
[8.525s] [ 64%] [32m[1mLinking CXX shared library libaudio_common_msgs__rosidl_typesupport_fastrtps_cpp.so[0m
[8.752s] [ 64%] Built target audio_common_msgs__rosidl_typesupport_fastrtps_cpp
[8.782s] [ 66%] [34m[1mGenerating C type support for eProsima Fast-RTPS[0m
[9.670s] [35m[1mScanning dependencies of target audio_common_msgs__rosidl_typesupport_fastrtps_c[0m
[9.702s] [ 71%] [32mBuilding CXX object CMakeFiles/audio_common_msgs__rosidl_typesupport_fastrtps_c.dir/rosidl_typesupport_fastrtps_c/audio_common_msgs/msg/detail/audio_data__type_support_c.cpp.o[0m
[9.702s] [ 71%] [32mBuilding CXX object CMakeFiles/audio_common_msgs__rosidl_typesupport_fastrtps_c.dir/rosidl_typesupport_fastrtps_c/audio_common_msgs/msg/detail/audio_info__type_support_c.cpp.o[0m
[10.303s] [ 74%] [32m[1mLinking CXX shared library libaudio_common_msgs__rosidl_typesupport_fastrtps_c.so[0m
[10.496s] [ 74%] Built target audio_common_msgs__rosidl_typesupport_fastrtps_c
[10.540s] [ 74%] Built target audio_common_msgs
[10.583s] [ 76%] [34m[1mGenerating Python code for ROS interfaces[0m
[12.313s] [ 76%] Built target audio_common_msgs__py
[12.335s] [35m[1mScanning dependencies of target audio_common_msgs__python[0m
[12.377s] [ 79%] [32mBuilding C object CMakeFiles/audio_common_msgs__python.dir/rosidl_generator_py/audio_common_msgs/msg/_audio_info_s.c.o[0m
[12.378s] [ 82%] [32mBuilding C object CMakeFiles/audio_common_msgs__python.dir/rosidl_generator_py/audio_common_msgs/msg/_audio_data_s.c.o[0m
[12.678s] [ 84%] [32m[1mLinking C shared library rosidl_generator_py/audio_common_msgs/libaudio_common_msgs__python.so[0m
[12.809s] [ 84%] Built target audio_common_msgs__python
[12.846s] [35m[1mScanning dependencies of target audio_common_msgs__rosidl_typesupport_c__pyext[0m
[12.846s] [35m[1mScanning dependencies of target audio_common_msgs__rosidl_typesupport_fastrtps_c__pyext[0m
[12.848s] [35m[1mScanning dependencies of target audio_common_msgs__rosidl_typesupport_introspection_c__pyext[0m
[12.894s] [ 87%] [32mBuilding C object CMakeFiles/audio_common_msgs__rosidl_typesupport_c__pyext.dir/rosidl_generator_py/audio_common_msgs/_audio_common_msgs_s.ep.rosidl_typesupport_c.c.o[0m
[12.911s] [ 89%] [32mBuilding C object CMakeFiles/audio_common_msgs__rosidl_typesupport_introspection_c__pyext.dir/rosidl_generator_py/audio_common_msgs/_audio_common_msgs_s.ep.rosidl_typesupport_introspection_c.c.o[0m
[12.911s] [ 92%] [32mBuilding C object CMakeFiles/audio_common_msgs__rosidl_typesupport_fastrtps_c__pyext.dir/rosidl_generator_py/audio_common_msgs/_audio_common_msgs_s.ep.rosidl_typesupport_fastrtps_c.c.o[0m
[13.101s] [ 97%] [32m[1mLinking C shared library rosidl_generator_py/audio_common_msgs/audio_common_msgs_s__rosidl_typesupport_c.cpython-38-x86_64-linux-gnu.so[0m
[13.102s] [ 97%] [32m[1mLinking C shared library rosidl_generator_py/audio_common_msgs/audio_common_msgs_s__rosidl_typesupport_introspection_c.cpython-38-x86_64-linux-gnu.so[0m
[13.113s] [100%] [32m[1mLinking CXX shared library rosidl_generator_py/audio_common_msgs/audio_common_msgs_s__rosidl_typesupport_fastrtps_c.cpython-38-x86_64-linux-gnu.so[0m
[13.190s] [100%] Built target audio_common_msgs__rosidl_typesupport_introspection_c__pyext
[13.200s] [100%] Built target audio_common_msgs__rosidl_typesupport_c__pyext
[13.277s] [100%] Built target audio_common_msgs__rosidl_typesupport_fastrtps_c__pyext
[13.298s] Invoked command in '/home/azraa/ros2_ws/build/audio_common_msgs' returned '0': CMAKE_PREFIX_PATH=${CMAKE_PREFIX_PATH}:/opt/ros/foxy /usr/bin/cmake --build /home/azraa/ros2_ws/build/audio_common_msgs -- -j4 -l4
[13.580s] Invoking command in '/home/azraa/ros2_ws/build/audio_common_msgs': CMAKE_PREFIX_PATH=${CMAKE_PREFIX_PATH}:/opt/ros/foxy /usr/bin/cmake --install /home/azraa/ros2_ws/build/audio_common_msgs
[13.612s] -- Install configuration: ""
[13.622s] -- Up-to-date: /home/azraa/ros2_ws/install/audio_common_msgs/share/ament_index/resource_index/rosidl_interfaces/audio_common_msgs
[13.623s] -- Up-to-date: /home/azraa/ros2_ws/install/audio_common_msgs/include/audio_common_msgs
[13.624s] -- Up-to-date: /home/azraa/ros2_ws/install/audio_common_msgs/include/audio_common_msgs/msg
[13.625s] -- Installing: /home/azraa/ros2_ws/install/audio_common_msgs/include/audio_common_msgs/msg/audio_data.h
[13.627s] -- Up-to-date: /home/azraa/ros2_ws/install/audio_common_msgs/include/audio_common_msgs/msg/detail
[13.627s] -- Installing: /home/azraa/ros2_ws/install/audio_common_msgs/include/audio_common_msgs/msg/detail/audio_info__type_support.h
[13.628s] -- Installing: /home/azraa/ros2_ws/install/audio_common_msgs/include/audio_common_msgs/msg/detail/audio_data__functions.h
[13.628s] -- Installing: /home/azraa/ros2_ws/install/audio_common_msgs/include/audio_common_msgs/msg/detail/audio_info__struct.h
[13.629s] -- Installing: /home/azraa/ros2_ws/install/audio_common_msgs/include/audio_common_msgs/msg/detail/audio_data__type_support.h
[13.629s] -- Installing: /home/azraa/ros2_ws/install/audio_common_msgs/include/audio_common_msgs/msg/detail/audio_info__functions.c
[13.630s] -- Installing: /home/azraa/ros2_ws/install/audio_common_msgs/include/audio_common_msgs/msg/detail/audio_info__functions.h
[13.630s] -- Installing: /home/azraa/ros2_ws/install/audio_common_msgs/include/audio_common_msgs/msg/detail/audio_data__functions.c
[13.630s] -- Installing: /home/azraa/ros2_ws/install/audio_common_msgs/include/audio_common_msgs/msg/detail/audio_data__struct.h
[13.631s] -- Up-to-date: /home/azraa/ros2_ws/install/audio_common_msgs/include/audio_common_msgs/msg/rosidl_generator_c__visibility_control.h
[13.631s] -- Installing: /home/azraa/ros2_ws/install/audio_common_msgs/include/audio_common_msgs/msg/audio_info.h
[13.632s] -- Up-to-date: /home/azraa/ros2_ws/install/audio_common_msgs/share/audio_common_msgs/environment/library_path.sh
[13.632s] -- Installing: /home/azraa/ros2_ws/install/audio_common_msgs/share/audio_common_msgs/environment/library_path.dsv
[13.633s] -- Installing: /home/azraa/ros2_ws/install/audio_common_msgs/lib/libaudio_common_msgs__rosidl_generator_c.so
[13.634s] -- Set runtime path of "/home/azraa/ros2_ws/install/audio_common_msgs/lib/libaudio_common_msgs__rosidl_generator_c.so" to ""
[13.635s] -- Up-to-date: /home/azraa/ros2_ws/install/audio_common_msgs/include/audio_common_msgs
[13.635s] -- Up-to-date: /home/azraa/ros2_ws/install/audio_common_msgs/include/audio_common_msgs/msg
[13.635s] -- Up-to-date: /home/azraa/ros2_ws/install/audio_common_msgs/include/audio_common_msgs/msg/rosidl_typesupport_fastrtps_c__visibility_control.h
[13.636s] -- Up-to-date: /home/azraa/ros2_ws/install/audio_common_msgs/include/audio_common_msgs/msg/detail
[13.637s] -- Installing: /home/azraa/ros2_ws/install/audio_common_msgs/include/audio_common_msgs/msg/detail/audio_info__rosidl_typesupport_fastrtps_c.h
[13.637s] -- Installing: /home/azraa/ros2_ws/install/audio_common_msgs/include/audio_common_msgs/msg/detail/audio_data__rosidl_typesupport_fastrtps_c.h
[13.638s] -- Installing: /home/azraa/ros2_ws/install/audio_common_msgs/lib/libaudio_common_msgs__rosidl_typesupport_fastrtps_c.so
[13.640s] -- Set runtime path of "/home/azraa/ros2_ws/install/audio_common_msgs/lib/libaudio_common_msgs__rosidl_typesupport_fastrtps_c.so" to ""
[13.640s] -- Up-to-date: /home/azraa/ros2_ws/install/audio_common_msgs/include/audio_common_msgs
[13.641s] -- Up-to-date: /home/azraa/ros2_ws/install/audio_common_msgs/include/audio_common_msgs/msg
[13.641s] -- Up-to-date: /home/azraa/ros2_ws/install/audio_common_msgs/include/audio_common_msgs/msg/detail
[13.642s] -- Installing: /home/azraa/ros2_ws/install/audio_common_msgs/include/audio_common_msgs/msg/detail/audio_info__rosidl_typesupport_fastrtps_cpp.hpp
[13.642s] -- Installing: /home/azraa/ros2_ws/install/audio_common_msgs/include/audio_common_msgs/msg/detail/audio_data__rosidl_typesupport_fastrtps_cpp.hpp
[13.643s] -- Up-to-date: /home/azraa/ros2_ws/install/audio_common_msgs/include/audio_common_msgs/msg/detail/dds_fastrtps
[13.643s] -- Up-to-date: /home/azraa/ros2_ws/install/audio_common_msgs/include/audio_common_msgs/msg/rosidl_typesupport_fastrtps_cpp__visibility_control.h
[13.644s] -- Installing: /home/azraa/ros2_ws/install/audio_common_msgs/lib/libaudio_common_msgs__rosidl_typesupport_fastrtps_cpp.so
[13.645s] -- Set runtime path of "/home/azraa/ros2_ws/install/audio_common_msgs/lib/libaudio_common_msgs__rosidl_typesupport_fastrtps_cpp.so" to ""
[13.646s] -- Up-to-date: /home/azraa/ros2_ws/install/audio_common_msgs/include/audio_common_msgs
[13.647s] -- Up-to-date: /home/azraa/ros2_ws/install/audio_common_msgs/include/audio_common_msgs/msg
[13.647s] -- Up-to-date: /home/azraa/ros2_ws/install/audio_common_msgs/include/audio_common_msgs/msg/detail
[13.648s] -- Installing: /home/azraa/ros2_ws/install/audio_common_msgs/include/audio_common_msgs/msg/detail/audio_info__rosidl_typesupport_introspection_c.h
[13.649s] -- Installing: /home/azraa/ros2_ws/install/audio_common_msgs/include/audio_common_msgs/msg/detail/audio_info__type_support.c
[13.649s] -- Installing: /home/azraa/ros2_ws/install/audio_common_msgs/include/audio_common_msgs/msg/detail/audio_data__type_support.c
[13.649s] -- Installing: /home/azraa/ros2_ws/install/audio_common_msgs/include/audio_common_msgs/msg/detail/audio_data__rosidl_typesupport_introspection_c.h
[13.650s] -- Up-to-date: /home/azraa/ros2_ws/install/audio_common_msgs/include/audio_common_msgs/msg/rosidl_typesupport_introspection_c__visibility_control.h
[13.650s] -- Installing: /home/azraa/ros2_ws/install/audio_common_msgs/lib/libaudio_common_msgs__rosidl_typesupport_introspection_c.so
[13.651s] -- Set runtime path of "/home/azraa/ros2_ws/install/audio_common_msgs/lib/libaudio_common_msgs__rosidl_typesupport_introspection_c.so" to ""
[13.655s] -- Installing: /home/azraa/ros2_ws/install/audio_common_msgs/lib/libaudio_common_msgs__rosidl_typesupport_c.so
[13.656s] -- Set runtime path of "/home/azraa/ros2_ws/install/audio_common_msgs/lib/libaudio_common_msgs__rosidl_typesupport_c.so" to ""
[13.657s] -- Up-to-date: /home/azraa/ros2_ws/install/audio_common_msgs/include/audio_common_msgs
[13.658s] -- Up-to-date: /home/azraa/ros2_ws/install/audio_common_msgs/include/audio_common_msgs/msg
[13.659s] -- Up-to-date: /home/azraa/ros2_ws/install/audio_common_msgs/include/audio_common_msgs/msg/detail
[13.660s] -- Installing: /home/azraa/ros2_ws/install/audio_common_msgs/include/audio_common_msgs/msg/detail/audio_info__struct.hpp
[13.660s] -- Installing: /home/azraa/ros2_ws/install/audio_common_msgs/include/audio_common_msgs/msg/detail/audio_data__struct.hpp
[13.660s] -- Installing: /home/azraa/ros2_ws/install/audio_common_msgs/include/audio_common_msgs/msg/detail/audio_data__builder.hpp
[13.661s] -- Installing: /home/azraa/ros2_ws/install/audio_common_msgs/include/audio_common_msgs/msg/detail/audio_info__builder.hpp
[13.663s] -- Installing: /home/azraa/ros2_ws/install/audio_common_msgs/include/audio_common_msgs/msg/detail/audio_info__traits.hpp
[13.665s] -- Installing: /home/azraa/ros2_ws/install/audio_common_msgs/include/audio_common_msgs/msg/detail/audio_data__traits.hpp
[13.665s] -- Installing: /home/azraa/ros2_ws/install/audio_common_msgs/include/audio_common_msgs/msg/audio_data.hpp
[13.666s] -- Installing: /home/azraa/ros2_ws/install/audio_common_msgs/include/audio_common_msgs/msg/audio_info.hpp
[13.666s] -- Up-to-date: /home/azraa/ros2_ws/install/audio_common_msgs/include/audio_common_msgs
[13.667s] -- Up-to-date: /home/azraa/ros2_ws/install/audio_common_msgs/include/audio_common_msgs/msg
[13.668s] -- Up-to-date: /home/azraa/ros2_ws/install/audio_common_msgs/include/audio_common_msgs/msg/detail
[13.668s] -- Installing: /home/azraa/ros2_ws/install/audio_common_msgs/include/audio_common_msgs/msg/detail/audio_info__type_support.cpp
[13.668s] -- Installing: /home/azraa/ros2_ws/install/audio_common_msgs/include/audio_common_msgs/msg/detail/audio_data__rosidl_typesupport_introspection_cpp.hpp
[13.669s] -- Installing: /home/azraa/ros2_ws/install/audio_common_msgs/include/audio_common_msgs/msg/detail/audio_data__type_support.cpp
[13.670s] -- Installing: /home/azraa/ros2_ws/install/audio_common_msgs/include/audio_common_msgs/msg/detail/audio_info__rosidl_typesupport_introspection_cpp.hpp
[13.672s] -- Installing: /home/azraa/ros2_ws/install/audio_common_msgs/lib/libaudio_common_msgs__rosidl_typesupport_introspection_cpp.so
[13.674s] -- Set runtime path of "/home/azraa/ros2_ws/install/audio_common_msgs/lib/libaudio_common_msgs__rosidl_typesupport_introspection_cpp.so" to ""
[13.677s] -- Installing: /home/azraa/ros2_ws/install/audio_common_msgs/lib/libaudio_common_msgs__rosidl_typesupport_cpp.so
[13.679s] -- Set runtime path of "/home/azraa/ros2_ws/install/audio_common_msgs/lib/libaudio_common_msgs__rosidl_typesupport_cpp.so" to ""
[13.679s] -- Up-to-date: /home/azraa/ros2_ws/install/audio_common_msgs/share/audio_common_msgs/environment/pythonpath.sh
[13.680s] -- Installing: /home/azraa/ros2_ws/install/audio_common_msgs/share/audio_common_msgs/environment/pythonpath.dsv
[13.682s] -- Installing: /home/azraa/ros2_ws/install/audio_common_msgs/lib/python3.8/site-packages/audio_common_msgs/__init__.py
[13.824s] Compiling '/home/azraa/ros2_ws/install/audio_common_msgs/lib/python3.8/site-packages/audio_common_msgs/__init__.py'...
[13.835s] -- Up-to-date: /home/azraa/ros2_ws/install/audio_common_msgs/lib/python3.8/site-packages/audio_common_msgs/msg
[13.836s] -- Installing: /home/azraa/ros2_ws/install/audio_common_msgs/lib/python3.8/site-packages/audio_common_msgs/msg/_audio_info_s.c
[13.837s] -- Installing: /home/azraa/ros2_ws/install/audio_common_msgs/lib/python3.8/site-packages/audio_common_msgs/msg/_audio_info.py
[13.838s] -- Installing: /home/azraa/ros2_ws/install/audio_common_msgs/lib/python3.8/site-packages/audio_common_msgs/msg/_audio_data.py
[13.838s] -- Installing: /home/azraa/ros2_ws/install/audio_common_msgs/lib/python3.8/site-packages/audio_common_msgs/msg/__init__.py
[13.839s] -- Installing: /home/azraa/ros2_ws/install/audio_common_msgs/lib/python3.8/site-packages/audio_common_msgs/msg/_audio_data_s.c
[13.841s] -- Installing: /home/azraa/ros2_ws/install/audio_common_msgs/lib/python3.8/site-packages/audio_common_msgs/audio_common_msgs_s__rosidl_typesupport_fastrtps_c.cpython-38-x86_64-linux-gnu.so
[13.843s] -- Set runtime path of "/home/azraa/ros2_ws/install/audio_common_msgs/lib/python3.8/site-packages/audio_common_msgs/audio_common_msgs_s__rosidl_typesupport_fastrtps_c.cpython-38-x86_64-linux-gnu.so" to ""
[13.845s] -- Installing: /home/azraa/ros2_ws/install/audio_common_msgs/lib/python3.8/site-packages/audio_common_msgs/audio_common_msgs_s__rosidl_typesupport_introspection_c.cpython-38-x86_64-linux-gnu.so
[13.847s] -- Set runtime path of "/home/azraa/ros2_ws/install/audio_common_msgs/lib/python3.8/site-packages/audio_common_msgs/audio_common_msgs_s__rosidl_typesupport_introspection_c.cpython-38-x86_64-linux-gnu.so" to ""
[13.849s] -- Installing: /home/azraa/ros2_ws/install/audio_common_msgs/lib/python3.8/site-packages/audio_common_msgs/audio_common_msgs_s__rosidl_typesupport_c.cpython-38-x86_64-linux-gnu.so
[13.851s] -- Set runtime path of "/home/azraa/ros2_ws/install/audio_common_msgs/lib/python3.8/site-packages/audio_common_msgs/audio_common_msgs_s__rosidl_typesupport_c.cpython-38-x86_64-linux-gnu.so" to ""
[13.853s] -- Installing: /home/azraa/ros2_ws/install/audio_common_msgs/lib/libaudio_common_msgs__python.so
[13.855s] -- Set runtime path of "/home/azraa/ros2_ws/install/audio_common_msgs/lib/libaudio_common_msgs__python.so" to ""
[13.856s] -- Installing: /home/azraa/ros2_ws/install/audio_common_msgs/share/audio_common_msgs/msg/AudioData.idl
[13.857s] -- Up-to-date: /home/azraa/ros2_ws/install/audio_common_msgs/share/audio_common_msgs/msg/AudioInfo.idl
[13.858s] -- Installing: /home/azraa/ros2_ws/install/audio_common_msgs/share/audio_common_msgs/msg/AudioData.msg
[13.859s] -- Up-to-date: /home/azraa/ros2_ws/install/audio_common_msgs/share/audio_common_msgs/msg/AudioInfo.msg
[13.859s] -- Installing: /home/azraa/ros2_ws/install/audio_common_msgs/share/ament_index/resource_index/package_run_dependencies/audio_common_msgs
[13.861s] -- Installing: /home/azraa/ros2_ws/install/audio_common_msgs/share/ament_index/resource_index/parent_prefix_path/audio_common_msgs
[13.862s] -- Up-to-date: /home/azraa/ros2_ws/install/audio_common_msgs/share/audio_common_msgs/environment/ament_prefix_path.sh
[13.863s] -- Installing: /home/azraa/ros2_ws/install/audio_common_msgs/share/audio_common_msgs/environment/ament_prefix_path.dsv
[13.865s] -- Up-to-date: /home/azraa/ros2_ws/install/audio_common_msgs/share/audio_common_msgs/environment/path.sh
[13.865s] -- Installing: /home/azraa/ros2_ws/install/audio_common_msgs/share/audio_common_msgs/environment/path.dsv
[13.866s] -- Up-to-date: /home/azraa/ros2_ws/install/audio_common_msgs/share/audio_common_msgs/local_setup.bash
[13.866s] -- Up-to-date: /home/azraa/ros2_ws/install/audio_common_msgs/share/audio_common_msgs/local_setup.sh
[13.867s] -- Up-to-date: /home/azraa/ros2_ws/install/audio_common_msgs/share/audio_common_msgs/local_setup.zsh
[13.868s] -- Installing: /home/azraa/ros2_ws/install/audio_common_msgs/share/audio_common_msgs/local_setup.dsv
[13.870s] -- Installing: /home/azraa/ros2_ws/install/audio_common_msgs/share/audio_common_msgs/package.dsv
[13.871s] -- Up-to-date: /home/azraa/ros2_ws/install/audio_common_msgs/share/ament_index/resource_index/packages/audio_common_msgs
[13.874s] -- Old export file "/home/azraa/ros2_ws/install/audio_common_msgs/share/audio_common_msgs/cmake/audio_common_msgs__rosidl_generator_cExport.cmake" will be replaced.  Removing files [/home/azraa/ros2_ws/install/audio_common_msgs/share/audio_common_msgs/cmake/audio_common_msgs__rosidl_generator_cExport-noconfig.cmake].
[13.874s] -- Installing: /home/azraa/ros2_ws/install/audio_common_msgs/share/audio_common_msgs/cmake/audio_common_msgs__rosidl_generator_cExport.cmake
[13.875s] -- Installing: /home/azraa/ros2_ws/install/audio_common_msgs/share/audio_common_msgs/cmake/audio_common_msgs__rosidl_generator_cExport-noconfig.cmake
[13.877s] -- Old export file "/home/azraa/ros2_ws/install/audio_common_msgs/share/audio_common_msgs/cmake/audio_common_msgs__rosidl_typesupport_introspection_cExport.cmake" will be replaced.  Removing files [/home/azraa/ros2_ws/install/audio_common_msgs/share/audio_common_msgs/cmake/audio_common_msgs__rosidl_typesupport_introspection_cExport-noconfig.cmake].
[13.878s] -- Installing: /home/azraa/ros2_ws/install/audio_common_msgs/share/audio_common_msgs/cmake/audio_common_msgs__rosidl_typesupport_introspection_cExport.cmake
[13.878s] -- Installing: /home/azraa/ros2_ws/install/audio_common_msgs/share/audio_common_msgs/cmake/audio_common_msgs__rosidl_typesupport_introspection_cExport-noconfig.cmake
[13.880s] -- Old export file "/home/azraa/ros2_ws/install/audio_common_msgs/share/audio_common_msgs/cmake/audio_common_msgs__rosidl_typesupport_cExport.cmake" will be replaced.  Removing files [/home/azraa/ros2_ws/install/audio_common_msgs/share/audio_common_msgs/cmake/audio_common_msgs__rosidl_typesupport_cExport-noconfig.cmake].
[13.881s] -- Installing: /home/azraa/ros2_ws/install/audio_common_msgs/share/audio_common_msgs/cmake/audio_common_msgs__rosidl_typesupport_cExport.cmake
[13.882s] -- Installing: /home/azraa/ros2_ws/install/audio_common_msgs/share/audio_common_msgs/cmake/audio_common_msgs__rosidl_typesupport_cExport-noconfig.cmake
[13.883s] -- Installing: /home/azraa/ros2_ws/install/audio_common_msgs/share/audio_common_msgs/cmake/audio_common_msgs__rosidl_generator_cppExport.cmake
[13.884s] -- Old export file "/home/azraa/ros2_ws/install/audio_common_msgs/share/audio_common_msgs/cmake/audio_common_msgs__rosidl_typesupport_introspection_cppExport.cmake" will be replaced.  Removing files [/home/azraa/ros2_ws/install/audio_common_msgs/share/audio_common_msgs/cmake/audio_common_msgs__rosidl_typesupport_introspection_cppExport-noconfig.cmake].
[13.885s] -- Installing: /home/azraa/ros2_ws/install/audio_common_msgs/share/audio_common_msgs/cmake/audio_common_msgs__rosidl_typesupport_introspection_cppExport.cmake
[13.886s] -- Installing: /home/azraa/ros2_ws/install/audio_common_msgs/share/audio_common_msgs/cmake/audio_common_msgs__rosidl_typesupport_introspection_cppExport-noconfig.cmake
[13.887s] -- Old export file "/home/azraa/ros2_ws/install/audio_common_msgs/share/audio_common_msgs/cmake/audio_common_msgs__rosidl_typesupport_cppExport.cmake" will be replaced.  Removing files [/home/azraa/ros2_ws/install/audio_common_msgs/share/audio_common_msgs/cmake/audio_common_msgs__rosidl_typesupport_cppExport-noconfig.cmake].
[13.888s] -- Installing: /home/azraa/ros2_ws/install/audio_common_msgs/share/audio_common_msgs/cmake/audio_common_msgs__rosidl_typesupport_cppExport.cmake
[13.888s] -- Installing: /home/azraa/ros2_ws/install/audio_common_msgs/share/audio_common_msgs/cmake/audio_common_msgs__rosidl_typesupport_cppExport-noconfig.cmake
[13.888s] -- Up-to-date: /home/azraa/ros2_ws/install/audio_common_msgs/share/audio_common_msgs/cmake/rosidl_cmake-extras.cmake
[13.889s] -- Installing: /home/azraa/ros2_ws/install/audio_common_msgs/share/audio_common_msgs/cmake/ament_cmake_export_dependencies-extras.cmake
[13.890s] -- Up-to-date: /home/azraa/ros2_ws/install/audio_common_msgs/share/audio_common_msgs/cmake/ament_cmake_export_libraries-extras.cmake
[13.890s] -- Up-to-date: /home/azraa/ros2_ws/install/audio_common_msgs/share/audio_common_msgs/cmake/ament_cmake_export_targets-extras.cmake
[13.890s] -- Up-to-date: /home/azraa/ros2_ws/install/audio_common_msgs/share/audio_common_msgs/cmake/ament_cmake_export_include_directories-extras.cmake
[13.891s] -- Up-to-date: /home/azraa/ros2_ws/install/audio_common_msgs/share/audio_common_msgs/cmake/rosidl_cmake_export_typesupport_libraries-extras.cmake
[13.891s] -- Up-to-date: /home/azraa/ros2_ws/install/audio_common_msgs/share/audio_common_msgs/cmake/rosidl_cmake_export_typesupport_targets-extras.cmake
[13.891s] -- Up-to-date: /home/azraa/ros2_ws/install/audio_common_msgs/share/audio_common_msgs/cmake/audio_common_msgsConfig.cmake
[13.892s] -- Up-to-date: /home/azraa/ros2_ws/install/audio_common_msgs/share/audio_common_msgs/cmake/audio_common_msgsConfig-version.cmake
[13.892s] -- Installing: /home/azraa/ros2_ws/install/audio_common_msgs/share/audio_common_msgs/package.xml
[13.896s] Invoked command in '/home/azraa/ros2_ws/build/audio_common_msgs' returned '0': CMAKE_PREFIX_PATH=${CMAKE_PREFIX_PATH}:/opt/ros/foxy /usr/bin/cmake --install /home/azraa/ros2_ws/build/audio_common_msgs
