[0.043s] Invoking command in '/home/azraa/ros2_ws/build/my_cpp_pkg': CMAKE_PREFIX_PATH=/home/azraa/ros2_ws/install/my_py_pkg:/opt/ros/foxy /usr/bin/cmake /home/azraa/ros2_ws/src/my_cpp_pkg -DCMAKE_INSTALL_PREFIX=/home/azraa/ros2_ws/install/my_cpp_pkg
[0.447s] -- The C compiler identification is GNU 9.4.0
[0.720s] -- The CXX compiler identification is GNU 9.4.0
[0.753s] -- Check for working C compiler: /usr/bin/cc
[0.883s] -- Check for working C compiler: /usr/bin/cc -- works
[0.887s] -- Detecting C compiler ABI info
[0.989s] -- Detecting C compiler ABI info - done
[1.015s] -- Detecting C compile features
[1.015s] -- Detecting C compile features - done
[1.024s] -- Check for working CXX compiler: /usr/bin/c++
[1.149s] -- Check for working CXX compiler: /usr/bin/c++ -- works
[1.151s] -- Detecting CXX compiler ABI info
[1.285s] -- Detecting CXX compiler ABI info - done
[1.319s] -- Detecting CXX compile features
[1.320s] -- Detecting CXX compile features - done
[1.338s] -- Found ament_cmake: 0.9.9 (/opt/ros/foxy/share/ament_cmake/cmake)
[1.397s] -- Found PythonInterp: /usr/bin/python3 (found suitable version "3.8.10", minimum required is "3") 
[1.397s] -- Using PYTHON_EXECUTABLE: /usr/bin/python3
[1.791s] CMake Error at CMakeLists.txt:20 (find_package):
[1.791s]   By not providing "Findrclpp.cmake" in CMAKE_MODULE_PATH this project has
[1.791s]   asked CMake to find a package configuration file provided by "rclpp", but
[1.791s]   CMake did not find one.
[1.791s] 
[1.791s]   Could not find a package configuration file provided by "rclpp" with any of
[1.792s]   the following names:
[1.792s] 
[1.792s]     rclppConfig.cmake
[1.792s]     rclpp-config.cmake
[1.792s] 
[1.792s]   Add the installation prefix of "rclpp" to CMAKE_PREFIX_PATH or set
[1.792s]   "rclpp_DIR" to a directory containing one of the above files.  If "rclpp"
[1.792s]   provides a separate development package or SDK, be sure it has been
[1.792s]   installed.
[1.792s] 
[1.792s] 
[1.794s] -- Configuring incomplete, errors occurred!
[1.794s] See also "/home/azraa/ros2_ws/build/my_cpp_pkg/CMakeFiles/CMakeOutput.log".
[1.803s] Invoked command in '/home/azraa/ros2_ws/build/my_cpp_pkg' returned '1': CMAKE_PREFIX_PATH=/home/azraa/ros2_ws/install/my_py_pkg:/opt/ros/foxy /usr/bin/cmake /home/azraa/ros2_ws/src/my_cpp_pkg -DCMAKE_INSTALL_PREFIX=/home/azraa/ros2_ws/install/my_cpp_pkg
