[0.068s] Invoking command in '/home/azraa/ros2_ws/build/flir_lepton_ros2': CMAKE_PREFIX_PATH=/home/azraa/ros2_ws/install/v4l2_camera:/home/azraa/ros2_ws/install/audio_common:/home/azraa/ros2_ws/install/sound_play:/home/azraa/ros2_ws/install/my_robot_bringup:/home/azraa/ros2_ws/install/my_cpp_pkg:/home/azraa/ros2_ws/install/my_robot_interfaces:/home/azraa/ros2_ws/install/flir_lepton_capture:/home/azraa/ros2_ws/install/bme280:/home/azraa/ros2_ws/install/m2s2_custom_interfaces:/home/azraa/ros2_ws/install/m2s2_bringup:/home/azraa/ros2_ws/install/gscam:/home/azraa/ros2_ws/install/flir_lepton_msgs:/home/azraa/ros2_ws/install/audio_play:/home/azraa/ros2_ws/install/audio_capture:/home/azraa/ros2_ws/install/audio_common_msgs:/home/azraa/ros2_ws/install/m2s2_test_python:/home/azraa/ros2_ws/install/flir_lepton_purethermal2:/opt/ros/foxy:/opt/ros/noetic /usr/bin/cmake --build /home/azraa/ros2_ws/build/flir_lepton_ros2 -- -j4 -l4
[0.213s] [100%] Built target lepton_capture
[0.238s] Invoked command in '/home/azraa/ros2_ws/build/flir_lepton_ros2' returned '0': CMAKE_PREFIX_PATH=/home/azraa/ros2_ws/install/v4l2_camera:/home/azraa/ros2_ws/install/audio_common:/home/azraa/ros2_ws/install/sound_play:/home/azraa/ros2_ws/install/my_robot_bringup:/home/azraa/ros2_ws/install/my_cpp_pkg:/home/azraa/ros2_ws/install/my_robot_interfaces:/home/azraa/ros2_ws/install/flir_lepton_capture:/home/azraa/ros2_ws/install/bme280:/home/azraa/ros2_ws/install/m2s2_custom_interfaces:/home/azraa/ros2_ws/install/m2s2_bringup:/home/azraa/ros2_ws/install/gscam:/home/azraa/ros2_ws/install/flir_lepton_msgs:/home/azraa/ros2_ws/install/audio_play:/home/azraa/ros2_ws/install/audio_capture:/home/azraa/ros2_ws/install/audio_common_msgs:/home/azraa/ros2_ws/install/m2s2_test_python:/home/azraa/ros2_ws/install/flir_lepton_purethermal2:/opt/ros/foxy:/opt/ros/noetic /usr/bin/cmake --build /home/azraa/ros2_ws/build/flir_lepton_ros2 -- -j4 -l4
[0.320s] Invoking command in '/home/azraa/ros2_ws/build/flir_lepton_ros2': CMAKE_PREFIX_PATH=/home/azraa/ros2_ws/install/v4l2_camera:/home/azraa/ros2_ws/install/audio_common:/home/azraa/ros2_ws/install/sound_play:/home/azraa/ros2_ws/install/my_robot_bringup:/home/azraa/ros2_ws/install/my_cpp_pkg:/home/azraa/ros2_ws/install/my_robot_interfaces:/home/azraa/ros2_ws/install/flir_lepton_capture:/home/azraa/ros2_ws/install/bme280:/home/azraa/ros2_ws/install/m2s2_custom_interfaces:/home/azraa/ros2_ws/install/m2s2_bringup:/home/azraa/ros2_ws/install/gscam:/home/azraa/ros2_ws/install/flir_lepton_msgs:/home/azraa/ros2_ws/install/audio_play:/home/azraa/ros2_ws/install/audio_capture:/home/azraa/ros2_ws/install/audio_common_msgs:/home/azraa/ros2_ws/install/m2s2_test_python:/home/azraa/ros2_ws/install/flir_lepton_purethermal2:/opt/ros/foxy:/opt/ros/noetic /usr/bin/cmake --install /home/azraa/ros2_ws/build/flir_lepton_ros2
[0.335s] -- Install configuration: ""
[0.335s] -- Up-to-date: /home/azraa/ros2_ws/install/flir_lepton_ros2/lib/flir_lepton_ros2/lepton_capture
[0.336s] -- Up-to-date: /home/azraa/ros2_ws/install/flir_lepton_ros2/share/ament_index/resource_index/package_run_dependencies/flir_lepton_ros2
[0.336s] -- Up-to-date: /home/azraa/ros2_ws/install/flir_lepton_ros2/share/ament_index/resource_index/parent_prefix_path/flir_lepton_ros2
[0.336s] -- Up-to-date: /home/azraa/ros2_ws/install/flir_lepton_ros2/share/flir_lepton_ros2/environment/ament_prefix_path.sh
[0.336s] -- Up-to-date: /home/azraa/ros2_ws/install/flir_lepton_ros2/share/flir_lepton_ros2/environment/ament_prefix_path.dsv
[0.337s] -- Up-to-date: /home/azraa/ros2_ws/install/flir_lepton_ros2/share/flir_lepton_ros2/environment/path.sh
[0.337s] -- Up-to-date: /home/azraa/ros2_ws/install/flir_lepton_ros2/share/flir_lepton_ros2/environment/path.dsv
[0.337s] -- Up-to-date: /home/azraa/ros2_ws/install/flir_lepton_ros2/share/flir_lepton_ros2/local_setup.bash
[0.337s] -- Up-to-date: /home/azraa/ros2_ws/install/flir_lepton_ros2/share/flir_lepton_ros2/local_setup.sh
[0.337s] -- Up-to-date: /home/azraa/ros2_ws/install/flir_lepton_ros2/share/flir_lepton_ros2/local_setup.zsh
[0.338s] -- Up-to-date: /home/azraa/ros2_ws/install/flir_lepton_ros2/share/flir_lepton_ros2/local_setup.dsv
[0.338s] -- Installing: /home/azraa/ros2_ws/install/flir_lepton_ros2/share/flir_lepton_ros2/package.dsv
[0.338s] -- Up-to-date: /home/azraa/ros2_ws/install/flir_lepton_ros2/share/ament_index/resource_index/packages/flir_lepton_ros2
[0.338s] -- Up-to-date: /home/azraa/ros2_ws/install/flir_lepton_ros2/share/flir_lepton_ros2/cmake/flir_lepton_ros2Config.cmake
[0.338s] -- Up-to-date: /home/azraa/ros2_ws/install/flir_lepton_ros2/share/flir_lepton_ros2/cmake/flir_lepton_ros2Config-version.cmake
[0.339s] -- Up-to-date: /home/azraa/ros2_ws/install/flir_lepton_ros2/share/flir_lepton_ros2/package.xml
[0.343s] Invoked command in '/home/azraa/ros2_ws/build/flir_lepton_ros2' returned '0': CMAKE_PREFIX_PATH=/home/azraa/ros2_ws/install/v4l2_camera:/home/azraa/ros2_ws/install/audio_common:/home/azraa/ros2_ws/install/sound_play:/home/azraa/ros2_ws/install/my_robot_bringup:/home/azraa/ros2_ws/install/my_cpp_pkg:/home/azraa/ros2_ws/install/my_robot_interfaces:/home/azraa/ros2_ws/install/flir_lepton_capture:/home/azraa/ros2_ws/install/bme280:/home/azraa/ros2_ws/install/m2s2_custom_interfaces:/home/azraa/ros2_ws/install/m2s2_bringup:/home/azraa/ros2_ws/install/gscam:/home/azraa/ros2_ws/install/flir_lepton_msgs:/home/azraa/ros2_ws/install/audio_play:/home/azraa/ros2_ws/install/audio_capture:/home/azraa/ros2_ws/install/audio_common_msgs:/home/azraa/ros2_ws/install/m2s2_test_python:/home/azraa/ros2_ws/install/flir_lepton_purethermal2:/opt/ros/foxy:/opt/ros/noetic /usr/bin/cmake --install /home/azraa/ros2_ws/build/flir_lepton_ros2
