[0.287s] Invoking command in '/home/azraa/ros2_ws/build/audio_common_msgs': CMAKE_PREFIX_PATH=${CMAKE_PREFIX_PATH}:/opt/ros/foxy /usr/bin/cmake --build /home/azraa/ros2_ws/build/audio_common_msgs -- -j4 -l4
[3.634s] [  2%] Built target audio_common_msgs__cpp
[3.636s] [ 12%] Built target audio_common_msgs__rosidl_generator_c
[3.636s] [ 23%] Built target audio_common_msgs__rosidl_typesupport_cpp
[3.636s] [ 33%] Built target audio_common_msgs__rosidl_typesupport_c
[3.636s] [ 43%] Built target audio_common_msgs__rosidl_typesupport_introspection_c
[3.636s] [ 53%] Built target audio_common_msgs__rosidl_typesupport_fastrtps_cpp
[3.638s] [ 64%] Built target audio_common_msgs__rosidl_typesupport_introspection_cpp
[3.638s] [ 74%] Built target audio_common_msgs__rosidl_typesupport_fastrtps_c
[3.999s] [ 74%] Built target audio_common_msgs
[4.285s] [ 76%] Built target audio_common_msgs__py
[4.675s] [ 84%] Built target audio_common_msgs__python
[5.100s] [ 89%] Built target audio_common_msgs__rosidl_typesupport_c__pyext
[5.461s] [ 94%] Built target audio_common_msgs__rosidl_typesupport_fastrtps_c__pyext
[5.682s] [100%] Built target audio_common_msgs__rosidl_typesupport_introspection_c__pyext
[5.740s] Invoked command in '/home/azraa/ros2_ws/build/audio_common_msgs' returned '0': CMAKE_PREFIX_PATH=${CMAKE_PREFIX_PATH}:/opt/ros/foxy /usr/bin/cmake --build /home/azraa/ros2_ws/build/audio_common_msgs -- -j4 -l4
[6.971s] Invoking command in '/home/azraa/ros2_ws/build/audio_common_msgs': CMAKE_PREFIX_PATH=${CMAKE_PREFIX_PATH}:/opt/ros/foxy /usr/bin/cmake --install /home/azraa/ros2_ws/build/audio_common_msgs
[7.187s] -- Install configuration: ""
[7.188s] -- Up-to-date: /home/azraa/ros2_ws/install/audio_common_msgs/share/ament_index/resource_index/rosidl_interfaces/audio_common_msgs
[7.188s] -- Up-to-date: /home/azraa/ros2_ws/install/audio_common_msgs/include/audio_common_msgs
[7.188s] -- Up-to-date: /home/azraa/ros2_ws/install/audio_common_msgs/include/audio_common_msgs/msg
[7.189s] -- Up-to-date: /home/azraa/ros2_ws/install/audio_common_msgs/include/audio_common_msgs/msg/audio_data.h
[7.189s] -- Up-to-date: /home/azraa/ros2_ws/install/audio_common_msgs/include/audio_common_msgs/msg/detail
[7.189s] -- Up-to-date: /home/azraa/ros2_ws/install/audio_common_msgs/include/audio_common_msgs/msg/detail/audio_info__type_support.h
[7.190s] -- Up-to-date: /home/azraa/ros2_ws/install/audio_common_msgs/include/audio_common_msgs/msg/detail/audio_data__functions.h
[7.190s] -- Up-to-date: /home/azraa/ros2_ws/install/audio_common_msgs/include/audio_common_msgs/msg/detail/audio_info__struct.h
[7.190s] -- Up-to-date: /home/azraa/ros2_ws/install/audio_common_msgs/include/audio_common_msgs/msg/detail/audio_data__type_support.h
[7.191s] -- Up-to-date: /home/azraa/ros2_ws/install/audio_common_msgs/include/audio_common_msgs/msg/detail/audio_info__functions.c
[7.191s] -- Up-to-date: /home/azraa/ros2_ws/install/audio_common_msgs/include/audio_common_msgs/msg/detail/audio_info__functions.h
[7.191s] -- Up-to-date: /home/azraa/ros2_ws/install/audio_common_msgs/include/audio_common_msgs/msg/detail/audio_data__functions.c
[7.191s] -- Up-to-date: /home/azraa/ros2_ws/install/audio_common_msgs/include/audio_common_msgs/msg/detail/audio_data__struct.h
[7.192s] -- Up-to-date: /home/azraa/ros2_ws/install/audio_common_msgs/include/audio_common_msgs/msg/rosidl_generator_c__visibility_control.h
[7.192s] -- Up-to-date: /home/azraa/ros2_ws/install/audio_common_msgs/include/audio_common_msgs/msg/audio_info.h
[7.209s] -- Up-to-date: /home/azraa/ros2_ws/install/audio_common_msgs/share/audio_common_msgs/environment/library_path.sh
[7.210s] -- Up-to-date: /home/azraa/ros2_ws/install/audio_common_msgs/share/audio_common_msgs/environment/library_path.dsv
[7.210s] -- Up-to-date: /home/azraa/ros2_ws/install/audio_common_msgs/lib/libaudio_common_msgs__rosidl_generator_c.so
[7.210s] -- Up-to-date: /home/azraa/ros2_ws/install/audio_common_msgs/include/audio_common_msgs
[7.210s] -- Up-to-date: /home/azraa/ros2_ws/install/audio_common_msgs/include/audio_common_msgs/msg
[7.211s] -- Up-to-date: /home/azraa/ros2_ws/install/audio_common_msgs/include/audio_common_msgs/msg/rosidl_typesupport_fastrtps_c__visibility_control.h
[7.211s] -- Up-to-date: /home/azraa/ros2_ws/install/audio_common_msgs/include/audio_common_msgs/msg/detail
[7.212s] -- Up-to-date: /home/azraa/ros2_ws/install/audio_common_msgs/include/audio_common_msgs/msg/detail/audio_info__rosidl_typesupport_fastrtps_c.h
[7.212s] -- Up-to-date: /home/azraa/ros2_ws/install/audio_common_msgs/include/audio_common_msgs/msg/detail/audio_data__rosidl_typesupport_fastrtps_c.h
[7.212s] -- Up-to-date: /home/azraa/ros2_ws/install/audio_common_msgs/lib/libaudio_common_msgs__rosidl_typesupport_fastrtps_c.so
[7.213s] -- Up-to-date: /home/azraa/ros2_ws/install/audio_common_msgs/include/audio_common_msgs
[7.218s] -- Up-to-date: /home/azraa/ros2_ws/install/audio_common_msgs/include/audio_common_msgs/msg
[7.219s] -- Up-to-date: /home/azraa/ros2_ws/install/audio_common_msgs/include/audio_common_msgs/msg/detail
[7.219s] -- Up-to-date: /home/azraa/ros2_ws/install/audio_common_msgs/include/audio_common_msgs/msg/detail/audio_info__rosidl_typesupport_fastrtps_cpp.hpp
[7.219s] -- Up-to-date: /home/azraa/ros2_ws/install/audio_common_msgs/include/audio_common_msgs/msg/detail/audio_data__rosidl_typesupport_fastrtps_cpp.hpp
[7.220s] -- Up-to-date: /home/azraa/ros2_ws/install/audio_common_msgs/include/audio_common_msgs/msg/detail/dds_fastrtps
[7.220s] -- Up-to-date: /home/azraa/ros2_ws/install/audio_common_msgs/include/audio_common_msgs/msg/rosidl_typesupport_fastrtps_cpp__visibility_control.h
[7.232s] -- Up-to-date: /home/azraa/ros2_ws/install/audio_common_msgs/lib/libaudio_common_msgs__rosidl_typesupport_fastrtps_cpp.so
[7.233s] -- Up-to-date: /home/azraa/ros2_ws/install/audio_common_msgs/include/audio_common_msgs
[7.233s] -- Up-to-date: /home/azraa/ros2_ws/install/audio_common_msgs/include/audio_common_msgs/msg
[7.246s] -- Up-to-date: /home/azraa/ros2_ws/install/audio_common_msgs/include/audio_common_msgs/msg/detail
[7.247s] -- Up-to-date: /home/azraa/ros2_ws/install/audio_common_msgs/include/audio_common_msgs/msg/detail/audio_info__rosidl_typesupport_introspection_c.h
[7.247s] -- Up-to-date: /home/azraa/ros2_ws/install/audio_common_msgs/include/audio_common_msgs/msg/detail/audio_info__type_support.c
[7.247s] -- Up-to-date: /home/azraa/ros2_ws/install/audio_common_msgs/include/audio_common_msgs/msg/detail/audio_data__type_support.c
[7.247s] -- Up-to-date: /home/azraa/ros2_ws/install/audio_common_msgs/include/audio_common_msgs/msg/detail/audio_data__rosidl_typesupport_introspection_c.h
[7.261s] -- Up-to-date: /home/azraa/ros2_ws/install/audio_common_msgs/include/audio_common_msgs/msg/rosidl_typesupport_introspection_c__visibility_control.h
[7.261s] -- Up-to-date: /home/azraa/ros2_ws/install/audio_common_msgs/lib/libaudio_common_msgs__rosidl_typesupport_introspection_c.so
[7.296s] -- Up-to-date: /home/azraa/ros2_ws/install/audio_common_msgs/lib/libaudio_common_msgs__rosidl_typesupport_c.so
[7.296s] -- Up-to-date: /home/azraa/ros2_ws/install/audio_common_msgs/include/audio_common_msgs
[7.330s] -- Up-to-date: /home/azraa/ros2_ws/install/audio_common_msgs/include/audio_common_msgs/msg
[7.330s] -- Up-to-date: /home/azraa/ros2_ws/install/audio_common_msgs/include/audio_common_msgs/msg/detail
[7.330s] -- Up-to-date: /home/azraa/ros2_ws/install/audio_common_msgs/include/audio_common_msgs/msg/detail/audio_info__struct.hpp
[7.330s] -- Up-to-date: /home/azraa/ros2_ws/install/audio_common_msgs/include/audio_common_msgs/msg/detail/audio_data__struct.hpp
[7.335s] -- Up-to-date: /home/azraa/ros2_ws/install/audio_common_msgs/include/audio_common_msgs/msg/detail/audio_data__builder.hpp
[7.335s] -- Up-to-date: /home/azraa/ros2_ws/install/audio_common_msgs/include/audio_common_msgs/msg/detail/audio_info__builder.hpp
[7.335s] -- Up-to-date: /home/azraa/ros2_ws/install/audio_common_msgs/include/audio_common_msgs/msg/detail/audio_info__traits.hpp
[7.336s] -- Up-to-date: /home/azraa/ros2_ws/install/audio_common_msgs/include/audio_common_msgs/msg/detail/audio_data__traits.hpp
[7.336s] -- Up-to-date: /home/azraa/ros2_ws/install/audio_common_msgs/include/audio_common_msgs/msg/audio_data.hpp
[7.336s] -- Up-to-date: /home/azraa/ros2_ws/install/audio_common_msgs/include/audio_common_msgs/msg/audio_info.hpp
[7.342s] -- Up-to-date: /home/azraa/ros2_ws/install/audio_common_msgs/include/audio_common_msgs
[7.343s] -- Up-to-date: /home/azraa/ros2_ws/install/audio_common_msgs/include/audio_common_msgs/msg
[7.343s] -- Up-to-date: /home/azraa/ros2_ws/install/audio_common_msgs/include/audio_common_msgs/msg/detail
[7.343s] -- Up-to-date: /home/azraa/ros2_ws/install/audio_common_msgs/include/audio_common_msgs/msg/detail/audio_info__type_support.cpp
[7.343s] -- Up-to-date: /home/azraa/ros2_ws/install/audio_common_msgs/include/audio_common_msgs/msg/detail/audio_data__rosidl_typesupport_introspection_cpp.hpp
[7.344s] -- Up-to-date: /home/azraa/ros2_ws/install/audio_common_msgs/include/audio_common_msgs/msg/detail/audio_data__type_support.cpp
[7.344s] -- Up-to-date: /home/azraa/ros2_ws/install/audio_common_msgs/include/audio_common_msgs/msg/detail/audio_info__rosidl_typesupport_introspection_cpp.hpp
[7.344s] -- Up-to-date: /home/azraa/ros2_ws/install/audio_common_msgs/lib/libaudio_common_msgs__rosidl_typesupport_introspection_cpp.so
[7.344s] -- Up-to-date: /home/azraa/ros2_ws/install/audio_common_msgs/lib/libaudio_common_msgs__rosidl_typesupport_cpp.so
[7.344s] -- Up-to-date: /home/azraa/ros2_ws/install/audio_common_msgs/share/audio_common_msgs/environment/pythonpath.sh
[7.344s] -- Up-to-date: /home/azraa/ros2_ws/install/audio_common_msgs/share/audio_common_msgs/environment/pythonpath.dsv
[7.345s] -- Up-to-date: /home/azraa/ros2_ws/install/audio_common_msgs/lib/python3.8/site-packages/audio_common_msgs/__init__.py
[7.937s] -- Up-to-date: /home/azraa/ros2_ws/install/audio_common_msgs/lib/python3.8/site-packages/audio_common_msgs/msg
[7.937s] -- Up-to-date: /home/azraa/ros2_ws/install/audio_common_msgs/lib/python3.8/site-packages/audio_common_msgs/msg/_audio_info_s.c
[7.937s] -- Up-to-date: /home/azraa/ros2_ws/install/audio_common_msgs/lib/python3.8/site-packages/audio_common_msgs/msg/_audio_info.py
[7.937s] -- Up-to-date: /home/azraa/ros2_ws/install/audio_common_msgs/lib/python3.8/site-packages/audio_common_msgs/msg/_audio_data.py
[7.952s] -- Up-to-date: /home/azraa/ros2_ws/install/audio_common_msgs/lib/python3.8/site-packages/audio_common_msgs/msg/__init__.py
[7.952s] -- Up-to-date: /home/azraa/ros2_ws/install/audio_common_msgs/lib/python3.8/site-packages/audio_common_msgs/msg/_audio_data_s.c
[7.989s] -- Up-to-date: /home/azraa/ros2_ws/install/audio_common_msgs/lib/python3.8/site-packages/audio_common_msgs/audio_common_msgs_s__rosidl_typesupport_fastrtps_c.cpython-38-x86_64-linux-gnu.so
[7.990s] -- Up-to-date: /home/azraa/ros2_ws/install/audio_common_msgs/lib/python3.8/site-packages/audio_common_msgs/audio_common_msgs_s__rosidl_typesupport_introspection_c.cpython-38-x86_64-linux-gnu.so
[8.010s] -- Up-to-date: /home/azraa/ros2_ws/install/audio_common_msgs/lib/python3.8/site-packages/audio_common_msgs/audio_common_msgs_s__rosidl_typesupport_c.cpython-38-x86_64-linux-gnu.so
[8.075s] -- Up-to-date: /home/azraa/ros2_ws/install/audio_common_msgs/lib/libaudio_common_msgs__python.so
[8.076s] -- Up-to-date: /home/azraa/ros2_ws/install/audio_common_msgs/share/audio_common_msgs/msg/AudioData.idl
[8.076s] -- Up-to-date: /home/azraa/ros2_ws/install/audio_common_msgs/share/audio_common_msgs/msg/AudioInfo.idl
[8.102s] -- Up-to-date: /home/azraa/ros2_ws/install/audio_common_msgs/share/audio_common_msgs/msg/AudioData.msg
[8.119s] -- Up-to-date: /home/azraa/ros2_ws/install/audio_common_msgs/share/audio_common_msgs/msg/AudioInfo.msg
[8.119s] -- Up-to-date: /home/azraa/ros2_ws/install/audio_common_msgs/share/ament_index/resource_index/package_run_dependencies/audio_common_msgs
[8.119s] -- Up-to-date: /home/azraa/ros2_ws/install/audio_common_msgs/share/ament_index/resource_index/parent_prefix_path/audio_common_msgs
[8.120s] -- Up-to-date: /home/azraa/ros2_ws/install/audio_common_msgs/share/audio_common_msgs/environment/ament_prefix_path.sh
[8.120s] -- Up-to-date: /home/azraa/ros2_ws/install/audio_common_msgs/share/audio_common_msgs/environment/ament_prefix_path.dsv
[8.120s] -- Up-to-date: /home/azraa/ros2_ws/install/audio_common_msgs/share/audio_common_msgs/environment/path.sh
[8.120s] -- Up-to-date: /home/azraa/ros2_ws/install/audio_common_msgs/share/audio_common_msgs/environment/path.dsv
[8.120s] -- Up-to-date: /home/azraa/ros2_ws/install/audio_common_msgs/share/audio_common_msgs/local_setup.bash
[8.121s] -- Up-to-date: /home/azraa/ros2_ws/install/audio_common_msgs/share/audio_common_msgs/local_setup.sh
[8.154s] -- Up-to-date: /home/azraa/ros2_ws/install/audio_common_msgs/share/audio_common_msgs/local_setup.zsh
[8.155s] -- Up-to-date: /home/azraa/ros2_ws/install/audio_common_msgs/share/audio_common_msgs/local_setup.dsv
[8.155s] -- Installing: /home/azraa/ros2_ws/install/audio_common_msgs/share/audio_common_msgs/package.dsv
[8.155s] -- Up-to-date: /home/azraa/ros2_ws/install/audio_common_msgs/share/ament_index/resource_index/packages/audio_common_msgs
[8.156s] -- Up-to-date: /home/azraa/ros2_ws/install/audio_common_msgs/share/audio_common_msgs/cmake/audio_common_msgs__rosidl_generator_cExport.cmake
[8.179s] -- Up-to-date: /home/azraa/ros2_ws/install/audio_common_msgs/share/audio_common_msgs/cmake/audio_common_msgs__rosidl_generator_cExport-noconfig.cmake
[8.180s] -- Up-to-date: /home/azraa/ros2_ws/install/audio_common_msgs/share/audio_common_msgs/cmake/audio_common_msgs__rosidl_typesupport_introspection_cExport.cmake
[8.180s] -- Up-to-date: /home/azraa/ros2_ws/install/audio_common_msgs/share/audio_common_msgs/cmake/audio_common_msgs__rosidl_typesupport_introspection_cExport-noconfig.cmake
[8.181s] -- Up-to-date: /home/azraa/ros2_ws/install/audio_common_msgs/share/audio_common_msgs/cmake/audio_common_msgs__rosidl_typesupport_cExport.cmake
[8.298s] -- Up-to-date: /home/azraa/ros2_ws/install/audio_common_msgs/share/audio_common_msgs/cmake/audio_common_msgs__rosidl_typesupport_cExport-noconfig.cmake
[8.300s] -- Up-to-date: /home/azraa/ros2_ws/install/audio_common_msgs/share/audio_common_msgs/cmake/audio_common_msgs__rosidl_generator_cppExport.cmake
[8.300s] -- Up-to-date: /home/azraa/ros2_ws/install/audio_common_msgs/share/audio_common_msgs/cmake/audio_common_msgs__rosidl_typesupport_introspection_cppExport.cmake
[8.300s] -- Up-to-date: /home/azraa/ros2_ws/install/audio_common_msgs/share/audio_common_msgs/cmake/audio_common_msgs__rosidl_typesupport_introspection_cppExport-noconfig.cmake
[8.416s] -- Up-to-date: /home/azraa/ros2_ws/install/audio_common_msgs/share/audio_common_msgs/cmake/audio_common_msgs__rosidl_typesupport_cppExport.cmake
[8.416s] -- Up-to-date: /home/azraa/ros2_ws/install/audio_common_msgs/share/audio_common_msgs/cmake/audio_common_msgs__rosidl_typesupport_cppExport-noconfig.cmake
[8.418s] -- Up-to-date: /home/azraa/ros2_ws/install/audio_common_msgs/share/audio_common_msgs/cmake/rosidl_cmake-extras.cmake
[8.429s] -- Up-to-date: /home/azraa/ros2_ws/install/audio_common_msgs/share/audio_common_msgs/cmake/ament_cmake_export_dependencies-extras.cmake
[8.431s] -- Up-to-date: /home/azraa/ros2_ws/install/audio_common_msgs/share/audio_common_msgs/cmake/ament_cmake_export_libraries-extras.cmake
[8.447s] -- Up-to-date: /home/azraa/ros2_ws/install/audio_common_msgs/share/audio_common_msgs/cmake/ament_cmake_export_targets-extras.cmake
[8.473s] -- Up-to-date: /home/azraa/ros2_ws/install/audio_common_msgs/share/audio_common_msgs/cmake/ament_cmake_export_include_directories-extras.cmake
[8.474s] -- Up-to-date: /home/azraa/ros2_ws/install/audio_common_msgs/share/audio_common_msgs/cmake/rosidl_cmake_export_typesupport_libraries-extras.cmake
[8.474s] -- Up-to-date: /home/azraa/ros2_ws/install/audio_common_msgs/share/audio_common_msgs/cmake/rosidl_cmake_export_typesupport_targets-extras.cmake
[8.475s] -- Up-to-date: /home/azraa/ros2_ws/install/audio_common_msgs/share/audio_common_msgs/cmake/audio_common_msgsConfig.cmake
[8.513s] -- Up-to-date: /home/azraa/ros2_ws/install/audio_common_msgs/share/audio_common_msgs/cmake/audio_common_msgsConfig-version.cmake
[8.514s] -- Up-to-date: /home/azraa/ros2_ws/install/audio_common_msgs/share/audio_common_msgs/package.xml
[9.205s] Invoked command in '/home/azraa/ros2_ws/build/audio_common_msgs' returned '0': CMAKE_PREFIX_PATH=${CMAKE_PREFIX_PATH}:/opt/ros/foxy /usr/bin/cmake --install /home/azraa/ros2_ws/build/audio_common_msgs
