[0.056s] Invoking command in '/home/azraa/ros2_ws/build/flir_lepton_msgs': CMAKE_PREFIX_PATH=/home/azraa/ros2_ws/install/v4l2_camera:/home/azraa/ros2_ws/install/audio_common:/home/azraa/ros2_ws/install/sound_play:/home/azraa/ros2_ws/install/my_robot_bringup:/home/azraa/ros2_ws/install/my_cpp_pkg:/home/azraa/ros2_ws/install/my_robot_interfaces:/home/azraa/ros2_ws/install/bme280:/home/azraa/ros2_ws/install/m2s2_custom_interfaces:/home/azraa/ros2_ws/install/m2s2_bringup:/home/azraa/ros2_ws/install/gscam:/home/azraa/ros2_ws/install/flir_lepton_msgs:/home/azraa/ros2_ws/install/flir_lepton_capture:/home/azraa/ros2_ws/install/audio_play:/home/azraa/ros2_ws/install/audio_capture:/home/azraa/ros2_ws/install/audio_common_msgs:/home/azraa/ros2_ws/install/m2s2_test_python:/opt/ros/foxy:/opt/ros/noetic /usr/bin/cmake --build /home/azraa/ros2_ws/build/flir_lepton_msgs -- -j4 -l4
[0.094s] -- Found ament_cmake: 0.9.9 (/opt/ros/foxy/share/ament_cmake/cmake)
[0.144s] -- Found PythonInterp: /usr/bin/python3 (found suitable version "3.8.10", minimum required is "3") 
[0.145s] -- Using PYTHON_EXECUTABLE: /usr/bin/python3
[0.673s] -- Found rosidl_default_generators: 1.0.1 (/opt/ros/foxy/share/rosidl_default_generators/cmake)
[0.679s] -- Using all available rosidl_typesupport_c: rosidl_typesupport_fastrtps_c;rosidl_typesupport_introspection_c
[0.689s] -- Found rosidl_adapter: 1.2.1 (/opt/ros/foxy/share/rosidl_adapter/cmake)
[0.964s] -- Using all available rosidl_typesupport_cpp: rosidl_typesupport_fastrtps_cpp;rosidl_typesupport_introspection_cpp
[1.055s] -- Found std_msgs: 2.0.5 (/opt/ros/foxy/share/std_msgs/cmake)
[1.128s] -- Found example_interfaces: 0.9.1 (/opt/ros/foxy/share/example_interfaces/cmake)
[1.348s] -- Found ament_lint_auto: 0.9.6 (/opt/ros/foxy/share/ament_lint_auto/cmake)
[1.489s] -- Found PythonInterp: /usr/bin/python3 (found version "3.8.10") 
[1.812s] -- Found ament_cmake_ros: 0.9.2 (/opt/ros/foxy/share/ament_cmake_ros/cmake)
[2.584s] -- Using all available rosidl_typesupport_c: rosidl_typesupport_fastrtps_c;rosidl_typesupport_introspection_c
[2.964s] -- Using all available rosidl_typesupport_cpp: rosidl_typesupport_fastrtps_cpp;rosidl_typesupport_introspection_cpp
[3.045s] -- Found PythonInterp: /usr/bin/python3 (found suitable version "3.8.10", minimum required is "3.5") 
[3.045s] -- Found python_cmake_module: 0.8.1 (/opt/ros/foxy/share/python_cmake_module/cmake)
[3.116s] -- Using PYTHON_EXECUTABLE: /usr/bin/python3
[3.116s] -- Using PYTHON_INCLUDE_DIRS: /usr/include/python3.8
[3.117s] -- Using PYTHON_LIBRARIES: /usr/lib/x86_64-linux-gnu/libpython3.8.so
[3.329s] -- Added test 'copyright' to check source files copyright and LICENSE
[3.329s] -- Added test 'lint_cmake' to check CMake code style
[3.330s] -- Added test 'xmllint' to check XML markup files
[3.342s] -- Configuring done
[3.513s] -- Generating done
[3.527s] -- Build files have been written to: /home/azraa/ros2_ws/build/flir_lepton_msgs
[3.578s] [  3%] Built target flir_lepton_msgs__cpp
[3.612s] [  6%] [32m[1mLinking C shared library libflir_lepton_msgs__rosidl_generator_c.so[0m
[3.646s] [  9%] [32m[1mLinking CXX shared library libflir_lepton_msgs__rosidl_typesupport_cpp.so[0m
[3.663s] [ 12%] [32m[1mLinking CXX shared library libflir_lepton_msgs__rosidl_typesupport_introspection_cpp.so[0m
[3.673s] [ 16%] [32m[1mLinking CXX shared library libflir_lepton_msgs__rosidl_typesupport_fastrtps_cpp.so[0m
[3.726s] [ 22%] Built target flir_lepton_msgs__rosidl_generator_c
[3.797s] [ 29%] Built target flir_lepton_msgs__rosidl_typesupport_cpp
[3.826s] [ 35%] Built target flir_lepton_msgs__rosidl_typesupport_introspection_cpp
[3.835s] [ 38%] [32m[1mLinking C shared library libflir_lepton_msgs__rosidl_typesupport_introspection_c.so[0m
[3.867s] [ 41%] [32m[1mLinking CXX shared library libflir_lepton_msgs__rosidl_typesupport_c.so[0m
[3.871s] [ 48%] Built target flir_lepton_msgs__rosidl_typesupport_fastrtps_cpp
[3.889s] [35m[1mScanning dependencies of target flir_lepton_msgs__rosidl_typesupport_fastrtps_c[0m
[3.912s] [ 51%] [32mBuilding CXX object CMakeFiles/flir_lepton_msgs__rosidl_typesupport_fastrtps_c.dir/rosidl_typesupport_fastrtps_c/flir_lepton_msgs/msg/detail/raw_data__type_support_c.cpp.o[0m
[3.916s] [ 58%] Built target flir_lepton_msgs__rosidl_typesupport_introspection_c
[3.963s] [ 64%] Built target flir_lepton_msgs__rosidl_typesupport_c
[4.395s] [ 67%] [32m[1mLinking CXX shared library libflir_lepton_msgs__rosidl_typesupport_fastrtps_c.so[0m
[4.547s] [ 70%] Built target flir_lepton_msgs__rosidl_typesupport_fastrtps_c
[4.578s] [ 70%] Built target flir_lepton_msgs
[4.629s] [ 74%] Built target flir_lepton_msgs__py
[4.694s] [ 77%] [32m[1mLinking C shared library rosidl_generator_py/flir_lepton_msgs/libflir_lepton_msgs__python.so[0m
[4.769s] [ 80%] Built target flir_lepton_msgs__python
[4.809s] [ 83%] [32m[1mLinking C shared library rosidl_generator_py/flir_lepton_msgs/flir_lepton_msgs_s__rosidl_typesupport_c.cpython-38-x86_64-linux-gnu.so[0m
[4.814s] [ 87%] [32m[1mLinking C shared library rosidl_generator_py/flir_lepton_msgs/flir_lepton_msgs_s__rosidl_typesupport_introspection_c.cpython-38-x86_64-linux-gnu.so[0m
[4.816s] [35m[1mScanning dependencies of target flir_lepton_msgs__rosidl_typesupport_fastrtps_c__pyext[0m
[4.870s] [ 90%] [32mBuilding C object CMakeFiles/flir_lepton_msgs__rosidl_typesupport_fastrtps_c__pyext.dir/rosidl_generator_py/flir_lepton_msgs/_flir_lepton_msgs_s.ep.rosidl_typesupport_fastrtps_c.c.o[0m
[4.890s] [ 93%] Built target flir_lepton_msgs__rosidl_typesupport_c__pyext
[4.890s] [ 96%] Built target flir_lepton_msgs__rosidl_typesupport_introspection_c__pyext
[5.047s] [100%] [32m[1mLinking CXX shared library rosidl_generator_py/flir_lepton_msgs/flir_lepton_msgs_s__rosidl_typesupport_fastrtps_c.cpython-38-x86_64-linux-gnu.so[0m
[5.165s] [100%] Built target flir_lepton_msgs__rosidl_typesupport_fastrtps_c__pyext
[5.201s] Invoked command in '/home/azraa/ros2_ws/build/flir_lepton_msgs' returned '0': CMAKE_PREFIX_PATH=/home/azraa/ros2_ws/install/v4l2_camera:/home/azraa/ros2_ws/install/audio_common:/home/azraa/ros2_ws/install/sound_play:/home/azraa/ros2_ws/install/my_robot_bringup:/home/azraa/ros2_ws/install/my_cpp_pkg:/home/azraa/ros2_ws/install/my_robot_interfaces:/home/azraa/ros2_ws/install/bme280:/home/azraa/ros2_ws/install/m2s2_custom_interfaces:/home/azraa/ros2_ws/install/m2s2_bringup:/home/azraa/ros2_ws/install/gscam:/home/azraa/ros2_ws/install/flir_lepton_msgs:/home/azraa/ros2_ws/install/flir_lepton_capture:/home/azraa/ros2_ws/install/audio_play:/home/azraa/ros2_ws/install/audio_capture:/home/azraa/ros2_ws/install/audio_common_msgs:/home/azraa/ros2_ws/install/m2s2_test_python:/opt/ros/foxy:/opt/ros/noetic /usr/bin/cmake --build /home/azraa/ros2_ws/build/flir_lepton_msgs -- -j4 -l4
[5.293s] Invoking command in '/home/azraa/ros2_ws/build/flir_lepton_msgs': CMAKE_PREFIX_PATH=/home/azraa/ros2_ws/install/v4l2_camera:/home/azraa/ros2_ws/install/audio_common:/home/azraa/ros2_ws/install/sound_play:/home/azraa/ros2_ws/install/my_robot_bringup:/home/azraa/ros2_ws/install/my_cpp_pkg:/home/azraa/ros2_ws/install/my_robot_interfaces:/home/azraa/ros2_ws/install/bme280:/home/azraa/ros2_ws/install/m2s2_custom_interfaces:/home/azraa/ros2_ws/install/m2s2_bringup:/home/azraa/ros2_ws/install/gscam:/home/azraa/ros2_ws/install/flir_lepton_msgs:/home/azraa/ros2_ws/install/flir_lepton_capture:/home/azraa/ros2_ws/install/audio_play:/home/azraa/ros2_ws/install/audio_capture:/home/azraa/ros2_ws/install/audio_common_msgs:/home/azraa/ros2_ws/install/m2s2_test_python:/opt/ros/foxy:/opt/ros/noetic /usr/bin/cmake --install /home/azraa/ros2_ws/build/flir_lepton_msgs
[5.304s] -- Install configuration: ""
[5.304s] -- Up-to-date: /home/azraa/ros2_ws/install/flir_lepton_msgs/share/ament_index/resource_index/rosidl_interfaces/flir_lepton_msgs
[5.304s] -- Up-to-date: /home/azraa/ros2_ws/install/flir_lepton_msgs/include/flir_lepton_msgs
[5.304s] -- Up-to-date: /home/azraa/ros2_ws/install/flir_lepton_msgs/include/flir_lepton_msgs/msg
[5.304s] -- Up-to-date: /home/azraa/ros2_ws/install/flir_lepton_msgs/include/flir_lepton_msgs/msg/detail
[5.304s] -- Up-to-date: /home/azraa/ros2_ws/install/flir_lepton_msgs/include/flir_lepton_msgs/msg/detail/raw_data__type_support.h
[5.304s] -- Up-to-date: /home/azraa/ros2_ws/install/flir_lepton_msgs/include/flir_lepton_msgs/msg/detail/raw_data__functions.c
[5.304s] -- Up-to-date: /home/azraa/ros2_ws/install/flir_lepton_msgs/include/flir_lepton_msgs/msg/detail/raw_data__functions.h
[5.305s] -- Up-to-date: /home/azraa/ros2_ws/install/flir_lepton_msgs/include/flir_lepton_msgs/msg/detail/raw_data__struct.h
[5.305s] -- Up-to-date: /home/azraa/ros2_ws/install/flir_lepton_msgs/include/flir_lepton_msgs/msg/raw_data.h
[5.305s] -- Up-to-date: /home/azraa/ros2_ws/install/flir_lepton_msgs/include/flir_lepton_msgs/msg/rosidl_generator_c__visibility_control.h
[5.305s] -- Up-to-date: /home/azraa/ros2_ws/install/flir_lepton_msgs/share/flir_lepton_msgs/environment/library_path.sh
[5.305s] -- Installing: /home/azraa/ros2_ws/install/flir_lepton_msgs/share/flir_lepton_msgs/environment/library_path.dsv
[5.305s] -- Installing: /home/azraa/ros2_ws/install/flir_lepton_msgs/lib/libflir_lepton_msgs__rosidl_generator_c.so
[5.305s] -- Set runtime path of "/home/azraa/ros2_ws/install/flir_lepton_msgs/lib/libflir_lepton_msgs__rosidl_generator_c.so" to ""
[5.305s] -- Up-to-date: /home/azraa/ros2_ws/install/flir_lepton_msgs/include/flir_lepton_msgs
[5.305s] -- Up-to-date: /home/azraa/ros2_ws/install/flir_lepton_msgs/include/flir_lepton_msgs/msg
[5.305s] -- Up-to-date: /home/azraa/ros2_ws/install/flir_lepton_msgs/include/flir_lepton_msgs/msg/rosidl_typesupport_fastrtps_c__visibility_control.h
[5.306s] -- Up-to-date: /home/azraa/ros2_ws/install/flir_lepton_msgs/include/flir_lepton_msgs/msg/detail
[5.306s] -- Up-to-date: /home/azraa/ros2_ws/install/flir_lepton_msgs/include/flir_lepton_msgs/msg/detail/raw_data__rosidl_typesupport_fastrtps_c.h
[5.306s] -- Installing: /home/azraa/ros2_ws/install/flir_lepton_msgs/lib/libflir_lepton_msgs__rosidl_typesupport_fastrtps_c.so
[5.306s] -- Set runtime path of "/home/azraa/ros2_ws/install/flir_lepton_msgs/lib/libflir_lepton_msgs__rosidl_typesupport_fastrtps_c.so" to ""
[5.306s] -- Up-to-date: /home/azraa/ros2_ws/install/flir_lepton_msgs/include/flir_lepton_msgs
[5.306s] -- Up-to-date: /home/azraa/ros2_ws/install/flir_lepton_msgs/include/flir_lepton_msgs/msg
[5.306s] -- Up-to-date: /home/azraa/ros2_ws/install/flir_lepton_msgs/include/flir_lepton_msgs/msg/detail
[5.306s] -- Up-to-date: /home/azraa/ros2_ws/install/flir_lepton_msgs/include/flir_lepton_msgs/msg/detail/dds_fastrtps
[5.310s] -- Up-to-date: /home/azraa/ros2_ws/install/flir_lepton_msgs/include/flir_lepton_msgs/msg/detail/raw_data__rosidl_typesupport_fastrtps_cpp.hpp
[5.310s] -- Up-to-date: /home/azraa/ros2_ws/install/flir_lepton_msgs/include/flir_lepton_msgs/msg/rosidl_typesupport_fastrtps_cpp__visibility_control.h
[5.310s] -- Installing: /home/azraa/ros2_ws/install/flir_lepton_msgs/lib/libflir_lepton_msgs__rosidl_typesupport_fastrtps_cpp.so
[5.311s] -- Set runtime path of "/home/azraa/ros2_ws/install/flir_lepton_msgs/lib/libflir_lepton_msgs__rosidl_typesupport_fastrtps_cpp.so" to ""
[5.311s] -- Up-to-date: /home/azraa/ros2_ws/install/flir_lepton_msgs/include/flir_lepton_msgs
[5.311s] -- Up-to-date: /home/azraa/ros2_ws/install/flir_lepton_msgs/include/flir_lepton_msgs/msg
[5.311s] -- Up-to-date: /home/azraa/ros2_ws/install/flir_lepton_msgs/include/flir_lepton_msgs/msg/detail
[5.311s] -- Up-to-date: /home/azraa/ros2_ws/install/flir_lepton_msgs/include/flir_lepton_msgs/msg/detail/raw_data__type_support.c
[5.311s] -- Up-to-date: /home/azraa/ros2_ws/install/flir_lepton_msgs/include/flir_lepton_msgs/msg/detail/raw_data__rosidl_typesupport_introspection_c.h
[5.311s] -- Up-to-date: /home/azraa/ros2_ws/install/flir_lepton_msgs/include/flir_lepton_msgs/msg/rosidl_typesupport_introspection_c__visibility_control.h
[5.311s] -- Installing: /home/azraa/ros2_ws/install/flir_lepton_msgs/lib/libflir_lepton_msgs__rosidl_typesupport_introspection_c.so
[5.311s] -- Set runtime path of "/home/azraa/ros2_ws/install/flir_lepton_msgs/lib/libflir_lepton_msgs__rosidl_typesupport_introspection_c.so" to ""
[5.312s] -- Installing: /home/azraa/ros2_ws/install/flir_lepton_msgs/lib/libflir_lepton_msgs__rosidl_typesupport_c.so
[5.312s] -- Set runtime path of "/home/azraa/ros2_ws/install/flir_lepton_msgs/lib/libflir_lepton_msgs__rosidl_typesupport_c.so" to ""
[5.312s] -- Up-to-date: /home/azraa/ros2_ws/install/flir_lepton_msgs/include/flir_lepton_msgs
[5.312s] -- Up-to-date: /home/azraa/ros2_ws/install/flir_lepton_msgs/include/flir_lepton_msgs/msg
[5.312s] -- Up-to-date: /home/azraa/ros2_ws/install/flir_lepton_msgs/include/flir_lepton_msgs/msg/detail
[5.312s] -- Up-to-date: /home/azraa/ros2_ws/install/flir_lepton_msgs/include/flir_lepton_msgs/msg/detail/raw_data__builder.hpp
[5.312s] -- Up-to-date: /home/azraa/ros2_ws/install/flir_lepton_msgs/include/flir_lepton_msgs/msg/detail/raw_data__struct.hpp
[5.312s] -- Up-to-date: /home/azraa/ros2_ws/install/flir_lepton_msgs/include/flir_lepton_msgs/msg/detail/raw_data__traits.hpp
[5.312s] -- Up-to-date: /home/azraa/ros2_ws/install/flir_lepton_msgs/include/flir_lepton_msgs/msg/raw_data.hpp
[5.312s] -- Up-to-date: /home/azraa/ros2_ws/install/flir_lepton_msgs/include/flir_lepton_msgs
[5.312s] -- Up-to-date: /home/azraa/ros2_ws/install/flir_lepton_msgs/include/flir_lepton_msgs/msg
[5.313s] -- Up-to-date: /home/azraa/ros2_ws/install/flir_lepton_msgs/include/flir_lepton_msgs/msg/detail
[5.313s] -- Up-to-date: /home/azraa/ros2_ws/install/flir_lepton_msgs/include/flir_lepton_msgs/msg/detail/raw_data__rosidl_typesupport_introspection_cpp.hpp
[5.313s] -- Up-to-date: /home/azraa/ros2_ws/install/flir_lepton_msgs/include/flir_lepton_msgs/msg/detail/raw_data__type_support.cpp
[5.313s] -- Installing: /home/azraa/ros2_ws/install/flir_lepton_msgs/lib/libflir_lepton_msgs__rosidl_typesupport_introspection_cpp.so
[5.313s] -- Set runtime path of "/home/azraa/ros2_ws/install/flir_lepton_msgs/lib/libflir_lepton_msgs__rosidl_typesupport_introspection_cpp.so" to ""
[5.313s] -- Installing: /home/azraa/ros2_ws/install/flir_lepton_msgs/lib/libflir_lepton_msgs__rosidl_typesupport_cpp.so
[5.313s] -- Set runtime path of "/home/azraa/ros2_ws/install/flir_lepton_msgs/lib/libflir_lepton_msgs__rosidl_typesupport_cpp.so" to ""
[5.313s] -- Up-to-date: /home/azraa/ros2_ws/install/flir_lepton_msgs/share/flir_lepton_msgs/environment/pythonpath.sh
[5.313s] -- Installing: /home/azraa/ros2_ws/install/flir_lepton_msgs/share/flir_lepton_msgs/environment/pythonpath.dsv
[5.313s] -- Installing: /home/azraa/ros2_ws/install/flir_lepton_msgs/lib/python3.8/site-packages/flir_lepton_msgs/__init__.py
[5.367s] Compiling '/home/azraa/ros2_ws/install/flir_lepton_msgs/lib/python3.8/site-packages/flir_lepton_msgs/__init__.py'...
[5.372s] -- Up-to-date: /home/azraa/ros2_ws/install/flir_lepton_msgs/lib/python3.8/site-packages/flir_lepton_msgs/msg
[5.373s] -- Up-to-date: /home/azraa/ros2_ws/install/flir_lepton_msgs/lib/python3.8/site-packages/flir_lepton_msgs/msg/_raw_data.py
[5.373s] -- Up-to-date: /home/azraa/ros2_ws/install/flir_lepton_msgs/lib/python3.8/site-packages/flir_lepton_msgs/msg/__init__.py
[5.373s] -- Up-to-date: /home/azraa/ros2_ws/install/flir_lepton_msgs/lib/python3.8/site-packages/flir_lepton_msgs/msg/_raw_data_s.c
[5.373s] -- Installing: /home/azraa/ros2_ws/install/flir_lepton_msgs/lib/python3.8/site-packages/flir_lepton_msgs/flir_lepton_msgs_s__rosidl_typesupport_fastrtps_c.cpython-38-x86_64-linux-gnu.so
[5.374s] -- Set runtime path of "/home/azraa/ros2_ws/install/flir_lepton_msgs/lib/python3.8/site-packages/flir_lepton_msgs/flir_lepton_msgs_s__rosidl_typesupport_fastrtps_c.cpython-38-x86_64-linux-gnu.so" to ""
[5.374s] -- Installing: /home/azraa/ros2_ws/install/flir_lepton_msgs/lib/python3.8/site-packages/flir_lepton_msgs/flir_lepton_msgs_s__rosidl_typesupport_introspection_c.cpython-38-x86_64-linux-gnu.so
[5.375s] -- Set runtime path of "/home/azraa/ros2_ws/install/flir_lepton_msgs/lib/python3.8/site-packages/flir_lepton_msgs/flir_lepton_msgs_s__rosidl_typesupport_introspection_c.cpython-38-x86_64-linux-gnu.so" to ""
[5.375s] -- Installing: /home/azraa/ros2_ws/install/flir_lepton_msgs/lib/python3.8/site-packages/flir_lepton_msgs/flir_lepton_msgs_s__rosidl_typesupport_c.cpython-38-x86_64-linux-gnu.so
[5.376s] -- Set runtime path of "/home/azraa/ros2_ws/install/flir_lepton_msgs/lib/python3.8/site-packages/flir_lepton_msgs/flir_lepton_msgs_s__rosidl_typesupport_c.cpython-38-x86_64-linux-gnu.so" to ""
[5.376s] -- Installing: /home/azraa/ros2_ws/install/flir_lepton_msgs/lib/libflir_lepton_msgs__python.so
[5.376s] -- Set runtime path of "/home/azraa/ros2_ws/install/flir_lepton_msgs/lib/libflir_lepton_msgs__python.so" to ""
[5.376s] -- Up-to-date: /home/azraa/ros2_ws/install/flir_lepton_msgs/share/flir_lepton_msgs/msg/RawData.idl
[5.377s] -- Up-to-date: /home/azraa/ros2_ws/install/flir_lepton_msgs/share/flir_lepton_msgs/msg/RawData.msg
[5.377s] -- Installing: /home/azraa/ros2_ws/install/flir_lepton_msgs/share/ament_index/resource_index/package_run_dependencies/flir_lepton_msgs
[5.377s] -- Up-to-date: /home/azraa/ros2_ws/install/flir_lepton_msgs/share/ament_index/resource_index/parent_prefix_path/flir_lepton_msgs
[5.377s] -- Up-to-date: /home/azraa/ros2_ws/install/flir_lepton_msgs/share/flir_lepton_msgs/environment/ament_prefix_path.sh
[5.377s] -- Installing: /home/azraa/ros2_ws/install/flir_lepton_msgs/share/flir_lepton_msgs/environment/ament_prefix_path.dsv
[5.377s] -- Up-to-date: /home/azraa/ros2_ws/install/flir_lepton_msgs/share/flir_lepton_msgs/environment/path.sh
[5.377s] -- Installing: /home/azraa/ros2_ws/install/flir_lepton_msgs/share/flir_lepton_msgs/environment/path.dsv
[5.378s] -- Up-to-date: /home/azraa/ros2_ws/install/flir_lepton_msgs/share/flir_lepton_msgs/local_setup.bash
[5.378s] -- Up-to-date: /home/azraa/ros2_ws/install/flir_lepton_msgs/share/flir_lepton_msgs/local_setup.sh
[5.378s] -- Up-to-date: /home/azraa/ros2_ws/install/flir_lepton_msgs/share/flir_lepton_msgs/local_setup.zsh
[5.378s] -- Installing: /home/azraa/ros2_ws/install/flir_lepton_msgs/share/flir_lepton_msgs/local_setup.dsv
[5.378s] -- Installing: /home/azraa/ros2_ws/install/flir_lepton_msgs/share/flir_lepton_msgs/package.dsv
[5.378s] -- Up-to-date: /home/azraa/ros2_ws/install/flir_lepton_msgs/share/ament_index/resource_index/packages/flir_lepton_msgs
[5.378s] -- Old export file "/home/azraa/ros2_ws/install/flir_lepton_msgs/share/flir_lepton_msgs/cmake/flir_lepton_msgs__rosidl_generator_cExport.cmake" will be replaced.  Removing files [/home/azraa/ros2_ws/install/flir_lepton_msgs/share/flir_lepton_msgs/cmake/flir_lepton_msgs__rosidl_generator_cExport-noconfig.cmake].
[5.378s] -- Installing: /home/azraa/ros2_ws/install/flir_lepton_msgs/share/flir_lepton_msgs/cmake/flir_lepton_msgs__rosidl_generator_cExport.cmake
[5.379s] -- Installing: /home/azraa/ros2_ws/install/flir_lepton_msgs/share/flir_lepton_msgs/cmake/flir_lepton_msgs__rosidl_generator_cExport-noconfig.cmake
[5.379s] -- Old export file "/home/azraa/ros2_ws/install/flir_lepton_msgs/share/flir_lepton_msgs/cmake/flir_lepton_msgs__rosidl_typesupport_introspection_cExport.cmake" will be replaced.  Removing files [/home/azraa/ros2_ws/install/flir_lepton_msgs/share/flir_lepton_msgs/cmake/flir_lepton_msgs__rosidl_typesupport_introspection_cExport-noconfig.cmake].
[5.379s] -- Installing: /home/azraa/ros2_ws/install/flir_lepton_msgs/share/flir_lepton_msgs/cmake/flir_lepton_msgs__rosidl_typesupport_introspection_cExport.cmake
[5.379s] -- Installing: /home/azraa/ros2_ws/install/flir_lepton_msgs/share/flir_lepton_msgs/cmake/flir_lepton_msgs__rosidl_typesupport_introspection_cExport-noconfig.cmake
[5.380s] -- Old export file "/home/azraa/ros2_ws/install/flir_lepton_msgs/share/flir_lepton_msgs/cmake/flir_lepton_msgs__rosidl_typesupport_cExport.cmake" will be replaced.  Removing files [/home/azraa/ros2_ws/install/flir_lepton_msgs/share/flir_lepton_msgs/cmake/flir_lepton_msgs__rosidl_typesupport_cExport-noconfig.cmake].
[5.380s] -- Installing: /home/azraa/ros2_ws/install/flir_lepton_msgs/share/flir_lepton_msgs/cmake/flir_lepton_msgs__rosidl_typesupport_cExport.cmake
[5.380s] -- Installing: /home/azraa/ros2_ws/install/flir_lepton_msgs/share/flir_lepton_msgs/cmake/flir_lepton_msgs__rosidl_typesupport_cExport-noconfig.cmake
[5.380s] -- Installing: /home/azraa/ros2_ws/install/flir_lepton_msgs/share/flir_lepton_msgs/cmake/flir_lepton_msgs__rosidl_generator_cppExport.cmake
[5.381s] -- Old export file "/home/azraa/ros2_ws/install/flir_lepton_msgs/share/flir_lepton_msgs/cmake/flir_lepton_msgs__rosidl_typesupport_introspection_cppExport.cmake" will be replaced.  Removing files [/home/azraa/ros2_ws/install/flir_lepton_msgs/share/flir_lepton_msgs/cmake/flir_lepton_msgs__rosidl_typesupport_introspection_cppExport-noconfig.cmake].
[5.381s] -- Installing: /home/azraa/ros2_ws/install/flir_lepton_msgs/share/flir_lepton_msgs/cmake/flir_lepton_msgs__rosidl_typesupport_introspection_cppExport.cmake
[5.381s] -- Installing: /home/azraa/ros2_ws/install/flir_lepton_msgs/share/flir_lepton_msgs/cmake/flir_lepton_msgs__rosidl_typesupport_introspection_cppExport-noconfig.cmake
[5.381s] -- Old export file "/home/azraa/ros2_ws/install/flir_lepton_msgs/share/flir_lepton_msgs/cmake/flir_lepton_msgs__rosidl_typesupport_cppExport.cmake" will be replaced.  Removing files [/home/azraa/ros2_ws/install/flir_lepton_msgs/share/flir_lepton_msgs/cmake/flir_lepton_msgs__rosidl_typesupport_cppExport-noconfig.cmake].
[5.381s] -- Installing: /home/azraa/ros2_ws/install/flir_lepton_msgs/share/flir_lepton_msgs/cmake/flir_lepton_msgs__rosidl_typesupport_cppExport.cmake
[5.382s] -- Installing: /home/azraa/ros2_ws/install/flir_lepton_msgs/share/flir_lepton_msgs/cmake/flir_lepton_msgs__rosidl_typesupport_cppExport-noconfig.cmake
[5.382s] -- Up-to-date: /home/azraa/ros2_ws/install/flir_lepton_msgs/share/flir_lepton_msgs/cmake/rosidl_cmake-extras.cmake
[5.382s] -- Installing: /home/azraa/ros2_ws/install/flir_lepton_msgs/share/flir_lepton_msgs/cmake/ament_cmake_export_dependencies-extras.cmake
[5.382s] -- Up-to-date: /home/azraa/ros2_ws/install/flir_lepton_msgs/share/flir_lepton_msgs/cmake/ament_cmake_export_libraries-extras.cmake
[5.382s] -- Up-to-date: /home/azraa/ros2_ws/install/flir_lepton_msgs/share/flir_lepton_msgs/cmake/ament_cmake_export_targets-extras.cmake
[5.382s] -- Up-to-date: /home/azraa/ros2_ws/install/flir_lepton_msgs/share/flir_lepton_msgs/cmake/ament_cmake_export_include_directories-extras.cmake
[5.382s] -- Up-to-date: /home/azraa/ros2_ws/install/flir_lepton_msgs/share/flir_lepton_msgs/cmake/rosidl_cmake_export_typesupport_libraries-extras.cmake
[5.383s] -- Up-to-date: /home/azraa/ros2_ws/install/flir_lepton_msgs/share/flir_lepton_msgs/cmake/rosidl_cmake_export_typesupport_targets-extras.cmake
[5.383s] -- Up-to-date: /home/azraa/ros2_ws/install/flir_lepton_msgs/share/flir_lepton_msgs/cmake/flir_lepton_msgsConfig.cmake
[5.383s] -- Up-to-date: /home/azraa/ros2_ws/install/flir_lepton_msgs/share/flir_lepton_msgs/cmake/flir_lepton_msgsConfig-version.cmake
[5.383s] -- Installing: /home/azraa/ros2_ws/install/flir_lepton_msgs/share/flir_lepton_msgs/package.xml
[5.390s] Invoked command in '/home/azraa/ros2_ws/build/flir_lepton_msgs' returned '0': CMAKE_PREFIX_PATH=/home/azraa/ros2_ws/install/v4l2_camera:/home/azraa/ros2_ws/install/audio_common:/home/azraa/ros2_ws/install/sound_play:/home/azraa/ros2_ws/install/my_robot_bringup:/home/azraa/ros2_ws/install/my_cpp_pkg:/home/azraa/ros2_ws/install/my_robot_interfaces:/home/azraa/ros2_ws/install/bme280:/home/azraa/ros2_ws/install/m2s2_custom_interfaces:/home/azraa/ros2_ws/install/m2s2_bringup:/home/azraa/ros2_ws/install/gscam:/home/azraa/ros2_ws/install/flir_lepton_msgs:/home/azraa/ros2_ws/install/flir_lepton_capture:/home/azraa/ros2_ws/install/audio_play:/home/azraa/ros2_ws/install/audio_capture:/home/azraa/ros2_ws/install/audio_common_msgs:/home/azraa/ros2_ws/install/m2s2_test_python:/opt/ros/foxy:/opt/ros/noetic /usr/bin/cmake --install /home/azraa/ros2_ws/build/flir_lepton_msgs
