[0.028s] Invoking command in '/home/azraa/ros2_ws/build/my_cpp_pkg': CMAKE_PREFIX_PATH=${CMAKE_PREFIX_PATH}:/home/azraa/ros2_ws/install/my_py_pkg:/opt/ros/foxy /usr/bin/cmake --build /home/azraa/ros2_ws/build/my_cpp_pkg -- -j4 -l4
[0.078s] -- Found ament_cmake: 0.9.9 (/opt/ros/foxy/share/ament_cmake/cmake)
[0.134s] -- Using PYTHON_EXECUTABLE: /usr/bin/python3
[0.457s] -- Found rclcpp: 2.4.1 (/opt/ros/foxy/share/rclcpp/cmake)
[0.551s] -- Using all available rosidl_typesupport_c: rosidl_typesupport_fastrtps_c;rosidl_typesupport_introspection_c
[0.562s] -- Found rosidl_adapter: 1.2.1 (/opt/ros/foxy/share/rosidl_adapter/cmake)
[0.771s] -- Using all available rosidl_typesupport_cpp: rosidl_typesupport_fastrtps_cpp;rosidl_typesupport_introspection_cpp
[0.885s] -- Found rmw_implementation_cmake: 1.0.3 (/opt/ros/foxy/share/rmw_implementation_cmake/cmake)
[0.891s] -- Using RMW implementation 'rmw_fastrtps_cpp' as default
[1.200s] -- Found example_interfaces: 0.9.1 (/opt/ros/foxy/share/example_interfaces/cmake)
[1.517s] -- Configuring done
[1.558s] -- Generating done
[1.561s] -- Build files have been written to: /home/azraa/ros2_ws/build/my_cpp_pkg
[1.596s] [35m[1mScanning dependencies of target smartphone[0m
[1.624s] [ 66%] Built target cpp_node
[1.625s] [ 66%] Built target robot_news_station
[1.653s] [ 83%] [32mBuilding CXX object CMakeFiles/smartphone.dir/src/smartphone.cpp.o[0m
[7.748s] [100%] [32m[1mLinking CXX executable smartphone[0m
[8.125s] [100%] Built target smartphone
[8.141s] Invoked command in '/home/azraa/ros2_ws/build/my_cpp_pkg' returned '0': CMAKE_PREFIX_PATH=${CMAKE_PREFIX_PATH}:/home/azraa/ros2_ws/install/my_py_pkg:/opt/ros/foxy /usr/bin/cmake --build /home/azraa/ros2_ws/build/my_cpp_pkg -- -j4 -l4
[8.215s] Invoking command in '/home/azraa/ros2_ws/build/my_cpp_pkg': CMAKE_PREFIX_PATH=${CMAKE_PREFIX_PATH}:/home/azraa/ros2_ws/install/my_py_pkg:/opt/ros/foxy /usr/bin/cmake --install /home/azraa/ros2_ws/build/my_cpp_pkg
[8.225s] -- Install configuration: ""
[8.226s] -- Up-to-date: /home/azraa/ros2_ws/install/my_cpp_pkg/lib/my_cpp_pkg/cpp_node
[8.226s] -- Up-to-date: /home/azraa/ros2_ws/install/my_cpp_pkg/lib/my_cpp_pkg/robot_news_station
[8.226s] -- Installing: /home/azraa/ros2_ws/install/my_cpp_pkg/lib/my_cpp_pkg/smartphone
[8.228s] -- Set runtime path of "/home/azraa/ros2_ws/install/my_cpp_pkg/lib/my_cpp_pkg/smartphone" to ""
[8.228s] -- Up-to-date: /home/azraa/ros2_ws/install/my_cpp_pkg/share/ament_index/resource_index/package_run_dependencies/my_cpp_pkg
[8.229s] -- Up-to-date: /home/azraa/ros2_ws/install/my_cpp_pkg/share/ament_index/resource_index/parent_prefix_path/my_cpp_pkg
[8.229s] -- Up-to-date: /home/azraa/ros2_ws/install/my_cpp_pkg/share/my_cpp_pkg/environment/ament_prefix_path.sh
[8.230s] -- Installing: /home/azraa/ros2_ws/install/my_cpp_pkg/share/my_cpp_pkg/environment/ament_prefix_path.dsv
[8.230s] -- Up-to-date: /home/azraa/ros2_ws/install/my_cpp_pkg/share/my_cpp_pkg/environment/path.sh
[8.230s] -- Installing: /home/azraa/ros2_ws/install/my_cpp_pkg/share/my_cpp_pkg/environment/path.dsv
[8.230s] -- Up-to-date: /home/azraa/ros2_ws/install/my_cpp_pkg/share/my_cpp_pkg/local_setup.bash
[8.230s] -- Up-to-date: /home/azraa/ros2_ws/install/my_cpp_pkg/share/my_cpp_pkg/local_setup.sh
[8.230s] -- Up-to-date: /home/azraa/ros2_ws/install/my_cpp_pkg/share/my_cpp_pkg/local_setup.zsh
[8.231s] -- Installing: /home/azraa/ros2_ws/install/my_cpp_pkg/share/my_cpp_pkg/local_setup.dsv
[8.231s] -- Installing: /home/azraa/ros2_ws/install/my_cpp_pkg/share/my_cpp_pkg/package.dsv
[8.231s] -- Up-to-date: /home/azraa/ros2_ws/install/my_cpp_pkg/share/ament_index/resource_index/packages/my_cpp_pkg
[8.231s] -- Up-to-date: /home/azraa/ros2_ws/install/my_cpp_pkg/share/my_cpp_pkg/cmake/my_cpp_pkgConfig.cmake
[8.232s] -- Up-to-date: /home/azraa/ros2_ws/install/my_cpp_pkg/share/my_cpp_pkg/cmake/my_cpp_pkgConfig-version.cmake
[8.232s] -- Up-to-date: /home/azraa/ros2_ws/install/my_cpp_pkg/share/my_cpp_pkg/package.xml
[8.236s] Invoked command in '/home/azraa/ros2_ws/build/my_cpp_pkg' returned '0': CMAKE_PREFIX_PATH=${CMAKE_PREFIX_PATH}:/home/azraa/ros2_ws/install/my_py_pkg:/opt/ros/foxy /usr/bin/cmake --install /home/azraa/ros2_ws/build/my_cpp_pkg
