[0.073s] Invoking command in '/home/azraa/ros2_ws/build/my_robot_interfaces': CMAKE_PREFIX_PATH=${CMAKE_PREFIX_PATH}:/opt/ros/foxy /usr/bin/cmake --build /home/azraa/ros2_ws/build/my_robot_interfaces -- -j4 -l4
[0.326s] [ 10%] Built target my_robot_interfaces__rosidl_generator_c
[0.352s] [ 12%] Built target my_robot_interfaces__cpp
[0.429s] [ 23%] Built target my_robot_interfaces__rosidl_typesupport_fastrtps_cpp
[0.450s] [ 34%] Built target my_robot_interfaces__rosidl_typesupport_introspection_c
[0.477s] [ 45%] Built target my_robot_interfaces__rosidl_typesupport_c
[0.494s] [ 56%] Built target my_robot_interfaces__rosidl_typesupport_introspection_cpp
[0.543s] [ 67%] Built target my_robot_interfaces__rosidl_typesupport_cpp
[0.546s] [ 78%] Built target my_robot_interfaces__rosidl_typesupport_fastrtps_c
[0.601s] [ 78%] Built target my_robot_interfaces
[0.646s] [ 80%] Built target my_robot_interfaces__py
[0.728s] [ 89%] Built target my_robot_interfaces__python
[0.806s] [ 92%] Built target my_robot_interfaces__rosidl_typesupport_fastrtps_c__pyext
[0.811s] [ 96%] Built target my_robot_interfaces__rosidl_typesupport_c__pyext
[0.822s] [100%] Built target my_robot_interfaces__rosidl_typesupport_introspection_c__pyext
[0.843s] Invoked command in '/home/azraa/ros2_ws/build/my_robot_interfaces' returned '0': CMAKE_PREFIX_PATH=${CMAKE_PREFIX_PATH}:/opt/ros/foxy /usr/bin/cmake --build /home/azraa/ros2_ws/build/my_robot_interfaces -- -j4 -l4
[1.081s] Invoking command in '/home/azraa/ros2_ws/build/my_robot_interfaces': CMAKE_PREFIX_PATH=${CMAKE_PREFIX_PATH}:/opt/ros/foxy /usr/bin/cmake --install /home/azraa/ros2_ws/build/my_robot_interfaces
[1.103s] -- Install configuration: ""
[1.105s] -- Execute custom install script
[1.105s] -- Up-to-date symlink: /home/azraa/ros2_ws/install/my_robot_interfaces/share/ament_index/resource_index/rosidl_interfaces/my_robot_interfaces
[1.106s] -- Up-to-date symlink: /home/azraa/ros2_ws/install/my_robot_interfaces/include/my_robot_interfaces/msg/detail/hardware_status__functions.h
[1.106s] -- Up-to-date symlink: /home/azraa/ros2_ws/install/my_robot_interfaces/include/my_robot_interfaces/msg/detail/hardware_status__struct.h
[1.106s] -- Up-to-date symlink: /home/azraa/ros2_ws/install/my_robot_interfaces/include/my_robot_interfaces/msg/detail/hardware_status__type_support.h
[1.107s] -- Up-to-date symlink: /home/azraa/ros2_ws/install/my_robot_interfaces/include/my_robot_interfaces/msg/detail/led_states__functions.h
[1.107s] -- Up-to-date symlink: /home/azraa/ros2_ws/install/my_robot_interfaces/include/my_robot_interfaces/msg/detail/led_states__struct.h
[1.107s] -- Up-to-date symlink: /home/azraa/ros2_ws/install/my_robot_interfaces/include/my_robot_interfaces/msg/detail/led_states__type_support.h
[1.108s] -- Up-to-date symlink: /home/azraa/ros2_ws/install/my_robot_interfaces/include/my_robot_interfaces/msg/hardware_status.h
[1.108s] -- Up-to-date symlink: /home/azraa/ros2_ws/install/my_robot_interfaces/include/my_robot_interfaces/msg/led_states.h
[1.108s] -- Up-to-date symlink: /home/azraa/ros2_ws/install/my_robot_interfaces/include/my_robot_interfaces/msg/rosidl_generator_c__visibility_control.h
[1.109s] -- Up-to-date symlink: /home/azraa/ros2_ws/install/my_robot_interfaces/include/my_robot_interfaces/srv/compute_rectangle_area.h
[1.109s] -- Up-to-date symlink: /home/azraa/ros2_ws/install/my_robot_interfaces/include/my_robot_interfaces/srv/detail/compute_rectangle_area__functions.h
[1.110s] -- Up-to-date symlink: /home/azraa/ros2_ws/install/my_robot_interfaces/include/my_robot_interfaces/srv/detail/compute_rectangle_area__struct.h
[1.111s] -- Up-to-date symlink: /home/azraa/ros2_ws/install/my_robot_interfaces/include/my_robot_interfaces/srv/detail/compute_rectangle_area__type_support.h
[1.111s] -- Up-to-date symlink: /home/azraa/ros2_ws/install/my_robot_interfaces/include/my_robot_interfaces/srv/detail/set_led__functions.h
[1.111s] -- Up-to-date symlink: /home/azraa/ros2_ws/install/my_robot_interfaces/include/my_robot_interfaces/srv/detail/set_led__struct.h
[1.112s] -- Up-to-date symlink: /home/azraa/ros2_ws/install/my_robot_interfaces/include/my_robot_interfaces/srv/detail/set_led__type_support.h
[1.113s] -- Up-to-date symlink: /home/azraa/ros2_ws/install/my_robot_interfaces/include/my_robot_interfaces/srv/set_led.h
[1.114s] -- Up-to-date symlink: /home/azraa/ros2_ws/install/my_robot_interfaces/share/my_robot_interfaces/environment/library_path.sh
[1.117s] -- Up-to-date symlink: /home/azraa/ros2_ws/install/my_robot_interfaces/share/my_robot_interfaces/environment/library_path.dsv
[1.117s] -- Up-to-date symlink: /home/azraa/ros2_ws/install/my_robot_interfaces/include/my_robot_interfaces/msg/detail/hardware_status__rosidl_typesupport_fastrtps_c.h
[1.117s] -- Up-to-date symlink: /home/azraa/ros2_ws/install/my_robot_interfaces/include/my_robot_interfaces/msg/detail/led_states__rosidl_typesupport_fastrtps_c.h
[1.118s] -- Up-to-date symlink: /home/azraa/ros2_ws/install/my_robot_interfaces/include/my_robot_interfaces/msg/rosidl_typesupport_fastrtps_c__visibility_control.h
[1.118s] -- Up-to-date symlink: /home/azraa/ros2_ws/install/my_robot_interfaces/include/my_robot_interfaces/srv/detail/compute_rectangle_area__rosidl_typesupport_fastrtps_c.h
[1.119s] -- Up-to-date symlink: /home/azraa/ros2_ws/install/my_robot_interfaces/include/my_robot_interfaces/srv/detail/set_led__rosidl_typesupport_fastrtps_c.h
[1.119s] -- Up-to-date symlink: /home/azraa/ros2_ws/install/my_robot_interfaces/lib/libmy_robot_interfaces__rosidl_typesupport_fastrtps_c.so
[1.128s] -- Up-to-date symlink: /home/azraa/ros2_ws/install/my_robot_interfaces/include/my_robot_interfaces/msg/detail/hardware_status__rosidl_typesupport_fastrtps_cpp.hpp
[1.128s] -- Up-to-date symlink: /home/azraa/ros2_ws/install/my_robot_interfaces/include/my_robot_interfaces/msg/detail/led_states__rosidl_typesupport_fastrtps_cpp.hpp
[1.129s] -- Up-to-date symlink: /home/azraa/ros2_ws/install/my_robot_interfaces/include/my_robot_interfaces/msg/rosidl_typesupport_fastrtps_cpp__visibility_control.h
[1.130s] -- Up-to-date symlink: /home/azraa/ros2_ws/install/my_robot_interfaces/include/my_robot_interfaces/srv/detail/compute_rectangle_area__rosidl_typesupport_fastrtps_cpp.hpp
[1.130s] -- Up-to-date symlink: /home/azraa/ros2_ws/install/my_robot_interfaces/include/my_robot_interfaces/srv/detail/set_led__rosidl_typesupport_fastrtps_cpp.hpp
[1.130s] -- Up-to-date symlink: /home/azraa/ros2_ws/install/my_robot_interfaces/lib/libmy_robot_interfaces__rosidl_typesupport_fastrtps_cpp.so
[1.131s] -- Up-to-date symlink: /home/azraa/ros2_ws/install/my_robot_interfaces/include/my_robot_interfaces/msg/detail/hardware_status__rosidl_typesupport_introspection_c.h
[1.131s] -- Up-to-date symlink: /home/azraa/ros2_ws/install/my_robot_interfaces/include/my_robot_interfaces/msg/detail/led_states__rosidl_typesupport_introspection_c.h
[1.131s] -- Up-to-date symlink: /home/azraa/ros2_ws/install/my_robot_interfaces/include/my_robot_interfaces/msg/rosidl_typesupport_introspection_c__visibility_control.h
[1.131s] -- Up-to-date symlink: /home/azraa/ros2_ws/install/my_robot_interfaces/include/my_robot_interfaces/srv/detail/compute_rectangle_area__rosidl_typesupport_introspection_c.h
[1.132s] -- Up-to-date symlink: /home/azraa/ros2_ws/install/my_robot_interfaces/include/my_robot_interfaces/srv/detail/set_led__rosidl_typesupport_introspection_c.h
[1.132s] -- Up-to-date symlink: /home/azraa/ros2_ws/install/my_robot_interfaces/include/my_robot_interfaces/msg/detail/hardware_status__builder.hpp
[1.132s] -- Up-to-date symlink: /home/azraa/ros2_ws/install/my_robot_interfaces/include/my_robot_interfaces/msg/detail/hardware_status__struct.hpp
[1.132s] -- Up-to-date symlink: /home/azraa/ros2_ws/install/my_robot_interfaces/include/my_robot_interfaces/msg/detail/hardware_status__traits.hpp
[1.138s] -- Up-to-date symlink: /home/azraa/ros2_ws/install/my_robot_interfaces/include/my_robot_interfaces/msg/detail/led_states__builder.hpp
[1.138s] -- Up-to-date symlink: /home/azraa/ros2_ws/install/my_robot_interfaces/include/my_robot_interfaces/msg/detail/led_states__struct.hpp
[1.138s] -- Up-to-date symlink: /home/azraa/ros2_ws/install/my_robot_interfaces/include/my_robot_interfaces/msg/detail/led_states__traits.hpp
[1.139s] -- Up-to-date symlink: /home/azraa/ros2_ws/install/my_robot_interfaces/include/my_robot_interfaces/msg/hardware_status.hpp
[1.139s] -- Up-to-date symlink: /home/azraa/ros2_ws/install/my_robot_interfaces/include/my_robot_interfaces/msg/led_states.hpp
[1.139s] -- Up-to-date symlink: /home/azraa/ros2_ws/install/my_robot_interfaces/include/my_robot_interfaces/srv/compute_rectangle_area.hpp
[1.139s] -- Up-to-date symlink: /home/azraa/ros2_ws/install/my_robot_interfaces/include/my_robot_interfaces/srv/detail/compute_rectangle_area__builder.hpp
[1.139s] -- Up-to-date symlink: /home/azraa/ros2_ws/install/my_robot_interfaces/include/my_robot_interfaces/srv/detail/compute_rectangle_area__struct.hpp
[1.139s] -- Up-to-date symlink: /home/azraa/ros2_ws/install/my_robot_interfaces/include/my_robot_interfaces/srv/detail/compute_rectangle_area__traits.hpp
[1.140s] -- Up-to-date symlink: /home/azraa/ros2_ws/install/my_robot_interfaces/include/my_robot_interfaces/srv/detail/set_led__builder.hpp
[1.140s] -- Up-to-date symlink: /home/azraa/ros2_ws/install/my_robot_interfaces/include/my_robot_interfaces/srv/detail/set_led__struct.hpp
[1.140s] -- Up-to-date symlink: /home/azraa/ros2_ws/install/my_robot_interfaces/include/my_robot_interfaces/srv/detail/set_led__traits.hpp
[1.140s] -- Up-to-date symlink: /home/azraa/ros2_ws/install/my_robot_interfaces/include/my_robot_interfaces/srv/set_led.hpp
[1.141s] -- Up-to-date symlink: /home/azraa/ros2_ws/install/my_robot_interfaces/include/my_robot_interfaces/msg/detail/hardware_status__rosidl_typesupport_introspection_cpp.hpp
[1.147s] -- Up-to-date symlink: /home/azraa/ros2_ws/install/my_robot_interfaces/include/my_robot_interfaces/msg/detail/led_states__rosidl_typesupport_introspection_cpp.hpp
[1.148s] -- Up-to-date symlink: /home/azraa/ros2_ws/install/my_robot_interfaces/include/my_robot_interfaces/srv/detail/compute_rectangle_area__rosidl_typesupport_introspection_cpp.hpp
[1.148s] -- Up-to-date symlink: /home/azraa/ros2_ws/install/my_robot_interfaces/include/my_robot_interfaces/srv/detail/set_led__rosidl_typesupport_introspection_cpp.hpp
[1.148s] -- Up-to-date symlink: /home/azraa/ros2_ws/install/my_robot_interfaces/share/my_robot_interfaces/environment/pythonpath.sh
[1.148s] -- Up-to-date symlink: /home/azraa/ros2_ws/install/my_robot_interfaces/share/my_robot_interfaces/environment/pythonpath.dsv
[1.148s] -- Up-to-date symlink: /home/azraa/ros2_ws/install/my_robot_interfaces/lib/python3.8/site-packages/my_robot_interfaces/__init__.py
[1.149s] -- Up-to-date symlink: /home/azraa/ros2_ws/install/my_robot_interfaces/lib/python3.8/site-packages/my_robot_interfaces/msg/__init__.py
[1.149s] -- Up-to-date symlink: /home/azraa/ros2_ws/install/my_robot_interfaces/lib/python3.8/site-packages/my_robot_interfaces/msg/_hardware_status.py
[1.149s] -- Up-to-date symlink: /home/azraa/ros2_ws/install/my_robot_interfaces/lib/python3.8/site-packages/my_robot_interfaces/msg/_led_states.py
[1.149s] -- Up-to-date symlink: /home/azraa/ros2_ws/install/my_robot_interfaces/lib/python3.8/site-packages/my_robot_interfaces/srv/__init__.py
[1.150s] -- Up-to-date symlink: /home/azraa/ros2_ws/install/my_robot_interfaces/lib/python3.8/site-packages/my_robot_interfaces/srv/_compute_rectangle_area.py
[1.150s] -- Up-to-date symlink: /home/azraa/ros2_ws/install/my_robot_interfaces/lib/python3.8/site-packages/my_robot_interfaces/srv/_set_led.py
[1.150s] -- Up-to-date symlink: /home/azraa/ros2_ws/install/my_robot_interfaces/lib/python3.8/site-packages/my_robot_interfaces/my_robot_interfaces_s__rosidl_typesupport_fastrtps_c.cpython-38-x86_64-linux-gnu.so
[1.150s] -- Up-to-date symlink: /home/azraa/ros2_ws/install/my_robot_interfaces/lib/python3.8/site-packages/my_robot_interfaces/my_robot_interfaces_s__rosidl_typesupport_introspection_c.cpython-38-x86_64-linux-gnu.so
[1.151s] -- Up-to-date symlink: /home/azraa/ros2_ws/install/my_robot_interfaces/lib/python3.8/site-packages/my_robot_interfaces/my_robot_interfaces_s__rosidl_typesupport_c.cpython-38-x86_64-linux-gnu.so
[1.151s] -- Up-to-date symlink: /home/azraa/ros2_ws/install/my_robot_interfaces/lib/libmy_robot_interfaces__python.so
[1.151s] -- Up-to-date symlink: /home/azraa/ros2_ws/install/my_robot_interfaces/share/my_robot_interfaces/msg/HardwareStatus.idl
[1.151s] -- Up-to-date symlink: /home/azraa/ros2_ws/install/my_robot_interfaces/share/my_robot_interfaces/msg/LedStates.idl
[1.152s] -- Up-to-date symlink: /home/azraa/ros2_ws/install/my_robot_interfaces/share/my_robot_interfaces/srv/ComputeRectangleArea.idl
[1.152s] -- Up-to-date symlink: /home/azraa/ros2_ws/install/my_robot_interfaces/share/my_robot_interfaces/srv/SetLed.idl
[1.152s] -- Up-to-date symlink: /home/azraa/ros2_ws/install/my_robot_interfaces/share/my_robot_interfaces/msg/HardwareStatus.msg
[1.152s] -- Up-to-date symlink: /home/azraa/ros2_ws/install/my_robot_interfaces/share/my_robot_interfaces/msg/LedStates.msg
[1.153s] -- Up-to-date symlink: /home/azraa/ros2_ws/install/my_robot_interfaces/share/my_robot_interfaces/srv/ComputeRectangleArea.srv
[1.153s] -- Up-to-date symlink: /home/azraa/ros2_ws/install/my_robot_interfaces/share/my_robot_interfaces/srv/ComputeRectangleArea_Request.msg
[1.153s] -- Up-to-date symlink: /home/azraa/ros2_ws/install/my_robot_interfaces/share/my_robot_interfaces/srv/ComputeRectangleArea_Response.msg
[1.154s] -- Up-to-date symlink: /home/azraa/ros2_ws/install/my_robot_interfaces/share/my_robot_interfaces/srv/SetLed.srv
[1.154s] -- Up-to-date symlink: /home/azraa/ros2_ws/install/my_robot_interfaces/share/my_robot_interfaces/srv/SetLed_Request.msg
[1.154s] -- Up-to-date symlink: /home/azraa/ros2_ws/install/my_robot_interfaces/share/my_robot_interfaces/srv/SetLed_Response.msg
[1.154s] -- Up-to-date symlink: /home/azraa/ros2_ws/install/my_robot_interfaces/share/ament_index/resource_index/package_run_dependencies/my_robot_interfaces
[1.161s] -- Up-to-date symlink: /home/azraa/ros2_ws/install/my_robot_interfaces/share/ament_index/resource_index/parent_prefix_path/my_robot_interfaces
[1.161s] -- Up-to-date symlink: /home/azraa/ros2_ws/install/my_robot_interfaces/share/my_robot_interfaces/environment/ament_prefix_path.sh
[1.161s] -- Up-to-date symlink: /home/azraa/ros2_ws/install/my_robot_interfaces/share/my_robot_interfaces/environment/ament_prefix_path.dsv
[1.162s] -- Up-to-date symlink: /home/azraa/ros2_ws/install/my_robot_interfaces/share/my_robot_interfaces/environment/path.sh
[1.162s] -- Up-to-date symlink: /home/azraa/ros2_ws/install/my_robot_interfaces/share/my_robot_interfaces/environment/path.dsv
[1.162s] -- Up-to-date symlink: /home/azraa/ros2_ws/install/my_robot_interfaces/share/my_robot_interfaces/local_setup.bash
[1.162s] -- Up-to-date symlink: /home/azraa/ros2_ws/install/my_robot_interfaces/share/my_robot_interfaces/local_setup.sh
[1.163s] -- Up-to-date symlink: /home/azraa/ros2_ws/install/my_robot_interfaces/share/my_robot_interfaces/local_setup.zsh
[1.163s] -- Up-to-date symlink: /home/azraa/ros2_ws/install/my_robot_interfaces/share/my_robot_interfaces/local_setup.dsv
[1.163s] -- Symlinking: /home/azraa/ros2_ws/install/my_robot_interfaces/share/my_robot_interfaces/package.dsv
[1.181s] -- Up-to-date symlink: /home/azraa/ros2_ws/install/my_robot_interfaces/share/ament_index/resource_index/packages/my_robot_interfaces
[1.182s] -- Up-to-date symlink: /home/azraa/ros2_ws/install/my_robot_interfaces/share/my_robot_interfaces/cmake/rosidl_cmake-extras.cmake
[1.182s] -- Up-to-date symlink: /home/azraa/ros2_ws/install/my_robot_interfaces/share/my_robot_interfaces/cmake/ament_cmake_export_dependencies-extras.cmake
[1.183s] -- Up-to-date symlink: /home/azraa/ros2_ws/install/my_robot_interfaces/share/my_robot_interfaces/cmake/ament_cmake_export_libraries-extras.cmake
[1.183s] -- Up-to-date symlink: /home/azraa/ros2_ws/install/my_robot_interfaces/share/my_robot_interfaces/cmake/ament_cmake_export_targets-extras.cmake
[1.184s] -- Up-to-date symlink: /home/azraa/ros2_ws/install/my_robot_interfaces/share/my_robot_interfaces/cmake/ament_cmake_export_include_directories-extras.cmake
[1.185s] -- Up-to-date symlink: /home/azraa/ros2_ws/install/my_robot_interfaces/share/my_robot_interfaces/cmake/rosidl_cmake_export_typesupport_libraries-extras.cmake
[1.185s] -- Up-to-date symlink: /home/azraa/ros2_ws/install/my_robot_interfaces/share/my_robot_interfaces/cmake/rosidl_cmake_export_typesupport_targets-extras.cmake
[1.186s] -- Up-to-date symlink: /home/azraa/ros2_ws/install/my_robot_interfaces/share/my_robot_interfaces/cmake/my_robot_interfacesConfig.cmake
[1.186s] -- Up-to-date symlink: /home/azraa/ros2_ws/install/my_robot_interfaces/share/my_robot_interfaces/cmake/my_robot_interfacesConfig-version.cmake
[1.186s] -- Up-to-date symlink: /home/azraa/ros2_ws/install/my_robot_interfaces/share/my_robot_interfaces/package.xml
[1.187s] -- Up-to-date: /home/azraa/ros2_ws/install/my_robot_interfaces/lib/libmy_robot_interfaces__rosidl_generator_c.so
[1.188s] -- Up-to-date: /home/azraa/ros2_ws/install/my_robot_interfaces/lib/libmy_robot_interfaces__rosidl_typesupport_introspection_c.so
[1.188s] -- Up-to-date: /home/azraa/ros2_ws/install/my_robot_interfaces/lib/libmy_robot_interfaces__rosidl_typesupport_c.so
[1.189s] -- Up-to-date: /home/azraa/ros2_ws/install/my_robot_interfaces/lib/libmy_robot_interfaces__rosidl_typesupport_introspection_cpp.so
[1.190s] -- Up-to-date: /home/azraa/ros2_ws/install/my_robot_interfaces/lib/libmy_robot_interfaces__rosidl_typesupport_cpp.so
[1.271s] -- Up-to-date: /home/azraa/ros2_ws/install/my_robot_interfaces/share/my_robot_interfaces/cmake/my_robot_interfaces__rosidl_generator_cExport.cmake
[1.271s] -- Up-to-date: /home/azraa/ros2_ws/install/my_robot_interfaces/share/my_robot_interfaces/cmake/my_robot_interfaces__rosidl_generator_cExport-noconfig.cmake
[1.272s] -- Up-to-date: /home/azraa/ros2_ws/install/my_robot_interfaces/share/my_robot_interfaces/cmake/my_robot_interfaces__rosidl_typesupport_introspection_cExport.cmake
[1.272s] -- Up-to-date: /home/azraa/ros2_ws/install/my_robot_interfaces/share/my_robot_interfaces/cmake/my_robot_interfaces__rosidl_typesupport_introspection_cExport-noconfig.cmake
[1.272s] -- Up-to-date: /home/azraa/ros2_ws/install/my_robot_interfaces/share/my_robot_interfaces/cmake/my_robot_interfaces__rosidl_typesupport_cExport.cmake
[1.272s] -- Up-to-date: /home/azraa/ros2_ws/install/my_robot_interfaces/share/my_robot_interfaces/cmake/my_robot_interfaces__rosidl_typesupport_cExport-noconfig.cmake
[1.273s] -- Up-to-date: /home/azraa/ros2_ws/install/my_robot_interfaces/share/my_robot_interfaces/cmake/my_robot_interfaces__rosidl_generator_cppExport.cmake
[1.273s] -- Up-to-date: /home/azraa/ros2_ws/install/my_robot_interfaces/share/my_robot_interfaces/cmake/my_robot_interfaces__rosidl_typesupport_introspection_cppExport.cmake
[1.273s] -- Up-to-date: /home/azraa/ros2_ws/install/my_robot_interfaces/share/my_robot_interfaces/cmake/my_robot_interfaces__rosidl_typesupport_introspection_cppExport-noconfig.cmake
[1.273s] -- Up-to-date: /home/azraa/ros2_ws/install/my_robot_interfaces/share/my_robot_interfaces/cmake/my_robot_interfaces__rosidl_typesupport_cppExport.cmake
[1.274s] -- Up-to-date: /home/azraa/ros2_ws/install/my_robot_interfaces/share/my_robot_interfaces/cmake/my_robot_interfaces__rosidl_typesupport_cppExport-noconfig.cmake
[1.308s] Invoked command in '/home/azraa/ros2_ws/build/my_robot_interfaces' returned '0': CMAKE_PREFIX_PATH=${CMAKE_PREFIX_PATH}:/opt/ros/foxy /usr/bin/cmake --install /home/azraa/ros2_ws/build/my_robot_interfaces
