[0.261s] DEBUG:colcon:Command line arguments: ['/usr/bin/colcon', 'build']
[0.261s] DEBUG:colcon:Parsed command line arguments: Namespace(allow_overriding=[], ament_cmake_args=None, base_paths=['.'], build_base='build', catkin_cmake_args=None, catkin_skip_building_tests=False, cmake_args=None, cmake_clean_cache=False, cmake_clean_first=False, cmake_force_configure=False, cmake_target=None, cmake_target_skip_unavailable=False, continue_on_error=False, event_handlers=None, executor='parallel', ignore_user_meta=False, install_base='install', log_base=None, log_level=None, main=<bound method BuildVerb.main of <colcon_core.verb.build.BuildVerb object at 0x7fed679077f0>>, merge_install=False, metas=['./colcon.meta'], packages_above=None, packages_above_and_dependencies=None, packages_above_depth=None, packages_end=None, packages_ignore=None, packages_ignore_regex=None, packages_select=None, packages_select_build_failed=False, packages_select_by_dep=None, packages_select_regex=None, packages_select_test_failures=False, packages_skip=None, packages_skip_build_finished=False, packages_skip_by_dep=None, packages_skip_regex=None, packages_skip_test_passed=False, packages_skip_up_to=None, packages_start=None, packages_up_to=None, packages_up_to_regex=None, parallel_workers=4, paths=None, symlink_install=False, test_result_base=None, verb_extension=<colcon_core.verb.build.BuildVerb object at 0x7fed679077f0>, verb_name='build', verb_parser=<colcon_defaults.argument_parser.defaults.DefaultArgumentsDecorator object at 0x7fed679114f0>)
[0.313s] Level 1:colcon.colcon_core.package_discovery:discover_packages(colcon_meta) check parameters
[0.313s] Level 1:colcon.colcon_core.package_discovery:discover_packages(recursive) check parameters
[0.313s] Level 1:colcon.colcon_core.package_discovery:discover_packages(ignore) check parameters
[0.313s] Level 1:colcon.colcon_core.package_discovery:discover_packages(path) check parameters
[0.313s] Level 1:colcon.colcon_core.package_discovery:discover_packages(colcon_meta) discover
[0.313s] Level 1:colcon.colcon_core.package_discovery:discover_packages(recursive) discover
[0.313s] INFO:colcon.colcon_core.package_discovery:Crawling recursively for packages in '/home/azraa/ros2_ws'
[0.313s] Level 1:colcon.colcon_core.package_identification:_identify(.) by extensions ['ignore', 'ignore_ament_install']
[0.313s] Level 1:colcon.colcon_core.package_identification:_identify(.) by extension 'ignore'
[0.313s] Level 1:colcon.colcon_core.package_identification:_identify(.) by extension 'ignore_ament_install'
[0.313s] Level 1:colcon.colcon_core.package_identification:_identify(.) by extensions ['colcon_pkg']
[0.313s] Level 1:colcon.colcon_core.package_identification:_identify(.) by extension 'colcon_pkg'
[0.313s] Level 1:colcon.colcon_core.package_identification:_identify(.) by extensions ['colcon_meta']
[0.313s] Level 1:colcon.colcon_core.package_identification:_identify(.) by extension 'colcon_meta'
[0.314s] Level 1:colcon.colcon_core.package_identification:_identify(.) by extensions ['ros']
[0.314s] Level 1:colcon.colcon_core.package_identification:_identify(.) by extension 'ros'
[0.332s] Level 1:colcon.colcon_core.package_identification:_identify(.) by extensions ['cmake', 'python']
[0.332s] Level 1:colcon.colcon_core.package_identification:_identify(.) by extension 'cmake'
[0.332s] Level 1:colcon.colcon_core.package_identification:_identify(.) by extension 'python'
[0.332s] Level 1:colcon.colcon_core.package_identification:_identify(.) by extensions ['python_setup_py']
[0.332s] Level 1:colcon.colcon_core.package_identification:_identify(.) by extension 'python_setup_py'
[0.332s] Level 1:colcon.colcon_core.package_identification:_identify(build) by extensions ['ignore', 'ignore_ament_install']
[0.332s] Level 1:colcon.colcon_core.package_identification:_identify(build) by extension 'ignore'
[0.332s] Level 1:colcon.colcon_core.package_identification:_identify(build) ignored
[0.332s] Level 1:colcon.colcon_core.package_identification:_identify(install) by extensions ['ignore', 'ignore_ament_install']
[0.332s] Level 1:colcon.colcon_core.package_identification:_identify(install) by extension 'ignore'
[0.332s] Level 1:colcon.colcon_core.package_identification:_identify(install) ignored
[0.333s] Level 1:colcon.colcon_core.package_identification:_identify(log) by extensions ['ignore', 'ignore_ament_install']
[0.333s] Level 1:colcon.colcon_core.package_identification:_identify(log) by extension 'ignore'
[0.333s] Level 1:colcon.colcon_core.package_identification:_identify(log) ignored
[0.333s] Level 1:colcon.colcon_core.package_identification:_identify(rosbag2video) by extensions ['ignore', 'ignore_ament_install']
[0.333s] Level 1:colcon.colcon_core.package_identification:_identify(rosbag2video) by extension 'ignore'
[0.333s] Level 1:colcon.colcon_core.package_identification:_identify(rosbag2video) by extension 'ignore_ament_install'
[0.333s] Level 1:colcon.colcon_core.package_identification:_identify(rosbag2video) by extensions ['colcon_pkg']
[0.333s] Level 1:colcon.colcon_core.package_identification:_identify(rosbag2video) by extension 'colcon_pkg'
[0.333s] Level 1:colcon.colcon_core.package_identification:_identify(rosbag2video) by extensions ['colcon_meta']
[0.333s] Level 1:colcon.colcon_core.package_identification:_identify(rosbag2video) by extension 'colcon_meta'
[0.333s] Level 1:colcon.colcon_core.package_identification:_identify(rosbag2video) by extensions ['ros']
[0.333s] Level 1:colcon.colcon_core.package_identification:_identify(rosbag2video) by extension 'ros'
[0.333s] Level 1:colcon.colcon_core.package_identification:_identify(rosbag2video) by extensions ['cmake', 'python']
[0.333s] Level 1:colcon.colcon_core.package_identification:_identify(rosbag2video) by extension 'cmake'
[0.333s] Level 1:colcon.colcon_core.package_identification:_identify(rosbag2video) by extension 'python'
[0.333s] Level 1:colcon.colcon_core.package_identification:_identify(rosbag2video) by extensions ['python_setup_py']
[0.334s] Level 1:colcon.colcon_core.package_identification:_identify(rosbag2video) by extension 'python_setup_py'
[0.334s] Level 1:colcon.colcon_core.package_identification:_identify(src) by extensions ['ignore', 'ignore_ament_install']
[0.334s] Level 1:colcon.colcon_core.package_identification:_identify(src) by extension 'ignore'
[0.334s] Level 1:colcon.colcon_core.package_identification:_identify(src) by extension 'ignore_ament_install'
[0.334s] Level 1:colcon.colcon_core.package_identification:_identify(src) by extensions ['colcon_pkg']
[0.334s] Level 1:colcon.colcon_core.package_identification:_identify(src) by extension 'colcon_pkg'
[0.334s] Level 1:colcon.colcon_core.package_identification:_identify(src) by extensions ['colcon_meta']
[0.334s] Level 1:colcon.colcon_core.package_identification:_identify(src) by extension 'colcon_meta'
[0.334s] Level 1:colcon.colcon_core.package_identification:_identify(src) by extensions ['ros']
[0.334s] Level 1:colcon.colcon_core.package_identification:_identify(src) by extension 'ros'
[0.334s] Level 1:colcon.colcon_core.package_identification:_identify(src) by extensions ['cmake', 'python']
[0.334s] Level 1:colcon.colcon_core.package_identification:_identify(src) by extension 'cmake'
[0.334s] Level 1:colcon.colcon_core.package_identification:_identify(src) by extension 'python'
[0.334s] Level 1:colcon.colcon_core.package_identification:_identify(src) by extensions ['python_setup_py']
[0.334s] Level 1:colcon.colcon_core.package_identification:_identify(src) by extension 'python_setup_py'
[0.334s] Level 1:colcon.colcon_core.package_identification:_identify(src/build) by extensions ['ignore', 'ignore_ament_install']
[0.335s] Level 1:colcon.colcon_core.package_identification:_identify(src/build) by extension 'ignore'
[0.335s] Level 1:colcon.colcon_core.package_identification:_identify(src/build) ignored
[0.335s] Level 1:colcon.colcon_core.package_identification:_identify(src/install) by extensions ['ignore', 'ignore_ament_install']
[0.335s] Level 1:colcon.colcon_core.package_identification:_identify(src/install) by extension 'ignore'
[0.335s] Level 1:colcon.colcon_core.package_identification:_identify(src/install) ignored
[0.335s] Level 1:colcon.colcon_core.package_identification:_identify(src/log) by extensions ['ignore', 'ignore_ament_install']
[0.335s] Level 1:colcon.colcon_core.package_identification:_identify(src/log) by extension 'ignore'
[0.335s] Level 1:colcon.colcon_core.package_identification:_identify(src/log) ignored
[0.335s] Level 1:colcon.colcon_core.package_identification:_identify(src/my_cpp_pkg) by extensions ['ignore', 'ignore_ament_install']
[0.335s] Level 1:colcon.colcon_core.package_identification:_identify(src/my_cpp_pkg) by extension 'ignore'
[0.335s] Level 1:colcon.colcon_core.package_identification:_identify(src/my_cpp_pkg) by extension 'ignore_ament_install'
[0.336s] Level 1:colcon.colcon_core.package_identification:_identify(src/my_cpp_pkg) by extensions ['colcon_pkg']
[0.336s] Level 1:colcon.colcon_core.package_identification:_identify(src/my_cpp_pkg) by extension 'colcon_pkg'
[0.336s] Level 1:colcon.colcon_core.package_identification:_identify(src/my_cpp_pkg) by extensions ['colcon_meta']
[0.336s] Level 1:colcon.colcon_core.package_identification:_identify(src/my_cpp_pkg) by extension 'colcon_meta'
[0.336s] Level 1:colcon.colcon_core.package_identification:_identify(src/my_cpp_pkg) by extensions ['ros']
[0.336s] Level 1:colcon.colcon_core.package_identification:_identify(src/my_cpp_pkg) by extension 'ros'
[0.341s] DEBUG:colcon.colcon_core.package_identification:Package 'src/my_cpp_pkg' with type 'ros.ament_cmake' and name 'my_cpp_pkg'
[0.341s] Level 1:colcon.colcon_core.package_identification:_identify(src/my_py_pkg) by extensions ['ignore', 'ignore_ament_install']
[0.341s] Level 1:colcon.colcon_core.package_identification:_identify(src/my_py_pkg) by extension 'ignore'
[0.342s] Level 1:colcon.colcon_core.package_identification:_identify(src/my_py_pkg) by extension 'ignore_ament_install'
[0.342s] Level 1:colcon.colcon_core.package_identification:_identify(src/my_py_pkg) by extensions ['colcon_pkg']
[0.342s] Level 1:colcon.colcon_core.package_identification:_identify(src/my_py_pkg) by extension 'colcon_pkg'
[0.342s] Level 1:colcon.colcon_core.package_identification:_identify(src/my_py_pkg) by extensions ['colcon_meta']
[0.342s] Level 1:colcon.colcon_core.package_identification:_identify(src/my_py_pkg) by extension 'colcon_meta'
[0.342s] Level 1:colcon.colcon_core.package_identification:_identify(src/my_py_pkg) by extensions ['ros']
[0.342s] Level 1:colcon.colcon_core.package_identification:_identify(src/my_py_pkg) by extension 'ros'
[0.342s] DEBUG:colcon.colcon_core.package_identification:Failed to parse potential ROS package manifest in'src/my_py_pkg': Error(s) in package 'src/my_py_pkg/package.xml':
The manifest contains invalid XML:
mismatched tag: line 14, column 20
[0.342s] Level 1:colcon.colcon_core.package_identification:_identify(src/my_py_pkg) by extensions ['cmake', 'python']
[0.342s] Level 1:colcon.colcon_core.package_identification:_identify(src/my_py_pkg) by extension 'cmake'
[0.343s] Level 1:colcon.colcon_core.package_identification:_identify(src/my_py_pkg) by extension 'python'
[0.343s] DEBUG:colcon.colcon_core.package_identification:Python package in 'src/my_py_pkg' passes arguments to the setup() function which requires a different identification extension than 'python'
[0.343s] Level 1:colcon.colcon_core.package_identification:_identify(src/my_py_pkg) by extensions ['python_setup_py']
[0.343s] Level 1:colcon.colcon_core.package_identification:_identify(src/my_py_pkg) by extension 'python_setup_py'
[0.623s] DEBUG:colcon.colcon_core.package_identification:Package 'src/my_py_pkg' with type 'python' and name 'my_py_pkg'
[0.624s] Level 1:colcon.colcon_core.package_identification:_identify(src/my_robot_bringup) by extensions ['ignore', 'ignore_ament_install']
[0.624s] Level 1:colcon.colcon_core.package_identification:_identify(src/my_robot_bringup) by extension 'ignore'
[0.624s] Level 1:colcon.colcon_core.package_identification:_identify(src/my_robot_bringup) by extension 'ignore_ament_install'
[0.624s] Level 1:colcon.colcon_core.package_identification:_identify(src/my_robot_bringup) by extensions ['colcon_pkg']
[0.624s] Level 1:colcon.colcon_core.package_identification:_identify(src/my_robot_bringup) by extension 'colcon_pkg'
[0.624s] Level 1:colcon.colcon_core.package_identification:_identify(src/my_robot_bringup) by extensions ['colcon_meta']
[0.624s] Level 1:colcon.colcon_core.package_identification:_identify(src/my_robot_bringup) by extension 'colcon_meta'
[0.624s] Level 1:colcon.colcon_core.package_identification:_identify(src/my_robot_bringup) by extensions ['ros']
[0.624s] Level 1:colcon.colcon_core.package_identification:_identify(src/my_robot_bringup) by extension 'ros'
[0.634s] DEBUG:colcon.colcon_core.package_identification:Package 'src/my_robot_bringup' with type 'ros.ament_cmake' and name 'my_robot_bringup'
[0.635s] Level 1:colcon.colcon_core.package_identification:_identify(src/my_robot_interfaces) by extensions ['ignore', 'ignore_ament_install']
[0.635s] Level 1:colcon.colcon_core.package_identification:_identify(src/my_robot_interfaces) by extension 'ignore'
[0.635s] Level 1:colcon.colcon_core.package_identification:_identify(src/my_robot_interfaces) by extension 'ignore_ament_install'
[0.635s] Level 1:colcon.colcon_core.package_identification:_identify(src/my_robot_interfaces) by extensions ['colcon_pkg']
[0.635s] Level 1:colcon.colcon_core.package_identification:_identify(src/my_robot_interfaces) by extension 'colcon_pkg'
[0.635s] Level 1:colcon.colcon_core.package_identification:_identify(src/my_robot_interfaces) by extensions ['colcon_meta']
[0.635s] Level 1:colcon.colcon_core.package_identification:_identify(src/my_robot_interfaces) by extension 'colcon_meta'
[0.635s] Level 1:colcon.colcon_core.package_identification:_identify(src/my_robot_interfaces) by extensions ['ros']
[0.635s] Level 1:colcon.colcon_core.package_identification:_identify(src/my_robot_interfaces) by extension 'ros'
[0.636s] DEBUG:colcon.colcon_core.package_identification:Package 'src/my_robot_interfaces' with type 'ros.ament_cmake' and name 'my_robot_interfaces'
[0.636s] Level 1:colcon.colcon_core.package_discovery:discover_packages(recursive) using defaults
[0.636s] Level 1:colcon.colcon_core.package_discovery:discover_packages(ignore) discover
[0.637s] Level 1:colcon.colcon_core.package_discovery:discover_packages(ignore) using defaults
[0.637s] Level 1:colcon.colcon_core.package_discovery:discover_packages(path) discover
[0.637s] Level 1:colcon.colcon_core.package_discovery:discover_packages(path) using defaults
[0.689s] Level 1:colcon.colcon_core.package_discovery:discover_packages(prefix_path) check parameters
[0.689s] Level 1:colcon.colcon_core.package_discovery:discover_packages(prefix_path) discover
[0.696s] DEBUG:colcon.colcon_installed_package_information.package_discovery:Found 5 installed packages in /home/azraa/ros2_ws/install
[0.698s] DEBUG:colcon.colcon_installed_package_information.package_discovery:Found 260 installed packages in /opt/ros/foxy
[0.701s] Level 1:colcon.colcon_core.package_discovery:discover_packages(prefix_path) using defaults
[0.815s] Level 5:colcon.colcon_core.verb:set package 'my_py_pkg' build argument 'cmake_args' from command line to 'None'
[0.815s] Level 5:colcon.colcon_core.verb:set package 'my_py_pkg' build argument 'cmake_target' from command line to 'None'
[0.815s] Level 5:colcon.colcon_core.verb:set package 'my_py_pkg' build argument 'cmake_target_skip_unavailable' from command line to 'False'
[0.815s] Level 5:colcon.colcon_core.verb:set package 'my_py_pkg' build argument 'cmake_clean_cache' from command line to 'False'
[0.815s] Level 5:colcon.colcon_core.verb:set package 'my_py_pkg' build argument 'cmake_clean_first' from command line to 'False'
[0.815s] Level 5:colcon.colcon_core.verb:set package 'my_py_pkg' build argument 'cmake_force_configure' from command line to 'False'
[0.815s] Level 5:colcon.colcon_core.verb:set package 'my_py_pkg' build argument 'ament_cmake_args' from command line to 'None'
[0.815s] Level 5:colcon.colcon_core.verb:set package 'my_py_pkg' build argument 'catkin_cmake_args' from command line to 'None'
[0.815s] Level 5:colcon.colcon_core.verb:set package 'my_py_pkg' build argument 'catkin_skip_building_tests' from command line to 'False'
[0.815s] DEBUG:colcon.colcon_core.verb:Building package 'my_py_pkg' with the following arguments: {'ament_cmake_args': None, 'build_base': '/home/azraa/ros2_ws/build/my_py_pkg', 'catkin_cmake_args': None, 'catkin_skip_building_tests': False, 'cmake_args': None, 'cmake_clean_cache': False, 'cmake_clean_first': False, 'cmake_force_configure': False, 'cmake_target': None, 'cmake_target_skip_unavailable': False, 'install_base': '/home/azraa/ros2_ws/install/my_py_pkg', 'merge_install': False, 'path': '/home/azraa/ros2_ws/src/my_py_pkg', 'symlink_install': False, 'test_result_base': None}
[0.817s] Level 5:colcon.colcon_core.verb:set package 'my_robot_interfaces' build argument 'cmake_args' from command line to 'None'
[0.817s] Level 5:colcon.colcon_core.verb:set package 'my_robot_interfaces' build argument 'cmake_target' from command line to 'None'
[0.817s] Level 5:colcon.colcon_core.verb:set package 'my_robot_interfaces' build argument 'cmake_target_skip_unavailable' from command line to 'False'
[0.817s] Level 5:colcon.colcon_core.verb:set package 'my_robot_interfaces' build argument 'cmake_clean_cache' from command line to 'False'
[0.817s] Level 5:colcon.colcon_core.verb:set package 'my_robot_interfaces' build argument 'cmake_clean_first' from command line to 'False'
[0.817s] Level 5:colcon.colcon_core.verb:set package 'my_robot_interfaces' build argument 'cmake_force_configure' from command line to 'False'
[0.817s] Level 5:colcon.colcon_core.verb:set package 'my_robot_interfaces' build argument 'ament_cmake_args' from command line to 'None'
[0.817s] Level 5:colcon.colcon_core.verb:set package 'my_robot_interfaces' build argument 'catkin_cmake_args' from command line to 'None'
[0.817s] Level 5:colcon.colcon_core.verb:set package 'my_robot_interfaces' build argument 'catkin_skip_building_tests' from command line to 'False'
[0.817s] DEBUG:colcon.colcon_core.verb:Building package 'my_robot_interfaces' with the following arguments: {'ament_cmake_args': None, 'build_base': '/home/azraa/ros2_ws/build/my_robot_interfaces', 'catkin_cmake_args': None, 'catkin_skip_building_tests': False, 'cmake_args': None, 'cmake_clean_cache': False, 'cmake_clean_first': False, 'cmake_force_configure': False, 'cmake_target': None, 'cmake_target_skip_unavailable': False, 'install_base': '/home/azraa/ros2_ws/install/my_robot_interfaces', 'merge_install': False, 'path': '/home/azraa/ros2_ws/src/my_robot_interfaces', 'symlink_install': False, 'test_result_base': None}
[0.818s] Level 5:colcon.colcon_core.verb:set package 'my_cpp_pkg' build argument 'cmake_args' from command line to 'None'
[0.818s] Level 5:colcon.colcon_core.verb:set package 'my_cpp_pkg' build argument 'cmake_target' from command line to 'None'
[0.818s] Level 5:colcon.colcon_core.verb:set package 'my_cpp_pkg' build argument 'cmake_target_skip_unavailable' from command line to 'False'
[0.818s] Level 5:colcon.colcon_core.verb:set package 'my_cpp_pkg' build argument 'cmake_clean_cache' from command line to 'False'
[0.818s] Level 5:colcon.colcon_core.verb:set package 'my_cpp_pkg' build argument 'cmake_clean_first' from command line to 'False'
[0.819s] Level 5:colcon.colcon_core.verb:set package 'my_cpp_pkg' build argument 'cmake_force_configure' from command line to 'False'
[0.819s] Level 5:colcon.colcon_core.verb:set package 'my_cpp_pkg' build argument 'ament_cmake_args' from command line to 'None'
[0.819s] Level 5:colcon.colcon_core.verb:set package 'my_cpp_pkg' build argument 'catkin_cmake_args' from command line to 'None'
[0.819s] Level 5:colcon.colcon_core.verb:set package 'my_cpp_pkg' build argument 'catkin_skip_building_tests' from command line to 'False'
[0.819s] DEBUG:colcon.colcon_core.verb:Building package 'my_cpp_pkg' with the following arguments: {'ament_cmake_args': None, 'build_base': '/home/azraa/ros2_ws/build/my_cpp_pkg', 'catkin_cmake_args': None, 'catkin_skip_building_tests': False, 'cmake_args': None, 'cmake_clean_cache': False, 'cmake_clean_first': False, 'cmake_force_configure': False, 'cmake_target': None, 'cmake_target_skip_unavailable': False, 'install_base': '/home/azraa/ros2_ws/install/my_cpp_pkg', 'merge_install': False, 'path': '/home/azraa/ros2_ws/src/my_cpp_pkg', 'symlink_install': False, 'test_result_base': None}
[0.820s] Level 5:colcon.colcon_core.verb:set package 'my_robot_bringup' build argument 'cmake_args' from command line to 'None'
[0.820s] Level 5:colcon.colcon_core.verb:set package 'my_robot_bringup' build argument 'cmake_target' from command line to 'None'
[0.820s] Level 5:colcon.colcon_core.verb:set package 'my_robot_bringup' build argument 'cmake_target_skip_unavailable' from command line to 'False'
[0.820s] Level 5:colcon.colcon_core.verb:set package 'my_robot_bringup' build argument 'cmake_clean_cache' from command line to 'False'
[0.820s] Level 5:colcon.colcon_core.verb:set package 'my_robot_bringup' build argument 'cmake_clean_first' from command line to 'False'
[0.820s] Level 5:colcon.colcon_core.verb:set package 'my_robot_bringup' build argument 'cmake_force_configure' from command line to 'False'
[0.820s] Level 5:colcon.colcon_core.verb:set package 'my_robot_bringup' build argument 'ament_cmake_args' from command line to 'None'
[0.820s] Level 5:colcon.colcon_core.verb:set package 'my_robot_bringup' build argument 'catkin_cmake_args' from command line to 'None'
[0.820s] Level 5:colcon.colcon_core.verb:set package 'my_robot_bringup' build argument 'catkin_skip_building_tests' from command line to 'False'
[0.821s] DEBUG:colcon.colcon_core.verb:Building package 'my_robot_bringup' with the following arguments: {'ament_cmake_args': None, 'build_base': '/home/azraa/ros2_ws/build/my_robot_bringup', 'catkin_cmake_args': None, 'catkin_skip_building_tests': False, 'cmake_args': None, 'cmake_clean_cache': False, 'cmake_clean_first': False, 'cmake_force_configure': False, 'cmake_target': None, 'cmake_target_skip_unavailable': False, 'install_base': '/home/azraa/ros2_ws/install/my_robot_bringup', 'merge_install': False, 'path': '/home/azraa/ros2_ws/src/my_robot_bringup', 'symlink_install': False, 'test_result_base': None}
[0.822s] INFO:colcon.colcon_core.executor:Executing jobs using 'parallel' executor
[0.828s] DEBUG:colcon.colcon_parallel_executor.executor.parallel:run_until_complete
[0.828s] INFO:colcon.colcon_ros.task.ament_cmake.build:Building ROS package in '/home/azraa/ros2_ws/src/my_robot_interfaces' with build type 'ament_cmake'
[0.829s] INFO:colcon.colcon_cmake.task.cmake.build:Building CMake package in '/home/azraa/ros2_ws/src/my_robot_interfaces'
[0.838s] INFO:colcon.colcon_core.plugin_system:Skipping extension 'colcon_core.shell.bat': Not used on non-Windows systems
[0.838s] INFO:colcon.colcon_core.shell:Skip shell extension 'powershell' for command environment: Not usable outside of PowerShell
[0.838s] DEBUG:colcon.colcon_core.shell:Skip shell extension 'dsv' for command environment
[0.848s] INFO:colcon.colcon_core.task.python.build:Building Python package in '/home/azraa/ros2_ws/src/my_py_pkg'
[0.850s] INFO:colcon.colcon_core.shell:Skip shell extension 'powershell' for command environment: Not usable outside of PowerShell
[0.850s] DEBUG:colcon.colcon_core.shell:Skip shell extension 'dsv' for command environment
[0.868s] DEBUG:colcon.colcon_core.event_handler.log_command:Invoking command in '/home/azraa/ros2_ws/build/my_robot_interfaces': CMAKE_PREFIX_PATH=${CMAKE_PREFIX_PATH}:/opt/ros/foxy /usr/bin/cmake --build /home/azraa/ros2_ws/build/my_robot_interfaces -- -j4 -l4
[1.206s] DEBUG:colcon.colcon_core.event_handler.log_command:Invoked command in '/home/azraa/ros2_ws/build/my_robot_interfaces' returned '0': CMAKE_PREFIX_PATH=${CMAKE_PREFIX_PATH}:/opt/ros/foxy /usr/bin/cmake --build /home/azraa/ros2_ws/build/my_robot_interfaces -- -j4 -l4
[1.333s] DEBUG:colcon.colcon_core.event_handler.log_command:Invoking command in '/home/azraa/ros2_ws/build/my_robot_interfaces': CMAKE_PREFIX_PATH=${CMAKE_PREFIX_PATH}:/opt/ros/foxy /usr/bin/cmake --install /home/azraa/ros2_ws/build/my_robot_interfaces
[1.466s] Level 1:colcon.colcon_core.environment:create_environment_scripts_only(my_robot_interfaces)
[1.468s] DEBUG:colcon.colcon_core.event_handler.log_command:Invoked command in '/home/azraa/ros2_ws/build/my_robot_interfaces' returned '0': CMAKE_PREFIX_PATH=${CMAKE_PREFIX_PATH}:/opt/ros/foxy /usr/bin/cmake --install /home/azraa/ros2_ws/build/my_robot_interfaces
[1.478s] Level 1:colcon.colcon_core.environment:checking '/home/azraa/ros2_ws/install/my_robot_interfaces' for CMake module files
[1.479s] Level 1:colcon.colcon_core.environment:checking '/home/azraa/ros2_ws/install/my_robot_interfaces' for CMake config files
[1.480s] Level 1:colcon.colcon_core.shell:create_environment_hook('my_robot_interfaces', 'cmake_prefix_path')
[1.483s] INFO:colcon.colcon_core.shell:Creating environment hook '/home/azraa/ros2_ws/install/my_robot_interfaces/share/my_robot_interfaces/hook/cmake_prefix_path.ps1'
[1.484s] INFO:colcon.colcon_core.shell:Creating environment descriptor '/home/azraa/ros2_ws/install/my_robot_interfaces/share/my_robot_interfaces/hook/cmake_prefix_path.dsv'
[1.485s] INFO:colcon.colcon_core.shell:Creating environment hook '/home/azraa/ros2_ws/install/my_robot_interfaces/share/my_robot_interfaces/hook/cmake_prefix_path.sh'
[1.486s] Level 1:colcon.colcon_core.environment:checking '/home/azraa/ros2_ws/install/my_robot_interfaces/lib'
[1.487s] Level 1:colcon.colcon_core.shell:create_environment_hook('my_robot_interfaces', 'ld_library_path_lib')
[1.489s] INFO:colcon.colcon_core.shell:Creating environment hook '/home/azraa/ros2_ws/install/my_robot_interfaces/share/my_robot_interfaces/hook/ld_library_path_lib.ps1'
[1.489s] INFO:colcon.colcon_core.shell:Creating environment descriptor '/home/azraa/ros2_ws/install/my_robot_interfaces/share/my_robot_interfaces/hook/ld_library_path_lib.dsv'
[1.489s] INFO:colcon.colcon_core.shell:Creating environment hook '/home/azraa/ros2_ws/install/my_robot_interfaces/share/my_robot_interfaces/hook/ld_library_path_lib.sh'
[1.490s] Level 1:colcon.colcon_core.environment:checking '/home/azraa/ros2_ws/install/my_robot_interfaces/bin'
[1.490s] Level 1:colcon.colcon_core.environment:checking '/home/azraa/ros2_ws/install/my_robot_interfaces/lib/pkgconfig/my_robot_interfaces.pc'
[1.490s] Level 1:colcon.colcon_core.environment:checking '/home/azraa/ros2_ws/install/my_robot_interfaces/lib/python3.8/site-packages'
[1.490s] Level 1:colcon.colcon_core.shell:create_environment_hook('my_robot_interfaces', 'pythonpath')
[1.492s] INFO:colcon.colcon_core.shell:Creating environment hook '/home/azraa/ros2_ws/install/my_robot_interfaces/share/my_robot_interfaces/hook/pythonpath.ps1'
[1.493s] INFO:colcon.colcon_core.shell:Creating environment descriptor '/home/azraa/ros2_ws/install/my_robot_interfaces/share/my_robot_interfaces/hook/pythonpath.dsv'
[1.493s] INFO:colcon.colcon_core.shell:Creating environment hook '/home/azraa/ros2_ws/install/my_robot_interfaces/share/my_robot_interfaces/hook/pythonpath.sh'
[1.494s] Level 1:colcon.colcon_core.environment:checking '/home/azraa/ros2_ws/install/my_robot_interfaces/bin'
[1.496s] INFO:colcon.colcon_core.shell:Creating package script '/home/azraa/ros2_ws/install/my_robot_interfaces/share/my_robot_interfaces/package.ps1'
[1.497s] INFO:colcon.colcon_core.shell:Creating package descriptor '/home/azraa/ros2_ws/install/my_robot_interfaces/share/my_robot_interfaces/package.dsv'
[1.498s] INFO:colcon.colcon_core.shell:Creating package script '/home/azraa/ros2_ws/install/my_robot_interfaces/share/my_robot_interfaces/package.sh'
[1.500s] INFO:colcon.colcon_core.shell:Creating package script '/home/azraa/ros2_ws/install/my_robot_interfaces/share/my_robot_interfaces/package.bash'
[1.501s] INFO:colcon.colcon_core.shell:Creating package script '/home/azraa/ros2_ws/install/my_robot_interfaces/share/my_robot_interfaces/package.zsh'
[1.502s] Level 1:colcon.colcon_core.environment:create_file_with_runtime_dependencies(/home/azraa/ros2_ws/install/my_robot_interfaces/share/colcon-core/packages/my_robot_interfaces)
[1.616s] Level 1:colcon.colcon_core.environment:create_environment_scripts_only(my_robot_interfaces)
[1.619s] Level 1:colcon.colcon_core.environment:checking '/home/azraa/ros2_ws/install/my_robot_interfaces' for CMake module files
[1.620s] Level 1:colcon.colcon_core.environment:checking '/home/azraa/ros2_ws/install/my_robot_interfaces' for CMake config files
[1.621s] Level 1:colcon.colcon_core.shell:create_environment_hook('my_robot_interfaces', 'cmake_prefix_path')
[1.623s] INFO:colcon.colcon_core.shell:Creating environment hook '/home/azraa/ros2_ws/install/my_robot_interfaces/share/my_robot_interfaces/hook/cmake_prefix_path.ps1'
[1.624s] INFO:colcon.colcon_core.shell:Creating environment descriptor '/home/azraa/ros2_ws/install/my_robot_interfaces/share/my_robot_interfaces/hook/cmake_prefix_path.dsv'
[1.624s] INFO:colcon.colcon_core.shell:Creating environment hook '/home/azraa/ros2_ws/install/my_robot_interfaces/share/my_robot_interfaces/hook/cmake_prefix_path.sh'
[1.625s] Level 1:colcon.colcon_core.environment:checking '/home/azraa/ros2_ws/install/my_robot_interfaces/lib'
[1.625s] Level 1:colcon.colcon_core.shell:create_environment_hook('my_robot_interfaces', 'ld_library_path_lib')
[1.627s] INFO:colcon.colcon_core.shell:Creating environment hook '/home/azraa/ros2_ws/install/my_robot_interfaces/share/my_robot_interfaces/hook/ld_library_path_lib.ps1'
[1.628s] INFO:colcon.colcon_core.shell:Creating environment descriptor '/home/azraa/ros2_ws/install/my_robot_interfaces/share/my_robot_interfaces/hook/ld_library_path_lib.dsv'
[1.628s] INFO:colcon.colcon_core.shell:Creating environment hook '/home/azraa/ros2_ws/install/my_robot_interfaces/share/my_robot_interfaces/hook/ld_library_path_lib.sh'
[1.628s] Level 1:colcon.colcon_core.environment:checking '/home/azraa/ros2_ws/install/my_robot_interfaces/bin'
[1.629s] Level 1:colcon.colcon_core.environment:checking '/home/azraa/ros2_ws/install/my_robot_interfaces/lib/pkgconfig/my_robot_interfaces.pc'
[1.629s] Level 1:colcon.colcon_core.environment:checking '/home/azraa/ros2_ws/install/my_robot_interfaces/lib/python3.8/site-packages'
[1.629s] Level 1:colcon.colcon_core.shell:create_environment_hook('my_robot_interfaces', 'pythonpath')
[1.631s] INFO:colcon.colcon_core.shell:Creating environment hook '/home/azraa/ros2_ws/install/my_robot_interfaces/share/my_robot_interfaces/hook/pythonpath.ps1'
[1.632s] INFO:colcon.colcon_core.shell:Creating environment descriptor '/home/azraa/ros2_ws/install/my_robot_interfaces/share/my_robot_interfaces/hook/pythonpath.dsv'
[1.632s] INFO:colcon.colcon_core.shell:Creating environment hook '/home/azraa/ros2_ws/install/my_robot_interfaces/share/my_robot_interfaces/hook/pythonpath.sh'
[1.633s] Level 1:colcon.colcon_core.environment:checking '/home/azraa/ros2_ws/install/my_robot_interfaces/bin'
[1.635s] INFO:colcon.colcon_core.shell:Creating package script '/home/azraa/ros2_ws/install/my_robot_interfaces/share/my_robot_interfaces/package.ps1'
[1.636s] INFO:colcon.colcon_core.shell:Creating package descriptor '/home/azraa/ros2_ws/install/my_robot_interfaces/share/my_robot_interfaces/package.dsv'
[1.636s] INFO:colcon.colcon_core.shell:Creating package script '/home/azraa/ros2_ws/install/my_robot_interfaces/share/my_robot_interfaces/package.sh'
[1.637s] INFO:colcon.colcon_core.shell:Creating package script '/home/azraa/ros2_ws/install/my_robot_interfaces/share/my_robot_interfaces/package.bash'
[1.637s] INFO:colcon.colcon_core.shell:Creating package script '/home/azraa/ros2_ws/install/my_robot_interfaces/share/my_robot_interfaces/package.zsh'
[1.638s] Level 1:colcon.colcon_core.environment:create_file_with_runtime_dependencies(/home/azraa/ros2_ws/install/my_robot_interfaces/share/colcon-core/packages/my_robot_interfaces)
[1.639s] INFO:colcon.colcon_ros.task.ament_cmake.build:Building ROS package in '/home/azraa/ros2_ws/src/my_cpp_pkg' with build type 'ament_cmake'
[1.639s] INFO:colcon.colcon_cmake.task.cmake.build:Building CMake package in '/home/azraa/ros2_ws/src/my_cpp_pkg'
[1.641s] INFO:colcon.colcon_core.shell:Skip shell extension 'powershell' for command environment: Not usable outside of PowerShell
[1.641s] DEBUG:colcon.colcon_core.shell:Skip shell extension 'dsv' for command environment
[1.667s] DEBUG:colcon.colcon_core.event_handler.log_command:Invoking command in '/home/azraa/ros2_ws/build/my_cpp_pkg': CMAKE_PREFIX_PATH=/home/azraa/ros2_ws/install/my_robot_interfaces:/home/azraa/ros2_ws/install/my_robot_bringup:/home/azraa/ros2_ws/install/my_cpp_pkg:/opt/ros/foxy /usr/bin/cmake --build /home/azraa/ros2_ws/build/my_cpp_pkg -- -j4 -l4
[1.840s] DEBUG:colcon.colcon_core.event_handler.log_command:Invoked command in '/home/azraa/ros2_ws/build/my_cpp_pkg' returned '0': CMAKE_PREFIX_PATH=/home/azraa/ros2_ws/install/my_robot_interfaces:/home/azraa/ros2_ws/install/my_robot_bringup:/home/azraa/ros2_ws/install/my_cpp_pkg:/opt/ros/foxy /usr/bin/cmake --build /home/azraa/ros2_ws/build/my_cpp_pkg -- -j4 -l4
[1.850s] DEBUG:colcon.colcon_core.event_handler.log_command:Invoking command in '/home/azraa/ros2_ws/build/my_py_pkg': PYTHONPATH=/home/azraa/ros2_ws/install/my_py_pkg/lib/python3.8/site-packages:${PYTHONPATH} /usr/bin/python3 setup.py develop --prefix /home/azraa/ros2_ws/install/my_py_pkg --uninstall --editable --build-directory /home/azraa/ros2_ws/build/my_py_pkg/build
[1.887s] DEBUG:colcon.colcon_core.event_handler.log_command:Invoking command in '/home/azraa/ros2_ws/build/my_cpp_pkg': CMAKE_PREFIX_PATH=/home/azraa/ros2_ws/install/my_robot_interfaces:/home/azraa/ros2_ws/install/my_robot_bringup:/home/azraa/ros2_ws/install/my_cpp_pkg:/opt/ros/foxy /usr/bin/cmake --install /home/azraa/ros2_ws/build/my_cpp_pkg
[1.918s] Level 1:colcon.colcon_core.environment:create_environment_scripts_only(my_cpp_pkg)
[1.922s] Level 1:colcon.colcon_core.environment:checking '/home/azraa/ros2_ws/install/my_cpp_pkg' for CMake module files
[1.923s] DEBUG:colcon.colcon_core.event_handler.log_command:Invoked command in '/home/azraa/ros2_ws/build/my_cpp_pkg' returned '0': CMAKE_PREFIX_PATH=/home/azraa/ros2_ws/install/my_robot_interfaces:/home/azraa/ros2_ws/install/my_robot_bringup:/home/azraa/ros2_ws/install/my_cpp_pkg:/opt/ros/foxy /usr/bin/cmake --install /home/azraa/ros2_ws/build/my_cpp_pkg
[1.924s] Level 1:colcon.colcon_core.environment:checking '/home/azraa/ros2_ws/install/my_cpp_pkg' for CMake config files
[1.924s] Level 1:colcon.colcon_core.shell:create_environment_hook('my_cpp_pkg', 'cmake_prefix_path')
[1.926s] INFO:colcon.colcon_core.shell:Creating environment hook '/home/azraa/ros2_ws/install/my_cpp_pkg/share/my_cpp_pkg/hook/cmake_prefix_path.ps1'
[1.927s] INFO:colcon.colcon_core.shell:Creating environment descriptor '/home/azraa/ros2_ws/install/my_cpp_pkg/share/my_cpp_pkg/hook/cmake_prefix_path.dsv'
[1.927s] INFO:colcon.colcon_core.shell:Creating environment hook '/home/azraa/ros2_ws/install/my_cpp_pkg/share/my_cpp_pkg/hook/cmake_prefix_path.sh'
[1.928s] Level 1:colcon.colcon_core.environment:checking '/home/azraa/ros2_ws/install/my_cpp_pkg/lib'
[1.928s] Level 1:colcon.colcon_core.environment:checking '/home/azraa/ros2_ws/install/my_cpp_pkg/bin'
[1.928s] Level 1:colcon.colcon_core.environment:checking '/home/azraa/ros2_ws/install/my_cpp_pkg/lib/pkgconfig/my_cpp_pkg.pc'
[1.928s] Level 1:colcon.colcon_core.environment:checking '/home/azraa/ros2_ws/install/my_cpp_pkg/lib/python3.8/site-packages'
[1.929s] Level 1:colcon.colcon_core.environment:checking '/home/azraa/ros2_ws/install/my_cpp_pkg/bin'
[1.931s] INFO:colcon.colcon_core.shell:Creating package script '/home/azraa/ros2_ws/install/my_cpp_pkg/share/my_cpp_pkg/package.ps1'
[1.932s] INFO:colcon.colcon_core.shell:Creating package descriptor '/home/azraa/ros2_ws/install/my_cpp_pkg/share/my_cpp_pkg/package.dsv'
[1.932s] INFO:colcon.colcon_core.shell:Creating package script '/home/azraa/ros2_ws/install/my_cpp_pkg/share/my_cpp_pkg/package.sh'
[1.933s] INFO:colcon.colcon_core.shell:Creating package script '/home/azraa/ros2_ws/install/my_cpp_pkg/share/my_cpp_pkg/package.bash'
[1.933s] INFO:colcon.colcon_core.shell:Creating package script '/home/azraa/ros2_ws/install/my_cpp_pkg/share/my_cpp_pkg/package.zsh'
[1.934s] Level 1:colcon.colcon_core.environment:create_file_with_runtime_dependencies(/home/azraa/ros2_ws/install/my_cpp_pkg/share/colcon-core/packages/my_cpp_pkg)
[1.980s] Level 1:colcon.colcon_core.environment:create_environment_scripts_only(my_cpp_pkg)
[1.983s] Level 1:colcon.colcon_core.environment:checking '/home/azraa/ros2_ws/install/my_cpp_pkg' for CMake module files
[1.984s] Level 1:colcon.colcon_core.environment:checking '/home/azraa/ros2_ws/install/my_cpp_pkg' for CMake config files
[1.984s] Level 1:colcon.colcon_core.shell:create_environment_hook('my_cpp_pkg', 'cmake_prefix_path')
[1.986s] INFO:colcon.colcon_core.shell:Creating environment hook '/home/azraa/ros2_ws/install/my_cpp_pkg/share/my_cpp_pkg/hook/cmake_prefix_path.ps1'
[1.987s] INFO:colcon.colcon_core.shell:Creating environment descriptor '/home/azraa/ros2_ws/install/my_cpp_pkg/share/my_cpp_pkg/hook/cmake_prefix_path.dsv'
[1.987s] INFO:colcon.colcon_core.shell:Creating environment hook '/home/azraa/ros2_ws/install/my_cpp_pkg/share/my_cpp_pkg/hook/cmake_prefix_path.sh'
[1.988s] Level 1:colcon.colcon_core.environment:checking '/home/azraa/ros2_ws/install/my_cpp_pkg/lib'
[1.988s] Level 1:colcon.colcon_core.environment:checking '/home/azraa/ros2_ws/install/my_cpp_pkg/bin'
[1.988s] Level 1:colcon.colcon_core.environment:checking '/home/azraa/ros2_ws/install/my_cpp_pkg/lib/pkgconfig/my_cpp_pkg.pc'
[1.989s] Level 1:colcon.colcon_core.environment:checking '/home/azraa/ros2_ws/install/my_cpp_pkg/lib/python3.8/site-packages'
[1.989s] Level 1:colcon.colcon_core.environment:checking '/home/azraa/ros2_ws/install/my_cpp_pkg/bin'
[1.991s] INFO:colcon.colcon_core.shell:Creating package script '/home/azraa/ros2_ws/install/my_cpp_pkg/share/my_cpp_pkg/package.ps1'
[1.992s] INFO:colcon.colcon_core.shell:Creating package descriptor '/home/azraa/ros2_ws/install/my_cpp_pkg/share/my_cpp_pkg/package.dsv'
[1.992s] INFO:colcon.colcon_core.shell:Creating package script '/home/azraa/ros2_ws/install/my_cpp_pkg/share/my_cpp_pkg/package.sh'
[1.993s] INFO:colcon.colcon_core.shell:Creating package script '/home/azraa/ros2_ws/install/my_cpp_pkg/share/my_cpp_pkg/package.bash'
[1.993s] INFO:colcon.colcon_core.shell:Creating package script '/home/azraa/ros2_ws/install/my_cpp_pkg/share/my_cpp_pkg/package.zsh'
[1.994s] Level 1:colcon.colcon_core.environment:create_file_with_runtime_dependencies(/home/azraa/ros2_ws/install/my_cpp_pkg/share/colcon-core/packages/my_cpp_pkg)
[2.371s] DEBUG:colcon.colcon_core.event_handler.log_command:Invoked command in '/home/azraa/ros2_ws/build/my_py_pkg' returned '0': PYTHONPATH=/home/azraa/ros2_ws/install/my_py_pkg/lib/python3.8/site-packages:${PYTHONPATH} /usr/bin/python3 setup.py develop --prefix /home/azraa/ros2_ws/install/my_py_pkg --uninstall --editable --build-directory /home/azraa/ros2_ws/build/my_py_pkg/build
[2.375s] DEBUG:colcon.colcon_core.event_handler.log_command:Invoking command in '/home/azraa/ros2_ws/src/my_py_pkg': PYTHONPATH=/home/azraa/ros2_ws/install/my_py_pkg/lib/python3.8/site-packages:${PYTHONPATH} /usr/bin/python3 setup.py egg_info --egg-base ../../build/my_py_pkg build --build-base /home/azraa/ros2_ws/build/my_py_pkg/build install --prefix /home/azraa/ros2_ws/install/my_py_pkg --record /home/azraa/ros2_ws/build/my_py_pkg/install.log --single-version-externally-managed
[2.791s] Level 1:colcon.colcon_core.environment:checking '/home/azraa/ros2_ws/install/my_py_pkg' for CMake module files
[2.793s] DEBUG:colcon.colcon_core.event_handler.log_command:Invoked command in '/home/azraa/ros2_ws/src/my_py_pkg' returned '0': PYTHONPATH=/home/azraa/ros2_ws/install/my_py_pkg/lib/python3.8/site-packages:${PYTHONPATH} /usr/bin/python3 setup.py egg_info --egg-base ../../build/my_py_pkg build --build-base /home/azraa/ros2_ws/build/my_py_pkg/build install --prefix /home/azraa/ros2_ws/install/my_py_pkg --record /home/azraa/ros2_ws/build/my_py_pkg/install.log --single-version-externally-managed
[2.793s] Level 1:colcon.colcon_core.environment:checking '/home/azraa/ros2_ws/install/my_py_pkg' for CMake config files
[2.794s] Level 1:colcon.colcon_core.environment:checking '/home/azraa/ros2_ws/install/my_py_pkg/lib'
[2.794s] Level 1:colcon.colcon_core.environment:checking '/home/azraa/ros2_ws/install/my_py_pkg/bin'
[2.794s] Level 1:colcon.colcon_core.environment:checking '/home/azraa/ros2_ws/install/my_py_pkg/lib/pkgconfig/my_py_pkg.pc'
[2.794s] Level 1:colcon.colcon_core.environment:checking '/home/azraa/ros2_ws/install/my_py_pkg/lib/python3.8/site-packages'
[2.794s] Level 1:colcon.colcon_core.shell:create_environment_hook('my_py_pkg', 'pythonpath')
[2.797s] INFO:colcon.colcon_core.shell:Creating environment hook '/home/azraa/ros2_ws/install/my_py_pkg/share/my_py_pkg/hook/pythonpath.ps1'
[2.797s] INFO:colcon.colcon_core.shell:Creating environment descriptor '/home/azraa/ros2_ws/install/my_py_pkg/share/my_py_pkg/hook/pythonpath.dsv'
[2.798s] INFO:colcon.colcon_core.shell:Creating environment hook '/home/azraa/ros2_ws/install/my_py_pkg/share/my_py_pkg/hook/pythonpath.sh'
[2.798s] Level 1:colcon.colcon_core.environment:checking '/home/azraa/ros2_ws/install/my_py_pkg/bin'
[2.798s] Level 1:colcon.colcon_core.environment:create_environment_scripts_only(my_py_pkg)
[2.801s] INFO:colcon.colcon_core.shell:Creating package script '/home/azraa/ros2_ws/install/my_py_pkg/share/my_py_pkg/package.ps1'
[2.801s] INFO:colcon.colcon_core.shell:Creating package descriptor '/home/azraa/ros2_ws/install/my_py_pkg/share/my_py_pkg/package.dsv'
[2.802s] INFO:colcon.colcon_core.shell:Creating package script '/home/azraa/ros2_ws/install/my_py_pkg/share/my_py_pkg/package.sh'
[2.802s] INFO:colcon.colcon_core.shell:Creating package script '/home/azraa/ros2_ws/install/my_py_pkg/share/my_py_pkg/package.bash'
[2.802s] INFO:colcon.colcon_core.shell:Creating package script '/home/azraa/ros2_ws/install/my_py_pkg/share/my_py_pkg/package.zsh'
[2.803s] Level 1:colcon.colcon_core.environment:create_file_with_runtime_dependencies(/home/azraa/ros2_ws/install/my_py_pkg/share/colcon-core/packages/my_py_pkg)
[2.804s] INFO:colcon.colcon_ros.task.ament_cmake.build:Building ROS package in '/home/azraa/ros2_ws/src/my_robot_bringup' with build type 'ament_cmake'
[2.804s] INFO:colcon.colcon_cmake.task.cmake.build:Building CMake package in '/home/azraa/ros2_ws/src/my_robot_bringup'
[2.806s] INFO:colcon.colcon_core.shell:Skip shell extension 'powershell' for command environment: Not usable outside of PowerShell
[2.806s] DEBUG:colcon.colcon_core.shell:Skip shell extension 'dsv' for command environment
[2.826s] DEBUG:colcon.colcon_core.event_handler.log_command:Invoking command in '/home/azraa/ros2_ws/build/my_robot_bringup': CMAKE_PREFIX_PATH=/home/azraa/ros2_ws/install/my_cpp_pkg:/home/azraa/ros2_ws/install/my_robot_interfaces:/home/azraa/ros2_ws/install/my_robot_bringup:/opt/ros/foxy /usr/bin/cmake --build /home/azraa/ros2_ws/build/my_robot_bringup -- -j4 -l4
[2.883s] DEBUG:colcon.colcon_core.event_handler.log_command:Invoked command in '/home/azraa/ros2_ws/build/my_robot_bringup' returned '0': CMAKE_PREFIX_PATH=/home/azraa/ros2_ws/install/my_cpp_pkg:/home/azraa/ros2_ws/install/my_robot_interfaces:/home/azraa/ros2_ws/install/my_robot_bringup:/opt/ros/foxy /usr/bin/cmake --build /home/azraa/ros2_ws/build/my_robot_bringup -- -j4 -l4
[2.909s] DEBUG:colcon.colcon_core.event_handler.log_command:Invoking command in '/home/azraa/ros2_ws/build/my_robot_bringup': CMAKE_PREFIX_PATH=/home/azraa/ros2_ws/install/my_cpp_pkg:/home/azraa/ros2_ws/install/my_robot_interfaces:/home/azraa/ros2_ws/install/my_robot_bringup:/opt/ros/foxy /usr/bin/cmake --install /home/azraa/ros2_ws/build/my_robot_bringup
[2.962s] Level 1:colcon.colcon_core.environment:create_environment_scripts_only(my_robot_bringup)
[2.966s] Level 1:colcon.colcon_core.environment:checking '/home/azraa/ros2_ws/install/my_robot_bringup' for CMake module files
[2.967s] DEBUG:colcon.colcon_core.event_handler.log_command:Invoked command in '/home/azraa/ros2_ws/build/my_robot_bringup' returned '0': CMAKE_PREFIX_PATH=/home/azraa/ros2_ws/install/my_cpp_pkg:/home/azraa/ros2_ws/install/my_robot_interfaces:/home/azraa/ros2_ws/install/my_robot_bringup:/opt/ros/foxy /usr/bin/cmake --install /home/azraa/ros2_ws/build/my_robot_bringup
[2.967s] Level 1:colcon.colcon_core.environment:checking '/home/azraa/ros2_ws/install/my_robot_bringup' for CMake config files
[2.969s] Level 1:colcon.colcon_core.shell:create_environment_hook('my_robot_bringup', 'cmake_prefix_path')
[2.971s] INFO:colcon.colcon_core.shell:Creating environment hook '/home/azraa/ros2_ws/install/my_robot_bringup/share/my_robot_bringup/hook/cmake_prefix_path.ps1'
[2.972s] INFO:colcon.colcon_core.shell:Creating environment descriptor '/home/azraa/ros2_ws/install/my_robot_bringup/share/my_robot_bringup/hook/cmake_prefix_path.dsv'
[2.972s] INFO:colcon.colcon_core.shell:Creating environment hook '/home/azraa/ros2_ws/install/my_robot_bringup/share/my_robot_bringup/hook/cmake_prefix_path.sh'
[2.973s] Level 1:colcon.colcon_core.environment:checking '/home/azraa/ros2_ws/install/my_robot_bringup/bin'
[2.973s] Level 1:colcon.colcon_core.environment:checking '/home/azraa/ros2_ws/install/my_robot_bringup/lib/pkgconfig/my_robot_bringup.pc'
[2.973s] Level 1:colcon.colcon_core.environment:checking '/home/azraa/ros2_ws/install/my_robot_bringup/lib/python3.8/site-packages'
[2.974s] Level 1:colcon.colcon_core.environment:checking '/home/azraa/ros2_ws/install/my_robot_bringup/bin'
[2.976s] INFO:colcon.colcon_core.shell:Creating package script '/home/azraa/ros2_ws/install/my_robot_bringup/share/my_robot_bringup/package.ps1'
[2.976s] INFO:colcon.colcon_core.shell:Creating package descriptor '/home/azraa/ros2_ws/install/my_robot_bringup/share/my_robot_bringup/package.dsv'
[2.977s] INFO:colcon.colcon_core.shell:Creating package script '/home/azraa/ros2_ws/install/my_robot_bringup/share/my_robot_bringup/package.sh'
[2.977s] INFO:colcon.colcon_core.shell:Creating package script '/home/azraa/ros2_ws/install/my_robot_bringup/share/my_robot_bringup/package.bash'
[2.978s] INFO:colcon.colcon_core.shell:Creating package script '/home/azraa/ros2_ws/install/my_robot_bringup/share/my_robot_bringup/package.zsh'
[2.978s] Level 1:colcon.colcon_core.environment:create_file_with_runtime_dependencies(/home/azraa/ros2_ws/install/my_robot_bringup/share/colcon-core/packages/my_robot_bringup)
[3.004s] Level 1:colcon.colcon_core.environment:create_environment_scripts_only(my_robot_bringup)
[3.007s] Level 1:colcon.colcon_core.environment:checking '/home/azraa/ros2_ws/install/my_robot_bringup' for CMake module files
[3.008s] Level 1:colcon.colcon_core.environment:checking '/home/azraa/ros2_ws/install/my_robot_bringup' for CMake config files
[3.008s] Level 1:colcon.colcon_core.shell:create_environment_hook('my_robot_bringup', 'cmake_prefix_path')
[3.010s] INFO:colcon.colcon_core.shell:Creating environment hook '/home/azraa/ros2_ws/install/my_robot_bringup/share/my_robot_bringup/hook/cmake_prefix_path.ps1'
[3.011s] INFO:colcon.colcon_core.shell:Creating environment descriptor '/home/azraa/ros2_ws/install/my_robot_bringup/share/my_robot_bringup/hook/cmake_prefix_path.dsv'
[3.011s] INFO:colcon.colcon_core.shell:Creating environment hook '/home/azraa/ros2_ws/install/my_robot_bringup/share/my_robot_bringup/hook/cmake_prefix_path.sh'
[3.012s] Level 1:colcon.colcon_core.environment:checking '/home/azraa/ros2_ws/install/my_robot_bringup/bin'
[3.012s] Level 1:colcon.colcon_core.environment:checking '/home/azraa/ros2_ws/install/my_robot_bringup/lib/pkgconfig/my_robot_bringup.pc'
[3.013s] Level 1:colcon.colcon_core.environment:checking '/home/azraa/ros2_ws/install/my_robot_bringup/lib/python3.8/site-packages'
[3.013s] Level 1:colcon.colcon_core.environment:checking '/home/azraa/ros2_ws/install/my_robot_bringup/bin'
[3.015s] INFO:colcon.colcon_core.shell:Creating package script '/home/azraa/ros2_ws/install/my_robot_bringup/share/my_robot_bringup/package.ps1'
[3.016s] INFO:colcon.colcon_core.shell:Creating package descriptor '/home/azraa/ros2_ws/install/my_robot_bringup/share/my_robot_bringup/package.dsv'
[3.016s] INFO:colcon.colcon_core.shell:Creating package script '/home/azraa/ros2_ws/install/my_robot_bringup/share/my_robot_bringup/package.sh'
[3.017s] INFO:colcon.colcon_core.shell:Creating package script '/home/azraa/ros2_ws/install/my_robot_bringup/share/my_robot_bringup/package.bash'
[3.017s] INFO:colcon.colcon_core.shell:Creating package script '/home/azraa/ros2_ws/install/my_robot_bringup/share/my_robot_bringup/package.zsh'
[3.018s] Level 1:colcon.colcon_core.environment:create_file_with_runtime_dependencies(/home/azraa/ros2_ws/install/my_robot_bringup/share/colcon-core/packages/my_robot_bringup)
[3.018s] DEBUG:colcon.colcon_parallel_executor.executor.parallel:closing loop
[3.018s] DEBUG:colcon.colcon_parallel_executor.executor.parallel:loop closed
[3.018s] DEBUG:colcon.colcon_parallel_executor.executor.parallel:run_until_complete finished with '0'
[3.018s] DEBUG:colcon.colcon_core.event_reactor:joining thread
[3.031s] INFO:colcon.colcon_core.plugin_system:Skipping extension 'colcon_notification.desktop_notification.terminal_notifier': Not used on non-Darwin systems
[3.031s] INFO:colcon.colcon_core.plugin_system:Skipping extension 'colcon_notification.desktop_notification.win32': Not used on non-Windows systems
[3.031s] INFO:colcon.colcon_notification.desktop_notification:Sending desktop notification using 'notify2'
[3.055s] DEBUG:colcon.colcon_core.event_reactor:joined thread
[3.057s] INFO:colcon.colcon_core.shell:Creating prefix script '/home/azraa/ros2_ws/install/local_setup.ps1'
[3.059s] INFO:colcon.colcon_core.shell:Creating prefix util module '/home/azraa/ros2_ws/install/_local_setup_util_ps1.py'
[3.062s] INFO:colcon.colcon_core.shell:Creating prefix chain script '/home/azraa/ros2_ws/install/setup.ps1'
[3.069s] INFO:colcon.colcon_core.shell:Creating prefix script '/home/azraa/ros2_ws/install/local_setup.sh'
[3.070s] INFO:colcon.colcon_core.shell:Creating prefix util module '/home/azraa/ros2_ws/install/_local_setup_util_sh.py'
[3.071s] INFO:colcon.colcon_core.shell:Creating prefix chain script '/home/azraa/ros2_ws/install/setup.sh'
[3.074s] INFO:colcon.colcon_core.shell:Creating prefix script '/home/azraa/ros2_ws/install/local_setup.bash'
[3.075s] INFO:colcon.colcon_core.shell:Creating prefix chain script '/home/azraa/ros2_ws/install/setup.bash'
[3.077s] INFO:colcon.colcon_core.shell:Creating prefix script '/home/azraa/ros2_ws/install/local_setup.zsh'
[3.079s] INFO:colcon.colcon_core.shell:Creating prefix chain script '/home/azraa/ros2_ws/install/setup.zsh'
