[1.987s] Invoking command in '/home/azraa/ros2_ws/build/my_py_pkg': PYTHONPATH=/home/azraa/ros2_ws/install/my_py_pkg/lib/python3.8/site-packages:${PYTHONPATH} /usr/bin/python3 setup.py develop --prefix /home/azraa/ros2_ws/install/my_py_pkg --uninstall --editable --build-directory /home/azraa/ros2_ws/build/my_py_pkg/build
[2.579s] running develop
[2.935s] Invoked command in '/home/azraa/ros2_ws/build/my_py_pkg' returned '0': PYTHONPATH=/home/azraa/ros2_ws/install/my_py_pkg/lib/python3.8/site-packages:${PYTHONPATH} /usr/bin/python3 setup.py develop --prefix /home/azraa/ros2_ws/install/my_py_pkg --uninstall --editable --build-directory /home/azraa/ros2_ws/build/my_py_pkg/build
[2.937s] Invoking command in '/home/azraa/ros2_ws/src/my_py_pkg': PYTHONPATH=/home/azraa/ros2_ws/install/my_py_pkg/lib/python3.8/site-packages:${PYTHONPATH} /usr/bin/python3 setup.py egg_info --egg-base ../../build/my_py_pkg build --build-base /home/azraa/ros2_ws/build/my_py_pkg/build install --prefix /home/azraa/ros2_ws/install/my_py_pkg --record /home/azraa/ros2_ws/build/my_py_pkg/install.log --single-version-externally-managed
[3.408s] running egg_info
[3.408s] writing ../../build/my_py_pkg/my_py_pkg.egg-info/PKG-INFO
[3.411s] writing dependency_links to ../../build/my_py_pkg/my_py_pkg.egg-info/dependency_links.txt
[3.412s] writing entry points to ../../build/my_py_pkg/my_py_pkg.egg-info/entry_points.txt
[3.412s] writing requirements to ../../build/my_py_pkg/my_py_pkg.egg-info/requires.txt
[3.412s] writing top-level names to ../../build/my_py_pkg/my_py_pkg.egg-info/top_level.txt
[3.500s] reading manifest file '../../build/my_py_pkg/my_py_pkg.egg-info/SOURCES.txt'
[3.503s] writing manifest file '../../build/my_py_pkg/my_py_pkg.egg-info/SOURCES.txt'
[3.503s] running build
[3.503s] running build_py
[3.505s] running install
[3.507s] running install_lib
[3.510s] running install_data
[3.511s] running install_egg_info
[3.514s] removing '/home/azraa/ros2_ws/install/my_py_pkg/lib/python3.8/site-packages/my_py_pkg-0.0.0-py3.8.egg-info' (and everything under it)
[3.514s] Copying ../../build/my_py_pkg/my_py_pkg.egg-info to /home/azraa/ros2_ws/install/my_py_pkg/lib/python3.8/site-packages/my_py_pkg-0.0.0-py3.8.egg-info
[3.516s] running install_scripts
[3.547s] Installing add_two_ints_client script to /home/azraa/ros2_ws/install/my_py_pkg/lib/my_py_pkg
[3.548s] Installing add_two_ints_client_no_oop script to /home/azraa/ros2_ws/install/my_py_pkg/lib/my_py_pkg
[3.548s] Installing add_two_ints_server script to /home/azraa/ros2_ws/install/my_py_pkg/lib/my_py_pkg
[3.548s] Installing battery script to /home/azraa/ros2_ws/install/my_py_pkg/lib/my_py_pkg
[3.549s] Installing hw_status_publisher script to /home/azraa/ros2_ws/install/my_py_pkg/lib/my_py_pkg
[3.549s] Installing image_subscriber script to /home/azraa/ros2_ws/install/my_py_pkg/lib/my_py_pkg
[3.549s] Installing image_subscriber_rt script to /home/azraa/ros2_ws/install/my_py_pkg/lib/my_py_pkg
[3.550s] Installing led_panel script to /home/azraa/ros2_ws/install/my_py_pkg/lib/my_py_pkg
[3.550s] Installing number_counter script to /home/azraa/ros2_ws/install/my_py_pkg/lib/my_py_pkg
[3.550s] Installing number_publisher script to /home/azraa/ros2_ws/install/my_py_pkg/lib/my_py_pkg
[3.551s] Installing py_node script to /home/azraa/ros2_ws/install/my_py_pkg/lib/my_py_pkg
[3.551s] Installing robot_news_station script to /home/azraa/ros2_ws/install/my_py_pkg/lib/my_py_pkg
[3.551s] Installing smartphone script to /home/azraa/ros2_ws/install/my_py_pkg/lib/my_py_pkg
[3.553s] writing list of installed files to '/home/azraa/ros2_ws/build/my_py_pkg/install.log'
[3.595s] Invoked command in '/home/azraa/ros2_ws/src/my_py_pkg' returned '0': PYTHONPATH=/home/azraa/ros2_ws/install/my_py_pkg/lib/python3.8/site-packages:${PYTHONPATH} /usr/bin/python3 setup.py egg_info --egg-base ../../build/my_py_pkg build --build-base /home/azraa/ros2_ws/build/my_py_pkg/build install --prefix /home/azraa/ros2_ws/install/my_py_pkg --record /home/azraa/ros2_ws/build/my_py_pkg/install.log --single-version-externally-managed
