[0.025s] Invoking command in '/home/azraa/ros2_ws/build/flir_lepton_ros2': CMAKE_PREFIX_PATH=/home/azraa/ros2_ws/install/ximea_ros2_cam:/home/azraa/ros2_ws/install/v4l2_camera:/home/azraa/ros2_ws/install/audio_common:/home/azraa/ros2_ws/install/sound_play:/home/azraa/ros2_ws/install/my_robot_bringup:/home/azraa/ros2_ws/install/my_cpp_pkg:/home/azraa/ros2_ws/install/my_robot_interfaces:/home/azraa/ros2_ws/install/bme280:/home/azraa/ros2_ws/install/m2s2_custom_interfaces:/home/azraa/ros2_ws/install/m2s2_bringup:/home/azraa/ros2_ws/install/gscam:/home/azraa/ros2_ws/install/flir_lepton_ros2:/home/azraa/ros2_ws/install/flir_lepton_msgs:/home/azraa/ros2_ws/install/audio_play:/home/azraa/ros2_ws/install/audio_capture:/home/azraa/ros2_ws/install/audio_common_msgs:/home/azraa/ros2_ws/install/m2s2_test_python:/home/azraa/ros2_ws/install/flir_lepton_purethermal2:/opt/ros/foxy:/opt/ros/noetic /usr/bin/cmake --build /home/azraa/ros2_ws/build/flir_lepton_ros2 -- -j4 -l4
[0.086s] [35m[1mScanning dependencies of target lepton_capture[0m
[0.139s] [ 50%] [32mBuilding CXX object CMakeFiles/lepton_capture.dir/src/lepton_capture.cpp.o[0m
[3.674s] [01m[K/home/azraa/ros2_ws/src/M2S2/flir_lepton_ros2/src/lepton_capture.cpp:[m[K In static member function ‘[01m[Kstatic gboolean lepton_capture::LeptonGstCapture::onMessage(GstBus*, GstMessage*, gpointer)[m[K’:
[3.674s] [01m[K/home/azraa/ros2_ws/src/M2S2/flir_lepton_ros2/src/lepton_capture.cpp:162:40:[m[K [01;35m[Kwarning: [m[Kunused parameter ‘[01m[Kbus[m[K’ [[01;35m[K-Wunused-parameter[m[K]
[3.674s]   162 |     static gboolean onMessage ([01;35m[KGstBus *bus[m[K, GstMessage *message, gpointer userData)
[3.674s]       |                                [01;35m[K~~~~~~~~^~~[m[K
[6.414s] [100%] [32m[1mLinking CXX executable lepton_capture[0m
[6.825s] [100%] Built target lepton_capture
[6.839s] Invoked command in '/home/azraa/ros2_ws/build/flir_lepton_ros2' returned '0': CMAKE_PREFIX_PATH=/home/azraa/ros2_ws/install/ximea_ros2_cam:/home/azraa/ros2_ws/install/v4l2_camera:/home/azraa/ros2_ws/install/audio_common:/home/azraa/ros2_ws/install/sound_play:/home/azraa/ros2_ws/install/my_robot_bringup:/home/azraa/ros2_ws/install/my_cpp_pkg:/home/azraa/ros2_ws/install/my_robot_interfaces:/home/azraa/ros2_ws/install/bme280:/home/azraa/ros2_ws/install/m2s2_custom_interfaces:/home/azraa/ros2_ws/install/m2s2_bringup:/home/azraa/ros2_ws/install/gscam:/home/azraa/ros2_ws/install/flir_lepton_ros2:/home/azraa/ros2_ws/install/flir_lepton_msgs:/home/azraa/ros2_ws/install/audio_play:/home/azraa/ros2_ws/install/audio_capture:/home/azraa/ros2_ws/install/audio_common_msgs:/home/azraa/ros2_ws/install/m2s2_test_python:/home/azraa/ros2_ws/install/flir_lepton_purethermal2:/opt/ros/foxy:/opt/ros/noetic /usr/bin/cmake --build /home/azraa/ros2_ws/build/flir_lepton_ros2 -- -j4 -l4
[6.892s] Invoking command in '/home/azraa/ros2_ws/build/flir_lepton_ros2': CMAKE_PREFIX_PATH=/home/azraa/ros2_ws/install/ximea_ros2_cam:/home/azraa/ros2_ws/install/v4l2_camera:/home/azraa/ros2_ws/install/audio_common:/home/azraa/ros2_ws/install/sound_play:/home/azraa/ros2_ws/install/my_robot_bringup:/home/azraa/ros2_ws/install/my_cpp_pkg:/home/azraa/ros2_ws/install/my_robot_interfaces:/home/azraa/ros2_ws/install/bme280:/home/azraa/ros2_ws/install/m2s2_custom_interfaces:/home/azraa/ros2_ws/install/m2s2_bringup:/home/azraa/ros2_ws/install/gscam:/home/azraa/ros2_ws/install/flir_lepton_ros2:/home/azraa/ros2_ws/install/flir_lepton_msgs:/home/azraa/ros2_ws/install/audio_play:/home/azraa/ros2_ws/install/audio_capture:/home/azraa/ros2_ws/install/audio_common_msgs:/home/azraa/ros2_ws/install/m2s2_test_python:/home/azraa/ros2_ws/install/flir_lepton_purethermal2:/opt/ros/foxy:/opt/ros/noetic /usr/bin/cmake --install /home/azraa/ros2_ws/build/flir_lepton_ros2
[6.906s] -- Install configuration: ""
[6.909s] -- Installing: /home/azraa/ros2_ws/install/flir_lepton_ros2/lib/flir_lepton_ros2/lepton_capture
[6.910s] -- Set runtime path of "/home/azraa/ros2_ws/install/flir_lepton_ros2/lib/flir_lepton_ros2/lepton_capture" to ""
[6.911s] -- Installing: /home/azraa/ros2_ws/install/flir_lepton_ros2/share/ament_index/resource_index/package_run_dependencies/flir_lepton_ros2
[6.912s] -- Installing: /home/azraa/ros2_ws/install/flir_lepton_ros2/share/ament_index/resource_index/parent_prefix_path/flir_lepton_ros2
[6.913s] -- Up-to-date: /home/azraa/ros2_ws/install/flir_lepton_ros2/share/flir_lepton_ros2/environment/ament_prefix_path.sh
[6.913s] -- Installing: /home/azraa/ros2_ws/install/flir_lepton_ros2/share/flir_lepton_ros2/environment/ament_prefix_path.dsv
[6.914s] -- Up-to-date: /home/azraa/ros2_ws/install/flir_lepton_ros2/share/flir_lepton_ros2/environment/path.sh
[6.914s] -- Installing: /home/azraa/ros2_ws/install/flir_lepton_ros2/share/flir_lepton_ros2/environment/path.dsv
[6.915s] -- Up-to-date: /home/azraa/ros2_ws/install/flir_lepton_ros2/share/flir_lepton_ros2/local_setup.bash
[6.915s] -- Up-to-date: /home/azraa/ros2_ws/install/flir_lepton_ros2/share/flir_lepton_ros2/local_setup.sh
[6.915s] -- Up-to-date: /home/azraa/ros2_ws/install/flir_lepton_ros2/share/flir_lepton_ros2/local_setup.zsh
[6.915s] -- Installing: /home/azraa/ros2_ws/install/flir_lepton_ros2/share/flir_lepton_ros2/local_setup.dsv
[6.915s] -- Installing: /home/azraa/ros2_ws/install/flir_lepton_ros2/share/flir_lepton_ros2/package.dsv
[6.916s] -- Up-to-date: /home/azraa/ros2_ws/install/flir_lepton_ros2/share/ament_index/resource_index/packages/flir_lepton_ros2
[6.916s] -- Up-to-date: /home/azraa/ros2_ws/install/flir_lepton_ros2/share/flir_lepton_ros2/cmake/flir_lepton_ros2Config.cmake
[6.916s] -- Up-to-date: /home/azraa/ros2_ws/install/flir_lepton_ros2/share/flir_lepton_ros2/cmake/flir_lepton_ros2Config-version.cmake
[6.916s] -- Installing: /home/azraa/ros2_ws/install/flir_lepton_ros2/share/flir_lepton_ros2/package.xml
[6.921s] Invoked command in '/home/azraa/ros2_ws/build/flir_lepton_ros2' returned '0': CMAKE_PREFIX_PATH=/home/azraa/ros2_ws/install/ximea_ros2_cam:/home/azraa/ros2_ws/install/v4l2_camera:/home/azraa/ros2_ws/install/audio_common:/home/azraa/ros2_ws/install/sound_play:/home/azraa/ros2_ws/install/my_robot_bringup:/home/azraa/ros2_ws/install/my_cpp_pkg:/home/azraa/ros2_ws/install/my_robot_interfaces:/home/azraa/ros2_ws/install/bme280:/home/azraa/ros2_ws/install/m2s2_custom_interfaces:/home/azraa/ros2_ws/install/m2s2_bringup:/home/azraa/ros2_ws/install/gscam:/home/azraa/ros2_ws/install/flir_lepton_ros2:/home/azraa/ros2_ws/install/flir_lepton_msgs:/home/azraa/ros2_ws/install/audio_play:/home/azraa/ros2_ws/install/audio_capture:/home/azraa/ros2_ws/install/audio_common_msgs:/home/azraa/ros2_ws/install/m2s2_test_python:/home/azraa/ros2_ws/install/flir_lepton_purethermal2:/opt/ros/foxy:/opt/ros/noetic /usr/bin/cmake --install /home/azraa/ros2_ws/build/flir_lepton_ros2
