[0.615s] DEBUG:colcon:Command line arguments: ['/usr/bin/colcon', 'build', '--packages-select', 'gscam']
[0.616s] DEBUG:colcon:Parsed command line arguments: Namespace(allow_overriding=[], ament_cmake_args=None, base_paths=['.'], build_base='build', catkin_cmake_args=None, catkin_skip_building_tests=False, cmake_args=None, cmake_clean_cache=False, cmake_clean_first=False, cmake_force_configure=False, cmake_target=None, cmake_target_skip_unavailable=False, continue_on_error=False, event_handlers=None, executor='parallel', ignore_user_meta=False, install_base='install', log_base=None, log_level=None, main=<bound method BuildVerb.main of <colcon_core.verb.build.BuildVerb object at 0x7fe45528ed60>>, merge_install=False, metas=['./colcon.meta'], packages_above=None, packages_above_and_dependencies=None, packages_above_depth=None, packages_end=None, packages_ignore=None, packages_ignore_regex=None, packages_select=['gscam'], packages_select_build_failed=False, packages_select_by_dep=None, packages_select_regex=None, packages_select_test_failures=False, packages_skip=None, packages_skip_build_finished=False, packages_skip_by_dep=None, packages_skip_regex=None, packages_skip_test_passed=False, packages_skip_up_to=None, packages_start=None, packages_up_to=None, packages_up_to_regex=None, parallel_workers=4, paths=None, symlink_install=False, test_result_base=None, verb_extension=<colcon_core.verb.build.BuildVerb object at 0x7fe45528ed60>, verb_name='build', verb_parser=<colcon_defaults.argument_parser.defaults.DefaultArgumentsDecorator object at 0x7fe4552bc940>)
[0.706s] Level 1:colcon.colcon_core.package_discovery:discover_packages(colcon_meta) check parameters
[0.706s] Level 1:colcon.colcon_core.package_discovery:discover_packages(recursive) check parameters
[0.706s] Level 1:colcon.colcon_core.package_discovery:discover_packages(ignore) check parameters
[0.706s] Level 1:colcon.colcon_core.package_discovery:discover_packages(path) check parameters
[0.706s] Level 1:colcon.colcon_core.package_discovery:discover_packages(colcon_meta) discover
[0.706s] Level 1:colcon.colcon_core.package_discovery:discover_packages(recursive) discover
[0.706s] INFO:colcon.colcon_core.package_discovery:Crawling recursively for packages in '/home/azraa/ros2_ws'
[0.706s] Level 1:colcon.colcon_core.package_identification:_identify(.) by extensions ['ignore', 'ignore_ament_install']
[0.706s] Level 1:colcon.colcon_core.package_identification:_identify(.) by extension 'ignore'
[0.706s] Level 1:colcon.colcon_core.package_identification:_identify(.) by extension 'ignore_ament_install'
[0.707s] Level 1:colcon.colcon_core.package_identification:_identify(.) by extensions ['colcon_pkg']
[0.707s] Level 1:colcon.colcon_core.package_identification:_identify(.) by extension 'colcon_pkg'
[0.707s] Level 1:colcon.colcon_core.package_identification:_identify(.) by extensions ['colcon_meta']
[0.707s] Level 1:colcon.colcon_core.package_identification:_identify(.) by extension 'colcon_meta'
[0.707s] Level 1:colcon.colcon_core.package_identification:_identify(.) by extensions ['ros']
[0.707s] Level 1:colcon.colcon_core.package_identification:_identify(.) by extension 'ros'
[0.726s] Level 1:colcon.colcon_core.package_identification:_identify(.) by extensions ['cmake', 'python']
[0.726s] Level 1:colcon.colcon_core.package_identification:_identify(.) by extension 'cmake'
[0.726s] Level 1:colcon.colcon_core.package_identification:_identify(.) by extension 'python'
[0.726s] Level 1:colcon.colcon_core.package_identification:_identify(.) by extensions ['python_setup_py']
[0.726s] Level 1:colcon.colcon_core.package_identification:_identify(.) by extension 'python_setup_py'
[0.726s] Level 1:colcon.colcon_core.package_identification:_identify(bags) by extensions ['ignore', 'ignore_ament_install']
[0.726s] Level 1:colcon.colcon_core.package_identification:_identify(bags) by extension 'ignore'
[0.726s] Level 1:colcon.colcon_core.package_identification:_identify(bags) by extension 'ignore_ament_install'
[0.726s] Level 1:colcon.colcon_core.package_identification:_identify(bags) by extensions ['colcon_pkg']
[0.726s] Level 1:colcon.colcon_core.package_identification:_identify(bags) by extension 'colcon_pkg'
[0.727s] Level 1:colcon.colcon_core.package_identification:_identify(bags) by extensions ['colcon_meta']
[0.727s] Level 1:colcon.colcon_core.package_identification:_identify(bags) by extension 'colcon_meta'
[0.727s] Level 1:colcon.colcon_core.package_identification:_identify(bags) by extensions ['ros']
[0.727s] Level 1:colcon.colcon_core.package_identification:_identify(bags) by extension 'ros'
[0.727s] Level 1:colcon.colcon_core.package_identification:_identify(bags) by extensions ['cmake', 'python']
[0.727s] Level 1:colcon.colcon_core.package_identification:_identify(bags) by extension 'cmake'
[0.727s] Level 1:colcon.colcon_core.package_identification:_identify(bags) by extension 'python'
[0.727s] Level 1:colcon.colcon_core.package_identification:_identify(bags) by extensions ['python_setup_py']
[0.727s] Level 1:colcon.colcon_core.package_identification:_identify(bags) by extension 'python_setup_py'
[0.727s] Level 1:colcon.colcon_core.package_identification:_identify(bags/test2) by extensions ['ignore', 'ignore_ament_install']
[0.727s] Level 1:colcon.colcon_core.package_identification:_identify(bags/test2) by extension 'ignore'
[0.727s] Level 1:colcon.colcon_core.package_identification:_identify(bags/test2) by extension 'ignore_ament_install'
[0.727s] Level 1:colcon.colcon_core.package_identification:_identify(bags/test2) by extensions ['colcon_pkg']
[0.727s] Level 1:colcon.colcon_core.package_identification:_identify(bags/test2) by extension 'colcon_pkg'
[0.727s] Level 1:colcon.colcon_core.package_identification:_identify(bags/test2) by extensions ['colcon_meta']
[0.727s] Level 1:colcon.colcon_core.package_identification:_identify(bags/test2) by extension 'colcon_meta'
[0.727s] Level 1:colcon.colcon_core.package_identification:_identify(bags/test2) by extensions ['ros']
[0.727s] Level 1:colcon.colcon_core.package_identification:_identify(bags/test2) by extension 'ros'
[0.728s] Level 1:colcon.colcon_core.package_identification:_identify(bags/test2) by extensions ['cmake', 'python']
[0.728s] Level 1:colcon.colcon_core.package_identification:_identify(bags/test2) by extension 'cmake'
[0.728s] Level 1:colcon.colcon_core.package_identification:_identify(bags/test2) by extension 'python'
[0.728s] Level 1:colcon.colcon_core.package_identification:_identify(bags/test2) by extensions ['python_setup_py']
[0.728s] Level 1:colcon.colcon_core.package_identification:_identify(bags/test2) by extension 'python_setup_py'
[0.728s] Level 1:colcon.colcon_core.package_identification:_identify(build) by extensions ['ignore', 'ignore_ament_install']
[0.728s] Level 1:colcon.colcon_core.package_identification:_identify(build) by extension 'ignore'
[0.728s] Level 1:colcon.colcon_core.package_identification:_identify(build) ignored
[0.728s] Level 1:colcon.colcon_core.package_identification:_identify(install) by extensions ['ignore', 'ignore_ament_install']
[0.728s] Level 1:colcon.colcon_core.package_identification:_identify(install) by extension 'ignore'
[0.728s] Level 1:colcon.colcon_core.package_identification:_identify(install) ignored
[0.729s] Level 1:colcon.colcon_core.package_identification:_identify(log) by extensions ['ignore', 'ignore_ament_install']
[0.729s] Level 1:colcon.colcon_core.package_identification:_identify(log) by extension 'ignore'
[0.729s] Level 1:colcon.colcon_core.package_identification:_identify(log) ignored
[0.729s] Level 1:colcon.colcon_core.package_identification:_identify(rosbag2video) by extensions ['ignore', 'ignore_ament_install']
[0.729s] Level 1:colcon.colcon_core.package_identification:_identify(rosbag2video) by extension 'ignore'
[0.729s] Level 1:colcon.colcon_core.package_identification:_identify(rosbag2video) by extension 'ignore_ament_install'
[0.729s] Level 1:colcon.colcon_core.package_identification:_identify(rosbag2video) by extensions ['colcon_pkg']
[0.729s] Level 1:colcon.colcon_core.package_identification:_identify(rosbag2video) by extension 'colcon_pkg'
[0.729s] Level 1:colcon.colcon_core.package_identification:_identify(rosbag2video) by extensions ['colcon_meta']
[0.729s] Level 1:colcon.colcon_core.package_identification:_identify(rosbag2video) by extension 'colcon_meta'
[0.729s] Level 1:colcon.colcon_core.package_identification:_identify(rosbag2video) by extensions ['ros']
[0.729s] Level 1:colcon.colcon_core.package_identification:_identify(rosbag2video) by extension 'ros'
[0.730s] Level 1:colcon.colcon_core.package_identification:_identify(rosbag2video) by extensions ['cmake', 'python']
[0.730s] Level 1:colcon.colcon_core.package_identification:_identify(rosbag2video) by extension 'cmake'
[0.730s] Level 1:colcon.colcon_core.package_identification:_identify(rosbag2video) by extension 'python'
[0.730s] Level 1:colcon.colcon_core.package_identification:_identify(rosbag2video) by extensions ['python_setup_py']
[0.730s] Level 1:colcon.colcon_core.package_identification:_identify(rosbag2video) by extension 'python_setup_py'
[0.730s] Level 1:colcon.colcon_core.package_identification:_identify(src) by extensions ['ignore', 'ignore_ament_install']
[0.730s] Level 1:colcon.colcon_core.package_identification:_identify(src) by extension 'ignore'
[0.730s] Level 1:colcon.colcon_core.package_identification:_identify(src) by extension 'ignore_ament_install'
[0.730s] Level 1:colcon.colcon_core.package_identification:_identify(src) by extensions ['colcon_pkg']
[0.730s] Level 1:colcon.colcon_core.package_identification:_identify(src) by extension 'colcon_pkg'
[0.730s] Level 1:colcon.colcon_core.package_identification:_identify(src) by extensions ['colcon_meta']
[0.730s] Level 1:colcon.colcon_core.package_identification:_identify(src) by extension 'colcon_meta'
[0.730s] Level 1:colcon.colcon_core.package_identification:_identify(src) by extensions ['ros']
[0.730s] Level 1:colcon.colcon_core.package_identification:_identify(src) by extension 'ros'
[0.730s] Level 1:colcon.colcon_core.package_identification:_identify(src) by extensions ['cmake', 'python']
[0.730s] Level 1:colcon.colcon_core.package_identification:_identify(src) by extension 'cmake'
[0.730s] Level 1:colcon.colcon_core.package_identification:_identify(src) by extension 'python'
[0.730s] Level 1:colcon.colcon_core.package_identification:_identify(src) by extensions ['python_setup_py']
[0.731s] Level 1:colcon.colcon_core.package_identification:_identify(src) by extension 'python_setup_py'
[0.731s] Level 1:colcon.colcon_core.package_identification:_identify(src/M2S2) by extensions ['ignore', 'ignore_ament_install']
[0.731s] Level 1:colcon.colcon_core.package_identification:_identify(src/M2S2) by extension 'ignore'
[0.731s] Level 1:colcon.colcon_core.package_identification:_identify(src/M2S2) by extension 'ignore_ament_install'
[0.731s] Level 1:colcon.colcon_core.package_identification:_identify(src/M2S2) by extensions ['colcon_pkg']
[0.731s] Level 1:colcon.colcon_core.package_identification:_identify(src/M2S2) by extension 'colcon_pkg'
[0.731s] Level 1:colcon.colcon_core.package_identification:_identify(src/M2S2) by extensions ['colcon_meta']
[0.731s] Level 1:colcon.colcon_core.package_identification:_identify(src/M2S2) by extension 'colcon_meta'
[0.731s] Level 1:colcon.colcon_core.package_identification:_identify(src/M2S2) by extensions ['ros']
[0.731s] Level 1:colcon.colcon_core.package_identification:_identify(src/M2S2) by extension 'ros'
[0.731s] Level 1:colcon.colcon_core.package_identification:_identify(src/M2S2) by extensions ['cmake', 'python']
[0.731s] Level 1:colcon.colcon_core.package_identification:_identify(src/M2S2) by extension 'cmake'
[0.731s] Level 1:colcon.colcon_core.package_identification:_identify(src/M2S2) by extension 'python'
[0.731s] Level 1:colcon.colcon_core.package_identification:_identify(src/M2S2) by extensions ['python_setup_py']
[0.731s] Level 1:colcon.colcon_core.package_identification:_identify(src/M2S2) by extension 'python_setup_py'
[0.732s] Level 1:colcon.colcon_core.package_identification:_identify(src/M2S2/audio_common) by extensions ['ignore', 'ignore_ament_install']
[0.732s] Level 1:colcon.colcon_core.package_identification:_identify(src/M2S2/audio_common) by extension 'ignore'
[0.732s] Level 1:colcon.colcon_core.package_identification:_identify(src/M2S2/audio_common) by extension 'ignore_ament_install'
[0.732s] Level 1:colcon.colcon_core.package_identification:_identify(src/M2S2/audio_common) by extensions ['colcon_pkg']
[0.732s] Level 1:colcon.colcon_core.package_identification:_identify(src/M2S2/audio_common) by extension 'colcon_pkg'
[0.732s] Level 1:colcon.colcon_core.package_identification:_identify(src/M2S2/audio_common) by extensions ['colcon_meta']
[0.732s] Level 1:colcon.colcon_core.package_identification:_identify(src/M2S2/audio_common) by extension 'colcon_meta'
[0.732s] Level 1:colcon.colcon_core.package_identification:_identify(src/M2S2/audio_common) by extensions ['ros']
[0.732s] Level 1:colcon.colcon_core.package_identification:_identify(src/M2S2/audio_common) by extension 'ros'
[0.732s] Level 1:colcon.colcon_core.package_identification:_identify(src/M2S2/audio_common) by extensions ['cmake', 'python']
[0.732s] Level 1:colcon.colcon_core.package_identification:_identify(src/M2S2/audio_common) by extension 'cmake'
[0.732s] Level 1:colcon.colcon_core.package_identification:_identify(src/M2S2/audio_common) by extension 'python'
[0.732s] Level 1:colcon.colcon_core.package_identification:_identify(src/M2S2/audio_common) by extensions ['python_setup_py']
[0.732s] Level 1:colcon.colcon_core.package_identification:_identify(src/M2S2/audio_common) by extension 'python_setup_py'
[0.732s] Level 1:colcon.colcon_core.package_identification:_identify(src/M2S2/audio_common/audio_capture) by extensions ['ignore', 'ignore_ament_install']
[0.733s] Level 1:colcon.colcon_core.package_identification:_identify(src/M2S2/audio_common/audio_capture) by extension 'ignore'
[0.733s] Level 1:colcon.colcon_core.package_identification:_identify(src/M2S2/audio_common/audio_capture) by extension 'ignore_ament_install'
[0.733s] Level 1:colcon.colcon_core.package_identification:_identify(src/M2S2/audio_common/audio_capture) by extensions ['colcon_pkg']
[0.733s] Level 1:colcon.colcon_core.package_identification:_identify(src/M2S2/audio_common/audio_capture) by extension 'colcon_pkg'
[0.733s] Level 1:colcon.colcon_core.package_identification:_identify(src/M2S2/audio_common/audio_capture) by extensions ['colcon_meta']
[0.733s] Level 1:colcon.colcon_core.package_identification:_identify(src/M2S2/audio_common/audio_capture) by extension 'colcon_meta'
[0.733s] Level 1:colcon.colcon_core.package_identification:_identify(src/M2S2/audio_common/audio_capture) by extensions ['ros']
[0.733s] Level 1:colcon.colcon_core.package_identification:_identify(src/M2S2/audio_common/audio_capture) by extension 'ros'
[0.736s] DEBUG:colcon.colcon_core.package_identification:Package 'src/M2S2/audio_common/audio_capture' with type 'ros.ament_cmake' and name 'audio_capture'
[0.736s] Level 1:colcon.colcon_core.package_identification:_identify(src/M2S2/audio_common/audio_common) by extensions ['ignore', 'ignore_ament_install']
[0.736s] Level 1:colcon.colcon_core.package_identification:_identify(src/M2S2/audio_common/audio_common) by extension 'ignore'
[0.737s] Level 1:colcon.colcon_core.package_identification:_identify(src/M2S2/audio_common/audio_common) by extension 'ignore_ament_install'
[0.737s] Level 1:colcon.colcon_core.package_identification:_identify(src/M2S2/audio_common/audio_common) by extensions ['colcon_pkg']
[0.737s] Level 1:colcon.colcon_core.package_identification:_identify(src/M2S2/audio_common/audio_common) by extension 'colcon_pkg'
[0.737s] Level 1:colcon.colcon_core.package_identification:_identify(src/M2S2/audio_common/audio_common) by extensions ['colcon_meta']
[0.737s] Level 1:colcon.colcon_core.package_identification:_identify(src/M2S2/audio_common/audio_common) by extension 'colcon_meta'
[0.737s] Level 1:colcon.colcon_core.package_identification:_identify(src/M2S2/audio_common/audio_common) by extensions ['ros']
[0.737s] Level 1:colcon.colcon_core.package_identification:_identify(src/M2S2/audio_common/audio_common) by extension 'ros'
[0.738s] DEBUG:colcon.colcon_core.package_identification:Package 'src/M2S2/audio_common/audio_common' with type 'ros.ament_cmake' and name 'audio_common'
[0.738s] Level 1:colcon.colcon_core.package_identification:_identify(src/M2S2/audio_common/audio_common_msgs) by extensions ['ignore', 'ignore_ament_install']
[0.738s] Level 1:colcon.colcon_core.package_identification:_identify(src/M2S2/audio_common/audio_common_msgs) by extension 'ignore'
[0.738s] Level 1:colcon.colcon_core.package_identification:_identify(src/M2S2/audio_common/audio_common_msgs) by extension 'ignore_ament_install'
[0.738s] Level 1:colcon.colcon_core.package_identification:_identify(src/M2S2/audio_common/audio_common_msgs) by extensions ['colcon_pkg']
[0.738s] Level 1:colcon.colcon_core.package_identification:_identify(src/M2S2/audio_common/audio_common_msgs) by extension 'colcon_pkg'
[0.738s] Level 1:colcon.colcon_core.package_identification:_identify(src/M2S2/audio_common/audio_common_msgs) by extensions ['colcon_meta']
[0.738s] Level 1:colcon.colcon_core.package_identification:_identify(src/M2S2/audio_common/audio_common_msgs) by extension 'colcon_meta'
[0.738s] Level 1:colcon.colcon_core.package_identification:_identify(src/M2S2/audio_common/audio_common_msgs) by extensions ['ros']
[0.738s] Level 1:colcon.colcon_core.package_identification:_identify(src/M2S2/audio_common/audio_common_msgs) by extension 'ros'
[0.739s] DEBUG:colcon.colcon_core.package_identification:Package 'src/M2S2/audio_common/audio_common_msgs' with type 'ros.ament_cmake' and name 'audio_common_msgs'
[0.739s] Level 1:colcon.colcon_core.package_identification:_identify(src/M2S2/audio_common/audio_play) by extensions ['ignore', 'ignore_ament_install']
[0.739s] Level 1:colcon.colcon_core.package_identification:_identify(src/M2S2/audio_common/audio_play) by extension 'ignore'
[0.739s] Level 1:colcon.colcon_core.package_identification:_identify(src/M2S2/audio_common/audio_play) by extension 'ignore_ament_install'
[0.739s] Level 1:colcon.colcon_core.package_identification:_identify(src/M2S2/audio_common/audio_play) by extensions ['colcon_pkg']
[0.739s] Level 1:colcon.colcon_core.package_identification:_identify(src/M2S2/audio_common/audio_play) by extension 'colcon_pkg'
[0.739s] Level 1:colcon.colcon_core.package_identification:_identify(src/M2S2/audio_common/audio_play) by extensions ['colcon_meta']
[0.739s] Level 1:colcon.colcon_core.package_identification:_identify(src/M2S2/audio_common/audio_play) by extension 'colcon_meta'
[0.739s] Level 1:colcon.colcon_core.package_identification:_identify(src/M2S2/audio_common/audio_play) by extensions ['ros']
[0.739s] Level 1:colcon.colcon_core.package_identification:_identify(src/M2S2/audio_common/audio_play) by extension 'ros'
[0.741s] DEBUG:colcon.colcon_core.package_identification:Package 'src/M2S2/audio_common/audio_play' with type 'ros.ament_cmake' and name 'audio_play'
[0.741s] Level 1:colcon.colcon_core.package_identification:_identify(src/M2S2/audio_common/sound_play) by extensions ['ignore', 'ignore_ament_install']
[0.741s] Level 1:colcon.colcon_core.package_identification:_identify(src/M2S2/audio_common/sound_play) by extension 'ignore'
[0.741s] Level 1:colcon.colcon_core.package_identification:_identify(src/M2S2/audio_common/sound_play) by extension 'ignore_ament_install'
[0.741s] Level 1:colcon.colcon_core.package_identification:_identify(src/M2S2/audio_common/sound_play) by extensions ['colcon_pkg']
[0.741s] Level 1:colcon.colcon_core.package_identification:_identify(src/M2S2/audio_common/sound_play) by extension 'colcon_pkg'
[0.741s] Level 1:colcon.colcon_core.package_identification:_identify(src/M2S2/audio_common/sound_play) by extensions ['colcon_meta']
[0.741s] Level 1:colcon.colcon_core.package_identification:_identify(src/M2S2/audio_common/sound_play) by extension 'colcon_meta'
[0.741s] Level 1:colcon.colcon_core.package_identification:_identify(src/M2S2/audio_common/sound_play) by extensions ['ros']
[0.741s] Level 1:colcon.colcon_core.package_identification:_identify(src/M2S2/audio_common/sound_play) by extension 'ros'
[0.743s] DEBUG:colcon.colcon_core.package_identification:Package 'src/M2S2/audio_common/sound_play' with type 'ros.ament_cmake' and name 'sound_play'
[0.743s] Level 1:colcon.colcon_core.package_identification:_identify(src/M2S2/bags) by extensions ['ignore', 'ignore_ament_install']
[0.743s] Level 1:colcon.colcon_core.package_identification:_identify(src/M2S2/bags) by extension 'ignore'
[0.743s] Level 1:colcon.colcon_core.package_identification:_identify(src/M2S2/bags) by extension 'ignore_ament_install'
[0.743s] Level 1:colcon.colcon_core.package_identification:_identify(src/M2S2/bags) by extensions ['colcon_pkg']
[0.743s] Level 1:colcon.colcon_core.package_identification:_identify(src/M2S2/bags) by extension 'colcon_pkg'
[0.743s] Level 1:colcon.colcon_core.package_identification:_identify(src/M2S2/bags) by extensions ['colcon_meta']
[0.743s] Level 1:colcon.colcon_core.package_identification:_identify(src/M2S2/bags) by extension 'colcon_meta'
[0.743s] Level 1:colcon.colcon_core.package_identification:_identify(src/M2S2/bags) by extensions ['ros']
[0.743s] Level 1:colcon.colcon_core.package_identification:_identify(src/M2S2/bags) by extension 'ros'
[0.743s] Level 1:colcon.colcon_core.package_identification:_identify(src/M2S2/bags) by extensions ['cmake', 'python']
[0.743s] Level 1:colcon.colcon_core.package_identification:_identify(src/M2S2/bags) by extension 'cmake'
[0.743s] Level 1:colcon.colcon_core.package_identification:_identify(src/M2S2/bags) by extension 'python'
[0.743s] Level 1:colcon.colcon_core.package_identification:_identify(src/M2S2/bags) by extensions ['python_setup_py']
[0.743s] Level 1:colcon.colcon_core.package_identification:_identify(src/M2S2/bags) by extension 'python_setup_py'
[0.744s] Level 1:colcon.colcon_core.package_identification:_identify(src/M2S2/bags/test_enviro) by extensions ['ignore', 'ignore_ament_install']
[0.744s] Level 1:colcon.colcon_core.package_identification:_identify(src/M2S2/bags/test_enviro) by extension 'ignore'
[0.744s] Level 1:colcon.colcon_core.package_identification:_identify(src/M2S2/bags/test_enviro) by extension 'ignore_ament_install'
[0.744s] Level 1:colcon.colcon_core.package_identification:_identify(src/M2S2/bags/test_enviro) by extensions ['colcon_pkg']
[0.744s] Level 1:colcon.colcon_core.package_identification:_identify(src/M2S2/bags/test_enviro) by extension 'colcon_pkg'
[0.744s] Level 1:colcon.colcon_core.package_identification:_identify(src/M2S2/bags/test_enviro) by extensions ['colcon_meta']
[0.744s] Level 1:colcon.colcon_core.package_identification:_identify(src/M2S2/bags/test_enviro) by extension 'colcon_meta'
[0.744s] Level 1:colcon.colcon_core.package_identification:_identify(src/M2S2/bags/test_enviro) by extensions ['ros']
[0.744s] Level 1:colcon.colcon_core.package_identification:_identify(src/M2S2/bags/test_enviro) by extension 'ros'
[0.744s] Level 1:colcon.colcon_core.package_identification:_identify(src/M2S2/bags/test_enviro) by extensions ['cmake', 'python']
[0.744s] Level 1:colcon.colcon_core.package_identification:_identify(src/M2S2/bags/test_enviro) by extension 'cmake'
[0.744s] Level 1:colcon.colcon_core.package_identification:_identify(src/M2S2/bags/test_enviro) by extension 'python'
[0.744s] Level 1:colcon.colcon_core.package_identification:_identify(src/M2S2/bags/test_enviro) by extensions ['python_setup_py']
[0.744s] Level 1:colcon.colcon_core.package_identification:_identify(src/M2S2/bags/test_enviro) by extension 'python_setup_py'
[0.744s] Level 1:colcon.colcon_core.package_identification:_identify(src/M2S2/bme280) by extensions ['ignore', 'ignore_ament_install']
[0.745s] Level 1:colcon.colcon_core.package_identification:_identify(src/M2S2/bme280) by extension 'ignore'
[0.745s] Level 1:colcon.colcon_core.package_identification:_identify(src/M2S2/bme280) by extension 'ignore_ament_install'
[0.745s] Level 1:colcon.colcon_core.package_identification:_identify(src/M2S2/bme280) by extensions ['colcon_pkg']
[0.745s] Level 1:colcon.colcon_core.package_identification:_identify(src/M2S2/bme280) by extension 'colcon_pkg'
[0.745s] Level 1:colcon.colcon_core.package_identification:_identify(src/M2S2/bme280) by extensions ['colcon_meta']
[0.745s] Level 1:colcon.colcon_core.package_identification:_identify(src/M2S2/bme280) by extension 'colcon_meta'
[0.745s] Level 1:colcon.colcon_core.package_identification:_identify(src/M2S2/bme280) by extensions ['ros']
[0.745s] Level 1:colcon.colcon_core.package_identification:_identify(src/M2S2/bme280) by extension 'ros'
[0.746s] DEBUG:colcon.colcon_core.package_identification:Package 'src/M2S2/bme280' with type 'ros.ament_cmake' and name 'bme280'
[0.746s] Level 1:colcon.colcon_core.package_identification:_identify(src/M2S2/m2s2_bringup) by extensions ['ignore', 'ignore_ament_install']
[0.746s] Level 1:colcon.colcon_core.package_identification:_identify(src/M2S2/m2s2_bringup) by extension 'ignore'
[0.746s] Level 1:colcon.colcon_core.package_identification:_identify(src/M2S2/m2s2_bringup) by extension 'ignore_ament_install'
[0.746s] Level 1:colcon.colcon_core.package_identification:_identify(src/M2S2/m2s2_bringup) by extensions ['colcon_pkg']
[0.746s] Level 1:colcon.colcon_core.package_identification:_identify(src/M2S2/m2s2_bringup) by extension 'colcon_pkg'
[0.746s] Level 1:colcon.colcon_core.package_identification:_identify(src/M2S2/m2s2_bringup) by extensions ['colcon_meta']
[0.746s] Level 1:colcon.colcon_core.package_identification:_identify(src/M2S2/m2s2_bringup) by extension 'colcon_meta'
[0.746s] Level 1:colcon.colcon_core.package_identification:_identify(src/M2S2/m2s2_bringup) by extensions ['ros']
[0.746s] Level 1:colcon.colcon_core.package_identification:_identify(src/M2S2/m2s2_bringup) by extension 'ros'
[0.747s] DEBUG:colcon.colcon_core.package_identification:Package 'src/M2S2/m2s2_bringup' with type 'ros.ament_cmake' and name 'm2s2_bringup'
[0.747s] Level 1:colcon.colcon_core.package_identification:_identify(src/M2S2/m2s2_custom_interfaces) by extensions ['ignore', 'ignore_ament_install']
[0.747s] Level 1:colcon.colcon_core.package_identification:_identify(src/M2S2/m2s2_custom_interfaces) by extension 'ignore'
[0.747s] Level 1:colcon.colcon_core.package_identification:_identify(src/M2S2/m2s2_custom_interfaces) by extension 'ignore_ament_install'
[0.747s] Level 1:colcon.colcon_core.package_identification:_identify(src/M2S2/m2s2_custom_interfaces) by extensions ['colcon_pkg']
[0.747s] Level 1:colcon.colcon_core.package_identification:_identify(src/M2S2/m2s2_custom_interfaces) by extension 'colcon_pkg'
[0.747s] Level 1:colcon.colcon_core.package_identification:_identify(src/M2S2/m2s2_custom_interfaces) by extensions ['colcon_meta']
[0.747s] Level 1:colcon.colcon_core.package_identification:_identify(src/M2S2/m2s2_custom_interfaces) by extension 'colcon_meta'
[0.747s] Level 1:colcon.colcon_core.package_identification:_identify(src/M2S2/m2s2_custom_interfaces) by extensions ['ros']
[0.747s] Level 1:colcon.colcon_core.package_identification:_identify(src/M2S2/m2s2_custom_interfaces) by extension 'ros'
[0.748s] DEBUG:colcon.colcon_core.package_identification:Package 'src/M2S2/m2s2_custom_interfaces' with type 'ros.ament_cmake' and name 'm2s2_custom_interfaces'
[0.748s] Level 1:colcon.colcon_core.package_identification:_identify(src/build) by extensions ['ignore', 'ignore_ament_install']
[0.748s] Level 1:colcon.colcon_core.package_identification:_identify(src/build) by extension 'ignore'
[0.748s] Level 1:colcon.colcon_core.package_identification:_identify(src/build) ignored
[0.748s] Level 1:colcon.colcon_core.package_identification:_identify(src/flir_lepton) by extensions ['ignore', 'ignore_ament_install']
[0.748s] Level 1:colcon.colcon_core.package_identification:_identify(src/flir_lepton) by extension 'ignore'
[0.748s] Level 1:colcon.colcon_core.package_identification:_identify(src/flir_lepton) by extension 'ignore_ament_install'
[0.748s] Level 1:colcon.colcon_core.package_identification:_identify(src/flir_lepton) by extensions ['colcon_pkg']
[0.749s] Level 1:colcon.colcon_core.package_identification:_identify(src/flir_lepton) by extension 'colcon_pkg'
[0.749s] Level 1:colcon.colcon_core.package_identification:_identify(src/flir_lepton) by extensions ['colcon_meta']
[0.749s] Level 1:colcon.colcon_core.package_identification:_identify(src/flir_lepton) by extension 'colcon_meta'
[0.749s] Level 1:colcon.colcon_core.package_identification:_identify(src/flir_lepton) by extensions ['ros']
[0.749s] Level 1:colcon.colcon_core.package_identification:_identify(src/flir_lepton) by extension 'ros'
[0.749s] Level 1:colcon.colcon_core.package_identification:_identify(src/flir_lepton) by extensions ['cmake', 'python']
[0.749s] Level 1:colcon.colcon_core.package_identification:_identify(src/flir_lepton) by extension 'cmake'
[0.749s] Level 1:colcon.colcon_core.package_identification:_identify(src/flir_lepton) by extension 'python'
[0.749s] Level 1:colcon.colcon_core.package_identification:_identify(src/flir_lepton) by extensions ['python_setup_py']
[0.749s] Level 1:colcon.colcon_core.package_identification:_identify(src/flir_lepton) by extension 'python_setup_py'
[0.749s] Level 1:colcon.colcon_core.package_identification:_identify(src/flir_lepton/flir_lepton_capture) by extensions ['ignore', 'ignore_ament_install']
[0.749s] Level 1:colcon.colcon_core.package_identification:_identify(src/flir_lepton/flir_lepton_capture) by extension 'ignore'
[0.749s] Level 1:colcon.colcon_core.package_identification:_identify(src/flir_lepton/flir_lepton_capture) by extension 'ignore_ament_install'
[0.749s] Level 1:colcon.colcon_core.package_identification:_identify(src/flir_lepton/flir_lepton_capture) by extensions ['colcon_pkg']
[0.749s] Level 1:colcon.colcon_core.package_identification:_identify(src/flir_lepton/flir_lepton_capture) by extension 'colcon_pkg'
[0.749s] Level 1:colcon.colcon_core.package_identification:_identify(src/flir_lepton/flir_lepton_capture) by extensions ['colcon_meta']
[0.749s] Level 1:colcon.colcon_core.package_identification:_identify(src/flir_lepton/flir_lepton_capture) by extension 'colcon_meta'
[0.749s] Level 1:colcon.colcon_core.package_identification:_identify(src/flir_lepton/flir_lepton_capture) by extensions ['ros']
[0.750s] Level 1:colcon.colcon_core.package_identification:_identify(src/flir_lepton/flir_lepton_capture) by extension 'ros'
[0.753s] DEBUG:colcon.colcon_core.package_identification:Package 'src/flir_lepton/flir_lepton_capture' with type 'ros.ament_cmake' and name 'flir_lepton_capture'
[0.753s] Level 1:colcon.colcon_core.package_identification:_identify(src/flir_lepton/flir_lepton_msgs) by extensions ['ignore', 'ignore_ament_install']
[0.753s] Level 1:colcon.colcon_core.package_identification:_identify(src/flir_lepton/flir_lepton_msgs) by extension 'ignore'
[0.753s] Level 1:colcon.colcon_core.package_identification:_identify(src/flir_lepton/flir_lepton_msgs) by extension 'ignore_ament_install'
[0.753s] Level 1:colcon.colcon_core.package_identification:_identify(src/flir_lepton/flir_lepton_msgs) by extensions ['colcon_pkg']
[0.753s] Level 1:colcon.colcon_core.package_identification:_identify(src/flir_lepton/flir_lepton_msgs) by extension 'colcon_pkg'
[0.753s] Level 1:colcon.colcon_core.package_identification:_identify(src/flir_lepton/flir_lepton_msgs) by extensions ['colcon_meta']
[0.753s] Level 1:colcon.colcon_core.package_identification:_identify(src/flir_lepton/flir_lepton_msgs) by extension 'colcon_meta'
[0.753s] Level 1:colcon.colcon_core.package_identification:_identify(src/flir_lepton/flir_lepton_msgs) by extensions ['ros']
[0.754s] Level 1:colcon.colcon_core.package_identification:_identify(src/flir_lepton/flir_lepton_msgs) by extension 'ros'
[0.754s] DEBUG:colcon.colcon_core.package_identification:Package 'src/flir_lepton/flir_lepton_msgs' with type 'ros.ament_cmake' and name 'flir_lepton_msgs'
[0.754s] Level 1:colcon.colcon_core.package_identification:_identify(src/gscam) by extensions ['ignore', 'ignore_ament_install']
[0.754s] Level 1:colcon.colcon_core.package_identification:_identify(src/gscam) by extension 'ignore'
[0.754s] Level 1:colcon.colcon_core.package_identification:_identify(src/gscam) by extension 'ignore_ament_install'
[0.755s] Level 1:colcon.colcon_core.package_identification:_identify(src/gscam) by extensions ['colcon_pkg']
[0.755s] Level 1:colcon.colcon_core.package_identification:_identify(src/gscam) by extension 'colcon_pkg'
[0.755s] Level 1:colcon.colcon_core.package_identification:_identify(src/gscam) by extensions ['colcon_meta']
[0.755s] Level 1:colcon.colcon_core.package_identification:_identify(src/gscam) by extension 'colcon_meta'
[0.755s] Level 1:colcon.colcon_core.package_identification:_identify(src/gscam) by extensions ['ros']
[0.755s] Level 1:colcon.colcon_core.package_identification:_identify(src/gscam) by extension 'ros'
[0.757s] DEBUG:colcon.colcon_core.package_identification:Package 'src/gscam' with type 'ros.ament_cmake' and name 'gscam'
[0.757s] Level 1:colcon.colcon_core.package_identification:_identify(src/install) by extensions ['ignore', 'ignore_ament_install']
[0.757s] Level 1:colcon.colcon_core.package_identification:_identify(src/install) by extension 'ignore'
[0.757s] Level 1:colcon.colcon_core.package_identification:_identify(src/install) ignored
[0.757s] Level 1:colcon.colcon_core.package_identification:_identify(src/log) by extensions ['ignore', 'ignore_ament_install']
[0.757s] Level 1:colcon.colcon_core.package_identification:_identify(src/log) by extension 'ignore'
[0.757s] Level 1:colcon.colcon_core.package_identification:_identify(src/log) ignored
[0.758s] Level 1:colcon.colcon_core.package_identification:_identify(src/m2s2_test_python) by extensions ['ignore', 'ignore_ament_install']
[0.758s] Level 1:colcon.colcon_core.package_identification:_identify(src/m2s2_test_python) by extension 'ignore'
[0.758s] Level 1:colcon.colcon_core.package_identification:_identify(src/m2s2_test_python) by extension 'ignore_ament_install'
[0.758s] Level 1:colcon.colcon_core.package_identification:_identify(src/m2s2_test_python) by extensions ['colcon_pkg']
[0.758s] Level 1:colcon.colcon_core.package_identification:_identify(src/m2s2_test_python) by extension 'colcon_pkg'
[0.758s] Level 1:colcon.colcon_core.package_identification:_identify(src/m2s2_test_python) by extensions ['colcon_meta']
[0.758s] Level 1:colcon.colcon_core.package_identification:_identify(src/m2s2_test_python) by extension 'colcon_meta'
[0.758s] Level 1:colcon.colcon_core.package_identification:_identify(src/m2s2_test_python) by extensions ['ros']
[0.758s] Level 1:colcon.colcon_core.package_identification:_identify(src/m2s2_test_python) by extension 'ros'
[0.759s] DEBUG:colcon.colcon_core.package_identification:Package 'src/m2s2_test_python' with type 'ros.ament_python' and name 'm2s2_test_python'
[0.759s] Level 1:colcon.colcon_core.package_identification:_identify(src/my_cpp_pkg) by extensions ['ignore', 'ignore_ament_install']
[0.759s] Level 1:colcon.colcon_core.package_identification:_identify(src/my_cpp_pkg) by extension 'ignore'
[0.759s] Level 1:colcon.colcon_core.package_identification:_identify(src/my_cpp_pkg) by extension 'ignore_ament_install'
[0.759s] Level 1:colcon.colcon_core.package_identification:_identify(src/my_cpp_pkg) by extensions ['colcon_pkg']
[0.759s] Level 1:colcon.colcon_core.package_identification:_identify(src/my_cpp_pkg) by extension 'colcon_pkg'
[0.759s] Level 1:colcon.colcon_core.package_identification:_identify(src/my_cpp_pkg) by extensions ['colcon_meta']
[0.759s] Level 1:colcon.colcon_core.package_identification:_identify(src/my_cpp_pkg) by extension 'colcon_meta'
[0.759s] Level 1:colcon.colcon_core.package_identification:_identify(src/my_cpp_pkg) by extensions ['ros']
[0.760s] Level 1:colcon.colcon_core.package_identification:_identify(src/my_cpp_pkg) by extension 'ros'
[0.760s] DEBUG:colcon.colcon_core.package_identification:Package 'src/my_cpp_pkg' with type 'ros.ament_cmake' and name 'my_cpp_pkg'
[0.761s] Level 1:colcon.colcon_core.package_identification:_identify(src/my_python_pkg) by extensions ['ignore', 'ignore_ament_install']
[0.761s] Level 1:colcon.colcon_core.package_identification:_identify(src/my_python_pkg) by extension 'ignore'
[0.761s] Level 1:colcon.colcon_core.package_identification:_identify(src/my_python_pkg) by extension 'ignore_ament_install'
[0.761s] Level 1:colcon.colcon_core.package_identification:_identify(src/my_python_pkg) by extensions ['colcon_pkg']
[0.761s] Level 1:colcon.colcon_core.package_identification:_identify(src/my_python_pkg) by extension 'colcon_pkg'
[0.761s] Level 1:colcon.colcon_core.package_identification:_identify(src/my_python_pkg) by extensions ['colcon_meta']
[0.761s] Level 1:colcon.colcon_core.package_identification:_identify(src/my_python_pkg) by extension 'colcon_meta'
[0.761s] Level 1:colcon.colcon_core.package_identification:_identify(src/my_python_pkg) by extensions ['ros']
[0.761s] Level 1:colcon.colcon_core.package_identification:_identify(src/my_python_pkg) by extension 'ros'
[0.762s] DEBUG:colcon.colcon_core.package_identification:Failed to parse potential ROS package manifest in'src/my_python_pkg': Error(s) in package 'src/my_python_pkg/package.xml':
The manifest contains invalid XML:
mismatched tag: line 14, column 20
[0.762s] Level 1:colcon.colcon_core.package_identification:_identify(src/my_python_pkg) by extensions ['cmake', 'python']
[0.762s] Level 1:colcon.colcon_core.package_identification:_identify(src/my_python_pkg) by extension 'cmake'
[0.762s] Level 1:colcon.colcon_core.package_identification:_identify(src/my_python_pkg) by extension 'python'
[0.762s] DEBUG:colcon.colcon_core.package_identification:Python package in 'src/my_python_pkg' passes arguments to the setup() function which requires a different identification extension than 'python'
[0.762s] Level 1:colcon.colcon_core.package_identification:_identify(src/my_python_pkg) by extensions ['python_setup_py']
[0.762s] Level 1:colcon.colcon_core.package_identification:_identify(src/my_python_pkg) by extension 'python_setup_py'
[1.275s] DEBUG:colcon.colcon_core.package_identification:Package 'src/my_python_pkg' with type 'python' and name 'my_python_pkg'
[1.275s] Level 1:colcon.colcon_core.package_identification:_identify(src/my_robot_bringup) by extensions ['ignore', 'ignore_ament_install']
[1.275s] Level 1:colcon.colcon_core.package_identification:_identify(src/my_robot_bringup) by extension 'ignore'
[1.275s] Level 1:colcon.colcon_core.package_identification:_identify(src/my_robot_bringup) by extension 'ignore_ament_install'
[1.276s] Level 1:colcon.colcon_core.package_identification:_identify(src/my_robot_bringup) by extensions ['colcon_pkg']
[1.276s] Level 1:colcon.colcon_core.package_identification:_identify(src/my_robot_bringup) by extension 'colcon_pkg'
[1.276s] Level 1:colcon.colcon_core.package_identification:_identify(src/my_robot_bringup) by extensions ['colcon_meta']
[1.276s] Level 1:colcon.colcon_core.package_identification:_identify(src/my_robot_bringup) by extension 'colcon_meta'
[1.276s] Level 1:colcon.colcon_core.package_identification:_identify(src/my_robot_bringup) by extensions ['ros']
[1.276s] Level 1:colcon.colcon_core.package_identification:_identify(src/my_robot_bringup) by extension 'ros'
[1.277s] DEBUG:colcon.colcon_core.package_identification:Package 'src/my_robot_bringup' with type 'ros.ament_cmake' and name 'my_robot_bringup'
[1.277s] Level 1:colcon.colcon_core.package_identification:_identify(src/my_robot_interfaces) by extensions ['ignore', 'ignore_ament_install']
[1.277s] Level 1:colcon.colcon_core.package_identification:_identify(src/my_robot_interfaces) by extension 'ignore'
[1.277s] Level 1:colcon.colcon_core.package_identification:_identify(src/my_robot_interfaces) by extension 'ignore_ament_install'
[1.277s] Level 1:colcon.colcon_core.package_identification:_identify(src/my_robot_interfaces) by extensions ['colcon_pkg']
[1.277s] Level 1:colcon.colcon_core.package_identification:_identify(src/my_robot_interfaces) by extension 'colcon_pkg'
[1.277s] Level 1:colcon.colcon_core.package_identification:_identify(src/my_robot_interfaces) by extensions ['colcon_meta']
[1.277s] Level 1:colcon.colcon_core.package_identification:_identify(src/my_robot_interfaces) by extension 'colcon_meta'
[1.277s] Level 1:colcon.colcon_core.package_identification:_identify(src/my_robot_interfaces) by extensions ['ros']
[1.277s] Level 1:colcon.colcon_core.package_identification:_identify(src/my_robot_interfaces) by extension 'ros'
[1.278s] DEBUG:colcon.colcon_core.package_identification:Package 'src/my_robot_interfaces' with type 'ros.ament_cmake' and name 'my_robot_interfaces'
[1.278s] Level 1:colcon.colcon_core.package_identification:_identify(src/src) by extensions ['ignore', 'ignore_ament_install']
[1.278s] Level 1:colcon.colcon_core.package_identification:_identify(src/src) by extension 'ignore'
[1.278s] Level 1:colcon.colcon_core.package_identification:_identify(src/src) by extension 'ignore_ament_install'
[1.278s] Level 1:colcon.colcon_core.package_identification:_identify(src/src) by extensions ['colcon_pkg']
[1.278s] Level 1:colcon.colcon_core.package_identification:_identify(src/src) by extension 'colcon_pkg'
[1.278s] Level 1:colcon.colcon_core.package_identification:_identify(src/src) by extensions ['colcon_meta']
[1.278s] Level 1:colcon.colcon_core.package_identification:_identify(src/src) by extension 'colcon_meta'
[1.278s] Level 1:colcon.colcon_core.package_identification:_identify(src/src) by extensions ['ros']
[1.278s] Level 1:colcon.colcon_core.package_identification:_identify(src/src) by extension 'ros'
[1.279s] Level 1:colcon.colcon_core.package_identification:_identify(src/src) by extensions ['cmake', 'python']
[1.279s] Level 1:colcon.colcon_core.package_identification:_identify(src/src) by extension 'cmake'
[1.279s] Level 1:colcon.colcon_core.package_identification:_identify(src/src) by extension 'python'
[1.279s] Level 1:colcon.colcon_core.package_identification:_identify(src/src) by extensions ['python_setup_py']
[1.279s] Level 1:colcon.colcon_core.package_identification:_identify(src/src) by extension 'python_setup_py'
[1.279s] Level 1:colcon.colcon_core.package_identification:_identify(src/src/v4l2_camera) by extensions ['ignore', 'ignore_ament_install']
[1.279s] Level 1:colcon.colcon_core.package_identification:_identify(src/src/v4l2_camera) by extension 'ignore'
[1.279s] Level 1:colcon.colcon_core.package_identification:_identify(src/src/v4l2_camera) by extension 'ignore_ament_install'
[1.279s] Level 1:colcon.colcon_core.package_identification:_identify(src/src/v4l2_camera) by extensions ['colcon_pkg']
[1.279s] Level 1:colcon.colcon_core.package_identification:_identify(src/src/v4l2_camera) by extension 'colcon_pkg'
[1.279s] Level 1:colcon.colcon_core.package_identification:_identify(src/src/v4l2_camera) by extensions ['colcon_meta']
[1.279s] Level 1:colcon.colcon_core.package_identification:_identify(src/src/v4l2_camera) by extension 'colcon_meta'
[1.279s] Level 1:colcon.colcon_core.package_identification:_identify(src/src/v4l2_camera) by extensions ['ros']
[1.279s] Level 1:colcon.colcon_core.package_identification:_identify(src/src/v4l2_camera) by extension 'ros'
[1.280s] DEBUG:colcon.colcon_core.package_identification:Package 'src/src/v4l2_camera' with type 'ros.ament_cmake' and name 'v4l2_camera'
[1.280s] Level 1:colcon.colcon_core.package_discovery:discover_packages(recursive) using defaults
[1.281s] Level 1:colcon.colcon_core.package_discovery:discover_packages(ignore) discover
[1.281s] Level 1:colcon.colcon_core.package_discovery:discover_packages(ignore) using defaults
[1.281s] Level 1:colcon.colcon_core.package_discovery:discover_packages(path) discover
[1.281s] Level 1:colcon.colcon_core.package_discovery:discover_packages(path) using defaults
[1.315s] INFO:colcon.colcon_core.package_selection:Skipping not selected package 'audio_common_msgs' in 'src/M2S2/audio_common/audio_common_msgs'
[1.315s] INFO:colcon.colcon_core.package_selection:Skipping not selected package 'flir_lepton_msgs' in 'src/flir_lepton/flir_lepton_msgs'
[1.315s] INFO:colcon.colcon_core.package_selection:Skipping not selected package 'm2s2_bringup' in 'src/M2S2/m2s2_bringup'
[1.315s] INFO:colcon.colcon_core.package_selection:Skipping not selected package 'm2s2_custom_interfaces' in 'src/M2S2/m2s2_custom_interfaces'
[1.315s] INFO:colcon.colcon_core.package_selection:Skipping not selected package 'm2s2_test_python' in 'src/m2s2_test_python'
[1.315s] INFO:colcon.colcon_core.package_selection:Skipping not selected package 'my_python_pkg' in 'src/my_python_pkg'
[1.315s] INFO:colcon.colcon_core.package_selection:Skipping not selected package 'my_robot_interfaces' in 'src/my_robot_interfaces'
[1.315s] INFO:colcon.colcon_core.package_selection:Skipping not selected package 'v4l2_camera' in 'src/src/v4l2_camera'
[1.315s] INFO:colcon.colcon_core.package_selection:Skipping not selected package 'audio_capture' in 'src/M2S2/audio_common/audio_capture'
[1.315s] INFO:colcon.colcon_core.package_selection:Skipping not selected package 'audio_play' in 'src/M2S2/audio_common/audio_play'
[1.315s] INFO:colcon.colcon_core.package_selection:Skipping not selected package 'bme280' in 'src/M2S2/bme280'
[1.315s] INFO:colcon.colcon_core.package_selection:Skipping not selected package 'flir_lepton_capture' in 'src/flir_lepton/flir_lepton_capture'
[1.316s] INFO:colcon.colcon_core.package_selection:Skipping not selected package 'my_cpp_pkg' in 'src/my_cpp_pkg'
[1.316s] INFO:colcon.colcon_core.package_selection:Skipping not selected package 'sound_play' in 'src/M2S2/audio_common/sound_play'
[1.316s] INFO:colcon.colcon_core.package_selection:Skipping not selected package 'audio_common' in 'src/M2S2/audio_common/audio_common'
[1.316s] INFO:colcon.colcon_core.package_selection:Skipping not selected package 'my_robot_bringup' in 'src/my_robot_bringup'
[1.317s] Level 1:colcon.colcon_core.package_discovery:discover_packages(prefix_path) check parameters
[1.317s] Level 1:colcon.colcon_core.package_discovery:discover_packages(prefix_path) discover
[1.322s] DEBUG:colcon.colcon_installed_package_information.package_discovery:Found 18 installed packages in /home/azraa/ros2_ws/install
[1.325s] DEBUG:colcon.colcon_installed_package_information.package_discovery:Found 259 installed packages in /opt/ros/foxy
[1.329s] Level 1:colcon.colcon_core.package_discovery:discover_packages(prefix_path) using defaults
[1.428s] Level 5:colcon.colcon_core.verb:set package 'gscam' build argument 'cmake_args' from command line to 'None'
[1.428s] Level 5:colcon.colcon_core.verb:set package 'gscam' build argument 'cmake_target' from command line to 'None'
[1.428s] Level 5:colcon.colcon_core.verb:set package 'gscam' build argument 'cmake_target_skip_unavailable' from command line to 'False'
[1.428s] Level 5:colcon.colcon_core.verb:set package 'gscam' build argument 'cmake_clean_cache' from command line to 'False'
[1.429s] Level 5:colcon.colcon_core.verb:set package 'gscam' build argument 'cmake_clean_first' from command line to 'False'
[1.429s] Level 5:colcon.colcon_core.verb:set package 'gscam' build argument 'cmake_force_configure' from command line to 'False'
[1.429s] Level 5:colcon.colcon_core.verb:set package 'gscam' build argument 'ament_cmake_args' from command line to 'None'
[1.429s] Level 5:colcon.colcon_core.verb:set package 'gscam' build argument 'catkin_cmake_args' from command line to 'None'
[1.429s] Level 5:colcon.colcon_core.verb:set package 'gscam' build argument 'catkin_skip_building_tests' from command line to 'False'
[1.429s] DEBUG:colcon.colcon_core.verb:Building package 'gscam' with the following arguments: {'ament_cmake_args': None, 'build_base': '/home/azraa/ros2_ws/build/gscam', 'catkin_cmake_args': None, 'catkin_skip_building_tests': False, 'cmake_args': None, 'cmake_clean_cache': False, 'cmake_clean_first': False, 'cmake_force_configure': False, 'cmake_target': None, 'cmake_target_skip_unavailable': False, 'install_base': '/home/azraa/ros2_ws/install/gscam', 'merge_install': False, 'path': '/home/azraa/ros2_ws/src/gscam', 'symlink_install': False, 'test_result_base': None}
[1.430s] INFO:colcon.colcon_core.executor:Executing jobs using 'parallel' executor
[1.439s] DEBUG:colcon.colcon_parallel_executor.executor.parallel:run_until_complete
[1.439s] INFO:colcon.colcon_ros.task.ament_cmake.build:Building ROS package in '/home/azraa/ros2_ws/src/gscam' with build type 'ament_cmake'
[1.439s] INFO:colcon.colcon_cmake.task.cmake.build:Building CMake package in '/home/azraa/ros2_ws/src/gscam'
[1.446s] INFO:colcon.colcon_core.plugin_system:Skipping extension 'colcon_core.shell.bat': Not used on non-Windows systems
[1.447s] INFO:colcon.colcon_core.shell:Skip shell extension 'powershell' for command environment: Not usable outside of PowerShell
[1.447s] DEBUG:colcon.colcon_core.shell:Skip shell extension 'dsv' for command environment
[1.455s] DEBUG:colcon.colcon_core.shell:Ignoring prefix path '/opt/ros/noetic'
[1.466s] DEBUG:colcon.colcon_core.event_handler.log_command:Invoking command in '/home/azraa/ros2_ws/build/gscam': CMAKE_PREFIX_PATH=/home/azraa/ros2_ws/install/v4l2_camera:/home/azraa/ros2_ws/install/audio_common:/home/azraa/ros2_ws/install/sound_play:/home/azraa/ros2_ws/install/my_robot_bringup:/home/azraa/ros2_ws/install/my_cpp_pkg:/home/azraa/ros2_ws/install/my_robot_interfaces:/home/azraa/ros2_ws/install/bme280:/home/azraa/ros2_ws/install/m2s2_custom_interfaces:/home/azraa/ros2_ws/install/m2s2_bringup:/home/azraa/ros2_ws/install/gscam:/home/azraa/ros2_ws/install/flir_lepton_capture:/home/azraa/ros2_ws/install/flir_lepton_msgs:/home/azraa/ros2_ws/install/audio_play:/home/azraa/ros2_ws/install/audio_capture:/home/azraa/ros2_ws/install/audio_common_msgs:/home/azraa/ros2_ws/install/m2s2_test_python:/opt/ros/foxy:/opt/ros/noetic /usr/bin/cmake --build /home/azraa/ros2_ws/build/gscam -- -j4 -l4
[6.902s] DEBUG:colcon.colcon_core.event_handler.log_command:Invoked command in '/home/azraa/ros2_ws/build/gscam' returned '0': CMAKE_PREFIX_PATH=/home/azraa/ros2_ws/install/v4l2_camera:/home/azraa/ros2_ws/install/audio_common:/home/azraa/ros2_ws/install/sound_play:/home/azraa/ros2_ws/install/my_robot_bringup:/home/azraa/ros2_ws/install/my_cpp_pkg:/home/azraa/ros2_ws/install/my_robot_interfaces:/home/azraa/ros2_ws/install/bme280:/home/azraa/ros2_ws/install/m2s2_custom_interfaces:/home/azraa/ros2_ws/install/m2s2_bringup:/home/azraa/ros2_ws/install/gscam:/home/azraa/ros2_ws/install/flir_lepton_capture:/home/azraa/ros2_ws/install/flir_lepton_msgs:/home/azraa/ros2_ws/install/audio_play:/home/azraa/ros2_ws/install/audio_capture:/home/azraa/ros2_ws/install/audio_common_msgs:/home/azraa/ros2_ws/install/m2s2_test_python:/opt/ros/foxy:/opt/ros/noetic /usr/bin/cmake --build /home/azraa/ros2_ws/build/gscam -- -j4 -l4
[6.960s] DEBUG:colcon.colcon_core.event_handler.log_command:Invoking command in '/home/azraa/ros2_ws/build/gscam': CMAKE_PREFIX_PATH=/home/azraa/ros2_ws/install/v4l2_camera:/home/azraa/ros2_ws/install/audio_common:/home/azraa/ros2_ws/install/sound_play:/home/azraa/ros2_ws/install/my_robot_bringup:/home/azraa/ros2_ws/install/my_cpp_pkg:/home/azraa/ros2_ws/install/my_robot_interfaces:/home/azraa/ros2_ws/install/bme280:/home/azraa/ros2_ws/install/m2s2_custom_interfaces:/home/azraa/ros2_ws/install/m2s2_bringup:/home/azraa/ros2_ws/install/gscam:/home/azraa/ros2_ws/install/flir_lepton_capture:/home/azraa/ros2_ws/install/flir_lepton_msgs:/home/azraa/ros2_ws/install/audio_play:/home/azraa/ros2_ws/install/audio_capture:/home/azraa/ros2_ws/install/audio_common_msgs:/home/azraa/ros2_ws/install/m2s2_test_python:/opt/ros/foxy:/opt/ros/noetic /usr/bin/cmake --install /home/azraa/ros2_ws/build/gscam
[6.976s] Level 1:colcon.colcon_core.environment:create_environment_scripts_only(gscam)
[6.979s] DEBUG:colcon.colcon_core.event_handler.log_command:Invoked command in '/home/azraa/ros2_ws/build/gscam' returned '0': CMAKE_PREFIX_PATH=/home/azraa/ros2_ws/install/v4l2_camera:/home/azraa/ros2_ws/install/audio_common:/home/azraa/ros2_ws/install/sound_play:/home/azraa/ros2_ws/install/my_robot_bringup:/home/azraa/ros2_ws/install/my_cpp_pkg:/home/azraa/ros2_ws/install/my_robot_interfaces:/home/azraa/ros2_ws/install/bme280:/home/azraa/ros2_ws/install/m2s2_custom_interfaces:/home/azraa/ros2_ws/install/m2s2_bringup:/home/azraa/ros2_ws/install/gscam:/home/azraa/ros2_ws/install/flir_lepton_capture:/home/azraa/ros2_ws/install/flir_lepton_msgs:/home/azraa/ros2_ws/install/audio_play:/home/azraa/ros2_ws/install/audio_capture:/home/azraa/ros2_ws/install/audio_common_msgs:/home/azraa/ros2_ws/install/m2s2_test_python:/opt/ros/foxy:/opt/ros/noetic /usr/bin/cmake --install /home/azraa/ros2_ws/build/gscam
[6.985s] Level 1:colcon.colcon_core.environment:checking '/home/azraa/ros2_ws/install/gscam' for CMake module files
[6.985s] Level 1:colcon.colcon_core.environment:checking '/home/azraa/ros2_ws/install/gscam' for CMake config files
[6.986s] Level 1:colcon.colcon_core.shell:create_environment_hook('gscam', 'cmake_prefix_path')
[6.988s] INFO:colcon.colcon_core.shell:Creating environment hook '/home/azraa/ros2_ws/install/gscam/share/gscam/hook/cmake_prefix_path.ps1'
[6.989s] INFO:colcon.colcon_core.shell:Creating environment descriptor '/home/azraa/ros2_ws/install/gscam/share/gscam/hook/cmake_prefix_path.dsv'
[6.990s] INFO:colcon.colcon_core.shell:Creating environment hook '/home/azraa/ros2_ws/install/gscam/share/gscam/hook/cmake_prefix_path.sh'
[6.991s] Level 1:colcon.colcon_core.environment:checking '/home/azraa/ros2_ws/install/gscam/lib'
[6.991s] Level 1:colcon.colcon_core.shell:create_environment_hook('gscam', 'ld_library_path_lib')
[6.994s] INFO:colcon.colcon_core.shell:Creating environment hook '/home/azraa/ros2_ws/install/gscam/share/gscam/hook/ld_library_path_lib.ps1'
[6.994s] INFO:colcon.colcon_core.shell:Creating environment descriptor '/home/azraa/ros2_ws/install/gscam/share/gscam/hook/ld_library_path_lib.dsv'
[6.994s] INFO:colcon.colcon_core.shell:Creating environment hook '/home/azraa/ros2_ws/install/gscam/share/gscam/hook/ld_library_path_lib.sh'
[6.995s] Level 1:colcon.colcon_core.environment:checking '/home/azraa/ros2_ws/install/gscam/bin'
[6.995s] Level 1:colcon.colcon_core.environment:checking '/home/azraa/ros2_ws/install/gscam/lib/pkgconfig/gscam.pc'
[6.996s] Level 1:colcon.colcon_core.environment:checking '/home/azraa/ros2_ws/install/gscam/lib/python3.8/site-packages'
[6.996s] Level 1:colcon.colcon_core.environment:checking '/home/azraa/ros2_ws/install/gscam/bin'
[6.999s] INFO:colcon.colcon_core.shell:Creating package script '/home/azraa/ros2_ws/install/gscam/share/gscam/package.ps1'
[7.000s] INFO:colcon.colcon_core.shell:Creating package descriptor '/home/azraa/ros2_ws/install/gscam/share/gscam/package.dsv'
[7.001s] INFO:colcon.colcon_core.shell:Creating package script '/home/azraa/ros2_ws/install/gscam/share/gscam/package.sh'
[7.002s] INFO:colcon.colcon_core.shell:Creating package script '/home/azraa/ros2_ws/install/gscam/share/gscam/package.bash'
[7.003s] INFO:colcon.colcon_core.shell:Creating package script '/home/azraa/ros2_ws/install/gscam/share/gscam/package.zsh'
[7.004s] Level 1:colcon.colcon_core.environment:create_file_with_runtime_dependencies(/home/azraa/ros2_ws/install/gscam/share/colcon-core/packages/gscam)
[7.045s] Level 1:colcon.colcon_core.environment:create_environment_scripts_only(gscam)
[7.049s] Level 1:colcon.colcon_core.environment:checking '/home/azraa/ros2_ws/install/gscam' for CMake module files
[7.049s] Level 1:colcon.colcon_core.environment:checking '/home/azraa/ros2_ws/install/gscam' for CMake config files
[7.050s] Level 1:colcon.colcon_core.shell:create_environment_hook('gscam', 'cmake_prefix_path')
[7.052s] INFO:colcon.colcon_core.shell:Creating environment hook '/home/azraa/ros2_ws/install/gscam/share/gscam/hook/cmake_prefix_path.ps1'
[7.053s] INFO:colcon.colcon_core.shell:Creating environment descriptor '/home/azraa/ros2_ws/install/gscam/share/gscam/hook/cmake_prefix_path.dsv'
[7.053s] INFO:colcon.colcon_core.shell:Creating environment hook '/home/azraa/ros2_ws/install/gscam/share/gscam/hook/cmake_prefix_path.sh'
[7.054s] Level 1:colcon.colcon_core.environment:checking '/home/azraa/ros2_ws/install/gscam/lib'
[7.054s] Level 1:colcon.colcon_core.shell:create_environment_hook('gscam', 'ld_library_path_lib')
[7.056s] INFO:colcon.colcon_core.shell:Creating environment hook '/home/azraa/ros2_ws/install/gscam/share/gscam/hook/ld_library_path_lib.ps1'
[7.057s] INFO:colcon.colcon_core.shell:Creating environment descriptor '/home/azraa/ros2_ws/install/gscam/share/gscam/hook/ld_library_path_lib.dsv'
[7.057s] INFO:colcon.colcon_core.shell:Creating environment hook '/home/azraa/ros2_ws/install/gscam/share/gscam/hook/ld_library_path_lib.sh'
[7.057s] Level 1:colcon.colcon_core.environment:checking '/home/azraa/ros2_ws/install/gscam/bin'
[7.058s] Level 1:colcon.colcon_core.environment:checking '/home/azraa/ros2_ws/install/gscam/lib/pkgconfig/gscam.pc'
[7.058s] Level 1:colcon.colcon_core.environment:checking '/home/azraa/ros2_ws/install/gscam/lib/python3.8/site-packages'
[7.058s] Level 1:colcon.colcon_core.environment:checking '/home/azraa/ros2_ws/install/gscam/bin'
[7.061s] INFO:colcon.colcon_core.shell:Creating package script '/home/azraa/ros2_ws/install/gscam/share/gscam/package.ps1'
[7.062s] INFO:colcon.colcon_core.shell:Creating package descriptor '/home/azraa/ros2_ws/install/gscam/share/gscam/package.dsv'
[7.062s] INFO:colcon.colcon_core.shell:Creating package script '/home/azraa/ros2_ws/install/gscam/share/gscam/package.sh'
[7.063s] INFO:colcon.colcon_core.shell:Creating package script '/home/azraa/ros2_ws/install/gscam/share/gscam/package.bash'
[7.063s] INFO:colcon.colcon_core.shell:Creating package script '/home/azraa/ros2_ws/install/gscam/share/gscam/package.zsh'
[7.064s] Level 1:colcon.colcon_core.environment:create_file_with_runtime_dependencies(/home/azraa/ros2_ws/install/gscam/share/colcon-core/packages/gscam)
[7.064s] DEBUG:colcon.colcon_parallel_executor.executor.parallel:closing loop
[7.064s] DEBUG:colcon.colcon_parallel_executor.executor.parallel:loop closed
[7.065s] DEBUG:colcon.colcon_parallel_executor.executor.parallel:run_until_complete finished with '0'
[7.065s] DEBUG:colcon.colcon_core.event_reactor:joining thread
[7.074s] INFO:colcon.colcon_core.plugin_system:Skipping extension 'colcon_notification.desktop_notification.terminal_notifier': Not used on non-Darwin systems
[7.074s] INFO:colcon.colcon_core.plugin_system:Skipping extension 'colcon_notification.desktop_notification.win32': Not used on non-Windows systems
[7.074s] INFO:colcon.colcon_notification.desktop_notification:Sending desktop notification using 'notify2'
[7.092s] DEBUG:colcon.colcon_core.event_reactor:joined thread
[7.095s] INFO:colcon.colcon_core.shell:Creating prefix script '/home/azraa/ros2_ws/install/local_setup.ps1'
[7.097s] INFO:colcon.colcon_core.shell:Creating prefix util module '/home/azraa/ros2_ws/install/_local_setup_util_ps1.py'
[7.099s] INFO:colcon.colcon_core.shell:Creating prefix chain script '/home/azraa/ros2_ws/install/setup.ps1'
[7.107s] INFO:colcon.colcon_core.shell:Creating prefix script '/home/azraa/ros2_ws/install/local_setup.sh'
[7.108s] INFO:colcon.colcon_core.shell:Creating prefix util module '/home/azraa/ros2_ws/install/_local_setup_util_sh.py'
[7.108s] INFO:colcon.colcon_core.shell:Creating prefix chain script '/home/azraa/ros2_ws/install/setup.sh'
[7.112s] INFO:colcon.colcon_core.shell:Creating prefix script '/home/azraa/ros2_ws/install/local_setup.bash'
[7.113s] INFO:colcon.colcon_core.shell:Creating prefix chain script '/home/azraa/ros2_ws/install/setup.bash'
[7.117s] INFO:colcon.colcon_core.shell:Creating prefix script '/home/azraa/ros2_ws/install/local_setup.zsh'
[7.118s] INFO:colcon.colcon_core.shell:Creating prefix chain script '/home/azraa/ros2_ws/install/setup.zsh'
