[0.035s] Invoking command in '/home/azraa/ros2_ws/src/build/my_robot_interfaces': CMAKE_PREFIX_PATH=${CMAKE_PREFIX_PATH}:/home/azraa/ros2_ws/install/my_py_pkg:/opt/ros/foxy /usr/bin/cmake /home/azraa/ros2_ws/src/my_robot_interfaces -DCMAKE_INSTALL_PREFIX=/home/azraa/ros2_ws/src/install/my_robot_interfaces
[0.116s] -- The C compiler identification is GNU 9.4.0
[0.188s] -- The CXX compiler identification is GNU 9.4.0
[0.195s] -- Check for working C compiler: /usr/bin/cc
[0.280s] -- Check for working C compiler: /usr/bin/cc -- works
[0.281s] -- Detecting C compiler ABI info
[0.365s] -- Detecting C compiler ABI info - done
[0.386s] -- Detecting C compile features
[0.387s] -- Detecting C compile features - done
[0.391s] -- Check for working CXX compiler: /usr/bin/c++
[0.496s] -- Check for working CXX compiler: /usr/bin/c++ -- works
[0.497s] -- Detecting CXX compiler ABI info
[0.597s] -- Detecting CXX compiler ABI info - done
[0.622s] -- Detecting CXX compile features
[0.623s] -- Detecting CXX compile features - done
[0.626s] -- Found ament_cmake: 0.9.9 (/opt/ros/foxy/share/ament_cmake/cmake)
[0.664s] -- Found PythonInterp: /usr/bin/python3 (found suitable version "3.8.10", minimum required is "3") 
[0.664s] -- Using PYTHON_EXECUTABLE: /usr/bin/python3
[0.940s] -- Found rosidl_default_generators: 1.0.1 (/opt/ros/foxy/share/rosidl_default_generators/cmake)
[0.945s] -- Using all available rosidl_typesupport_c: rosidl_typesupport_fastrtps_c;rosidl_typesupport_introspection_c
[0.955s] -- Found rosidl_adapter: 1.2.1 (/opt/ros/foxy/share/rosidl_adapter/cmake)
[1.077s] -- Found OpenSSL: /usr/lib/x86_64-linux-gnu/libcrypto.so (found version "1.1.1f")  
[1.118s] -- Found FastRTPS: /opt/ros/foxy/include  
[1.235s] -- Using all available rosidl_typesupport_cpp: rosidl_typesupport_fastrtps_cpp;rosidl_typesupport_introspection_cpp
[1.315s] -- Found PythonInterp: /usr/bin/python3 (found version "3.8.10") 
[1.530s] -- Found ament_cmake_ros: 0.9.2 (/opt/ros/foxy/share/ament_cmake_ros/cmake)
[1.668s] -- Using all available rosidl_typesupport_c: rosidl_typesupport_fastrtps_c;rosidl_typesupport_introspection_c
[1.684s] -- Using all available rosidl_typesupport_cpp: rosidl_typesupport_fastrtps_cpp;rosidl_typesupport_introspection_cpp
[1.726s] -- Found PythonInterp: /usr/bin/python3 (found suitable version "3.8.10", minimum required is "3.5") 
[1.728s] -- Found python_cmake_module: 0.8.1 (/opt/ros/foxy/share/python_cmake_module/cmake)
[1.776s] -- Found PythonLibs: /usr/lib/x86_64-linux-gnu/libpython3.8.so (found suitable version "3.8.10", minimum required is "3.5") 
[1.776s] -- Using PYTHON_EXECUTABLE: /usr/bin/python3
[1.776s] -- Using PYTHON_INCLUDE_DIRS: /usr/include/python3.8
[1.776s] -- Using PYTHON_LIBRARIES: /usr/lib/x86_64-linux-gnu/libpython3.8.so
[1.811s] -- Found PythonExtra: .so  
[1.888s] -- Configuring done
[1.952s] -- Generating done
[1.957s] -- Build files have been written to: /home/azraa/ros2_ws/src/build/my_robot_interfaces
[1.966s] Invoked command in '/home/azraa/ros2_ws/src/build/my_robot_interfaces' returned '0': CMAKE_PREFIX_PATH=${CMAKE_PREFIX_PATH}:/home/azraa/ros2_ws/install/my_py_pkg:/opt/ros/foxy /usr/bin/cmake /home/azraa/ros2_ws/src/my_robot_interfaces -DCMAKE_INSTALL_PREFIX=/home/azraa/ros2_ws/src/install/my_robot_interfaces
[1.970s] Invoking command in '/home/azraa/ros2_ws/src/build/my_robot_interfaces': CMAKE_PREFIX_PATH=${CMAKE_PREFIX_PATH}:/home/azraa/ros2_ws/install/my_py_pkg:/opt/ros/foxy /usr/bin/cmake --build /home/azraa/ros2_ws/src/build/my_robot_interfaces -- -j4 -l4
[2.019s] [  1%] [34m[1mGenerating C code for ROS interfaces[0m
[2.020s] [35m[1mScanning dependencies of target my_robot_interfaces__cpp[0m
[2.032s] [  3%] [34m[1mGenerating C++ code for ROS interfaces[0m
[3.112s] [  3%] Built target my_robot_interfaces__cpp
[3.178s] [  5%] [34m[1mGenerating C++ introspection for ROS interfaces[0m
[3.234s] [  7%] [34m[1mGenerating C++ type support for eProsima Fast-RTPS[0m
[3.382s] [  9%] [34m[1mGenerating C++ type support dispatch for ROS interfaces[0m
[3.418s] [35m[1mScanning dependencies of target my_robot_interfaces__rosidl_generator_c[0m
[3.540s] [ 10%] [32mBuilding C object CMakeFiles/my_robot_interfaces__rosidl_generator_c.dir/rosidl_generator_c/my_robot_interfaces/msg/detail/hardware_status__functions.c.o[0m
[3.755s] [ 12%] [32mBuilding C object CMakeFiles/my_robot_interfaces__rosidl_generator_c.dir/rosidl_generator_c/my_robot_interfaces/msg/detail/led_states__functions.c.o[0m
[3.951s] [ 14%] [32mBuilding C object CMakeFiles/my_robot_interfaces__rosidl_generator_c.dir/rosidl_generator_c/my_robot_interfaces/srv/detail/compute_rectangle_area__functions.c.o[0m
[4.156s] [ 16%] [32mBuilding C object CMakeFiles/my_robot_interfaces__rosidl_generator_c.dir/rosidl_generator_c/my_robot_interfaces/srv/detail/set_led__functions.c.o[0m
[4.383s] [ 18%] [32m[1mLinking C shared library libmy_robot_interfaces__rosidl_generator_c.so[0m
[4.591s] [ 18%] Built target my_robot_interfaces__rosidl_generator_c
[4.665s] [ 20%] [34m[1mGenerating C introspection for ROS interfaces[0m
[5.129s] [35m[1mScanning dependencies of target my_robot_interfaces__rosidl_typesupport_cpp[0m
[5.261s] [ 21%] [32mBuilding CXX object CMakeFiles/my_robot_interfaces__rosidl_typesupport_cpp.dir/rosidl_typesupport_cpp/my_robot_interfaces/msg/hardware_status__type_support.cpp.o[0m
[5.494s] [35m[1mScanning dependencies of target my_robot_interfaces__rosidl_typesupport_introspection_cpp[0m
[5.551s] [ 23%] [32mBuilding CXX object CMakeFiles/my_robot_interfaces__rosidl_typesupport_introspection_cpp.dir/rosidl_typesupport_introspection_cpp/my_robot_interfaces/msg/detail/hardware_status__type_support.cpp.o[0m
[5.922s] [35m[1mScanning dependencies of target my_robot_interfaces__rosidl_typesupport_fastrtps_cpp[0m
[6.047s] [ 25%] [32mBuilding CXX object CMakeFiles/my_robot_interfaces__rosidl_typesupport_fastrtps_cpp.dir/rosidl_typesupport_fastrtps_cpp/my_robot_interfaces/msg/detail/dds_fastrtps/hardware_status__type_support.cpp.o[0m
[6.575s] [ 27%] [32mBuilding CXX object CMakeFiles/my_robot_interfaces__rosidl_typesupport_introspection_cpp.dir/rosidl_typesupport_introspection_cpp/my_robot_interfaces/msg/detail/led_states__type_support.cpp.o[0m
[6.595s] [ 29%] [32mBuilding CXX object CMakeFiles/my_robot_interfaces__rosidl_typesupport_cpp.dir/rosidl_typesupport_cpp/my_robot_interfaces/msg/led_states__type_support.cpp.o[0m
[7.092s] [35m[1mScanning dependencies of target my_robot_interfaces__rosidl_typesupport_introspection_c[0m
[7.195s] [ 30%] [32mBuilding C object CMakeFiles/my_robot_interfaces__rosidl_typesupport_introspection_c.dir/rosidl_typesupport_introspection_c/my_robot_interfaces/msg/detail/hardware_status__type_support.c.o[0m
[7.404s] [ 32%] [32mBuilding C object CMakeFiles/my_robot_interfaces__rosidl_typesupport_introspection_c.dir/rosidl_typesupport_introspection_c/my_robot_interfaces/msg/detail/led_states__type_support.c.o[0m
[7.567s] [ 34%] [32mBuilding C object CMakeFiles/my_robot_interfaces__rosidl_typesupport_introspection_c.dir/rosidl_typesupport_introspection_c/my_robot_interfaces/srv/detail/compute_rectangle_area__type_support.c.o[0m
[7.659s] [ 36%] [32mBuilding CXX object CMakeFiles/my_robot_interfaces__rosidl_typesupport_cpp.dir/rosidl_typesupport_cpp/my_robot_interfaces/srv/compute_rectangle_area__type_support.cpp.o[0m
[7.683s] [ 38%] [32mBuilding CXX object CMakeFiles/my_robot_interfaces__rosidl_typesupport_fastrtps_cpp.dir/rosidl_typesupport_fastrtps_cpp/my_robot_interfaces/msg/detail/dds_fastrtps/led_states__type_support.cpp.o[0m
[7.733s] [ 40%] [32mBuilding C object CMakeFiles/my_robot_interfaces__rosidl_typesupport_introspection_c.dir/rosidl_typesupport_introspection_c/my_robot_interfaces/srv/detail/set_led__type_support.c.o[0m
[7.815s] [ 41%] [32mBuilding CXX object CMakeFiles/my_robot_interfaces__rosidl_typesupport_introspection_cpp.dir/rosidl_typesupport_introspection_cpp/my_robot_interfaces/srv/detail/compute_rectangle_area__type_support.cpp.o[0m
[7.903s] [ 43%] [32m[1mLinking C shared library libmy_robot_interfaces__rosidl_typesupport_introspection_c.so[0m
[8.102s] [ 43%] Built target my_robot_interfaces__rosidl_typesupport_introspection_c
[8.165s] [ 45%] [34m[1mGenerating C type support dispatch for ROS interfaces[0m
[8.865s] [ 47%] [32mBuilding CXX object CMakeFiles/my_robot_interfaces__rosidl_typesupport_introspection_cpp.dir/rosidl_typesupport_introspection_cpp/my_robot_interfaces/srv/detail/set_led__type_support.cpp.o[0m
[8.907s] [ 49%] [32mBuilding CXX object CMakeFiles/my_robot_interfaces__rosidl_typesupport_cpp.dir/rosidl_typesupport_cpp/my_robot_interfaces/srv/set_led__type_support.cpp.o[0m
[9.315s] [ 50%] [32mBuilding CXX object CMakeFiles/my_robot_interfaces__rosidl_typesupport_fastrtps_cpp.dir/rosidl_typesupport_fastrtps_cpp/my_robot_interfaces/srv/detail/dds_fastrtps/compute_rectangle_area__type_support.cpp.o[0m
[10.108s] [35m[1mScanning dependencies of target my_robot_interfaces__rosidl_typesupport_c[0m
[10.214s] [ 52%] [32mBuilding CXX object CMakeFiles/my_robot_interfaces__rosidl_typesupport_c.dir/rosidl_typesupport_c/my_robot_interfaces/msg/hardware_status__type_support.cpp.o[0m
[10.345s] [ 54%] [32m[1mLinking CXX shared library libmy_robot_interfaces__rosidl_typesupport_cpp.so[0m
[10.409s] [ 56%] [32mBuilding CXX object CMakeFiles/my_robot_interfaces__rosidl_typesupport_c.dir/rosidl_typesupport_c/my_robot_interfaces/msg/led_states__type_support.cpp.o[0m
[10.433s] [ 58%] [32m[1mLinking CXX shared library libmy_robot_interfaces__rosidl_typesupport_introspection_cpp.so[0m
[10.561s] [ 58%] Built target my_robot_interfaces__rosidl_typesupport_cpp
[10.585s] [ 60%] [32mBuilding CXX object CMakeFiles/my_robot_interfaces__rosidl_typesupport_fastrtps_cpp.dir/rosidl_typesupport_fastrtps_cpp/my_robot_interfaces/srv/detail/dds_fastrtps/set_led__type_support.cpp.o[0m
[10.627s] [ 61%] [32mBuilding CXX object CMakeFiles/my_robot_interfaces__rosidl_typesupport_c.dir/rosidl_typesupport_c/my_robot_interfaces/srv/compute_rectangle_area__type_support.cpp.o[0m
[10.785s] [ 61%] Built target my_robot_interfaces__rosidl_typesupport_introspection_cpp
[10.835s] [ 63%] [32mBuilding CXX object CMakeFiles/my_robot_interfaces__rosidl_typesupport_c.dir/rosidl_typesupport_c/my_robot_interfaces/srv/set_led__type_support.cpp.o[0m
[10.998s] [ 65%] [32m[1mLinking CXX shared library libmy_robot_interfaces__rosidl_typesupport_c.so[0m
[11.174s] [ 65%] Built target my_robot_interfaces__rosidl_typesupport_c
[11.897s] [ 67%] [32m[1mLinking CXX shared library libmy_robot_interfaces__rosidl_typesupport_fastrtps_cpp.so[0m
[12.295s] [ 67%] Built target my_robot_interfaces__rosidl_typesupport_fastrtps_cpp
[12.355s] [ 69%] [34m[1mGenerating C type support for eProsima Fast-RTPS[0m
[14.294s] [35m[1mScanning dependencies of target my_robot_interfaces__rosidl_typesupport_fastrtps_c[0m
[14.383s] [ 70%] [32mBuilding CXX object CMakeFiles/my_robot_interfaces__rosidl_typesupport_fastrtps_c.dir/rosidl_typesupport_fastrtps_c/my_robot_interfaces/msg/detail/hardware_status__type_support_c.cpp.o[0m
[14.392s] [ 72%] [32mBuilding CXX object CMakeFiles/my_robot_interfaces__rosidl_typesupport_fastrtps_c.dir/rosidl_typesupport_fastrtps_c/my_robot_interfaces/msg/detail/led_states__type_support_c.cpp.o[0m
[14.412s] [ 74%] [32mBuilding CXX object CMakeFiles/my_robot_interfaces__rosidl_typesupport_fastrtps_c.dir/rosidl_typesupport_fastrtps_c/my_robot_interfaces/srv/detail/compute_rectangle_area__type_support_c.cpp.o[0m
[14.415s] [ 76%] [32mBuilding CXX object CMakeFiles/my_robot_interfaces__rosidl_typesupport_fastrtps_c.dir/rosidl_typesupport_fastrtps_c/my_robot_interfaces/srv/detail/set_led__type_support_c.cpp.o[0m
[15.920s] [ 78%] [32m[1mLinking CXX shared library libmy_robot_interfaces__rosidl_typesupport_fastrtps_c.so[0m
[16.264s] [ 78%] Built target my_robot_interfaces__rosidl_typesupport_fastrtps_c
[16.319s] [35m[1mScanning dependencies of target my_robot_interfaces[0m
[16.376s] [ 78%] Built target my_robot_interfaces
[16.430s] [35m[1mScanning dependencies of target my_robot_interfaces__py[0m
[16.476s] [ 80%] [34m[1mGenerating Python code for ROS interfaces[0m
[19.063s] [ 80%] Built target my_robot_interfaces__py
[19.090s] [35m[1mScanning dependencies of target my_robot_interfaces__python[0m
[19.140s] [ 81%] [32mBuilding C object CMakeFiles/my_robot_interfaces__python.dir/rosidl_generator_py/my_robot_interfaces/msg/_hardware_status_s.c.o[0m
[19.155s] [ 83%] [32mBuilding C object CMakeFiles/my_robot_interfaces__python.dir/rosidl_generator_py/my_robot_interfaces/msg/_led_states_s.c.o[0m
[19.160s] [ 85%] [32mBuilding C object CMakeFiles/my_robot_interfaces__python.dir/rosidl_generator_py/my_robot_interfaces/srv/_compute_rectangle_area_s.c.o[0m
[19.190s] [ 87%] [32mBuilding C object CMakeFiles/my_robot_interfaces__python.dir/rosidl_generator_py/my_robot_interfaces/srv/_set_led_s.c.o[0m
[19.469s] [ 89%] [32m[1mLinking C shared library rosidl_generator_py/my_robot_interfaces/libmy_robot_interfaces__python.so[0m
[19.532s] [ 89%] Built target my_robot_interfaces__python
[19.550s] [35m[1mScanning dependencies of target my_robot_interfaces__rosidl_typesupport_c__pyext[0m
[19.568s] [35m[1mScanning dependencies of target my_robot_interfaces__rosidl_typesupport_introspection_c__pyext[0m
[19.589s] [35m[1mScanning dependencies of target my_robot_interfaces__rosidl_typesupport_fastrtps_c__pyext[0m
[19.620s] [ 90%] [32mBuilding C object CMakeFiles/my_robot_interfaces__rosidl_typesupport_c__pyext.dir/rosidl_generator_py/my_robot_interfaces/_my_robot_interfaces_s.ep.rosidl_typesupport_c.c.o[0m
[19.637s] [ 92%] [32mBuilding C object CMakeFiles/my_robot_interfaces__rosidl_typesupport_introspection_c__pyext.dir/rosidl_generator_py/my_robot_interfaces/_my_robot_interfaces_s.ep.rosidl_typesupport_introspection_c.c.o[0m
[19.676s] [ 94%] [32mBuilding C object CMakeFiles/my_robot_interfaces__rosidl_typesupport_fastrtps_c__pyext.dir/rosidl_generator_py/my_robot_interfaces/_my_robot_interfaces_s.ep.rosidl_typesupport_fastrtps_c.c.o[0m
[19.852s] [ 96%] [32m[1mLinking C shared library rosidl_generator_py/my_robot_interfaces/my_robot_interfaces_s__rosidl_typesupport_introspection_c.cpython-38-x86_64-linux-gnu.so[0m
[19.935s] [ 96%] Built target my_robot_interfaces__rosidl_typesupport_introspection_c__pyext
[19.956s] [ 98%] [32m[1mLinking CXX shared library rosidl_generator_py/my_robot_interfaces/my_robot_interfaces_s__rosidl_typesupport_fastrtps_c.cpython-38-x86_64-linux-gnu.so[0m
[19.987s] [100%] [32m[1mLinking C shared library rosidl_generator_py/my_robot_interfaces/my_robot_interfaces_s__rosidl_typesupport_c.cpython-38-x86_64-linux-gnu.so[0m
[20.095s] [100%] Built target my_robot_interfaces__rosidl_typesupport_c__pyext
[20.144s] [100%] Built target my_robot_interfaces__rosidl_typesupport_fastrtps_c__pyext
[20.164s] Invoked command in '/home/azraa/ros2_ws/src/build/my_robot_interfaces' returned '0': CMAKE_PREFIX_PATH=${CMAKE_PREFIX_PATH}:/home/azraa/ros2_ws/install/my_py_pkg:/opt/ros/foxy /usr/bin/cmake --build /home/azraa/ros2_ws/src/build/my_robot_interfaces -- -j4 -l4
[20.323s] Invoking command in '/home/azraa/ros2_ws/src/build/my_robot_interfaces': CMAKE_PREFIX_PATH=${CMAKE_PREFIX_PATH}:/home/azraa/ros2_ws/install/my_py_pkg:/opt/ros/foxy /usr/bin/cmake --install /home/azraa/ros2_ws/src/build/my_robot_interfaces
[20.337s] -- Install configuration: ""
[20.337s] -- Installing: /home/azraa/ros2_ws/src/install/my_robot_interfaces/share/ament_index/resource_index/rosidl_interfaces/my_robot_interfaces
[20.338s] -- Installing: /home/azraa/ros2_ws/src/install/my_robot_interfaces/include/my_robot_interfaces
[20.338s] -- Installing: /home/azraa/ros2_ws/src/install/my_robot_interfaces/include/my_robot_interfaces/msg
[20.338s] -- Installing: /home/azraa/ros2_ws/src/install/my_robot_interfaces/include/my_robot_interfaces/msg/detail
[20.338s] -- Installing: /home/azraa/ros2_ws/src/install/my_robot_interfaces/include/my_robot_interfaces/msg/detail/led_states__type_support.h
[20.339s] -- Installing: /home/azraa/ros2_ws/src/install/my_robot_interfaces/include/my_robot_interfaces/msg/detail/led_states__functions.h
[20.339s] -- Installing: /home/azraa/ros2_ws/src/install/my_robot_interfaces/include/my_robot_interfaces/msg/detail/led_states__struct.h
[20.339s] -- Installing: /home/azraa/ros2_ws/src/install/my_robot_interfaces/include/my_robot_interfaces/msg/detail/hardware_status__functions.c
[20.340s] -- Installing: /home/azraa/ros2_ws/src/install/my_robot_interfaces/include/my_robot_interfaces/msg/detail/hardware_status__type_support.h
[20.340s] -- Installing: /home/azraa/ros2_ws/src/install/my_robot_interfaces/include/my_robot_interfaces/msg/detail/led_states__functions.c
[20.340s] -- Installing: /home/azraa/ros2_ws/src/install/my_robot_interfaces/include/my_robot_interfaces/msg/detail/hardware_status__functions.h
[20.340s] -- Installing: /home/azraa/ros2_ws/src/install/my_robot_interfaces/include/my_robot_interfaces/msg/detail/hardware_status__struct.h
[20.340s] -- Installing: /home/azraa/ros2_ws/src/install/my_robot_interfaces/include/my_robot_interfaces/msg/hardware_status.h
[20.341s] -- Installing: /home/azraa/ros2_ws/src/install/my_robot_interfaces/include/my_robot_interfaces/msg/led_states.h
[20.341s] -- Installing: /home/azraa/ros2_ws/src/install/my_robot_interfaces/include/my_robot_interfaces/msg/rosidl_generator_c__visibility_control.h
[20.341s] -- Installing: /home/azraa/ros2_ws/src/install/my_robot_interfaces/include/my_robot_interfaces/srv
[20.342s] -- Installing: /home/azraa/ros2_ws/src/install/my_robot_interfaces/include/my_robot_interfaces/srv/set_led.h
[20.343s] -- Installing: /home/azraa/ros2_ws/src/install/my_robot_interfaces/include/my_robot_interfaces/srv/detail
[20.344s] -- Installing: /home/azraa/ros2_ws/src/install/my_robot_interfaces/include/my_robot_interfaces/srv/detail/compute_rectangle_area__functions.c
[20.345s] -- Installing: /home/azraa/ros2_ws/src/install/my_robot_interfaces/include/my_robot_interfaces/srv/detail/set_led__functions.c
[20.346s] -- Installing: /home/azraa/ros2_ws/src/install/my_robot_interfaces/include/my_robot_interfaces/srv/detail/set_led__type_support.h
[20.347s] -- Installing: /home/azraa/ros2_ws/src/install/my_robot_interfaces/include/my_robot_interfaces/srv/detail/compute_rectangle_area__functions.h
[20.347s] -- Installing: /home/azraa/ros2_ws/src/install/my_robot_interfaces/include/my_robot_interfaces/srv/detail/compute_rectangle_area__struct.h
[20.348s] -- Installing: /home/azraa/ros2_ws/src/install/my_robot_interfaces/include/my_robot_interfaces/srv/detail/compute_rectangle_area__type_support.h
[20.349s] -- Installing: /home/azraa/ros2_ws/src/install/my_robot_interfaces/include/my_robot_interfaces/srv/detail/set_led__functions.h
[20.350s] -- Installing: /home/azraa/ros2_ws/src/install/my_robot_interfaces/include/my_robot_interfaces/srv/detail/set_led__struct.h
[20.351s] -- Installing: /home/azraa/ros2_ws/src/install/my_robot_interfaces/include/my_robot_interfaces/srv/compute_rectangle_area.h
[20.352s] -- Installing: /home/azraa/ros2_ws/src/install/my_robot_interfaces/share/my_robot_interfaces/environment/library_path.sh
[20.352s] -- Installing: /home/azraa/ros2_ws/src/install/my_robot_interfaces/share/my_robot_interfaces/environment/library_path.dsv
[20.352s] -- Installing: /home/azraa/ros2_ws/src/install/my_robot_interfaces/lib/libmy_robot_interfaces__rosidl_generator_c.so
[20.354s] -- Set runtime path of "/home/azraa/ros2_ws/src/install/my_robot_interfaces/lib/libmy_robot_interfaces__rosidl_generator_c.so" to ""
[20.354s] -- Up-to-date: /home/azraa/ros2_ws/src/install/my_robot_interfaces/include/my_robot_interfaces
[20.354s] -- Up-to-date: /home/azraa/ros2_ws/src/install/my_robot_interfaces/include/my_robot_interfaces/msg
[20.354s] -- Installing: /home/azraa/ros2_ws/src/install/my_robot_interfaces/include/my_robot_interfaces/msg/rosidl_typesupport_fastrtps_c__visibility_control.h
[20.354s] -- Up-to-date: /home/azraa/ros2_ws/src/install/my_robot_interfaces/include/my_robot_interfaces/msg/detail
[20.355s] -- Installing: /home/azraa/ros2_ws/src/install/my_robot_interfaces/include/my_robot_interfaces/msg/detail/hardware_status__rosidl_typesupport_fastrtps_c.h
[20.355s] -- Installing: /home/azraa/ros2_ws/src/install/my_robot_interfaces/include/my_robot_interfaces/msg/detail/led_states__rosidl_typesupport_fastrtps_c.h
[20.355s] -- Up-to-date: /home/azraa/ros2_ws/src/install/my_robot_interfaces/include/my_robot_interfaces/srv
[20.355s] -- Up-to-date: /home/azraa/ros2_ws/src/install/my_robot_interfaces/include/my_robot_interfaces/srv/detail
[20.355s] -- Installing: /home/azraa/ros2_ws/src/install/my_robot_interfaces/include/my_robot_interfaces/srv/detail/set_led__rosidl_typesupport_fastrtps_c.h
[20.355s] -- Installing: /home/azraa/ros2_ws/src/install/my_robot_interfaces/include/my_robot_interfaces/srv/detail/compute_rectangle_area__rosidl_typesupport_fastrtps_c.h
[20.355s] -- Installing: /home/azraa/ros2_ws/src/install/my_robot_interfaces/lib/libmy_robot_interfaces__rosidl_typesupport_fastrtps_c.so
[20.355s] -- Set runtime path of "/home/azraa/ros2_ws/src/install/my_robot_interfaces/lib/libmy_robot_interfaces__rosidl_typesupport_fastrtps_c.so" to ""
[20.356s] -- Up-to-date: /home/azraa/ros2_ws/src/install/my_robot_interfaces/include/my_robot_interfaces
[20.356s] -- Up-to-date: /home/azraa/ros2_ws/src/install/my_robot_interfaces/include/my_robot_interfaces/msg
[20.356s] -- Up-to-date: /home/azraa/ros2_ws/src/install/my_robot_interfaces/include/my_robot_interfaces/msg/detail
[20.356s] -- Installing: /home/azraa/ros2_ws/src/install/my_robot_interfaces/include/my_robot_interfaces/msg/detail/led_states__rosidl_typesupport_fastrtps_cpp.hpp
[20.356s] -- Installing: /home/azraa/ros2_ws/src/install/my_robot_interfaces/include/my_robot_interfaces/msg/detail/hardware_status__rosidl_typesupport_fastrtps_cpp.hpp
[20.356s] -- Installing: /home/azraa/ros2_ws/src/install/my_robot_interfaces/include/my_robot_interfaces/msg/detail/dds_fastrtps
[20.356s] -- Installing: /home/azraa/ros2_ws/src/install/my_robot_interfaces/include/my_robot_interfaces/msg/rosidl_typesupport_fastrtps_cpp__visibility_control.h
[20.357s] -- Up-to-date: /home/azraa/ros2_ws/src/install/my_robot_interfaces/include/my_robot_interfaces/srv
[20.357s] -- Up-to-date: /home/azraa/ros2_ws/src/install/my_robot_interfaces/include/my_robot_interfaces/srv/detail
[20.357s] -- Installing: /home/azraa/ros2_ws/src/install/my_robot_interfaces/include/my_robot_interfaces/srv/detail/compute_rectangle_area__rosidl_typesupport_fastrtps_cpp.hpp
[20.357s] -- Installing: /home/azraa/ros2_ws/src/install/my_robot_interfaces/include/my_robot_interfaces/srv/detail/set_led__rosidl_typesupport_fastrtps_cpp.hpp
[20.357s] -- Installing: /home/azraa/ros2_ws/src/install/my_robot_interfaces/include/my_robot_interfaces/srv/detail/dds_fastrtps
[20.357s] -- Installing: /home/azraa/ros2_ws/src/install/my_robot_interfaces/lib/libmy_robot_interfaces__rosidl_typesupport_fastrtps_cpp.so
[20.357s] -- Set runtime path of "/home/azraa/ros2_ws/src/install/my_robot_interfaces/lib/libmy_robot_interfaces__rosidl_typesupport_fastrtps_cpp.so" to ""
[20.357s] -- Up-to-date: /home/azraa/ros2_ws/src/install/my_robot_interfaces/include/my_robot_interfaces
[20.358s] -- Up-to-date: /home/azraa/ros2_ws/src/install/my_robot_interfaces/include/my_robot_interfaces/msg
[20.358s] -- Up-to-date: /home/azraa/ros2_ws/src/install/my_robot_interfaces/include/my_robot_interfaces/msg/detail
[20.358s] -- Installing: /home/azraa/ros2_ws/src/install/my_robot_interfaces/include/my_robot_interfaces/msg/detail/led_states__rosidl_typesupport_introspection_c.h
[20.358s] -- Installing: /home/azraa/ros2_ws/src/install/my_robot_interfaces/include/my_robot_interfaces/msg/detail/led_states__type_support.c
[20.358s] -- Installing: /home/azraa/ros2_ws/src/install/my_robot_interfaces/include/my_robot_interfaces/msg/detail/hardware_status__type_support.c
[20.359s] -- Installing: /home/azraa/ros2_ws/src/install/my_robot_interfaces/include/my_robot_interfaces/msg/detail/hardware_status__rosidl_typesupport_introspection_c.h
[20.359s] -- Installing: /home/azraa/ros2_ws/src/install/my_robot_interfaces/include/my_robot_interfaces/msg/rosidl_typesupport_introspection_c__visibility_control.h
[20.359s] -- Up-to-date: /home/azraa/ros2_ws/src/install/my_robot_interfaces/include/my_robot_interfaces/srv
[20.359s] -- Up-to-date: /home/azraa/ros2_ws/src/install/my_robot_interfaces/include/my_robot_interfaces/srv/detail
[20.359s] -- Installing: /home/azraa/ros2_ws/src/install/my_robot_interfaces/include/my_robot_interfaces/srv/detail/set_led__rosidl_typesupport_introspection_c.h
[20.359s] -- Installing: /home/azraa/ros2_ws/src/install/my_robot_interfaces/include/my_robot_interfaces/srv/detail/compute_rectangle_area__type_support.c
[20.359s] -- Installing: /home/azraa/ros2_ws/src/install/my_robot_interfaces/include/my_robot_interfaces/srv/detail/compute_rectangle_area__rosidl_typesupport_introspection_c.h
[20.360s] -- Installing: /home/azraa/ros2_ws/src/install/my_robot_interfaces/include/my_robot_interfaces/srv/detail/set_led__type_support.c
[20.360s] -- Installing: /home/azraa/ros2_ws/src/install/my_robot_interfaces/lib/libmy_robot_interfaces__rosidl_typesupport_introspection_c.so
[20.360s] -- Set runtime path of "/home/azraa/ros2_ws/src/install/my_robot_interfaces/lib/libmy_robot_interfaces__rosidl_typesupport_introspection_c.so" to ""
[20.360s] -- Installing: /home/azraa/ros2_ws/src/install/my_robot_interfaces/lib/libmy_robot_interfaces__rosidl_typesupport_c.so
[20.360s] -- Set runtime path of "/home/azraa/ros2_ws/src/install/my_robot_interfaces/lib/libmy_robot_interfaces__rosidl_typesupport_c.so" to ""
[20.360s] -- Up-to-date: /home/azraa/ros2_ws/src/install/my_robot_interfaces/include/my_robot_interfaces
[20.360s] -- Up-to-date: /home/azraa/ros2_ws/src/install/my_robot_interfaces/include/my_robot_interfaces/msg
[20.361s] -- Up-to-date: /home/azraa/ros2_ws/src/install/my_robot_interfaces/include/my_robot_interfaces/msg/detail
[20.361s] -- Installing: /home/azraa/ros2_ws/src/install/my_robot_interfaces/include/my_robot_interfaces/msg/detail/led_states__builder.hpp
[20.361s] -- Installing: /home/azraa/ros2_ws/src/install/my_robot_interfaces/include/my_robot_interfaces/msg/detail/hardware_status__struct.hpp
[20.361s] -- Installing: /home/azraa/ros2_ws/src/install/my_robot_interfaces/include/my_robot_interfaces/msg/detail/hardware_status__traits.hpp
[20.361s] -- Installing: /home/azraa/ros2_ws/src/install/my_robot_interfaces/include/my_robot_interfaces/msg/detail/hardware_status__builder.hpp
[20.361s] -- Installing: /home/azraa/ros2_ws/src/install/my_robot_interfaces/include/my_robot_interfaces/msg/detail/led_states__struct.hpp
[20.362s] -- Installing: /home/azraa/ros2_ws/src/install/my_robot_interfaces/include/my_robot_interfaces/msg/detail/led_states__traits.hpp
[20.362s] -- Installing: /home/azraa/ros2_ws/src/install/my_robot_interfaces/include/my_robot_interfaces/msg/led_states.hpp
[20.362s] -- Installing: /home/azraa/ros2_ws/src/install/my_robot_interfaces/include/my_robot_interfaces/msg/hardware_status.hpp
[20.362s] -- Up-to-date: /home/azraa/ros2_ws/src/install/my_robot_interfaces/include/my_robot_interfaces/srv
[20.362s] -- Installing: /home/azraa/ros2_ws/src/install/my_robot_interfaces/include/my_robot_interfaces/srv/compute_rectangle_area.hpp
[20.362s] -- Up-to-date: /home/azraa/ros2_ws/src/install/my_robot_interfaces/include/my_robot_interfaces/srv/detail
[20.363s] -- Installing: /home/azraa/ros2_ws/src/install/my_robot_interfaces/include/my_robot_interfaces/srv/detail/compute_rectangle_area__struct.hpp
[20.363s] -- Installing: /home/azraa/ros2_ws/src/install/my_robot_interfaces/include/my_robot_interfaces/srv/detail/set_led__builder.hpp
[20.363s] -- Installing: /home/azraa/ros2_ws/src/install/my_robot_interfaces/include/my_robot_interfaces/srv/detail/compute_rectangle_area__traits.hpp
[20.363s] -- Installing: /home/azraa/ros2_ws/src/install/my_robot_interfaces/include/my_robot_interfaces/srv/detail/set_led__struct.hpp
[20.363s] -- Installing: /home/azraa/ros2_ws/src/install/my_robot_interfaces/include/my_robot_interfaces/srv/detail/set_led__traits.hpp
[20.363s] -- Installing: /home/azraa/ros2_ws/src/install/my_robot_interfaces/include/my_robot_interfaces/srv/detail/compute_rectangle_area__builder.hpp
[20.364s] -- Installing: /home/azraa/ros2_ws/src/install/my_robot_interfaces/include/my_robot_interfaces/srv/set_led.hpp
[20.364s] -- Up-to-date: /home/azraa/ros2_ws/src/install/my_robot_interfaces/include/my_robot_interfaces
[20.364s] -- Up-to-date: /home/azraa/ros2_ws/src/install/my_robot_interfaces/include/my_robot_interfaces/msg
[20.364s] -- Up-to-date: /home/azraa/ros2_ws/src/install/my_robot_interfaces/include/my_robot_interfaces/msg/detail
[20.364s] -- Installing: /home/azraa/ros2_ws/src/install/my_robot_interfaces/include/my_robot_interfaces/msg/detail/led_states__rosidl_typesupport_introspection_cpp.hpp
[20.364s] -- Installing: /home/azraa/ros2_ws/src/install/my_robot_interfaces/include/my_robot_interfaces/msg/detail/hardware_status__type_support.cpp
[20.365s] -- Installing: /home/azraa/ros2_ws/src/install/my_robot_interfaces/include/my_robot_interfaces/msg/detail/hardware_status__rosidl_typesupport_introspection_cpp.hpp
[20.365s] -- Installing: /home/azraa/ros2_ws/src/install/my_robot_interfaces/include/my_robot_interfaces/msg/detail/led_states__type_support.cpp
[20.365s] -- Up-to-date: /home/azraa/ros2_ws/src/install/my_robot_interfaces/include/my_robot_interfaces/srv
[20.377s] -- Up-to-date: /home/azraa/ros2_ws/src/install/my_robot_interfaces/include/my_robot_interfaces/srv/detail
[20.378s] -- Installing: /home/azraa/ros2_ws/src/install/my_robot_interfaces/include/my_robot_interfaces/srv/detail/compute_rectangle_area__type_support.cpp
[20.378s] -- Installing: /home/azraa/ros2_ws/src/install/my_robot_interfaces/include/my_robot_interfaces/srv/detail/compute_rectangle_area__rosidl_typesupport_introspection_cpp.hpp
[20.378s] -- Installing: /home/azraa/ros2_ws/src/install/my_robot_interfaces/include/my_robot_interfaces/srv/detail/set_led__rosidl_typesupport_introspection_cpp.hpp
[20.378s] -- Installing: /home/azraa/ros2_ws/src/install/my_robot_interfaces/include/my_robot_interfaces/srv/detail/set_led__type_support.cpp
[20.378s] -- Installing: /home/azraa/ros2_ws/src/install/my_robot_interfaces/lib/libmy_robot_interfaces__rosidl_typesupport_introspection_cpp.so
[20.378s] -- Set runtime path of "/home/azraa/ros2_ws/src/install/my_robot_interfaces/lib/libmy_robot_interfaces__rosidl_typesupport_introspection_cpp.so" to ""
[20.379s] -- Installing: /home/azraa/ros2_ws/src/install/my_robot_interfaces/lib/libmy_robot_interfaces__rosidl_typesupport_cpp.so
[20.379s] -- Set runtime path of "/home/azraa/ros2_ws/src/install/my_robot_interfaces/lib/libmy_robot_interfaces__rosidl_typesupport_cpp.so" to ""
[20.379s] -- Installing: /home/azraa/ros2_ws/src/install/my_robot_interfaces/share/my_robot_interfaces/environment/pythonpath.sh
[20.379s] -- Installing: /home/azraa/ros2_ws/src/install/my_robot_interfaces/share/my_robot_interfaces/environment/pythonpath.dsv
[20.379s] -- Installing: /home/azraa/ros2_ws/src/install/my_robot_interfaces/lib/python3.8/site-packages/my_robot_interfaces/__init__.py
[20.417s] Compiling '/home/azraa/ros2_ws/src/install/my_robot_interfaces/lib/python3.8/site-packages/my_robot_interfaces/__init__.py'...
[20.424s] -- Installing: /home/azraa/ros2_ws/src/install/my_robot_interfaces/lib/python3.8/site-packages/my_robot_interfaces/msg
[20.425s] -- Installing: /home/azraa/ros2_ws/src/install/my_robot_interfaces/lib/python3.8/site-packages/my_robot_interfaces/msg/_led_states.py
[20.425s] -- Installing: /home/azraa/ros2_ws/src/install/my_robot_interfaces/lib/python3.8/site-packages/my_robot_interfaces/msg/_hardware_status_s.c
[20.425s] -- Installing: /home/azraa/ros2_ws/src/install/my_robot_interfaces/lib/python3.8/site-packages/my_robot_interfaces/msg/_led_states_s.c
[20.425s] -- Installing: /home/azraa/ros2_ws/src/install/my_robot_interfaces/lib/python3.8/site-packages/my_robot_interfaces/msg/__init__.py
[20.425s] -- Installing: /home/azraa/ros2_ws/src/install/my_robot_interfaces/lib/python3.8/site-packages/my_robot_interfaces/msg/_hardware_status.py
[20.426s] -- Installing: /home/azraa/ros2_ws/src/install/my_robot_interfaces/lib/python3.8/site-packages/my_robot_interfaces/srv
[20.426s] -- Installing: /home/azraa/ros2_ws/src/install/my_robot_interfaces/lib/python3.8/site-packages/my_robot_interfaces/srv/_compute_rectangle_area.py
[20.426s] -- Installing: /home/azraa/ros2_ws/src/install/my_robot_interfaces/lib/python3.8/site-packages/my_robot_interfaces/srv/_compute_rectangle_area_s.c
[20.426s] -- Installing: /home/azraa/ros2_ws/src/install/my_robot_interfaces/lib/python3.8/site-packages/my_robot_interfaces/srv/_set_led_s.c
[20.426s] -- Installing: /home/azraa/ros2_ws/src/install/my_robot_interfaces/lib/python3.8/site-packages/my_robot_interfaces/srv/__init__.py
[20.426s] -- Installing: /home/azraa/ros2_ws/src/install/my_robot_interfaces/lib/python3.8/site-packages/my_robot_interfaces/srv/_set_led.py
[20.426s] -- Installing: /home/azraa/ros2_ws/src/install/my_robot_interfaces/lib/python3.8/site-packages/my_robot_interfaces/my_robot_interfaces_s__rosidl_typesupport_fastrtps_c.cpython-38-x86_64-linux-gnu.so
[20.427s] -- Set runtime path of "/home/azraa/ros2_ws/src/install/my_robot_interfaces/lib/python3.8/site-packages/my_robot_interfaces/my_robot_interfaces_s__rosidl_typesupport_fastrtps_c.cpython-38-x86_64-linux-gnu.so" to ""
[20.427s] -- Installing: /home/azraa/ros2_ws/src/install/my_robot_interfaces/lib/python3.8/site-packages/my_robot_interfaces/my_robot_interfaces_s__rosidl_typesupport_introspection_c.cpython-38-x86_64-linux-gnu.so
[20.428s] -- Set runtime path of "/home/azraa/ros2_ws/src/install/my_robot_interfaces/lib/python3.8/site-packages/my_robot_interfaces/my_robot_interfaces_s__rosidl_typesupport_introspection_c.cpython-38-x86_64-linux-gnu.so" to ""
[20.428s] -- Installing: /home/azraa/ros2_ws/src/install/my_robot_interfaces/lib/python3.8/site-packages/my_robot_interfaces/my_robot_interfaces_s__rosidl_typesupport_c.cpython-38-x86_64-linux-gnu.so
[20.429s] -- Set runtime path of "/home/azraa/ros2_ws/src/install/my_robot_interfaces/lib/python3.8/site-packages/my_robot_interfaces/my_robot_interfaces_s__rosidl_typesupport_c.cpython-38-x86_64-linux-gnu.so" to ""
[20.429s] -- Installing: /home/azraa/ros2_ws/src/install/my_robot_interfaces/lib/libmy_robot_interfaces__python.so
[20.430s] -- Set runtime path of "/home/azraa/ros2_ws/src/install/my_robot_interfaces/lib/libmy_robot_interfaces__python.so" to ""
[20.430s] -- Installing: /home/azraa/ros2_ws/src/install/my_robot_interfaces/share/my_robot_interfaces/msg/HardwareStatus.idl
[20.430s] -- Installing: /home/azraa/ros2_ws/src/install/my_robot_interfaces/share/my_robot_interfaces/msg/LedStates.idl
[20.430s] -- Installing: /home/azraa/ros2_ws/src/install/my_robot_interfaces/share/my_robot_interfaces/srv/ComputeRectangleArea.idl
[20.431s] -- Installing: /home/azraa/ros2_ws/src/install/my_robot_interfaces/share/my_robot_interfaces/srv/SetLed.idl
[20.431s] -- Installing: /home/azraa/ros2_ws/src/install/my_robot_interfaces/share/my_robot_interfaces/msg/HardwareStatus.msg
[20.431s] -- Installing: /home/azraa/ros2_ws/src/install/my_robot_interfaces/share/my_robot_interfaces/msg/LedStates.msg
[20.431s] -- Installing: /home/azraa/ros2_ws/src/install/my_robot_interfaces/share/my_robot_interfaces/srv/ComputeRectangleArea.srv
[20.432s] -- Installing: /home/azraa/ros2_ws/src/install/my_robot_interfaces/share/my_robot_interfaces/srv/ComputeRectangleArea_Request.msg
[20.432s] -- Installing: /home/azraa/ros2_ws/src/install/my_robot_interfaces/share/my_robot_interfaces/srv/ComputeRectangleArea_Response.msg
[20.432s] -- Installing: /home/azraa/ros2_ws/src/install/my_robot_interfaces/share/my_robot_interfaces/srv/SetLed.srv
[20.432s] -- Installing: /home/azraa/ros2_ws/src/install/my_robot_interfaces/share/my_robot_interfaces/srv/SetLed_Request.msg
[20.432s] -- Installing: /home/azraa/ros2_ws/src/install/my_robot_interfaces/share/my_robot_interfaces/srv/SetLed_Response.msg
[20.433s] -- Installing: /home/azraa/ros2_ws/src/install/my_robot_interfaces/share/ament_index/resource_index/package_run_dependencies/my_robot_interfaces
[20.433s] -- Installing: /home/azraa/ros2_ws/src/install/my_robot_interfaces/share/ament_index/resource_index/parent_prefix_path/my_robot_interfaces
[20.433s] -- Installing: /home/azraa/ros2_ws/src/install/my_robot_interfaces/share/my_robot_interfaces/environment/ament_prefix_path.sh
[20.433s] -- Installing: /home/azraa/ros2_ws/src/install/my_robot_interfaces/share/my_robot_interfaces/environment/ament_prefix_path.dsv
[20.433s] -- Installing: /home/azraa/ros2_ws/src/install/my_robot_interfaces/share/my_robot_interfaces/environment/path.sh
[20.434s] -- Installing: /home/azraa/ros2_ws/src/install/my_robot_interfaces/share/my_robot_interfaces/environment/path.dsv
[20.434s] -- Installing: /home/azraa/ros2_ws/src/install/my_robot_interfaces/share/my_robot_interfaces/local_setup.bash
[20.434s] -- Installing: /home/azraa/ros2_ws/src/install/my_robot_interfaces/share/my_robot_interfaces/local_setup.sh
[20.434s] -- Installing: /home/azraa/ros2_ws/src/install/my_robot_interfaces/share/my_robot_interfaces/local_setup.zsh
[20.435s] -- Installing: /home/azraa/ros2_ws/src/install/my_robot_interfaces/share/my_robot_interfaces/local_setup.dsv
[20.435s] -- Installing: /home/azraa/ros2_ws/src/install/my_robot_interfaces/share/my_robot_interfaces/package.dsv
[20.435s] -- Installing: /home/azraa/ros2_ws/src/install/my_robot_interfaces/share/ament_index/resource_index/packages/my_robot_interfaces
[20.435s] -- Installing: /home/azraa/ros2_ws/src/install/my_robot_interfaces/share/my_robot_interfaces/cmake/my_robot_interfaces__rosidl_generator_cExport.cmake
[20.435s] -- Installing: /home/azraa/ros2_ws/src/install/my_robot_interfaces/share/my_robot_interfaces/cmake/my_robot_interfaces__rosidl_generator_cExport-noconfig.cmake
[20.436s] -- Installing: /home/azraa/ros2_ws/src/install/my_robot_interfaces/share/my_robot_interfaces/cmake/my_robot_interfaces__rosidl_typesupport_introspection_cExport.cmake
[20.436s] -- Installing: /home/azraa/ros2_ws/src/install/my_robot_interfaces/share/my_robot_interfaces/cmake/my_robot_interfaces__rosidl_typesupport_introspection_cExport-noconfig.cmake
[20.436s] -- Installing: /home/azraa/ros2_ws/src/install/my_robot_interfaces/share/my_robot_interfaces/cmake/my_robot_interfaces__rosidl_typesupport_cExport.cmake
[20.436s] -- Installing: /home/azraa/ros2_ws/src/install/my_robot_interfaces/share/my_robot_interfaces/cmake/my_robot_interfaces__rosidl_typesupport_cExport-noconfig.cmake
[20.437s] -- Installing: /home/azraa/ros2_ws/src/install/my_robot_interfaces/share/my_robot_interfaces/cmake/my_robot_interfaces__rosidl_generator_cppExport.cmake
[20.437s] -- Installing: /home/azraa/ros2_ws/src/install/my_robot_interfaces/share/my_robot_interfaces/cmake/my_robot_interfaces__rosidl_typesupport_introspection_cppExport.cmake
[20.437s] -- Installing: /home/azraa/ros2_ws/src/install/my_robot_interfaces/share/my_robot_interfaces/cmake/my_robot_interfaces__rosidl_typesupport_introspection_cppExport-noconfig.cmake
[20.437s] -- Installing: /home/azraa/ros2_ws/src/install/my_robot_interfaces/share/my_robot_interfaces/cmake/my_robot_interfaces__rosidl_typesupport_cppExport.cmake
[20.438s] -- Installing: /home/azraa/ros2_ws/src/install/my_robot_interfaces/share/my_robot_interfaces/cmake/my_robot_interfaces__rosidl_typesupport_cppExport-noconfig.cmake
[20.438s] -- Installing: /home/azraa/ros2_ws/src/install/my_robot_interfaces/share/my_robot_interfaces/cmake/rosidl_cmake-extras.cmake
[20.438s] -- Installing: /home/azraa/ros2_ws/src/install/my_robot_interfaces/share/my_robot_interfaces/cmake/ament_cmake_export_dependencies-extras.cmake
[20.438s] -- Installing: /home/azraa/ros2_ws/src/install/my_robot_interfaces/share/my_robot_interfaces/cmake/ament_cmake_export_libraries-extras.cmake
[20.438s] -- Installing: /home/azraa/ros2_ws/src/install/my_robot_interfaces/share/my_robot_interfaces/cmake/ament_cmake_export_targets-extras.cmake
[20.439s] -- Installing: /home/azraa/ros2_ws/src/install/my_robot_interfaces/share/my_robot_interfaces/cmake/ament_cmake_export_include_directories-extras.cmake
[20.439s] -- Installing: /home/azraa/ros2_ws/src/install/my_robot_interfaces/share/my_robot_interfaces/cmake/rosidl_cmake_export_typesupport_libraries-extras.cmake
[20.439s] -- Installing: /home/azraa/ros2_ws/src/install/my_robot_interfaces/share/my_robot_interfaces/cmake/rosidl_cmake_export_typesupport_targets-extras.cmake
[20.439s] -- Installing: /home/azraa/ros2_ws/src/install/my_robot_interfaces/share/my_robot_interfaces/cmake/my_robot_interfacesConfig.cmake
[20.450s] -- Installing: /home/azraa/ros2_ws/src/install/my_robot_interfaces/share/my_robot_interfaces/cmake/my_robot_interfacesConfig-version.cmake
[20.450s] -- Installing: /home/azraa/ros2_ws/src/install/my_robot_interfaces/share/my_robot_interfaces/package.xml
[20.451s] Invoked command in '/home/azraa/ros2_ws/src/build/my_robot_interfaces' returned '0': CMAKE_PREFIX_PATH=${CMAKE_PREFIX_PATH}:/home/azraa/ros2_ws/install/my_py_pkg:/opt/ros/foxy /usr/bin/cmake --install /home/azraa/ros2_ws/src/build/my_robot_interfaces
