[2.595s] Invoking command in '/home/azraa/ros2_ws/src/my_python_pkg': PYTHONPATH=/home/azraa/ros2_ws/install/my_python_pkg/lib/python3.8/site-packages:${PYTHONPATH} /usr/bin/python3 setup.py egg_info --egg-base ../../build/my_python_pkg build --build-base /home/azraa/ros2_ws/build/my_python_pkg/build install --prefix /home/azraa/ros2_ws/install/my_python_pkg --record /home/azraa/ros2_ws/build/my_python_pkg/install.log --single-version-externally-managed
[3.154s] /home/azraa/.local/lib/python3.8/site-packages/setuptools/dist.py:771: UserWarning: Usage of dash-separated 'script-dir' will not be supported in future versions. Please use the underscore name 'script_dir' instead
[3.154s]   warnings.warn(
[3.155s] /home/azraa/.local/lib/python3.8/site-packages/setuptools/dist.py:771: UserWarning: Usage of dash-separated 'install-scripts' will not be supported in future versions. Please use the underscore name 'install_scripts' instead
[3.155s]   warnings.warn(
[3.327s] running egg_info
[3.348s] writing ../../build/my_python_pkg/my_python_pkg.egg-info/PKG-INFO
[3.349s] writing dependency_links to ../../build/my_python_pkg/my_python_pkg.egg-info/dependency_links.txt
[3.350s] writing entry points to ../../build/my_python_pkg/my_python_pkg.egg-info/entry_points.txt
[3.350s] writing requirements to ../../build/my_python_pkg/my_python_pkg.egg-info/requires.txt
[3.350s] writing top-level names to ../../build/my_python_pkg/my_python_pkg.egg-info/top_level.txt
[3.404s] reading manifest file '../../build/my_python_pkg/my_python_pkg.egg-info/SOURCES.txt'
[3.406s] writing manifest file '../../build/my_python_pkg/my_python_pkg.egg-info/SOURCES.txt'
[3.406s] running build
[3.406s] running build_py
[3.410s] /home/azraa/.local/lib/python3.8/site-packages/setuptools/command/install.py:34: SetuptoolsDeprecationWarning: setup.py install is deprecated. Use build and pip and other standards-based tools.
[3.410s]   warnings.warn(
[3.410s] running install
[3.426s] running install_lib
[3.455s] running install_data
[3.486s] running install_egg_info
[3.515s] removing '/home/azraa/ros2_ws/install/my_python_pkg/lib/python3.8/site-packages/my_python_pkg-0.0.0-py3.8.egg-info' (and everything under it)
[3.515s] Copying ../../build/my_python_pkg/my_python_pkg.egg-info to /home/azraa/ros2_ws/install/my_python_pkg/lib/python3.8/site-packages/my_python_pkg-0.0.0-py3.8.egg-info
[3.515s] running install_scripts
[3.681s] Installing add_two_ints_client script to /home/azraa/ros2_ws/install/my_python_pkg/lib/my_python_pkg
[3.681s] Installing add_two_ints_client_no_oop script to /home/azraa/ros2_ws/install/my_python_pkg/lib/my_python_pkg
[3.687s] Installing add_two_ints_server script to /home/azraa/ros2_ws/install/my_python_pkg/lib/my_python_pkg
[3.688s] Installing battery script to /home/azraa/ros2_ws/install/my_python_pkg/lib/my_python_pkg
[3.688s] Installing hw_status_publisher script to /home/azraa/ros2_ws/install/my_python_pkg/lib/my_python_pkg
[3.690s] Installing image_subscriber script to /home/azraa/ros2_ws/install/my_python_pkg/lib/my_python_pkg
[3.692s] Installing image_subscriber_rt script to /home/azraa/ros2_ws/install/my_python_pkg/lib/my_python_pkg
[3.692s] Installing led_panel script to /home/azraa/ros2_ws/install/my_python_pkg/lib/my_python_pkg
[3.692s] Installing number_counter script to /home/azraa/ros2_ws/install/my_python_pkg/lib/my_python_pkg
[3.693s] Installing number_publisher script to /home/azraa/ros2_ws/install/my_python_pkg/lib/my_python_pkg
[3.693s] Installing py_node script to /home/azraa/ros2_ws/install/my_python_pkg/lib/my_python_pkg
[3.693s] Installing robot_news_station script to /home/azraa/ros2_ws/install/my_python_pkg/lib/my_python_pkg
[3.693s] Installing smartphone script to /home/azraa/ros2_ws/install/my_python_pkg/lib/my_python_pkg
[3.694s] writing list of installed files to '/home/azraa/ros2_ws/build/my_python_pkg/install.log'
[3.792s] Invoked command in '/home/azraa/ros2_ws/src/my_python_pkg' returned '0': PYTHONPATH=/home/azraa/ros2_ws/install/my_python_pkg/lib/python3.8/site-packages:${PYTHONPATH} /usr/bin/python3 setup.py egg_info --egg-base ../../build/my_python_pkg build --build-base /home/azraa/ros2_ws/build/my_python_pkg/build install --prefix /home/azraa/ros2_ws/install/my_python_pkg --record /home/azraa/ros2_ws/build/my_python_pkg/install.log --single-version-externally-managed
