[1.162s] Invoking command in '/home/azraa/ros2_ws/build/my_py_pkg': PYTHONPATH=/home/azraa/ros2_ws/install/my_py_pkg/lib/python3.8/site-packages:${PYTHONPATH} /usr/bin/python3 setup.py develop --prefix /home/azraa/ros2_ws/install/my_py_pkg --uninstall --editable --build-directory /home/azraa/ros2_ws/build/my_py_pkg/build
[1.533s] running develop
[1.808s] Invoked command in '/home/azraa/ros2_ws/build/my_py_pkg' returned '0': PYTHONPATH=/home/azraa/ros2_ws/install/my_py_pkg/lib/python3.8/site-packages:${PYTHONPATH} /usr/bin/python3 setup.py develop --prefix /home/azraa/ros2_ws/install/my_py_pkg --uninstall --editable --build-directory /home/azraa/ros2_ws/build/my_py_pkg/build
[1.812s] Invoking command in '/home/azraa/ros2_ws/src/my_py_pkg': PYTHONPATH=/home/azraa/ros2_ws/install/my_py_pkg/lib/python3.8/site-packages:${PYTHONPATH} /usr/bin/python3 setup.py egg_info --egg-base ../../build/my_py_pkg build --build-base /home/azraa/ros2_ws/build/my_py_pkg/build install --prefix /home/azraa/ros2_ws/install/my_py_pkg --record /home/azraa/ros2_ws/build/my_py_pkg/install.log --single-version-externally-managed
[2.231s] running egg_info
[2.232s] writing ../../build/my_py_pkg/my_py_pkg.egg-info/PKG-INFO
[2.232s] writing dependency_links to ../../build/my_py_pkg/my_py_pkg.egg-info/dependency_links.txt
[2.233s] writing entry points to ../../build/my_py_pkg/my_py_pkg.egg-info/entry_points.txt
[2.233s] writing requirements to ../../build/my_py_pkg/my_py_pkg.egg-info/requires.txt
[2.234s] writing top-level names to ../../build/my_py_pkg/my_py_pkg.egg-info/top_level.txt
[2.309s] reading manifest file '../../build/my_py_pkg/my_py_pkg.egg-info/SOURCES.txt'
[2.313s] writing manifest file '../../build/my_py_pkg/my_py_pkg.egg-info/SOURCES.txt'
[2.313s] running build
[2.313s] running build_py
[2.313s] running install
[2.313s] running install_lib
[2.315s] running install_data
[2.316s] running install_egg_info
[2.318s] removing '/home/azraa/ros2_ws/install/my_py_pkg/lib/python3.8/site-packages/my_py_pkg-0.0.0-py3.8.egg-info' (and everything under it)
[2.319s] Copying ../../build/my_py_pkg/my_py_pkg.egg-info to /home/azraa/ros2_ws/install/my_py_pkg/lib/python3.8/site-packages/my_py_pkg-0.0.0-py3.8.egg-info
[2.320s] running install_scripts
[2.345s] Installing add_two_ints_client script to /home/azraa/ros2_ws/install/my_py_pkg/lib/my_py_pkg
[2.345s] Installing add_two_ints_client_no_oop script to /home/azraa/ros2_ws/install/my_py_pkg/lib/my_py_pkg
[2.345s] Installing add_two_ints_server script to /home/azraa/ros2_ws/install/my_py_pkg/lib/my_py_pkg
[2.345s] Installing battery script to /home/azraa/ros2_ws/install/my_py_pkg/lib/my_py_pkg
[2.346s] Installing hw_status_publisher script to /home/azraa/ros2_ws/install/my_py_pkg/lib/my_py_pkg
[2.346s] Installing image_subscriber script to /home/azraa/ros2_ws/install/my_py_pkg/lib/my_py_pkg
[2.346s] Installing image_subscriber_rt script to /home/azraa/ros2_ws/install/my_py_pkg/lib/my_py_pkg
[2.346s] Installing led_panel script to /home/azraa/ros2_ws/install/my_py_pkg/lib/my_py_pkg
[2.347s] Installing number_counter script to /home/azraa/ros2_ws/install/my_py_pkg/lib/my_py_pkg
[2.347s] Installing number_publisher script to /home/azraa/ros2_ws/install/my_py_pkg/lib/my_py_pkg
[2.347s] Installing py_node script to /home/azraa/ros2_ws/install/my_py_pkg/lib/my_py_pkg
[2.347s] Installing robot_news_station script to /home/azraa/ros2_ws/install/my_py_pkg/lib/my_py_pkg
[2.347s] Installing smartphone script to /home/azraa/ros2_ws/install/my_py_pkg/lib/my_py_pkg
[2.348s] writing list of installed files to '/home/azraa/ros2_ws/build/my_py_pkg/install.log'
[2.382s] Invoked command in '/home/azraa/ros2_ws/src/my_py_pkg' returned '0': PYTHONPATH=/home/azraa/ros2_ws/install/my_py_pkg/lib/python3.8/site-packages:${PYTHONPATH} /usr/bin/python3 setup.py egg_info --egg-base ../../build/my_py_pkg build --build-base /home/azraa/ros2_ws/build/my_py_pkg/build install --prefix /home/azraa/ros2_ws/install/my_py_pkg --record /home/azraa/ros2_ws/build/my_py_pkg/install.log --single-version-externally-managed
