-- Found ament_cmake: 0.9.9 (/opt/ros/foxy/share/ament_cmake/cmake)
-- Using PYTHON_EXECUTABLE: /usr/bin/python3
-- Override CMake install command with custom implementation using symlinks instead of copying resources
-- Configuring done
-- Generating done
-- Build files have been written to: /home/azraa/ros2_ws/build/my_robot_bringup
-- Install configuration: ""
-- Execute custom install script
-- Symlinking: /home/azraa/ros2_ws/install/my_robot_bringup/share/my_robot_bringup/launch/build/.built_by
-- Symlinking: /home/azraa/ros2_ws/install/my_robot_bringup/share/my_robot_bringup/launch/build/COLCON_IGNORE
-- Symlinking: /home/azraa/ros2_ws/install/my_robot_bringup/share/my_robot_bringup/launch/install/.colcon_install_layout
-- Symlinking: /home/azraa/ros2_ws/install/my_robot_bringup/share/my_robot_bringup/launch/install/COLCON_IGNORE
-- Symlinking: /home/azraa/ros2_ws/install/my_robot_bringup/share/my_robot_bringup/launch/install/_local_setup_util_ps1.py
-- Symlinking: /home/azraa/ros2_ws/install/my_robot_bringup/share/my_robot_bringup/launch/install/_local_setup_util_sh.py
-- Symlinking: /home/azraa/ros2_ws/install/my_robot_bringup/share/my_robot_bringup/launch/install/local_setup.bash
-- Symlinking: /home/azraa/ros2_ws/install/my_robot_bringup/share/my_robot_bringup/launch/install/local_setup.ps1
-- Symlinking: /home/azraa/ros2_ws/install/my_robot_bringup/share/my_robot_bringup/launch/install/local_setup.sh
-- Symlinking: /home/azraa/ros2_ws/install/my_robot_bringup/share/my_robot_bringup/launch/install/local_setup.zsh
-- Symlinking: /home/azraa/ros2_ws/install/my_robot_bringup/share/my_robot_bringup/launch/install/setup.bash
-- Symlinking: /home/azraa/ros2_ws/install/my_robot_bringup/share/my_robot_bringup/launch/install/setup.ps1
-- Symlinking: /home/azraa/ros2_ws/install/my_robot_bringup/share/my_robot_bringup/launch/install/setup.sh
-- Symlinking: /home/azraa/ros2_ws/install/my_robot_bringup/share/my_robot_bringup/launch/install/setup.zsh
-- Symlinking: /home/azraa/ros2_ws/install/my_robot_bringup/share/my_robot_bringup/launch/log/COLCON_IGNORE
-- Symlinking: /home/azraa/ros2_ws/install/my_robot_bringup/share/my_robot_bringup/launch/log/build_2022-07-08_10-54-06/events.log
-- Symlinking: /home/azraa/ros2_ws/install/my_robot_bringup/share/my_robot_bringup/launch/log/build_2022-07-08_10-54-06/logger_all.log
-- Symlinking: /home/azraa/ros2_ws/install/my_robot_bringup/share/my_robot_bringup/launch/log/latest/events.log
-- Symlinking: /home/azraa/ros2_ws/install/my_robot_bringup/share/my_robot_bringup/launch/log/latest/logger_all.log
-- Symlinking: /home/azraa/ros2_ws/install/my_robot_bringup/share/my_robot_bringup/launch/log/latest_build/events.log
-- Symlinking: /home/azraa/ros2_ws/install/my_robot_bringup/share/my_robot_bringup/launch/log/latest_build/logger_all.log
-- Up-to-date symlink: /home/azraa/ros2_ws/install/my_robot_bringup/share/my_robot_bringup/launch/number_app.launch.py
-- Symlinking: /home/azraa/ros2_ws/install/my_robot_bringup/share/my_robot_bringup/launch/robot_news_station.launch.py
-- Up-to-date symlink: /home/azraa/ros2_ws/install/my_robot_bringup/share/ament_index/resource_index/package_run_dependencies/my_robot_bringup
-- Up-to-date symlink: /home/azraa/ros2_ws/install/my_robot_bringup/share/ament_index/resource_index/parent_prefix_path/my_robot_bringup
-- Up-to-date symlink: /home/azraa/ros2_ws/install/my_robot_bringup/share/my_robot_bringup/environment/ament_prefix_path.sh
-- Up-to-date symlink: /home/azraa/ros2_ws/install/my_robot_bringup/share/my_robot_bringup/environment/ament_prefix_path.dsv
-- Up-to-date symlink: /home/azraa/ros2_ws/install/my_robot_bringup/share/my_robot_bringup/environment/path.sh
-- Up-to-date symlink: /home/azraa/ros2_ws/install/my_robot_bringup/share/my_robot_bringup/environment/path.dsv
-- Up-to-date symlink: /home/azraa/ros2_ws/install/my_robot_bringup/share/my_robot_bringup/local_setup.bash
-- Up-to-date symlink: /home/azraa/ros2_ws/install/my_robot_bringup/share/my_robot_bringup/local_setup.sh
-- Up-to-date symlink: /home/azraa/ros2_ws/install/my_robot_bringup/share/my_robot_bringup/local_setup.zsh
-- Up-to-date symlink: /home/azraa/ros2_ws/install/my_robot_bringup/share/my_robot_bringup/local_setup.dsv
-- Symlinking: /home/azraa/ros2_ws/install/my_robot_bringup/share/my_robot_bringup/package.dsv
-- Up-to-date symlink: /home/azraa/ros2_ws/install/my_robot_bringup/share/ament_index/resource_index/packages/my_robot_bringup
-- Up-to-date symlink: /home/azraa/ros2_ws/install/my_robot_bringup/share/my_robot_bringup/cmake/my_robot_bringupConfig.cmake
-- Up-to-date symlink: /home/azraa/ros2_ws/install/my_robot_bringup/share/my_robot_bringup/cmake/my_robot_bringupConfig-version.cmake
-- Up-to-date symlink: /home/azraa/ros2_ws/install/my_robot_bringup/share/my_robot_bringup/package.xml
